000 (4046621.709.000) 03/15 20:22:20 Job submitted from host: <192.168.1.109:9618?addrs=192.168.1.109-9618+[--1]-9618&noUDP&sock=3153_969b_4>
...
001 (4046621.709.000) 03/15 20:23:42 Job executing on host: <192.168.1.62:9618?addrs=192.168.1.62-9618+[--1]-9618&noUDP&sock=2992_c8ab_24>
...
006 (4046621.709.000) 03/15 20:23:43 Image size of job updated: 324
	0  -  MemoryUsage of job (MB)
	0  -  ResidentSetSize of job (KB)
...
005 (4046621.709.000) 03/15 20:23:55 Job terminated.
	(1) Normal termination (return value 1)
		Usr 0 00:00:00, Sys 0 00:00:00  -  Run Remote Usage
		Usr 0 00:00:00, Sys 0 00:00:00  -  Run Local Usage
		Usr 0 00:00:00, Sys 0 00:00:00  -  Total Remote Usage
		Usr 0 00:00:00, Sys 0 00:00:00  -  Total Local Usage
	0  -  Run Bytes Sent By Job
	0  -  Run Bytes Received By Job
	0  -  Total Bytes Sent By Job
	0  -  Total Bytes Received By Job
	Partitionable Resources :    Usage  Request Allocated
	   Cpus                 :                 1         1
	   Disk (KB)            :        2        2  22663504
	   Memory (MB)          :        0        1      4001
...
000 (4046640.709.000) 03/15 21:06:35 Job submitted from host: <192.168.1.109:9618?addrs=192.168.1.109-9618+[--1]-9618&noUDP&sock=3153_969b_4>
...
001 (4046640.709.000) 03/15 21:13:36 Job executing on host: <192.168.1.62:9618?addrs=192.168.1.62-9618+[--1]-9618&noUDP&sock=2992_c8ab_24>
...
006 (4046640.709.000) 03/15 21:13:44 Image size of job updated: 27076
	27  -  MemoryUsage of job (MB)
	26984  -  ResidentSetSize of job (KB)
...
006 (4046640.709.000) 03/15 21:18:44 Image size of job updated: 685604
	653  -  MemoryUsage of job (MB)
	668032  -  ResidentSetSize of job (KB)
...
005 (4046640.709.000) 03/15 21:20:21 Job terminated.
	(1) Normal termination (return value 0)
		Usr 0 00:00:39, Sys 0 00:00:05  -  Run Remote Usage
		Usr 0 00:00:00, Sys 0 00:00:00  -  Run Local Usage
		Usr 0 00:00:39, Sys 0 00:00:05  -  Total Remote Usage
		Usr 0 00:00:00, Sys 0 00:00:00  -  Total Local Usage
	0  -  Run Bytes Sent By Job
	0  -  Run Bytes Received By Job
	0  -  Total Bytes Sent By Job
	0  -  Total Bytes Received By Job
	Partitionable Resources :    Usage  Request Allocated
	   Cpus                 :                 1         1
	   Disk (KB)            :        2        2  22663505
	   Memory (MB)          :      653        1      4001
...
000 (4046671.709.000) 03/15 22:27:47 Job submitted from host: <192.168.1.109:9618?addrs=192.168.1.109-9618+[--1]-9618&noUDP&sock=3153_969b_4>
...
001 (4046671.709.000) 03/15 22:36:06 Job executing on host: <192.168.1.65:9618?addrs=192.168.1.65-9618+[--1]-9618&noUDP&sock=3515_344b_35>
...
006 (4046671.709.000) 03/15 22:36:15 Image size of job updated: 36004
	36  -  MemoryUsage of job (MB)
	36004  -  ResidentSetSize of job (KB)
...
005 (4046671.709.000) 03/15 22:39:19 Job terminated.
	(1) Normal termination (return value 0)
		Usr 0 00:00:48, Sys 0 00:00:06  -  Run Remote Usage
		Usr 0 00:00:00, Sys 0 00:00:00  -  Run Local Usage
		Usr 0 00:00:48, Sys 0 00:00:06  -  Total Remote Usage
		Usr 0 00:00:00, Sys 0 00:00:00  -  Total Local Usage
	0  -  Run Bytes Sent By Job
	0  -  Run Bytes Received By Job
	0  -  Total Bytes Sent By Job
	0  -  Total Bytes Received By Job
	Partitionable Resources :    Usage  Request Allocated
	   Cpus                 :                 1         1
	   Disk (KB)            :        2        2  22684044
	   Memory (MB)          :       36        1      4015
...
000 (4046674.709.000) 03/15 23:56:10 Job submitted from host: <192.168.1.109:9618?addrs=192.168.1.109-9618+[--1]-9618&noUDP&sock=3153_969b_4>
...
009 (4046674.709.000) 03/16 00:49:24 Job was aborted by the user.
	via condor_rm (by user routray)
...
000 (4047692.709.000) 03/16 09:41:52 Job submitted from host: <192.168.1.109:9618?addrs=192.168.1.109-9618+[--1]-9618&noUDP&sock=3153_969b_4>
...
001 (4047692.709.000) 03/16 09:54:30 Job executing on host: <192.168.1.57:9618?addrs=192.168.1.57-9618+[--1]-9618&noUDP&sock=3323_d284_32>
...
006 (4047692.709.000) 03/16 09:54:38 Image size of job updated: 56900
	55  -  MemoryUsage of job (MB)
	55568  -  ResidentSetSize of job (KB)
...
005 (4047692.709.000) 03/16 09:57:10 Job terminated.
	(1) Normal termination (return value 0)
		Usr 0 00:00:20, Sys 0 00:00:04  -  Run Remote Usage
		Usr 0 00:00:00, Sys 0 00:00:00  -  Run Local Usage
		Usr 0 00:00:20, Sys 0 00:00:04  -  Total Remote Usage
		Usr 0 00:00:00, Sys 0 00:00:00  -  Total Local Usage
	0  -  Run Bytes Sent By Job
	0  -  Run Bytes Received By Job
	0  -  Total Bytes Sent By Job
	0  -  Total Bytes Received By Job
	Partitionable Resources :    Usage  Request Allocated
	   Cpus                 :                 1         1
	   Disk (KB)            :        2        2  22661171
	   Memory (MB)          :       55        1      4001
...
000 (4047694.709.000) 03/16 10:18:57 Job submitted from host: <192.168.1.109:9618?addrs=192.168.1.109-9618+[--1]-9618&noUDP&sock=3153_969b_4>
...
001 (4047694.709.000) 03/16 10:20:28 Job executing on host: <192.168.1.41:9618?addrs=192.168.1.41-9618+[--1]-9618&noUDP&sock=3368_a17e_3>
...
006 (4047694.709.000) 03/16 10:20:29 Image size of job updated: 4676
	0  -  MemoryUsage of job (MB)
	0  -  ResidentSetSize of job (KB)
...
005 (4047694.709.000) 03/16 10:20:37 Job terminated.
	(1) Normal termination (return value 1)
		Usr 0 00:00:00, Sys 0 00:00:00  -  Run Remote Usage
		Usr 0 00:00:00, Sys 0 00:00:00  -  Run Local Usage
		Usr 0 00:00:00, Sys 0 00:00:00  -  Total Remote Usage
		Usr 0 00:00:00, Sys 0 00:00:00  -  Total Local Usage
	0  -  Run Bytes Sent By Job
	0  -  Run Bytes Received By Job
	0  -  Total Bytes Sent By Job
	0  -  Total Bytes Received By Job
	Partitionable Resources :    Usage  Request Allocated
	   Cpus                 :                 1         1
	   Disk (KB)            :        2        2  20458618
	   Memory (MB)          :        0        1      4022
...
000 (4047695.709.000) 03/16 10:31:36 Job submitted from host: <192.168.1.109:9618?addrs=192.168.1.109-9618+[--1]-9618&noUDP&sock=3153_969b_4>
...
001 (4047695.709.000) 03/16 10:38:04 Job executing on host: <192.168.1.65:9618?addrs=192.168.1.65-9618+[--1]-9618&noUDP&sock=3515_344b_35>
...
006 (4047695.709.000) 03/16 10:38:12 Image size of job updated: 17316
	17  -  MemoryUsage of job (MB)
	16876  -  ResidentSetSize of job (KB)
...
006 (4047695.709.000) 03/16 10:43:12 Image size of job updated: 540324
	526  -  MemoryUsage of job (MB)
	537800  -  ResidentSetSize of job (KB)
...
006 (4047695.709.000) 03/16 10:44:32 Image size of job updated: 540324
	526  -  MemoryUsage of job (MB)
	537932  -  ResidentSetSize of job (KB)
...
005 (4047695.709.000) 03/16 10:44:33 Job terminated.
	(1) Normal termination (return value 0)
		Usr 0 00:00:43, Sys 0 00:00:06  -  Run Remote Usage
		Usr 0 00:00:00, Sys 0 00:00:00  -  Run Local Usage
		Usr 0 00:00:43, Sys 0 00:00:06  -  Total Remote Usage
		Usr 0 00:00:00, Sys 0 00:00:00  -  Total Local Usage
	0  -  Run Bytes Sent By Job
	0  -  Run Bytes Received By Job
	0  -  Total Bytes Sent By Job
	0  -  Total Bytes Received By Job
	Partitionable Resources :    Usage  Request Allocated
	   Cpus                 :                 1         1
	   Disk (KB)            :        2        2  22684044
	   Memory (MB)          :      526        1      4015
...
000 (4048296.709.000) 03/16 11:27:06 Job submitted from host: <192.168.1.109:9618?addrs=192.168.1.109-9618+[--1]-9618&noUDP&sock=3153_969b_4>
...
009 (4048296.709.000) 03/16 11:27:59 Job was aborted by the user.
	via condor_rm (by user routray)
...
000 (4048297.709.000) 03/16 11:29:03 Job submitted from host: <192.168.1.109:9618?addrs=192.168.1.109-9618+[--1]-9618&noUDP&sock=3153_969b_4>
...
009 (4048297.709.000) 03/16 11:30:13 Job was aborted by the user.
	via condor_rm (by user routray)
...
