000 (4046621.1757.000) 03/15 20:22:31 Job submitted from host: <192.168.1.109:9618?addrs=192.168.1.109-9618+[--1]-9618&noUDP&sock=3153_969b_4>
...
009 (4046621.1757.000) 03/15 20:25:11 Job was aborted by the user.
	via condor_rm (by user routray)
...
000 (4046640.1757.000) 03/15 21:06:39 Job submitted from host: <192.168.1.109:9618?addrs=192.168.1.109-9618+[--1]-9618&noUDP&sock=3153_969b_4>
...
001 (4046640.1757.000) 03/15 21:21:29 Job executing on host: <192.168.1.51:9618?addrs=192.168.1.51-9618+[--1]-9618&noUDP&sock=3125_b25b_3>
...
006 (4046640.1757.000) 03/15 21:21:39 Image size of job updated: 95668
	91  -  MemoryUsage of job (MB)
	92740  -  ResidentSetSize of job (KB)
...
006 (4046640.1757.000) 03/15 21:26:39 Image size of job updated: 788340
	770  -  MemoryUsage of job (MB)
	788128  -  ResidentSetSize of job (KB)
...
006 (4046640.1757.000) 03/15 21:27:09 Image size of job updated: 1363760
	770  -  MemoryUsage of job (MB)
	788128  -  ResidentSetSize of job (KB)
...
005 (4046640.1757.000) 03/15 21:27:09 Job terminated.
	(1) Normal termination (return value 0)
		Usr 0 00:00:23, Sys 0 00:00:04  -  Run Remote Usage
		Usr 0 00:00:00, Sys 0 00:00:00  -  Run Local Usage
		Usr 0 00:00:23, Sys 0 00:00:04  -  Total Remote Usage
		Usr 0 00:00:00, Sys 0 00:00:00  -  Total Local Usage
	0  -  Run Bytes Sent By Job
	0  -  Run Bytes Received By Job
	0  -  Total Bytes Sent By Job
	0  -  Total Bytes Received By Job
	Partitionable Resources :    Usage  Request Allocated
	   Cpus                 :                 1         1
	   Disk (KB)            :        2        2  28494197
	   Memory (MB)          :      770        1      4020
...
000 (4046674.1757.000) 03/15 23:56:14 Job submitted from host: <192.168.1.109:9618?addrs=192.168.1.109-9618+[--1]-9618&noUDP&sock=3153_969b_4>
...
009 (4046674.1757.000) 03/16 00:49:31 Job was aborted by the user.
	via condor_rm (by user routray)
...
000 (4047692.1757.000) 03/16 09:42:00 Job submitted from host: <192.168.1.109:9618?addrs=192.168.1.109-9618+[--1]-9618&noUDP&sock=3153_969b_4>
...
001 (4047692.1757.000) 03/16 10:04:46 Job executing on host: <192.168.1.65:9618?addrs=192.168.1.65-9618+[--1]-9618&noUDP&sock=3515_344b_35>
...
006 (4047692.1757.000) 03/16 10:04:54 Image size of job updated: 43704
	43  -  MemoryUsage of job (MB)
	43344  -  ResidentSetSize of job (KB)
...
006 (4047692.1757.000) 03/16 10:09:54 Image size of job updated: 707052
	687  -  MemoryUsage of job (MB)
	703036  -  ResidentSetSize of job (KB)
...
005 (4047692.1757.000) 03/16 10:12:05 Job terminated.
	(1) Normal termination (return value 0)
		Usr 0 00:00:22, Sys 0 00:00:04  -  Run Remote Usage
		Usr 0 00:00:00, Sys 0 00:00:00  -  Run Local Usage
		Usr 0 00:00:22, Sys 0 00:00:04  -  Total Remote Usage
		Usr 0 00:00:00, Sys 0 00:00:00  -  Total Local Usage
	0  -  Run Bytes Sent By Job
	0  -  Run Bytes Received By Job
	0  -  Total Bytes Sent By Job
	0  -  Total Bytes Received By Job
	Partitionable Resources :    Usage  Request Allocated
	   Cpus                 :                 1         1
	   Disk (KB)            :        2        2  22684044
	   Memory (MB)          :      687        1      4015
...
000 (4047694.1757.000) 03/16 10:19:03 Job submitted from host: <192.168.1.109:9618?addrs=192.168.1.109-9618+[--1]-9618&noUDP&sock=3153_969b_4>
...
001 (4047694.1757.000) 03/16 10:21:10 Job executing on host: <192.168.1.41:9618?addrs=192.168.1.41-9618+[--1]-9618&noUDP&sock=3368_a17e_3>
...
006 (4047694.1757.000) 03/16 10:21:12 Image size of job updated: 1368
	0  -  MemoryUsage of job (MB)
	0  -  ResidentSetSize of job (KB)
...
005 (4047694.1757.000) 03/16 10:21:19 Job terminated.
	(1) Normal termination (return value 1)
		Usr 0 00:00:00, Sys 0 00:00:00  -  Run Remote Usage
		Usr 0 00:00:00, Sys 0 00:00:00  -  Run Local Usage
		Usr 0 00:00:00, Sys 0 00:00:00  -  Total Remote Usage
		Usr 0 00:00:00, Sys 0 00:00:00  -  Total Local Usage
	0  -  Run Bytes Sent By Job
	0  -  Run Bytes Received By Job
	0  -  Total Bytes Sent By Job
	0  -  Total Bytes Received By Job
	Partitionable Resources :    Usage  Request Allocated
	   Cpus                 :                 1         1
	   Disk (KB)            :        2        2  20458618
	   Memory (MB)          :        0        1      4022
...
000 (4047695.1757.000) 03/16 10:31:42 Job submitted from host: <192.168.1.109:9618?addrs=192.168.1.109-9618+[--1]-9618&noUDP&sock=3153_969b_4>
...
001 (4047695.1757.000) 03/16 10:45:12 Job executing on host: <192.168.1.43:9618?addrs=192.168.1.43-9618+[--1]-9618&noUDP&sock=3360_24bc_3>
...
006 (4047695.1757.000) 03/16 10:45:21 Image size of job updated: 33308
	33  -  MemoryUsage of job (MB)
	33288  -  ResidentSetSize of job (KB)
...
006 (4047695.1757.000) 03/16 10:50:22 Image size of job updated: 620320
	603  -  MemoryUsage of job (MB)
	616880  -  ResidentSetSize of job (KB)
...
006 (4047695.1757.000) 03/16 10:51:32 Image size of job updated: 1363768
	603  -  MemoryUsage of job (MB)
	616880  -  ResidentSetSize of job (KB)
...
005 (4047695.1757.000) 03/16 10:51:35 Job terminated.
	(1) Normal termination (return value 0)
		Usr 0 00:00:33, Sys 0 00:00:07  -  Run Remote Usage
		Usr 0 00:00:00, Sys 0 00:00:00  -  Run Local Usage
		Usr 0 00:00:33, Sys 0 00:00:07  -  Total Remote Usage
		Usr 0 00:00:00, Sys 0 00:00:00  -  Total Local Usage
	0  -  Run Bytes Sent By Job
	0  -  Run Bytes Received By Job
	0  -  Total Bytes Sent By Job
	0  -  Total Bytes Received By Job
	Partitionable Resources :    Usage  Request Allocated
	   Cpus                 :                 1         1
	   Disk (KB)            :        2        2  20458451
	   Memory (MB)          :      603        1      4022
...
000 (4048296.1757.000) 03/16 11:27:12 Job submitted from host: <192.168.1.109:9618?addrs=192.168.1.109-9618+[--1]-9618&noUDP&sock=3153_969b_4>
...
009 (4048296.1757.000) 03/16 11:28:07 Job was aborted by the user.
	via condor_rm (by user routray)
...
