000 (4046621.2248.000) 03/15 20:22:35 Job submitted from host: <192.168.1.109:9618?addrs=192.168.1.109-9618+[--1]-9618&noUDP&sock=3153_969b_4>
...
009 (4046621.2248.000) 03/15 20:25:14 Job was aborted by the user.
	via condor_rm (by user routray)
...
000 (4046640.2248.000) 03/15 21:06:41 Job submitted from host: <192.168.1.109:9618?addrs=192.168.1.109-9618+[--1]-9618&noUDP&sock=3153_969b_4>
...
001 (4046640.2248.000) 03/15 21:28:12 Job executing on host: <192.168.1.43:9618?addrs=192.168.1.43-9618+[--1]-9618&noUDP&sock=3360_24bc_3>
...
006 (4046640.2248.000) 03/15 21:28:20 Image size of job updated: 51780
	51  -  MemoryUsage of job (MB)
	51700  -  ResidentSetSize of job (KB)
...
006 (4046640.2248.000) 03/15 21:33:20 Image size of job updated: 784684
	767  -  MemoryUsage of job (MB)
	784656  -  ResidentSetSize of job (KB)
...
005 (4046640.2248.000) 03/15 21:34:06 Job terminated.
	(1) Normal termination (return value 0)
		Usr 0 00:00:32, Sys 0 00:00:07  -  Run Remote Usage
		Usr 0 00:00:00, Sys 0 00:00:00  -  Run Local Usage
		Usr 0 00:00:32, Sys 0 00:00:07  -  Total Remote Usage
		Usr 0 00:00:00, Sys 0 00:00:00  -  Total Local Usage
	0  -  Run Bytes Sent By Job
	0  -  Run Bytes Received By Job
	0  -  Total Bytes Sent By Job
	0  -  Total Bytes Received By Job
	Partitionable Resources :    Usage  Request Allocated
	   Cpus                 :                 1         1
	   Disk (KB)            :        2        2  20458450
	   Memory (MB)          :      767        1      4022
...
000 (4047694.2248.000) 03/16 10:19:07 Job submitted from host: <192.168.1.109:9618?addrs=192.168.1.109-9618+[--1]-9618&noUDP&sock=3153_969b_4>
...
001 (4047694.2248.000) 03/16 10:21:45 Job executing on host: <192.168.1.46:9618?addrs=192.168.1.46-9618+[--1]-9618&noUDP&sock=3272_2797_3>
...
006 (4047694.2248.000) 03/16 10:21:46 Image size of job updated: 125408
	0  -  MemoryUsage of job (MB)
	0  -  ResidentSetSize of job (KB)
...
005 (4047694.2248.000) 03/16 10:21:51 Job terminated.
	(1) Normal termination (return value 1)
		Usr 0 00:00:00, Sys 0 00:00:00  -  Run Remote Usage
		Usr 0 00:00:00, Sys 0 00:00:00  -  Run Local Usage
		Usr 0 00:00:00, Sys 0 00:00:00  -  Total Remote Usage
		Usr 0 00:00:00, Sys 0 00:00:00  -  Total Local Usage
	0  -  Run Bytes Sent By Job
	0  -  Run Bytes Received By Job
	0  -  Total Bytes Sent By Job
	0  -  Total Bytes Received By Job
	Partitionable Resources :    Usage  Request Allocated
	   Cpus                 :                 1         1
	   Disk (KB)            :        2        2  20459164
	   Memory (MB)          :        0        1      4022
...
000 (4047695.2248.000) 03/16 10:31:44 Job submitted from host: <192.168.1.109:9618?addrs=192.168.1.109-9618+[--1]-9618&noUDP&sock=3153_969b_4>
...
001 (4047695.2248.000) 03/16 10:51:19 Job executing on host: <192.168.1.40:9618?addrs=192.168.1.40-9618+[--1]-9618&noUDP&sock=3366_a17e_3>
...
006 (4047695.2248.000) 03/16 10:51:28 Image size of job updated: 26380
	26  -  MemoryUsage of job (MB)
	26380  -  ResidentSetSize of job (KB)
...
006 (4047695.2248.000) 03/16 10:56:29 Image size of job updated: 648376
	633  -  MemoryUsage of job (MB)
	647636  -  ResidentSetSize of job (KB)
...
006 (4047695.2248.000) 03/16 10:57:15 Image size of job updated: 1363768
	633  -  MemoryUsage of job (MB)
	647636  -  ResidentSetSize of job (KB)
...
005 (4047695.2248.000) 03/16 10:57:15 Job terminated.
	(1) Normal termination (return value 0)
		Usr 0 00:00:32, Sys 0 00:00:08  -  Run Remote Usage
		Usr 0 00:00:00, Sys 0 00:00:00  -  Run Local Usage
		Usr 0 00:00:32, Sys 0 00:00:08  -  Total Remote Usage
		Usr 0 00:00:00, Sys 0 00:00:00  -  Total Local Usage
	0  -  Run Bytes Sent By Job
	0  -  Run Bytes Received By Job
	0  -  Total Bytes Sent By Job
	0  -  Total Bytes Received By Job
	Partitionable Resources :    Usage  Request Allocated
	   Cpus                 :                 1         1
	   Disk (KB)            :        2        2  20457847
	   Memory (MB)          :      633        1      4022
...
000 (4048296.2248.000) 03/16 11:27:15 Job submitted from host: <192.168.1.109:9618?addrs=192.168.1.109-9618+[--1]-9618&noUDP&sock=3153_969b_4>
...
009 (4048296.2248.000) 03/16 11:28:11 Job was aborted by the user.
	via condor_rm (by user routray)
...
