000 (4046621.1516.000) 03/15 20:22:29 Job submitted from host: <192.168.1.109:9618?addrs=192.168.1.109-9618+[--1]-9618&noUDP&sock=3153_969b_4>
...
009 (4046621.1516.000) 03/15 20:25:09 Job was aborted by the user.
	via condor_rm (by user routray)
...
000 (4046640.1516.000) 03/15 21:06:38 Job submitted from host: <192.168.1.109:9618?addrs=192.168.1.109-9618+[--1]-9618&noUDP&sock=3153_969b_4>
...
001 (4046640.1516.000) 03/15 21:21:14 Job executing on host: <192.168.1.50:9618?addrs=192.168.1.50-9618+[--1]-9618&noUDP&sock=3247_5221_3>
...
006 (4046640.1516.000) 03/15 21:21:23 Image size of job updated: 28560
	28  -  MemoryUsage of job (MB)
	28552  -  ResidentSetSize of job (KB)
...
006 (4046640.1516.000) 03/15 21:26:24 Image size of job updated: 675304
	657  -  MemoryUsage of job (MB)
	672632  -  ResidentSetSize of job (KB)
...
006 (4046640.1516.000) 03/15 21:27:21 Image size of job updated: 1363768
	657  -  MemoryUsage of job (MB)
	672632  -  ResidentSetSize of job (KB)
...
005 (4046640.1516.000) 03/15 21:27:22 Job terminated.
	(1) Normal termination (return value 0)
		Usr 0 00:00:31, Sys 0 00:00:06  -  Run Remote Usage
		Usr 0 00:00:00, Sys 0 00:00:00  -  Run Local Usage
		Usr 0 00:00:31, Sys 0 00:00:06  -  Total Remote Usage
		Usr 0 00:00:00, Sys 0 00:00:00  -  Total Local Usage
	0  -  Run Bytes Sent By Job
	0  -  Run Bytes Received By Job
	0  -  Total Bytes Sent By Job
	0  -  Total Bytes Received By Job
	Partitionable Resources :    Usage  Request Allocated
	   Cpus                 :                 1         1
	   Disk (KB)            :        2        2  28493273
	   Memory (MB)          :      657        1      4020
...
000 (4046674.1516.000) 03/15 23:56:13 Job submitted from host: <192.168.1.109:9618?addrs=192.168.1.109-9618+[--1]-9618&noUDP&sock=3153_969b_4>
...
009 (4046674.1516.000) 03/16 00:49:29 Job was aborted by the user.
	via condor_rm (by user routray)
...
000 (4047692.1516.000) 03/16 09:41:59 Job submitted from host: <192.168.1.109:9618?addrs=192.168.1.109-9618+[--1]-9618&noUDP&sock=3153_969b_4>
...
001 (4047692.1516.000) 03/16 10:04:27 Job executing on host: <192.168.1.45:9618?addrs=192.168.1.45-9618+[--1]-9618&noUDP&sock=3341_bd3f_3>
...
006 (4047692.1516.000) 03/16 10:04:36 Image size of job updated: 50436
	48  -  MemoryUsage of job (MB)
	48792  -  ResidentSetSize of job (KB)
...
006 (4047692.1516.000) 03/16 10:09:37 Image size of job updated: 694324
	678  -  MemoryUsage of job (MB)
	693472  -  ResidentSetSize of job (KB)
...
005 (4047692.1516.000) 03/16 10:12:20 Job terminated.
	(1) Normal termination (return value 0)
		Usr 0 00:00:18, Sys 0 00:00:05  -  Run Remote Usage
		Usr 0 00:00:00, Sys 0 00:00:00  -  Run Local Usage
		Usr 0 00:00:18, Sys 0 00:00:05  -  Total Remote Usage
		Usr 0 00:00:00, Sys 0 00:00:00  -  Total Local Usage
	0  -  Run Bytes Sent By Job
	0  -  Run Bytes Received By Job
	0  -  Total Bytes Sent By Job
	0  -  Total Bytes Received By Job
	Partitionable Resources :    Usage  Request Allocated
	   Cpus                 :                 1         1
	   Disk (KB)            :        2        2  20460088
	   Memory (MB)          :      678        1      4022
...
000 (4047694.1516.000) 03/16 10:19:02 Job submitted from host: <192.168.1.109:9618?addrs=192.168.1.109-9618+[--1]-9618&noUDP&sock=3153_969b_4>
...
001 (4047694.1516.000) 03/16 10:20:51 Job executing on host: <192.168.1.66:9618?addrs=192.168.1.66-9618+[--1]-9618&noUDP&sock=3560_0345_33>
...
006 (4047694.1516.000) 03/16 10:20:53 Image size of job updated: 79016
	0  -  MemoryUsage of job (MB)
	0  -  ResidentSetSize of job (KB)
...
005 (4047694.1516.000) 03/16 10:21:12 Job terminated.
	(1) Normal termination (return value 1)
		Usr 0 00:00:00, Sys 0 00:00:00  -  Run Remote Usage
		Usr 0 00:00:00, Sys 0 00:00:00  -  Run Local Usage
		Usr 0 00:00:00, Sys 0 00:00:00  -  Total Remote Usage
		Usr 0 00:00:00, Sys 0 00:00:00  -  Total Local Usage
	0  -  Run Bytes Sent By Job
	0  -  Run Bytes Received By Job
	0  -  Total Bytes Sent By Job
	0  -  Total Bytes Received By Job
	Partitionable Resources :    Usage  Request Allocated
	   Cpus                 :                 1         1
	   Disk (KB)            :        2        2  22684277
	   Memory (MB)          :        0        1      4015
...
000 (4047695.1516.000) 03/16 10:31:40 Job submitted from host: <192.168.1.109:9618?addrs=192.168.1.109-9618+[--1]-9618&noUDP&sock=3153_969b_4>
...
001 (4047695.1516.000) 03/16 10:44:48 Job executing on host: <192.168.1.49:9618?addrs=192.168.1.49-9618+[--1]-9618&noUDP&sock=3240_e427_3>
...
006 (4047695.1516.000) 03/16 10:44:58 Image size of job updated: 34492
	25  -  MemoryUsage of job (MB)
	24712  -  ResidentSetSize of job (KB)
...
006 (4047695.1516.000) 03/16 10:49:58 Image size of job updated: 663180
	644  -  MemoryUsage of job (MB)
	659404  -  ResidentSetSize of job (KB)
...
005 (4047695.1516.000) 03/16 10:51:03 Job terminated.
	(1) Normal termination (return value 0)
		Usr 0 00:00:31, Sys 0 00:00:06  -  Run Remote Usage
		Usr 0 00:00:00, Sys 0 00:00:00  -  Run Local Usage
		Usr 0 00:00:31, Sys 0 00:00:06  -  Total Remote Usage
		Usr 0 00:00:00, Sys 0 00:00:00  -  Total Local Usage
	0  -  Run Bytes Sent By Job
	0  -  Run Bytes Received By Job
	0  -  Total Bytes Sent By Job
	0  -  Total Bytes Received By Job
	Partitionable Resources :    Usage  Request Allocated
	   Cpus                 :                 1         1
	   Disk (KB)            :        2        2  28491601
	   Memory (MB)          :      644        1      4020
...
000 (4048296.1516.000) 03/16 11:27:10 Job submitted from host: <192.168.1.109:9618?addrs=192.168.1.109-9618+[--1]-9618&noUDP&sock=3153_969b_4>
...
009 (4048296.1516.000) 03/16 11:28:05 Job was aborted by the user.
	via condor_rm (by user routray)
...
