000 (4046621.324.000) 03/15 20:22:16 Job submitted from host: <192.168.1.109:9618?addrs=192.168.1.109-9618+[--1]-9618&noUDP&sock=3153_969b_4>
...
001 (4046621.324.000) 03/15 20:24:09 Job executing on host: <192.168.1.44:9618?addrs=192.168.1.44-9618+[--1]-9618&noUDP&sock=3035_ca7b_3>
...
006 (4046621.324.000) 03/15 20:24:10 Image size of job updated: 1236
	0  -  MemoryUsage of job (MB)
	0  -  ResidentSetSize of job (KB)
...
005 (4046621.324.000) 03/15 20:24:15 Job terminated.
	(1) Normal termination (return value 1)
		Usr 0 00:00:00, Sys 0 00:00:00  -  Run Remote Usage
		Usr 0 00:00:00, Sys 0 00:00:00  -  Run Local Usage
		Usr 0 00:00:00, Sys 0 00:00:00  -  Total Remote Usage
		Usr 0 00:00:00, Sys 0 00:00:00  -  Total Local Usage
	0  -  Run Bytes Sent By Job
	0  -  Run Bytes Received By Job
	0  -  Total Bytes Sent By Job
	0  -  Total Bytes Received By Job
	Partitionable Resources :    Usage  Request Allocated
	   Cpus                 :                 1         1
	   Disk (KB)            :        2        2  20458817
	   Memory (MB)          :        0        1      4022
...
009 (4046621.324.000) 03/15 20:24:52 Job was aborted by the user.
	via condor_rm (by user routray)
...
000 (4046640.324.000) 03/15 21:06:33 Job submitted from host: <192.168.1.109:9618?addrs=192.168.1.109-9618+[--1]-9618&noUDP&sock=3153_969b_4>
...
001 (4046640.324.000) 03/15 21:07:30 Job executing on host: <192.168.1.43:9618?addrs=192.168.1.43-9618+[--1]-9618&noUDP&sock=3360_24bc_3>
...
006 (4046640.324.000) 03/15 21:07:38 Image size of job updated: 49320
	49  -  MemoryUsage of job (MB)
	49308  -  ResidentSetSize of job (KB)
...
006 (4046640.324.000) 03/15 21:12:38 Image size of job updated: 703352
	687  -  MemoryUsage of job (MB)
	703352  -  ResidentSetSize of job (KB)
...
006 (4046640.324.000) 03/15 21:13:57 Image size of job updated: 725564
	687  -  MemoryUsage of job (MB)
	703352  -  ResidentSetSize of job (KB)
...
005 (4046640.324.000) 03/15 21:14:00 Job terminated.
	(1) Normal termination (return value 0)
		Usr 0 00:00:24, Sys 0 00:00:05  -  Run Remote Usage
		Usr 0 00:00:00, Sys 0 00:00:00  -  Run Local Usage
		Usr 0 00:00:24, Sys 0 00:00:05  -  Total Remote Usage
		Usr 0 00:00:00, Sys 0 00:00:00  -  Total Local Usage
	0  -  Run Bytes Sent By Job
	0  -  Run Bytes Received By Job
	0  -  Total Bytes Sent By Job
	0  -  Total Bytes Received By Job
	Partitionable Resources :    Usage  Request Allocated
	   Cpus                 :                 1         1
	   Disk (KB)            :        2        2  20458450
	   Memory (MB)          :      687        1      4022
...
000 (4046671.324.000) 03/15 22:27:46 Job submitted from host: <192.168.1.109:9618?addrs=192.168.1.109-9618+[--1]-9618&noUDP&sock=3153_969b_4>
...
001 (4046671.324.000) 03/15 22:28:24 Job executing on host: <192.168.1.47:9618?addrs=192.168.1.47-9618+[--1]-9618&noUDP&sock=3245_a288_3>
...
006 (4046671.324.000) 03/15 22:28:32 Image size of job updated: 50312
	50  -  MemoryUsage of job (MB)
	50280  -  ResidentSetSize of job (KB)
...
006 (4046671.324.000) 03/15 22:33:32 Image size of job updated: 698584
	682  -  MemoryUsage of job (MB)
	698108  -  ResidentSetSize of job (KB)
...
005 (4046671.324.000) 03/15 22:38:05 Job terminated.
	(1) Normal termination (return value 0)
		Usr 0 00:00:30, Sys 0 00:00:06  -  Run Remote Usage
		Usr 0 00:00:00, Sys 0 00:00:00  -  Run Local Usage
		Usr 0 00:00:30, Sys 0 00:00:06  -  Total Remote Usage
		Usr 0 00:00:00, Sys 0 00:00:00  -  Total Local Usage
	0  -  Run Bytes Sent By Job
	0  -  Run Bytes Received By Job
	0  -  Total Bytes Sent By Job
	0  -  Total Bytes Received By Job
	Partitionable Resources :    Usage  Request Allocated
	   Cpus                 :                 1         1
	   Disk (KB)            :        2        2  28493856
	   Memory (MB)          :      682        1      4020
...
000 (4046674.324.000) 03/15 23:56:08 Job submitted from host: <192.168.1.109:9618?addrs=192.168.1.109-9618+[--1]-9618&noUDP&sock=3153_969b_4>
...
009 (4046674.324.000) 03/16 00:49:21 Job was aborted by the user.
	via condor_rm (by user routray)
...
000 (4047692.324.000) 03/16 09:41:48 Job submitted from host: <192.168.1.109:9618?addrs=192.168.1.109-9618+[--1]-9618&noUDP&sock=3153_969b_4>
...
001 (4047692.324.000) 03/16 09:42:35 Job executing on host: <192.168.1.42:9618?addrs=192.168.1.42-9618+[--1]-9618&noUDP&sock=3360_3385_3>
...
006 (4047692.324.000) 03/16 09:42:43 Image size of job updated: 49856
	49  -  MemoryUsage of job (MB)
	49784  -  ResidentSetSize of job (KB)
...
006 (4047692.324.000) 03/16 09:47:43 Image size of job updated: 449468
	433  -  MemoryUsage of job (MB)
	442692  -  ResidentSetSize of job (KB)
...
006 (4047692.324.000) 03/16 09:52:44 Image size of job updated: 691104
	669  -  MemoryUsage of job (MB)
	684264  -  ResidentSetSize of job (KB)
...
005 (4047692.324.000) 03/16 09:54:35 Job terminated.
	(1) Normal termination (return value 0)
		Usr 0 00:00:22, Sys 0 00:00:07  -  Run Remote Usage
		Usr 0 00:00:00, Sys 0 00:00:00  -  Run Local Usage
		Usr 0 00:00:22, Sys 0 00:00:07  -  Total Remote Usage
		Usr 0 00:00:00, Sys 0 00:00:00  -  Total Local Usage
	0  -  Run Bytes Sent By Job
	0  -  Run Bytes Received By Job
	0  -  Total Bytes Sent By Job
	0  -  Total Bytes Received By Job
	Partitionable Resources :    Usage  Request Allocated
	   Cpus                 :                 1         1
	   Disk (KB)            :        2        2  20458262
	   Memory (MB)          :      669        1      4022
...
000 (4047694.324.000) 03/16 10:18:55 Job submitted from host: <192.168.1.109:9618?addrs=192.168.1.109-9618+[--1]-9618&noUDP&sock=3153_969b_4>
...
001 (4047694.324.000) 03/16 10:19:36 Job executing on host: <192.168.1.42:9618?addrs=192.168.1.42-9618+[--1]-9618&noUDP&sock=3360_3385_3>
...
006 (4047694.324.000) 03/16 10:19:38 Image size of job updated: 119108
	0  -  MemoryUsage of job (MB)
	0  -  ResidentSetSize of job (KB)
...
005 (4047694.324.000) 03/16 10:19:41 Job terminated.
	(1) Normal termination (return value 1)
		Usr 0 00:00:00, Sys 0 00:00:00  -  Run Remote Usage
		Usr 0 00:00:00, Sys 0 00:00:00  -  Run Local Usage
		Usr 0 00:00:00, Sys 0 00:00:00  -  Total Remote Usage
		Usr 0 00:00:00, Sys 0 00:00:00  -  Total Local Usage
	0  -  Run Bytes Sent By Job
	0  -  Run Bytes Received By Job
	0  -  Total Bytes Sent By Job
	0  -  Total Bytes Received By Job
	Partitionable Resources :    Usage  Request Allocated
	   Cpus                 :                 1         1
	   Disk (KB)            :        2        2  20458262
	   Memory (MB)          :        0        1      4022
...
000 (4047695.324.000) 03/16 10:31:34 Job submitted from host: <192.168.1.109:9618?addrs=192.168.1.109-9618+[--1]-9618&noUDP&sock=3153_969b_4>
...
001 (4047695.324.000) 03/16 10:32:27 Job executing on host: <192.168.1.42:9618?addrs=192.168.1.42-9618+[--1]-9618&noUDP&sock=3360_3385_3>
...
006 (4047695.324.000) 03/16 10:32:35 Image size of job updated: 52416
	52  -  MemoryUsage of job (MB)
	52376  -  ResidentSetSize of job (KB)
...
006 (4047695.324.000) 03/16 10:37:35 Image size of job updated: 692828
	677  -  MemoryUsage of job (MB)
	692624  -  ResidentSetSize of job (KB)
...
006 (4047695.324.000) 03/16 10:38:38 Image size of job updated: 1363772
	677  -  MemoryUsage of job (MB)
	692624  -  ResidentSetSize of job (KB)
...
005 (4047695.324.000) 03/16 10:38:39 Job terminated.
	(1) Normal termination (return value 0)
		Usr 0 00:00:24, Sys 0 00:00:05  -  Run Remote Usage
		Usr 0 00:00:00, Sys 0 00:00:00  -  Run Local Usage
		Usr 0 00:00:24, Sys 0 00:00:05  -  Total Remote Usage
		Usr 0 00:00:00, Sys 0 00:00:00  -  Total Local Usage
	0  -  Run Bytes Sent By Job
	0  -  Run Bytes Received By Job
	0  -  Total Bytes Sent By Job
	0  -  Total Bytes Received By Job
	Partitionable Resources :    Usage  Request Allocated
	   Cpus                 :                 1         1
	   Disk (KB)            :        2        2  20458261
	   Memory (MB)          :      677        1      4022
...
000 (4048296.324.000) 03/16 11:27:03 Job submitted from host: <192.168.1.109:9618?addrs=192.168.1.109-9618+[--1]-9618&noUDP&sock=3153_969b_4>
...
009 (4048296.324.000) 03/16 11:27:55 Job was aborted by the user.
	via condor_rm (by user routray)
...
000 (4048297.324.000) 03/16 11:29:00 Job submitted from host: <192.168.1.109:9618?addrs=192.168.1.109-9618+[--1]-9618&noUDP&sock=3153_969b_4>
...
009 (4048297.324.000) 03/16 11:30:10 Job was aborted by the user.
	via condor_rm (by user routray)
...
