000 (4046621.1974.000) 03/15 20:22:32 Job submitted from host: <192.168.1.109:9618?addrs=192.168.1.109-9618+[--1]-9618&noUDP&sock=3153_969b_4>
...
009 (4046621.1974.000) 03/15 20:25:12 Job was aborted by the user.
	via condor_rm (by user routray)
...
000 (4046640.1974.000) 03/15 21:06:40 Job submitted from host: <192.168.1.109:9618?addrs=192.168.1.109-9618+[--1]-9618&noUDP&sock=3153_969b_4>
...
001 (4046640.1974.000) 03/15 21:26:54 Job executing on host: <192.168.1.49:9618?addrs=192.168.1.49-9618+[--1]-9618&noUDP&sock=3240_e427_3>
...
006 (4046640.1974.000) 03/15 21:27:02 Image size of job updated: 32692
	32  -  MemoryUsage of job (MB)
	32656  -  ResidentSetSize of job (KB)
...
006 (4046640.1974.000) 03/15 21:31:10 Image size of job updated: 1363768
	33  -  MemoryUsage of job (MB)
	32856  -  ResidentSetSize of job (KB)
...
005 (4046640.1974.000) 03/15 21:31:10 Job terminated.
	(1) Normal termination (return value 0)
		Usr 0 00:00:25, Sys 0 00:00:06  -  Run Remote Usage
		Usr 0 00:00:00, Sys 0 00:00:00  -  Run Local Usage
		Usr 0 00:00:25, Sys 0 00:00:06  -  Total Remote Usage
		Usr 0 00:00:00, Sys 0 00:00:00  -  Total Local Usage
	0  -  Run Bytes Sent By Job
	0  -  Run Bytes Received By Job
	0  -  Total Bytes Sent By Job
	0  -  Total Bytes Received By Job
	Partitionable Resources :    Usage  Request Allocated
	   Cpus                 :                 1         1
	   Disk (KB)            :        2        2  28491601
	   Memory (MB)          :       33        1      4020
...
000 (4046674.1974.000) 03/15 23:56:15 Job submitted from host: <192.168.1.109:9618?addrs=192.168.1.109-9618+[--1]-9618&noUDP&sock=3153_969b_4>
...
009 (4046674.1974.000) 03/16 00:49:32 Job was aborted by the user.
	via condor_rm (by user routray)
...
000 (4047692.1974.000) 03/16 09:42:02 Job submitted from host: <192.168.1.109:9618?addrs=192.168.1.109-9618+[--1]-9618&noUDP&sock=3153_969b_4>
...
001 (4047692.1974.000) 03/16 10:05:04 Job executing on host: <192.168.1.44:9618?addrs=192.168.1.44-9618+[--1]-9618&noUDP&sock=3035_ca7b_3>
...
006 (4047692.1974.000) 03/16 10:05:13 Image size of job updated: 215908
	192  -  MemoryUsage of job (MB)
	196588  -  ResidentSetSize of job (KB)
...
006 (4047692.1974.000) 03/16 10:10:14 Image size of job updated: 725640
	684  -  MemoryUsage of job (MB)
	699868  -  ResidentSetSize of job (KB)
...
005 (4047692.1974.000) 03/16 10:12:14 Job terminated.
	(1) Normal termination (return value 0)
		Usr 0 00:00:17, Sys 0 00:00:04  -  Run Remote Usage
		Usr 0 00:00:00, Sys 0 00:00:00  -  Run Local Usage
		Usr 0 00:00:17, Sys 0 00:00:04  -  Total Remote Usage
		Usr 0 00:00:00, Sys 0 00:00:00  -  Total Local Usage
	0  -  Run Bytes Sent By Job
	0  -  Run Bytes Received By Job
	0  -  Total Bytes Sent By Job
	0  -  Total Bytes Received By Job
	Partitionable Resources :    Usage  Request Allocated
	   Cpus                 :                 1         1
	   Disk (KB)            :        2        2  20458817
	   Memory (MB)          :      684        1      4022
...
000 (4047694.1974.000) 03/16 10:19:04 Job submitted from host: <192.168.1.109:9618?addrs=192.168.1.109-9618+[--1]-9618&noUDP&sock=3153_969b_4>
...
001 (4047694.1974.000) 03/16 10:21:27 Job executing on host: <192.168.1.46:9618?addrs=192.168.1.46-9618+[--1]-9618&noUDP&sock=3272_2797_3>
...
006 (4047694.1974.000) 03/16 10:21:28 Image size of job updated: 912
	0  -  MemoryUsage of job (MB)
	0  -  ResidentSetSize of job (KB)
...
005 (4047694.1974.000) 03/16 10:21:33 Job terminated.
	(1) Normal termination (return value 1)
		Usr 0 00:00:00, Sys 0 00:00:00  -  Run Remote Usage
		Usr 0 00:00:00, Sys 0 00:00:00  -  Run Local Usage
		Usr 0 00:00:00, Sys 0 00:00:00  -  Total Remote Usage
		Usr 0 00:00:00, Sys 0 00:00:00  -  Total Local Usage
	0  -  Run Bytes Sent By Job
	0  -  Run Bytes Received By Job
	0  -  Total Bytes Sent By Job
	0  -  Total Bytes Received By Job
	Partitionable Resources :    Usage  Request Allocated
	   Cpus                 :                 1         1
	   Disk (KB)            :        2        2  20459164
	   Memory (MB)          :        0        1      4022
...
000 (4047695.1974.000) 03/16 10:31:43 Job submitted from host: <192.168.1.109:9618?addrs=192.168.1.109-9618+[--1]-9618&noUDP&sock=3153_969b_4>
...
001 (4047695.1974.000) 03/16 10:50:41 Job executing on host: <192.168.1.50:9618?addrs=192.168.1.50-9618+[--1]-9618&noUDP&sock=3247_5221_3>
...
006 (4047695.1974.000) 03/16 10:50:50 Image size of job updated: 24684
	25  -  MemoryUsage of job (MB)
	24684  -  ResidentSetSize of job (KB)
...
006 (4047695.1974.000) 03/16 10:55:51 Image size of job updated: 690076
	673  -  MemoryUsage of job (MB)
	688584  -  ResidentSetSize of job (KB)
...
005 (4047695.1974.000) 03/16 10:56:24 Job terminated.
	(1) Normal termination (return value 0)
		Usr 0 00:00:33, Sys 0 00:00:06  -  Run Remote Usage
		Usr 0 00:00:00, Sys 0 00:00:00  -  Run Local Usage
		Usr 0 00:00:33, Sys 0 00:00:06  -  Total Remote Usage
		Usr 0 00:00:00, Sys 0 00:00:00  -  Total Local Usage
	0  -  Run Bytes Sent By Job
	0  -  Run Bytes Received By Job
	0  -  Total Bytes Sent By Job
	0  -  Total Bytes Received By Job
	Partitionable Resources :    Usage  Request Allocated
	   Cpus                 :                 1         1
	   Disk (KB)            :        2        2  28493273
	   Memory (MB)          :      673        1      4020
...
000 (4048296.1974.000) 03/16 11:27:13 Job submitted from host: <192.168.1.109:9618?addrs=192.168.1.109-9618+[--1]-9618&noUDP&sock=3153_969b_4>
...
009 (4048296.1974.000) 03/16 11:28:09 Job was aborted by the user.
	via condor_rm (by user routray)
...
