000 (4046621.1928.000) 03/15 20:22:32 Job submitted from host: <192.168.1.109:9618?addrs=192.168.1.109-9618+[--1]-9618&noUDP&sock=3153_969b_4>
...
009 (4046621.1928.000) 03/15 20:25:11 Job was aborted by the user.
	via condor_rm (by user routray)
...
000 (4046640.1928.000) 03/15 21:06:40 Job submitted from host: <192.168.1.109:9618?addrs=192.168.1.109-9618+[--1]-9618&noUDP&sock=3153_969b_4>
...
001 (4046640.1928.000) 03/15 21:24:45 Job executing on host: <192.168.1.60:9618?addrs=192.168.1.60-9618+[--1]-9618&noUDP&sock=3480_d34a_3>
...
006 (4046640.1928.000) 03/15 21:24:54 Image size of job updated: 45948
	45  -  MemoryUsage of job (MB)
	45672  -  ResidentSetSize of job (KB)
...
006 (4046640.1928.000) 03/15 21:27:42 Image size of job updated: 770800
	45  -  MemoryUsage of job (MB)
	45672  -  ResidentSetSize of job (KB)
...
005 (4046640.1928.000) 03/15 21:27:42 Job terminated.
	(1) Normal termination (return value 0)
		Usr 0 00:00:46, Sys 0 00:00:06  -  Run Remote Usage
		Usr 0 00:00:00, Sys 0 00:00:00  -  Run Local Usage
		Usr 0 00:00:46, Sys 0 00:00:06  -  Total Remote Usage
		Usr 0 00:00:00, Sys 0 00:00:00  -  Total Local Usage
	0  -  Run Bytes Sent By Job
	0  -  Run Bytes Received By Job
	0  -  Total Bytes Sent By Job
	0  -  Total Bytes Received By Job
	Partitionable Resources :    Usage  Request Allocated
	   Cpus                 :                 1         1
	   Disk (KB)            :        2        2  22661047
	   Memory (MB)          :       45        1      4001
...
000 (4046674.1928.000) 03/15 23:56:15 Job submitted from host: <192.168.1.109:9618?addrs=192.168.1.109-9618+[--1]-9618&noUDP&sock=3153_969b_4>
...
009 (4046674.1928.000) 03/16 00:49:32 Job was aborted by the user.
	via condor_rm (by user routray)
...
000 (4047692.1928.000) 03/16 09:42:01 Job submitted from host: <192.168.1.109:9618?addrs=192.168.1.109-9618+[--1]-9618&noUDP&sock=3153_969b_4>
...
001 (4047692.1928.000) 03/16 10:05:02 Job executing on host: <192.168.1.64:9618?addrs=192.168.1.64-9618+[--1]-9618&noUDP&sock=3497_7c66_22>
...
006 (4047692.1928.000) 03/16 10:05:10 Image size of job updated: 82384
	62  -  MemoryUsage of job (MB)
	63304  -  ResidentSetSize of job (KB)
...
006 (4047692.1928.000) 03/16 10:10:11 Image size of job updated: 772644
	644  -  MemoryUsage of job (MB)
	659208  -  ResidentSetSize of job (KB)
...
005 (4047692.1928.000) 03/16 10:12:18 Job terminated.
	(1) Normal termination (return value 0)
		Usr 0 00:00:21, Sys 0 00:00:04  -  Run Remote Usage
		Usr 0 00:00:00, Sys 0 00:00:00  -  Run Local Usage
		Usr 0 00:00:21, Sys 0 00:00:04  -  Total Remote Usage
		Usr 0 00:00:00, Sys 0 00:00:00  -  Total Local Usage
	0  -  Run Bytes Sent By Job
	0  -  Run Bytes Received By Job
	0  -  Total Bytes Sent By Job
	0  -  Total Bytes Received By Job
	Partitionable Resources :    Usage  Request Allocated
	   Cpus                 :                 1         1
	   Disk (KB)            :        2        2  22685211
	   Memory (MB)          :      644        1      4015
...
000 (4047694.1928.000) 03/16 10:19:04 Job submitted from host: <192.168.1.109:9618?addrs=192.168.1.109-9618+[--1]-9618&noUDP&sock=3153_969b_4>
...
001 (4047694.1928.000) 03/16 10:21:25 Job executing on host: <192.168.1.45:9618?addrs=192.168.1.45-9618+[--1]-9618&noUDP&sock=3341_bd3f_3>
...
006 (4047694.1928.000) 03/16 10:21:26 Image size of job updated: 125920
	0  -  MemoryUsage of job (MB)
	0  -  ResidentSetSize of job (KB)
...
005 (4047694.1928.000) 03/16 10:21:30 Job terminated.
	(1) Normal termination (return value 1)
		Usr 0 00:00:00, Sys 0 00:00:00  -  Run Remote Usage
		Usr 0 00:00:00, Sys 0 00:00:00  -  Run Local Usage
		Usr 0 00:00:00, Sys 0 00:00:00  -  Total Remote Usage
		Usr 0 00:00:00, Sys 0 00:00:00  -  Total Local Usage
	0  -  Run Bytes Sent By Job
	0  -  Run Bytes Received By Job
	0  -  Total Bytes Sent By Job
	0  -  Total Bytes Received By Job
	Partitionable Resources :    Usage  Request Allocated
	   Cpus                 :                 1         1
	   Disk (KB)            :        2        2  20460088
	   Memory (MB)          :        0        1      4022
...
000 (4047695.1928.000) 03/16 10:31:42 Job submitted from host: <192.168.1.109:9618?addrs=192.168.1.109-9618+[--1]-9618&noUDP&sock=3153_969b_4>
...
001 (4047695.1928.000) 03/16 10:50:15 Job executing on host: <192.168.1.66:9618?addrs=192.168.1.66-9618+[--1]-9618&noUDP&sock=3560_0345_33>
...
006 (4047695.1928.000) 03/16 10:50:24 Image size of job updated: 46752
	46  -  MemoryUsage of job (MB)
	46544  -  ResidentSetSize of job (KB)
...
006 (4047695.1928.000) 03/16 10:53:06 Image size of job updated: 1363772
	46  -  MemoryUsage of job (MB)
	46552  -  ResidentSetSize of job (KB)
...
005 (4047695.1928.000) 03/16 10:53:07 Job terminated.
	(1) Normal termination (return value 0)
		Usr 0 00:00:40, Sys 0 00:00:06  -  Run Remote Usage
		Usr 0 00:00:00, Sys 0 00:00:00  -  Run Local Usage
		Usr 0 00:00:40, Sys 0 00:00:06  -  Total Remote Usage
		Usr 0 00:00:00, Sys 0 00:00:00  -  Total Local Usage
	0  -  Run Bytes Sent By Job
	0  -  Run Bytes Received By Job
	0  -  Total Bytes Sent By Job
	0  -  Total Bytes Received By Job
	Partitionable Resources :    Usage  Request Allocated
	   Cpus                 :                 1         1
	   Disk (KB)            :        2        2  22684277
	   Memory (MB)          :       46        1      4015
...
000 (4048296.1928.000) 03/16 11:27:12 Job submitted from host: <192.168.1.109:9618?addrs=192.168.1.109-9618+[--1]-9618&noUDP&sock=3153_969b_4>
...
009 (4048296.1928.000) 03/16 11:28:09 Job was aborted by the user.
	via condor_rm (by user routray)
...
