000 (4046621.2367.000) 03/15 20:22:36 Job submitted from host: <192.168.1.109:9618?addrs=192.168.1.109-9618+[--1]-9618&noUDP&sock=3153_969b_4>
...
009 (4046621.2367.000) 03/15 20:25:15 Job was aborted by the user.
	via condor_rm (by user routray)
...
000 (4046640.2367.000) 03/15 21:06:41 Job submitted from host: <192.168.1.109:9618?addrs=192.168.1.109-9618+[--1]-9618&noUDP&sock=3153_969b_4>
...
001 (4046640.2367.000) 03/15 21:29:32 Job executing on host: <192.168.1.46:9618?addrs=192.168.1.46-9618+[--1]-9618&noUDP&sock=3272_2797_3>
...
006 (4046640.2367.000) 03/15 21:29:41 Image size of job updated: 213176
	195  -  MemoryUsage of job (MB)
	199292  -  ResidentSetSize of job (KB)
...
006 (4046640.2367.000) 03/15 21:33:58 Image size of job updated: 1363760
	195  -  MemoryUsage of job (MB)
	199316  -  ResidentSetSize of job (KB)
...
005 (4046640.2367.000) 03/15 21:33:58 Job terminated.
	(1) Normal termination (return value 0)
		Usr 0 00:00:24, Sys 0 00:00:04  -  Run Remote Usage
		Usr 0 00:00:00, Sys 0 00:00:00  -  Run Local Usage
		Usr 0 00:00:24, Sys 0 00:00:04  -  Total Remote Usage
		Usr 0 00:00:00, Sys 0 00:00:00  -  Total Local Usage
	0  -  Run Bytes Sent By Job
	0  -  Run Bytes Received By Job
	0  -  Total Bytes Sent By Job
	0  -  Total Bytes Received By Job
	Partitionable Resources :    Usage  Request Allocated
	   Cpus                 :                 1         1
	   Disk (KB)            :        2        2  20459165
	   Memory (MB)          :      195        1      4022
...
000 (4047694.2367.000) 03/16 10:19:08 Job submitted from host: <192.168.1.109:9618?addrs=192.168.1.109-9618+[--1]-9618&noUDP&sock=3153_969b_4>
...
001 (4047694.2367.000) 03/16 10:21:53 Job executing on host: <192.168.1.47:9618?addrs=192.168.1.47-9618+[--1]-9618&noUDP&sock=3245_a288_3>
...
006 (4047694.2367.000) 03/16 10:21:54 Image size of job updated: 166192
	0  -  MemoryUsage of job (MB)
	0  -  ResidentSetSize of job (KB)
...
005 (4047694.2367.000) 03/16 10:22:05 Job terminated.
	(1) Normal termination (return value 1)
		Usr 0 00:00:00, Sys 0 00:00:00  -  Run Remote Usage
		Usr 0 00:00:00, Sys 0 00:00:00  -  Run Local Usage
		Usr 0 00:00:00, Sys 0 00:00:00  -  Total Remote Usage
		Usr 0 00:00:00, Sys 0 00:00:00  -  Total Local Usage
	0  -  Run Bytes Sent By Job
	0  -  Run Bytes Received By Job
	0  -  Total Bytes Sent By Job
	0  -  Total Bytes Received By Job
	Partitionable Resources :    Usage  Request Allocated
	   Cpus                 :                 1         1
	   Disk (KB)            :        2        2  28493856
	   Memory (MB)          :        0        1      4020
...
000 (4047695.2367.000) 03/16 10:31:44 Job submitted from host: <192.168.1.109:9618?addrs=192.168.1.109-9618+[--1]-9618&noUDP&sock=3153_969b_4>
...
001 (4047695.2367.000) 03/16 10:51:30 Job executing on host: <192.168.1.63:9618?addrs=192.168.1.63-9618+[--1]-9618&noUDP&sock=3501_ea5f_33>
...
006 (4047695.2367.000) 03/16 10:51:39 Image size of job updated: 36916
	36  -  MemoryUsage of job (MB)
	36580  -  ResidentSetSize of job (KB)
...
006 (4047695.2367.000) 03/16 10:56:40 Image size of job updated: 740336
	713  -  MemoryUsage of job (MB)
	729684  -  ResidentSetSize of job (KB)
...
005 (4047695.2367.000) 03/16 10:56:51 Job terminated.
	(1) Normal termination (return value 0)
		Usr 0 00:00:43, Sys 0 00:00:06  -  Run Remote Usage
		Usr 0 00:00:00, Sys 0 00:00:00  -  Run Local Usage
		Usr 0 00:00:43, Sys 0 00:00:06  -  Total Remote Usage
		Usr 0 00:00:00, Sys 0 00:00:00  -  Total Local Usage
	0  -  Run Bytes Sent By Job
	0  -  Run Bytes Received By Job
	0  -  Total Bytes Sent By Job
	0  -  Total Bytes Received By Job
	Partitionable Resources :    Usage  Request Allocated
	   Cpus                 :                 1         1
	   Disk (KB)            :        2        2  22685399
	   Memory (MB)          :      713        1      4015
...
000 (4048296.2367.000) 03/16 11:27:16 Job submitted from host: <192.168.1.109:9618?addrs=192.168.1.109-9618+[--1]-9618&noUDP&sock=3153_969b_4>
...
009 (4048296.2367.000) 03/16 11:28:12 Job was aborted by the user.
	via condor_rm (by user routray)
...
