000 (4046621.1810.000) 03/15 20:22:31 Job submitted from host: <192.168.1.109:9618?addrs=192.168.1.109-9618+[--1]-9618&noUDP&sock=3153_969b_4>
...
009 (4046621.1810.000) 03/15 20:25:11 Job was aborted by the user.
	via condor_rm (by user routray)
...
000 (4046640.1810.000) 03/15 21:06:39 Job submitted from host: <192.168.1.109:9618?addrs=192.168.1.109-9618+[--1]-9618&noUDP&sock=3153_969b_4>
...
001 (4046640.1810.000) 03/15 21:21:34 Job executing on host: <192.168.1.45:9618?addrs=192.168.1.45-9618+[--1]-9618&noUDP&sock=3341_bd3f_3>
...
006 (4046640.1810.000) 03/15 21:21:42 Image size of job updated: 47668
	47  -  MemoryUsage of job (MB)
	47560  -  ResidentSetSize of job (KB)
...
006 (4046640.1810.000) 03/15 21:26:42 Image size of job updated: 657984
	641  -  MemoryUsage of job (MB)
	656168  -  ResidentSetSize of job (KB)
...
005 (4046640.1810.000) 03/15 21:27:50 Job terminated.
	(1) Normal termination (return value 0)
		Usr 0 00:00:29, Sys 0 00:00:07  -  Run Remote Usage
		Usr 0 00:00:00, Sys 0 00:00:00  -  Run Local Usage
		Usr 0 00:00:29, Sys 0 00:00:07  -  Total Remote Usage
		Usr 0 00:00:00, Sys 0 00:00:00  -  Total Local Usage
	0  -  Run Bytes Sent By Job
	0  -  Run Bytes Received By Job
	0  -  Total Bytes Sent By Job
	0  -  Total Bytes Received By Job
	Partitionable Resources :    Usage  Request Allocated
	   Cpus                 :                 1         1
	   Disk (KB)            :        2        2  20460088
	   Memory (MB)          :      641        1      4022
...
000 (4046674.1810.000) 03/15 23:56:14 Job submitted from host: <192.168.1.109:9618?addrs=192.168.1.109-9618+[--1]-9618&noUDP&sock=3153_969b_4>
...
009 (4046674.1810.000) 03/16 00:49:31 Job was aborted by the user.
	via condor_rm (by user routray)
...
000 (4047692.1810.000) 03/16 09:42:01 Job submitted from host: <192.168.1.109:9618?addrs=192.168.1.109-9618+[--1]-9618&noUDP&sock=3153_969b_4>
...
001 (4047692.1810.000) 03/16 10:04:48 Job executing on host: <192.168.1.51:9618?addrs=192.168.1.51-9618+[--1]-9618&noUDP&sock=3125_b25b_3>
...
006 (4047692.1810.000) 03/16 10:04:57 Image size of job updated: 114984
	112  -  MemoryUsage of job (MB)
	114088  -  ResidentSetSize of job (KB)
...
006 (4047692.1810.000) 03/16 10:09:58 Image size of job updated: 699344
	683  -  MemoryUsage of job (MB)
	699256  -  ResidentSetSize of job (KB)
...
006 (4047692.1810.000) 03/16 10:12:10 Image size of job updated: 718300
	683  -  MemoryUsage of job (MB)
	699256  -  ResidentSetSize of job (KB)
...
005 (4047692.1810.000) 03/16 10:12:10 Job terminated.
	(1) Normal termination (return value 0)
		Usr 0 00:00:19, Sys 0 00:00:04  -  Run Remote Usage
		Usr 0 00:00:00, Sys 0 00:00:00  -  Run Local Usage
		Usr 0 00:00:19, Sys 0 00:00:04  -  Total Remote Usage
		Usr 0 00:00:00, Sys 0 00:00:00  -  Total Local Usage
	0  -  Run Bytes Sent By Job
	0  -  Run Bytes Received By Job
	0  -  Total Bytes Sent By Job
	0  -  Total Bytes Received By Job
	Partitionable Resources :    Usage  Request Allocated
	   Cpus                 :                 1         1
	   Disk (KB)            :        2        2  28494197
	   Memory (MB)          :      683        1      4020
...
000 (4047694.1810.000) 03/16 10:19:03 Job submitted from host: <192.168.1.109:9618?addrs=192.168.1.109-9618+[--1]-9618&noUDP&sock=3153_969b_4>
...
001 (4047694.1810.000) 03/16 10:21:15 Job executing on host: <192.168.1.40:9618?addrs=192.168.1.40-9618+[--1]-9618&noUDP&sock=3366_a17e_3>
...
006 (4047694.1810.000) 03/16 10:21:17 Image size of job updated: 125668
	0  -  MemoryUsage of job (MB)
	0  -  ResidentSetSize of job (KB)
...
005 (4047694.1810.000) 03/16 10:21:21 Job terminated.
	(1) Normal termination (return value 1)
		Usr 0 00:00:00, Sys 0 00:00:00  -  Run Remote Usage
		Usr 0 00:00:00, Sys 0 00:00:00  -  Run Local Usage
		Usr 0 00:00:00, Sys 0 00:00:00  -  Total Remote Usage
		Usr 0 00:00:00, Sys 0 00:00:00  -  Total Local Usage
	0  -  Run Bytes Sent By Job
	0  -  Run Bytes Received By Job
	0  -  Total Bytes Sent By Job
	0  -  Total Bytes Received By Job
	Partitionable Resources :    Usage  Request Allocated
	   Cpus                 :                 1         1
	   Disk (KB)            :        2        2  20457847
	   Memory (MB)          :        0        1      4022
...
000 (4047695.1810.000) 03/16 10:31:42 Job submitted from host: <192.168.1.109:9618?addrs=192.168.1.109-9618+[--1]-9618&noUDP&sock=3153_969b_4>
...
001 (4047695.1810.000) 03/16 10:45:16 Job executing on host: <192.168.1.45:9618?addrs=192.168.1.45-9618+[--1]-9618&noUDP&sock=3341_bd3f_3>
...
006 (4047695.1810.000) 03/16 10:45:25 Image size of job updated: 45452
	45  -  MemoryUsage of job (MB)
	45436  -  ResidentSetSize of job (KB)
...
006 (4047695.1810.000) 03/16 10:50:26 Image size of job updated: 616744
	601  -  MemoryUsage of job (MB)
	615116  -  ResidentSetSize of job (KB)
...
006 (4047695.1810.000) 03/16 10:51:33 Image size of job updated: 1363768
	601  -  MemoryUsage of job (MB)
	615116  -  ResidentSetSize of job (KB)
...
005 (4047695.1810.000) 03/16 10:51:37 Job terminated.
	(1) Normal termination (return value 0)
		Usr 0 00:00:33, Sys 0 00:00:07  -  Run Remote Usage
		Usr 0 00:00:00, Sys 0 00:00:00  -  Run Local Usage
		Usr 0 00:00:33, Sys 0 00:00:07  -  Total Remote Usage
		Usr 0 00:00:00, Sys 0 00:00:00  -  Total Local Usage
	0  -  Run Bytes Sent By Job
	0  -  Run Bytes Received By Job
	0  -  Total Bytes Sent By Job
	0  -  Total Bytes Received By Job
	Partitionable Resources :    Usage  Request Allocated
	   Cpus                 :                 1         1
	   Disk (KB)            :        2        2  20460088
	   Memory (MB)          :      601        1      4022
...
000 (4048296.1810.000) 03/16 11:27:12 Job submitted from host: <192.168.1.109:9618?addrs=192.168.1.109-9618+[--1]-9618&noUDP&sock=3153_969b_4>
...
009 (4048296.1810.000) 03/16 11:28:07 Job was aborted by the user.
	via condor_rm (by user routray)
...
