000 (4046621.1701.000) 03/15 20:22:30 Job submitted from host: <192.168.1.109:9618?addrs=192.168.1.109-9618+[--1]-9618&noUDP&sock=3153_969b_4>
...
009 (4046621.1701.000) 03/15 20:25:10 Job was aborted by the user.
	via condor_rm (by user routray)
...
000 (4046640.1701.000) 03/15 21:06:39 Job submitted from host: <192.168.1.109:9618?addrs=192.168.1.109-9618+[--1]-9618&noUDP&sock=3153_969b_4>
...
001 (4046640.1701.000) 03/15 21:21:22 Job executing on host: <192.168.1.41:9618?addrs=192.168.1.41-9618+[--1]-9618&noUDP&sock=3368_a17e_3>
...
006 (4046640.1701.000) 03/15 21:21:31 Image size of job updated: 44036
	43  -  MemoryUsage of job (MB)
	43936  -  ResidentSetSize of job (KB)
...
006 (4046640.1701.000) 03/15 21:26:32 Image size of job updated: 636272
	621  -  MemoryUsage of job (MB)
	635148  -  ResidentSetSize of job (KB)
...
006 (4046640.1701.000) 03/15 21:27:37 Image size of job updated: 636272
	621  -  MemoryUsage of job (MB)
	635152  -  ResidentSetSize of job (KB)
...
005 (4046640.1701.000) 03/15 21:27:37 Job terminated.
	(1) Normal termination (return value 0)
		Usr 0 00:00:30, Sys 0 00:00:07  -  Run Remote Usage
		Usr 0 00:00:00, Sys 0 00:00:00  -  Run Local Usage
		Usr 0 00:00:30, Sys 0 00:00:07  -  Total Remote Usage
		Usr 0 00:00:00, Sys 0 00:00:00  -  Total Local Usage
	0  -  Run Bytes Sent By Job
	0  -  Run Bytes Received By Job
	0  -  Total Bytes Sent By Job
	0  -  Total Bytes Received By Job
	Partitionable Resources :    Usage  Request Allocated
	   Cpus                 :                 1         1
	   Disk (KB)            :        2        2  20458618
	   Memory (MB)          :      621        1      4022
...
000 (4046674.1701.000) 03/15 23:56:14 Job submitted from host: <192.168.1.109:9618?addrs=192.168.1.109-9618+[--1]-9618&noUDP&sock=3153_969b_4>
...
009 (4046674.1701.000) 03/16 00:49:31 Job was aborted by the user.
	via condor_rm (by user routray)
...
000 (4047692.1701.000) 03/16 09:42:00 Job submitted from host: <192.168.1.109:9618?addrs=192.168.1.109-9618+[--1]-9618&noUDP&sock=3153_969b_4>
...
001 (4047692.1701.000) 03/16 10:04:43 Job executing on host: <192.168.1.42:9618?addrs=192.168.1.42-9618+[--1]-9618&noUDP&sock=3360_3385_3>
...
006 (4047692.1701.000) 03/16 10:04:52 Image size of job updated: 42956
	42  -  MemoryUsage of job (MB)
	42900  -  ResidentSetSize of job (KB)
...
006 (4047692.1701.000) 03/16 10:09:53 Image size of job updated: 697472
	682  -  MemoryUsage of job (MB)
	697464  -  ResidentSetSize of job (KB)
...
006 (4047692.1701.000) 03/16 10:12:04 Image size of job updated: 718784
	682  -  MemoryUsage of job (MB)
	697464  -  ResidentSetSize of job (KB)
...
005 (4047692.1701.000) 03/16 10:12:05 Job terminated.
	(1) Normal termination (return value 0)
		Usr 0 00:00:18, Sys 0 00:00:04  -  Run Remote Usage
		Usr 0 00:00:00, Sys 0 00:00:00  -  Run Local Usage
		Usr 0 00:00:18, Sys 0 00:00:04  -  Total Remote Usage
		Usr 0 00:00:00, Sys 0 00:00:00  -  Total Local Usage
	0  -  Run Bytes Sent By Job
	0  -  Run Bytes Received By Job
	0  -  Total Bytes Sent By Job
	0  -  Total Bytes Received By Job
	Partitionable Resources :    Usage  Request Allocated
	   Cpus                 :                 1         1
	   Disk (KB)            :        2        2  20458262
	   Memory (MB)          :      682        1      4022
...
000 (4047694.1701.000) 03/16 10:19:03 Job submitted from host: <192.168.1.109:9618?addrs=192.168.1.109-9618+[--1]-9618&noUDP&sock=3153_969b_4>
...
001 (4047694.1701.000) 03/16 10:21:06 Job executing on host: <192.168.1.52:9618?addrs=192.168.1.52-9618+[--1]-9618&noUDP&sock=3327_407d_36>
...
006 (4047694.1701.000) 03/16 10:21:07 Image size of job updated: 35580
	0  -  MemoryUsage of job (MB)
	0  -  ResidentSetSize of job (KB)
...
005 (4047694.1701.000) 03/16 10:21:11 Job terminated.
	(1) Normal termination (return value 1)
		Usr 0 00:00:00, Sys 0 00:00:00  -  Run Remote Usage
		Usr 0 00:00:00, Sys 0 00:00:00  -  Run Local Usage
		Usr 0 00:00:00, Sys 0 00:00:00  -  Total Remote Usage
		Usr 0 00:00:00, Sys 0 00:00:00  -  Total Local Usage
	0  -  Run Bytes Sent By Job
	0  -  Run Bytes Received By Job
	0  -  Total Bytes Sent By Job
	0  -  Total Bytes Received By Job
	Partitionable Resources :    Usage  Request Allocated
	   Cpus                 :                 1         1
	   Disk (KB)            :        2        2  22661368
	   Memory (MB)          :        0        1      4001
...
000 (4047695.1701.000) 03/16 10:31:41 Job submitted from host: <192.168.1.109:9618?addrs=192.168.1.109-9618+[--1]-9618&noUDP&sock=3153_969b_4>
...
001 (4047695.1701.000) 03/16 10:45:08 Job executing on host: <192.168.1.42:9618?addrs=192.168.1.42-9618+[--1]-9618&noUDP&sock=3360_3385_3>
...
006 (4047695.1701.000) 03/16 10:45:17 Image size of job updated: 23212
	23  -  MemoryUsage of job (MB)
	23212  -  ResidentSetSize of job (KB)
...
006 (4047695.1701.000) 03/16 10:50:18 Image size of job updated: 611808
	595  -  MemoryUsage of job (MB)
	609192  -  ResidentSetSize of job (KB)
...
006 (4047695.1701.000) 03/16 10:51:23 Image size of job updated: 611808
	595  -  MemoryUsage of job (MB)
	609204  -  ResidentSetSize of job (KB)
...
005 (4047695.1701.000) 03/16 10:51:24 Job terminated.
	(1) Normal termination (return value 0)
		Usr 0 00:00:27, Sys 0 00:00:07  -  Run Remote Usage
		Usr 0 00:00:00, Sys 0 00:00:00  -  Run Local Usage
		Usr 0 00:00:27, Sys 0 00:00:07  -  Total Remote Usage
		Usr 0 00:00:00, Sys 0 00:00:00  -  Total Local Usage
	0  -  Run Bytes Sent By Job
	0  -  Run Bytes Received By Job
	0  -  Total Bytes Sent By Job
	0  -  Total Bytes Received By Job
	Partitionable Resources :    Usage  Request Allocated
	   Cpus                 :                 1         1
	   Disk (KB)            :        2        2  20458261
	   Memory (MB)          :      595        1      4022
...
000 (4048296.1701.000) 03/16 11:27:11 Job submitted from host: <192.168.1.109:9618?addrs=192.168.1.109-9618+[--1]-9618&noUDP&sock=3153_969b_4>
...
009 (4048296.1701.000) 03/16 11:28:06 Job was aborted by the user.
	via condor_rm (by user routray)
...
