000 (4046621.853.000) 03/15 20:22:21 Job submitted from host: <192.168.1.109:9618?addrs=192.168.1.109-9618+[--1]-9618&noUDP&sock=3153_969b_4>
...
001 (4046621.853.000) 03/15 20:23:53 Job executing on host: <192.168.1.60:9618?addrs=192.168.1.60-9618+[--1]-9618&noUDP&sock=3480_d34a_3>
...
006 (4046621.853.000) 03/15 20:23:55 Image size of job updated: 848
	0  -  MemoryUsage of job (MB)
	0  -  ResidentSetSize of job (KB)
...
005 (4046621.853.000) 03/15 20:23:59 Job terminated.
	(1) Normal termination (return value 1)
		Usr 0 00:00:00, Sys 0 00:00:00  -  Run Remote Usage
		Usr 0 00:00:00, Sys 0 00:00:00  -  Run Local Usage
		Usr 0 00:00:00, Sys 0 00:00:00  -  Total Remote Usage
		Usr 0 00:00:00, Sys 0 00:00:00  -  Total Local Usage
	0  -  Run Bytes Sent By Job
	0  -  Run Bytes Received By Job
	0  -  Total Bytes Sent By Job
	0  -  Total Bytes Received By Job
	Partitionable Resources :    Usage  Request Allocated
	   Cpus                 :                 1         1
	   Disk (KB)            :        2        2  22661048
	   Memory (MB)          :        0        1      4001
...
000 (4046640.853.000) 03/15 21:06:35 Job submitted from host: <192.168.1.109:9618?addrs=192.168.1.109-9618+[--1]-9618&noUDP&sock=3153_969b_4>
...
001 (4046640.853.000) 03/15 21:13:59 Job executing on host: <192.168.1.42:9618?addrs=192.168.1.42-9618+[--1]-9618&noUDP&sock=3360_3385_3>
...
006 (4046640.853.000) 03/15 21:14:08 Image size of job updated: 53512
	53  -  MemoryUsage of job (MB)
	53504  -  ResidentSetSize of job (KB)
...
006 (4046640.853.000) 03/15 21:19:09 Image size of job updated: 690620
	674  -  MemoryUsage of job (MB)
	689968  -  ResidentSetSize of job (KB)
...
005 (4046640.853.000) 03/15 21:21:07 Job terminated.
	(1) Normal termination (return value 0)
		Usr 0 00:00:27, Sys 0 00:00:07  -  Run Remote Usage
		Usr 0 00:00:00, Sys 0 00:00:00  -  Run Local Usage
		Usr 0 00:00:27, Sys 0 00:00:07  -  Total Remote Usage
		Usr 0 00:00:00, Sys 0 00:00:00  -  Total Local Usage
	0  -  Run Bytes Sent By Job
	0  -  Run Bytes Received By Job
	0  -  Total Bytes Sent By Job
	0  -  Total Bytes Received By Job
	Partitionable Resources :    Usage  Request Allocated
	   Cpus                 :                 1         1
	   Disk (KB)            :        2        2  20458261
	   Memory (MB)          :      674        1      4022
...
000 (4046671.853.000) 03/15 22:27:48 Job submitted from host: <192.168.1.109:9618?addrs=192.168.1.109-9618+[--1]-9618&noUDP&sock=3153_969b_4>
...
001 (4046671.853.000) 03/15 22:37:56 Job executing on host: <192.168.1.49:9618?addrs=192.168.1.49-9618+[--1]-9618&noUDP&sock=3240_e427_3>
...
006 (4046671.853.000) 03/15 22:38:05 Image size of job updated: 25680
	26  -  MemoryUsage of job (MB)
	25680  -  ResidentSetSize of job (KB)
...
005 (4046671.853.000) 03/15 22:41:22 Job terminated.
	(1) Normal termination (return value 0)
		Usr 0 00:00:34, Sys 0 00:00:06  -  Run Remote Usage
		Usr 0 00:00:00, Sys 0 00:00:00  -  Run Local Usage
		Usr 0 00:00:34, Sys 0 00:00:06  -  Total Remote Usage
		Usr 0 00:00:00, Sys 0 00:00:00  -  Total Local Usage
	0  -  Run Bytes Sent By Job
	0  -  Run Bytes Received By Job
	0  -  Total Bytes Sent By Job
	0  -  Total Bytes Received By Job
	Partitionable Resources :    Usage  Request Allocated
	   Cpus                 :                 1         1
	   Disk (KB)            :        2        2  28491601
	   Memory (MB)          :       26        1      4020
...
000 (4046674.853.000) 03/15 23:56:10 Job submitted from host: <192.168.1.109:9618?addrs=192.168.1.109-9618+[--1]-9618&noUDP&sock=3153_969b_4>
...
009 (4046674.853.000) 03/16 00:49:25 Job was aborted by the user.
	via condor_rm (by user routray)
...
000 (4047692.853.000) 03/16 09:41:54 Job submitted from host: <192.168.1.109:9618?addrs=192.168.1.109-9618+[--1]-9618&noUDP&sock=3153_969b_4>
...
001 (4047692.853.000) 03/16 09:54:51 Job executing on host: <192.168.1.45:9618?addrs=192.168.1.45-9618+[--1]-9618&noUDP&sock=3341_bd3f_3>
...
006 (4047692.853.000) 03/16 09:54:59 Image size of job updated: 21568
	21  -  MemoryUsage of job (MB)
	21496  -  ResidentSetSize of job (KB)
...
006 (4047692.853.000) 03/16 09:59:59 Image size of job updated: 607584
	594  -  MemoryUsage of job (MB)
	607564  -  ResidentSetSize of job (KB)
...
006 (4047692.853.000) 03/16 10:03:58 Image size of job updated: 1393636
	594  -  MemoryUsage of job (MB)
	607564  -  ResidentSetSize of job (KB)
...
005 (4047692.853.000) 03/16 10:03:58 Job terminated.
	(1) Normal termination (return value 0)
		Usr 0 00:00:19, Sys 0 00:00:04  -  Run Remote Usage
		Usr 0 00:00:00, Sys 0 00:00:00  -  Run Local Usage
		Usr 0 00:00:19, Sys 0 00:00:04  -  Total Remote Usage
		Usr 0 00:00:00, Sys 0 00:00:00  -  Total Local Usage
	0  -  Run Bytes Sent By Job
	0  -  Run Bytes Received By Job
	0  -  Total Bytes Sent By Job
	0  -  Total Bytes Received By Job
	Partitionable Resources :    Usage  Request Allocated
	   Cpus                 :                 1         1
	   Disk (KB)            :        2        2  20460088
	   Memory (MB)          :      594        1      4022
...
000 (4047694.853.000) 03/16 10:18:58 Job submitted from host: <192.168.1.109:9618?addrs=192.168.1.109-9618+[--1]-9618&noUDP&sock=3153_969b_4>
...
001 (4047694.853.000) 03/16 10:22:12 Job executing on host: <192.168.1.43:9618?addrs=192.168.1.43-9618+[--1]-9618&noUDP&sock=3360_24bc_3>
...
006 (4047694.853.000) 03/16 10:22:13 Image size of job updated: 2816
	0  -  MemoryUsage of job (MB)
	0  -  ResidentSetSize of job (KB)
...
005 (4047694.853.000) 03/16 10:22:20 Job terminated.
	(1) Normal termination (return value 1)
		Usr 0 00:00:00, Sys 0 00:00:00  -  Run Remote Usage
		Usr 0 00:00:00, Sys 0 00:00:00  -  Run Local Usage
		Usr 0 00:00:00, Sys 0 00:00:00  -  Total Remote Usage
		Usr 0 00:00:00, Sys 0 00:00:00  -  Total Local Usage
	0  -  Run Bytes Sent By Job
	0  -  Run Bytes Received By Job
	0  -  Total Bytes Sent By Job
	0  -  Total Bytes Received By Job
	Partitionable Resources :    Usage  Request Allocated
	   Cpus                 :                 1         1
	   Disk (KB)            :        2        2  20458450
	   Memory (MB)          :        0        1      4022
...
000 (4047695.853.000) 03/16 10:31:37 Job submitted from host: <192.168.1.109:9618?addrs=192.168.1.109-9618+[--1]-9618&noUDP&sock=3153_969b_4>
...
001 (4047695.853.000) 03/16 10:38:29 Job executing on host: <192.168.1.50:9618?addrs=192.168.1.50-9618+[--1]-9618&noUDP&sock=3247_5221_3>
...
006 (4047695.853.000) 03/16 10:38:38 Image size of job updated: 14788
	15  -  MemoryUsage of job (MB)
	14788  -  ResidentSetSize of job (KB)
...
006 (4047695.853.000) 03/16 10:43:39 Image size of job updated: 677212
	658  -  MemoryUsage of job (MB)
	673600  -  ResidentSetSize of job (KB)
...
006 (4047695.853.000) 03/16 10:44:42 Image size of job updated: 1363776
	658  -  MemoryUsage of job (MB)
	673600  -  ResidentSetSize of job (KB)
...
005 (4047695.853.000) 03/16 10:44:44 Job terminated.
	(1) Normal termination (return value 0)
		Usr 0 00:00:33, Sys 0 00:00:06  -  Run Remote Usage
		Usr 0 00:00:00, Sys 0 00:00:00  -  Run Local Usage
		Usr 0 00:00:33, Sys 0 00:00:06  -  Total Remote Usage
		Usr 0 00:00:00, Sys 0 00:00:00  -  Total Local Usage
	0  -  Run Bytes Sent By Job
	0  -  Run Bytes Received By Job
	0  -  Total Bytes Sent By Job
	0  -  Total Bytes Received By Job
	Partitionable Resources :    Usage  Request Allocated
	   Cpus                 :                 1         1
	   Disk (KB)            :        2        2  28493273
	   Memory (MB)          :      658        1      4020
...
000 (4048296.853.000) 03/16 11:27:07 Job submitted from host: <192.168.1.109:9618?addrs=192.168.1.109-9618+[--1]-9618&noUDP&sock=3153_969b_4>
...
009 (4048296.853.000) 03/16 11:28:00 Job was aborted by the user.
	via condor_rm (by user routray)
...
000 (4048297.853.000) 03/16 11:29:04 Job submitted from host: <192.168.1.109:9618?addrs=192.168.1.109-9618+[--1]-9618&noUDP&sock=3153_969b_4>
...
009 (4048297.853.000) 03/16 11:30:15 Job was aborted by the user.
	via condor_rm (by user routray)
...
