000 (4046621.1140.000) 03/15 20:22:25 Job submitted from host: <192.168.1.109:9618?addrs=192.168.1.109-9618+[--1]-9618&noUDP&sock=3153_969b_4>
...
001 (4046621.1140.000) 03/15 20:24:18 Job executing on host: <192.168.1.60:9618?addrs=192.168.1.60-9618+[--1]-9618&noUDP&sock=3480_d34a_3>
...
006 (4046621.1140.000) 03/15 20:24:20 Image size of job updated: 2
	0  -  MemoryUsage of job (MB)
	0  -  ResidentSetSize of job (KB)
...
005 (4046621.1140.000) 03/15 20:24:51 Job terminated.
	(1) Normal termination (return value 1)
		Usr 0 00:00:00, Sys 0 00:00:00  -  Run Remote Usage
		Usr 0 00:00:00, Sys 0 00:00:00  -  Run Local Usage
		Usr 0 00:00:00, Sys 0 00:00:00  -  Total Remote Usage
		Usr 0 00:00:00, Sys 0 00:00:00  -  Total Local Usage
	0  -  Run Bytes Sent By Job
	0  -  Run Bytes Received By Job
	0  -  Total Bytes Sent By Job
	0  -  Total Bytes Received By Job
	Partitionable Resources :    Usage  Request Allocated
	   Cpus                 :                 1         1
	   Disk (KB)            :        2        2  22661048
	   Memory (MB)          :        0        1      4001
...
009 (4046621.1140.000) 03/15 20:24:52 Job was aborted by the user.
	via condor_rm (by user routray)
...
009 (4046621.1140.000) 03/15 20:24:56 Job was aborted by the user.
	via condor_rm (by user routray)
...
000 (4046640.1140.000) 03/15 21:06:36 Job submitted from host: <192.168.1.109:9618?addrs=192.168.1.109-9618+[--1]-9618&noUDP&sock=3153_969b_4>
...
001 (4046640.1140.000) 03/15 21:14:52 Job executing on host: <192.168.1.46:9618?addrs=192.168.1.46-9618+[--1]-9618&noUDP&sock=3272_2797_3>
...
006 (4046640.1140.000) 03/15 21:15:01 Image size of job updated: 235768
	209  -  MemoryUsage of job (MB)
	214004  -  ResidentSetSize of job (KB)
...
006 (4046640.1140.000) 03/15 21:20:02 Image size of job updated: 701920
	686  -  MemoryUsage of job (MB)
	701892  -  ResidentSetSize of job (KB)
...
006 (4046640.1140.000) 03/15 21:21:20 Image size of job updated: 1363768
	686  -  MemoryUsage of job (MB)
	701892  -  ResidentSetSize of job (KB)
...
005 (4046640.1140.000) 03/15 21:21:30 Job terminated.
	(1) Normal termination (return value 0)
		Usr 0 00:00:28, Sys 0 00:00:06  -  Run Remote Usage
		Usr 0 00:00:00, Sys 0 00:00:00  -  Run Local Usage
		Usr 0 00:00:28, Sys 0 00:00:06  -  Total Remote Usage
		Usr 0 00:00:00, Sys 0 00:00:00  -  Total Local Usage
	0  -  Run Bytes Sent By Job
	0  -  Run Bytes Received By Job
	0  -  Total Bytes Sent By Job
	0  -  Total Bytes Received By Job
	Partitionable Resources :    Usage  Request Allocated
	   Cpus                 :                 1         1
	   Disk (KB)            :        2        2  20459165
	   Memory (MB)          :      686        1      4022
...
000 (4046674.1140.000) 03/15 23:56:12 Job submitted from host: <192.168.1.109:9618?addrs=192.168.1.109-9618+[--1]-9618&noUDP&sock=3153_969b_4>
...
009 (4046674.1140.000) 03/16 00:49:27 Job was aborted by the user.
	via condor_rm (by user routray)
...
000 (4047692.1140.000) 03/16 09:41:56 Job submitted from host: <192.168.1.109:9618?addrs=192.168.1.109-9618+[--1]-9618&noUDP&sock=3153_969b_4>
...
001 (4047692.1140.000) 03/16 09:55:26 Job executing on host: <192.168.1.43:9618?addrs=192.168.1.43-9618+[--1]-9618&noUDP&sock=3360_24bc_3>
...
006 (4047692.1140.000) 03/16 09:55:35 Image size of job updated: 36328
	36  -  MemoryUsage of job (MB)
	36316  -  ResidentSetSize of job (KB)
...
006 (4047692.1140.000) 03/16 10:00:36 Image size of job updated: 601796
	588  -  MemoryUsage of job (MB)
	601764  -  ResidentSetSize of job (KB)
...
006 (4047692.1140.000) 03/16 10:03:28 Image size of job updated: 738324
	588  -  MemoryUsage of job (MB)
	601764  -  ResidentSetSize of job (KB)
...
005 (4047692.1140.000) 03/16 10:03:28 Job terminated.
	(1) Normal termination (return value 0)
		Usr 0 00:00:18, Sys 0 00:00:06  -  Run Remote Usage
		Usr 0 00:00:00, Sys 0 00:00:00  -  Run Local Usage
		Usr 0 00:00:18, Sys 0 00:00:06  -  Total Remote Usage
		Usr 0 00:00:00, Sys 0 00:00:00  -  Total Local Usage
	0  -  Run Bytes Sent By Job
	0  -  Run Bytes Received By Job
	0  -  Total Bytes Sent By Job
	0  -  Total Bytes Received By Job
	Partitionable Resources :    Usage  Request Allocated
	   Cpus                 :                 1         1
	   Disk (KB)            :        2        2  20458450
	   Memory (MB)          :      588        1      4022
...
000 (4047694.1140.000) 03/16 10:18:59 Job submitted from host: <192.168.1.109:9618?addrs=192.168.1.109-9618+[--1]-9618&noUDP&sock=3153_969b_4>
...
001 (4047694.1140.000) 03/16 10:20:18 Job executing on host: <192.168.1.58:9618?addrs=192.168.1.58-9618+[--1]-9618&noUDP&sock=3319_c3bb_12>
...
006 (4047694.1140.000) 03/16 10:20:19 Image size of job updated: 1364
	0  -  MemoryUsage of job (MB)
	0  -  ResidentSetSize of job (KB)
...
005 (4047694.1140.000) 03/16 10:20:24 Job terminated.
	(1) Normal termination (return value 1)
		Usr 0 00:00:00, Sys 0 00:00:00  -  Run Remote Usage
		Usr 0 00:00:00, Sys 0 00:00:00  -  Run Local Usage
		Usr 0 00:00:00, Sys 0 00:00:00  -  Total Remote Usage
		Usr 0 00:00:00, Sys 0 00:00:00  -  Total Local Usage
	0  -  Run Bytes Sent By Job
	0  -  Run Bytes Received By Job
	0  -  Total Bytes Sent By Job
	0  -  Total Bytes Received By Job
	Partitionable Resources :    Usage  Request Allocated
	   Cpus                 :                 1         1
	   Disk (KB)            :        2        2  22659268
	   Memory (MB)          :        0        1      4001
...
000 (4047695.1140.000) 03/16 10:31:38 Job submitted from host: <192.168.1.109:9618?addrs=192.168.1.109-9618+[--1]-9618&noUDP&sock=3153_969b_4>
...
001 (4047695.1140.000) 03/16 10:38:50 Job executing on host: <192.168.1.45:9618?addrs=192.168.1.45-9618+[--1]-9618&noUDP&sock=3341_bd3f_3>
...
006 (4047695.1140.000) 03/16 10:38:59 Image size of job updated: 48036
	47  -  MemoryUsage of job (MB)
	47996  -  ResidentSetSize of job (KB)
...
006 (4047695.1140.000) 03/16 10:44:00 Image size of job updated: 616588
	598  -  MemoryUsage of job (MB)
	612328  -  ResidentSetSize of job (KB)
...
006 (4047695.1140.000) 03/16 10:45:16 Image size of job updated: 1363768
	598  -  MemoryUsage of job (MB)
	612328  -  ResidentSetSize of job (KB)
...
005 (4047695.1140.000) 03/16 10:45:17 Job terminated.
	(1) Normal termination (return value 0)
		Usr 0 00:00:29, Sys 0 00:00:07  -  Run Remote Usage
		Usr 0 00:00:00, Sys 0 00:00:00  -  Run Local Usage
		Usr 0 00:00:29, Sys 0 00:00:07  -  Total Remote Usage
		Usr 0 00:00:00, Sys 0 00:00:00  -  Total Local Usage
	0  -  Run Bytes Sent By Job
	0  -  Run Bytes Received By Job
	0  -  Total Bytes Sent By Job
	0  -  Total Bytes Received By Job
	Partitionable Resources :    Usage  Request Allocated
	   Cpus                 :                 1         1
	   Disk (KB)            :        2        2  20460089
	   Memory (MB)          :      598        1      4022
...
000 (4048296.1140.000) 03/16 11:27:08 Job submitted from host: <192.168.1.109:9618?addrs=192.168.1.109-9618+[--1]-9618&noUDP&sock=3153_969b_4>
...
009 (4048296.1140.000) 03/16 11:28:02 Job was aborted by the user.
	via condor_rm (by user routray)
...
