000 (4046621.2187.000) 03/15 20:22:34 Job submitted from host: <192.168.1.109:9618?addrs=192.168.1.109-9618+[--1]-9618&noUDP&sock=3153_969b_4>
...
009 (4046621.2187.000) 03/15 20:25:13 Job was aborted by the user.
	via condor_rm (by user routray)
...
000 (4046640.2187.000) 03/15 21:06:41 Job submitted from host: <192.168.1.109:9618?addrs=192.168.1.109-9618+[--1]-9618&noUDP&sock=3153_969b_4>
...
001 (4046640.2187.000) 03/15 21:28:10 Job executing on host: <192.168.1.41:9618?addrs=192.168.1.41-9618+[--1]-9618&noUDP&sock=3368_a17e_3>
...
006 (4046640.2187.000) 03/15 21:28:18 Image size of job updated: 44832
	44  -  MemoryUsage of job (MB)
	44688  -  ResidentSetSize of job (KB)
...
006 (4046640.2187.000) 03/15 21:33:18 Image size of job updated: 756016
	739  -  MemoryUsage of job (MB)
	756016  -  ResidentSetSize of job (KB)
...
006 (4046640.2187.000) 03/15 21:33:58 Image size of job updated: 1363760
	739  -  MemoryUsage of job (MB)
	756016  -  ResidentSetSize of job (KB)
...
005 (4046640.2187.000) 03/15 21:33:58 Job terminated.
	(1) Normal termination (return value 0)
		Usr 0 00:00:30, Sys 0 00:00:06  -  Run Remote Usage
		Usr 0 00:00:00, Sys 0 00:00:00  -  Run Local Usage
		Usr 0 00:00:30, Sys 0 00:00:06  -  Total Remote Usage
		Usr 0 00:00:00, Sys 0 00:00:00  -  Total Local Usage
	0  -  Run Bytes Sent By Job
	0  -  Run Bytes Received By Job
	0  -  Total Bytes Sent By Job
	0  -  Total Bytes Received By Job
	Partitionable Resources :    Usage  Request Allocated
	   Cpus                 :                 1         1
	   Disk (KB)            :        2        2  20458618
	   Memory (MB)          :      739        1      4022
...
