000 (4046621.2280.000) 03/15 20:22:35 Job submitted from host: <192.168.1.109:9618?addrs=192.168.1.109-9618+[--1]-9618&noUDP&sock=3153_969b_4>
...
009 (4046621.2280.000) 03/15 20:25:14 Job was aborted by the user.
	via condor_rm (by user routray)
...
000 (4046640.2280.000) 03/15 21:06:41 Job submitted from host: <192.168.1.109:9618?addrs=192.168.1.109-9618+[--1]-9618&noUDP&sock=3153_969b_4>
...
001 (4046640.2280.000) 03/15 21:28:13 Job executing on host: <192.168.1.46:9618?addrs=192.168.1.46-9618+[--1]-9618&noUDP&sock=3272_2797_3>
...
006 (4046640.2280.000) 03/15 21:28:21 Image size of job updated: 47956
	47  -  MemoryUsage of job (MB)
	47916  -  ResidentSetSize of job (KB)
...
006 (4046640.2280.000) 03/15 21:33:21 Image size of job updated: 738692
	722  -  MemoryUsage of job (MB)
	738592  -  ResidentSetSize of job (KB)
...
006 (4046640.2280.000) 03/15 21:34:04 Image size of job updated: 1363760
	722  -  MemoryUsage of job (MB)
	738592  -  ResidentSetSize of job (KB)
...
005 (4046640.2280.000) 03/15 21:34:10 Job terminated.
	(1) Normal termination (return value 0)
		Usr 0 00:00:31, Sys 0 00:00:07  -  Run Remote Usage
		Usr 0 00:00:00, Sys 0 00:00:00  -  Run Local Usage
		Usr 0 00:00:31, Sys 0 00:00:07  -  Total Remote Usage
		Usr 0 00:00:00, Sys 0 00:00:00  -  Total Local Usage
	0  -  Run Bytes Sent By Job
	0  -  Run Bytes Received By Job
	0  -  Total Bytes Sent By Job
	0  -  Total Bytes Received By Job
	Partitionable Resources :    Usage  Request Allocated
	   Cpus                 :                 1         1
	   Disk (KB)            :        2        2  20459164
	   Memory (MB)          :      722        1      4022
...
000 (4047694.2280.000) 03/16 10:19:07 Job submitted from host: <192.168.1.109:9618?addrs=192.168.1.109-9618+[--1]-9618&noUDP&sock=3153_969b_4>
...
001 (4047694.2280.000) 03/16 10:21:48 Job executing on host: <192.168.1.51:9618?addrs=192.168.1.51-9618+[--1]-9618&noUDP&sock=3125_b25b_3>
...
006 (4047694.2280.000) 03/16 10:21:49 Image size of job updated: 7148
	0  -  MemoryUsage of job (MB)
	0  -  ResidentSetSize of job (KB)
...
005 (4047694.2280.000) 03/16 10:22:53 Job terminated.
	(1) Normal termination (return value 1)
		Usr 0 00:00:00, Sys 0 00:00:00  -  Run Remote Usage
		Usr 0 00:00:00, Sys 0 00:00:00  -  Run Local Usage
		Usr 0 00:00:00, Sys 0 00:00:00  -  Total Remote Usage
		Usr 0 00:00:00, Sys 0 00:00:00  -  Total Local Usage
	0  -  Run Bytes Sent By Job
	0  -  Run Bytes Received By Job
	0  -  Total Bytes Sent By Job
	0  -  Total Bytes Received By Job
	Partitionable Resources :    Usage  Request Allocated
	   Cpus                 :                 1         1
	   Disk (KB)            :        2        2  28494197
	   Memory (MB)          :        0        1      4020
...
000 (4047695.2280.000) 03/16 10:31:44 Job submitted from host: <192.168.1.109:9618?addrs=192.168.1.109-9618+[--1]-9618&noUDP&sock=3153_969b_4>
...
001 (4047695.2280.000) 03/16 10:51:23 Job executing on host: <192.168.1.46:9618?addrs=192.168.1.46-9618+[--1]-9618&noUDP&sock=3272_2797_3>
...
006 (4047695.2280.000) 03/16 10:51:32 Image size of job updated: 18864
	18  -  MemoryUsage of job (MB)
	17696  -  ResidentSetSize of job (KB)
...
006 (4047695.2280.000) 03/16 10:56:33 Image size of job updated: 776776
	757  -  MemoryUsage of job (MB)
	774668  -  ResidentSetSize of job (KB)
...
006 (4047695.2280.000) 03/16 10:57:07 Image size of job updated: 1363772
	757  -  MemoryUsage of job (MB)
	774668  -  ResidentSetSize of job (KB)
...
005 (4047695.2280.000) 03/16 10:57:07 Job terminated.
	(1) Normal termination (return value 0)
		Usr 0 00:00:27, Sys 0 00:00:07  -  Run Remote Usage
		Usr 0 00:00:00, Sys 0 00:00:00  -  Run Local Usage
		Usr 0 00:00:27, Sys 0 00:00:07  -  Total Remote Usage
		Usr 0 00:00:00, Sys 0 00:00:00  -  Total Local Usage
	0  -  Run Bytes Sent By Job
	0  -  Run Bytes Received By Job
	0  -  Total Bytes Sent By Job
	0  -  Total Bytes Received By Job
	Partitionable Resources :    Usage  Request Allocated
	   Cpus                 :                 1         1
	   Disk (KB)            :        2        2  20459165
	   Memory (MB)          :      757        1      4022
...
000 (4048296.2280.000) 03/16 11:27:16 Job submitted from host: <192.168.1.109:9618?addrs=192.168.1.109-9618+[--1]-9618&noUDP&sock=3153_969b_4>
...
009 (4048296.2280.000) 03/16 11:28:11 Job was aborted by the user.
	via condor_rm (by user routray)
...
