000 (4046621.2451.000) 03/15 20:22:37 Job submitted from host: <192.168.1.109:9618?addrs=192.168.1.109-9618+[--1]-9618&noUDP&sock=3153_969b_4>
...
009 (4046621.2451.000) 03/15 20:25:15 Job was aborted by the user.
	via condor_rm (by user routray)
...
000 (4046640.2451.000) 03/15 21:06:42 Job submitted from host: <192.168.1.109:9618?addrs=192.168.1.109-9618+[--1]-9618&noUDP&sock=3153_969b_4>
...
001 (4046640.2451.000) 03/15 21:29:53 Job executing on host: <192.168.1.40:9618?addrs=192.168.1.40-9618+[--1]-9618&noUDP&sock=3366_a17e_3>
...
006 (4046640.2451.000) 03/15 21:30:01 Image size of job updated: 48284
	48  -  MemoryUsage of job (MB)
	48252  -  ResidentSetSize of job (KB)
...
005 (4046640.2451.000) 03/15 21:34:16 Job terminated.
	(1) Normal termination (return value 0)
		Usr 0 00:00:28, Sys 0 00:00:07  -  Run Remote Usage
		Usr 0 00:00:00, Sys 0 00:00:00  -  Run Local Usage
		Usr 0 00:00:28, Sys 0 00:00:07  -  Total Remote Usage
		Usr 0 00:00:00, Sys 0 00:00:00  -  Total Local Usage
	0  -  Run Bytes Sent By Job
	0  -  Run Bytes Received By Job
	0  -  Total Bytes Sent By Job
	0  -  Total Bytes Received By Job
	Partitionable Resources :    Usage  Request Allocated
	   Cpus                 :                 1         1
	   Disk (KB)            :        2        2  20457847
	   Memory (MB)          :       48        1      4022
...
000 (4047694.2451.000) 03/16 10:19:08 Job submitted from host: <192.168.1.109:9618?addrs=192.168.1.109-9618+[--1]-9618&noUDP&sock=3153_969b_4>
...
001 (4047694.2451.000) 03/16 10:21:59 Job executing on host: <192.168.1.45:9618?addrs=192.168.1.45-9618+[--1]-9618&noUDP&sock=3341_bd3f_3>
...
006 (4047694.2451.000) 03/16 10:22:00 Image size of job updated: 9248
	0  -  MemoryUsage of job (MB)
	0  -  ResidentSetSize of job (KB)
...
005 (4047694.2451.000) 03/16 10:22:05 Job terminated.
	(1) Normal termination (return value 1)
		Usr 0 00:00:00, Sys 0 00:00:00  -  Run Remote Usage
		Usr 0 00:00:00, Sys 0 00:00:00  -  Run Local Usage
		Usr 0 00:00:00, Sys 0 00:00:00  -  Total Remote Usage
		Usr 0 00:00:00, Sys 0 00:00:00  -  Total Local Usage
	0  -  Run Bytes Sent By Job
	0  -  Run Bytes Received By Job
	0  -  Total Bytes Sent By Job
	0  -  Total Bytes Received By Job
	Partitionable Resources :    Usage  Request Allocated
	   Cpus                 :                 1         1
	   Disk (KB)            :        2        2  20460088
	   Memory (MB)          :        0        1      4022
...
000 (4047695.2451.000) 03/16 10:31:45 Job submitted from host: <192.168.1.109:9618?addrs=192.168.1.109-9618+[--1]-9618&noUDP&sock=3153_969b_4>
...
001 (4047695.2451.000) 03/16 10:51:36 Job executing on host: <192.168.1.64:9618?addrs=192.168.1.64-9618+[--1]-9618&noUDP&sock=3497_7c66_22>
...
006 (4047695.2451.000) 03/16 10:51:45 Image size of job updated: 42216
	42  -  MemoryUsage of job (MB)
	42080  -  ResidentSetSize of job (KB)
...
006 (4047695.2451.000) 03/16 10:56:45 Image size of job updated: 772404
	751  -  MemoryUsage of job (MB)
	768440  -  ResidentSetSize of job (KB)
...
005 (4047695.2451.000) 03/16 10:57:02 Job terminated.
	(1) Normal termination (return value 0)
		Usr 0 00:00:47, Sys 0 00:00:07  -  Run Remote Usage
		Usr 0 00:00:00, Sys 0 00:00:00  -  Run Local Usage
		Usr 0 00:00:47, Sys 0 00:00:07  -  Total Remote Usage
		Usr 0 00:00:00, Sys 0 00:00:00  -  Total Local Usage
	0  -  Run Bytes Sent By Job
	0  -  Run Bytes Received By Job
	0  -  Total Bytes Sent By Job
	0  -  Total Bytes Received By Job
	Partitionable Resources :    Usage  Request Allocated
	   Cpus                 :                 1         1
	   Disk (KB)            :        2        2  22685211
	   Memory (MB)          :      751        1      4015
...
000 (4048296.2451.000) 03/16 11:27:17 Job submitted from host: <192.168.1.109:9618?addrs=192.168.1.109-9618+[--1]-9618&noUDP&sock=3153_969b_4>
...
009 (4048296.2451.000) 03/16 11:28:13 Job was aborted by the user.
	via condor_rm (by user routray)
...
