000 (4046621.654.000) 03/15 20:22:19 Job submitted from host: <192.168.1.109:9618?addrs=192.168.1.109-9618+[--1]-9618&noUDP&sock=3153_969b_4>
...
001 (4046621.654.000) 03/15 20:23:37 Job executing on host: <192.168.1.64:9618?addrs=192.168.1.64-9618+[--1]-9618&noUDP&sock=3497_7c66_22>
...
006 (4046621.654.000) 03/15 20:23:38 Image size of job updated: 124892
	0  -  MemoryUsage of job (MB)
	0  -  ResidentSetSize of job (KB)
...
005 (4046621.654.000) 03/15 20:23:42 Job terminated.
	(1) Normal termination (return value 1)
		Usr 0 00:00:00, Sys 0 00:00:00  -  Run Remote Usage
		Usr 0 00:00:00, Sys 0 00:00:00  -  Run Local Usage
		Usr 0 00:00:00, Sys 0 00:00:00  -  Total Remote Usage
		Usr 0 00:00:00, Sys 0 00:00:00  -  Total Local Usage
	0  -  Run Bytes Sent By Job
	0  -  Run Bytes Received By Job
	0  -  Total Bytes Sent By Job
	0  -  Total Bytes Received By Job
	Partitionable Resources :    Usage  Request Allocated
	   Cpus                 :                 1         1
	   Disk (KB)            :        2        2  22685211
	   Memory (MB)          :        0        1      4015
...
000 (4046640.654.000) 03/15 21:06:34 Job submitted from host: <192.168.1.109:9618?addrs=192.168.1.109-9618+[--1]-9618&noUDP&sock=3153_969b_4>
...
001 (4046640.654.000) 03/15 21:12:50 Job executing on host: <192.168.1.40:9618?addrs=192.168.1.40-9618+[--1]-9618&noUDP&sock=3366_a17e_3>
...
006 (4046640.654.000) 03/15 21:12:58 Image size of job updated: 119288
	111  -  MemoryUsage of job (MB)
	112760  -  ResidentSetSize of job (KB)
...
006 (4046640.654.000) 03/15 21:17:58 Image size of job updated: 714260
	698  -  MemoryUsage of job (MB)
	714124  -  ResidentSetSize of job (KB)
...
005 (4046640.654.000) 03/15 21:18:23 Job terminated.
	(1) Normal termination (return value 0)
		Usr 0 00:00:20, Sys 0 00:00:04  -  Run Remote Usage
		Usr 0 00:00:00, Sys 0 00:00:00  -  Run Local Usage
		Usr 0 00:00:20, Sys 0 00:00:04  -  Total Remote Usage
		Usr 0 00:00:00, Sys 0 00:00:00  -  Total Local Usage
	0  -  Run Bytes Sent By Job
	0  -  Run Bytes Received By Job
	0  -  Total Bytes Sent By Job
	0  -  Total Bytes Received By Job
	Partitionable Resources :    Usage  Request Allocated
	   Cpus                 :                 1         1
	   Disk (KB)            :        2        2  20457847
	   Memory (MB)          :      698        1      4022
...
000 (4046671.654.000) 03/15 22:27:47 Job submitted from host: <192.168.1.109:9618?addrs=192.168.1.109-9618+[--1]-9618&noUDP&sock=3153_969b_4>
...
001 (4046671.654.000) 03/15 22:35:13 Job executing on host: <192.168.1.52:9618?addrs=192.168.1.52-9618+[--1]-9618&noUDP&sock=3327_407d_36>
...
006 (4046671.654.000) 03/15 22:35:22 Image size of job updated: 42380
	40  -  MemoryUsage of job (MB)
	40916  -  ResidentSetSize of job (KB)
...
006 (4046671.654.000) 03/15 22:38:19 Image size of job updated: 42380
	40  -  MemoryUsage of job (MB)
	40928  -  ResidentSetSize of job (KB)
...
005 (4046671.654.000) 03/15 22:38:19 Job terminated.
	(1) Normal termination (return value 0)
		Usr 0 00:00:45, Sys 0 00:00:06  -  Run Remote Usage
		Usr 0 00:00:00, Sys 0 00:00:00  -  Run Local Usage
		Usr 0 00:00:45, Sys 0 00:00:06  -  Total Remote Usage
		Usr 0 00:00:00, Sys 0 00:00:00  -  Total Local Usage
	0  -  Run Bytes Sent By Job
	0  -  Run Bytes Received By Job
	0  -  Total Bytes Sent By Job
	0  -  Total Bytes Received By Job
	Partitionable Resources :    Usage  Request Allocated
	   Cpus                 :                 1         1
	   Disk (KB)            :        2        2  22661368
	   Memory (MB)          :       40        1      4001
...
000 (4046674.654.000) 03/15 23:56:10 Job submitted from host: <192.168.1.109:9618?addrs=192.168.1.109-9618+[--1]-9618&noUDP&sock=3153_969b_4>
...
