000 (4046621.028.000) 03/15 20:22:12 Job submitted from host: <192.168.1.109:9618?addrs=192.168.1.109-9618+[--1]-9618&noUDP&sock=3153_969b_4>
...
001 (4046621.028.000) 03/15 20:23:19 Job executing on host: <192.168.1.42:9618?addrs=192.168.1.42-9618+[--1]-9618&noUDP&sock=3360_3385_3>
...
006 (4046621.028.000) 03/15 20:23:27 Image size of job updated: 224
	1  -  MemoryUsage of job (MB)
	224  -  ResidentSetSize of job (KB)
...
005 (4046621.028.000) 03/15 20:23:36 Job terminated.
	(1) Normal termination (return value 1)
		Usr 0 00:00:00, Sys 0 00:00:00  -  Run Remote Usage
		Usr 0 00:00:00, Sys 0 00:00:00  -  Run Local Usage
		Usr 0 00:00:00, Sys 0 00:00:00  -  Total Remote Usage
		Usr 0 00:00:00, Sys 0 00:00:00  -  Total Local Usage
	0  -  Run Bytes Sent By Job
	0  -  Run Bytes Received By Job
	0  -  Total Bytes Sent By Job
	0  -  Total Bytes Received By Job
	Partitionable Resources :    Usage  Request Allocated
	   Cpus                 :                 1         1
	   Disk (KB)            :        2        2  20458262
	   Memory (MB)          :        1        1      4022
...
000 (4046640.028.000) 03/15 21:06:32 Job submitted from host: <192.168.1.109:9618?addrs=192.168.1.109-9618+[--1]-9618&noUDP&sock=3153_969b_4>
...
001 (4046640.028.000) 03/15 21:07:17 Job executing on host: <192.168.1.45:9618?addrs=192.168.1.45-9618+[--1]-9618&noUDP&sock=3341_bd3f_3>
...
006 (4046640.028.000) 03/15 21:07:26 Image size of job updated: 45056
	44  -  MemoryUsage of job (MB)
	45008  -  ResidentSetSize of job (KB)
...
006 (4046640.028.000) 03/15 21:12:26 Image size of job updated: 221192
	215  -  MemoryUsage of job (MB)
	219860  -  ResidentSetSize of job (KB)
...
006 (4046640.028.000) 03/15 21:17:26 Image size of job updated: 787152
	769  -  MemoryUsage of job (MB)
	787104  -  ResidentSetSize of job (KB)
...
006 (4046640.028.000) 03/15 21:17:37 Image size of job updated: 1363768
	769  -  MemoryUsage of job (MB)
	787104  -  ResidentSetSize of job (KB)
...
005 (4046640.028.000) 03/15 21:17:37 Job terminated.
	(1) Normal termination (return value 0)
		Usr 0 00:00:34, Sys 0 00:00:07  -  Run Remote Usage
		Usr 0 00:00:00, Sys 0 00:00:00  -  Run Local Usage
		Usr 0 00:00:34, Sys 0 00:00:07  -  Total Remote Usage
		Usr 0 00:00:00, Sys 0 00:00:00  -  Total Local Usage
	0  -  Run Bytes Sent By Job
	0  -  Run Bytes Received By Job
	0  -  Total Bytes Sent By Job
	0  -  Total Bytes Received By Job
	Partitionable Resources :    Usage  Request Allocated
	   Cpus                 :                 1         1
	   Disk (KB)            :        2        2  20460088
	   Memory (MB)          :      769        1      4022
...
000 (4046671.028.000) 03/15 22:27:44 Job submitted from host: <192.168.1.109:9618?addrs=192.168.1.109-9618+[--1]-9618&noUDP&sock=3153_969b_4>
...
001 (4046671.028.000) 03/15 22:28:11 Job executing on host: <192.168.1.58:9618?addrs=192.168.1.58-9618+[--1]-9618&noUDP&sock=3319_c3bb_12>
...
006 (4046671.028.000) 03/15 22:28:20 Image size of job updated: 58248
	49  -  MemoryUsage of job (MB)
	49204  -  ResidentSetSize of job (KB)
...
006 (4046671.028.000) 03/15 22:31:49 Image size of job updated: 58248
	49  -  MemoryUsage of job (MB)
	49208  -  ResidentSetSize of job (KB)
...
005 (4046671.028.000) 03/15 22:31:49 Job terminated.
	(1) Normal termination (return value 0)
		Usr 0 00:00:30, Sys 0 00:00:04  -  Run Remote Usage
		Usr 0 00:00:00, Sys 0 00:00:00  -  Run Local Usage
		Usr 0 00:00:30, Sys 0 00:00:04  -  Total Remote Usage
		Usr 0 00:00:00, Sys 0 00:00:00  -  Total Local Usage
	0  -  Run Bytes Sent By Job
	0  -  Run Bytes Received By Job
	0  -  Total Bytes Sent By Job
	0  -  Total Bytes Received By Job
	Partitionable Resources :    Usage  Request Allocated
	   Cpus                 :                 1         1
	   Disk (KB)            :        2        2  22659268
	   Memory (MB)          :       49        1      4001
...
000 (4046674.028.000) 03/15 23:56:06 Job submitted from host: <192.168.1.109:9618?addrs=192.168.1.109-9618+[--1]-9618&noUDP&sock=3153_969b_4>
...
