000 (4046621.1181.000) 03/15 20:22:25 Job submitted from host: <192.168.1.109:9618?addrs=192.168.1.109-9618+[--1]-9618&noUDP&sock=3153_969b_4>
...
001 (4046621.1181.000) 03/15 20:24:22 Job executing on host: <192.168.1.41:9618?addrs=192.168.1.41-9618+[--1]-9618&noUDP&sock=3368_a17e_3>
...
006 (4046621.1181.000) 03/15 20:24:23 Image size of job updated: 124636
	0  -  MemoryUsage of job (MB)
	0  -  ResidentSetSize of job (KB)
...
005 (4046621.1181.000) 03/15 20:24:27 Job terminated.
	(1) Normal termination (return value 1)
		Usr 0 00:00:00, Sys 0 00:00:00  -  Run Remote Usage
		Usr 0 00:00:00, Sys 0 00:00:00  -  Run Local Usage
		Usr 0 00:00:00, Sys 0 00:00:00  -  Total Remote Usage
		Usr 0 00:00:00, Sys 0 00:00:00  -  Total Local Usage
	0  -  Run Bytes Sent By Job
	0  -  Run Bytes Received By Job
	0  -  Total Bytes Sent By Job
	0  -  Total Bytes Received By Job
	Partitionable Resources :    Usage  Request Allocated
	   Cpus                 :                 1         1
	   Disk (KB)            :        2        2  20458618
	   Memory (MB)          :        0        1      4022
...
000 (4046640.1181.000) 03/15 21:06:37 Job submitted from host: <192.168.1.109:9618?addrs=192.168.1.109-9618+[--1]-9618&noUDP&sock=3153_969b_4>
...
001 (4046640.1181.000) 03/15 21:17:40 Job executing on host: <192.168.1.45:9618?addrs=192.168.1.45-9618+[--1]-9618&noUDP&sock=3341_bd3f_3>
...
006 (4046640.1181.000) 03/15 21:17:48 Image size of job updated: 52148
	51  -  MemoryUsage of job (MB)
	52116  -  ResidentSetSize of job (KB)
...
006 (4046640.1181.000) 03/15 21:21:22 Image size of job updated: 1363768
	51  -  MemoryUsage of job (MB)
	52116  -  ResidentSetSize of job (KB)
...
005 (4046640.1181.000) 03/15 21:21:32 Job terminated.
	(1) Normal termination (return value 0)
		Usr 0 00:00:27, Sys 0 00:00:06  -  Run Remote Usage
		Usr 0 00:00:00, Sys 0 00:00:00  -  Run Local Usage
		Usr 0 00:00:27, Sys 0 00:00:06  -  Total Remote Usage
		Usr 0 00:00:00, Sys 0 00:00:00  -  Total Local Usage
	0  -  Run Bytes Sent By Job
	0  -  Run Bytes Received By Job
	0  -  Total Bytes Sent By Job
	0  -  Total Bytes Received By Job
	Partitionable Resources :    Usage  Request Allocated
	   Cpus                 :                 1         1
	   Disk (KB)            :        2        2  20460088
	   Memory (MB)          :       51        1      4022
...
000 (4046674.1181.000) 03/15 23:56:12 Job submitted from host: <192.168.1.109:9618?addrs=192.168.1.109-9618+[--1]-9618&noUDP&sock=3153_969b_4>
...
009 (4046674.1181.000) 03/16 00:49:27 Job was aborted by the user.
	via condor_rm (by user routray)
...
000 (4047692.1181.000) 03/16 09:41:56 Job submitted from host: <192.168.1.109:9618?addrs=192.168.1.109-9618+[--1]-9618&noUDP&sock=3153_969b_4>
...
001 (4047692.1181.000) 03/16 09:55:27 Job executing on host: <192.168.1.45:9618?addrs=192.168.1.45-9618+[--1]-9618&noUDP&sock=3341_bd3f_3>
...
006 (4047692.1181.000) 03/16 09:55:36 Image size of job updated: 32412
	32  -  MemoryUsage of job (MB)
	32412  -  ResidentSetSize of job (KB)
...
006 (4047692.1181.000) 03/16 10:00:36 Image size of job updated: 599644
	586  -  MemoryUsage of job (MB)
	599640  -  ResidentSetSize of job (KB)
...
006 (4047692.1181.000) 03/16 10:04:18 Image size of job updated: 1393636
	586  -  MemoryUsage of job (MB)
	599640  -  ResidentSetSize of job (KB)
...
005 (4047692.1181.000) 03/16 10:04:18 Job terminated.
	(1) Normal termination (return value 0)
		Usr 0 00:00:18, Sys 0 00:00:05  -  Run Remote Usage
		Usr 0 00:00:00, Sys 0 00:00:00  -  Run Local Usage
		Usr 0 00:00:18, Sys 0 00:00:05  -  Total Remote Usage
		Usr 0 00:00:00, Sys 0 00:00:00  -  Total Local Usage
	0  -  Run Bytes Sent By Job
	0  -  Run Bytes Received By Job
	0  -  Total Bytes Sent By Job
	0  -  Total Bytes Received By Job
	Partitionable Resources :    Usage  Request Allocated
	   Cpus                 :                 1         1
	   Disk (KB)            :        2        2  20460088
	   Memory (MB)          :      586        1      4022
...
000 (4047694.1181.000) 03/16 10:19:00 Job submitted from host: <192.168.1.109:9618?addrs=192.168.1.109-9618+[--1]-9618&noUDP&sock=3153_969b_4>
...
001 (4047694.1181.000) 03/16 10:20:23 Job executing on host: <192.168.1.60:9618?addrs=192.168.1.60-9618+[--1]-9618&noUDP&sock=3480_d34a_3>
...
006 (4047694.1181.000) 03/16 10:20:24 Image size of job updated: 124384
	0  -  MemoryUsage of job (MB)
	0  -  ResidentSetSize of job (KB)
...
005 (4047694.1181.000) 03/16 10:20:30 Job terminated.
	(1) Normal termination (return value 1)
		Usr 0 00:00:00, Sys 0 00:00:00  -  Run Remote Usage
		Usr 0 00:00:00, Sys 0 00:00:00  -  Run Local Usage
		Usr 0 00:00:00, Sys 0 00:00:00  -  Total Remote Usage
		Usr 0 00:00:00, Sys 0 00:00:00  -  Total Local Usage
	0  -  Run Bytes Sent By Job
	0  -  Run Bytes Received By Job
	0  -  Total Bytes Sent By Job
	0  -  Total Bytes Received By Job
	Partitionable Resources :    Usage  Request Allocated
	   Cpus                 :                 1         1
	   Disk (KB)            :        2        2  22661047
	   Memory (MB)          :        0        1      4001
...
000 (4047695.1181.000) 03/16 10:31:38 Job submitted from host: <192.168.1.109:9618?addrs=192.168.1.109-9618+[--1]-9618&noUDP&sock=3153_969b_4>
...
001 (4047695.1181.000) 03/16 10:38:52 Job executing on host: <192.168.1.39:9618?addrs=192.168.1.39-9618+[--1]-9618&noUDP&sock=3239_16fe_3>
...
006 (4047695.1181.000) 03/16 10:39:00 Image size of job updated: 49504
	49  -  MemoryUsage of job (MB)
	49480  -  ResidentSetSize of job (KB)
...
006 (4047695.1181.000) 03/16 10:44:00 Image size of job updated: 620592
	606  -  MemoryUsage of job (MB)
	620400  -  ResidentSetSize of job (KB)
...
006 (4047695.1181.000) 03/16 10:45:06 Image size of job updated: 620592
	606  -  MemoryUsage of job (MB)
	620408  -  ResidentSetSize of job (KB)
...
005 (4047695.1181.000) 03/16 10:45:07 Job terminated.
	(1) Normal termination (return value 0)
		Usr 0 00:00:29, Sys 0 00:00:07  -  Run Remote Usage
		Usr 0 00:00:00, Sys 0 00:00:00  -  Run Local Usage
		Usr 0 00:00:29, Sys 0 00:00:07  -  Total Remote Usage
		Usr 0 00:00:00, Sys 0 00:00:00  -  Total Local Usage
	0  -  Run Bytes Sent By Job
	0  -  Run Bytes Received By Job
	0  -  Total Bytes Sent By Job
	0  -  Total Bytes Received By Job
	Partitionable Resources :    Usage  Request Allocated
	   Cpus                 :                 1         1
	   Disk (KB)            :        2        2  20460459
	   Memory (MB)          :      606        1      4022
...
000 (4048296.1181.000) 03/16 11:27:09 Job submitted from host: <192.168.1.109:9618?addrs=192.168.1.109-9618+[--1]-9618&noUDP&sock=3153_969b_4>
...
009 (4048296.1181.000) 03/16 11:28:02 Job was aborted by the user.
	via condor_rm (by user routray)
...
