000 (4046621.029.000) 03/15 20:22:12 Job submitted from host: <192.168.1.109:9618?addrs=192.168.1.109-9618+[--1]-9618&noUDP&sock=3153_969b_4>
...
001 (4046621.029.000) 03/15 20:23:19 Job executing on host: <192.168.1.41:9618?addrs=192.168.1.41-9618+[--1]-9618&noUDP&sock=3368_a17e_3>
...
006 (4046621.029.000) 03/15 20:23:21 Image size of job updated: 119524
	0  -  MemoryUsage of job (MB)
	0  -  ResidentSetSize of job (KB)
...
005 (4046621.029.000) 03/15 20:23:22 Job terminated.
	(1) Normal termination (return value 1)
		Usr 0 00:00:00, Sys 0 00:00:00  -  Run Remote Usage
		Usr 0 00:00:00, Sys 0 00:00:00  -  Run Local Usage
		Usr 0 00:00:00, Sys 0 00:00:00  -  Total Remote Usage
		Usr 0 00:00:00, Sys 0 00:00:00  -  Total Local Usage
	0  -  Run Bytes Sent By Job
	0  -  Run Bytes Received By Job
	0  -  Total Bytes Sent By Job
	0  -  Total Bytes Received By Job
	Partitionable Resources :    Usage  Request Allocated
	   Cpus                 :                 1         1
	   Disk (KB)            :        2        2  20458619
	   Memory (MB)          :        0        1      4022
...
000 (4046640.029.000) 03/15 21:06:32 Job submitted from host: <192.168.1.109:9618?addrs=192.168.1.109-9618+[--1]-9618&noUDP&sock=3153_969b_4>
...
001 (4046640.029.000) 03/15 21:07:18 Job executing on host: <192.168.1.45:9618?addrs=192.168.1.45-9618+[--1]-9618&noUDP&sock=3341_bd3f_3>
...
006 (4046640.029.000) 03/15 21:07:27 Image size of job updated: 49164
	48  -  MemoryUsage of job (MB)
	48424  -  ResidentSetSize of job (KB)
...
006 (4046640.029.000) 03/15 21:12:28 Image size of job updated: 218640
	214  -  MemoryUsage of job (MB)
	218608  -  ResidentSetSize of job (KB)
...
006 (4046640.029.000) 03/15 21:17:22 Image size of job updated: 1363768
	214  -  MemoryUsage of job (MB)
	218608  -  ResidentSetSize of job (KB)
...
005 (4046640.029.000) 03/15 21:17:22 Job terminated.
	(1) Normal termination (return value 0)
		Usr 0 00:00:33, Sys 0 00:00:07  -  Run Remote Usage
		Usr 0 00:00:00, Sys 0 00:00:00  -  Run Local Usage
		Usr 0 00:00:33, Sys 0 00:00:07  -  Total Remote Usage
		Usr 0 00:00:00, Sys 0 00:00:00  -  Total Local Usage
	0  -  Run Bytes Sent By Job
	0  -  Run Bytes Received By Job
	0  -  Total Bytes Sent By Job
	0  -  Total Bytes Received By Job
	Partitionable Resources :    Usage  Request Allocated
	   Cpus                 :                 1         1
	   Disk (KB)            :        2        2  20460088
	   Memory (MB)          :      214        1      4022
...
000 (4046671.029.000) 03/15 22:27:44 Job submitted from host: <192.168.1.109:9618?addrs=192.168.1.109-9618+[--1]-9618&noUDP&sock=3153_969b_4>
...
001 (4046671.029.000) 03/15 22:28:11 Job executing on host: <192.168.1.67:9618?addrs=192.168.1.67-9618+[--1]-9618&noUDP&sock=3517_344b_38>
...
006 (4046671.029.000) 03/15 22:28:20 Image size of job updated: 50560
	49  -  MemoryUsage of job (MB)
	49204  -  ResidentSetSize of job (KB)
...
006 (4046671.029.000) 03/15 22:33:21 Image size of job updated: 706840
	688  -  MemoryUsage of job (MB)
	703628  -  ResidentSetSize of job (KB)
...
005 (4046671.029.000) 03/15 22:35:51 Job terminated.
	(1) Normal termination (return value 0)
		Usr 0 00:00:34, Sys 0 00:00:05  -  Run Remote Usage
		Usr 0 00:00:00, Sys 0 00:00:00  -  Run Local Usage
		Usr 0 00:00:34, Sys 0 00:00:05  -  Total Remote Usage
		Usr 0 00:00:00, Sys 0 00:00:00  -  Total Local Usage
	0  -  Run Bytes Sent By Job
	0  -  Run Bytes Received By Job
	0  -  Total Bytes Sent By Job
	0  -  Total Bytes Received By Job
	Partitionable Resources :    Usage  Request Allocated
	   Cpus                 :                 1         1
	   Disk (KB)            :        2        2  22682500
	   Memory (MB)          :      688        1      4015
...
000 (4046674.029.000) 03/15 23:56:06 Job submitted from host: <192.168.1.109:9618?addrs=192.168.1.109-9618+[--1]-9618&noUDP&sock=3153_969b_4>
...
009 (4046674.029.000) 03/16 00:49:19 Job was aborted by the user.
	via condor_rm (by user routray)
...
000 (4047692.029.000) 03/16 09:41:43 Job submitted from host: <192.168.1.109:9618?addrs=192.168.1.109-9618+[--1]-9618&noUDP&sock=3153_969b_4>
...
001 (4047692.029.000) 03/16 09:42:22 Job executing on host: <192.168.1.45:9618?addrs=192.168.1.45-9618+[--1]-9618&noUDP&sock=3341_bd3f_3>
...
006 (4047692.029.000) 03/16 09:42:31 Image size of job updated: 40528
	40  -  MemoryUsage of job (MB)
	40528  -  ResidentSetSize of job (KB)
...
006 (4047692.029.000) 03/16 09:47:31 Image size of job updated: 260616
	253  -  MemoryUsage of job (MB)
	258412  -  ResidentSetSize of job (KB)
...
006 (4047692.029.000) 03/16 09:52:31 Image size of job updated: 716200
	697  -  MemoryUsage of job (MB)
	713700  -  ResidentSetSize of job (KB)
...
006 (4047692.029.000) 03/16 09:54:52 Image size of job updated: 1393636
	697  -  MemoryUsage of job (MB)
	713700  -  ResidentSetSize of job (KB)
...
005 (4047692.029.000) 03/16 09:54:52 Job terminated.
	(1) Normal termination (return value 0)
		Usr 0 00:00:23, Sys 0 00:00:07  -  Run Remote Usage
		Usr 0 00:00:00, Sys 0 00:00:00  -  Run Local Usage
		Usr 0 00:00:23, Sys 0 00:00:07  -  Total Remote Usage
		Usr 0 00:00:00, Sys 0 00:00:00  -  Total Local Usage
	0  -  Run Bytes Sent By Job
	0  -  Run Bytes Received By Job
	0  -  Total Bytes Sent By Job
	0  -  Total Bytes Received By Job
	Partitionable Resources :    Usage  Request Allocated
	   Cpus                 :                 1         1
	   Disk (KB)            :        2        2  20460088
	   Memory (MB)          :      697        1      4022
...
000 (4047694.029.000) 03/16 10:18:54 Job submitted from host: <192.168.1.109:9618?addrs=192.168.1.109-9618+[--1]-9618&noUDP&sock=3153_969b_4>
...
001 (4047694.029.000) 03/16 10:19:27 Job executing on host: <192.168.1.45:9618?addrs=192.168.1.45-9618+[--1]-9618&noUDP&sock=3341_bd3f_3>
...
006 (4047694.029.000) 03/16 10:19:28 Image size of job updated: 756
	0  -  MemoryUsage of job (MB)
	0  -  ResidentSetSize of job (KB)
...
005 (4047694.029.000) 03/16 10:19:30 Job terminated.
	(1) Normal termination (return value 1)
		Usr 0 00:00:00, Sys 0 00:00:00  -  Run Remote Usage
		Usr 0 00:00:00, Sys 0 00:00:00  -  Run Local Usage
		Usr 0 00:00:00, Sys 0 00:00:00  -  Total Remote Usage
		Usr 0 00:00:00, Sys 0 00:00:00  -  Total Local Usage
	0  -  Run Bytes Sent By Job
	0  -  Run Bytes Received By Job
	0  -  Total Bytes Sent By Job
	0  -  Total Bytes Received By Job
	Partitionable Resources :    Usage  Request Allocated
	   Cpus                 :                 1         1
	   Disk (KB)            :        2        2  20460088
	   Memory (MB)          :        0        1      4022
...
000 (4047695.029.000) 03/16 10:31:33 Job submitted from host: <192.168.1.109:9618?addrs=192.168.1.109-9618+[--1]-9618&noUDP&sock=3153_969b_4>
...
001 (4047695.029.000) 03/16 10:32:14 Job executing on host: <192.168.1.45:9618?addrs=192.168.1.45-9618+[--1]-9618&noUDP&sock=3341_bd3f_3>
...
006 (4047695.029.000) 03/16 10:32:22 Image size of job updated: 46064
	45  -  MemoryUsage of job (MB)
	45988  -  ResidentSetSize of job (KB)
...
006 (4047695.029.000) 03/16 10:37:22 Image size of job updated: 685552
	668  -  MemoryUsage of job (MB)
	683580  -  ResidentSetSize of job (KB)
...
005 (4047695.029.000) 03/16 10:38:41 Job terminated.
	(1) Normal termination (return value 0)
		Usr 0 00:00:32, Sys 0 00:00:07  -  Run Remote Usage
		Usr 0 00:00:00, Sys 0 00:00:00  -  Run Local Usage
		Usr 0 00:00:32, Sys 0 00:00:07  -  Total Remote Usage
		Usr 0 00:00:00, Sys 0 00:00:00  -  Total Local Usage
	0  -  Run Bytes Sent By Job
	0  -  Run Bytes Received By Job
	0  -  Total Bytes Sent By Job
	0  -  Total Bytes Received By Job
	Partitionable Resources :    Usage  Request Allocated
	   Cpus                 :                 1         1
	   Disk (KB)            :        2        2  20460088
	   Memory (MB)          :      668        1      4022
...
000 (4048296.029.000) 03/16 11:27:01 Job submitted from host: <192.168.1.109:9618?addrs=192.168.1.109-9618+[--1]-9618&noUDP&sock=3153_969b_4>
...
009 (4048296.029.000) 03/16 11:27:52 Job was aborted by the user.
	via condor_rm (by user routray)
...
000 (4048297.029.000) 03/16 11:28:58 Job submitted from host: <192.168.1.109:9618?addrs=192.168.1.109-9618+[--1]-9618&noUDP&sock=3153_969b_4>
...
009 (4048297.029.000) 03/16 11:30:08 Job was aborted by the user.
	via condor_rm (by user routray)
...
