000 (4046621.1661.000) 03/15 20:22:30 Job submitted from host: <192.168.1.109:9618?addrs=192.168.1.109-9618+[--1]-9618&noUDP&sock=3153_969b_4>
...
009 (4046621.1661.000) 03/15 20:25:10 Job was aborted by the user.
	via condor_rm (by user routray)
...
000 (4046640.1661.000) 03/15 21:06:39 Job submitted from host: <192.168.1.109:9618?addrs=192.168.1.109-9618+[--1]-9618&noUDP&sock=3153_969b_4>
...
001 (4046640.1661.000) 03/15 21:21:20 Job executing on host: <192.168.1.43:9618?addrs=192.168.1.43-9618+[--1]-9618&noUDP&sock=3360_24bc_3>
...
006 (4046640.1661.000) 03/15 21:21:29 Image size of job updated: 39724
	39  -  MemoryUsage of job (MB)
	39688  -  ResidentSetSize of job (KB)
...
006 (4046640.1661.000) 03/15 21:26:29 Image size of job updated: 618160
	601  -  MemoryUsage of job (MB)
	615412  -  ResidentSetSize of job (KB)
...
006 (4046640.1661.000) 03/15 21:27:48 Image size of job updated: 1363764
	601  -  MemoryUsage of job (MB)
	615412  -  ResidentSetSize of job (KB)
...
005 (4046640.1661.000) 03/15 21:27:48 Job terminated.
	(1) Normal termination (return value 0)
		Usr 0 00:00:30, Sys 0 00:00:07  -  Run Remote Usage
		Usr 0 00:00:00, Sys 0 00:00:00  -  Run Local Usage
		Usr 0 00:00:30, Sys 0 00:00:07  -  Total Remote Usage
		Usr 0 00:00:00, Sys 0 00:00:00  -  Total Local Usage
	0  -  Run Bytes Sent By Job
	0  -  Run Bytes Received By Job
	0  -  Total Bytes Sent By Job
	0  -  Total Bytes Received By Job
	Partitionable Resources :    Usage  Request Allocated
	   Cpus                 :                 1         1
	   Disk (KB)            :        2        2  20458451
	   Memory (MB)          :      601        1      4022
...
000 (4046674.1661.000) 03/15 23:56:14 Job submitted from host: <192.168.1.109:9618?addrs=192.168.1.109-9618+[--1]-9618&noUDP&sock=3153_969b_4>
...
009 (4046674.1661.000) 03/16 00:49:30 Job was aborted by the user.
	via condor_rm (by user routray)
...
000 (4047692.1661.000) 03/16 09:42:00 Job submitted from host: <192.168.1.109:9618?addrs=192.168.1.109-9618+[--1]-9618&noUDP&sock=3153_969b_4>
...
001 (4047692.1661.000) 03/16 10:04:29 Job executing on host: <192.168.1.40:9618?addrs=192.168.1.40-9618+[--1]-9618&noUDP&sock=3366_a17e_3>
...
006 (4047692.1661.000) 03/16 10:04:37 Image size of job updated: 50800
	49  -  MemoryUsage of job (MB)
	49816  -  ResidentSetSize of job (KB)
...
006 (4047692.1661.000) 03/16 10:09:37 Image size of job updated: 668540
	653  -  MemoryUsage of job (MB)
	668232  -  ResidentSetSize of job (KB)
...
005 (4047692.1661.000) 03/16 10:12:21 Job terminated.
	(1) Normal termination (return value 0)
		Usr 0 00:00:19, Sys 0 00:00:05  -  Run Remote Usage
		Usr 0 00:00:00, Sys 0 00:00:00  -  Run Local Usage
		Usr 0 00:00:19, Sys 0 00:00:05  -  Total Remote Usage
		Usr 0 00:00:00, Sys 0 00:00:00  -  Total Local Usage
	0  -  Run Bytes Sent By Job
	0  -  Run Bytes Received By Job
	0  -  Total Bytes Sent By Job
	0  -  Total Bytes Received By Job
	Partitionable Resources :    Usage  Request Allocated
	   Cpus                 :                 1         1
	   Disk (KB)            :        2        2  20457847
	   Memory (MB)          :      653        1      4022
...
000 (4047694.1661.000) 03/16 10:19:03 Job submitted from host: <192.168.1.109:9618?addrs=192.168.1.109-9618+[--1]-9618&noUDP&sock=3153_969b_4>
...
001 (4047694.1661.000) 03/16 10:21:03 Job executing on host: <192.168.1.63:9618?addrs=192.168.1.63-9618+[--1]-9618&noUDP&sock=3501_ea5f_33>
...
006 (4047694.1661.000) 03/16 10:21:04 Image size of job updated: 2
	0  -  MemoryUsage of job (MB)
	0  -  ResidentSetSize of job (KB)
...
005 (4047694.1661.000) 03/16 10:21:39 Job terminated.
	(1) Normal termination (return value 1)
		Usr 0 00:00:00, Sys 0 00:00:00  -  Run Remote Usage
		Usr 0 00:00:00, Sys 0 00:00:00  -  Run Local Usage
		Usr 0 00:00:00, Sys 0 00:00:00  -  Total Remote Usage
		Usr 0 00:00:00, Sys 0 00:00:00  -  Total Local Usage
	0  -  Run Bytes Sent By Job
	0  -  Run Bytes Received By Job
	0  -  Total Bytes Sent By Job
	0  -  Total Bytes Received By Job
	Partitionable Resources :    Usage  Request Allocated
	   Cpus                 :                 1         1
	   Disk (KB)            :        2        2  22685400
	   Memory (MB)          :        0        1      4015
...
000 (4047695.1661.000) 03/16 10:31:41 Job submitted from host: <192.168.1.109:9618?addrs=192.168.1.109-9618+[--1]-9618&noUDP&sock=3153_969b_4>
...
001 (4047695.1661.000) 03/16 10:45:03 Job executing on host: <192.168.1.39:9618?addrs=192.168.1.39-9618+[--1]-9618&noUDP&sock=3239_16fe_3>
...
006 (4047695.1661.000) 03/16 10:45:11 Image size of job updated: 25744
	26  -  MemoryUsage of job (MB)
	25744  -  ResidentSetSize of job (KB)
...
006 (4047695.1661.000) 03/16 10:50:11 Image size of job updated: 618748
	603  -  MemoryUsage of job (MB)
	616900  -  ResidentSetSize of job (KB)
...
005 (4047695.1661.000) 03/16 10:51:08 Job terminated.
	(1) Normal termination (return value 0)
		Usr 0 00:00:29, Sys 0 00:00:07  -  Run Remote Usage
		Usr 0 00:00:00, Sys 0 00:00:00  -  Run Local Usage
		Usr 0 00:00:29, Sys 0 00:00:07  -  Total Remote Usage
		Usr 0 00:00:00, Sys 0 00:00:00  -  Total Local Usage
	0  -  Run Bytes Sent By Job
	0  -  Run Bytes Received By Job
	0  -  Total Bytes Sent By Job
	0  -  Total Bytes Received By Job
	Partitionable Resources :    Usage  Request Allocated
	   Cpus                 :                 1         1
	   Disk (KB)            :        2        2  20460459
	   Memory (MB)          :      603        1      4022
...
000 (4048296.1661.000) 03/16 11:27:11 Job submitted from host: <192.168.1.109:9618?addrs=192.168.1.109-9618+[--1]-9618&noUDP&sock=3153_969b_4>
...
009 (4048296.1661.000) 03/16 11:28:06 Job was aborted by the user.
	via condor_rm (by user routray)
...
