000 (4046621.821.000) 03/15 20:22:21 Job submitted from host: <192.168.1.109:9618?addrs=192.168.1.109-9618+[--1]-9618&noUDP&sock=3153_969b_4>
...
001 (4046621.821.000) 03/15 20:23:50 Job executing on host: <192.168.1.60:9618?addrs=192.168.1.60-9618+[--1]-9618&noUDP&sock=3480_d34a_3>
...
006 (4046621.821.000) 03/15 20:23:52 Image size of job updated: 908
	0  -  MemoryUsage of job (MB)
	0  -  ResidentSetSize of job (KB)
...
005 (4046621.821.000) 03/15 20:23:57 Job terminated.
	(1) Normal termination (return value 1)
		Usr 0 00:00:00, Sys 0 00:00:00  -  Run Remote Usage
		Usr 0 00:00:00, Sys 0 00:00:00  -  Run Local Usage
		Usr 0 00:00:00, Sys 0 00:00:00  -  Total Remote Usage
		Usr 0 00:00:00, Sys 0 00:00:00  -  Total Local Usage
	0  -  Run Bytes Sent By Job
	0  -  Run Bytes Received By Job
	0  -  Total Bytes Sent By Job
	0  -  Total Bytes Received By Job
	Partitionable Resources :    Usage  Request Allocated
	   Cpus                 :                 1         1
	   Disk (KB)            :        2        2  22661048
	   Memory (MB)          :        0        1      4001
...
000 (4046640.821.000) 03/15 21:06:35 Job submitted from host: <192.168.1.109:9618?addrs=192.168.1.109-9618+[--1]-9618&noUDP&sock=3153_969b_4>
...
001 (4046640.821.000) 03/15 21:13:57 Job executing on host: <192.168.1.50:9618?addrs=192.168.1.50-9618+[--1]-9618&noUDP&sock=3247_5221_3>
...
006 (4046640.821.000) 03/15 21:14:06 Image size of job updated: 49052
	48  -  MemoryUsage of job (MB)
	49008  -  ResidentSetSize of job (KB)
...
006 (4046640.821.000) 03/15 21:19:07 Image size of job updated: 675208
	660  -  MemoryUsage of job (MB)
	674940  -  ResidentSetSize of job (KB)
...
005 (4046640.821.000) 03/15 21:21:07 Job terminated.
	(1) Normal termination (return value 0)
		Usr 0 00:00:27, Sys 0 00:00:06  -  Run Remote Usage
		Usr 0 00:00:00, Sys 0 00:00:00  -  Run Local Usage
		Usr 0 00:00:27, Sys 0 00:00:06  -  Total Remote Usage
		Usr 0 00:00:00, Sys 0 00:00:00  -  Total Local Usage
	0  -  Run Bytes Sent By Job
	0  -  Run Bytes Received By Job
	0  -  Total Bytes Sent By Job
	0  -  Total Bytes Received By Job
	Partitionable Resources :    Usage  Request Allocated
	   Cpus                 :                 1         1
	   Disk (KB)            :        2        2  28493273
	   Memory (MB)          :      660        1      4020
...
000 (4046671.821.000) 03/15 22:27:48 Job submitted from host: <192.168.1.109:9618?addrs=192.168.1.109-9618+[--1]-9618&noUDP&sock=3153_969b_4>
...
001 (4046671.821.000) 03/15 22:37:51 Job executing on host: <192.168.1.53:9618?addrs=192.168.1.53-9618+[--1]-9618&noUDP&sock=3369_5fdf_35>
...
006 (4046671.821.000) 03/15 22:38:00 Image size of job updated: 27544
	25  -  MemoryUsage of job (MB)
	24872  -  ResidentSetSize of job (KB)
...
006 (4046671.821.000) 03/15 22:40:14 Image size of job updated: 1363768
	25  -  MemoryUsage of job (MB)
	24872  -  ResidentSetSize of job (KB)
...
005 (4046671.821.000) 03/15 22:40:14 Job terminated.
	(1) Normal termination (return value 0)
		Usr 0 00:00:39, Sys 0 00:00:06  -  Run Remote Usage
		Usr 0 00:00:00, Sys 0 00:00:00  -  Run Local Usage
		Usr 0 00:00:39, Sys 0 00:00:06  -  Total Remote Usage
		Usr 0 00:00:00, Sys 0 00:00:00  -  Total Local Usage
	0  -  Run Bytes Sent By Job
	0  -  Run Bytes Received By Job
	0  -  Total Bytes Sent By Job
	0  -  Total Bytes Received By Job
	Partitionable Resources :    Usage  Request Allocated
	   Cpus                 :                 1         1
	   Disk (KB)            :        2        2  22662181
	   Memory (MB)          :       25        1      4001
...
000 (4046674.821.000) 03/15 23:56:10 Job submitted from host: <192.168.1.109:9618?addrs=192.168.1.109-9618+[--1]-9618&noUDP&sock=3153_969b_4>
...
009 (4046674.821.000) 03/16 00:49:25 Job was aborted by the user.
	via condor_rm (by user routray)
...
000 (4047692.821.000) 03/16 09:41:53 Job submitted from host: <192.168.1.109:9618?addrs=192.168.1.109-9618+[--1]-9618&noUDP&sock=3153_969b_4>
...
001 (4047692.821.000) 03/16 09:54:48 Job executing on host: <192.168.1.51:9618?addrs=192.168.1.51-9618+[--1]-9618&noUDP&sock=3125_b25b_3>
...
006 (4047692.821.000) 03/16 09:54:57 Image size of job updated: 24988
	25  -  MemoryUsage of job (MB)
	24808  -  ResidentSetSize of job (KB)
...
006 (4047692.821.000) 03/16 09:59:58 Image size of job updated: 628492
	614  -  MemoryUsage of job (MB)
	628132  -  ResidentSetSize of job (KB)
...
005 (4047692.821.000) 03/16 10:03:52 Job terminated.
	(1) Normal termination (return value 0)
		Usr 0 00:00:18, Sys 0 00:00:04  -  Run Remote Usage
		Usr 0 00:00:00, Sys 0 00:00:00  -  Run Local Usage
		Usr 0 00:00:18, Sys 0 00:00:04  -  Total Remote Usage
		Usr 0 00:00:00, Sys 0 00:00:00  -  Total Local Usage
	0  -  Run Bytes Sent By Job
	0  -  Run Bytes Received By Job
	0  -  Total Bytes Sent By Job
	0  -  Total Bytes Received By Job
	Partitionable Resources :    Usage  Request Allocated
	   Cpus                 :                 1         1
	   Disk (KB)            :        2        2  28494197
	   Memory (MB)          :      614        1      4020
...
000 (4047694.821.000) 03/16 10:18:58 Job submitted from host: <192.168.1.109:9618?addrs=192.168.1.109-9618+[--1]-9618&noUDP&sock=3153_969b_4>
...
001 (4047694.821.000) 03/16 10:20:47 Job executing on host: <192.168.1.50:9618?addrs=192.168.1.50-9618+[--1]-9618&noUDP&sock=3247_5221_3>
...
006 (4047694.821.000) 03/16 10:20:48 Image size of job updated: 131808
	0  -  MemoryUsage of job (MB)
	0  -  ResidentSetSize of job (KB)
...
005 (4047694.821.000) 03/16 10:20:53 Job terminated.
	(1) Normal termination (return value 1)
		Usr 0 00:00:00, Sys 0 00:00:00  -  Run Remote Usage
		Usr 0 00:00:00, Sys 0 00:00:00  -  Run Local Usage
		Usr 0 00:00:00, Sys 0 00:00:00  -  Total Remote Usage
		Usr 0 00:00:00, Sys 0 00:00:00  -  Total Local Usage
	0  -  Run Bytes Sent By Job
	0  -  Run Bytes Received By Job
	0  -  Total Bytes Sent By Job
	0  -  Total Bytes Received By Job
	Partitionable Resources :    Usage  Request Allocated
	   Cpus                 :                 1         1
	   Disk (KB)            :        2        2  28493273
	   Memory (MB)          :        0        1      4020
...
000 (4047695.821.000) 03/16 10:31:37 Job submitted from host: <192.168.1.109:9618?addrs=192.168.1.109-9618+[--1]-9618&noUDP&sock=3153_969b_4>
...
001 (4047695.821.000) 03/16 10:38:21 Job executing on host: <192.168.1.51:9618?addrs=192.168.1.51-9618+[--1]-9618&noUDP&sock=3125_b25b_3>
...
006 (4047695.821.000) 03/16 10:38:30 Image size of job updated: 14788
	15  -  MemoryUsage of job (MB)
	14788  -  ResidentSetSize of job (KB)
...
006 (4047695.821.000) 03/16 10:43:30 Image size of job updated: 696748
	679  -  MemoryUsage of job (MB)
	694312  -  ResidentSetSize of job (KB)
...
006 (4047695.821.000) 03/16 10:44:33 Image size of job updated: 1363776
	679  -  MemoryUsage of job (MB)
	694312  -  ResidentSetSize of job (KB)
...
005 (4047695.821.000) 03/16 10:44:34 Job terminated.
	(1) Normal termination (return value 0)
		Usr 0 00:00:27, Sys 0 00:00:06  -  Run Remote Usage
		Usr 0 00:00:00, Sys 0 00:00:00  -  Run Local Usage
		Usr 0 00:00:27, Sys 0 00:00:06  -  Total Remote Usage
		Usr 0 00:00:00, Sys 0 00:00:00  -  Total Local Usage
	0  -  Run Bytes Sent By Job
	0  -  Run Bytes Received By Job
	0  -  Total Bytes Sent By Job
	0  -  Total Bytes Received By Job
	Partitionable Resources :    Usage  Request Allocated
	   Cpus                 :                 1         1
	   Disk (KB)            :        2        2  28494197
	   Memory (MB)          :      679        1      4020
...
000 (4048296.821.000) 03/16 11:27:07 Job submitted from host: <192.168.1.109:9618?addrs=192.168.1.109-9618+[--1]-9618&noUDP&sock=3153_969b_4>
...
009 (4048296.821.000) 03/16 11:27:59 Job was aborted by the user.
	via condor_rm (by user routray)
...
000 (4048297.821.000) 03/16 11:29:03 Job submitted from host: <192.168.1.109:9618?addrs=192.168.1.109-9618+[--1]-9618&noUDP&sock=3153_969b_4>
...
009 (4048297.821.000) 03/16 11:30:14 Job was aborted by the user.
	via condor_rm (by user routray)
...
