000 (4046621.496.000) 03/15 20:22:18 Job submitted from host: <192.168.1.109:9618?addrs=192.168.1.109-9618+[--1]-9618&noUDP&sock=3153_969b_4>
...
009 (4046621.496.000) 03/15 20:24:53 Job was aborted by the user.
	via condor_rm (by user routray)
...
000 (4046640.496.000) 03/15 21:06:33 Job submitted from host: <192.168.1.109:9618?addrs=192.168.1.109-9618+[--1]-9618&noUDP&sock=3153_969b_4>
...
001 (4046640.496.000) 03/15 21:07:35 Job executing on host: <192.168.1.50:9618?addrs=192.168.1.50-9618+[--1]-9618&noUDP&sock=3247_5221_3>
...
006 (4046640.496.000) 03/15 21:07:44 Image size of job updated: 68020
	63  -  MemoryUsage of job (MB)
	64248  -  ResidentSetSize of job (KB)
...
006 (4046640.496.000) 03/15 21:12:45 Image size of job updated: 703824
	688  -  MemoryUsage of job (MB)
	703624  -  ResidentSetSize of job (KB)
...
006 (4046640.496.000) 03/15 21:13:55 Image size of job updated: 1363768
	688  -  MemoryUsage of job (MB)
	703624  -  ResidentSetSize of job (KB)
...
005 (4046640.496.000) 03/15 21:13:58 Job terminated.
	(1) Normal termination (return value 0)
		Usr 0 00:00:23, Sys 0 00:00:04  -  Run Remote Usage
		Usr 0 00:00:00, Sys 0 00:00:00  -  Run Local Usage
		Usr 0 00:00:23, Sys 0 00:00:04  -  Total Remote Usage
		Usr 0 00:00:00, Sys 0 00:00:00  -  Total Local Usage
	0  -  Run Bytes Sent By Job
	0  -  Run Bytes Received By Job
	0  -  Total Bytes Sent By Job
	0  -  Total Bytes Received By Job
	Partitionable Resources :    Usage  Request Allocated
	   Cpus                 :                 1         1
	   Disk (KB)            :        2        2  28493273
	   Memory (MB)          :      688        1      4020
...
000 (4046671.496.000) 03/15 22:27:46 Job submitted from host: <192.168.1.109:9618?addrs=192.168.1.109-9618+[--1]-9618&noUDP&sock=3153_969b_4>
...
001 (4046671.496.000) 03/15 22:29:00 Job executing on host: <192.168.1.54:9618?addrs=192.168.1.54-9618+[--1]-9618&noUDP&sock=3362_92b5_36>
...
006 (4046671.496.000) 03/15 22:29:08 Image size of job updated: 71304
	60  -  MemoryUsage of job (MB)
	61120  -  ResidentSetSize of job (KB)
...
006 (4046671.496.000) 03/15 22:34:08 Image size of job updated: 806976
	783  -  MemoryUsage of job (MB)
	801096  -  ResidentSetSize of job (KB)
...
005 (4046671.496.000) 03/15 22:35:08 Job terminated.
	(1) Normal termination (return value 0)
		Usr 0 00:00:34, Sys 0 00:00:04  -  Run Remote Usage
		Usr 0 00:00:00, Sys 0 00:00:00  -  Run Local Usage
		Usr 0 00:00:34, Sys 0 00:00:04  -  Total Remote Usage
		Usr 0 00:00:00, Sys 0 00:00:00  -  Total Local Usage
	0  -  Run Bytes Sent By Job
	0  -  Run Bytes Received By Job
	0  -  Total Bytes Sent By Job
	0  -  Total Bytes Received By Job
	Partitionable Resources :    Usage  Request Allocated
	   Cpus                 :                 1         1
	   Disk (KB)            :        2        2  22660606
	   Memory (MB)          :      783        1      4001
...
000 (4046674.496.000) 03/15 23:56:09 Job submitted from host: <192.168.1.109:9618?addrs=192.168.1.109-9618+[--1]-9618&noUDP&sock=3153_969b_4>
...
009 (4046674.496.000) 03/16 00:49:23 Job was aborted by the user.
	via condor_rm (by user routray)
...
000 (4047692.496.000) 03/16 09:41:50 Job submitted from host: <192.168.1.109:9618?addrs=192.168.1.109-9618+[--1]-9618&noUDP&sock=3153_969b_4>
...
001 (4047692.496.000) 03/16 09:42:40 Job executing on host: <192.168.1.40:9618?addrs=192.168.1.40-9618+[--1]-9618&noUDP&sock=3366_a17e_3>
...
006 (4047692.496.000) 03/16 09:42:49 Image size of job updated: 54296
	54  -  MemoryUsage of job (MB)
	54280  -  ResidentSetSize of job (KB)
...
006 (4047692.496.000) 03/16 09:47:50 Image size of job updated: 450268
	437  -  MemoryUsage of job (MB)
	447084  -  ResidentSetSize of job (KB)
...
006 (4047692.496.000) 03/16 09:52:50 Image size of job updated: 685332
	667  -  MemoryUsage of job (MB)
	681996  -  ResidentSetSize of job (KB)
...
006 (4047692.496.000) 03/16 09:54:38 Image size of job updated: 1393628
	667  -  MemoryUsage of job (MB)
	681996  -  ResidentSetSize of job (KB)
...
005 (4047692.496.000) 03/16 09:54:38 Job terminated.
	(1) Normal termination (return value 0)
		Usr 0 00:00:21, Sys 0 00:00:07  -  Run Remote Usage
		Usr 0 00:00:00, Sys 0 00:00:00  -  Run Local Usage
		Usr 0 00:00:21, Sys 0 00:00:07  -  Total Remote Usage
		Usr 0 00:00:00, Sys 0 00:00:00  -  Total Local Usage
	0  -  Run Bytes Sent By Job
	0  -  Run Bytes Received By Job
	0  -  Total Bytes Sent By Job
	0  -  Total Bytes Received By Job
	Partitionable Resources :    Usage  Request Allocated
	   Cpus                 :                 1         1
	   Disk (KB)            :        2        2  20457847
	   Memory (MB)          :      667        1      4022
...
000 (4047694.496.000) 03/16 10:18:56 Job submitted from host: <192.168.1.109:9618?addrs=192.168.1.109-9618+[--1]-9618&noUDP&sock=3153_969b_4>
...
001 (4047694.496.000) 03/16 10:19:50 Job executing on host: <192.168.1.45:9618?addrs=192.168.1.45-9618+[--1]-9618&noUDP&sock=3341_bd3f_3>
...
006 (4047694.496.000) 03/16 10:19:51 Image size of job updated: 21996
	0  -  MemoryUsage of job (MB)
	0  -  ResidentSetSize of job (KB)
...
005 (4047694.496.000) 03/16 10:20:03 Job terminated.
	(1) Normal termination (return value 1)
		Usr 0 00:00:00, Sys 0 00:00:00  -  Run Remote Usage
		Usr 0 00:00:00, Sys 0 00:00:00  -  Run Local Usage
		Usr 0 00:00:00, Sys 0 00:00:00  -  Total Remote Usage
		Usr 0 00:00:00, Sys 0 00:00:00  -  Total Local Usage
	0  -  Run Bytes Sent By Job
	0  -  Run Bytes Received By Job
	0  -  Total Bytes Sent By Job
	0  -  Total Bytes Received By Job
	Partitionable Resources :    Usage  Request Allocated
	   Cpus                 :                 1         1
	   Disk (KB)            :        2        2  20460089
	   Memory (MB)          :        0        1      4022
...
000 (4047695.496.000) 03/16 10:31:35 Job submitted from host: <192.168.1.109:9618?addrs=192.168.1.109-9618+[--1]-9618&noUDP&sock=3153_969b_4>
...
001 (4047695.496.000) 03/16 10:32:33 Job executing on host: <192.168.1.40:9618?addrs=192.168.1.40-9618+[--1]-9618&noUDP&sock=3366_a17e_3>
...
006 (4047695.496.000) 03/16 10:32:41 Image size of job updated: 48432
	48  -  MemoryUsage of job (MB)
	48412  -  ResidentSetSize of job (KB)
...
006 (4047695.496.000) 03/16 10:37:41 Image size of job updated: 682484
	667  -  MemoryUsage of job (MB)
	682448  -  ResidentSetSize of job (KB)
...
006 (4047695.496.000) 03/16 10:38:41 Image size of job updated: 1363768
	667  -  MemoryUsage of job (MB)
	682448  -  ResidentSetSize of job (KB)
...
005 (4047695.496.000) 03/16 10:38:43 Job terminated.
	(1) Normal termination (return value 0)
		Usr 0 00:00:24, Sys 0 00:00:06  -  Run Remote Usage
		Usr 0 00:00:00, Sys 0 00:00:00  -  Run Local Usage
		Usr 0 00:00:24, Sys 0 00:00:06  -  Total Remote Usage
		Usr 0 00:00:00, Sys 0 00:00:00  -  Total Local Usage
	0  -  Run Bytes Sent By Job
	0  -  Run Bytes Received By Job
	0  -  Total Bytes Sent By Job
	0  -  Total Bytes Received By Job
	Partitionable Resources :    Usage  Request Allocated
	   Cpus                 :                 1         1
	   Disk (KB)            :        2        2  20457847
	   Memory (MB)          :      667        1      4022
...
000 (4048296.496.000) 03/16 11:27:04 Job submitted from host: <192.168.1.109:9618?addrs=192.168.1.109-9618+[--1]-9618&noUDP&sock=3153_969b_4>
...
009 (4048296.496.000) 03/16 11:27:56 Job was aborted by the user.
	via condor_rm (by user routray)
...
000 (4048297.496.000) 03/16 11:29:01 Job submitted from host: <192.168.1.109:9618?addrs=192.168.1.109-9618+[--1]-9618&noUDP&sock=3153_969b_4>
...
009 (4048297.496.000) 03/16 11:30:11 Job was aborted by the user.
	via condor_rm (by user routray)
...
