000 (4046621.128.000) 03/15 20:22:14 Job submitted from host: <192.168.1.109:9618?addrs=192.168.1.109-9618+[--1]-9618&noUDP&sock=3153_969b_4>
...
001 (4046621.128.000) 03/15 20:23:22 Job executing on host: <192.168.1.41:9618?addrs=192.168.1.41-9618+[--1]-9618&noUDP&sock=3368_a17e_3>
...
006 (4046621.128.000) 03/15 20:23:24 Image size of job updated: 2640
	0  -  MemoryUsage of job (MB)
	0  -  ResidentSetSize of job (KB)
...
005 (4046621.128.000) 03/15 20:23:32 Job terminated.
	(1) Normal termination (return value 1)
		Usr 0 00:00:00, Sys 0 00:00:00  -  Run Remote Usage
		Usr 0 00:00:00, Sys 0 00:00:00  -  Run Local Usage
		Usr 0 00:00:00, Sys 0 00:00:00  -  Total Remote Usage
		Usr 0 00:00:00, Sys 0 00:00:00  -  Total Local Usage
	0  -  Run Bytes Sent By Job
	0  -  Run Bytes Received By Job
	0  -  Total Bytes Sent By Job
	0  -  Total Bytes Received By Job
	Partitionable Resources :    Usage  Request Allocated
	   Cpus                 :                 1         1
	   Disk (KB)            :        2        2  20458619
	   Memory (MB)          :        0        1      4022
...
000 (4046640.128.000) 03/15 21:06:32 Job submitted from host: <192.168.1.109:9618?addrs=192.168.1.109-9618+[--1]-9618&noUDP&sock=3153_969b_4>
...
001 (4046640.128.000) 03/15 21:07:21 Job executing on host: <192.168.1.64:9618?addrs=192.168.1.64-9618+[--1]-9618&noUDP&sock=3497_7c66_22>
...
006 (4046640.128.000) 03/15 21:07:29 Image size of job updated: 46440
	46  -  MemoryUsage of job (MB)
	46272  -  ResidentSetSize of job (KB)
...
006 (4046640.128.000) 03/15 21:12:29 Image size of job updated: 696448
	681  -  MemoryUsage of job (MB)
	696340  -  ResidentSetSize of job (KB)
...
006 (4046640.128.000) 03/15 21:13:52 Image size of job updated: 1363760
	681  -  MemoryUsage of job (MB)
	696340  -  ResidentSetSize of job (KB)
...
005 (4046640.128.000) 03/15 21:13:53 Job terminated.
	(1) Normal termination (return value 0)
		Usr 0 00:00:43, Sys 0 00:00:06  -  Run Remote Usage
		Usr 0 00:00:00, Sys 0 00:00:00  -  Run Local Usage
		Usr 0 00:00:43, Sys 0 00:00:06  -  Total Remote Usage
		Usr 0 00:00:00, Sys 0 00:00:00  -  Total Local Usage
	0  -  Run Bytes Sent By Job
	0  -  Run Bytes Received By Job
	0  -  Total Bytes Sent By Job
	0  -  Total Bytes Received By Job
	Partitionable Resources :    Usage  Request Allocated
	   Cpus                 :                 1         1
	   Disk (KB)            :        2        2  22685211
	   Memory (MB)          :      681        1      4015
...
000 (4046671.128.000) 03/15 22:27:45 Job submitted from host: <192.168.1.109:9618?addrs=192.168.1.109-9618+[--1]-9618&noUDP&sock=3153_969b_4>
...
001 (4046671.128.000) 03/15 22:28:17 Job executing on host: <192.168.1.40:9618?addrs=192.168.1.40-9618+[--1]-9618&noUDP&sock=3366_a17e_3>
...
006 (4046671.128.000) 03/15 22:28:25 Image size of job updated: 68084
	63  -  MemoryUsage of job (MB)
	64084  -  ResidentSetSize of job (KB)
...
006 (4046671.128.000) 03/15 22:33:25 Image size of job updated: 701980
	686  -  MemoryUsage of job (MB)
	701704  -  ResidentSetSize of job (KB)
...
006 (4046671.128.000) 03/15 22:38:27 Image size of job updated: 764040
	746  -  MemoryUsage of job (MB)
	763728  -  ResidentSetSize of job (KB)
...
006 (4046671.128.000) 03/15 22:38:40 Image size of job updated: 1363764
	746  -  MemoryUsage of job (MB)
	763728  -  ResidentSetSize of job (KB)
...
005 (4046671.128.000) 03/15 22:38:40 Job terminated.
	(1) Normal termination (return value 0)
		Usr 0 00:00:24, Sys 0 00:00:04  -  Run Remote Usage
		Usr 0 00:00:00, Sys 0 00:00:00  -  Run Local Usage
		Usr 0 00:00:24, Sys 0 00:00:04  -  Total Remote Usage
		Usr 0 00:00:00, Sys 0 00:00:00  -  Total Local Usage
	0  -  Run Bytes Sent By Job
	0  -  Run Bytes Received By Job
	0  -  Total Bytes Sent By Job
	0  -  Total Bytes Received By Job
	Partitionable Resources :    Usage  Request Allocated
	   Cpus                 :                 1         1
	   Disk (KB)            :        2        2  20457847
	   Memory (MB)          :      746        1      4022
...
000 (4046674.128.000) 03/15 23:56:07 Job submitted from host: <192.168.1.109:9618?addrs=192.168.1.109-9618+[--1]-9618&noUDP&sock=3153_969b_4>
...
