000 (4046621.2149.000) 03/15 20:22:34 Job submitted from host: <192.168.1.109:9618?addrs=192.168.1.109-9618+[--1]-9618&noUDP&sock=3153_969b_4>
...
009 (4046621.2149.000) 03/15 20:25:13 Job was aborted by the user.
	via condor_rm (by user routray)
...
000 (4046640.2149.000) 03/15 21:06:41 Job submitted from host: <192.168.1.109:9618?addrs=192.168.1.109-9618+[--1]-9618&noUDP&sock=3153_969b_4>
...
001 (4046640.2149.000) 03/15 21:27:22 Job executing on host: <192.168.1.57:9618?addrs=192.168.1.57-9618+[--1]-9618&noUDP&sock=3323_d284_32>
...
006 (4046640.2149.000) 03/15 21:27:30 Image size of job updated: 19044
	16  -  MemoryUsage of job (MB)
	15496  -  ResidentSetSize of job (KB)
...
006 (4046640.2149.000) 03/15 21:32:30 Image size of job updated: 714632
	697  -  MemoryUsage of job (MB)
	713456  -  ResidentSetSize of job (KB)
...
006 (4046640.2149.000) 03/15 21:33:17 Image size of job updated: 1363768
	697  -  MemoryUsage of job (MB)
	713456  -  ResidentSetSize of job (KB)
...
005 (4046640.2149.000) 03/15 21:33:17 Job terminated.
	(1) Normal termination (return value 0)
		Usr 0 00:00:36, Sys 0 00:00:05  -  Run Remote Usage
		Usr 0 00:00:00, Sys 0 00:00:00  -  Run Local Usage
		Usr 0 00:00:36, Sys 0 00:00:05  -  Total Remote Usage
		Usr 0 00:00:00, Sys 0 00:00:00  -  Total Local Usage
	0  -  Run Bytes Sent By Job
	0  -  Run Bytes Received By Job
	0  -  Total Bytes Sent By Job
	0  -  Total Bytes Received By Job
	Partitionable Resources :    Usage  Request Allocated
	   Cpus                 :                 1         1
	   Disk (KB)            :        2        2  22661171
	   Memory (MB)          :      697        1      4001
...
