000 (4046621.2023.000) 03/15 20:22:33 Job submitted from host: <192.168.1.109:9618?addrs=192.168.1.109-9618+[--1]-9618&noUDP&sock=3153_969b_4>
...
009 (4046621.2023.000) 03/15 20:25:12 Job was aborted by the user.
	via condor_rm (by user routray)
...
000 (4046640.2023.000) 03/15 21:06:40 Job submitted from host: <192.168.1.109:9618?addrs=192.168.1.109-9618+[--1]-9618&noUDP&sock=3153_969b_4>
...
001 (4046640.2023.000) 03/15 21:27:02 Job executing on host: <192.168.1.63:9618?addrs=192.168.1.63-9618+[--1]-9618&noUDP&sock=3501_ea5f_33>
...
006 (4046640.2023.000) 03/15 21:27:11 Image size of job updated: 41896
	38  -  MemoryUsage of job (MB)
	38224  -  ResidentSetSize of job (KB)
...
006 (4046640.2023.000) 03/15 21:32:12 Image size of job updated: 41896
	38  -  MemoryUsage of job (MB)
	38228  -  ResidentSetSize of job (KB)
...
005 (4046640.2023.000) 03/15 21:32:12 Job terminated.
	(1) Normal termination (return value 0)
		Usr 0 00:00:42, Sys 0 00:00:06  -  Run Remote Usage
		Usr 0 00:00:00, Sys 0 00:00:00  -  Run Local Usage
		Usr 0 00:00:42, Sys 0 00:00:06  -  Total Remote Usage
		Usr 0 00:00:00, Sys 0 00:00:00  -  Total Local Usage
	0  -  Run Bytes Sent By Job
	0  -  Run Bytes Received By Job
	0  -  Total Bytes Sent By Job
	0  -  Total Bytes Received By Job
	Partitionable Resources :    Usage  Request Allocated
	   Cpus                 :                 1         1
	   Disk (KB)            :        2        2  22685400
	   Memory (MB)          :       38        1      4015
...
000 (4047694.2023.000) 03/16 10:19:05 Job submitted from host: <192.168.1.109:9618?addrs=192.168.1.109-9618+[--1]-9618&noUDP&sock=3153_969b_4>
...
001 (4047694.2023.000) 03/16 10:21:30 Job executing on host: <192.168.1.41:9618?addrs=192.168.1.41-9618+[--1]-9618&noUDP&sock=3368_a17e_3>
...
006 (4047694.2023.000) 03/16 10:21:32 Image size of job updated: 28512
	0  -  MemoryUsage of job (MB)
	0  -  ResidentSetSize of job (KB)
...
005 (4047694.2023.000) 03/16 10:21:36 Job terminated.
	(1) Normal termination (return value 1)
		Usr 0 00:00:00, Sys 0 00:00:00  -  Run Remote Usage
		Usr 0 00:00:00, Sys 0 00:00:00  -  Run Local Usage
		Usr 0 00:00:00, Sys 0 00:00:00  -  Total Remote Usage
		Usr 0 00:00:00, Sys 0 00:00:00  -  Total Local Usage
	0  -  Run Bytes Sent By Job
	0  -  Run Bytes Received By Job
	0  -  Total Bytes Sent By Job
	0  -  Total Bytes Received By Job
	Partitionable Resources :    Usage  Request Allocated
	   Cpus                 :                 1         1
	   Disk (KB)            :        2        2  20458619
	   Memory (MB)          :        0        1      4022
...
000 (4047695.2023.000) 03/16 10:31:43 Job submitted from host: <192.168.1.109:9618?addrs=192.168.1.109-9618+[--1]-9618&noUDP&sock=3153_969b_4>
...
001 (4047695.2023.000) 03/16 10:50:49 Job executing on host: <192.168.1.56:9618?addrs=192.168.1.56-9618+[--1]-9618&noUDP&sock=3336_bd3f_3>
...
006 (4047695.2023.000) 03/16 10:50:58 Image size of job updated: 42324
	42  -  MemoryUsage of job (MB)
	42076  -  ResidentSetSize of job (KB)
...
006 (4047695.2023.000) 03/16 10:55:25 Image size of job updated: 1363768
	42  -  MemoryUsage of job (MB)
	42076  -  ResidentSetSize of job (KB)
...
005 (4047695.2023.000) 03/16 10:55:25 Job terminated.
	(1) Normal termination (return value 0)
		Usr 0 00:00:38, Sys 0 00:00:05  -  Run Remote Usage
		Usr 0 00:00:00, Sys 0 00:00:00  -  Run Local Usage
		Usr 0 00:00:38, Sys 0 00:00:05  -  Total Remote Usage
		Usr 0 00:00:00, Sys 0 00:00:00  -  Total Local Usage
	0  -  Run Bytes Sent By Job
	0  -  Run Bytes Received By Job
	0  -  Total Bytes Sent By Job
	0  -  Total Bytes Received By Job
	Partitionable Resources :    Usage  Request Allocated
	   Cpus                 :                 1         1
	   Disk (KB)            :        2        2  22662681
	   Memory (MB)          :       42        1      4001
...
000 (4048296.2023.000) 03/16 11:27:13 Job submitted from host: <192.168.1.109:9618?addrs=192.168.1.109-9618+[--1]-9618&noUDP&sock=3153_969b_4>
...
009 (4048296.2023.000) 03/16 11:28:09 Job was aborted by the user.
	via condor_rm (by user routray)
...
