000 (4046621.2691.000) 03/15 20:22:38 Job submitted from host: <192.168.1.109:9618?addrs=192.168.1.109-9618+[--1]-9618&noUDP&sock=3153_969b_4>
...
009 (4046621.2691.000) 03/15 20:25:16 Job was aborted by the user.
	via condor_rm (by user routray)
...
000 (4046640.2691.000) 03/15 21:06:43 Job submitted from host: <192.168.1.109:9618?addrs=192.168.1.109-9618+[--1]-9618&noUDP&sock=3153_969b_4>
...
001 (4046640.2691.000) 03/15 21:33:38 Job executing on host: <192.168.1.54:9618?addrs=192.168.1.54-9618+[--1]-9618&noUDP&sock=3362_92b5_36>
...
006 (4046640.2691.000) 03/15 21:33:48 Image size of job updated: 59044
	58  -  MemoryUsage of job (MB)
	58484  -  ResidentSetSize of job (KB)
...
006 (4046640.2691.000) 03/15 21:36:38 Image size of job updated: 1363764
	58  -  MemoryUsage of job (MB)
	58484  -  ResidentSetSize of job (KB)
...
005 (4046640.2691.000) 03/15 21:36:39 Job terminated.
	(1) Normal termination (return value 0)
		Usr 0 00:00:34, Sys 0 00:00:05  -  Run Remote Usage
		Usr 0 00:00:00, Sys 0 00:00:00  -  Run Local Usage
		Usr 0 00:00:34, Sys 0 00:00:05  -  Total Remote Usage
		Usr 0 00:00:00, Sys 0 00:00:00  -  Total Local Usage
	0  -  Run Bytes Sent By Job
	0  -  Run Bytes Received By Job
	0  -  Total Bytes Sent By Job
	0  -  Total Bytes Received By Job
	Partitionable Resources :    Usage  Request Allocated
	   Cpus                 :                 1         1
	   Disk (KB)            :        2        2  22660606
	   Memory (MB)          :       58        1      4001
...
000 (4047694.2691.000) 03/16 10:19:10 Job submitted from host: <192.168.1.109:9618?addrs=192.168.1.109-9618+[--1]-9618&noUDP&sock=3153_969b_4>
...
001 (4047694.2691.000) 03/16 10:22:14 Job executing on host: <192.168.1.47:9618?addrs=192.168.1.47-9618+[--1]-9618&noUDP&sock=3245_a288_3>
...
006 (4047694.2691.000) 03/16 10:22:16 Image size of job updated: 119528
	0  -  MemoryUsage of job (MB)
	0  -  ResidentSetSize of job (KB)
...
005 (4047694.2691.000) 03/16 10:22:23 Job terminated.
	(1) Normal termination (return value 1)
		Usr 0 00:00:00, Sys 0 00:00:00  -  Run Remote Usage
		Usr 0 00:00:00, Sys 0 00:00:00  -  Run Local Usage
		Usr 0 00:00:00, Sys 0 00:00:00  -  Total Remote Usage
		Usr 0 00:00:00, Sys 0 00:00:00  -  Total Local Usage
	0  -  Run Bytes Sent By Job
	0  -  Run Bytes Received By Job
	0  -  Total Bytes Sent By Job
	0  -  Total Bytes Received By Job
	Partitionable Resources :    Usage  Request Allocated
	   Cpus                 :                 1         1
	   Disk (KB)            :        2        2  28493856
	   Memory (MB)          :        0        1      4020
...
000 (4047695.2691.000) 03/16 10:31:46 Job submitted from host: <192.168.1.109:9618?addrs=192.168.1.109-9618+[--1]-9618&noUDP&sock=3153_969b_4>
...
001 (4047695.2691.000) 03/16 10:57:09 Job executing on host: <192.168.1.47:9618?addrs=192.168.1.47-9618+[--1]-9618&noUDP&sock=3245_a288_3>
...
006 (4047695.2691.000) 03/16 10:57:17 Image size of job updated: 48464
	47  -  MemoryUsage of job (MB)
	47424  -  ResidentSetSize of job (KB)
...
006 (4047695.2691.000) 03/16 11:01:02 Image size of job updated: 48464
	47  -  MemoryUsage of job (MB)
	47428  -  ResidentSetSize of job (KB)
...
005 (4047695.2691.000) 03/16 11:01:02 Job terminated.
	(1) Normal termination (return value 0)
		Usr 0 00:00:21, Sys 0 00:00:03  -  Run Remote Usage
		Usr 0 00:00:00, Sys 0 00:00:00  -  Run Local Usage
		Usr 0 00:00:21, Sys 0 00:00:03  -  Total Remote Usage
		Usr 0 00:00:00, Sys 0 00:00:00  -  Total Local Usage
	0  -  Run Bytes Sent By Job
	0  -  Run Bytes Received By Job
	0  -  Total Bytes Sent By Job
	0  -  Total Bytes Received By Job
	Partitionable Resources :    Usage  Request Allocated
	   Cpus                 :                 1         1
	   Disk (KB)            :        2        2  28493856
	   Memory (MB)          :       47        1      4020
...
000 (4048296.2691.000) 03/16 11:27:19 Job submitted from host: <192.168.1.109:9618?addrs=192.168.1.109-9618+[--1]-9618&noUDP&sock=3153_969b_4>
...
009 (4048296.2691.000) 03/16 11:28:15 Job was aborted by the user.
	via condor_rm (by user routray)
...
