000 (4046621.569.000) 03/15 20:22:18 Job submitted from host: <192.168.1.109:9618?addrs=192.168.1.109-9618+[--1]-9618&noUDP&sock=3153_969b_4>
...
009 (4046621.569.000) 03/15 20:24:55 Job was aborted by the user.
	via condor_rm (by user routray)
...
000 (4046640.569.000) 03/15 21:06:34 Job submitted from host: <192.168.1.109:9618?addrs=192.168.1.109-9618+[--1]-9618&noUDP&sock=3153_969b_4>
...
001 (4046640.569.000) 03/15 21:07:38 Job executing on host: <192.168.1.47:9618?addrs=192.168.1.47-9618+[--1]-9618&noUDP&sock=3245_a288_3>
...
006 (4046640.569.000) 03/15 21:07:46 Image size of job updated: 65412
	61  -  MemoryUsage of job (MB)
	62288  -  ResidentSetSize of job (KB)
...
006 (4046640.569.000) 03/15 21:12:46 Image size of job updated: 220804
	213  -  MemoryUsage of job (MB)
	218044  -  ResidentSetSize of job (KB)
...
005 (4046640.569.000) 03/15 21:14:15 Job terminated.
	(1) Normal termination (return value 0)
		Usr 0 00:00:35, Sys 0 00:00:06  -  Run Remote Usage
		Usr 0 00:00:00, Sys 0 00:00:00  -  Run Local Usage
		Usr 0 00:00:35, Sys 0 00:00:06  -  Total Remote Usage
		Usr 0 00:00:00, Sys 0 00:00:00  -  Total Local Usage
	0  -  Run Bytes Sent By Job
	0  -  Run Bytes Received By Job
	0  -  Total Bytes Sent By Job
	0  -  Total Bytes Received By Job
	Partitionable Resources :    Usage  Request Allocated
	   Cpus                 :                 1         1
	   Disk (KB)            :        2        2  28493856
	   Memory (MB)          :      213        1      4020
...
000 (4046671.569.000) 03/15 22:27:46 Job submitted from host: <192.168.1.109:9618?addrs=192.168.1.109-9618+[--1]-9618&noUDP&sock=3153_969b_4>
...
001 (4046671.569.000) 03/15 22:29:19 Job executing on host: <192.168.1.56:9618?addrs=192.168.1.56-9618+[--1]-9618&noUDP&sock=3336_bd3f_3>
...
006 (4046671.569.000) 03/15 22:29:28 Image size of job updated: 120440
	110  -  MemoryUsage of job (MB)
	112384  -  ResidentSetSize of job (KB)
...
006 (4046671.569.000) 03/15 22:34:29 Image size of job updated: 753608
	724  -  MemoryUsage of job (MB)
	741012  -  ResidentSetSize of job (KB)
...
005 (4046671.569.000) 03/15 22:35:16 Job terminated.
	(1) Normal termination (return value 0)
		Usr 0 00:00:33, Sys 0 00:00:04  -  Run Remote Usage
		Usr 0 00:00:00, Sys 0 00:00:00  -  Run Local Usage
		Usr 0 00:00:33, Sys 0 00:00:04  -  Total Remote Usage
		Usr 0 00:00:00, Sys 0 00:00:00  -  Total Local Usage
	0  -  Run Bytes Sent By Job
	0  -  Run Bytes Received By Job
	0  -  Total Bytes Sent By Job
	0  -  Total Bytes Received By Job
	Partitionable Resources :    Usage  Request Allocated
	   Cpus                 :                 1         1
	   Disk (KB)            :        2        2  22662681
	   Memory (MB)          :      724        1      4001
...
000 (4046674.569.000) 03/15 23:56:09 Job submitted from host: <192.168.1.109:9618?addrs=192.168.1.109-9618+[--1]-9618&noUDP&sock=3153_969b_4>
...
009 (4046674.569.000) 03/16 00:49:23 Job was aborted by the user.
	via condor_rm (by user routray)
...
000 (4047692.569.000) 03/16 09:41:51 Job submitted from host: <192.168.1.109:9618?addrs=192.168.1.109-9618+[--1]-9618&noUDP&sock=3153_969b_4>
...
001 (4047692.569.000) 03/16 09:42:43 Job executing on host: <192.168.1.39:9618?addrs=192.168.1.39-9618+[--1]-9618&noUDP&sock=3239_16fe_3>
...
006 (4047692.569.000) 03/16 09:42:51 Image size of job updated: 50716
	50  -  MemoryUsage of job (MB)
	50652  -  ResidentSetSize of job (KB)
...
006 (4047692.569.000) 03/16 09:47:52 Image size of job updated: 218688
	211  -  MemoryUsage of job (MB)
	215944  -  ResidentSetSize of job (KB)
...
006 (4047692.569.000) 03/16 09:52:53 Image size of job updated: 722864
	704  -  MemoryUsage of job (MB)
	720060  -  ResidentSetSize of job (KB)
...
006 (4047692.569.000) 03/16 09:53:42 Image size of job updated: 1393636
	704  -  MemoryUsage of job (MB)
	720060  -  ResidentSetSize of job (KB)
...
005 (4047692.569.000) 03/16 09:53:42 Job terminated.
	(1) Normal termination (return value 0)
		Usr 0 00:00:21, Sys 0 00:00:06  -  Run Remote Usage
		Usr 0 00:00:00, Sys 0 00:00:00  -  Run Local Usage
		Usr 0 00:00:21, Sys 0 00:00:06  -  Total Remote Usage
		Usr 0 00:00:00, Sys 0 00:00:00  -  Total Local Usage
	0  -  Run Bytes Sent By Job
	0  -  Run Bytes Received By Job
	0  -  Total Bytes Sent By Job
	0  -  Total Bytes Received By Job
	Partitionable Resources :    Usage  Request Allocated
	   Cpus                 :                 1         1
	   Disk (KB)            :        2        2  20460460
	   Memory (MB)          :      704        1      4022
...
000 (4047694.569.000) 03/16 10:18:57 Job submitted from host: <192.168.1.109:9618?addrs=192.168.1.109-9618+[--1]-9618&noUDP&sock=3153_969b_4>
...
001 (4047694.569.000) 03/16 10:19:56 Job executing on host: <192.168.1.41:9618?addrs=192.168.1.41-9618+[--1]-9618&noUDP&sock=3368_a17e_3>
...
006 (4047694.569.000) 03/16 10:19:58 Image size of job updated: 600
	0  -  MemoryUsage of job (MB)
	0  -  ResidentSetSize of job (KB)
...
005 (4047694.569.000) 03/16 10:20:02 Job terminated.
	(1) Normal termination (return value 1)
		Usr 0 00:00:00, Sys 0 00:00:00  -  Run Remote Usage
		Usr 0 00:00:00, Sys 0 00:00:00  -  Run Local Usage
		Usr 0 00:00:00, Sys 0 00:00:00  -  Total Remote Usage
		Usr 0 00:00:00, Sys 0 00:00:00  -  Total Local Usage
	0  -  Run Bytes Sent By Job
	0  -  Run Bytes Received By Job
	0  -  Total Bytes Sent By Job
	0  -  Total Bytes Received By Job
	Partitionable Resources :    Usage  Request Allocated
	   Cpus                 :                 1         1
	   Disk (KB)            :        2        2  20458619
	   Memory (MB)          :        0        1      4022
...
000 (4047695.569.000) 03/16 10:31:36 Job submitted from host: <192.168.1.109:9618?addrs=192.168.1.109-9618+[--1]-9618&noUDP&sock=3153_969b_4>
...
001 (4047695.569.000) 03/16 10:32:35 Job executing on host: <192.168.1.47:9618?addrs=192.168.1.47-9618+[--1]-9618&noUDP&sock=3245_a288_3>
...
006 (4047695.569.000) 03/16 10:32:44 Image size of job updated: 70600
	64  -  MemoryUsage of job (MB)
	64596  -  ResidentSetSize of job (KB)
...
006 (4047695.569.000) 03/16 10:37:45 Image size of job updated: 700748
	685  -  MemoryUsage of job (MB)
	700748  -  ResidentSetSize of job (KB)
...
006 (4047695.569.000) 03/16 10:38:35 Image size of job updated: 1363768
	685  -  MemoryUsage of job (MB)
	700748  -  ResidentSetSize of job (KB)
...
005 (4047695.569.000) 03/16 10:38:36 Job terminated.
	(1) Normal termination (return value 0)
		Usr 0 00:00:25, Sys 0 00:00:06  -  Run Remote Usage
		Usr 0 00:00:00, Sys 0 00:00:00  -  Run Local Usage
		Usr 0 00:00:25, Sys 0 00:00:06  -  Total Remote Usage
		Usr 0 00:00:00, Sys 0 00:00:00  -  Total Local Usage
	0  -  Run Bytes Sent By Job
	0  -  Run Bytes Received By Job
	0  -  Total Bytes Sent By Job
	0  -  Total Bytes Received By Job
	Partitionable Resources :    Usage  Request Allocated
	   Cpus                 :                 1         1
	   Disk (KB)            :        2        2  28493856
	   Memory (MB)          :      685        1      4020
...
000 (4048296.569.000) 03/16 11:27:05 Job submitted from host: <192.168.1.109:9618?addrs=192.168.1.109-9618+[--1]-9618&noUDP&sock=3153_969b_4>
...
009 (4048296.569.000) 03/16 11:27:57 Job was aborted by the user.
	via condor_rm (by user routray)
...
000 (4048297.569.000) 03/16 11:29:02 Job submitted from host: <192.168.1.109:9618?addrs=192.168.1.109-9618+[--1]-9618&noUDP&sock=3153_969b_4>
...
009 (4048297.569.000) 03/16 11:30:12 Job was aborted by the user.
	via condor_rm (by user routray)
...
