000 (4046621.2110.000) 03/15 20:22:33 Job submitted from host: <192.168.1.109:9618?addrs=192.168.1.109-9618+[--1]-9618&noUDP&sock=3153_969b_4>
...
009 (4046621.2110.000) 03/15 20:25:13 Job was aborted by the user.
	via condor_rm (by user routray)
...
000 (4046640.2110.000) 03/15 21:06:40 Job submitted from host: <192.168.1.109:9618?addrs=192.168.1.109-9618+[--1]-9618&noUDP&sock=3153_969b_4>
...
001 (4046640.2110.000) 03/15 21:27:15 Job executing on host: <192.168.1.53:9618?addrs=192.168.1.53-9618+[--1]-9618&noUDP&sock=3369_5fdf_35>
...
006 (4046640.2110.000) 03/15 21:27:23 Image size of job updated: 38744
	26  -  MemoryUsage of job (MB)
	25816  -  ResidentSetSize of job (KB)
...
006 (4046640.2110.000) 03/15 21:32:23 Image size of job updated: 702660
	675  -  MemoryUsage of job (MB)
	690764  -  ResidentSetSize of job (KB)
...
005 (4046640.2110.000) 03/15 21:33:16 Job terminated.
	(1) Normal termination (return value 0)
		Usr 0 00:00:39, Sys 0 00:00:06  -  Run Remote Usage
		Usr 0 00:00:00, Sys 0 00:00:00  -  Run Local Usage
		Usr 0 00:00:39, Sys 0 00:00:06  -  Total Remote Usage
		Usr 0 00:00:00, Sys 0 00:00:00  -  Total Local Usage
	0  -  Run Bytes Sent By Job
	0  -  Run Bytes Received By Job
	0  -  Total Bytes Sent By Job
	0  -  Total Bytes Received By Job
	Partitionable Resources :    Usage  Request Allocated
	   Cpus                 :                 1         1
	   Disk (KB)            :        2        2  22662182
	   Memory (MB)          :      675        1      4001
...
000 (4047694.2110.000) 03/16 10:19:05 Job submitted from host: <192.168.1.109:9618?addrs=192.168.1.109-9618+[--1]-9618&noUDP&sock=3153_969b_4>
...
001 (4047694.2110.000) 03/16 10:21:37 Job executing on host: <192.168.1.50:9618?addrs=192.168.1.50-9618+[--1]-9618&noUDP&sock=3247_5221_3>
...
006 (4047694.2110.000) 03/16 10:21:38 Image size of job updated: 2120
	0  -  MemoryUsage of job (MB)
	0  -  ResidentSetSize of job (KB)
...
005 (4047694.2110.000) 03/16 10:21:57 Job terminated.
	(1) Normal termination (return value 1)
		Usr 0 00:00:00, Sys 0 00:00:00  -  Run Remote Usage
		Usr 0 00:00:00, Sys 0 00:00:00  -  Run Local Usage
		Usr 0 00:00:00, Sys 0 00:00:00  -  Total Remote Usage
		Usr 0 00:00:00, Sys 0 00:00:00  -  Total Local Usage
	0  -  Run Bytes Sent By Job
	0  -  Run Bytes Received By Job
	0  -  Total Bytes Sent By Job
	0  -  Total Bytes Received By Job
	Partitionable Resources :    Usage  Request Allocated
	   Cpus                 :                 1         1
	   Disk (KB)            :        2        2  28493273
	   Memory (MB)          :        0        1      4020
...
000 (4047695.2110.000) 03/16 10:31:43 Job submitted from host: <192.168.1.109:9618?addrs=192.168.1.109-9618+[--1]-9618&noUDP&sock=3153_969b_4>
...
001 (4047695.2110.000) 03/16 10:51:00 Job executing on host: <192.168.1.51:9618?addrs=192.168.1.51-9618+[--1]-9618&noUDP&sock=3125_b25b_3>
...
006 (4047695.2110.000) 03/16 10:51:09 Image size of job updated: 19724
	20  -  MemoryUsage of job (MB)
	19648  -  ResidentSetSize of job (KB)
...
006 (4047695.2110.000) 03/16 10:56:10 Image size of job updated: 698076
	679  -  MemoryUsage of job (MB)
	694612  -  ResidentSetSize of job (KB)
...
006 (4047695.2110.000) 03/16 10:56:50 Image size of job updated: 1363772
	679  -  MemoryUsage of job (MB)
	694612  -  ResidentSetSize of job (KB)
...
005 (4047695.2110.000) 03/16 10:56:50 Job terminated.
	(1) Normal termination (return value 0)
		Usr 0 00:00:31, Sys 0 00:00:06  -  Run Remote Usage
		Usr 0 00:00:00, Sys 0 00:00:00  -  Run Local Usage
		Usr 0 00:00:31, Sys 0 00:00:06  -  Total Remote Usage
		Usr 0 00:00:00, Sys 0 00:00:00  -  Total Local Usage
	0  -  Run Bytes Sent By Job
	0  -  Run Bytes Received By Job
	0  -  Total Bytes Sent By Job
	0  -  Total Bytes Received By Job
	Partitionable Resources :    Usage  Request Allocated
	   Cpus                 :                 1         1
	   Disk (KB)            :        2        2  28494197
	   Memory (MB)          :      679        1      4020
...
000 (4048296.2110.000) 03/16 11:27:14 Job submitted from host: <192.168.1.109:9618?addrs=192.168.1.109-9618+[--1]-9618&noUDP&sock=3153_969b_4>
...
009 (4048296.2110.000) 03/16 11:28:10 Job was aborted by the user.
	via condor_rm (by user routray)
...
