000 (4046621.095.000) 03/15 20:22:13 Job submitted from host: <192.168.1.109:9618?addrs=192.168.1.109-9618+[--1]-9618&noUDP&sock=3153_969b_4>
...
001 (4046621.095.000) 03/15 20:23:22 Job executing on host: <192.168.1.62:9618?addrs=192.168.1.62-9618+[--1]-9618&noUDP&sock=2992_c8ab_24>
...
006 (4046621.095.000) 03/15 20:23:30 Image size of job updated: 18588
	16  -  MemoryUsage of job (MB)
	16224  -  ResidentSetSize of job (KB)
...
005 (4046621.095.000) 03/15 20:23:37 Job terminated.
	(1) Normal termination (return value 1)
		Usr 0 00:00:00, Sys 0 00:00:00  -  Run Remote Usage
		Usr 0 00:00:00, Sys 0 00:00:00  -  Run Local Usage
		Usr 0 00:00:00, Sys 0 00:00:00  -  Total Remote Usage
		Usr 0 00:00:00, Sys 0 00:00:00  -  Total Local Usage
	0  -  Run Bytes Sent By Job
	0  -  Run Bytes Received By Job
	0  -  Total Bytes Sent By Job
	0  -  Total Bytes Received By Job
	Partitionable Resources :    Usage  Request Allocated
	   Cpus                 :                 1         1
	   Disk (KB)            :        2        2  22663505
	   Memory (MB)          :       16        1      4001
...
000 (4046640.095.000) 03/15 21:06:32 Job submitted from host: <192.168.1.109:9618?addrs=192.168.1.109-9618+[--1]-9618&noUDP&sock=3153_969b_4>
...
001 (4046640.095.000) 03/15 21:07:20 Job executing on host: <192.168.1.51:9618?addrs=192.168.1.51-9618+[--1]-9618&noUDP&sock=3125_b25b_3>
...
006 (4046640.095.000) 03/15 21:07:28 Image size of job updated: 101968
	90  -  MemoryUsage of job (MB)
	91552  -  ResidentSetSize of job (KB)
...
006 (4046640.095.000) 03/15 21:11:34 Image size of job updated: 561068
	90  -  MemoryUsage of job (MB)
	91552  -  ResidentSetSize of job (KB)
...
005 (4046640.095.000) 03/15 21:11:35 Job terminated.
	(1) Normal termination (return value 0)
		Usr 0 00:00:24, Sys 0 00:00:04  -  Run Remote Usage
		Usr 0 00:00:00, Sys 0 00:00:00  -  Run Local Usage
		Usr 0 00:00:24, Sys 0 00:00:04  -  Total Remote Usage
		Usr 0 00:00:00, Sys 0 00:00:00  -  Total Local Usage
	0  -  Run Bytes Sent By Job
	0  -  Run Bytes Received By Job
	0  -  Total Bytes Sent By Job
	0  -  Total Bytes Received By Job
	Partitionable Resources :    Usage  Request Allocated
	   Cpus                 :                 1         1
	   Disk (KB)            :        2        2  28494197
	   Memory (MB)          :       90        1      4020
...
000 (4046671.095.000) 03/15 22:27:45 Job submitted from host: <192.168.1.109:9618?addrs=192.168.1.109-9618+[--1]-9618&noUDP&sock=3153_969b_4>
...
001 (4046671.095.000) 03/15 22:28:16 Job executing on host: <192.168.1.43:9618?addrs=192.168.1.43-9618+[--1]-9618&noUDP&sock=3360_24bc_3>
...
006 (4046671.095.000) 03/15 22:28:24 Image size of job updated: 55696
	55  -  MemoryUsage of job (MB)
	55676  -  ResidentSetSize of job (KB)
...
006 (4046671.095.000) 03/15 22:33:24 Image size of job updated: 705856
	690  -  MemoryUsage of job (MB)
	705856  -  ResidentSetSize of job (KB)
...
006 (4046671.095.000) 03/15 22:38:24 Image size of job updated: 769244
	752  -  MemoryUsage of job (MB)
	769244  -  ResidentSetSize of job (KB)
...
006 (4046671.095.000) 03/15 22:38:35 Image size of job updated: 1363764
	752  -  MemoryUsage of job (MB)
	769244  -  ResidentSetSize of job (KB)
...
005 (4046671.095.000) 03/15 22:38:35 Job terminated.
	(1) Normal termination (return value 0)
		Usr 0 00:00:26, Sys 0 00:00:05  -  Run Remote Usage
		Usr 0 00:00:00, Sys 0 00:00:00  -  Run Local Usage
		Usr 0 00:00:26, Sys 0 00:00:05  -  Total Remote Usage
		Usr 0 00:00:00, Sys 0 00:00:00  -  Total Local Usage
	0  -  Run Bytes Sent By Job
	0  -  Run Bytes Received By Job
	0  -  Total Bytes Sent By Job
	0  -  Total Bytes Received By Job
	Partitionable Resources :    Usage  Request Allocated
	   Cpus                 :                 1         1
	   Disk (KB)            :        2        2  20458451
	   Memory (MB)          :      752        1      4022
...
000 (4046674.095.000) 03/15 23:56:07 Job submitted from host: <192.168.1.109:9618?addrs=192.168.1.109-9618+[--1]-9618&noUDP&sock=3153_969b_4>
...
009 (4046674.095.000) 03/16 00:49:20 Job was aborted by the user.
	via condor_rm (by user routray)
...
000 (4047692.095.000) 03/16 09:41:43 Job submitted from host: <192.168.1.109:9618?addrs=192.168.1.109-9618+[--1]-9618&noUDP&sock=3153_969b_4>
...
001 (4047692.095.000) 03/16 09:42:24 Job executing on host: <192.168.1.43:9618?addrs=192.168.1.43-9618+[--1]-9618&noUDP&sock=3360_24bc_3>
...
006 (4047692.095.000) 03/16 09:42:33 Image size of job updated: 111972
	105  -  MemoryUsage of job (MB)
	107108  -  ResidentSetSize of job (KB)
...
006 (4047692.095.000) 03/16 09:47:34 Image size of job updated: 263332
	258  -  MemoryUsage of job (MB)
	263332  -  ResidentSetSize of job (KB)
...
006 (4047692.095.000) 03/16 09:52:35 Image size of job updated: 725780
	709  -  MemoryUsage of job (MB)
	725760  -  ResidentSetSize of job (KB)
...
005 (4047692.095.000) 03/16 09:55:24 Job terminated.
	(1) Normal termination (return value 0)
		Usr 0 00:00:20, Sys 0 00:00:06  -  Run Remote Usage
		Usr 0 00:00:00, Sys 0 00:00:00  -  Run Local Usage
		Usr 0 00:00:20, Sys 0 00:00:06  -  Total Remote Usage
		Usr 0 00:00:00, Sys 0 00:00:00  -  Total Local Usage
	0  -  Run Bytes Sent By Job
	0  -  Run Bytes Received By Job
	0  -  Total Bytes Sent By Job
	0  -  Total Bytes Received By Job
	Partitionable Resources :    Usage  Request Allocated
	   Cpus                 :                 1         1
	   Disk (KB)            :        2        2  20458451
	   Memory (MB)          :      709        1      4022
...
000 (4047694.095.000) 03/16 10:18:54 Job submitted from host: <192.168.1.109:9618?addrs=192.168.1.109-9618+[--1]-9618&noUDP&sock=3153_969b_4>
...
001 (4047694.095.000) 03/16 10:19:30 Job executing on host: <192.168.1.50:9618?addrs=192.168.1.50-9618+[--1]-9618&noUDP&sock=3247_5221_3>
...
006 (4047694.095.000) 03/16 10:19:34 Image size of job updated: 892
	0  -  MemoryUsage of job (MB)
	0  -  ResidentSetSize of job (KB)
...
005 (4047694.095.000) 03/16 10:19:38 Job terminated.
	(1) Normal termination (return value 1)
		Usr 0 00:00:00, Sys 0 00:00:00  -  Run Remote Usage
		Usr 0 00:00:00, Sys 0 00:00:00  -  Run Local Usage
		Usr 0 00:00:00, Sys 0 00:00:00  -  Total Remote Usage
		Usr 0 00:00:00, Sys 0 00:00:00  -  Total Local Usage
	0  -  Run Bytes Sent By Job
	0  -  Run Bytes Received By Job
	0  -  Total Bytes Sent By Job
	0  -  Total Bytes Received By Job
	Partitionable Resources :    Usage  Request Allocated
	   Cpus                 :                 1         1
	   Disk (KB)            :        2        2  28493273
	   Memory (MB)          :        0        1      4020
...
000 (4047695.095.000) 03/16 10:31:33 Job submitted from host: <192.168.1.109:9618?addrs=192.168.1.109-9618+[--1]-9618&noUDP&sock=3153_969b_4>
...
001 (4047695.095.000) 03/16 10:32:15 Job executing on host: <192.168.1.43:9618?addrs=192.168.1.43-9618+[--1]-9618&noUDP&sock=3360_24bc_3>
...
006 (4047695.095.000) 03/16 10:32:24 Image size of job updated: 113872
	101  -  MemoryUsage of job (MB)
	103316  -  ResidentSetSize of job (KB)
...
006 (4047695.095.000) 03/16 10:37:24 Image size of job updated: 702988
	687  -  MemoryUsage of job (MB)
	702988  -  ResidentSetSize of job (KB)
...
005 (4047695.095.000) 03/16 10:38:29 Job terminated.
	(1) Normal termination (return value 0)
		Usr 0 00:00:21, Sys 0 00:00:04  -  Run Remote Usage
		Usr 0 00:00:00, Sys 0 00:00:00  -  Run Local Usage
		Usr 0 00:00:21, Sys 0 00:00:04  -  Total Remote Usage
		Usr 0 00:00:00, Sys 0 00:00:00  -  Total Local Usage
	0  -  Run Bytes Sent By Job
	0  -  Run Bytes Received By Job
	0  -  Total Bytes Sent By Job
	0  -  Total Bytes Received By Job
	Partitionable Resources :    Usage  Request Allocated
	   Cpus                 :                 1         1
	   Disk (KB)            :        2        2  20458451
	   Memory (MB)          :      687        1      4022
...
000 (4048296.095.000) 03/16 11:27:02 Job submitted from host: <192.168.1.109:9618?addrs=192.168.1.109-9618+[--1]-9618&noUDP&sock=3153_969b_4>
...
009 (4048296.095.000) 03/16 11:27:53 Job was aborted by the user.
	via condor_rm (by user routray)
...
000 (4048297.095.000) 03/16 11:28:59 Job submitted from host: <192.168.1.109:9618?addrs=192.168.1.109-9618+[--1]-9618&noUDP&sock=3153_969b_4>
...
009 (4048297.095.000) 03/16 11:30:09 Job was aborted by the user.
	via condor_rm (by user routray)
...
