000 (4046621.1491.000) 03/15 20:22:29 Job submitted from host: <192.168.1.109:9618?addrs=192.168.1.109-9618+[--1]-9618&noUDP&sock=3153_969b_4>
...
009 (4046621.1491.000) 03/15 20:25:09 Job was aborted by the user.
	via condor_rm (by user routray)
...
000 (4046640.1491.000) 03/15 21:06:38 Job submitted from host: <192.168.1.109:9618?addrs=192.168.1.109-9618+[--1]-9618&noUDP&sock=3153_969b_4>
...
001 (4046640.1491.000) 03/15 21:21:08 Job executing on host: <192.168.1.50:9618?addrs=192.168.1.50-9618+[--1]-9618&noUDP&sock=3247_5221_3>
...
006 (4046640.1491.000) 03/15 21:21:17 Image size of job updated: 15100
	15  -  MemoryUsage of job (MB)
	15096  -  ResidentSetSize of job (KB)
...
006 (4046640.1491.000) 03/15 21:26:18 Image size of job updated: 662504
	644  -  MemoryUsage of job (MB)
	658572  -  ResidentSetSize of job (KB)
...
005 (4046640.1491.000) 03/15 21:27:15 Job terminated.
	(1) Normal termination (return value 0)
		Usr 0 00:00:33, Sys 0 00:00:06  -  Run Remote Usage
		Usr 0 00:00:00, Sys 0 00:00:00  -  Run Local Usage
		Usr 0 00:00:33, Sys 0 00:00:06  -  Total Remote Usage
		Usr 0 00:00:00, Sys 0 00:00:00  -  Total Local Usage
	0  -  Run Bytes Sent By Job
	0  -  Run Bytes Received By Job
	0  -  Total Bytes Sent By Job
	0  -  Total Bytes Received By Job
	Partitionable Resources :    Usage  Request Allocated
	   Cpus                 :                 1         1
	   Disk (KB)            :        2        2  28493273
	   Memory (MB)          :      644        1      4020
...
000 (4046674.1491.000) 03/15 23:56:13 Job submitted from host: <192.168.1.109:9618?addrs=192.168.1.109-9618+[--1]-9618&noUDP&sock=3153_969b_4>
...
009 (4046674.1491.000) 03/16 00:49:29 Job was aborted by the user.
	via condor_rm (by user routray)
...
000 (4047692.1491.000) 03/16 09:41:59 Job submitted from host: <192.168.1.109:9618?addrs=192.168.1.109-9618+[--1]-9618&noUDP&sock=3153_969b_4>
...
001 (4047692.1491.000) 03/16 10:04:02 Job executing on host: <192.168.1.49:9618?addrs=192.168.1.49-9618+[--1]-9618&noUDP&sock=3240_e427_3>
...
006 (4047692.1491.000) 03/16 10:04:11 Image size of job updated: 97556
	88  -  MemoryUsage of job (MB)
	89304  -  ResidentSetSize of job (KB)
...
006 (4047692.1491.000) 03/16 10:09:12 Image size of job updated: 732972
	716  -  MemoryUsage of job (MB)
	732812  -  ResidentSetSize of job (KB)
...
005 (4047692.1491.000) 03/16 10:10:08 Job terminated.
	(1) Normal termination (return value 0)
		Usr 0 00:00:18, Sys 0 00:00:04  -  Run Remote Usage
		Usr 0 00:00:00, Sys 0 00:00:00  -  Run Local Usage
		Usr 0 00:00:18, Sys 0 00:00:04  -  Total Remote Usage
		Usr 0 00:00:00, Sys 0 00:00:00  -  Total Local Usage
	0  -  Run Bytes Sent By Job
	0  -  Run Bytes Received By Job
	0  -  Total Bytes Sent By Job
	0  -  Total Bytes Received By Job
	Partitionable Resources :    Usage  Request Allocated
	   Cpus                 :                 1         1
	   Disk (KB)            :        2        2  28491601
	   Memory (MB)          :      716        1      4020
...
000 (4047694.1491.000) 03/16 10:19:02 Job submitted from host: <192.168.1.109:9618?addrs=192.168.1.109-9618+[--1]-9618&noUDP&sock=3153_969b_4>
...
001 (4047694.1491.000) 03/16 10:20:49 Job executing on host: <192.168.1.60:9618?addrs=192.168.1.60-9618+[--1]-9618&noUDP&sock=3480_d34a_3>
...
006 (4047694.1491.000) 03/16 10:20:50 Image size of job updated: 124384
	0  -  MemoryUsage of job (MB)
	0  -  ResidentSetSize of job (KB)
...
005 (4047694.1491.000) 03/16 10:21:02 Job terminated.
	(1) Normal termination (return value 1)
		Usr 0 00:00:00, Sys 0 00:00:00  -  Run Remote Usage
		Usr 0 00:00:00, Sys 0 00:00:00  -  Run Local Usage
		Usr 0 00:00:00, Sys 0 00:00:00  -  Total Remote Usage
		Usr 0 00:00:00, Sys 0 00:00:00  -  Total Local Usage
	0  -  Run Bytes Sent By Job
	0  -  Run Bytes Received By Job
	0  -  Total Bytes Sent By Job
	0  -  Total Bytes Received By Job
	Partitionable Resources :    Usage  Request Allocated
	   Cpus                 :                 1         1
	   Disk (KB)            :        2        2  22661048
	   Memory (MB)          :        0        1      4001
...
000 (4047695.1491.000) 03/16 10:31:40 Job submitted from host: <192.168.1.109:9618?addrs=192.168.1.109-9618+[--1]-9618&noUDP&sock=3153_969b_4>
...
001 (4047695.1491.000) 03/16 10:44:46 Job executing on host: <192.168.1.50:9618?addrs=192.168.1.50-9618+[--1]-9618&noUDP&sock=3247_5221_3>
...
006 (4047695.1491.000) 03/16 10:44:54 Image size of job updated: 20764
	21  -  MemoryUsage of job (MB)
	20728  -  ResidentSetSize of job (KB)
...
006 (4047695.1491.000) 03/16 10:49:54 Image size of job updated: 684152
	662  -  MemoryUsage of job (MB)
	677204  -  ResidentSetSize of job (KB)
...
005 (4047695.1491.000) 03/16 10:50:50 Job terminated.
	(1) Normal termination (return value 0)
		Usr 0 00:00:28, Sys 0 00:00:06  -  Run Remote Usage
		Usr 0 00:00:00, Sys 0 00:00:00  -  Run Local Usage
		Usr 0 00:00:28, Sys 0 00:00:06  -  Total Remote Usage
		Usr 0 00:00:00, Sys 0 00:00:00  -  Total Local Usage
	0  -  Run Bytes Sent By Job
	0  -  Run Bytes Received By Job
	0  -  Total Bytes Sent By Job
	0  -  Total Bytes Received By Job
	Partitionable Resources :    Usage  Request Allocated
	   Cpus                 :                 1         1
	   Disk (KB)            :        2        2  28493273
	   Memory (MB)          :      662        1      4020
...
000 (4048296.1491.000) 03/16 11:27:10 Job submitted from host: <192.168.1.109:9618?addrs=192.168.1.109-9618+[--1]-9618&noUDP&sock=3153_969b_4>
...
009 (4048296.1491.000) 03/16 11:28:05 Job was aborted by the user.
	via condor_rm (by user routray)
...
