000 (4046621.1403.000) 03/15 20:22:27 Job submitted from host: <192.168.1.109:9618?addrs=192.168.1.109-9618+[--1]-9618&noUDP&sock=3153_969b_4>
...
009 (4046621.1403.000) 03/15 20:25:07 Job was aborted by the user.
	via condor_rm (by user routray)
...
000 (4046640.1403.000) 03/15 21:06:38 Job submitted from host: <192.168.1.109:9618?addrs=192.168.1.109-9618+[--1]-9618&noUDP&sock=3153_969b_4>
...
001 (4046640.1403.000) 03/15 21:20:51 Job executing on host: <192.168.1.63:9618?addrs=192.168.1.63-9618+[--1]-9618&noUDP&sock=3501_ea5f_33>
...
006 (4046640.1403.000) 03/15 21:20:59 Image size of job updated: 37296
	37  -  MemoryUsage of job (MB)
	37296  -  ResidentSetSize of job (KB)
...
006 (4046640.1403.000) 03/15 21:25:59 Image size of job updated: 695032
	676  -  MemoryUsage of job (MB)
	691428  -  ResidentSetSize of job (KB)
...
005 (4046640.1403.000) 03/15 21:27:00 Job terminated.
	(1) Normal termination (return value 0)
		Usr 0 00:00:42, Sys 0 00:00:06  -  Run Remote Usage
		Usr 0 00:00:00, Sys 0 00:00:00  -  Run Local Usage
		Usr 0 00:00:42, Sys 0 00:00:06  -  Total Remote Usage
		Usr 0 00:00:00, Sys 0 00:00:00  -  Total Local Usage
	0  -  Run Bytes Sent By Job
	0  -  Run Bytes Received By Job
	0  -  Total Bytes Sent By Job
	0  -  Total Bytes Received By Job
	Partitionable Resources :    Usage  Request Allocated
	   Cpus                 :                 1         1
	   Disk (KB)            :        2        2  22685400
	   Memory (MB)          :      676        1      4015
...
000 (4046674.1403.000) 03/15 23:56:13 Job submitted from host: <192.168.1.109:9618?addrs=192.168.1.109-9618+[--1]-9618&noUDP&sock=3153_969b_4>
...
009 (4046674.1403.000) 03/16 00:49:28 Job was aborted by the user.
	via condor_rm (by user routray)
...
000 (4047692.1403.000) 03/16 09:41:58 Job submitted from host: <192.168.1.109:9618?addrs=192.168.1.109-9618+[--1]-9618&noUDP&sock=3153_969b_4>
...
001 (4047692.1403.000) 03/16 10:03:38 Job executing on host: <192.168.1.50:9618?addrs=192.168.1.50-9618+[--1]-9618&noUDP&sock=3247_5221_3>
...
006 (4047692.1403.000) 03/16 10:03:46 Image size of job updated: 115568
	91  -  MemoryUsage of job (MB)
	92592  -  ResidentSetSize of job (KB)
...
006 (4047692.1403.000) 03/16 10:05:04 Image size of job updated: 1393632
	91  -  MemoryUsage of job (MB)
	92592  -  ResidentSetSize of job (KB)
...
005 (4047692.1403.000) 03/16 10:05:04 Job terminated.
	(1) Normal termination (return value 0)
		Usr 0 00:00:18, Sys 0 00:00:03  -  Run Remote Usage
		Usr 0 00:00:00, Sys 0 00:00:00  -  Run Local Usage
		Usr 0 00:00:18, Sys 0 00:00:03  -  Total Remote Usage
		Usr 0 00:00:00, Sys 0 00:00:00  -  Total Local Usage
	0  -  Run Bytes Sent By Job
	0  -  Run Bytes Received By Job
	0  -  Total Bytes Sent By Job
	0  -  Total Bytes Received By Job
	Partitionable Resources :    Usage  Request Allocated
	   Cpus                 :                 1         1
	   Disk (KB)            :        2        2  28493273
	   Memory (MB)          :       91        1      4020
...
000 (4047694.1403.000) 03/16 10:19:02 Job submitted from host: <192.168.1.109:9618?addrs=192.168.1.109-9618+[--1]-9618&noUDP&sock=3153_969b_4>
...
001 (4047694.1403.000) 03/16 10:20:41 Job executing on host: <192.168.1.63:9618?addrs=192.168.1.63-9618+[--1]-9618&noUDP&sock=3501_ea5f_33>
...
006 (4047694.1403.000) 03/16 10:20:43 Image size of job updated: 1304
	0  -  MemoryUsage of job (MB)
	0  -  ResidentSetSize of job (KB)
...
005 (4047694.1403.000) 03/16 10:20:54 Job terminated.
	(1) Normal termination (return value 1)
		Usr 0 00:00:00, Sys 0 00:00:00  -  Run Remote Usage
		Usr 0 00:00:00, Sys 0 00:00:00  -  Run Local Usage
		Usr 0 00:00:00, Sys 0 00:00:00  -  Total Remote Usage
		Usr 0 00:00:00, Sys 0 00:00:00  -  Total Local Usage
	0  -  Run Bytes Sent By Job
	0  -  Run Bytes Received By Job
	0  -  Total Bytes Sent By Job
	0  -  Total Bytes Received By Job
	Partitionable Resources :    Usage  Request Allocated
	   Cpus                 :                 1         1
	   Disk (KB)            :        2        2  22685400
	   Memory (MB)          :        0        1      4015
...
000 (4047695.1403.000) 03/16 10:31:40 Job submitted from host: <192.168.1.109:9618?addrs=192.168.1.109-9618+[--1]-9618&noUDP&sock=3153_969b_4>
...
001 (4047695.1403.000) 03/16 10:44:38 Job executing on host: <192.168.1.51:9618?addrs=192.168.1.51-9618+[--1]-9618&noUDP&sock=3125_b25b_3>
...
006 (4047695.1403.000) 03/16 10:44:48 Image size of job updated: 25812
	25  -  MemoryUsage of job (MB)
	25524  -  ResidentSetSize of job (KB)
...
006 (4047695.1403.000) 03/16 10:49:48 Image size of job updated: 626152
	604  -  MemoryUsage of job (MB)
	618476  -  ResidentSetSize of job (KB)
...
006 (4047695.1403.000) 03/16 10:50:58 Image size of job updated: 626152
	604  -  MemoryUsage of job (MB)
	618496  -  ResidentSetSize of job (KB)
...
005 (4047695.1403.000) 03/16 10:50:58 Job terminated.
	(1) Normal termination (return value 0)
		Usr 0 00:00:32, Sys 0 00:00:06  -  Run Remote Usage
		Usr 0 00:00:00, Sys 0 00:00:00  -  Run Local Usage
		Usr 0 00:00:32, Sys 0 00:00:06  -  Total Remote Usage
		Usr 0 00:00:00, Sys 0 00:00:00  -  Total Local Usage
	0  -  Run Bytes Sent By Job
	0  -  Run Bytes Received By Job
	0  -  Total Bytes Sent By Job
	0  -  Total Bytes Received By Job
	Partitionable Resources :    Usage  Request Allocated
	   Cpus                 :                 1         1
	   Disk (KB)            :        2        2  28494197
	   Memory (MB)          :      604        1      4020
...
000 (4048296.1403.000) 03/16 11:27:10 Job submitted from host: <192.168.1.109:9618?addrs=192.168.1.109-9618+[--1]-9618&noUDP&sock=3153_969b_4>
...
009 (4048296.1403.000) 03/16 11:28:04 Job was aborted by the user.
	via condor_rm (by user routray)
...
