000 (4046621.1086.000) 03/15 20:22:24 Job submitted from host: <192.168.1.109:9618?addrs=192.168.1.109-9618+[--1]-9618&noUDP&sock=3153_969b_4>
...
001 (4046621.1086.000) 03/15 20:24:14 Job executing on host: <192.168.1.63:9618?addrs=192.168.1.63-9618+[--1]-9618&noUDP&sock=3501_ea5f_33>
...
006 (4046621.1086.000) 03/15 20:24:15 Image size of job updated: 1232
	0  -  MemoryUsage of job (MB)
	0  -  ResidentSetSize of job (KB)
...
005 (4046621.1086.000) 03/15 20:24:19 Job terminated.
	(1) Normal termination (return value 1)
		Usr 0 00:00:00, Sys 0 00:00:00  -  Run Remote Usage
		Usr 0 00:00:00, Sys 0 00:00:00  -  Run Local Usage
		Usr 0 00:00:00, Sys 0 00:00:00  -  Total Remote Usage
		Usr 0 00:00:00, Sys 0 00:00:00  -  Total Local Usage
	0  -  Run Bytes Sent By Job
	0  -  Run Bytes Received By Job
	0  -  Total Bytes Sent By Job
	0  -  Total Bytes Received By Job
	Partitionable Resources :    Usage  Request Allocated
	   Cpus                 :                 1         1
	   Disk (KB)            :        2        2  22685400
	   Memory (MB)          :        0        1      4015
...
000 (4046640.1086.000) 03/15 21:06:36 Job submitted from host: <192.168.1.109:9618?addrs=192.168.1.109-9618+[--1]-9618&noUDP&sock=3153_969b_4>
...
001 (4046640.1086.000) 03/15 21:14:15 Job executing on host: <192.168.1.47:9618?addrs=192.168.1.47-9618+[--1]-9618&noUDP&sock=3245_a288_3>
...
006 (4046640.1086.000) 03/15 21:14:24 Image size of job updated: 54732
	54  -  MemoryUsage of job (MB)
	54644  -  ResidentSetSize of job (KB)
...
006 (4046640.1086.000) 03/15 21:19:24 Image size of job updated: 661624
	645  -  MemoryUsage of job (MB)
	660292  -  ResidentSetSize of job (KB)
...
005 (4046640.1086.000) 03/15 21:21:08 Job terminated.
	(1) Normal termination (return value 0)
		Usr 0 00:00:30, Sys 0 00:00:06  -  Run Remote Usage
		Usr 0 00:00:00, Sys 0 00:00:00  -  Run Local Usage
		Usr 0 00:00:30, Sys 0 00:00:06  -  Total Remote Usage
		Usr 0 00:00:00, Sys 0 00:00:00  -  Total Local Usage
	0  -  Run Bytes Sent By Job
	0  -  Run Bytes Received By Job
	0  -  Total Bytes Sent By Job
	0  -  Total Bytes Received By Job
	Partitionable Resources :    Usage  Request Allocated
	   Cpus                 :                 1         1
	   Disk (KB)            :        2        2  28493856
	   Memory (MB)          :      645        1      4020
...
000 (4046674.1086.000) 03/15 23:56:11 Job submitted from host: <192.168.1.109:9618?addrs=192.168.1.109-9618+[--1]-9618&noUDP&sock=3153_969b_4>
...
009 (4046674.1086.000) 03/16 00:49:26 Job was aborted by the user.
	via condor_rm (by user routray)
...
000 (4047692.1086.000) 03/16 09:41:55 Job submitted from host: <192.168.1.109:9618?addrs=192.168.1.109-9618+[--1]-9618&noUDP&sock=3153_969b_4>
...
001 (4047692.1086.000) 03/16 09:55:22 Job executing on host: <192.168.1.43:9618?addrs=192.168.1.43-9618+[--1]-9618&noUDP&sock=3360_24bc_3>
...
006 (4047692.1086.000) 03/16 09:55:31 Image size of job updated: 45540
	45  -  MemoryUsage of job (MB)
	45540  -  ResidentSetSize of job (KB)
...
006 (4047692.1086.000) 03/16 10:00:32 Image size of job updated: 599788
	586  -  MemoryUsage of job (MB)
	599620  -  ResidentSetSize of job (KB)
...
005 (4047692.1086.000) 03/16 10:04:10 Job terminated.
	(1) Normal termination (return value 0)
		Usr 0 00:00:19, Sys 0 00:00:05  -  Run Remote Usage
		Usr 0 00:00:00, Sys 0 00:00:00  -  Run Local Usage
		Usr 0 00:00:19, Sys 0 00:00:05  -  Total Remote Usage
		Usr 0 00:00:00, Sys 0 00:00:00  -  Total Local Usage
	0  -  Run Bytes Sent By Job
	0  -  Run Bytes Received By Job
	0  -  Total Bytes Sent By Job
	0  -  Total Bytes Received By Job
	Partitionable Resources :    Usage  Request Allocated
	   Cpus                 :                 1         1
	   Disk (KB)            :        2        2  20458450
	   Memory (MB)          :      586        1      4022
...
000 (4047694.1086.000) 03/16 10:18:59 Job submitted from host: <192.168.1.109:9618?addrs=192.168.1.109-9618+[--1]-9618&noUDP&sock=3153_969b_4>
...
001 (4047694.1086.000) 03/16 10:20:13 Job executing on host: <192.168.1.57:9618?addrs=192.168.1.57-9618+[--1]-9618&noUDP&sock=3323_d284_32>
...
006 (4047694.1086.000) 03/16 10:20:15 Image size of job updated: 2
	0  -  MemoryUsage of job (MB)
	0  -  ResidentSetSize of job (KB)
...
005 (4047694.1086.000) 03/16 10:20:29 Job terminated.
	(1) Normal termination (return value 1)
		Usr 0 00:00:00, Sys 0 00:00:00  -  Run Remote Usage
		Usr 0 00:00:00, Sys 0 00:00:00  -  Run Local Usage
		Usr 0 00:00:00, Sys 0 00:00:00  -  Total Remote Usage
		Usr 0 00:00:00, Sys 0 00:00:00  -  Total Local Usage
	0  -  Run Bytes Sent By Job
	0  -  Run Bytes Received By Job
	0  -  Total Bytes Sent By Job
	0  -  Total Bytes Received By Job
	Partitionable Resources :    Usage  Request Allocated
	   Cpus                 :                 1         1
	   Disk (KB)            :        2        2  22661171
	   Memory (MB)          :        0        1      4001
...
000 (4047695.1086.000) 03/16 10:31:38 Job submitted from host: <192.168.1.109:9618?addrs=192.168.1.109-9618+[--1]-9618&noUDP&sock=3153_969b_4>
...
001 (4047695.1086.000) 03/16 10:38:47 Job executing on host: <192.168.1.40:9618?addrs=192.168.1.40-9618+[--1]-9618&noUDP&sock=3366_a17e_3>
...
006 (4047695.1086.000) 03/16 10:38:56 Image size of job updated: 57664
	57  -  MemoryUsage of job (MB)
	57596  -  ResidentSetSize of job (KB)
...
006 (4047695.1086.000) 03/16 10:43:57 Image size of job updated: 677208
	660  -  MemoryUsage of job (MB)
	675352  -  ResidentSetSize of job (KB)
...
005 (4047695.1086.000) 03/16 10:44:52 Job terminated.
	(1) Normal termination (return value 0)
		Usr 0 00:00:26, Sys 0 00:00:05  -  Run Remote Usage
		Usr 0 00:00:00, Sys 0 00:00:00  -  Run Local Usage
		Usr 0 00:00:26, Sys 0 00:00:05  -  Total Remote Usage
		Usr 0 00:00:00, Sys 0 00:00:00  -  Total Local Usage
	0  -  Run Bytes Sent By Job
	0  -  Run Bytes Received By Job
	0  -  Total Bytes Sent By Job
	0  -  Total Bytes Received By Job
	Partitionable Resources :    Usage  Request Allocated
	   Cpus                 :                 1         1
	   Disk (KB)            :        2        2  20457847
	   Memory (MB)          :      660        1      4022
...
000 (4048296.1086.000) 03/16 11:27:08 Job submitted from host: <192.168.1.109:9618?addrs=192.168.1.109-9618+[--1]-9618&noUDP&sock=3153_969b_4>
...
009 (4048296.1086.000) 03/16 11:28:01 Job was aborted by the user.
	via condor_rm (by user routray)
...
