000 (4046621.275.000) 03/15 20:22:16 Job submitted from host: <192.168.1.109:9618?addrs=192.168.1.109-9618+[--1]-9618&noUDP&sock=3153_969b_4>
...
001 (4046621.275.000) 03/15 20:24:00 Job executing on host: <192.168.1.42:9618?addrs=192.168.1.42-9618+[--1]-9618&noUDP&sock=3360_3385_3>
...
006 (4046621.275.000) 03/15 20:24:01 Image size of job updated: 4024
	0  -  MemoryUsage of job (MB)
	0  -  ResidentSetSize of job (KB)
...
005 (4046621.275.000) 03/15 20:24:06 Job terminated.
	(1) Normal termination (return value 1)
		Usr 0 00:00:00, Sys 0 00:00:00  -  Run Remote Usage
		Usr 0 00:00:00, Sys 0 00:00:00  -  Run Local Usage
		Usr 0 00:00:00, Sys 0 00:00:00  -  Total Remote Usage
		Usr 0 00:00:00, Sys 0 00:00:00  -  Total Local Usage
	0  -  Run Bytes Sent By Job
	0  -  Run Bytes Received By Job
	0  -  Total Bytes Sent By Job
	0  -  Total Bytes Received By Job
	Partitionable Resources :    Usage  Request Allocated
	   Cpus                 :                 1         1
	   Disk (KB)            :        2        2  20458262
	   Memory (MB)          :        0        1      4022
...
009 (4046621.275.000) 03/15 20:24:48 Job was aborted by the user.
	via condor_rm (by user routray)
...
000 (4046640.275.000) 03/15 21:06:33 Job submitted from host: <192.168.1.109:9618?addrs=192.168.1.109-9618+[--1]-9618&noUDP&sock=3153_969b_4>
...
001 (4046640.275.000) 03/15 21:07:28 Job executing on host: <192.168.1.42:9618?addrs=192.168.1.42-9618+[--1]-9618&noUDP&sock=3360_3385_3>
...
006 (4046640.275.000) 03/15 21:07:37 Image size of job updated: 62512
	61  -  MemoryUsage of job (MB)
	62240  -  ResidentSetSize of job (KB)
...
006 (4046640.275.000) 03/15 21:12:38 Image size of job updated: 699480
	683  -  MemoryUsage of job (MB)
	699224  -  ResidentSetSize of job (KB)
...
005 (4046640.275.000) 03/15 21:13:44 Job terminated.
	(1) Normal termination (return value 0)
		Usr 0 00:00:25, Sys 0 00:00:05  -  Run Remote Usage
		Usr 0 00:00:00, Sys 0 00:00:00  -  Run Local Usage
		Usr 0 00:00:25, Sys 0 00:00:05  -  Total Remote Usage
		Usr 0 00:00:00, Sys 0 00:00:00  -  Total Local Usage
	0  -  Run Bytes Sent By Job
	0  -  Run Bytes Received By Job
	0  -  Total Bytes Sent By Job
	0  -  Total Bytes Received By Job
	Partitionable Resources :    Usage  Request Allocated
	   Cpus                 :                 1         1
	   Disk (KB)            :        2        2  20458262
	   Memory (MB)          :      683        1      4022
...
000 (4046671.275.000) 03/15 22:27:45 Job submitted from host: <192.168.1.109:9618?addrs=192.168.1.109-9618+[--1]-9618&noUDP&sock=3153_969b_4>
...
001 (4046671.275.000) 03/15 22:28:22 Job executing on host: <192.168.1.39:9618?addrs=192.168.1.39-9618+[--1]-9618&noUDP&sock=3239_16fe_3>
...
006 (4046671.275.000) 03/15 22:28:31 Image size of job updated: 60544
	59  -  MemoryUsage of job (MB)
	60328  -  ResidentSetSize of job (KB)
...
006 (4046671.275.000) 03/15 22:33:32 Image size of job updated: 706460
	690  -  MemoryUsage of job (MB)
	706196  -  ResidentSetSize of job (KB)
...
006 (4046671.275.000) 03/15 22:38:33 Image size of job updated: 766636
	749  -  MemoryUsage of job (MB)
	766332  -  ResidentSetSize of job (KB)
...
005 (4046671.275.000) 03/15 22:38:59 Job terminated.
	(1) Normal termination (return value 0)
		Usr 0 00:00:27, Sys 0 00:00:04  -  Run Remote Usage
		Usr 0 00:00:00, Sys 0 00:00:00  -  Run Local Usage
		Usr 0 00:00:27, Sys 0 00:00:04  -  Total Remote Usage
		Usr 0 00:00:00, Sys 0 00:00:00  -  Total Local Usage
	0  -  Run Bytes Sent By Job
	0  -  Run Bytes Received By Job
	0  -  Total Bytes Sent By Job
	0  -  Total Bytes Received By Job
	Partitionable Resources :    Usage  Request Allocated
	   Cpus                 :                 1         1
	   Disk (KB)            :        2        2  20460460
	   Memory (MB)          :      749        1      4022
...
000 (4046674.275.000) 03/15 23:56:08 Job submitted from host: <192.168.1.109:9618?addrs=192.168.1.109-9618+[--1]-9618&noUDP&sock=3153_969b_4>
...
009 (4046674.275.000) 03/16 00:49:21 Job was aborted by the user.
	via condor_rm (by user routray)
...
000 (4047692.275.000) 03/16 09:41:47 Job submitted from host: <192.168.1.109:9618?addrs=192.168.1.109-9618+[--1]-9618&noUDP&sock=3153_969b_4>
...
001 (4047692.275.000) 03/16 09:42:32 Job executing on host: <192.168.1.41:9618?addrs=192.168.1.41-9618+[--1]-9618&noUDP&sock=3368_a17e_3>
...
006 (4047692.275.000) 03/16 09:42:41 Image size of job updated: 51548
	51  -  MemoryUsage of job (MB)
	51396  -  ResidentSetSize of job (KB)
...
006 (4047692.275.000) 03/16 09:47:41 Image size of job updated: 372280
	363  -  MemoryUsage of job (MB)
	370876  -  ResidentSetSize of job (KB)
...
006 (4047692.275.000) 03/16 09:52:41 Image size of job updated: 654248
	639  -  MemoryUsage of job (MB)
	654248  -  ResidentSetSize of job (KB)
...
005 (4047692.275.000) 03/16 09:54:55 Job terminated.
	(1) Normal termination (return value 0)
		Usr 0 00:00:23, Sys 0 00:00:07  -  Run Remote Usage
		Usr 0 00:00:00, Sys 0 00:00:00  -  Run Local Usage
		Usr 0 00:00:23, Sys 0 00:00:07  -  Total Remote Usage
		Usr 0 00:00:00, Sys 0 00:00:00  -  Total Local Usage
	0  -  Run Bytes Sent By Job
	0  -  Run Bytes Received By Job
	0  -  Total Bytes Sent By Job
	0  -  Total Bytes Received By Job
	Partitionable Resources :    Usage  Request Allocated
	   Cpus                 :                 1         1
	   Disk (KB)            :        2        2  20458618
	   Memory (MB)          :      639        1      4022
...
000 (4047694.275.000) 03/16 10:18:55 Job submitted from host: <192.168.1.109:9618?addrs=192.168.1.109-9618+[--1]-9618&noUDP&sock=3153_969b_4>
...
001 (4047694.275.000) 03/16 10:21:08 Job executing on host: <192.168.1.57:9618?addrs=192.168.1.57-9618+[--1]-9618&noUDP&sock=3323_d284_32>
...
006 (4047694.275.000) 03/16 10:21:09 Image size of job updated: 1180
	0  -  MemoryUsage of job (MB)
	0  -  ResidentSetSize of job (KB)
...
005 (4047694.275.000) 03/16 10:21:13 Job terminated.
	(1) Normal termination (return value 1)
		Usr 0 00:00:00, Sys 0 00:00:00  -  Run Remote Usage
		Usr 0 00:00:00, Sys 0 00:00:00  -  Run Local Usage
		Usr 0 00:00:00, Sys 0 00:00:00  -  Total Remote Usage
		Usr 0 00:00:00, Sys 0 00:00:00  -  Total Local Usage
	0  -  Run Bytes Sent By Job
	0  -  Run Bytes Received By Job
	0  -  Total Bytes Sent By Job
	0  -  Total Bytes Received By Job
	Partitionable Resources :    Usage  Request Allocated
	   Cpus                 :                 1         1
	   Disk (KB)            :        2        2  22661171
	   Memory (MB)          :        0        1      4001
...
000 (4047695.275.000) 03/16 10:31:34 Job submitted from host: <192.168.1.109:9618?addrs=192.168.1.109-9618+[--1]-9618&noUDP&sock=3153_969b_4>
...
001 (4047695.275.000) 03/16 10:32:24 Job executing on host: <192.168.1.41:9618?addrs=192.168.1.41-9618+[--1]-9618&noUDP&sock=3368_a17e_3>
...
006 (4047695.275.000) 03/16 10:32:33 Image size of job updated: 57104
	56  -  MemoryUsage of job (MB)
	57032  -  ResidentSetSize of job (KB)
...
006 (4047695.275.000) 03/16 10:37:34 Image size of job updated: 683252
	665  -  MemoryUsage of job (MB)
	680960  -  ResidentSetSize of job (KB)
...
005 (4047695.275.000) 03/16 10:38:32 Job terminated.
	(1) Normal termination (return value 0)
		Usr 0 00:00:24, Sys 0 00:00:06  -  Run Remote Usage
		Usr 0 00:00:00, Sys 0 00:00:00  -  Run Local Usage
		Usr 0 00:00:24, Sys 0 00:00:06  -  Total Remote Usage
		Usr 0 00:00:00, Sys 0 00:00:00  -  Total Local Usage
	0  -  Run Bytes Sent By Job
	0  -  Run Bytes Received By Job
	0  -  Total Bytes Sent By Job
	0  -  Total Bytes Received By Job
	Partitionable Resources :    Usage  Request Allocated
	   Cpus                 :                 1         1
	   Disk (KB)            :        2        2  20458618
	   Memory (MB)          :      665        1      4022
...
000 (4048296.275.000) 03/16 11:27:03 Job submitted from host: <192.168.1.109:9618?addrs=192.168.1.109-9618+[--1]-9618&noUDP&sock=3153_969b_4>
...
009 (4048296.275.000) 03/16 11:27:55 Job was aborted by the user.
	via condor_rm (by user routray)
...
000 (4048297.275.000) 03/16 11:29:00 Job submitted from host: <192.168.1.109:9618?addrs=192.168.1.109-9618+[--1]-9618&noUDP&sock=3153_969b_4>
...
009 (4048297.275.000) 03/16 11:30:10 Job was aborted by the user.
	via condor_rm (by user routray)
...
