000 (4046621.519.000) 03/15 20:22:18 Job submitted from host: <192.168.1.109:9618?addrs=192.168.1.109-9618+[--1]-9618&noUDP&sock=3153_969b_4>
...
009 (4046621.519.000) 03/15 20:24:54 Job was aborted by the user.
	via condor_rm (by user routray)
...
000 (4046640.519.000) 03/15 21:06:34 Job submitted from host: <192.168.1.109:9618?addrs=192.168.1.109-9618+[--1]-9618&noUDP&sock=3153_969b_4>
...
001 (4046640.519.000) 03/15 21:07:36 Job executing on host: <192.168.1.47:9618?addrs=192.168.1.47-9618+[--1]-9618&noUDP&sock=3245_a288_3>
...
006 (4046640.519.000) 03/15 21:07:45 Image size of job updated: 101460
	92  -  MemoryUsage of job (MB)
	93508  -  ResidentSetSize of job (KB)
...
006 (4046640.519.000) 03/15 21:12:46 Image size of job updated: 220024
	215  -  MemoryUsage of job (MB)
	219188  -  ResidentSetSize of job (KB)
...
006 (4046640.519.000) 03/15 21:14:15 Image size of job updated: 1363764
	215  -  MemoryUsage of job (MB)
	219188  -  ResidentSetSize of job (KB)
...
005 (4046640.519.000) 03/15 21:14:15 Job terminated.
	(1) Normal termination (return value 0)
		Usr 0 00:00:36, Sys 0 00:00:06  -  Run Remote Usage
		Usr 0 00:00:00, Sys 0 00:00:00  -  Run Local Usage
		Usr 0 00:00:36, Sys 0 00:00:06  -  Total Remote Usage
		Usr 0 00:00:00, Sys 0 00:00:00  -  Total Local Usage
	0  -  Run Bytes Sent By Job
	0  -  Run Bytes Received By Job
	0  -  Total Bytes Sent By Job
	0  -  Total Bytes Received By Job
	Partitionable Resources :    Usage  Request Allocated
	   Cpus                 :                 1         1
	   Disk (KB)            :        2        2  28493856
	   Memory (MB)          :      215        1      4020
...
000 (4046671.519.000) 03/15 22:27:46 Job submitted from host: <192.168.1.109:9618?addrs=192.168.1.109-9618+[--1]-9618&noUDP&sock=3153_969b_4>
...
001 (4046671.519.000) 03/15 22:29:01 Job executing on host: <192.168.1.47:9618?addrs=192.168.1.47-9618+[--1]-9618&noUDP&sock=3245_a288_3>
...
006 (4046671.519.000) 03/15 22:29:09 Image size of job updated: 227992
	199  -  MemoryUsage of job (MB)
	203588  -  ResidentSetSize of job (KB)
...
006 (4046671.519.000) 03/15 22:34:09 Image size of job updated: 790404
	751  -  MemoryUsage of job (MB)
	768260  -  ResidentSetSize of job (KB)
...
005 (4046671.519.000) 03/15 22:38:08 Job terminated.
	(1) Normal termination (return value 0)
		Usr 0 00:00:23, Sys 0 00:00:04  -  Run Remote Usage
		Usr 0 00:00:00, Sys 0 00:00:00  -  Run Local Usage
		Usr 0 00:00:23, Sys 0 00:00:04  -  Total Remote Usage
		Usr 0 00:00:00, Sys 0 00:00:00  -  Total Local Usage
	0  -  Run Bytes Sent By Job
	0  -  Run Bytes Received By Job
	0  -  Total Bytes Sent By Job
	0  -  Total Bytes Received By Job
	Partitionable Resources :    Usage  Request Allocated
	   Cpus                 :                 1         1
	   Disk (KB)            :        2        2  28493856
	   Memory (MB)          :      751        1      4020
...
000 (4046674.519.000) 03/15 23:56:09 Job submitted from host: <192.168.1.109:9618?addrs=192.168.1.109-9618+[--1]-9618&noUDP&sock=3153_969b_4>
...
009 (4046674.519.000) 03/16 00:49:23 Job was aborted by the user.
	via condor_rm (by user routray)
...
000 (4047692.519.000) 03/16 09:41:50 Job submitted from host: <192.168.1.109:9618?addrs=192.168.1.109-9618+[--1]-9618&noUDP&sock=3153_969b_4>
...
001 (4047692.519.000) 03/16 09:42:41 Job executing on host: <192.168.1.49:9618?addrs=192.168.1.49-9618+[--1]-9618&noUDP&sock=3240_e427_3>
...
006 (4047692.519.000) 03/16 09:42:50 Image size of job updated: 63476
	60  -  MemoryUsage of job (MB)
	61260  -  ResidentSetSize of job (KB)
...
006 (4047692.519.000) 03/16 09:47:51 Image size of job updated: 482008
	465  -  MemoryUsage of job (MB)
	476004  -  ResidentSetSize of job (KB)
...
006 (4047692.519.000) 03/16 09:52:52 Image size of job updated: 727328
	705  -  MemoryUsage of job (MB)
	721288  -  ResidentSetSize of job (KB)
...
005 (4047692.519.000) 03/16 09:54:41 Job terminated.
	(1) Normal termination (return value 0)
		Usr 0 00:00:21, Sys 0 00:00:06  -  Run Remote Usage
		Usr 0 00:00:00, Sys 0 00:00:00  -  Run Local Usage
		Usr 0 00:00:21, Sys 0 00:00:06  -  Total Remote Usage
		Usr 0 00:00:00, Sys 0 00:00:00  -  Total Local Usage
	0  -  Run Bytes Sent By Job
	0  -  Run Bytes Received By Job
	0  -  Total Bytes Sent By Job
	0  -  Total Bytes Received By Job
	Partitionable Resources :    Usage  Request Allocated
	   Cpus                 :                 1         1
	   Disk (KB)            :        2        2  28491601
	   Memory (MB)          :      705        1      4020
...
000 (4047694.519.000) 03/16 10:18:56 Job submitted from host: <192.168.1.109:9618?addrs=192.168.1.109-9618+[--1]-9618&noUDP&sock=3153_969b_4>
...
001 (4047694.519.000) 03/16 10:19:52 Job executing on host: <192.168.1.45:9618?addrs=192.168.1.45-9618+[--1]-9618&noUDP&sock=3341_bd3f_3>
...
006 (4047694.519.000) 03/16 10:19:53 Image size of job updated: 1216
	0  -  MemoryUsage of job (MB)
	0  -  ResidentSetSize of job (KB)
...
005 (4047694.519.000) 03/16 10:20:20 Job terminated.
	(1) Normal termination (return value 1)
		Usr 0 00:00:00, Sys 0 00:00:00  -  Run Remote Usage
		Usr 0 00:00:00, Sys 0 00:00:00  -  Run Local Usage
		Usr 0 00:00:00, Sys 0 00:00:00  -  Total Remote Usage
		Usr 0 00:00:00, Sys 0 00:00:00  -  Total Local Usage
	0  -  Run Bytes Sent By Job
	0  -  Run Bytes Received By Job
	0  -  Total Bytes Sent By Job
	0  -  Total Bytes Received By Job
	Partitionable Resources :    Usage  Request Allocated
	   Cpus                 :                 1         1
	   Disk (KB)            :        2        2  20460088
	   Memory (MB)          :        0        1      4022
...
000 (4047695.519.000) 03/16 10:31:35 Job submitted from host: <192.168.1.109:9618?addrs=192.168.1.109-9618+[--1]-9618&noUDP&sock=3153_969b_4>
...
001 (4047695.519.000) 03/16 10:32:33 Job executing on host: <192.168.1.49:9618?addrs=192.168.1.49-9618+[--1]-9618&noUDP&sock=3240_e427_3>
...
006 (4047695.519.000) 03/16 10:32:42 Image size of job updated: 128032
	110  -  MemoryUsage of job (MB)
	112288  -  ResidentSetSize of job (KB)
...
006 (4047695.519.000) 03/16 10:37:43 Image size of job updated: 704508
	688  -  MemoryUsage of job (MB)
	703804  -  ResidentSetSize of job (KB)
...
005 (4047695.519.000) 03/16 10:38:33 Job terminated.
	(1) Normal termination (return value 0)
		Usr 0 00:00:25, Sys 0 00:00:06  -  Run Remote Usage
		Usr 0 00:00:00, Sys 0 00:00:00  -  Run Local Usage
		Usr 0 00:00:25, Sys 0 00:00:06  -  Total Remote Usage
		Usr 0 00:00:00, Sys 0 00:00:00  -  Total Local Usage
	0  -  Run Bytes Sent By Job
	0  -  Run Bytes Received By Job
	0  -  Total Bytes Sent By Job
	0  -  Total Bytes Received By Job
	Partitionable Resources :    Usage  Request Allocated
	   Cpus                 :                 1         1
	   Disk (KB)            :        2        2  28491601
	   Memory (MB)          :      688        1      4020
...
000 (4048296.519.000) 03/16 11:27:05 Job submitted from host: <192.168.1.109:9618?addrs=192.168.1.109-9618+[--1]-9618&noUDP&sock=3153_969b_4>
...
009 (4048296.519.000) 03/16 11:27:57 Job was aborted by the user.
	via condor_rm (by user routray)
...
000 (4048297.519.000) 03/16 11:29:02 Job submitted from host: <192.168.1.109:9618?addrs=192.168.1.109-9618+[--1]-9618&noUDP&sock=3153_969b_4>
...
009 (4048297.519.000) 03/16 11:30:12 Job was aborted by the user.
	via condor_rm (by user routray)
...
