000 (4046621.404.000) 03/15 20:22:17 Job submitted from host: <192.168.1.109:9618?addrs=192.168.1.109-9618+[--1]-9618&noUDP&sock=3153_969b_4>
...
001 (4046621.404.000) 03/15 20:24:30 Job executing on host: <192.168.1.63:9618?addrs=192.168.1.63-9618+[--1]-9618&noUDP&sock=3501_ea5f_33>
...
006 (4046621.404.000) 03/15 20:24:31 Image size of job updated: 3996
	0  -  MemoryUsage of job (MB)
	0  -  ResidentSetSize of job (KB)
...
005 (4046621.404.000) 03/15 20:24:36 Job terminated.
	(1) Normal termination (return value 1)
		Usr 0 00:00:00, Sys 0 00:00:00  -  Run Remote Usage
		Usr 0 00:00:00, Sys 0 00:00:00  -  Run Local Usage
		Usr 0 00:00:00, Sys 0 00:00:00  -  Total Remote Usage
		Usr 0 00:00:00, Sys 0 00:00:00  -  Total Local Usage
	0  -  Run Bytes Sent By Job
	0  -  Run Bytes Received By Job
	0  -  Total Bytes Sent By Job
	0  -  Total Bytes Received By Job
	Partitionable Resources :    Usage  Request Allocated
	   Cpus                 :                 1         1
	   Disk (KB)            :        2        2  22685399
	   Memory (MB)          :        0        1      4015
...
009 (4046621.404.000) 03/15 20:24:41 Job was aborted by the user.
	via condor_rm (by user routray)
...
009 (4046621.404.000) 03/15 20:24:52 Job was aborted by the user.
	via condor_rm (by user routray)
...
000 (4046640.404.000) 03/15 21:06:33 Job submitted from host: <192.168.1.109:9618?addrs=192.168.1.109-9618+[--1]-9618&noUDP&sock=3153_969b_4>
...
001 (4046640.404.000) 03/15 21:07:32 Job executing on host: <192.168.1.43:9618?addrs=192.168.1.43-9618+[--1]-9618&noUDP&sock=3360_24bc_3>
...
006 (4046640.404.000) 03/15 21:07:41 Image size of job updated: 51292
	51  -  MemoryUsage of job (MB)
	51280  -  ResidentSetSize of job (KB)
...
006 (4046640.404.000) 03/15 21:12:42 Image size of job updated: 705104
	689  -  MemoryUsage of job (MB)
	705104  -  ResidentSetSize of job (KB)
...
006 (4046640.404.000) 03/15 21:13:57 Image size of job updated: 1363764
	689  -  MemoryUsage of job (MB)
	705104  -  ResidentSetSize of job (KB)
...
005 (4046640.404.000) 03/15 21:14:02 Job terminated.
	(1) Normal termination (return value 0)
		Usr 0 00:00:24, Sys 0 00:00:06  -  Run Remote Usage
		Usr 0 00:00:00, Sys 0 00:00:00  -  Run Local Usage
		Usr 0 00:00:24, Sys 0 00:00:06  -  Total Remote Usage
		Usr 0 00:00:00, Sys 0 00:00:00  -  Total Local Usage
	0  -  Run Bytes Sent By Job
	0  -  Run Bytes Received By Job
	0  -  Total Bytes Sent By Job
	0  -  Total Bytes Received By Job
	Partitionable Resources :    Usage  Request Allocated
	   Cpus                 :                 1         1
	   Disk (KB)            :        2        2  20458450
	   Memory (MB)          :      689        1      4022
...
000 (4046671.404.000) 03/15 22:27:46 Job submitted from host: <192.168.1.109:9618?addrs=192.168.1.109-9618+[--1]-9618&noUDP&sock=3153_969b_4>
...
001 (4046671.404.000) 03/15 22:28:56 Job executing on host: <192.168.1.45:9618?addrs=192.168.1.45-9618+[--1]-9618&noUDP&sock=3341_bd3f_3>
...
006 (4046671.404.000) 03/15 22:29:05 Image size of job updated: 93512
	83  -  MemoryUsage of job (MB)
	84568  -  ResidentSetSize of job (KB)
...
006 (4046671.404.000) 03/15 22:34:06 Image size of job updated: 798520
	779  -  MemoryUsage of job (MB)
	797044  -  ResidentSetSize of job (KB)
...
005 (4046671.404.000) 03/15 22:38:57 Job terminated.
	(1) Normal termination (return value 0)
		Usr 0 00:00:29, Sys 0 00:00:07  -  Run Remote Usage
		Usr 0 00:00:00, Sys 0 00:00:00  -  Run Local Usage
		Usr 0 00:00:29, Sys 0 00:00:07  -  Total Remote Usage
		Usr 0 00:00:00, Sys 0 00:00:00  -  Total Local Usage
	0  -  Run Bytes Sent By Job
	0  -  Run Bytes Received By Job
	0  -  Total Bytes Sent By Job
	0  -  Total Bytes Received By Job
	Partitionable Resources :    Usage  Request Allocated
	   Cpus                 :                 1         1
	   Disk (KB)            :        2        2  20460089
	   Memory (MB)          :      779        1      4022
...
000 (4046674.404.000) 03/15 23:56:09 Job submitted from host: <192.168.1.109:9618?addrs=192.168.1.109-9618+[--1]-9618&noUDP&sock=3153_969b_4>
...
009 (4046674.404.000) 03/16 00:49:22 Job was aborted by the user.
	via condor_rm (by user routray)
...
000 (4047692.404.000) 03/16 09:41:49 Job submitted from host: <192.168.1.109:9618?addrs=192.168.1.109-9618+[--1]-9618&noUDP&sock=3153_969b_4>
...
001 (4047692.404.000) 03/16 09:42:37 Job executing on host: <192.168.1.42:9618?addrs=192.168.1.42-9618+[--1]-9618&noUDP&sock=3360_3385_3>
...
006 (4047692.404.000) 03/16 09:42:46 Image size of job updated: 62724
	61  -  MemoryUsage of job (MB)
	62088  -  ResidentSetSize of job (KB)
...
006 (4047692.404.000) 03/16 09:47:47 Image size of job updated: 464604
	451  -  MemoryUsage of job (MB)
	461104  -  ResidentSetSize of job (KB)
...
006 (4047692.404.000) 03/16 09:52:47 Image size of job updated: 724260
	704  -  MemoryUsage of job (MB)
	720748  -  ResidentSetSize of job (KB)
...
005 (4047692.404.000) 03/16 09:54:37 Job terminated.
	(1) Normal termination (return value 0)
		Usr 0 00:00:21, Sys 0 00:00:07  -  Run Remote Usage
		Usr 0 00:00:00, Sys 0 00:00:00  -  Run Local Usage
		Usr 0 00:00:21, Sys 0 00:00:07  -  Total Remote Usage
		Usr 0 00:00:00, Sys 0 00:00:00  -  Total Local Usage
	0  -  Run Bytes Sent By Job
	0  -  Run Bytes Received By Job
	0  -  Total Bytes Sent By Job
	0  -  Total Bytes Received By Job
	Partitionable Resources :    Usage  Request Allocated
	   Cpus                 :                 1         1
	   Disk (KB)            :        2        2  20458261
	   Memory (MB)          :      704        1      4022
...
000 (4047694.404.000) 03/16 10:18:56 Job submitted from host: <192.168.1.109:9618?addrs=192.168.1.109-9618+[--1]-9618&noUDP&sock=3153_969b_4>
...
001 (4047694.404.000) 03/16 10:19:43 Job executing on host: <192.168.1.50:9618?addrs=192.168.1.50-9618+[--1]-9618&noUDP&sock=3247_5221_3>
...
006 (4047694.404.000) 03/16 10:19:44 Image size of job updated: 124896
	0  -  MemoryUsage of job (MB)
	0  -  ResidentSetSize of job (KB)
...
005 (4047694.404.000) 03/16 10:20:19 Job terminated.
	(1) Normal termination (return value 1)
		Usr 0 00:00:00, Sys 0 00:00:00  -  Run Remote Usage
		Usr 0 00:00:00, Sys 0 00:00:00  -  Run Local Usage
		Usr 0 00:00:00, Sys 0 00:00:00  -  Total Remote Usage
		Usr 0 00:00:00, Sys 0 00:00:00  -  Total Local Usage
	0  -  Run Bytes Sent By Job
	0  -  Run Bytes Received By Job
	0  -  Total Bytes Sent By Job
	0  -  Total Bytes Received By Job
	Partitionable Resources :    Usage  Request Allocated
	   Cpus                 :                 1         1
	   Disk (KB)            :        2        2  28493273
	   Memory (MB)          :        0        1      4020
...
000 (4047695.404.000) 03/16 10:31:35 Job submitted from host: <192.168.1.109:9618?addrs=192.168.1.109-9618+[--1]-9618&noUDP&sock=3153_969b_4>
...
001 (4047695.404.000) 03/16 10:32:29 Job executing on host: <192.168.1.42:9618?addrs=192.168.1.42-9618+[--1]-9618&noUDP&sock=3360_3385_3>
...
006 (4047695.404.000) 03/16 10:32:38 Image size of job updated: 49192
	48  -  MemoryUsage of job (MB)
	49112  -  ResidentSetSize of job (KB)
...
006 (4047695.404.000) 03/16 10:37:39 Image size of job updated: 684724
	669  -  MemoryUsage of job (MB)
	684676  -  ResidentSetSize of job (KB)
...
006 (4047695.404.000) 03/16 10:38:38 Image size of job updated: 1363772
	669  -  MemoryUsage of job (MB)
	684676  -  ResidentSetSize of job (KB)
...
005 (4047695.404.000) 03/16 10:38:39 Job terminated.
	(1) Normal termination (return value 0)
		Usr 0 00:00:23, Sys 0 00:00:05  -  Run Remote Usage
		Usr 0 00:00:00, Sys 0 00:00:00  -  Run Local Usage
		Usr 0 00:00:23, Sys 0 00:00:05  -  Total Remote Usage
		Usr 0 00:00:00, Sys 0 00:00:00  -  Total Local Usage
	0  -  Run Bytes Sent By Job
	0  -  Run Bytes Received By Job
	0  -  Total Bytes Sent By Job
	0  -  Total Bytes Received By Job
	Partitionable Resources :    Usage  Request Allocated
	   Cpus                 :                 1         1
	   Disk (KB)            :        2        2  20458261
	   Memory (MB)          :      669        1      4022
...
000 (4048296.404.000) 03/16 11:27:04 Job submitted from host: <192.168.1.109:9618?addrs=192.168.1.109-9618+[--1]-9618&noUDP&sock=3153_969b_4>
...
009 (4048296.404.000) 03/16 11:27:56 Job was aborted by the user.
	via condor_rm (by user routray)
...
000 (4048297.404.000) 03/16 11:29:01 Job submitted from host: <192.168.1.109:9618?addrs=192.168.1.109-9618+[--1]-9618&noUDP&sock=3153_969b_4>
...
009 (4048297.404.000) 03/16 11:30:11 Job was aborted by the user.
	via condor_rm (by user routray)
...
