000 (4046621.410.000) 03/15 20:22:17 Job submitted from host: <192.168.1.109:9618?addrs=192.168.1.109-9618+[--1]-9618&noUDP&sock=3153_969b_4>
...
004 (4046621.410.000) 03/15 20:24:55 Job was evicted.
	(0) Job was not checkpointed.
		Usr 0 00:00:00, Sys 0 00:00:00  -  Run Remote Usage
		Usr 0 00:00:00, Sys 0 00:00:00  -  Run Local Usage
	0  -  Run Bytes Sent By Job
	0  -  Run Bytes Received By Job
	Partitionable Resources :    Usage  Request Allocated
	   Cpus                 :                 1         1
	   Disk (KB)            :        2        2  20457847
	   Memory (MB)          :                 1      4022
...
009 (4046621.410.000) 03/15 20:24:55 Job was aborted by the user.
	via condor_rm (by user routray)
...
000 (4046640.410.000) 03/15 21:06:33 Job submitted from host: <192.168.1.109:9618?addrs=192.168.1.109-9618+[--1]-9618&noUDP&sock=3153_969b_4>
...
001 (4046640.410.000) 03/15 21:07:32 Job executing on host: <192.168.1.65:9618?addrs=192.168.1.65-9618+[--1]-9618&noUDP&sock=3515_344b_35>
...
006 (4046640.410.000) 03/15 21:07:42 Image size of job updated: 58448
	57  -  MemoryUsage of job (MB)
	58324  -  ResidentSetSize of job (KB)
...
006 (4046640.410.000) 03/15 21:12:42 Image size of job updated: 218212
	211  -  MemoryUsage of job (MB)
	215172  -  ResidentSetSize of job (KB)
...
006 (4046640.410.000) 03/15 21:17:42 Image size of job updated: 538988
	521  -  MemoryUsage of job (MB)
	533220  -  ResidentSetSize of job (KB)
...
005 (4046640.410.000) 03/15 21:20:44 Job terminated.
	(1) Normal termination (return value 0)
		Usr 0 00:00:45, Sys 0 00:00:06  -  Run Remote Usage
		Usr 0 00:00:00, Sys 0 00:00:00  -  Run Local Usage
		Usr 0 00:00:45, Sys 0 00:00:06  -  Total Remote Usage
		Usr 0 00:00:00, Sys 0 00:00:00  -  Total Local Usage
	0  -  Run Bytes Sent By Job
	0  -  Run Bytes Received By Job
	0  -  Total Bytes Sent By Job
	0  -  Total Bytes Received By Job
	Partitionable Resources :    Usage  Request Allocated
	   Cpus                 :                 1         1
	   Disk (KB)            :        2        2  22684044
	   Memory (MB)          :      521        1      4015
...
000 (4046671.410.000) 03/15 22:27:46 Job submitted from host: <192.168.1.109:9618?addrs=192.168.1.109-9618+[--1]-9618&noUDP&sock=3153_969b_4>
...
001 (4046671.410.000) 03/15 22:28:57 Job executing on host: <192.168.1.45:9618?addrs=192.168.1.45-9618+[--1]-9618&noUDP&sock=3341_bd3f_3>
...
006 (4046671.410.000) 03/15 22:29:05 Image size of job updated: 54216
	53  -  MemoryUsage of job (MB)
	54188  -  ResidentSetSize of job (KB)
...
006 (4046671.410.000) 03/15 22:34:05 Image size of job updated: 794720
	776  -  MemoryUsage of job (MB)
	793900  -  ResidentSetSize of job (KB)
...
005 (4046671.410.000) 03/15 22:38:57 Job terminated.
	(1) Normal termination (return value 0)
		Usr 0 00:00:31, Sys 0 00:00:07  -  Run Remote Usage
		Usr 0 00:00:00, Sys 0 00:00:00  -  Run Local Usage
		Usr 0 00:00:31, Sys 0 00:00:07  -  Total Remote Usage
		Usr 0 00:00:00, Sys 0 00:00:00  -  Total Local Usage
	0  -  Run Bytes Sent By Job
	0  -  Run Bytes Received By Job
	0  -  Total Bytes Sent By Job
	0  -  Total Bytes Received By Job
	Partitionable Resources :    Usage  Request Allocated
	   Cpus                 :                 1         1
	   Disk (KB)            :        2        2  20460088
	   Memory (MB)          :      776        1      4022
...
000 (4046674.410.000) 03/15 23:56:09 Job submitted from host: <192.168.1.109:9618?addrs=192.168.1.109-9618+[--1]-9618&noUDP&sock=3153_969b_4>
...
