000 (4046621.1232.000) 03/15 20:22:26 Job submitted from host: <192.168.1.109:9618?addrs=192.168.1.109-9618+[--1]-9618&noUDP&sock=3153_969b_4>
...
001 (4046621.1232.000) 03/15 20:24:26 Job executing on host: <192.168.1.62:9618?addrs=192.168.1.62-9618+[--1]-9618&noUDP&sock=2992_c8ab_24>
...
006 (4046621.1232.000) 03/15 20:24:27 Image size of job updated: 2
	0  -  MemoryUsage of job (MB)
	0  -  ResidentSetSize of job (KB)
...
005 (4046621.1232.000) 03/15 20:24:34 Job terminated.
	(1) Normal termination (return value 1)
		Usr 0 00:00:00, Sys 0 00:00:00  -  Run Remote Usage
		Usr 0 00:00:00, Sys 0 00:00:00  -  Run Local Usage
		Usr 0 00:00:00, Sys 0 00:00:00  -  Total Remote Usage
		Usr 0 00:00:00, Sys 0 00:00:00  -  Total Local Usage
	0  -  Run Bytes Sent By Job
	0  -  Run Bytes Received By Job
	0  -  Total Bytes Sent By Job
	0  -  Total Bytes Received By Job
	Partitionable Resources :    Usage  Request Allocated
	   Cpus                 :                 1         1
	   Disk (KB)            :        2        2  22663505
	   Memory (MB)          :        0        1      4001
...
000 (4046640.1232.000) 03/15 21:06:37 Job submitted from host: <192.168.1.109:9618?addrs=192.168.1.109-9618+[--1]-9618&noUDP&sock=3153_969b_4>
...
001 (4046640.1232.000) 03/15 21:18:24 Job executing on host: <192.168.1.40:9618?addrs=192.168.1.40-9618+[--1]-9618&noUDP&sock=3366_a17e_3>
...
006 (4046640.1232.000) 03/15 21:18:33 Image size of job updated: 187816
	178  -  MemoryUsage of job (MB)
	181980  -  ResidentSetSize of job (KB)
...
006 (4046640.1232.000) 03/15 21:21:16 Image size of job updated: 1363768
	178  -  MemoryUsage of job (MB)
	181988  -  ResidentSetSize of job (KB)
...
005 (4046640.1232.000) 03/15 21:21:21 Job terminated.
	(1) Normal termination (return value 0)
		Usr 0 00:00:22, Sys 0 00:00:05  -  Run Remote Usage
		Usr 0 00:00:00, Sys 0 00:00:00  -  Run Local Usage
		Usr 0 00:00:22, Sys 0 00:00:05  -  Total Remote Usage
		Usr 0 00:00:00, Sys 0 00:00:00  -  Total Local Usage
	0  -  Run Bytes Sent By Job
	0  -  Run Bytes Received By Job
	0  -  Total Bytes Sent By Job
	0  -  Total Bytes Received By Job
	Partitionable Resources :    Usage  Request Allocated
	   Cpus                 :                 1         1
	   Disk (KB)            :        2        2  20457847
	   Memory (MB)          :      178        1      4022
...
000 (4046674.1232.000) 03/15 23:56:12 Job submitted from host: <192.168.1.109:9618?addrs=192.168.1.109-9618+[--1]-9618&noUDP&sock=3153_969b_4>
...
009 (4046674.1232.000) 03/16 00:49:28 Job was aborted by the user.
	via condor_rm (by user routray)
...
000 (4047692.1232.000) 03/16 09:41:56 Job submitted from host: <192.168.1.109:9618?addrs=192.168.1.109-9618+[--1]-9618&noUDP&sock=3153_969b_4>
...
001 (4047692.1232.000) 03/16 09:55:39 Job executing on host: <192.168.1.46:9618?addrs=192.168.1.46-9618+[--1]-9618&noUDP&sock=3272_2797_3>
...
006 (4047692.1232.000) 03/16 09:55:47 Image size of job updated: 40900
	40  -  MemoryUsage of job (MB)
	40900  -  ResidentSetSize of job (KB)
...
006 (4047692.1232.000) 03/16 10:00:47 Image size of job updated: 629040
	615  -  MemoryUsage of job (MB)
	629040  -  ResidentSetSize of job (KB)
...
006 (4047692.1232.000) 03/16 10:03:33 Image size of job updated: 728608
	615  -  MemoryUsage of job (MB)
	629040  -  ResidentSetSize of job (KB)
...
005 (4047692.1232.000) 03/16 10:03:33 Job terminated.
	(1) Normal termination (return value 0)
		Usr 0 00:00:18, Sys 0 00:00:05  -  Run Remote Usage
		Usr 0 00:00:00, Sys 0 00:00:00  -  Run Local Usage
		Usr 0 00:00:18, Sys 0 00:00:05  -  Total Remote Usage
		Usr 0 00:00:00, Sys 0 00:00:00  -  Total Local Usage
	0  -  Run Bytes Sent By Job
	0  -  Run Bytes Received By Job
	0  -  Total Bytes Sent By Job
	0  -  Total Bytes Received By Job
	Partitionable Resources :    Usage  Request Allocated
	   Cpus                 :                 1         1
	   Disk (KB)            :        2        2  20459165
	   Memory (MB)          :      615        1      4022
...
000 (4047694.1232.000) 03/16 10:19:00 Job submitted from host: <192.168.1.109:9618?addrs=192.168.1.109-9618+[--1]-9618&noUDP&sock=3153_969b_4>
...
001 (4047694.1232.000) 03/16 10:20:27 Job executing on host: <192.168.1.44:9618?addrs=192.168.1.44-9618+[--1]-9618&noUDP&sock=3035_ca7b_3>
...
006 (4047694.1232.000) 03/16 10:20:28 Image size of job updated: 107172
	0  -  MemoryUsage of job (MB)
	0  -  ResidentSetSize of job (KB)
...
005 (4047694.1232.000) 03/16 10:20:33 Job terminated.
	(1) Normal termination (return value 1)
		Usr 0 00:00:00, Sys 0 00:00:00  -  Run Remote Usage
		Usr 0 00:00:00, Sys 0 00:00:00  -  Run Local Usage
		Usr 0 00:00:00, Sys 0 00:00:00  -  Total Remote Usage
		Usr 0 00:00:00, Sys 0 00:00:00  -  Total Local Usage
	0  -  Run Bytes Sent By Job
	0  -  Run Bytes Received By Job
	0  -  Total Bytes Sent By Job
	0  -  Total Bytes Received By Job
	Partitionable Resources :    Usage  Request Allocated
	   Cpus                 :                 1         1
	   Disk (KB)            :        2        2  20458817
	   Memory (MB)          :        0        1      4022
...
000 (4047695.1232.000) 03/16 10:31:39 Job submitted from host: <192.168.1.109:9618?addrs=192.168.1.109-9618+[--1]-9618&noUDP&sock=3153_969b_4>
...
001 (4047695.1232.000) 03/16 10:41:59 Job executing on host: <192.168.1.56:9618?addrs=192.168.1.56-9618+[--1]-9618&noUDP&sock=3336_bd3f_3>
...
006 (4047695.1232.000) 03/16 10:42:08 Image size of job updated: 53460
	52  -  MemoryUsage of job (MB)
	53080  -  ResidentSetSize of job (KB)
...
006 (4047695.1232.000) 03/16 10:45:02 Image size of job updated: 53460
	52  -  MemoryUsage of job (MB)
	53096  -  ResidentSetSize of job (KB)
...
005 (4047695.1232.000) 03/16 10:45:02 Job terminated.
	(1) Normal termination (return value 0)
		Usr 0 00:00:39, Sys 0 00:00:05  -  Run Remote Usage
		Usr 0 00:00:00, Sys 0 00:00:00  -  Run Local Usage
		Usr 0 00:00:39, Sys 0 00:00:05  -  Total Remote Usage
		Usr 0 00:00:00, Sys 0 00:00:00  -  Total Local Usage
	0  -  Run Bytes Sent By Job
	0  -  Run Bytes Received By Job
	0  -  Total Bytes Sent By Job
	0  -  Total Bytes Received By Job
	Partitionable Resources :    Usage  Request Allocated
	   Cpus                 :                 1         1
	   Disk (KB)            :        2        2  22662681
	   Memory (MB)          :       52        1      4001
...
000 (4048296.1232.000) 03/16 11:27:09 Job submitted from host: <192.168.1.109:9618?addrs=192.168.1.109-9618+[--1]-9618&noUDP&sock=3153_969b_4>
...
009 (4048296.1232.000) 03/16 11:28:03 Job was aborted by the user.
	via condor_rm (by user routray)
...
