000 (4046621.2381.000) 03/15 20:22:36 Job submitted from host: <192.168.1.109:9618?addrs=192.168.1.109-9618+[--1]-9618&noUDP&sock=3153_969b_4>
...
009 (4046621.2381.000) 03/15 20:25:15 Job was aborted by the user.
	via condor_rm (by user routray)
...
000 (4046640.2381.000) 03/15 21:06:42 Job submitted from host: <192.168.1.109:9618?addrs=192.168.1.109-9618+[--1]-9618&noUDP&sock=3153_969b_4>
...
001 (4046640.2381.000) 03/15 21:29:33 Job executing on host: <192.168.1.47:9618?addrs=192.168.1.47-9618+[--1]-9618&noUDP&sock=3245_a288_3>
...
006 (4046640.2381.000) 03/15 21:29:41 Image size of job updated: 191564
	184  -  MemoryUsage of job (MB)
	187484  -  ResidentSetSize of job (KB)
...
005 (4046640.2381.000) 03/15 21:33:57 Job terminated.
	(1) Normal termination (return value 0)
		Usr 0 00:00:23, Sys 0 00:00:04  -  Run Remote Usage
		Usr 0 00:00:00, Sys 0 00:00:00  -  Run Local Usage
		Usr 0 00:00:23, Sys 0 00:00:04  -  Total Remote Usage
		Usr 0 00:00:00, Sys 0 00:00:00  -  Total Local Usage
	0  -  Run Bytes Sent By Job
	0  -  Run Bytes Received By Job
	0  -  Total Bytes Sent By Job
	0  -  Total Bytes Received By Job
	Partitionable Resources :    Usage  Request Allocated
	   Cpus                 :                 1         1
	   Disk (KB)            :        2        2  28493856
	   Memory (MB)          :      184        1      4020
...
000 (4047694.2381.000) 03/16 10:19:08 Job submitted from host: <192.168.1.109:9618?addrs=192.168.1.109-9618+[--1]-9618&noUDP&sock=3153_969b_4>
...
001 (4047694.2381.000) 03/16 10:21:54 Job executing on host: <192.168.1.44:9618?addrs=192.168.1.44-9618+[--1]-9618&noUDP&sock=3035_ca7b_3>
...
006 (4047694.2381.000) 03/16 10:21:55 Image size of job updated: 1164
	0  -  MemoryUsage of job (MB)
	0  -  ResidentSetSize of job (KB)
...
005 (4047694.2381.000) 03/16 10:22:06 Job terminated.
	(1) Normal termination (return value 1)
		Usr 0 00:00:00, Sys 0 00:00:00  -  Run Remote Usage
		Usr 0 00:00:00, Sys 0 00:00:00  -  Run Local Usage
		Usr 0 00:00:00, Sys 0 00:00:00  -  Total Remote Usage
		Usr 0 00:00:00, Sys 0 00:00:00  -  Total Local Usage
	0  -  Run Bytes Sent By Job
	0  -  Run Bytes Received By Job
	0  -  Total Bytes Sent By Job
	0  -  Total Bytes Received By Job
	Partitionable Resources :    Usage  Request Allocated
	   Cpus                 :                 1         1
	   Disk (KB)            :        2        2  20458817
	   Memory (MB)          :        0        1      4022
...
000 (4047695.2381.000) 03/16 10:31:44 Job submitted from host: <192.168.1.109:9618?addrs=192.168.1.109-9618+[--1]-9618&noUDP&sock=3153_969b_4>
...
001 (4047695.2381.000) 03/16 10:51:32 Job executing on host: <192.168.1.42:9618?addrs=192.168.1.42-9618+[--1]-9618&noUDP&sock=3360_3385_3>
...
006 (4047695.2381.000) 03/16 10:51:40 Image size of job updated: 32252
	32  -  MemoryUsage of job (MB)
	32248  -  ResidentSetSize of job (KB)
...
006 (4047695.2381.000) 03/16 10:56:40 Image size of job updated: 786484
	758  -  MemoryUsage of job (MB)
	775328  -  ResidentSetSize of job (KB)
...
006 (4047695.2381.000) 03/16 10:57:16 Image size of job updated: 1363768
	758  -  MemoryUsage of job (MB)
	775328  -  ResidentSetSize of job (KB)
...
005 (4047695.2381.000) 03/16 10:57:17 Job terminated.
	(1) Normal termination (return value 0)
		Usr 0 00:00:29, Sys 0 00:00:07  -  Run Remote Usage
		Usr 0 00:00:00, Sys 0 00:00:00  -  Run Local Usage
		Usr 0 00:00:29, Sys 0 00:00:07  -  Total Remote Usage
		Usr 0 00:00:00, Sys 0 00:00:00  -  Total Local Usage
	0  -  Run Bytes Sent By Job
	0  -  Run Bytes Received By Job
	0  -  Total Bytes Sent By Job
	0  -  Total Bytes Received By Job
	Partitionable Resources :    Usage  Request Allocated
	   Cpus                 :                 1         1
	   Disk (KB)            :        2        2  20458262
	   Memory (MB)          :      758        1      4022
...
000 (4048296.2381.000) 03/16 11:27:16 Job submitted from host: <192.168.1.109:9618?addrs=192.168.1.109-9618+[--1]-9618&noUDP&sock=3153_969b_4>
...
009 (4048296.2381.000) 03/16 11:28:12 Job was aborted by the user.
	via condor_rm (by user routray)
...
