000 (4046621.1378.000) 03/15 20:22:27 Job submitted from host: <192.168.1.109:9618?addrs=192.168.1.109-9618+[--1]-9618&noUDP&sock=3153_969b_4>
...
001 (4046621.1378.000) 03/15 20:24:38 Job executing on host: <192.168.1.44:9618?addrs=192.168.1.44-9618+[--1]-9618&noUDP&sock=3035_ca7b_3>
...
006 (4046621.1378.000) 03/15 20:24:39 Image size of job updated: 124636
	0  -  MemoryUsage of job (MB)
	0  -  ResidentSetSize of job (KB)
...
005 (4046621.1378.000) 03/15 20:24:45 Job terminated.
	(1) Normal termination (return value 1)
		Usr 0 00:00:00, Sys 0 00:00:00  -  Run Remote Usage
		Usr 0 00:00:00, Sys 0 00:00:00  -  Run Local Usage
		Usr 0 00:00:00, Sys 0 00:00:00  -  Total Remote Usage
		Usr 0 00:00:00, Sys 0 00:00:00  -  Total Local Usage
	0  -  Run Bytes Sent By Job
	0  -  Run Bytes Received By Job
	0  -  Total Bytes Sent By Job
	0  -  Total Bytes Received By Job
	Partitionable Resources :    Usage  Request Allocated
	   Cpus                 :                 1         1
	   Disk (KB)            :        2        2  20458817
	   Memory (MB)          :        0        1      4022
...
009 (4046621.1378.000) 03/15 20:24:47 Job was aborted by the user.
	via condor_rm (by user routray)
...
009 (4046621.1378.000) 03/15 20:25:03 Job was aborted by the user.
	via condor_rm (by user routray)
...
000 (4046640.1378.000) 03/15 21:06:37 Job submitted from host: <192.168.1.109:9618?addrs=192.168.1.109-9618+[--1]-9618&noUDP&sock=3153_969b_4>
...
001 (4046640.1378.000) 03/15 21:20:48 Job executing on host: <192.168.1.67:9618?addrs=192.168.1.67-9618+[--1]-9618&noUDP&sock=3517_344b_38>
...
006 (4046640.1378.000) 03/15 21:20:57 Image size of job updated: 31388
	31  -  MemoryUsage of job (MB)
	31280  -  ResidentSetSize of job (KB)
...
006 (4046640.1378.000) 03/15 21:25:57 Image size of job updated: 700520
	676  -  MemoryUsage of job (MB)
	691368  -  ResidentSetSize of job (KB)
...
005 (4046640.1378.000) 03/15 21:26:48 Job terminated.
	(1) Normal termination (return value 0)
		Usr 0 00:00:38, Sys 0 00:00:06  -  Run Remote Usage
		Usr 0 00:00:00, Sys 0 00:00:00  -  Run Local Usage
		Usr 0 00:00:38, Sys 0 00:00:06  -  Total Remote Usage
		Usr 0 00:00:00, Sys 0 00:00:00  -  Total Local Usage
	0  -  Run Bytes Sent By Job
	0  -  Run Bytes Received By Job
	0  -  Total Bytes Sent By Job
	0  -  Total Bytes Received By Job
	Partitionable Resources :    Usage  Request Allocated
	   Cpus                 :                 1         1
	   Disk (KB)            :        2        2  22682500
	   Memory (MB)          :      676        1      4015
...
000 (4046674.1378.000) 03/15 23:56:13 Job submitted from host: <192.168.1.109:9618?addrs=192.168.1.109-9618+[--1]-9618&noUDP&sock=3153_969b_4>
...
009 (4046674.1378.000) 03/16 00:49:28 Job was aborted by the user.
	via condor_rm (by user routray)
...
000 (4047692.1378.000) 03/16 09:41:57 Job submitted from host: <192.168.1.109:9618?addrs=192.168.1.109-9618+[--1]-9618&noUDP&sock=3153_969b_4>
...
001 (4047692.1378.000) 03/16 10:03:37 Job executing on host: <192.168.1.45:9618?addrs=192.168.1.45-9618+[--1]-9618&noUDP&sock=3341_bd3f_3>
...
006 (4047692.1378.000) 03/16 10:03:45 Image size of job updated: 64176
	56  -  MemoryUsage of job (MB)
	57296  -  ResidentSetSize of job (KB)
...
006 (4047692.1378.000) 03/16 10:04:51 Image size of job updated: 64176
	57  -  MemoryUsage of job (MB)
	57352  -  ResidentSetSize of job (KB)
...
005 (4047692.1378.000) 03/16 10:04:51 Job terminated.
	(1) Normal termination (return value 0)
		Usr 0 00:00:17, Sys 0 00:00:03  -  Run Remote Usage
		Usr 0 00:00:00, Sys 0 00:00:00  -  Run Local Usage
		Usr 0 00:00:17, Sys 0 00:00:03  -  Total Remote Usage
		Usr 0 00:00:00, Sys 0 00:00:00  -  Total Local Usage
	0  -  Run Bytes Sent By Job
	0  -  Run Bytes Received By Job
	0  -  Total Bytes Sent By Job
	0  -  Total Bytes Received By Job
	Partitionable Resources :    Usage  Request Allocated
	   Cpus                 :                 1         1
	   Disk (KB)            :        2        2  20460088
	   Memory (MB)          :       57        1      4022
...
000 (4047694.1378.000) 03/16 10:19:01 Job submitted from host: <192.168.1.109:9618?addrs=192.168.1.109-9618+[--1]-9618&noUDP&sock=3153_969b_4>
...
001 (4047694.1378.000) 03/16 10:20:40 Job executing on host: <192.168.1.58:9618?addrs=192.168.1.58-9618+[--1]-9618&noUDP&sock=3319_c3bb_12>
...
006 (4047694.1378.000) 03/16 10:20:41 Image size of job updated: 35992
	0  -  MemoryUsage of job (MB)
	0  -  ResidentSetSize of job (KB)
...
005 (4047694.1378.000) 03/16 10:20:45 Job terminated.
	(1) Normal termination (return value 1)
		Usr 0 00:00:00, Sys 0 00:00:00  -  Run Remote Usage
		Usr 0 00:00:00, Sys 0 00:00:00  -  Run Local Usage
		Usr 0 00:00:00, Sys 0 00:00:00  -  Total Remote Usage
		Usr 0 00:00:00, Sys 0 00:00:00  -  Total Local Usage
	0  -  Run Bytes Sent By Job
	0  -  Run Bytes Received By Job
	0  -  Total Bytes Sent By Job
	0  -  Total Bytes Received By Job
	Partitionable Resources :    Usage  Request Allocated
	   Cpus                 :                 1         1
	   Disk (KB)            :        2        2  22659268
	   Memory (MB)          :        0        1      4001
...
000 (4047695.1378.000) 03/16 10:31:39 Job submitted from host: <192.168.1.109:9618?addrs=192.168.1.109-9618+[--1]-9618&noUDP&sock=3153_969b_4>
...
001 (4047695.1378.000) 03/16 10:44:34 Job executing on host: <192.168.1.65:9618?addrs=192.168.1.65-9618+[--1]-9618&noUDP&sock=3515_344b_35>
...
006 (4047695.1378.000) 03/16 10:44:43 Image size of job updated: 22748
	19  -  MemoryUsage of job (MB)
	19300  -  ResidentSetSize of job (KB)
...
006 (4047695.1378.000) 03/16 10:49:43 Image size of job updated: 701796
	680  -  MemoryUsage of job (MB)
	696200  -  ResidentSetSize of job (KB)
...
005 (4047695.1378.000) 03/16 10:50:30 Job terminated.
	(1) Normal termination (return value 0)
		Usr 0 00:00:47, Sys 0 00:00:06  -  Run Remote Usage
		Usr 0 00:00:00, Sys 0 00:00:00  -  Run Local Usage
		Usr 0 00:00:47, Sys 0 00:00:06  -  Total Remote Usage
		Usr 0 00:00:00, Sys 0 00:00:00  -  Total Local Usage
	0  -  Run Bytes Sent By Job
	0  -  Run Bytes Received By Job
	0  -  Total Bytes Sent By Job
	0  -  Total Bytes Received By Job
	Partitionable Resources :    Usage  Request Allocated
	   Cpus                 :                 1         1
	   Disk (KB)            :        2        2  22684044
	   Memory (MB)          :      680        1      4015
...
000 (4048296.1378.000) 03/16 11:27:09 Job submitted from host: <192.168.1.109:9618?addrs=192.168.1.109-9618+[--1]-9618&noUDP&sock=3153_969b_4>
...
009 (4048296.1378.000) 03/16 11:28:04 Job was aborted by the user.
	via condor_rm (by user routray)
...
