000 (4046621.2301.000) 03/15 20:22:35 Job submitted from host: <192.168.1.109:9618?addrs=192.168.1.109-9618+[--1]-9618&noUDP&sock=3153_969b_4>
...
009 (4046621.2301.000) 03/15 20:25:14 Job was aborted by the user.
	via condor_rm (by user routray)
...
000 (4046640.2301.000) 03/15 21:06:41 Job submitted from host: <192.168.1.109:9618?addrs=192.168.1.109-9618+[--1]-9618&noUDP&sock=3153_969b_4>
...
001 (4046640.2301.000) 03/15 21:29:10 Job executing on host: <192.168.1.51:9618?addrs=192.168.1.51-9618+[--1]-9618&noUDP&sock=3125_b25b_3>
...
006 (4046640.2301.000) 03/15 21:29:18 Image size of job updated: 198992
	182  -  MemoryUsage of job (MB)
	185492  -  ResidentSetSize of job (KB)
...
006 (4046640.2301.000) 03/15 21:33:38 Image size of job updated: 1363760
	182  -  MemoryUsage of job (MB)
	185492  -  ResidentSetSize of job (KB)
...
005 (4046640.2301.000) 03/15 21:33:38 Job terminated.
	(1) Normal termination (return value 0)
		Usr 0 00:00:22, Sys 0 00:00:04  -  Run Remote Usage
		Usr 0 00:00:00, Sys 0 00:00:00  -  Run Local Usage
		Usr 0 00:00:22, Sys 0 00:00:04  -  Total Remote Usage
		Usr 0 00:00:00, Sys 0 00:00:00  -  Total Local Usage
	0  -  Run Bytes Sent By Job
	0  -  Run Bytes Received By Job
	0  -  Total Bytes Sent By Job
	0  -  Total Bytes Received By Job
	Partitionable Resources :    Usage  Request Allocated
	   Cpus                 :                 1         1
	   Disk (KB)            :        2        2  28494197
	   Memory (MB)          :      182        1      4020
...
000 (4047694.2301.000) 03/16 10:19:07 Job submitted from host: <192.168.1.109:9618?addrs=192.168.1.109-9618+[--1]-9618&noUDP&sock=3153_969b_4>
...
001 (4047694.2301.000) 03/16 10:21:49 Job executing on host: <192.168.1.63:9618?addrs=192.168.1.63-9618+[--1]-9618&noUDP&sock=3501_ea5f_33>
...
006 (4047694.2301.000) 03/16 10:21:50 Image size of job updated: 115172
	0  -  MemoryUsage of job (MB)
	0  -  ResidentSetSize of job (KB)
...
005 (4047694.2301.000) 03/16 10:21:54 Job terminated.
	(1) Normal termination (return value 1)
		Usr 0 00:00:00, Sys 0 00:00:00  -  Run Remote Usage
		Usr 0 00:00:00, Sys 0 00:00:00  -  Run Local Usage
		Usr 0 00:00:00, Sys 0 00:00:00  -  Total Remote Usage
		Usr 0 00:00:00, Sys 0 00:00:00  -  Total Local Usage
	0  -  Run Bytes Sent By Job
	0  -  Run Bytes Received By Job
	0  -  Total Bytes Sent By Job
	0  -  Total Bytes Received By Job
	Partitionable Resources :    Usage  Request Allocated
	   Cpus                 :                 1         1
	   Disk (KB)            :        2        2  22685400
	   Memory (MB)          :        0        1      4015
...
000 (4047695.2301.000) 03/16 10:31:44 Job submitted from host: <192.168.1.109:9618?addrs=192.168.1.109-9618+[--1]-9618&noUDP&sock=3153_969b_4>
...
001 (4047695.2301.000) 03/16 10:51:24 Job executing on host: <192.168.1.44:9618?addrs=192.168.1.44-9618+[--1]-9618&noUDP&sock=3035_ca7b_3>
...
006 (4047695.2301.000) 03/16 10:51:32 Image size of job updated: 14964
	15  -  MemoryUsage of job (MB)
	14956  -  ResidentSetSize of job (KB)
...
006 (4047695.2301.000) 03/16 10:56:32 Image size of job updated: 744456
	727  -  MemoryUsage of job (MB)
	744336  -  ResidentSetSize of job (KB)
...
006 (4047695.2301.000) 03/16 10:57:00 Image size of job updated: 1363776
	727  -  MemoryUsage of job (MB)
	744336  -  ResidentSetSize of job (KB)
...
005 (4047695.2301.000) 03/16 10:57:00 Job terminated.
	(1) Normal termination (return value 0)
		Usr 0 00:00:25, Sys 0 00:00:06  -  Run Remote Usage
		Usr 0 00:00:00, Sys 0 00:00:00  -  Run Local Usage
		Usr 0 00:00:25, Sys 0 00:00:06  -  Total Remote Usage
		Usr 0 00:00:00, Sys 0 00:00:00  -  Total Local Usage
	0  -  Run Bytes Sent By Job
	0  -  Run Bytes Received By Job
	0  -  Total Bytes Sent By Job
	0  -  Total Bytes Received By Job
	Partitionable Resources :    Usage  Request Allocated
	   Cpus                 :                 1         1
	   Disk (KB)            :        2        2  20458817
	   Memory (MB)          :      727        1      4022
...
000 (4048296.2301.000) 03/16 11:27:16 Job submitted from host: <192.168.1.109:9618?addrs=192.168.1.109-9618+[--1]-9618&noUDP&sock=3153_969b_4>
...
009 (4048296.2301.000) 03/16 11:28:11 Job was aborted by the user.
	via condor_rm (by user routray)
...
