000 (4046621.205.000) 03/15 20:22:15 Job submitted from host: <192.168.1.109:9618?addrs=192.168.1.109-9618+[--1]-9618&noUDP&sock=3153_969b_4>
...
001 (4046621.205.000) 03/15 20:23:46 Job executing on host: <192.168.1.58:9618?addrs=192.168.1.58-9618+[--1]-9618&noUDP&sock=3319_c3bb_12>
...
006 (4046621.205.000) 03/15 20:23:48 Image size of job updated: 36144
	0  -  MemoryUsage of job (MB)
	0  -  ResidentSetSize of job (KB)
...
005 (4046621.205.000) 03/15 20:23:59 Job terminated.
	(1) Normal termination (return value 1)
		Usr 0 00:00:00, Sys 0 00:00:00  -  Run Remote Usage
		Usr 0 00:00:00, Sys 0 00:00:00  -  Run Local Usage
		Usr 0 00:00:00, Sys 0 00:00:00  -  Total Remote Usage
		Usr 0 00:00:00, Sys 0 00:00:00  -  Total Local Usage
	0  -  Run Bytes Sent By Job
	0  -  Run Bytes Received By Job
	0  -  Total Bytes Sent By Job
	0  -  Total Bytes Received By Job
	Partitionable Resources :    Usage  Request Allocated
	   Cpus                 :                 1         1
	   Disk (KB)            :        2        2  22659268
	   Memory (MB)          :        0        1      4001
...
009 (4046621.205.000) 03/15 20:24:42 Job was aborted by the user.
	via condor_rm (by user routray)
...
000 (4046640.205.000) 03/15 21:06:32 Job submitted from host: <192.168.1.109:9618?addrs=192.168.1.109-9618+[--1]-9618&noUDP&sock=3153_969b_4>
...
001 (4046640.205.000) 03/15 21:07:24 Job executing on host: <192.168.1.66:9618?addrs=192.168.1.66-9618+[--1]-9618&noUDP&sock=3560_0345_33>
...
006 (4046640.205.000) 03/15 21:07:33 Image size of job updated: 53012
	52  -  MemoryUsage of job (MB)
	52876  -  ResidentSetSize of job (KB)
...
006 (4046640.205.000) 03/15 21:12:34 Image size of job updated: 695804
	679  -  MemoryUsage of job (MB)
	694352  -  ResidentSetSize of job (KB)
...
005 (4046640.205.000) 03/15 21:13:53 Job terminated.
	(1) Normal termination (return value 0)
		Usr 0 00:00:41, Sys 0 00:00:06  -  Run Remote Usage
		Usr 0 00:00:00, Sys 0 00:00:00  -  Run Local Usage
		Usr 0 00:00:41, Sys 0 00:00:06  -  Total Remote Usage
		Usr 0 00:00:00, Sys 0 00:00:00  -  Total Local Usage
	0  -  Run Bytes Sent By Job
	0  -  Run Bytes Received By Job
	0  -  Total Bytes Sent By Job
	0  -  Total Bytes Received By Job
	Partitionable Resources :    Usage  Request Allocated
	   Cpus                 :                 1         1
	   Disk (KB)            :        2        2  22684277
	   Memory (MB)          :      679        1      4015
...
000 (4046671.205.000) 03/15 22:27:45 Job submitted from host: <192.168.1.109:9618?addrs=192.168.1.109-9618+[--1]-9618&noUDP&sock=3153_969b_4>
...
001 (4046671.205.000) 03/15 22:28:19 Job executing on host: <192.168.1.50:9618?addrs=192.168.1.50-9618+[--1]-9618&noUDP&sock=3247_5221_3>
...
006 (4046671.205.000) 03/15 22:28:28 Image size of job updated: 52764
	52  -  MemoryUsage of job (MB)
	52688  -  ResidentSetSize of job (KB)
...
006 (4046671.205.000) 03/15 22:33:28 Image size of job updated: 701296
	685  -  MemoryUsage of job (MB)
	701204  -  ResidentSetSize of job (KB)
...
006 (4046671.205.000) 03/15 22:38:00 Image size of job updated: 701296
	685  -  MemoryUsage of job (MB)
	701212  -  ResidentSetSize of job (KB)
...
005 (4046671.205.000) 03/15 22:38:00 Job terminated.
	(1) Normal termination (return value 0)
		Usr 0 00:00:29, Sys 0 00:00:05  -  Run Remote Usage
		Usr 0 00:00:00, Sys 0 00:00:00  -  Run Local Usage
		Usr 0 00:00:29, Sys 0 00:00:05  -  Total Remote Usage
		Usr 0 00:00:00, Sys 0 00:00:00  -  Total Local Usage
	0  -  Run Bytes Sent By Job
	0  -  Run Bytes Received By Job
	0  -  Total Bytes Sent By Job
	0  -  Total Bytes Received By Job
	Partitionable Resources :    Usage  Request Allocated
	   Cpus                 :                 1         1
	   Disk (KB)            :        2        2  28493273
	   Memory (MB)          :      685        1      4020
...
000 (4046674.205.000) 03/15 23:56:07 Job submitted from host: <192.168.1.109:9618?addrs=192.168.1.109-9618+[--1]-9618&noUDP&sock=3153_969b_4>
...
009 (4046674.205.000) 03/16 00:49:20 Job was aborted by the user.
	via condor_rm (by user routray)
...
000 (4047692.205.000) 03/16 09:41:46 Job submitted from host: <192.168.1.109:9618?addrs=192.168.1.109-9618+[--1]-9618&noUDP&sock=3153_969b_4>
...
001 (4047692.205.000) 03/16 09:42:29 Job executing on host: <192.168.1.49:9618?addrs=192.168.1.49-9618+[--1]-9618&noUDP&sock=3240_e427_3>
...
006 (4047692.205.000) 03/16 09:42:37 Image size of job updated: 56404
	56  -  MemoryUsage of job (MB)
	56332  -  ResidentSetSize of job (KB)
...
006 (4047692.205.000) 03/16 09:47:37 Image size of job updated: 432932
	423  -  MemoryUsage of job (MB)
	432752  -  ResidentSetSize of job (KB)
...
006 (4047692.205.000) 03/16 09:52:37 Image size of job updated: 721888
	705  -  MemoryUsage of job (MB)
	721728  -  ResidentSetSize of job (KB)
...
006 (4047692.205.000) 03/16 09:54:51 Image size of job updated: 1393628
	705  -  MemoryUsage of job (MB)
	721728  -  ResidentSetSize of job (KB)
...
005 (4047692.205.000) 03/16 09:54:51 Job terminated.
	(1) Normal termination (return value 0)
		Usr 0 00:00:20, Sys 0 00:00:06  -  Run Remote Usage
		Usr 0 00:00:00, Sys 0 00:00:00  -  Run Local Usage
		Usr 0 00:00:20, Sys 0 00:00:06  -  Total Remote Usage
		Usr 0 00:00:00, Sys 0 00:00:00  -  Total Local Usage
	0  -  Run Bytes Sent By Job
	0  -  Run Bytes Received By Job
	0  -  Total Bytes Sent By Job
	0  -  Total Bytes Received By Job
	Partitionable Resources :    Usage  Request Allocated
	   Cpus                 :                 1         1
	   Disk (KB)            :        2        2  28491601
	   Memory (MB)          :      705        1      4020
...
000 (4047694.205.000) 03/16 10:18:55 Job submitted from host: <192.168.1.109:9618?addrs=192.168.1.109-9618+[--1]-9618&noUDP&sock=3153_969b_4>
...
001 (4047694.205.000) 03/16 10:19:49 Job executing on host: <192.168.1.56:9618?addrs=192.168.1.56-9618+[--1]-9618&noUDP&sock=3336_bd3f_3>
...
006 (4047694.205.000) 03/16 10:19:50 Image size of job updated: 2
	0  -  MemoryUsage of job (MB)
	0  -  ResidentSetSize of job (KB)
...
005 (4047694.205.000) 03/16 10:19:55 Job terminated.
	(1) Normal termination (return value 1)
		Usr 0 00:00:00, Sys 0 00:00:00  -  Run Remote Usage
		Usr 0 00:00:00, Sys 0 00:00:00  -  Run Local Usage
		Usr 0 00:00:00, Sys 0 00:00:00  -  Total Remote Usage
		Usr 0 00:00:00, Sys 0 00:00:00  -  Total Local Usage
	0  -  Run Bytes Sent By Job
	0  -  Run Bytes Received By Job
	0  -  Total Bytes Sent By Job
	0  -  Total Bytes Received By Job
	Partitionable Resources :    Usage  Request Allocated
	   Cpus                 :                 1         1
	   Disk (KB)            :        2        2  22662681
	   Memory (MB)          :        0        1      4001
...
000 (4047695.205.000) 03/16 10:31:34 Job submitted from host: <192.168.1.109:9618?addrs=192.168.1.109-9618+[--1]-9618&noUDP&sock=3153_969b_4>
...
001 (4047695.205.000) 03/16 10:32:20 Job executing on host: <192.168.1.49:9618?addrs=192.168.1.49-9618+[--1]-9618&noUDP&sock=3240_e427_3>
...
006 (4047695.205.000) 03/16 10:32:29 Image size of job updated: 111704
	107  -  MemoryUsage of job (MB)
	108672  -  ResidentSetSize of job (KB)
...
006 (4047695.205.000) 03/16 10:37:30 Image size of job updated: 724068
	704  -  MemoryUsage of job (MB)
	720464  -  ResidentSetSize of job (KB)
...
005 (4047695.205.000) 03/16 10:37:47 Job terminated.
	(1) Normal termination (return value 0)
		Usr 0 00:00:22, Sys 0 00:00:04  -  Run Remote Usage
		Usr 0 00:00:00, Sys 0 00:00:00  -  Run Local Usage
		Usr 0 00:00:22, Sys 0 00:00:04  -  Total Remote Usage
		Usr 0 00:00:00, Sys 0 00:00:00  -  Total Local Usage
	0  -  Run Bytes Sent By Job
	0  -  Run Bytes Received By Job
	0  -  Total Bytes Sent By Job
	0  -  Total Bytes Received By Job
	Partitionable Resources :    Usage  Request Allocated
	   Cpus                 :                 1         1
	   Disk (KB)            :        2        2  28491601
	   Memory (MB)          :      704        1      4020
...
000 (4048296.205.000) 03/16 11:27:02 Job submitted from host: <192.168.1.109:9618?addrs=192.168.1.109-9618+[--1]-9618&noUDP&sock=3153_969b_4>
...
009 (4048296.205.000) 03/16 11:27:54 Job was aborted by the user.
	via condor_rm (by user routray)
...
000 (4048297.205.000) 03/16 11:29:00 Job submitted from host: <192.168.1.109:9618?addrs=192.168.1.109-9618+[--1]-9618&noUDP&sock=3153_969b_4>
...
009 (4048297.205.000) 03/16 11:30:10 Job was aborted by the user.
	via condor_rm (by user routray)
...
