000 (4046621.382.000) 03/15 20:22:17 Job submitted from host: <192.168.1.109:9618?addrs=192.168.1.109-9618+[--1]-9618&noUDP&sock=3153_969b_4>
...
001 (4046621.382.000) 03/15 20:24:50 Job executing on host: <192.168.1.42:9618?addrs=192.168.1.42-9618+[--1]-9618&noUDP&sock=3360_3385_3>
...
006 (4046621.382.000) 03/15 20:24:51 Image size of job updated: 33444
	22  -  MemoryUsage of job (MB)
	22000  -  ResidentSetSize of job (KB)
...
004 (4046621.382.000) 03/15 20:24:51 Job was evicted.
	(0) Job was not checkpointed.
		Usr 0 00:00:00, Sys 0 00:00:00  -  Run Remote Usage
		Usr 0 00:00:00, Sys 0 00:00:00  -  Run Local Usage
	0  -  Run Bytes Sent By Job
	0  -  Run Bytes Received By Job
	Partitionable Resources :    Usage  Request Allocated
	   Cpus                 :                 1         1
	   Disk (KB)            :        2        2  20458261
	   Memory (MB)          :       22        1      4022
...
009 (4046621.382.000) 03/15 20:24:52 Job was aborted by the user.
	via condor_rm (by user routray)
...
000 (4046640.382.000) 03/15 21:06:33 Job submitted from host: <192.168.1.109:9618?addrs=192.168.1.109-9618+[--1]-9618&noUDP&sock=3153_969b_4>
...
001 (4046640.382.000) 03/15 21:07:32 Job executing on host: <192.168.1.40:9618?addrs=192.168.1.40-9618+[--1]-9618&noUDP&sock=3366_a17e_3>
...
006 (4046640.382.000) 03/15 21:07:40 Image size of job updated: 49416
	49  -  MemoryUsage of job (MB)
	49380  -  ResidentSetSize of job (KB)
...
006 (4046640.382.000) 03/15 21:12:40 Image size of job updated: 681484
	666  -  MemoryUsage of job (MB)
	681224  -  ResidentSetSize of job (KB)
...
006 (4046640.382.000) 03/15 21:13:58 Image size of job updated: 1363768
	666  -  MemoryUsage of job (MB)
	681224  -  ResidentSetSize of job (KB)
...
005 (4046640.382.000) 03/15 21:14:03 Job terminated.
	(1) Normal termination (return value 0)
		Usr 0 00:00:25, Sys 0 00:00:06  -  Run Remote Usage
		Usr 0 00:00:00, Sys 0 00:00:00  -  Run Local Usage
		Usr 0 00:00:25, Sys 0 00:00:06  -  Total Remote Usage
		Usr 0 00:00:00, Sys 0 00:00:00  -  Total Local Usage
	0  -  Run Bytes Sent By Job
	0  -  Run Bytes Received By Job
	0  -  Total Bytes Sent By Job
	0  -  Total Bytes Received By Job
	Partitionable Resources :    Usage  Request Allocated
	   Cpus                 :                 1         1
	   Disk (KB)            :        2        2  20457847
	   Memory (MB)          :      666        1      4022
...
000 (4046671.382.000) 03/15 22:27:46 Job submitted from host: <192.168.1.109:9618?addrs=192.168.1.109-9618+[--1]-9618&noUDP&sock=3153_969b_4>
...
001 (4046671.382.000) 03/15 22:28:37 Job executing on host: <192.168.1.45:9618?addrs=192.168.1.45-9618+[--1]-9618&noUDP&sock=3341_bd3f_3>
...
006 (4046671.382.000) 03/15 22:28:45 Image size of job updated: 99228
	84  -  MemoryUsage of job (MB)
	85948  -  ResidentSetSize of job (KB)
...
006 (4046671.382.000) 03/15 22:33:45 Image size of job updated: 783124
	762  -  MemoryUsage of job (MB)
	780116  -  ResidentSetSize of job (KB)
...
005 (4046671.382.000) 03/15 22:38:55 Job terminated.
	(1) Normal termination (return value 0)
		Usr 0 00:00:22, Sys 0 00:00:04  -  Run Remote Usage
		Usr 0 00:00:00, Sys 0 00:00:00  -  Run Local Usage
		Usr 0 00:00:22, Sys 0 00:00:04  -  Total Remote Usage
		Usr 0 00:00:00, Sys 0 00:00:00  -  Total Local Usage
	0  -  Run Bytes Sent By Job
	0  -  Run Bytes Received By Job
	0  -  Total Bytes Sent By Job
	0  -  Total Bytes Received By Job
	Partitionable Resources :    Usage  Request Allocated
	   Cpus                 :                 1         1
	   Disk (KB)            :        2        2  20460088
	   Memory (MB)          :      762        1      4022
...
000 (4046674.382.000) 03/15 23:56:09 Job submitted from host: <192.168.1.109:9618?addrs=192.168.1.109-9618+[--1]-9618&noUDP&sock=3153_969b_4>
...
