000 (4046621.023.000) 03/15 20:22:12 Job submitted from host: <192.168.1.109:9618?addrs=192.168.1.109-9618+[--1]-9618&noUDP&sock=3153_969b_4>
...
001 (4046621.023.000) 03/15 20:23:18 Job executing on host: <192.168.1.51:9618?addrs=192.168.1.51-9618+[--1]-9618&noUDP&sock=3125_b25b_3>
...
006 (4046621.023.000) 03/15 20:23:23 Image size of job updated: 117288
	0  -  MemoryUsage of job (MB)
	0  -  ResidentSetSize of job (KB)
...
005 (4046621.023.000) 03/15 20:23:30 Job terminated.
	(1) Normal termination (return value 1)
		Usr 0 00:00:00, Sys 0 00:00:00  -  Run Remote Usage
		Usr 0 00:00:00, Sys 0 00:00:00  -  Run Local Usage
		Usr 0 00:00:00, Sys 0 00:00:00  -  Total Remote Usage
		Usr 0 00:00:00, Sys 0 00:00:00  -  Total Local Usage
	0  -  Run Bytes Sent By Job
	0  -  Run Bytes Received By Job
	0  -  Total Bytes Sent By Job
	0  -  Total Bytes Received By Job
	Partitionable Resources :    Usage  Request Allocated
	   Cpus                 :                 1         1
	   Disk (KB)            :        2        2  28494198
	   Memory (MB)          :        0        1      4020
...
000 (4046640.023.000) 03/15 21:06:32 Job submitted from host: <192.168.1.109:9618?addrs=192.168.1.109-9618+[--1]-9618&noUDP&sock=3153_969b_4>
...
001 (4046640.023.000) 03/15 21:07:17 Job executing on host: <192.168.1.45:9618?addrs=192.168.1.45-9618+[--1]-9618&noUDP&sock=3341_bd3f_3>
...
006 (4046640.023.000) 03/15 21:07:25 Image size of job updated: 47568
	47  -  MemoryUsage of job (MB)
	47484  -  ResidentSetSize of job (KB)
...
006 (4046640.023.000) 03/15 21:12:25 Image size of job updated: 215284
	211  -  MemoryUsage of job (MB)
	215220  -  ResidentSetSize of job (KB)
...
006 (4046640.023.000) 03/15 21:17:26 Image size of job updated: 793956
	776  -  MemoryUsage of job (MB)
	793880  -  ResidentSetSize of job (KB)
...
005 (4046640.023.000) 03/15 21:17:38 Job terminated.
	(1) Normal termination (return value 0)
		Usr 0 00:00:35, Sys 0 00:00:07  -  Run Remote Usage
		Usr 0 00:00:00, Sys 0 00:00:00  -  Run Local Usage
		Usr 0 00:00:35, Sys 0 00:00:07  -  Total Remote Usage
		Usr 0 00:00:00, Sys 0 00:00:00  -  Total Local Usage
	0  -  Run Bytes Sent By Job
	0  -  Run Bytes Received By Job
	0  -  Total Bytes Sent By Job
	0  -  Total Bytes Received By Job
	Partitionable Resources :    Usage  Request Allocated
	   Cpus                 :                 1         1
	   Disk (KB)            :        2        2  20460088
	   Memory (MB)          :      776        1      4022
...
000 (4046671.023.000) 03/15 22:27:44 Job submitted from host: <192.168.1.109:9618?addrs=192.168.1.109-9618+[--1]-9618&noUDP&sock=3153_969b_4>
...
001 (4046671.023.000) 03/15 22:28:11 Job executing on host: <192.168.1.57:9618?addrs=192.168.1.57-9618+[--1]-9618&noUDP&sock=3323_d284_32>
...
006 (4046671.023.000) 03/15 22:28:19 Image size of job updated: 62856
	48  -  MemoryUsage of job (MB)
	48292  -  ResidentSetSize of job (KB)
...
006 (4046671.023.000) 03/15 22:31:44 Image size of job updated: 62856
	48  -  MemoryUsage of job (MB)
	48336  -  ResidentSetSize of job (KB)
...
005 (4046671.023.000) 03/15 22:31:44 Job terminated.
	(1) Normal termination (return value 0)
		Usr 0 00:00:29, Sys 0 00:00:03  -  Run Remote Usage
		Usr 0 00:00:00, Sys 0 00:00:00  -  Run Local Usage
		Usr 0 00:00:29, Sys 0 00:00:03  -  Total Remote Usage
		Usr 0 00:00:00, Sys 0 00:00:00  -  Total Local Usage
	0  -  Run Bytes Sent By Job
	0  -  Run Bytes Received By Job
	0  -  Total Bytes Sent By Job
	0  -  Total Bytes Received By Job
	Partitionable Resources :    Usage  Request Allocated
	   Cpus                 :                 1         1
	   Disk (KB)            :        2        2  22661171
	   Memory (MB)          :       48        1      4001
...
000 (4046674.023.000) 03/15 23:56:06 Job submitted from host: <192.168.1.109:9618?addrs=192.168.1.109-9618+[--1]-9618&noUDP&sock=3153_969b_4>
...
009 (4046674.023.000) 03/16 00:49:19 Job was aborted by the user.
	via condor_rm (by user routray)
...
000 (4047692.023.000) 03/16 09:41:43 Job submitted from host: <192.168.1.109:9618?addrs=192.168.1.109-9618+[--1]-9618&noUDP&sock=3153_969b_4>
...
001 (4047692.023.000) 03/16 09:42:22 Job executing on host: <192.168.1.45:9618?addrs=192.168.1.45-9618+[--1]-9618&noUDP&sock=3341_bd3f_3>
...
006 (4047692.023.000) 03/16 09:42:31 Image size of job updated: 43332
	43  -  MemoryUsage of job (MB)
	43332  -  ResidentSetSize of job (KB)
...
006 (4047692.023.000) 03/16 09:47:32 Image size of job updated: 258780
	252  -  MemoryUsage of job (MB)
	257612  -  ResidentSetSize of job (KB)
...
006 (4047692.023.000) 03/16 09:52:33 Image size of job updated: 712796
	695  -  MemoryUsage of job (MB)
	711372  -  ResidentSetSize of job (KB)
...
006 (4047692.023.000) 03/16 09:54:33 Image size of job updated: 1393636
	695  -  MemoryUsage of job (MB)
	711372  -  ResidentSetSize of job (KB)
...
005 (4047692.023.000) 03/16 09:54:33 Job terminated.
	(1) Normal termination (return value 0)
		Usr 0 00:00:23, Sys 0 00:00:07  -  Run Remote Usage
		Usr 0 00:00:00, Sys 0 00:00:00  -  Run Local Usage
		Usr 0 00:00:23, Sys 0 00:00:07  -  Total Remote Usage
		Usr 0 00:00:00, Sys 0 00:00:00  -  Total Local Usage
	0  -  Run Bytes Sent By Job
	0  -  Run Bytes Received By Job
	0  -  Total Bytes Sent By Job
	0  -  Total Bytes Received By Job
	Partitionable Resources :    Usage  Request Allocated
	   Cpus                 :                 1         1
	   Disk (KB)            :        2        2  20460088
	   Memory (MB)          :      695        1      4022
...
000 (4047694.023.000) 03/16 10:18:54 Job submitted from host: <192.168.1.109:9618?addrs=192.168.1.109-9618+[--1]-9618&noUDP&sock=3153_969b_4>
...
001 (4047694.023.000) 03/16 10:19:26 Job executing on host: <192.168.1.45:9618?addrs=192.168.1.45-9618+[--1]-9618&noUDP&sock=3341_bd3f_3>
...
006 (4047694.023.000) 03/16 10:19:28 Image size of job updated: 125928
	0  -  MemoryUsage of job (MB)
	0  -  ResidentSetSize of job (KB)
...
005 (4047694.023.000) 03/16 10:19:30 Job terminated.
	(1) Normal termination (return value 1)
		Usr 0 00:00:00, Sys 0 00:00:00  -  Run Remote Usage
		Usr 0 00:00:00, Sys 0 00:00:00  -  Run Local Usage
		Usr 0 00:00:00, Sys 0 00:00:00  -  Total Remote Usage
		Usr 0 00:00:00, Sys 0 00:00:00  -  Total Local Usage
	0  -  Run Bytes Sent By Job
	0  -  Run Bytes Received By Job
	0  -  Total Bytes Sent By Job
	0  -  Total Bytes Received By Job
	Partitionable Resources :    Usage  Request Allocated
	   Cpus                 :                 1         1
	   Disk (KB)            :        2        2  20460088
	   Memory (MB)          :        0        1      4022
...
000 (4047695.023.000) 03/16 10:31:33 Job submitted from host: <192.168.1.109:9618?addrs=192.168.1.109-9618+[--1]-9618&noUDP&sock=3153_969b_4>
...
001 (4047695.023.000) 03/16 10:32:13 Job executing on host: <192.168.1.45:9618?addrs=192.168.1.45-9618+[--1]-9618&noUDP&sock=3341_bd3f_3>
...
006 (4047695.023.000) 03/16 10:32:22 Image size of job updated: 50996
	50  -  MemoryUsage of job (MB)
	50980  -  ResidentSetSize of job (KB)
...
006 (4047695.023.000) 03/16 10:37:23 Image size of job updated: 691380
	675  -  MemoryUsage of job (MB)
	690500  -  ResidentSetSize of job (KB)
...
006 (4047695.023.000) 03/16 10:38:42 Image size of job updated: 1363768
	675  -  MemoryUsage of job (MB)
	690500  -  ResidentSetSize of job (KB)
...
005 (4047695.023.000) 03/16 10:38:44 Job terminated.
	(1) Normal termination (return value 0)
		Usr 0 00:00:33, Sys 0 00:00:07  -  Run Remote Usage
		Usr 0 00:00:00, Sys 0 00:00:00  -  Run Local Usage
		Usr 0 00:00:33, Sys 0 00:00:07  -  Total Remote Usage
		Usr 0 00:00:00, Sys 0 00:00:00  -  Total Local Usage
	0  -  Run Bytes Sent By Job
	0  -  Run Bytes Received By Job
	0  -  Total Bytes Sent By Job
	0  -  Total Bytes Received By Job
	Partitionable Resources :    Usage  Request Allocated
	   Cpus                 :                 1         1
	   Disk (KB)            :        2        2  20460088
	   Memory (MB)          :      675        1      4022
...
000 (4048296.023.000) 03/16 11:27:01 Job submitted from host: <192.168.1.109:9618?addrs=192.168.1.109-9618+[--1]-9618&noUDP&sock=3153_969b_4>
...
009 (4048296.023.000) 03/16 11:27:52 Job was aborted by the user.
	via condor_rm (by user routray)
...
000 (4048297.023.000) 03/16 11:28:58 Job submitted from host: <192.168.1.109:9618?addrs=192.168.1.109-9618+[--1]-9618&noUDP&sock=3153_969b_4>
...
009 (4048297.023.000) 03/16 11:30:08 Job was aborted by the user.
	via condor_rm (by user routray)
...
