000 (4046621.1525.000) 03/15 20:22:29 Job submitted from host: <192.168.1.109:9618?addrs=192.168.1.109-9618+[--1]-9618&noUDP&sock=3153_969b_4>
...
009 (4046621.1525.000) 03/15 20:25:09 Job was aborted by the user.
	via condor_rm (by user routray)
...
000 (4046640.1525.000) 03/15 21:06:38 Job submitted from host: <192.168.1.109:9618?addrs=192.168.1.109-9618+[--1]-9618&noUDP&sock=3153_969b_4>
...
001 (4046640.1525.000) 03/15 21:21:13 Job executing on host: <192.168.1.47:9618?addrs=192.168.1.47-9618+[--1]-9618&noUDP&sock=3245_a288_3>
...
006 (4046640.1525.000) 03/15 21:21:22 Image size of job updated: 25316
	25  -  MemoryUsage of job (MB)
	25316  -  ResidentSetSize of job (KB)
...
006 (4046640.1525.000) 03/15 21:26:22 Image size of job updated: 658524
	642  -  MemoryUsage of job (MB)
	656540  -  ResidentSetSize of job (KB)
...
006 (4046640.1525.000) 03/15 21:27:23 Image size of job updated: 1363768
	642  -  MemoryUsage of job (MB)
	656540  -  ResidentSetSize of job (KB)
...
005 (4046640.1525.000) 03/15 21:27:23 Job terminated.
	(1) Normal termination (return value 0)
		Usr 0 00:00:31, Sys 0 00:00:07  -  Run Remote Usage
		Usr 0 00:00:00, Sys 0 00:00:00  -  Run Local Usage
		Usr 0 00:00:31, Sys 0 00:00:07  -  Total Remote Usage
		Usr 0 00:00:00, Sys 0 00:00:00  -  Total Local Usage
	0  -  Run Bytes Sent By Job
	0  -  Run Bytes Received By Job
	0  -  Total Bytes Sent By Job
	0  -  Total Bytes Received By Job
	Partitionable Resources :    Usage  Request Allocated
	   Cpus                 :                 1         1
	   Disk (KB)            :        2        2  28493856
	   Memory (MB)          :      642        1      4020
...
000 (4046674.1525.000) 03/15 23:56:13 Job submitted from host: <192.168.1.109:9618?addrs=192.168.1.109-9618+[--1]-9618&noUDP&sock=3153_969b_4>
...
009 (4046674.1525.000) 03/16 00:49:30 Job was aborted by the user.
	via condor_rm (by user routray)
...
000 (4047692.1525.000) 03/16 09:41:59 Job submitted from host: <192.168.1.109:9618?addrs=192.168.1.109-9618+[--1]-9618&noUDP&sock=3153_969b_4>
...
001 (4047692.1525.000) 03/16 10:04:26 Job executing on host: <192.168.1.41:9618?addrs=192.168.1.41-9618+[--1]-9618&noUDP&sock=3368_a17e_3>
...
006 (4047692.1525.000) 03/16 10:04:34 Image size of job updated: 53332
	53  -  MemoryUsage of job (MB)
	53304  -  ResidentSetSize of job (KB)
...
006 (4047692.1525.000) 03/16 10:09:34 Image size of job updated: 677820
	662  -  MemoryUsage of job (MB)
	677228  -  ResidentSetSize of job (KB)
...
005 (4047692.1525.000) 03/16 10:12:03 Job terminated.
	(1) Normal termination (return value 0)
		Usr 0 00:00:19, Sys 0 00:00:06  -  Run Remote Usage
		Usr 0 00:00:00, Sys 0 00:00:00  -  Run Local Usage
		Usr 0 00:00:19, Sys 0 00:00:06  -  Total Remote Usage
		Usr 0 00:00:00, Sys 0 00:00:00  -  Total Local Usage
	0  -  Run Bytes Sent By Job
	0  -  Run Bytes Received By Job
	0  -  Total Bytes Sent By Job
	0  -  Total Bytes Received By Job
	Partitionable Resources :    Usage  Request Allocated
	   Cpus                 :                 1         1
	   Disk (KB)            :        2        2  20458619
	   Memory (MB)          :      662        1      4022
...
000 (4047694.1525.000) 03/16 10:19:02 Job submitted from host: <192.168.1.109:9618?addrs=192.168.1.109-9618+[--1]-9618&noUDP&sock=3153_969b_4>
...
001 (4047694.1525.000) 03/16 10:20:52 Job executing on host: <192.168.1.43:9618?addrs=192.168.1.43-9618+[--1]-9618&noUDP&sock=3360_24bc_3>
...
006 (4047694.1525.000) 03/16 10:20:53 Image size of job updated: 125924
	0  -  MemoryUsage of job (MB)
	0  -  ResidentSetSize of job (KB)
...
005 (4047694.1525.000) 03/16 10:22:01 Job terminated.
	(1) Normal termination (return value 1)
		Usr 0 00:00:00, Sys 0 00:00:00  -  Run Remote Usage
		Usr 0 00:00:00, Sys 0 00:00:00  -  Run Local Usage
		Usr 0 00:00:00, Sys 0 00:00:00  -  Total Remote Usage
		Usr 0 00:00:00, Sys 0 00:00:00  -  Total Local Usage
	0  -  Run Bytes Sent By Job
	0  -  Run Bytes Received By Job
	0  -  Total Bytes Sent By Job
	0  -  Total Bytes Received By Job
	Partitionable Resources :    Usage  Request Allocated
	   Cpus                 :                 1         1
	   Disk (KB)            :        2        2  20458450
	   Memory (MB)          :        0        1      4022
...
000 (4047695.1525.000) 03/16 10:31:40 Job submitted from host: <192.168.1.109:9618?addrs=192.168.1.109-9618+[--1]-9618&noUDP&sock=3153_969b_4>
...
001 (4047695.1525.000) 03/16 10:44:49 Job executing on host: <192.168.1.46:9618?addrs=192.168.1.46-9618+[--1]-9618&noUDP&sock=3272_2797_3>
...
006 (4047695.1525.000) 03/16 10:44:58 Image size of job updated: 24900
	25  -  MemoryUsage of job (MB)
	24900  -  ResidentSetSize of job (KB)
...
006 (4047695.1525.000) 03/16 10:49:58 Image size of job updated: 618072
	604  -  MemoryUsage of job (MB)
	617776  -  ResidentSetSize of job (KB)
...
006 (4047695.1525.000) 03/16 10:51:15 Image size of job updated: 1363764
	604  -  MemoryUsage of job (MB)
	617776  -  ResidentSetSize of job (KB)
...
005 (4047695.1525.000) 03/16 10:51:17 Job terminated.
	(1) Normal termination (return value 0)
		Usr 0 00:00:32, Sys 0 00:00:07  -  Run Remote Usage
		Usr 0 00:00:00, Sys 0 00:00:00  -  Run Local Usage
		Usr 0 00:00:32, Sys 0 00:00:07  -  Total Remote Usage
		Usr 0 00:00:00, Sys 0 00:00:00  -  Total Local Usage
	0  -  Run Bytes Sent By Job
	0  -  Run Bytes Received By Job
	0  -  Total Bytes Sent By Job
	0  -  Total Bytes Received By Job
	Partitionable Resources :    Usage  Request Allocated
	   Cpus                 :                 1         1
	   Disk (KB)            :        2        2  20459164
	   Memory (MB)          :      604        1      4022
...
000 (4048296.1525.000) 03/16 11:27:10 Job submitted from host: <192.168.1.109:9618?addrs=192.168.1.109-9618+[--1]-9618&noUDP&sock=3153_969b_4>
...
009 (4048296.1525.000) 03/16 11:28:05 Job was aborted by the user.
	via condor_rm (by user routray)
...
