000 (4046621.1489.000) 03/15 20:22:28 Job submitted from host: <192.168.1.109:9618?addrs=192.168.1.109-9618+[--1]-9618&noUDP&sock=3153_969b_4>
...
009 (4046621.1489.000) 03/15 20:25:09 Job was aborted by the user.
	via condor_rm (by user routray)
...
000 (4046640.1489.000) 03/15 21:06:38 Job submitted from host: <192.168.1.109:9618?addrs=192.168.1.109-9618+[--1]-9618&noUDP&sock=3153_969b_4>
...
001 (4046640.1489.000) 03/15 21:21:08 Job executing on host: <192.168.1.47:9618?addrs=192.168.1.47-9618+[--1]-9618&noUDP&sock=3245_a288_3>
...
006 (4046640.1489.000) 03/15 21:21:18 Image size of job updated: 17136
	17  -  MemoryUsage of job (MB)
	17132  -  ResidentSetSize of job (KB)
...
006 (4046640.1489.000) 03/15 21:26:18 Image size of job updated: 655544
	639  -  MemoryUsage of job (MB)
	653756  -  ResidentSetSize of job (KB)
...
006 (4046640.1489.000) 03/15 21:27:26 Image size of job updated: 1363768
	639  -  MemoryUsage of job (MB)
	653756  -  ResidentSetSize of job (KB)
...
005 (4046640.1489.000) 03/15 21:27:26 Job terminated.
	(1) Normal termination (return value 0)
		Usr 0 00:00:31, Sys 0 00:00:06  -  Run Remote Usage
		Usr 0 00:00:00, Sys 0 00:00:00  -  Run Local Usage
		Usr 0 00:00:31, Sys 0 00:00:06  -  Total Remote Usage
		Usr 0 00:00:00, Sys 0 00:00:00  -  Total Local Usage
	0  -  Run Bytes Sent By Job
	0  -  Run Bytes Received By Job
	0  -  Total Bytes Sent By Job
	0  -  Total Bytes Received By Job
	Partitionable Resources :    Usage  Request Allocated
	   Cpus                 :                 1         1
	   Disk (KB)            :        2        2  28493856
	   Memory (MB)          :      639        1      4020
...
000 (4046674.1489.000) 03/15 23:56:13 Job submitted from host: <192.168.1.109:9618?addrs=192.168.1.109-9618+[--1]-9618&noUDP&sock=3153_969b_4>
...
009 (4046674.1489.000) 03/16 00:49:29 Job was aborted by the user.
	via condor_rm (by user routray)
...
000 (4047692.1489.000) 03/16 09:41:59 Job submitted from host: <192.168.1.109:9618?addrs=192.168.1.109-9618+[--1]-9618&noUDP&sock=3153_969b_4>
...
001 (4047692.1489.000) 03/16 10:04:02 Job executing on host: <192.168.1.64:9618?addrs=192.168.1.64-9618+[--1]-9618&noUDP&sock=3497_7c66_22>
...
006 (4047692.1489.000) 03/16 10:04:11 Image size of job updated: 60824
	52  -  MemoryUsage of job (MB)
	52764  -  ResidentSetSize of job (KB)
...
006 (4047692.1489.000) 03/16 10:09:12 Image size of job updated: 699972
	684  -  MemoryUsage of job (MB)
	699692  -  ResidentSetSize of job (KB)
...
006 (4047692.1489.000) 03/16 10:10:31 Image size of job updated: 703048
	684  -  MemoryUsage of job (MB)
	699692  -  ResidentSetSize of job (KB)
...
005 (4047692.1489.000) 03/16 10:10:31 Job terminated.
	(1) Normal termination (return value 0)
		Usr 0 00:00:22, Sys 0 00:00:04  -  Run Remote Usage
		Usr 0 00:00:00, Sys 0 00:00:00  -  Run Local Usage
		Usr 0 00:00:22, Sys 0 00:00:04  -  Total Remote Usage
		Usr 0 00:00:00, Sys 0 00:00:00  -  Total Local Usage
	0  -  Run Bytes Sent By Job
	0  -  Run Bytes Received By Job
	0  -  Total Bytes Sent By Job
	0  -  Total Bytes Received By Job
	Partitionable Resources :    Usage  Request Allocated
	   Cpus                 :                 1         1
	   Disk (KB)            :        2        2  22685211
	   Memory (MB)          :      684        1      4015
...
000 (4047694.1489.000) 03/16 10:19:02 Job submitted from host: <192.168.1.109:9618?addrs=192.168.1.109-9618+[--1]-9618&noUDP&sock=3153_969b_4>
...
001 (4047694.1489.000) 03/16 10:20:49 Job executing on host: <192.168.1.39:9618?addrs=192.168.1.39-9618+[--1]-9618&noUDP&sock=3239_16fe_3>
...
006 (4047694.1489.000) 03/16 10:20:51 Image size of job updated: 2
	0  -  MemoryUsage of job (MB)
	0  -  ResidentSetSize of job (KB)
...
005 (4047694.1489.000) 03/16 10:20:58 Job terminated.
	(1) Normal termination (return value 1)
		Usr 0 00:00:00, Sys 0 00:00:00  -  Run Remote Usage
		Usr 0 00:00:00, Sys 0 00:00:00  -  Run Local Usage
		Usr 0 00:00:00, Sys 0 00:00:00  -  Total Remote Usage
		Usr 0 00:00:00, Sys 0 00:00:00  -  Total Local Usage
	0  -  Run Bytes Sent By Job
	0  -  Run Bytes Received By Job
	0  -  Total Bytes Sent By Job
	0  -  Total Bytes Received By Job
	Partitionable Resources :    Usage  Request Allocated
	   Cpus                 :                 1         1
	   Disk (KB)            :        2        2  20460460
	   Memory (MB)          :        0        1      4022
...
000 (4047695.1489.000) 03/16 10:31:40 Job submitted from host: <192.168.1.109:9618?addrs=192.168.1.109-9618+[--1]-9618&noUDP&sock=3153_969b_4>
...
001 (4047695.1489.000) 03/16 10:44:46 Job executing on host: <192.168.1.50:9618?addrs=192.168.1.50-9618+[--1]-9618&noUDP&sock=3247_5221_3>
...
006 (4047695.1489.000) 03/16 10:44:54 Image size of job updated: 18836
	19  -  MemoryUsage of job (MB)
	18764  -  ResidentSetSize of job (KB)
...
006 (4047695.1489.000) 03/16 10:49:54 Image size of job updated: 685176
	657  -  MemoryUsage of job (MB)
	672436  -  ResidentSetSize of job (KB)
...
006 (4047695.1489.000) 03/16 10:50:49 Image size of job updated: 1363768
	657  -  MemoryUsage of job (MB)
	672436  -  ResidentSetSize of job (KB)
...
005 (4047695.1489.000) 03/16 10:50:51 Job terminated.
	(1) Normal termination (return value 0)
		Usr 0 00:00:29, Sys 0 00:00:06  -  Run Remote Usage
		Usr 0 00:00:00, Sys 0 00:00:00  -  Run Local Usage
		Usr 0 00:00:29, Sys 0 00:00:06  -  Total Remote Usage
		Usr 0 00:00:00, Sys 0 00:00:00  -  Total Local Usage
	0  -  Run Bytes Sent By Job
	0  -  Run Bytes Received By Job
	0  -  Total Bytes Sent By Job
	0  -  Total Bytes Received By Job
	Partitionable Resources :    Usage  Request Allocated
	   Cpus                 :                 1         1
	   Disk (KB)            :        2        2  28493273
	   Memory (MB)          :      657        1      4020
...
000 (4048296.1489.000) 03/16 11:27:10 Job submitted from host: <192.168.1.109:9618?addrs=192.168.1.109-9618+[--1]-9618&noUDP&sock=3153_969b_4>
...
009 (4048296.1489.000) 03/16 11:28:05 Job was aborted by the user.
	via condor_rm (by user routray)
...
