000 (4046621.514.000) 03/15 20:22:18 Job submitted from host: <192.168.1.109:9618?addrs=192.168.1.109-9618+[--1]-9618&noUDP&sock=3153_969b_4>
...
009 (4046621.514.000) 03/15 20:24:54 Job was aborted by the user.
	via condor_rm (by user routray)
...
000 (4046640.514.000) 03/15 21:06:34 Job submitted from host: <192.168.1.109:9618?addrs=192.168.1.109-9618+[--1]-9618&noUDP&sock=3153_969b_4>
...
001 (4046640.514.000) 03/15 21:07:36 Job executing on host: <192.168.1.44:9618?addrs=192.168.1.44-9618+[--1]-9618&noUDP&sock=3035_ca7b_3>
...
006 (4046640.514.000) 03/15 21:07:44 Image size of job updated: 50736
	50  -  MemoryUsage of job (MB)
	50692  -  ResidentSetSize of job (KB)
...
006 (4046640.514.000) 03/15 21:12:44 Image size of job updated: 683584
	668  -  MemoryUsage of job (MB)
	683584  -  ResidentSetSize of job (KB)
...
006 (4046640.514.000) 03/15 21:13:59 Image size of job updated: 1363764
	668  -  MemoryUsage of job (MB)
	683584  -  ResidentSetSize of job (KB)
...
005 (4046640.514.000) 03/15 21:14:07 Job terminated.
	(1) Normal termination (return value 0)
		Usr 0 00:00:25, Sys 0 00:00:06  -  Run Remote Usage
		Usr 0 00:00:00, Sys 0 00:00:00  -  Run Local Usage
		Usr 0 00:00:25, Sys 0 00:00:06  -  Total Remote Usage
		Usr 0 00:00:00, Sys 0 00:00:00  -  Total Local Usage
	0  -  Run Bytes Sent By Job
	0  -  Run Bytes Received By Job
	0  -  Total Bytes Sent By Job
	0  -  Total Bytes Received By Job
	Partitionable Resources :    Usage  Request Allocated
	   Cpus                 :                 1         1
	   Disk (KB)            :        2        2  20458817
	   Memory (MB)          :      668        1      4022
...
000 (4046671.514.000) 03/15 22:27:46 Job submitted from host: <192.168.1.109:9618?addrs=192.168.1.109-9618+[--1]-9618&noUDP&sock=3153_969b_4>
...
001 (4046671.514.000) 03/15 22:29:00 Job executing on host: <192.168.1.39:9618?addrs=192.168.1.39-9618+[--1]-9618&noUDP&sock=3239_16fe_3>
...
006 (4046671.514.000) 03/15 22:29:10 Image size of job updated: 218912
	203  -  MemoryUsage of job (MB)
	206952  -  ResidentSetSize of job (KB)
...
006 (4046671.514.000) 03/15 22:34:10 Image size of job updated: 758728
	741  -  MemoryUsage of job (MB)
	758544  -  ResidentSetSize of job (KB)
...
005 (4046671.514.000) 03/15 22:39:00 Job terminated.
	(1) Normal termination (return value 0)
		Usr 0 00:00:23, Sys 0 00:00:04  -  Run Remote Usage
		Usr 0 00:00:00, Sys 0 00:00:00  -  Run Local Usage
		Usr 0 00:00:23, Sys 0 00:00:04  -  Total Remote Usage
		Usr 0 00:00:00, Sys 0 00:00:00  -  Total Local Usage
	0  -  Run Bytes Sent By Job
	0  -  Run Bytes Received By Job
	0  -  Total Bytes Sent By Job
	0  -  Total Bytes Received By Job
	Partitionable Resources :    Usage  Request Allocated
	   Cpus                 :                 1         1
	   Disk (KB)            :        2        2  20460460
	   Memory (MB)          :      741        1      4022
...
000 (4046674.514.000) 03/15 23:56:09 Job submitted from host: <192.168.1.109:9618?addrs=192.168.1.109-9618+[--1]-9618&noUDP&sock=3153_969b_4>
...
009 (4046674.514.000) 03/16 00:49:23 Job was aborted by the user.
	via condor_rm (by user routray)
...
000 (4047692.514.000) 03/16 09:41:50 Job submitted from host: <192.168.1.109:9618?addrs=192.168.1.109-9618+[--1]-9618&noUDP&sock=3153_969b_4>
...
001 (4047692.514.000) 03/16 09:42:41 Job executing on host: <192.168.1.46:9618?addrs=192.168.1.46-9618+[--1]-9618&noUDP&sock=3272_2797_3>
...
006 (4047692.514.000) 03/16 09:42:50 Image size of job updated: 53712
	53  -  MemoryUsage of job (MB)
	53668  -  ResidentSetSize of job (KB)
...
006 (4047692.514.000) 03/16 09:47:51 Image size of job updated: 478144
	462  -  MemoryUsage of job (MB)
	472888  -  ResidentSetSize of job (KB)
...
006 (4047692.514.000) 03/16 09:52:52 Image size of job updated: 707296
	686  -  MemoryUsage of job (MB)
	702024  -  ResidentSetSize of job (KB)
...
005 (4047692.514.000) 03/16 09:55:00 Job terminated.
	(1) Normal termination (return value 0)
		Usr 0 00:00:21, Sys 0 00:00:07  -  Run Remote Usage
		Usr 0 00:00:00, Sys 0 00:00:00  -  Run Local Usage
		Usr 0 00:00:21, Sys 0 00:00:07  -  Total Remote Usage
		Usr 0 00:00:00, Sys 0 00:00:00  -  Total Local Usage
	0  -  Run Bytes Sent By Job
	0  -  Run Bytes Received By Job
	0  -  Total Bytes Sent By Job
	0  -  Total Bytes Received By Job
	Partitionable Resources :    Usage  Request Allocated
	   Cpus                 :                 1         1
	   Disk (KB)            :        2        2  20459164
	   Memory (MB)          :      686        1      4022
...
000 (4047694.514.000) 03/16 10:18:56 Job submitted from host: <192.168.1.109:9618?addrs=192.168.1.109-9618+[--1]-9618&noUDP&sock=3153_969b_4>
...
001 (4047694.514.000) 03/16 10:19:51 Job executing on host: <192.168.1.52:9618?addrs=192.168.1.52-9618+[--1]-9618&noUDP&sock=3327_407d_36>
...
006 (4047694.514.000) 03/16 10:19:53 Image size of job updated: 125668
	0  -  MemoryUsage of job (MB)
	0  -  ResidentSetSize of job (KB)
...
005 (4047694.514.000) 03/16 10:19:58 Job terminated.
	(1) Normal termination (return value 1)
		Usr 0 00:00:00, Sys 0 00:00:00  -  Run Remote Usage
		Usr 0 00:00:00, Sys 0 00:00:00  -  Run Local Usage
		Usr 0 00:00:00, Sys 0 00:00:00  -  Total Remote Usage
		Usr 0 00:00:00, Sys 0 00:00:00  -  Total Local Usage
	0  -  Run Bytes Sent By Job
	0  -  Run Bytes Received By Job
	0  -  Total Bytes Sent By Job
	0  -  Total Bytes Received By Job
	Partitionable Resources :    Usage  Request Allocated
	   Cpus                 :                 1         1
	   Disk (KB)            :        2        2  22661368
	   Memory (MB)          :        0        1      4001
...
000 (4047695.514.000) 03/16 10:31:35 Job submitted from host: <192.168.1.109:9618?addrs=192.168.1.109-9618+[--1]-9618&noUDP&sock=3153_969b_4>
...
001 (4047695.514.000) 03/16 10:32:33 Job executing on host: <192.168.1.46:9618?addrs=192.168.1.46-9618+[--1]-9618&noUDP&sock=3272_2797_3>
...
006 (4047695.514.000) 03/16 10:32:42 Image size of job updated: 58508
	58  -  MemoryUsage of job (MB)
	58484  -  ResidentSetSize of job (KB)
...
006 (4047695.514.000) 03/16 10:37:43 Image size of job updated: 683504
	668  -  MemoryUsage of job (MB)
	683280  -  ResidentSetSize of job (KB)
...
006 (4047695.514.000) 03/16 10:38:42 Image size of job updated: 1363772
	668  -  MemoryUsage of job (MB)
	683280  -  ResidentSetSize of job (KB)
...
005 (4047695.514.000) 03/16 10:38:46 Job terminated.
	(1) Normal termination (return value 0)
		Usr 0 00:00:25, Sys 0 00:00:06  -  Run Remote Usage
		Usr 0 00:00:00, Sys 0 00:00:00  -  Run Local Usage
		Usr 0 00:00:25, Sys 0 00:00:06  -  Total Remote Usage
		Usr 0 00:00:00, Sys 0 00:00:00  -  Total Local Usage
	0  -  Run Bytes Sent By Job
	0  -  Run Bytes Received By Job
	0  -  Total Bytes Sent By Job
	0  -  Total Bytes Received By Job
	Partitionable Resources :    Usage  Request Allocated
	   Cpus                 :                 1         1
	   Disk (KB)            :        2        2  20459164
	   Memory (MB)          :      668        1      4022
...
000 (4048296.514.000) 03/16 11:27:05 Job submitted from host: <192.168.1.109:9618?addrs=192.168.1.109-9618+[--1]-9618&noUDP&sock=3153_969b_4>
...
009 (4048296.514.000) 03/16 11:27:57 Job was aborted by the user.
	via condor_rm (by user routray)
...
000 (4048297.514.000) 03/16 11:29:02 Job submitted from host: <192.168.1.109:9618?addrs=192.168.1.109-9618+[--1]-9618&noUDP&sock=3153_969b_4>
...
009 (4048297.514.000) 03/16 11:30:11 Job was aborted by the user.
	via condor_rm (by user routray)
...
