000 (4046621.2369.000) 03/15 20:22:36 Job submitted from host: <192.168.1.109:9618?addrs=192.168.1.109-9618+[--1]-9618&noUDP&sock=3153_969b_4>
...
009 (4046621.2369.000) 03/15 20:25:15 Job was aborted by the user.
	via condor_rm (by user routray)
...
000 (4046640.2369.000) 03/15 21:06:41 Job submitted from host: <192.168.1.109:9618?addrs=192.168.1.109-9618+[--1]-9618&noUDP&sock=3153_969b_4>
...
001 (4046640.2369.000) 03/15 21:29:32 Job executing on host: <192.168.1.44:9618?addrs=192.168.1.44-9618+[--1]-9618&noUDP&sock=3035_ca7b_3>
...
006 (4046640.2369.000) 03/15 21:29:41 Image size of job updated: 193828
	183  -  MemoryUsage of job (MB)
	186732  -  ResidentSetSize of job (KB)
...
006 (4046640.2369.000) 03/15 21:34:05 Image size of job updated: 1363760
	183  -  MemoryUsage of job (MB)
	187256  -  ResidentSetSize of job (KB)
...
005 (4046640.2369.000) 03/15 21:34:11 Job terminated.
	(1) Normal termination (return value 0)
		Usr 0 00:00:23, Sys 0 00:00:05  -  Run Remote Usage
		Usr 0 00:00:00, Sys 0 00:00:00  -  Run Local Usage
		Usr 0 00:00:23, Sys 0 00:00:05  -  Total Remote Usage
		Usr 0 00:00:00, Sys 0 00:00:00  -  Total Local Usage
	0  -  Run Bytes Sent By Job
	0  -  Run Bytes Received By Job
	0  -  Total Bytes Sent By Job
	0  -  Total Bytes Received By Job
	Partitionable Resources :    Usage  Request Allocated
	   Cpus                 :                 1         1
	   Disk (KB)            :        2        2  20458817
	   Memory (MB)          :      183        1      4022
...
000 (4047694.2369.000) 03/16 10:19:08 Job submitted from host: <192.168.1.109:9618?addrs=192.168.1.109-9618+[--1]-9618&noUDP&sock=3153_969b_4>
...
001 (4047694.2369.000) 03/16 10:21:53 Job executing on host: <192.168.1.42:9618?addrs=192.168.1.42-9618+[--1]-9618&noUDP&sock=3360_3385_3>
...
006 (4047694.2369.000) 03/16 10:21:54 Image size of job updated: 1532
	0  -  MemoryUsage of job (MB)
	0  -  ResidentSetSize of job (KB)
...
005 (4047694.2369.000) 03/16 10:22:14 Job terminated.
	(1) Normal termination (return value 1)
		Usr 0 00:00:00, Sys 0 00:00:00  -  Run Remote Usage
		Usr 0 00:00:00, Sys 0 00:00:00  -  Run Local Usage
		Usr 0 00:00:00, Sys 0 00:00:00  -  Total Remote Usage
		Usr 0 00:00:00, Sys 0 00:00:00  -  Total Local Usage
	0  -  Run Bytes Sent By Job
	0  -  Run Bytes Received By Job
	0  -  Total Bytes Sent By Job
	0  -  Total Bytes Received By Job
	Partitionable Resources :    Usage  Request Allocated
	   Cpus                 :                 1         1
	   Disk (KB)            :        2        2  20458261
	   Memory (MB)          :        0        1      4022
...
000 (4047695.2369.000) 03/16 10:31:44 Job submitted from host: <192.168.1.109:9618?addrs=192.168.1.109-9618+[--1]-9618&noUDP&sock=3153_969b_4>
...
001 (4047695.2369.000) 03/16 10:51:30 Job executing on host: <192.168.1.63:9618?addrs=192.168.1.63-9618+[--1]-9618&noUDP&sock=3501_ea5f_33>
...
006 (4047695.2369.000) 03/16 10:51:39 Image size of job updated: 38692
	37  -  MemoryUsage of job (MB)
	37692  -  ResidentSetSize of job (KB)
...
006 (4047695.2369.000) 03/16 10:56:40 Image size of job updated: 793292
	766  -  MemoryUsage of job (MB)
	783436  -  ResidentSetSize of job (KB)
...
005 (4047695.2369.000) 03/16 10:56:53 Job terminated.
	(1) Normal termination (return value 0)
		Usr 0 00:00:48, Sys 0 00:00:06  -  Run Remote Usage
		Usr 0 00:00:00, Sys 0 00:00:00  -  Run Local Usage
		Usr 0 00:00:48, Sys 0 00:00:06  -  Total Remote Usage
		Usr 0 00:00:00, Sys 0 00:00:00  -  Total Local Usage
	0  -  Run Bytes Sent By Job
	0  -  Run Bytes Received By Job
	0  -  Total Bytes Sent By Job
	0  -  Total Bytes Received By Job
	Partitionable Resources :    Usage  Request Allocated
	   Cpus                 :                 1         1
	   Disk (KB)            :        2        2  22685399
	   Memory (MB)          :      766        1      4015
...
000 (4048296.2369.000) 03/16 11:27:16 Job submitted from host: <192.168.1.109:9618?addrs=192.168.1.109-9618+[--1]-9618&noUDP&sock=3153_969b_4>
...
009 (4048296.2369.000) 03/16 11:28:12 Job was aborted by the user.
	via condor_rm (by user routray)
...
