000 (4046621.1436.000) 03/15 20:22:28 Job submitted from host: <192.168.1.109:9618?addrs=192.168.1.109-9618+[--1]-9618&noUDP&sock=3153_969b_4>
...
009 (4046621.1436.000) 03/15 20:25:08 Job was aborted by the user.
	via condor_rm (by user routray)
...
000 (4046640.1436.000) 03/15 21:06:38 Job submitted from host: <192.168.1.109:9618?addrs=192.168.1.109-9618+[--1]-9618&noUDP&sock=3153_969b_4>
...
001 (4046640.1436.000) 03/15 21:20:51 Job executing on host: <192.168.1.64:9618?addrs=192.168.1.64-9618+[--1]-9618&noUDP&sock=3497_7c66_22>
...
006 (4046640.1436.000) 03/15 21:21:00 Image size of job updated: 38876
	38  -  MemoryUsage of job (MB)
	38852  -  ResidentSetSize of job (KB)
...
006 (4046640.1436.000) 03/15 21:26:01 Image size of job updated: 682500
	658  -  MemoryUsage of job (MB)
	673028  -  ResidentSetSize of job (KB)
...
006 (4046640.1436.000) 03/15 21:27:01 Image size of job updated: 715260
	658  -  MemoryUsage of job (MB)
	673028  -  ResidentSetSize of job (KB)
...
005 (4046640.1436.000) 03/15 21:27:02 Job terminated.
	(1) Normal termination (return value 0)
		Usr 0 00:00:47, Sys 0 00:00:07  -  Run Remote Usage
		Usr 0 00:00:00, Sys 0 00:00:00  -  Run Local Usage
		Usr 0 00:00:47, Sys 0 00:00:07  -  Total Remote Usage
		Usr 0 00:00:00, Sys 0 00:00:00  -  Total Local Usage
	0  -  Run Bytes Sent By Job
	0  -  Run Bytes Received By Job
	0  -  Total Bytes Sent By Job
	0  -  Total Bytes Received By Job
	Partitionable Resources :    Usage  Request Allocated
	   Cpus                 :                 1         1
	   Disk (KB)            :        2        2  22685211
	   Memory (MB)          :      658        1      4015
...
000 (4046674.1436.000) 03/15 23:56:13 Job submitted from host: <192.168.1.109:9618?addrs=192.168.1.109-9618+[--1]-9618&noUDP&sock=3153_969b_4>
...
009 (4046674.1436.000) 03/16 00:49:29 Job was aborted by the user.
	via condor_rm (by user routray)
...
000 (4047692.1436.000) 03/16 09:41:58 Job submitted from host: <192.168.1.109:9618?addrs=192.168.1.109-9618+[--1]-9618&noUDP&sock=3153_969b_4>
...
001 (4047692.1436.000) 03/16 10:03:59 Job executing on host: <192.168.1.49:9618?addrs=192.168.1.49-9618+[--1]-9618&noUDP&sock=3240_e427_3>
...
006 (4047692.1436.000) 03/16 10:04:08 Image size of job updated: 57132
	56  -  MemoryUsage of job (MB)
	56932  -  ResidentSetSize of job (KB)
...
006 (4047692.1436.000) 03/16 10:09:09 Image size of job updated: 727720
	708  -  MemoryUsage of job (MB)
	724856  -  ResidentSetSize of job (KB)
...
005 (4047692.1436.000) 03/16 10:10:21 Job terminated.
	(1) Normal termination (return value 0)
		Usr 0 00:00:18, Sys 0 00:00:04  -  Run Remote Usage
		Usr 0 00:00:00, Sys 0 00:00:00  -  Run Local Usage
		Usr 0 00:00:18, Sys 0 00:00:04  -  Total Remote Usage
		Usr 0 00:00:00, Sys 0 00:00:00  -  Total Local Usage
	0  -  Run Bytes Sent By Job
	0  -  Run Bytes Received By Job
	0  -  Total Bytes Sent By Job
	0  -  Total Bytes Received By Job
	Partitionable Resources :    Usage  Request Allocated
	   Cpus                 :                 1         1
	   Disk (KB)            :        2        2  28491601
	   Memory (MB)          :      708        1      4020
...
000 (4047694.1436.000) 03/16 10:19:02 Job submitted from host: <192.168.1.109:9618?addrs=192.168.1.109-9618+[--1]-9618&noUDP&sock=3153_969b_4>
...
001 (4047694.1436.000) 03/16 10:20:44 Job executing on host: <192.168.1.67:9618?addrs=192.168.1.67-9618+[--1]-9618&noUDP&sock=3517_344b_38>
...
006 (4047694.1436.000) 03/16 10:20:45 Image size of job updated: 2
	0  -  MemoryUsage of job (MB)
	0  -  ResidentSetSize of job (KB)
...
005 (4047694.1436.000) 03/16 10:20:53 Job terminated.
	(1) Normal termination (return value 1)
		Usr 0 00:00:00, Sys 0 00:00:00  -  Run Remote Usage
		Usr 0 00:00:00, Sys 0 00:00:00  -  Run Local Usage
		Usr 0 00:00:00, Sys 0 00:00:00  -  Total Remote Usage
		Usr 0 00:00:00, Sys 0 00:00:00  -  Total Local Usage
	0  -  Run Bytes Sent By Job
	0  -  Run Bytes Received By Job
	0  -  Total Bytes Sent By Job
	0  -  Total Bytes Received By Job
	Partitionable Resources :    Usage  Request Allocated
	   Cpus                 :                 1         1
	   Disk (KB)            :        2        2  22682500
	   Memory (MB)          :        0        1      4015
...
000 (4047695.1436.000) 03/16 10:31:40 Job submitted from host: <192.168.1.109:9618?addrs=192.168.1.109-9618+[--1]-9618&noUDP&sock=3153_969b_4>
...
001 (4047695.1436.000) 03/16 10:44:43 Job executing on host: <192.168.1.50:9618?addrs=192.168.1.50-9618+[--1]-9618&noUDP&sock=3247_5221_3>
...
006 (4047695.1436.000) 03/16 10:44:51 Image size of job updated: 22968
	23  -  MemoryUsage of job (MB)
	22936  -  ResidentSetSize of job (KB)
...
006 (4047695.1436.000) 03/16 10:49:51 Image size of job updated: 672852
	657  -  MemoryUsage of job (MB)
	672408  -  ResidentSetSize of job (KB)
...
006 (4047695.1436.000) 03/16 10:50:49 Image size of job updated: 1363764
	657  -  MemoryUsage of job (MB)
	672408  -  ResidentSetSize of job (KB)
...
005 (4047695.1436.000) 03/16 10:50:51 Job terminated.
	(1) Normal termination (return value 0)
		Usr 0 00:00:29, Sys 0 00:00:06  -  Run Remote Usage
		Usr 0 00:00:00, Sys 0 00:00:00  -  Run Local Usage
		Usr 0 00:00:29, Sys 0 00:00:06  -  Total Remote Usage
		Usr 0 00:00:00, Sys 0 00:00:00  -  Total Local Usage
	0  -  Run Bytes Sent By Job
	0  -  Run Bytes Received By Job
	0  -  Total Bytes Sent By Job
	0  -  Total Bytes Received By Job
	Partitionable Resources :    Usage  Request Allocated
	   Cpus                 :                 1         1
	   Disk (KB)            :        2        2  28493273
	   Memory (MB)          :      657        1      4020
...
000 (4048296.1436.000) 03/16 11:27:10 Job submitted from host: <192.168.1.109:9618?addrs=192.168.1.109-9618+[--1]-9618&noUDP&sock=3153_969b_4>
...
009 (4048296.1436.000) 03/16 11:28:04 Job was aborted by the user.
	via condor_rm (by user routray)
...
