000 (4046621.340.000) 03/15 20:22:16 Job submitted from host: <192.168.1.109:9618?addrs=192.168.1.109-9618+[--1]-9618&noUDP&sock=3153_969b_4>
...
001 (4046621.340.000) 03/15 20:24:27 Job executing on host: <192.168.1.43:9618?addrs=192.168.1.43-9618+[--1]-9618&noUDP&sock=3360_24bc_3>
...
006 (4046621.340.000) 03/15 20:24:28 Image size of job updated: 5364
	0  -  MemoryUsage of job (MB)
	0  -  ResidentSetSize of job (KB)
...
005 (4046621.340.000) 03/15 20:24:32 Job terminated.
	(1) Normal termination (return value 1)
		Usr 0 00:00:00, Sys 0 00:00:00  -  Run Remote Usage
		Usr 0 00:00:00, Sys 0 00:00:00  -  Run Local Usage
		Usr 0 00:00:00, Sys 0 00:00:00  -  Total Remote Usage
		Usr 0 00:00:00, Sys 0 00:00:00  -  Total Local Usage
	0  -  Run Bytes Sent By Job
	0  -  Run Bytes Received By Job
	0  -  Total Bytes Sent By Job
	0  -  Total Bytes Received By Job
	Partitionable Resources :    Usage  Request Allocated
	   Cpus                 :                 1         1
	   Disk (KB)            :        2        2  20458450
	   Memory (MB)          :        0        1      4022
...
009 (4046621.340.000) 03/15 20:24:52 Job was aborted by the user.
	via condor_rm (by user routray)
...
000 (4046640.340.000) 03/15 21:06:33 Job submitted from host: <192.168.1.109:9618?addrs=192.168.1.109-9618+[--1]-9618&noUDP&sock=3153_969b_4>
...
001 (4046640.340.000) 03/15 21:07:30 Job executing on host: <192.168.1.40:9618?addrs=192.168.1.40-9618+[--1]-9618&noUDP&sock=3366_a17e_3>
...
006 (4046640.340.000) 03/15 21:07:39 Image size of job updated: 66036
	62  -  MemoryUsage of job (MB)
	63076  -  ResidentSetSize of job (KB)
...
006 (4046640.340.000) 03/15 21:12:40 Image size of job updated: 695668
	680  -  MemoryUsage of job (MB)
	695668  -  ResidentSetSize of job (KB)
...
006 (4046640.340.000) 03/15 21:14:00 Image size of job updated: 1363760
	680  -  MemoryUsage of job (MB)
	695668  -  ResidentSetSize of job (KB)
...
005 (4046640.340.000) 03/15 21:14:06 Job terminated.
	(1) Normal termination (return value 0)
		Usr 0 00:00:26, Sys 0 00:00:05  -  Run Remote Usage
		Usr 0 00:00:00, Sys 0 00:00:00  -  Run Local Usage
		Usr 0 00:00:26, Sys 0 00:00:05  -  Total Remote Usage
		Usr 0 00:00:00, Sys 0 00:00:00  -  Total Local Usage
	0  -  Run Bytes Sent By Job
	0  -  Run Bytes Received By Job
	0  -  Total Bytes Sent By Job
	0  -  Total Bytes Received By Job
	Partitionable Resources :    Usage  Request Allocated
	   Cpus                 :                 1         1
	   Disk (KB)            :        2        2  20457847
	   Memory (MB)          :      680        1      4022
...
000 (4046671.340.000) 03/15 22:27:46 Job submitted from host: <192.168.1.109:9618?addrs=192.168.1.109-9618+[--1]-9618&noUDP&sock=3153_969b_4>
...
001 (4046671.340.000) 03/15 22:28:24 Job executing on host: <192.168.1.39:9618?addrs=192.168.1.39-9618+[--1]-9618&noUDP&sock=3239_16fe_3>
...
006 (4046671.340.000) 03/15 22:28:33 Image size of job updated: 49644
	49  -  MemoryUsage of job (MB)
	49596  -  ResidentSetSize of job (KB)
...
006 (4046671.340.000) 03/15 22:33:34 Image size of job updated: 700000
	684  -  MemoryUsage of job (MB)
	699732  -  ResidentSetSize of job (KB)
...
006 (4046671.340.000) 03/15 22:38:34 Image size of job updated: 765080
	747  -  MemoryUsage of job (MB)
	764812  -  ResidentSetSize of job (KB)
...
005 (4046671.340.000) 03/15 22:38:59 Job terminated.
	(1) Normal termination (return value 0)
		Usr 0 00:00:28, Sys 0 00:00:06  -  Run Remote Usage
		Usr 0 00:00:00, Sys 0 00:00:00  -  Run Local Usage
		Usr 0 00:00:28, Sys 0 00:00:06  -  Total Remote Usage
		Usr 0 00:00:00, Sys 0 00:00:00  -  Total Local Usage
	0  -  Run Bytes Sent By Job
	0  -  Run Bytes Received By Job
	0  -  Total Bytes Sent By Job
	0  -  Total Bytes Received By Job
	Partitionable Resources :    Usage  Request Allocated
	   Cpus                 :                 1         1
	   Disk (KB)            :        2        2  20460459
	   Memory (MB)          :      747        1      4022
...
000 (4046674.340.000) 03/15 23:56:08 Job submitted from host: <192.168.1.109:9618?addrs=192.168.1.109-9618+[--1]-9618&noUDP&sock=3153_969b_4>
...
009 (4046674.340.000) 03/16 00:49:21 Job was aborted by the user.
	via condor_rm (by user routray)
...
000 (4047692.340.000) 03/16 09:41:48 Job submitted from host: <192.168.1.109:9618?addrs=192.168.1.109-9618+[--1]-9618&noUDP&sock=3153_969b_4>
...
001 (4047692.340.000) 03/16 09:42:35 Job executing on host: <192.168.1.42:9618?addrs=192.168.1.42-9618+[--1]-9618&noUDP&sock=3360_3385_3>
...
006 (4047692.340.000) 03/16 09:42:44 Image size of job updated: 57000
	56  -  MemoryUsage of job (MB)
	56924  -  ResidentSetSize of job (KB)
...
006 (4047692.340.000) 03/16 09:47:45 Image size of job updated: 458152
	445  -  MemoryUsage of job (MB)
	455468  -  ResidentSetSize of job (KB)
...
006 (4047692.340.000) 03/16 09:52:45 Image size of job updated: 692208
	674  -  MemoryUsage of job (MB)
	689512  -  ResidentSetSize of job (KB)
...
005 (4047692.340.000) 03/16 09:55:07 Job terminated.
	(1) Normal termination (return value 0)
		Usr 0 00:00:21, Sys 0 00:00:07  -  Run Remote Usage
		Usr 0 00:00:00, Sys 0 00:00:00  -  Run Local Usage
		Usr 0 00:00:21, Sys 0 00:00:07  -  Total Remote Usage
		Usr 0 00:00:00, Sys 0 00:00:00  -  Total Local Usage
	0  -  Run Bytes Sent By Job
	0  -  Run Bytes Received By Job
	0  -  Total Bytes Sent By Job
	0  -  Total Bytes Received By Job
	Partitionable Resources :    Usage  Request Allocated
	   Cpus                 :                 1         1
	   Disk (KB)            :        2        2  20458261
	   Memory (MB)          :      674        1      4022
...
000 (4047694.340.000) 03/16 10:18:56 Job submitted from host: <192.168.1.109:9618?addrs=192.168.1.109-9618+[--1]-9618&noUDP&sock=3153_969b_4>
...
001 (4047694.340.000) 03/16 10:19:38 Job executing on host: <192.168.1.44:9618?addrs=192.168.1.44-9618+[--1]-9618&noUDP&sock=3035_ca7b_3>
...
006 (4047694.340.000) 03/16 10:19:39 Image size of job updated: 436
	0  -  MemoryUsage of job (MB)
	0  -  ResidentSetSize of job (KB)
...
005 (4047694.340.000) 03/16 10:19:42 Job terminated.
	(1) Normal termination (return value 1)
		Usr 0 00:00:00, Sys 0 00:00:00  -  Run Remote Usage
		Usr 0 00:00:00, Sys 0 00:00:00  -  Run Local Usage
		Usr 0 00:00:00, Sys 0 00:00:00  -  Total Remote Usage
		Usr 0 00:00:00, Sys 0 00:00:00  -  Total Local Usage
	0  -  Run Bytes Sent By Job
	0  -  Run Bytes Received By Job
	0  -  Total Bytes Sent By Job
	0  -  Total Bytes Received By Job
	Partitionable Resources :    Usage  Request Allocated
	   Cpus                 :                 1         1
	   Disk (KB)            :        2        2  20458817
	   Memory (MB)          :        0        1      4022
...
000 (4047695.340.000) 03/16 10:31:34 Job submitted from host: <192.168.1.109:9618?addrs=192.168.1.109-9618+[--1]-9618&noUDP&sock=3153_969b_4>
...
001 (4047695.340.000) 03/16 10:32:27 Job executing on host: <192.168.1.42:9618?addrs=192.168.1.42-9618+[--1]-9618&noUDP&sock=3360_3385_3>
...
006 (4047695.340.000) 03/16 10:32:36 Image size of job updated: 54284
	53  -  MemoryUsage of job (MB)
	54248  -  ResidentSetSize of job (KB)
...
006 (4047695.340.000) 03/16 10:37:37 Image size of job updated: 688884
	673  -  MemoryUsage of job (MB)
	688860  -  ResidentSetSize of job (KB)
...
006 (4047695.340.000) 03/16 10:38:38 Image size of job updated: 1363768
	673  -  MemoryUsage of job (MB)
	688884  -  ResidentSetSize of job (KB)
...
005 (4047695.340.000) 03/16 10:38:39 Job terminated.
	(1) Normal termination (return value 0)
		Usr 0 00:00:25, Sys 0 00:00:05  -  Run Remote Usage
		Usr 0 00:00:00, Sys 0 00:00:00  -  Run Local Usage
		Usr 0 00:00:25, Sys 0 00:00:05  -  Total Remote Usage
		Usr 0 00:00:00, Sys 0 00:00:00  -  Total Local Usage
	0  -  Run Bytes Sent By Job
	0  -  Run Bytes Received By Job
	0  -  Total Bytes Sent By Job
	0  -  Total Bytes Received By Job
	Partitionable Resources :    Usage  Request Allocated
	   Cpus                 :                 1         1
	   Disk (KB)            :        2        2  20458261
	   Memory (MB)          :      673        1      4022
...
000 (4048296.340.000) 03/16 11:27:04 Job submitted from host: <192.168.1.109:9618?addrs=192.168.1.109-9618+[--1]-9618&noUDP&sock=3153_969b_4>
...
009 (4048296.340.000) 03/16 11:27:55 Job was aborted by the user.
	via condor_rm (by user routray)
...
000 (4048297.340.000) 03/16 11:29:01 Job submitted from host: <192.168.1.109:9618?addrs=192.168.1.109-9618+[--1]-9618&noUDP&sock=3153_969b_4>
...
009 (4048297.340.000) 03/16 11:30:10 Job was aborted by the user.
	via condor_rm (by user routray)
...
