000 (4046621.1694.000) 03/15 20:22:30 Job submitted from host: <192.168.1.109:9618?addrs=192.168.1.109-9618+[--1]-9618&noUDP&sock=3153_969b_4>
...
009 (4046621.1694.000) 03/15 20:25:10 Job was aborted by the user.
	via condor_rm (by user routray)
...
000 (4046640.1694.000) 03/15 21:06:39 Job submitted from host: <192.168.1.109:9618?addrs=192.168.1.109-9618+[--1]-9618&noUDP&sock=3153_969b_4>
...
001 (4046640.1694.000) 03/15 21:21:22 Job executing on host: <192.168.1.43:9618?addrs=192.168.1.43-9618+[--1]-9618&noUDP&sock=3360_24bc_3>
...
006 (4046640.1694.000) 03/15 21:21:31 Image size of job updated: 54172
	46  -  MemoryUsage of job (MB)
	46624  -  ResidentSetSize of job (KB)
...
006 (4046640.1694.000) 03/15 21:26:32 Image size of job updated: 631044
	610  -  MemoryUsage of job (MB)
	624280  -  ResidentSetSize of job (KB)
...
006 (4046640.1694.000) 03/15 21:27:48 Image size of job updated: 1363768
	610  -  MemoryUsage of job (MB)
	624280  -  ResidentSetSize of job (KB)
...
005 (4046640.1694.000) 03/15 21:27:48 Job terminated.
	(1) Normal termination (return value 0)
		Usr 0 00:00:31, Sys 0 00:00:07  -  Run Remote Usage
		Usr 0 00:00:00, Sys 0 00:00:00  -  Run Local Usage
		Usr 0 00:00:31, Sys 0 00:00:07  -  Total Remote Usage
		Usr 0 00:00:00, Sys 0 00:00:00  -  Total Local Usage
	0  -  Run Bytes Sent By Job
	0  -  Run Bytes Received By Job
	0  -  Total Bytes Sent By Job
	0  -  Total Bytes Received By Job
	Partitionable Resources :    Usage  Request Allocated
	   Cpus                 :                 1         1
	   Disk (KB)            :        2        2  20458450
	   Memory (MB)          :      610        1      4022
...
000 (4046674.1694.000) 03/15 23:56:14 Job submitted from host: <192.168.1.109:9618?addrs=192.168.1.109-9618+[--1]-9618&noUDP&sock=3153_969b_4>
...
009 (4046674.1694.000) 03/16 00:49:31 Job was aborted by the user.
	via condor_rm (by user routray)
...
000 (4047692.1694.000) 03/16 09:42:00 Job submitted from host: <192.168.1.109:9618?addrs=192.168.1.109-9618+[--1]-9618&noUDP&sock=3153_969b_4>
...
001 (4047692.1694.000) 03/16 10:04:42 Job executing on host: <192.168.1.45:9618?addrs=192.168.1.45-9618+[--1]-9618&noUDP&sock=3341_bd3f_3>
...
006 (4047692.1694.000) 03/16 10:04:51 Image size of job updated: 30704
	30  -  MemoryUsage of job (MB)
	30676  -  ResidentSetSize of job (KB)
...
006 (4047692.1694.000) 03/16 10:09:52 Image size of job updated: 686988
	671  -  MemoryUsage of job (MB)
	686988  -  ResidentSetSize of job (KB)
...
006 (4047692.1694.000) 03/16 10:12:13 Image size of job updated: 1393632
	671  -  MemoryUsage of job (MB)
	686988  -  ResidentSetSize of job (KB)
...
005 (4047692.1694.000) 03/16 10:12:13 Job terminated.
	(1) Normal termination (return value 0)
		Usr 0 00:00:19, Sys 0 00:00:06  -  Run Remote Usage
		Usr 0 00:00:00, Sys 0 00:00:00  -  Run Local Usage
		Usr 0 00:00:19, Sys 0 00:00:06  -  Total Remote Usage
		Usr 0 00:00:00, Sys 0 00:00:00  -  Total Local Usage
	0  -  Run Bytes Sent By Job
	0  -  Run Bytes Received By Job
	0  -  Total Bytes Sent By Job
	0  -  Total Bytes Received By Job
	Partitionable Resources :    Usage  Request Allocated
	   Cpus                 :                 1         1
	   Disk (KB)            :        2        2  20460088
	   Memory (MB)          :      671        1      4022
...
000 (4047694.1694.000) 03/16 10:19:03 Job submitted from host: <192.168.1.109:9618?addrs=192.168.1.109-9618+[--1]-9618&noUDP&sock=3153_969b_4>
...
001 (4047694.1694.000) 03/16 10:21:05 Job executing on host: <192.168.1.56:9618?addrs=192.168.1.56-9618+[--1]-9618&noUDP&sock=3336_bd3f_3>
...
006 (4047694.1694.000) 03/16 10:21:06 Image size of job updated: 35980
	0  -  MemoryUsage of job (MB)
	0  -  ResidentSetSize of job (KB)
...
005 (4047694.1694.000) 03/16 10:21:13 Job terminated.
	(1) Normal termination (return value 1)
		Usr 0 00:00:00, Sys 0 00:00:00  -  Run Remote Usage
		Usr 0 00:00:00, Sys 0 00:00:00  -  Run Local Usage
		Usr 0 00:00:00, Sys 0 00:00:00  -  Total Remote Usage
		Usr 0 00:00:00, Sys 0 00:00:00  -  Total Local Usage
	0  -  Run Bytes Sent By Job
	0  -  Run Bytes Received By Job
	0  -  Total Bytes Sent By Job
	0  -  Total Bytes Received By Job
	Partitionable Resources :    Usage  Request Allocated
	   Cpus                 :                 1         1
	   Disk (KB)            :        2        2  22662681
	   Memory (MB)          :        0        1      4001
...
000 (4047695.1694.000) 03/16 10:31:41 Job submitted from host: <192.168.1.109:9618?addrs=192.168.1.109-9618+[--1]-9618&noUDP&sock=3153_969b_4>
...
001 (4047695.1694.000) 03/16 10:45:07 Job executing on host: <192.168.1.42:9618?addrs=192.168.1.42-9618+[--1]-9618&noUDP&sock=3360_3385_3>
...
006 (4047695.1694.000) 03/16 10:45:15 Image size of job updated: 22800
	23  -  MemoryUsage of job (MB)
	22800  -  ResidentSetSize of job (KB)
...
006 (4047695.1694.000) 03/16 10:50:15 Image size of job updated: 605612
	590  -  MemoryUsage of job (MB)
	603712  -  ResidentSetSize of job (KB)
...
005 (4047695.1694.000) 03/16 10:51:27 Job terminated.
	(1) Normal termination (return value 0)
		Usr 0 00:00:30, Sys 0 00:00:08  -  Run Remote Usage
		Usr 0 00:00:00, Sys 0 00:00:00  -  Run Local Usage
		Usr 0 00:00:30, Sys 0 00:00:08  -  Total Remote Usage
		Usr 0 00:00:00, Sys 0 00:00:00  -  Total Local Usage
	0  -  Run Bytes Sent By Job
	0  -  Run Bytes Received By Job
	0  -  Total Bytes Sent By Job
	0  -  Total Bytes Received By Job
	Partitionable Resources :    Usage  Request Allocated
	   Cpus                 :                 1         1
	   Disk (KB)            :        2        2  20458261
	   Memory (MB)          :      590        1      4022
...
000 (4048296.1694.000) 03/16 11:27:11 Job submitted from host: <192.168.1.109:9618?addrs=192.168.1.109-9618+[--1]-9618&noUDP&sock=3153_969b_4>
...
009 (4048296.1694.000) 03/16 11:28:06 Job was aborted by the user.
	via condor_rm (by user routray)
...
