000 (4046621.263.000) 03/15 20:22:15 Job submitted from host: <192.168.1.109:9618?addrs=192.168.1.109-9618+[--1]-9618&noUDP&sock=3153_969b_4>
...
001 (4046621.263.000) 03/15 20:23:57 Job executing on host: <192.168.1.51:9618?addrs=192.168.1.51-9618+[--1]-9618&noUDP&sock=3125_b25b_3>
...
006 (4046621.263.000) 03/15 20:23:58 Image size of job updated: 125916
	0  -  MemoryUsage of job (MB)
	0  -  ResidentSetSize of job (KB)
...
005 (4046621.263.000) 03/15 20:24:04 Job terminated.
	(1) Normal termination (return value 1)
		Usr 0 00:00:00, Sys 0 00:00:00  -  Run Remote Usage
		Usr 0 00:00:00, Sys 0 00:00:00  -  Run Local Usage
		Usr 0 00:00:00, Sys 0 00:00:00  -  Total Remote Usage
		Usr 0 00:00:00, Sys 0 00:00:00  -  Total Local Usage
	0  -  Run Bytes Sent By Job
	0  -  Run Bytes Received By Job
	0  -  Total Bytes Sent By Job
	0  -  Total Bytes Received By Job
	Partitionable Resources :    Usage  Request Allocated
	   Cpus                 :                 1         1
	   Disk (KB)            :        2        2  28494197
	   Memory (MB)          :        0        1      4020
...
009 (4046621.263.000) 03/15 20:24:47 Job was aborted by the user.
	via condor_rm (by user routray)
...
000 (4046640.263.000) 03/15 21:06:33 Job submitted from host: <192.168.1.109:9618?addrs=192.168.1.109-9618+[--1]-9618&noUDP&sock=3153_969b_4>
...
001 (4046640.263.000) 03/15 21:07:28 Job executing on host: <192.168.1.51:9618?addrs=192.168.1.51-9618+[--1]-9618&noUDP&sock=3125_b25b_3>
...
006 (4046640.263.000) 03/15 21:07:36 Image size of job updated: 66140
	64  -  MemoryUsage of job (MB)
	65136  -  ResidentSetSize of job (KB)
...
006 (4046640.263.000) 03/15 21:12:36 Image size of job updated: 716284
	699  -  MemoryUsage of job (MB)
	714960  -  ResidentSetSize of job (KB)
...
005 (4046640.263.000) 03/15 21:13:03 Job terminated.
	(1) Normal termination (return value 0)
		Usr 0 00:00:22, Sys 0 00:00:04  -  Run Remote Usage
		Usr 0 00:00:00, Sys 0 00:00:00  -  Run Local Usage
		Usr 0 00:00:22, Sys 0 00:00:04  -  Total Remote Usage
		Usr 0 00:00:00, Sys 0 00:00:00  -  Total Local Usage
	0  -  Run Bytes Sent By Job
	0  -  Run Bytes Received By Job
	0  -  Total Bytes Sent By Job
	0  -  Total Bytes Received By Job
	Partitionable Resources :    Usage  Request Allocated
	   Cpus                 :                 1         1
	   Disk (KB)            :        2        2  28494197
	   Memory (MB)          :      699        1      4020
...
000 (4046671.263.000) 03/15 22:27:45 Job submitted from host: <192.168.1.109:9618?addrs=192.168.1.109-9618+[--1]-9618&noUDP&sock=3153_969b_4>
...
001 (4046671.263.000) 03/15 22:28:22 Job executing on host: <192.168.1.44:9618?addrs=192.168.1.44-9618+[--1]-9618&noUDP&sock=3035_ca7b_3>
...
006 (4046671.263.000) 03/15 22:28:30 Image size of job updated: 45184
	45  -  MemoryUsage of job (MB)
	45152  -  ResidentSetSize of job (KB)
...
006 (4046671.263.000) 03/15 22:33:30 Image size of job updated: 683624
	668  -  MemoryUsage of job (MB)
	683624  -  ResidentSetSize of job (KB)
...
006 (4046671.263.000) 03/15 22:37:53 Image size of job updated: 1363768
	668  -  MemoryUsage of job (MB)
	683624  -  ResidentSetSize of job (KB)
...
005 (4046671.263.000) 03/15 22:37:54 Job terminated.
	(1) Normal termination (return value 0)
		Usr 0 00:00:26, Sys 0 00:00:06  -  Run Remote Usage
		Usr 0 00:00:00, Sys 0 00:00:00  -  Run Local Usage
		Usr 0 00:00:26, Sys 0 00:00:06  -  Total Remote Usage
		Usr 0 00:00:00, Sys 0 00:00:00  -  Total Local Usage
	0  -  Run Bytes Sent By Job
	0  -  Run Bytes Received By Job
	0  -  Total Bytes Sent By Job
	0  -  Total Bytes Received By Job
	Partitionable Resources :    Usage  Request Allocated
	   Cpus                 :                 1         1
	   Disk (KB)            :        2        2  20458817
	   Memory (MB)          :      668        1      4022
...
000 (4046674.263.000) 03/15 23:56:08 Job submitted from host: <192.168.1.109:9618?addrs=192.168.1.109-9618+[--1]-9618&noUDP&sock=3153_969b_4>
...
009 (4046674.263.000) 03/16 00:49:21 Job was aborted by the user.
	via condor_rm (by user routray)
...
000 (4047692.263.000) 03/16 09:41:47 Job submitted from host: <192.168.1.109:9618?addrs=192.168.1.109-9618+[--1]-9618&noUDP&sock=3153_969b_4>
...
001 (4047692.263.000) 03/16 09:42:32 Job executing on host: <192.168.1.42:9618?addrs=192.168.1.42-9618+[--1]-9618&noUDP&sock=3360_3385_3>
...
006 (4047692.263.000) 03/16 09:42:40 Image size of job updated: 99008
	84  -  MemoryUsage of job (MB)
	85024  -  ResidentSetSize of job (KB)
...
006 (4047692.263.000) 03/16 09:47:40 Image size of job updated: 434240
	424  -  MemoryUsage of job (MB)
	434172  -  ResidentSetSize of job (KB)
...
006 (4047692.263.000) 03/16 09:52:40 Image size of job updated: 688100
	672  -  MemoryUsage of job (MB)
	688032  -  ResidentSetSize of job (KB)
...
006 (4047692.263.000) 03/16 09:53:55 Image size of job updated: 1393632
	672  -  MemoryUsage of job (MB)
	688032  -  ResidentSetSize of job (KB)
...
005 (4047692.263.000) 03/16 09:53:55 Job terminated.
	(1) Normal termination (return value 0)
		Usr 0 00:00:21, Sys 0 00:00:07  -  Run Remote Usage
		Usr 0 00:00:00, Sys 0 00:00:00  -  Run Local Usage
		Usr 0 00:00:21, Sys 0 00:00:07  -  Total Remote Usage
		Usr 0 00:00:00, Sys 0 00:00:00  -  Total Local Usage
	0  -  Run Bytes Sent By Job
	0  -  Run Bytes Received By Job
	0  -  Total Bytes Sent By Job
	0  -  Total Bytes Received By Job
	Partitionable Resources :    Usage  Request Allocated
	   Cpus                 :                 1         1
	   Disk (KB)            :        2        2  20458262
	   Memory (MB)          :      672        1      4022
...
000 (4047694.263.000) 03/16 10:18:55 Job submitted from host: <192.168.1.109:9618?addrs=192.168.1.109-9618+[--1]-9618&noUDP&sock=3153_969b_4>
...
001 (4047694.263.000) 03/16 10:20:01 Job executing on host: <192.168.1.65:9618?addrs=192.168.1.65-9618+[--1]-9618&noUDP&sock=3515_344b_35>
...
006 (4047694.263.000) 03/16 10:20:02 Image size of job updated: 1356
	0  -  MemoryUsage of job (MB)
	0  -  ResidentSetSize of job (KB)
...
005 (4047694.263.000) 03/16 10:20:08 Job terminated.
	(1) Normal termination (return value 1)
		Usr 0 00:00:00, Sys 0 00:00:00  -  Run Remote Usage
		Usr 0 00:00:00, Sys 0 00:00:00  -  Run Local Usage
		Usr 0 00:00:00, Sys 0 00:00:00  -  Total Remote Usage
		Usr 0 00:00:00, Sys 0 00:00:00  -  Total Local Usage
	0  -  Run Bytes Sent By Job
	0  -  Run Bytes Received By Job
	0  -  Total Bytes Sent By Job
	0  -  Total Bytes Received By Job
	Partitionable Resources :    Usage  Request Allocated
	   Cpus                 :                 1         1
	   Disk (KB)            :        2        2  22684044
	   Memory (MB)          :        0        1      4015
...
000 (4047695.263.000) 03/16 10:31:34 Job submitted from host: <192.168.1.109:9618?addrs=192.168.1.109-9618+[--1]-9618&noUDP&sock=3153_969b_4>
...
001 (4047695.263.000) 03/16 10:32:23 Job executing on host: <192.168.1.42:9618?addrs=192.168.1.42-9618+[--1]-9618&noUDP&sock=3360_3385_3>
...
006 (4047695.263.000) 03/16 10:32:32 Image size of job updated: 96000
	90  -  MemoryUsage of job (MB)
	91744  -  ResidentSetSize of job (KB)
...
006 (4047695.263.000) 03/16 10:37:33 Image size of job updated: 699408
	683  -  MemoryUsage of job (MB)
	699240  -  ResidentSetSize of job (KB)
...
006 (4047695.263.000) 03/16 10:38:35 Image size of job updated: 699408
	683  -  MemoryUsage of job (MB)
	699244  -  ResidentSetSize of job (KB)
...
005 (4047695.263.000) 03/16 10:38:37 Job terminated.
	(1) Normal termination (return value 0)
		Usr 0 00:00:23, Sys 0 00:00:05  -  Run Remote Usage
		Usr 0 00:00:00, Sys 0 00:00:00  -  Run Local Usage
		Usr 0 00:00:23, Sys 0 00:00:05  -  Total Remote Usage
		Usr 0 00:00:00, Sys 0 00:00:00  -  Total Local Usage
	0  -  Run Bytes Sent By Job
	0  -  Run Bytes Received By Job
	0  -  Total Bytes Sent By Job
	0  -  Total Bytes Received By Job
	Partitionable Resources :    Usage  Request Allocated
	   Cpus                 :                 1         1
	   Disk (KB)            :        2        2  20458262
	   Memory (MB)          :      683        1      4022
...
000 (4048296.263.000) 03/16 11:27:03 Job submitted from host: <192.168.1.109:9618?addrs=192.168.1.109-9618+[--1]-9618&noUDP&sock=3153_969b_4>
...
009 (4048296.263.000) 03/16 11:27:54 Job was aborted by the user.
	via condor_rm (by user routray)
...
000 (4048297.263.000) 03/16 11:29:00 Job submitted from host: <192.168.1.109:9618?addrs=192.168.1.109-9618+[--1]-9618&noUDP&sock=3153_969b_4>
...
009 (4048297.263.000) 03/16 11:30:10 Job was aborted by the user.
	via condor_rm (by user routray)
...
