000 (4046621.1324.000) 03/15 20:22:26 Job submitted from host: <192.168.1.109:9618?addrs=192.168.1.109-9618+[--1]-9618&noUDP&sock=3153_969b_4>
...
001 (4046621.1324.000) 03/15 20:24:34 Job executing on host: <192.168.1.42:9618?addrs=192.168.1.42-9618+[--1]-9618&noUDP&sock=3360_3385_3>
...
006 (4046621.1324.000) 03/15 20:24:35 Image size of job updated: 2312
	0  -  MemoryUsage of job (MB)
	0  -  ResidentSetSize of job (KB)
...
005 (4046621.1324.000) 03/15 20:24:40 Job terminated.
	(1) Normal termination (return value 1)
		Usr 0 00:00:00, Sys 0 00:00:00  -  Run Remote Usage
		Usr 0 00:00:00, Sys 0 00:00:00  -  Run Local Usage
		Usr 0 00:00:00, Sys 0 00:00:00  -  Total Remote Usage
		Usr 0 00:00:00, Sys 0 00:00:00  -  Total Local Usage
	0  -  Run Bytes Sent By Job
	0  -  Run Bytes Received By Job
	0  -  Total Bytes Sent By Job
	0  -  Total Bytes Received By Job
	Partitionable Resources :    Usage  Request Allocated
	   Cpus                 :                 1         1
	   Disk (KB)            :        2        2  20458262
	   Memory (MB)          :        0        1      4022
...
009 (4046621.1324.000) 03/15 20:24:43 Job was aborted by the user.
	via condor_rm (by user routray)
...
009 (4046621.1324.000) 03/15 20:25:01 Job was aborted by the user.
	via condor_rm (by user routray)
...
000 (4046640.1324.000) 03/15 21:06:37 Job submitted from host: <192.168.1.109:9618?addrs=192.168.1.109-9618+[--1]-9618&noUDP&sock=3153_969b_4>
...
001 (4046640.1324.000) 03/15 21:20:30 Job executing on host: <192.168.1.58:9618?addrs=192.168.1.58-9618+[--1]-9618&noUDP&sock=3319_c3bb_12>
...
006 (4046640.1324.000) 03/15 21:20:38 Image size of job updated: 38952
	38  -  MemoryUsage of job (MB)
	38556  -  ResidentSetSize of job (KB)
...
006 (4046640.1324.000) 03/15 21:23:28 Image size of job updated: 38952
	38  -  MemoryUsage of job (MB)
	38572  -  ResidentSetSize of job (KB)
...
005 (4046640.1324.000) 03/15 21:23:28 Job terminated.
	(1) Normal termination (return value 0)
		Usr 0 00:00:36, Sys 0 00:00:05  -  Run Remote Usage
		Usr 0 00:00:00, Sys 0 00:00:00  -  Run Local Usage
		Usr 0 00:00:36, Sys 0 00:00:05  -  Total Remote Usage
		Usr 0 00:00:00, Sys 0 00:00:00  -  Total Local Usage
	0  -  Run Bytes Sent By Job
	0  -  Run Bytes Received By Job
	0  -  Total Bytes Sent By Job
	0  -  Total Bytes Received By Job
	Partitionable Resources :    Usage  Request Allocated
	   Cpus                 :                 1         1
	   Disk (KB)            :        2        2  22659268
	   Memory (MB)          :       38        1      4001
...
000 (4046674.1324.000) 03/15 23:56:12 Job submitted from host: <192.168.1.109:9618?addrs=192.168.1.109-9618+[--1]-9618&noUDP&sock=3153_969b_4>
...
009 (4046674.1324.000) 03/16 00:49:28 Job was aborted by the user.
	via condor_rm (by user routray)
...
000 (4047692.1324.000) 03/16 09:41:57 Job submitted from host: <192.168.1.109:9618?addrs=192.168.1.109-9618+[--1]-9618&noUDP&sock=3153_969b_4>
...
001 (4047692.1324.000) 03/16 09:58:27 Job executing on host: <192.168.1.67:9618?addrs=192.168.1.67-9618+[--1]-9618&noUDP&sock=3517_344b_38>
...
006 (4047692.1324.000) 03/16 09:58:36 Image size of job updated: 118568
	91  -  MemoryUsage of job (MB)
	93052  -  ResidentSetSize of job (KB)
...
006 (4047692.1324.000) 03/16 10:03:37 Image size of job updated: 693300
	664  -  MemoryUsage of job (MB)
	679624  -  ResidentSetSize of job (KB)
...
006 (4047692.1324.000) 03/16 10:04:14 Image size of job updated: 1393628
	664  -  MemoryUsage of job (MB)
	679624  -  ResidentSetSize of job (KB)
...
005 (4047692.1324.000) 03/16 10:04:14 Job terminated.
	(1) Normal termination (return value 0)
		Usr 0 00:00:22, Sys 0 00:00:04  -  Run Remote Usage
		Usr 0 00:00:00, Sys 0 00:00:00  -  Run Local Usage
		Usr 0 00:00:22, Sys 0 00:00:04  -  Total Remote Usage
		Usr 0 00:00:00, Sys 0 00:00:00  -  Total Local Usage
	0  -  Run Bytes Sent By Job
	0  -  Run Bytes Received By Job
	0  -  Total Bytes Sent By Job
	0  -  Total Bytes Received By Job
	Partitionable Resources :    Usage  Request Allocated
	   Cpus                 :                 1         1
	   Disk (KB)            :        2        2  22682500
	   Memory (MB)          :      664        1      4015
...
000 (4047694.1324.000) 03/16 10:19:01 Job submitted from host: <192.168.1.109:9618?addrs=192.168.1.109-9618+[--1]-9618&noUDP&sock=3153_969b_4>
...
001 (4047694.1324.000) 03/16 10:20:36 Job executing on host: <192.168.1.45:9618?addrs=192.168.1.45-9618+[--1]-9618&noUDP&sock=3341_bd3f_3>
...
006 (4047694.1324.000) 03/16 10:20:37 Image size of job updated: 115172
	0  -  MemoryUsage of job (MB)
	0  -  ResidentSetSize of job (KB)
...
005 (4047694.1324.000) 03/16 10:20:41 Job terminated.
	(1) Normal termination (return value 1)
		Usr 0 00:00:00, Sys 0 00:00:00  -  Run Remote Usage
		Usr 0 00:00:00, Sys 0 00:00:00  -  Run Local Usage
		Usr 0 00:00:00, Sys 0 00:00:00  -  Total Remote Usage
		Usr 0 00:00:00, Sys 0 00:00:00  -  Total Local Usage
	0  -  Run Bytes Sent By Job
	0  -  Run Bytes Received By Job
	0  -  Total Bytes Sent By Job
	0  -  Total Bytes Received By Job
	Partitionable Resources :    Usage  Request Allocated
	   Cpus                 :                 1         1
	   Disk (KB)            :        2        2  20460088
	   Memory (MB)          :        0        1      4022
...
000 (4047695.1324.000) 03/16 10:31:39 Job submitted from host: <192.168.1.109:9618?addrs=192.168.1.109-9618+[--1]-9618&noUDP&sock=3153_969b_4>
...
001 (4047695.1324.000) 03/16 10:44:30 Job executing on host: <192.168.1.61:9618?addrs=192.168.1.61-9618+[--1]-9618&noUDP&sock=3335_bd3f_11>
...
006 (4047695.1324.000) 03/16 10:44:40 Image size of job updated: 25020
	25  -  MemoryUsage of job (MB)
	24712  -  ResidentSetSize of job (KB)
...
005 (4047695.1324.000) 03/16 10:48:42 Job terminated.
	(1) Normal termination (return value 0)
		Usr 0 00:00:38, Sys 0 00:00:05  -  Run Remote Usage
		Usr 0 00:00:00, Sys 0 00:00:00  -  Run Local Usage
		Usr 0 00:00:38, Sys 0 00:00:05  -  Total Remote Usage
		Usr 0 00:00:00, Sys 0 00:00:00  -  Total Local Usage
	0  -  Run Bytes Sent By Job
	0  -  Run Bytes Received By Job
	0  -  Total Bytes Sent By Job
	0  -  Total Bytes Received By Job
	Partitionable Resources :    Usage  Request Allocated
	   Cpus                 :                 1         1
	   Disk (KB)            :        2        2  22662097
	   Memory (MB)          :       25        1      4001
...
000 (4048296.1324.000) 03/16 11:27:09 Job submitted from host: <192.168.1.109:9618?addrs=192.168.1.109-9618+[--1]-9618&noUDP&sock=3153_969b_4>
...
009 (4048296.1324.000) 03/16 11:28:03 Job was aborted by the user.
	via condor_rm (by user routray)
...
