000 (4046621.1650.000) 03/15 20:22:30 Job submitted from host: <192.168.1.109:9618?addrs=192.168.1.109-9618+[--1]-9618&noUDP&sock=3153_969b_4>
...
009 (4046621.1650.000) 03/15 20:25:10 Job was aborted by the user.
	via condor_rm (by user routray)
...
000 (4046640.1650.000) 03/15 21:06:39 Job submitted from host: <192.168.1.109:9618?addrs=192.168.1.109-9618+[--1]-9618&noUDP&sock=3153_969b_4>
...
001 (4046640.1650.000) 03/15 21:21:20 Job executing on host: <192.168.1.43:9618?addrs=192.168.1.43-9618+[--1]-9618&noUDP&sock=3360_24bc_3>
...
006 (4046640.1650.000) 03/15 21:21:28 Image size of job updated: 36868
	36  -  MemoryUsage of job (MB)
	36816  -  ResidentSetSize of job (KB)
...
006 (4046640.1650.000) 03/15 21:26:28 Image size of job updated: 619292
	603  -  MemoryUsage of job (MB)
	617000  -  ResidentSetSize of job (KB)
...
006 (4046640.1650.000) 03/15 21:27:46 Image size of job updated: 1363768
	603  -  MemoryUsage of job (MB)
	617000  -  ResidentSetSize of job (KB)
...
005 (4046640.1650.000) 03/15 21:27:47 Job terminated.
	(1) Normal termination (return value 0)
		Usr 0 00:00:30, Sys 0 00:00:07  -  Run Remote Usage
		Usr 0 00:00:00, Sys 0 00:00:00  -  Run Local Usage
		Usr 0 00:00:30, Sys 0 00:00:07  -  Total Remote Usage
		Usr 0 00:00:00, Sys 0 00:00:00  -  Total Local Usage
	0  -  Run Bytes Sent By Job
	0  -  Run Bytes Received By Job
	0  -  Total Bytes Sent By Job
	0  -  Total Bytes Received By Job
	Partitionable Resources :    Usage  Request Allocated
	   Cpus                 :                 1         1
	   Disk (KB)            :        2        2  20458451
	   Memory (MB)          :      603        1      4022
...
000 (4046674.1650.000) 03/15 23:56:14 Job submitted from host: <192.168.1.109:9618?addrs=192.168.1.109-9618+[--1]-9618&noUDP&sock=3153_969b_4>
...
009 (4046674.1650.000) 03/16 00:49:30 Job was aborted by the user.
	via condor_rm (by user routray)
...
000 (4047692.1650.000) 03/16 09:42:00 Job submitted from host: <192.168.1.109:9618?addrs=192.168.1.109-9618+[--1]-9618&noUDP&sock=3153_969b_4>
...
001 (4047692.1650.000) 03/16 10:04:28 Job executing on host: <192.168.1.66:9618?addrs=192.168.1.66-9618+[--1]-9618&noUDP&sock=3560_0345_33>
...
006 (4047692.1650.000) 03/16 10:04:36 Image size of job updated: 47052
	46  -  MemoryUsage of job (MB)
	47052  -  ResidentSetSize of job (KB)
...
006 (4047692.1650.000) 03/16 10:09:36 Image size of job updated: 642812
	628  -  MemoryUsage of job (MB)
	642812  -  ResidentSetSize of job (KB)
...
006 (4047692.1650.000) 03/16 10:12:16 Image size of job updated: 643896
	628  -  MemoryUsage of job (MB)
	642820  -  ResidentSetSize of job (KB)
...
005 (4047692.1650.000) 03/16 10:12:16 Job terminated.
	(1) Normal termination (return value 0)
		Usr 0 00:00:23, Sys 0 00:00:04  -  Run Remote Usage
		Usr 0 00:00:00, Sys 0 00:00:00  -  Run Local Usage
		Usr 0 00:00:23, Sys 0 00:00:04  -  Total Remote Usage
		Usr 0 00:00:00, Sys 0 00:00:00  -  Total Local Usage
	0  -  Run Bytes Sent By Job
	0  -  Run Bytes Received By Job
	0  -  Total Bytes Sent By Job
	0  -  Total Bytes Received By Job
	Partitionable Resources :    Usage  Request Allocated
	   Cpus                 :                 1         1
	   Disk (KB)            :        2        2  22684277
	   Memory (MB)          :      628        1      4015
...
000 (4047694.1650.000) 03/16 10:19:03 Job submitted from host: <192.168.1.109:9618?addrs=192.168.1.109-9618+[--1]-9618&noUDP&sock=3153_969b_4>
...
001 (4047694.1650.000) 03/16 10:21:02 Job executing on host: <192.168.1.47:9618?addrs=192.168.1.47-9618+[--1]-9618&noUDP&sock=3245_a288_3>
...
006 (4047694.1650.000) 03/16 10:21:03 Image size of job updated: 1896
	0  -  MemoryUsage of job (MB)
	0  -  ResidentSetSize of job (KB)
...
005 (4047694.1650.000) 03/16 10:21:15 Job terminated.
	(1) Normal termination (return value 1)
		Usr 0 00:00:00, Sys 0 00:00:00  -  Run Remote Usage
		Usr 0 00:00:00, Sys 0 00:00:00  -  Run Local Usage
		Usr 0 00:00:00, Sys 0 00:00:00  -  Total Remote Usage
		Usr 0 00:00:00, Sys 0 00:00:00  -  Total Local Usage
	0  -  Run Bytes Sent By Job
	0  -  Run Bytes Received By Job
	0  -  Total Bytes Sent By Job
	0  -  Total Bytes Received By Job
	Partitionable Resources :    Usage  Request Allocated
	   Cpus                 :                 1         1
	   Disk (KB)            :        2        2  28493856
	   Memory (MB)          :        0        1      4020
...
000 (4047695.1650.000) 03/16 10:31:41 Job submitted from host: <192.168.1.109:9618?addrs=192.168.1.109-9618+[--1]-9618&noUDP&sock=3153_969b_4>
...
001 (4047695.1650.000) 03/16 10:45:02 Job executing on host: <192.168.1.44:9618?addrs=192.168.1.44-9618+[--1]-9618&noUDP&sock=3035_ca7b_3>
...
006 (4047695.1650.000) 03/16 10:45:10 Image size of job updated: 33040
	21  -  MemoryUsage of job (MB)
	21020  -  ResidentSetSize of job (KB)
...
006 (4047695.1650.000) 03/16 10:50:10 Image size of job updated: 605568
	585  -  MemoryUsage of job (MB)
	598132  -  ResidentSetSize of job (KB)
...
005 (4047695.1650.000) 03/16 10:51:16 Job terminated.
	(1) Normal termination (return value 0)
		Usr 0 00:00:28, Sys 0 00:00:07  -  Run Remote Usage
		Usr 0 00:00:00, Sys 0 00:00:00  -  Run Local Usage
		Usr 0 00:00:28, Sys 0 00:00:07  -  Total Remote Usage
		Usr 0 00:00:00, Sys 0 00:00:00  -  Total Local Usage
	0  -  Run Bytes Sent By Job
	0  -  Run Bytes Received By Job
	0  -  Total Bytes Sent By Job
	0  -  Total Bytes Received By Job
	Partitionable Resources :    Usage  Request Allocated
	   Cpus                 :                 1         1
	   Disk (KB)            :        2        2  20458817
	   Memory (MB)          :      585        1      4022
...
000 (4048296.1650.000) 03/16 11:27:11 Job submitted from host: <192.168.1.109:9618?addrs=192.168.1.109-9618+[--1]-9618&noUDP&sock=3153_969b_4>
...
009 (4048296.1650.000) 03/16 11:28:06 Job was aborted by the user.
	via condor_rm (by user routray)
...
