000 (4046621.1835.000) 03/15 20:22:31 Job submitted from host: <192.168.1.109:9618?addrs=192.168.1.109-9618+[--1]-9618&noUDP&sock=3153_969b_4>
...
009 (4046621.1835.000) 03/15 20:25:11 Job was aborted by the user.
	via condor_rm (by user routray)
...
000 (4046640.1835.000) 03/15 21:06:39 Job submitted from host: <192.168.1.109:9618?addrs=192.168.1.109-9618+[--1]-9618&noUDP&sock=3153_969b_4>
...
001 (4046640.1835.000) 03/15 21:21:35 Job executing on host: <192.168.1.45:9618?addrs=192.168.1.45-9618+[--1]-9618&noUDP&sock=3341_bd3f_3>
...
006 (4046640.1835.000) 03/15 21:21:44 Image size of job updated: 42164
	42  -  MemoryUsage of job (MB)
	42164  -  ResidentSetSize of job (KB)
...
006 (4046640.1835.000) 03/15 21:26:45 Image size of job updated: 667356
	648  -  MemoryUsage of job (MB)
	663120  -  ResidentSetSize of job (KB)
...
006 (4046640.1835.000) 03/15 21:27:51 Image size of job updated: 1363764
	648  -  MemoryUsage of job (MB)
	663120  -  ResidentSetSize of job (KB)
...
005 (4046640.1835.000) 03/15 21:27:53 Job terminated.
	(1) Normal termination (return value 0)
		Usr 0 00:00:30, Sys 0 00:00:07  -  Run Remote Usage
		Usr 0 00:00:00, Sys 0 00:00:00  -  Run Local Usage
		Usr 0 00:00:30, Sys 0 00:00:07  -  Total Remote Usage
		Usr 0 00:00:00, Sys 0 00:00:00  -  Total Local Usage
	0  -  Run Bytes Sent By Job
	0  -  Run Bytes Received By Job
	0  -  Total Bytes Sent By Job
	0  -  Total Bytes Received By Job
	Partitionable Resources :    Usage  Request Allocated
	   Cpus                 :                 1         1
	   Disk (KB)            :        2        2  20460088
	   Memory (MB)          :      648        1      4022
...
000 (4046674.1835.000) 03/15 23:56:14 Job submitted from host: <192.168.1.109:9618?addrs=192.168.1.109-9618+[--1]-9618&noUDP&sock=3153_969b_4>
...
009 (4046674.1835.000) 03/16 00:49:31 Job was aborted by the user.
	via condor_rm (by user routray)
...
000 (4047692.1835.000) 03/16 09:42:01 Job submitted from host: <192.168.1.109:9618?addrs=192.168.1.109-9618+[--1]-9618&noUDP&sock=3153_969b_4>
...
001 (4047692.1835.000) 03/16 10:04:50 Job executing on host: <192.168.1.40:9618?addrs=192.168.1.40-9618+[--1]-9618&noUDP&sock=3366_a17e_3>
...
006 (4047692.1835.000) 03/16 10:04:59 Image size of job updated: 115248
	112  -  MemoryUsage of job (MB)
	114616  -  ResidentSetSize of job (KB)
...
006 (4047692.1835.000) 03/16 10:10:00 Image size of job updated: 710448
	693  -  MemoryUsage of job (MB)
	709368  -  ResidentSetSize of job (KB)
...
005 (4047692.1835.000) 03/16 10:12:25 Job terminated.
	(1) Normal termination (return value 0)
		Usr 0 00:00:19, Sys 0 00:00:05  -  Run Remote Usage
		Usr 0 00:00:00, Sys 0 00:00:00  -  Run Local Usage
		Usr 0 00:00:19, Sys 0 00:00:05  -  Total Remote Usage
		Usr 0 00:00:00, Sys 0 00:00:00  -  Total Local Usage
	0  -  Run Bytes Sent By Job
	0  -  Run Bytes Received By Job
	0  -  Total Bytes Sent By Job
	0  -  Total Bytes Received By Job
	Partitionable Resources :    Usage  Request Allocated
	   Cpus                 :                 1         1
	   Disk (KB)            :        2        2  20457847
	   Memory (MB)          :      693        1      4022
...
000 (4047694.1835.000) 03/16 10:19:04 Job submitted from host: <192.168.1.109:9618?addrs=192.168.1.109-9618+[--1]-9618&noUDP&sock=3153_969b_4>
...
001 (4047694.1835.000) 03/16 10:21:17 Job executing on host: <192.168.1.51:9618?addrs=192.168.1.51-9618+[--1]-9618&noUDP&sock=3125_b25b_3>
...
006 (4047694.1835.000) 03/16 10:21:18 Image size of job updated: 1040
	0  -  MemoryUsage of job (MB)
	0  -  ResidentSetSize of job (KB)
...
005 (4047694.1835.000) 03/16 10:21:29 Job terminated.
	(1) Normal termination (return value 1)
		Usr 0 00:00:00, Sys 0 00:00:00  -  Run Remote Usage
		Usr 0 00:00:00, Sys 0 00:00:00  -  Run Local Usage
		Usr 0 00:00:00, Sys 0 00:00:00  -  Total Remote Usage
		Usr 0 00:00:00, Sys 0 00:00:00  -  Total Local Usage
	0  -  Run Bytes Sent By Job
	0  -  Run Bytes Received By Job
	0  -  Total Bytes Sent By Job
	0  -  Total Bytes Received By Job
	Partitionable Resources :    Usage  Request Allocated
	   Cpus                 :                 1         1
	   Disk (KB)            :        2        2  28494197
	   Memory (MB)          :        0        1      4020
...
000 (4047695.1835.000) 03/16 10:31:42 Job submitted from host: <192.168.1.109:9618?addrs=192.168.1.109-9618+[--1]-9618&noUDP&sock=3153_969b_4>
...
001 (4047695.1835.000) 03/16 10:45:19 Job executing on host: <192.168.1.41:9618?addrs=192.168.1.41-9618+[--1]-9618&noUDP&sock=3368_a17e_3>
...
006 (4047695.1835.000) 03/16 10:45:28 Image size of job updated: 48600
	48  -  MemoryUsage of job (MB)
	48504  -  ResidentSetSize of job (KB)
...
006 (4047695.1835.000) 03/16 10:50:29 Image size of job updated: 685236
	664  -  MemoryUsage of job (MB)
	679592  -  ResidentSetSize of job (KB)
...
005 (4047695.1835.000) 03/16 10:51:16 Job terminated.
	(1) Normal termination (return value 0)
		Usr 0 00:00:26, Sys 0 00:00:05  -  Run Remote Usage
		Usr 0 00:00:00, Sys 0 00:00:00  -  Run Local Usage
		Usr 0 00:00:26, Sys 0 00:00:05  -  Total Remote Usage
		Usr 0 00:00:00, Sys 0 00:00:00  -  Total Local Usage
	0  -  Run Bytes Sent By Job
	0  -  Run Bytes Received By Job
	0  -  Total Bytes Sent By Job
	0  -  Total Bytes Received By Job
	Partitionable Resources :    Usage  Request Allocated
	   Cpus                 :                 1         1
	   Disk (KB)            :        2        2  20458618
	   Memory (MB)          :      664        1      4022
...
000 (4048296.1835.000) 03/16 11:27:12 Job submitted from host: <192.168.1.109:9618?addrs=192.168.1.109-9618+[--1]-9618&noUDP&sock=3153_969b_4>
...
009 (4048296.1835.000) 03/16 11:28:07 Job was aborted by the user.
	via condor_rm (by user routray)
...
