000 (4046621.2847.000) 03/15 20:22:40 Job submitted from host: <192.168.1.109:9618?addrs=192.168.1.109-9618+[--1]-9618&noUDP&sock=3153_969b_4>
...
009 (4046621.2847.000) 03/15 20:25:18 Job was aborted by the user.
	via condor_rm (by user routray)
...
000 (4046640.2847.000) 03/15 21:06:44 Job submitted from host: <192.168.1.109:9618?addrs=192.168.1.109-9618+[--1]-9618&noUDP&sock=3153_969b_4>
...
001 (4046640.2847.000) 03/15 21:34:02 Job executing on host: <192.168.1.47:9618?addrs=192.168.1.47-9618+[--1]-9618&noUDP&sock=3245_a288_3>
...
006 (4046640.2847.000) 03/15 21:34:11 Image size of job updated: 39044
	39  -  MemoryUsage of job (MB)
	39044  -  ResidentSetSize of job (KB)
...
006 (4046640.2847.000) 03/15 21:37:17 Image size of job updated: 39044
	39  -  MemoryUsage of job (MB)
	39080  -  ResidentSetSize of job (KB)
...
005 (4046640.2847.000) 03/15 21:37:17 Job terminated.
	(1) Normal termination (return value 0)
		Usr 0 00:00:29, Sys 0 00:00:06  -  Run Remote Usage
		Usr 0 00:00:00, Sys 0 00:00:00  -  Run Local Usage
		Usr 0 00:00:29, Sys 0 00:00:06  -  Total Remote Usage
		Usr 0 00:00:00, Sys 0 00:00:00  -  Total Local Usage
	0  -  Run Bytes Sent By Job
	0  -  Run Bytes Received By Job
	0  -  Total Bytes Sent By Job
	0  -  Total Bytes Received By Job
	Partitionable Resources :    Usage  Request Allocated
	   Cpus                 :                 1         1
	   Disk (KB)            :        2        2  28493856
	   Memory (MB)          :       39        1      4020
...
