000 (4046621.1385.000) 03/15 20:22:27 Job submitted from host: <192.168.1.109:9618?addrs=192.168.1.109-9618+[--1]-9618&noUDP&sock=3153_969b_4>
...
001 (4046621.1385.000) 03/15 20:24:39 Job executing on host: <192.168.1.62:9618?addrs=192.168.1.62-9618+[--1]-9618&noUDP&sock=2992_c8ab_24>
...
006 (4046621.1385.000) 03/15 20:24:40 Image size of job updated: 2
	0  -  MemoryUsage of job (MB)
	0  -  ResidentSetSize of job (KB)
...
005 (4046621.1385.000) 03/15 20:24:43 Job terminated.
	(1) Normal termination (return value 1)
		Usr 0 00:00:00, Sys 0 00:00:00  -  Run Remote Usage
		Usr 0 00:00:00, Sys 0 00:00:00  -  Run Local Usage
		Usr 0 00:00:00, Sys 0 00:00:00  -  Total Remote Usage
		Usr 0 00:00:00, Sys 0 00:00:00  -  Total Local Usage
	0  -  Run Bytes Sent By Job
	0  -  Run Bytes Received By Job
	0  -  Total Bytes Sent By Job
	0  -  Total Bytes Received By Job
	Partitionable Resources :    Usage  Request Allocated
	   Cpus                 :                 1         1
	   Disk (KB)            :        2        2  22663505
	   Memory (MB)          :        0        1      4001
...
009 (4046621.1385.000) 03/15 20:24:46 Job was aborted by the user.
	via condor_rm (by user routray)
...
009 (4046621.1385.000) 03/15 20:25:04 Job was aborted by the user.
	via condor_rm (by user routray)
...
000 (4046640.1385.000) 03/15 21:06:37 Job submitted from host: <192.168.1.109:9618?addrs=192.168.1.109-9618+[--1]-9618&noUDP&sock=3153_969b_4>
...
001 (4046640.1385.000) 03/15 21:20:49 Job executing on host: <192.168.1.66:9618?addrs=192.168.1.66-9618+[--1]-9618&noUDP&sock=3560_0345_33>
...
006 (4046640.1385.000) 03/15 21:20:58 Image size of job updated: 37796
	37  -  MemoryUsage of job (MB)
	37732  -  ResidentSetSize of job (KB)
...
006 (4046640.1385.000) 03/15 21:25:59 Image size of job updated: 690708
	672  -  MemoryUsage of job (MB)
	687532  -  ResidentSetSize of job (KB)
...
005 (4046640.1385.000) 03/15 21:26:58 Job terminated.
	(1) Normal termination (return value 0)
		Usr 0 00:00:42, Sys 0 00:00:06  -  Run Remote Usage
		Usr 0 00:00:00, Sys 0 00:00:00  -  Run Local Usage
		Usr 0 00:00:42, Sys 0 00:00:06  -  Total Remote Usage
		Usr 0 00:00:00, Sys 0 00:00:00  -  Total Local Usage
	0  -  Run Bytes Sent By Job
	0  -  Run Bytes Received By Job
	0  -  Total Bytes Sent By Job
	0  -  Total Bytes Received By Job
	Partitionable Resources :    Usage  Request Allocated
	   Cpus                 :                 1         1
	   Disk (KB)            :        2        2  22684277
	   Memory (MB)          :      672        1      4015
...
000 (4046674.1385.000) 03/15 23:56:13 Job submitted from host: <192.168.1.109:9618?addrs=192.168.1.109-9618+[--1]-9618&noUDP&sock=3153_969b_4>
...
009 (4046674.1385.000) 03/16 00:49:28 Job was aborted by the user.
	via condor_rm (by user routray)
...
000 (4047692.1385.000) 03/16 09:41:58 Job submitted from host: <192.168.1.109:9618?addrs=192.168.1.109-9618+[--1]-9618&noUDP&sock=3153_969b_4>
...
001 (4047692.1385.000) 03/16 10:03:37 Job executing on host: <192.168.1.64:9618?addrs=192.168.1.64-9618+[--1]-9618&noUDP&sock=3497_7c66_22>
...
006 (4047692.1385.000) 03/16 10:03:46 Image size of job updated: 63760
	47  -  MemoryUsage of job (MB)
	47988  -  ResidentSetSize of job (KB)
...
006 (4047692.1385.000) 03/16 10:06:27 Image size of job updated: 724172
	47  -  MemoryUsage of job (MB)
	48004  -  ResidentSetSize of job (KB)
...
005 (4047692.1385.000) 03/16 10:06:27 Job terminated.
	(1) Normal termination (return value 0)
		Usr 0 00:00:21, Sys 0 00:00:04  -  Run Remote Usage
		Usr 0 00:00:00, Sys 0 00:00:00  -  Run Local Usage
		Usr 0 00:00:21, Sys 0 00:00:04  -  Total Remote Usage
		Usr 0 00:00:00, Sys 0 00:00:00  -  Total Local Usage
	0  -  Run Bytes Sent By Job
	0  -  Run Bytes Received By Job
	0  -  Total Bytes Sent By Job
	0  -  Total Bytes Received By Job
	Partitionable Resources :    Usage  Request Allocated
	   Cpus                 :                 1         1
	   Disk (KB)            :        2        2  22685211
	   Memory (MB)          :       47        1      4015
...
000 (4047694.1385.000) 03/16 10:19:01 Job submitted from host: <192.168.1.109:9618?addrs=192.168.1.109-9618+[--1]-9618&noUDP&sock=3153_969b_4>
...
001 (4047694.1385.000) 03/16 10:20:40 Job executing on host: <192.168.1.42:9618?addrs=192.168.1.42-9618+[--1]-9618&noUDP&sock=3360_3385_3>
...
006 (4047694.1385.000) 03/16 10:20:41 Image size of job updated: 125664
	0  -  MemoryUsage of job (MB)
	0  -  ResidentSetSize of job (KB)
...
005 (4047694.1385.000) 03/16 10:22:49 Job terminated.
	(1) Normal termination (return value 1)
		Usr 0 00:00:00, Sys 0 00:00:00  -  Run Remote Usage
		Usr 0 00:00:00, Sys 0 00:00:00  -  Run Local Usage
		Usr 0 00:00:00, Sys 0 00:00:00  -  Total Remote Usage
		Usr 0 00:00:00, Sys 0 00:00:00  -  Total Local Usage
	0  -  Run Bytes Sent By Job
	0  -  Run Bytes Received By Job
	0  -  Total Bytes Sent By Job
	0  -  Total Bytes Received By Job
	Partitionable Resources :    Usage  Request Allocated
	   Cpus                 :                 1         1
	   Disk (KB)            :        2        2  20458262
	   Memory (MB)          :        0        1      4022
...
000 (4047695.1385.000) 03/16 10:31:39 Job submitted from host: <192.168.1.109:9618?addrs=192.168.1.109-9618+[--1]-9618&noUDP&sock=3153_969b_4>
...
001 (4047695.1385.000) 03/16 10:44:35 Job executing on host: <192.168.1.51:9618?addrs=192.168.1.51-9618+[--1]-9618&noUDP&sock=3125_b25b_3>
...
006 (4047695.1385.000) 03/16 10:44:43 Image size of job updated: 18304
	18  -  MemoryUsage of job (MB)
	18284  -  ResidentSetSize of job (KB)
...
006 (4047695.1385.000) 03/16 10:49:43 Image size of job updated: 649208
	634  -  MemoryUsage of job (MB)
	648352  -  ResidentSetSize of job (KB)
...
005 (4047695.1385.000) 03/16 10:50:54 Job terminated.
	(1) Normal termination (return value 0)
		Usr 0 00:00:29, Sys 0 00:00:05  -  Run Remote Usage
		Usr 0 00:00:00, Sys 0 00:00:00  -  Run Local Usage
		Usr 0 00:00:29, Sys 0 00:00:05  -  Total Remote Usage
		Usr 0 00:00:00, Sys 0 00:00:00  -  Total Local Usage
	0  -  Run Bytes Sent By Job
	0  -  Run Bytes Received By Job
	0  -  Total Bytes Sent By Job
	0  -  Total Bytes Received By Job
	Partitionable Resources :    Usage  Request Allocated
	   Cpus                 :                 1         1
	   Disk (KB)            :        2        2  28494197
	   Memory (MB)          :      634        1      4020
...
000 (4048296.1385.000) 03/16 11:27:10 Job submitted from host: <192.168.1.109:9618?addrs=192.168.1.109-9618+[--1]-9618&noUDP&sock=3153_969b_4>
...
009 (4048296.1385.000) 03/16 11:28:04 Job was aborted by the user.
	via condor_rm (by user routray)
...
