000 (4046621.524.000) 03/15 20:22:18 Job submitted from host: <192.168.1.109:9618?addrs=192.168.1.109-9618+[--1]-9618&noUDP&sock=3153_969b_4>
...
009 (4046621.524.000) 03/15 20:24:54 Job was aborted by the user.
	via condor_rm (by user routray)
...
000 (4046640.524.000) 03/15 21:06:34 Job submitted from host: <192.168.1.109:9618?addrs=192.168.1.109-9618+[--1]-9618&noUDP&sock=3153_969b_4>
...
001 (4046640.524.000) 03/15 21:07:36 Job executing on host: <192.168.1.67:9618?addrs=192.168.1.67-9618+[--1]-9618&noUDP&sock=3517_344b_38>
...
006 (4046640.524.000) 03/15 21:07:45 Image size of job updated: 54144
	53  -  MemoryUsage of job (MB)
	54020  -  ResidentSetSize of job (KB)
...
006 (4046640.524.000) 03/15 21:12:46 Image size of job updated: 696468
	680  -  MemoryUsage of job (MB)
	696004  -  ResidentSetSize of job (KB)
...
005 (4046640.524.000) 03/15 21:13:53 Job terminated.
	(1) Normal termination (return value 0)
		Usr 0 00:00:45, Sys 0 00:00:06  -  Run Remote Usage
		Usr 0 00:00:00, Sys 0 00:00:00  -  Run Local Usage
		Usr 0 00:00:45, Sys 0 00:00:06  -  Total Remote Usage
		Usr 0 00:00:00, Sys 0 00:00:00  -  Total Local Usage
	0  -  Run Bytes Sent By Job
	0  -  Run Bytes Received By Job
	0  -  Total Bytes Sent By Job
	0  -  Total Bytes Received By Job
	Partitionable Resources :    Usage  Request Allocated
	   Cpus                 :                 1         1
	   Disk (KB)            :        2        2  22682500
	   Memory (MB)          :      680        1      4015
...
000 (4046671.524.000) 03/15 22:27:46 Job submitted from host: <192.168.1.109:9618?addrs=192.168.1.109-9618+[--1]-9618&noUDP&sock=3153_969b_4>
...
001 (4046671.524.000) 03/15 22:29:17 Job executing on host: <192.168.1.63:9618?addrs=192.168.1.63-9618+[--1]-9618&noUDP&sock=3501_ea5f_33>
...
006 (4046671.524.000) 03/15 22:29:26 Image size of job updated: 95316
	90  -  MemoryUsage of job (MB)
	91800  -  ResidentSetSize of job (KB)
...
006 (4046671.524.000) 03/15 22:34:27 Image size of job updated: 783324
	751  -  MemoryUsage of job (MB)
	768844  -  ResidentSetSize of job (KB)
...
005 (4046671.524.000) 03/15 22:36:09 Job terminated.
	(1) Normal termination (return value 0)
		Usr 0 00:00:33, Sys 0 00:00:05  -  Run Remote Usage
		Usr 0 00:00:00, Sys 0 00:00:00  -  Run Local Usage
		Usr 0 00:00:33, Sys 0 00:00:05  -  Total Remote Usage
		Usr 0 00:00:00, Sys 0 00:00:00  -  Total Local Usage
	0  -  Run Bytes Sent By Job
	0  -  Run Bytes Received By Job
	0  -  Total Bytes Sent By Job
	0  -  Total Bytes Received By Job
	Partitionable Resources :    Usage  Request Allocated
	   Cpus                 :                 1         1
	   Disk (KB)            :        2        2  22685400
	   Memory (MB)          :      751        1      4015
...
000 (4046674.524.000) 03/15 23:56:09 Job submitted from host: <192.168.1.109:9618?addrs=192.168.1.109-9618+[--1]-9618&noUDP&sock=3153_969b_4>
...
009 (4046674.524.000) 03/16 00:49:23 Job was aborted by the user.
	via condor_rm (by user routray)
...
000 (4047692.524.000) 03/16 09:41:50 Job submitted from host: <192.168.1.109:9618?addrs=192.168.1.109-9618+[--1]-9618&noUDP&sock=3153_969b_4>
...
001 (4047692.524.000) 03/16 09:42:41 Job executing on host: <192.168.1.50:9618?addrs=192.168.1.50-9618+[--1]-9618&noUDP&sock=3247_5221_3>
...
006 (4047692.524.000) 03/16 09:42:50 Image size of job updated: 72796
	65  -  MemoryUsage of job (MB)
	65568  -  ResidentSetSize of job (KB)
...
006 (4047692.524.000) 03/16 09:47:51 Image size of job updated: 481816
	465  -  MemoryUsage of job (MB)
	475992  -  ResidentSetSize of job (KB)
...
006 (4047692.524.000) 03/16 09:52:51 Image size of job updated: 720100
	698  -  MemoryUsage of job (MB)
	714204  -  ResidentSetSize of job (KB)
...
006 (4047692.524.000) 03/16 09:54:35 Image size of job updated: 1393636
	698  -  MemoryUsage of job (MB)
	714204  -  ResidentSetSize of job (KB)
...
005 (4047692.524.000) 03/16 09:54:35 Job terminated.
	(1) Normal termination (return value 0)
		Usr 0 00:00:20, Sys 0 00:00:06  -  Run Remote Usage
		Usr 0 00:00:00, Sys 0 00:00:00  -  Run Local Usage
		Usr 0 00:00:20, Sys 0 00:00:06  -  Total Remote Usage
		Usr 0 00:00:00, Sys 0 00:00:00  -  Total Local Usage
	0  -  Run Bytes Sent By Job
	0  -  Run Bytes Received By Job
	0  -  Total Bytes Sent By Job
	0  -  Total Bytes Received By Job
	Partitionable Resources :    Usage  Request Allocated
	   Cpus                 :                 1         1
	   Disk (KB)            :        2        2  28493273
	   Memory (MB)          :      698        1      4020
...
000 (4047694.524.000) 03/16 10:18:56 Job submitted from host: <192.168.1.109:9618?addrs=192.168.1.109-9618+[--1]-9618&noUDP&sock=3153_969b_4>
...
001 (4047694.524.000) 03/16 10:19:52 Job executing on host: <192.168.1.45:9618?addrs=192.168.1.45-9618+[--1]-9618&noUDP&sock=3341_bd3f_3>
...
006 (4047694.524.000) 03/16 10:19:53 Image size of job updated: 1196
	0  -  MemoryUsage of job (MB)
	0  -  ResidentSetSize of job (KB)
...
005 (4047694.524.000) 03/16 10:19:59 Job terminated.
	(1) Normal termination (return value 1)
		Usr 0 00:00:00, Sys 0 00:00:00  -  Run Remote Usage
		Usr 0 00:00:00, Sys 0 00:00:00  -  Run Local Usage
		Usr 0 00:00:00, Sys 0 00:00:00  -  Total Remote Usage
		Usr 0 00:00:00, Sys 0 00:00:00  -  Total Local Usage
	0  -  Run Bytes Sent By Job
	0  -  Run Bytes Received By Job
	0  -  Total Bytes Sent By Job
	0  -  Total Bytes Received By Job
	Partitionable Resources :    Usage  Request Allocated
	   Cpus                 :                 1         1
	   Disk (KB)            :        2        2  20460088
	   Memory (MB)          :        0        1      4022
...
000 (4047695.524.000) 03/16 10:31:35 Job submitted from host: <192.168.1.109:9618?addrs=192.168.1.109-9618+[--1]-9618&noUDP&sock=3153_969b_4>
...
001 (4047695.524.000) 03/16 10:32:34 Job executing on host: <192.168.1.50:9618?addrs=192.168.1.50-9618+[--1]-9618&noUDP&sock=3247_5221_3>
...
006 (4047695.524.000) 03/16 10:32:42 Image size of job updated: 56744
	56  -  MemoryUsage of job (MB)
	56700  -  ResidentSetSize of job (KB)
...
006 (4047695.524.000) 03/16 10:37:42 Image size of job updated: 706936
	691  -  MemoryUsage of job (MB)
	706756  -  ResidentSetSize of job (KB)
...
006 (4047695.524.000) 03/16 10:38:31 Image size of job updated: 1363772
	691  -  MemoryUsage of job (MB)
	706756  -  ResidentSetSize of job (KB)
...
005 (4047695.524.000) 03/16 10:38:31 Job terminated.
	(1) Normal termination (return value 0)
		Usr 0 00:00:24, Sys 0 00:00:05  -  Run Remote Usage
		Usr 0 00:00:00, Sys 0 00:00:00  -  Run Local Usage
		Usr 0 00:00:24, Sys 0 00:00:05  -  Total Remote Usage
		Usr 0 00:00:00, Sys 0 00:00:00  -  Total Local Usage
	0  -  Run Bytes Sent By Job
	0  -  Run Bytes Received By Job
	0  -  Total Bytes Sent By Job
	0  -  Total Bytes Received By Job
	Partitionable Resources :    Usage  Request Allocated
	   Cpus                 :                 1         1
	   Disk (KB)            :        2        2  28493273
	   Memory (MB)          :      691        1      4020
...
000 (4048296.524.000) 03/16 11:27:05 Job submitted from host: <192.168.1.109:9618?addrs=192.168.1.109-9618+[--1]-9618&noUDP&sock=3153_969b_4>
...
009 (4048296.524.000) 03/16 11:27:57 Job was aborted by the user.
	via condor_rm (by user routray)
...
000 (4048297.524.000) 03/16 11:29:02 Job submitted from host: <192.168.1.109:9618?addrs=192.168.1.109-9618+[--1]-9618&noUDP&sock=3153_969b_4>
...
009 (4048297.524.000) 03/16 11:30:12 Job was aborted by the user.
	via condor_rm (by user routray)
...
