000 (4046621.787.000) 03/15 20:22:21 Job submitted from host: <192.168.1.109:9618?addrs=192.168.1.109-9618+[--1]-9618&noUDP&sock=3153_969b_4>
...
001 (4046621.787.000) 03/15 20:23:48 Job executing on host: <192.168.1.50:9618?addrs=192.168.1.50-9618+[--1]-9618&noUDP&sock=3247_5221_3>
...
006 (4046621.787.000) 03/15 20:23:49 Image size of job updated: 47812
	0  -  MemoryUsage of job (MB)
	0  -  ResidentSetSize of job (KB)
...
005 (4046621.787.000) 03/15 20:23:54 Job terminated.
	(1) Normal termination (return value 1)
		Usr 0 00:00:00, Sys 0 00:00:00  -  Run Remote Usage
		Usr 0 00:00:00, Sys 0 00:00:00  -  Run Local Usage
		Usr 0 00:00:00, Sys 0 00:00:00  -  Total Remote Usage
		Usr 0 00:00:00, Sys 0 00:00:00  -  Total Local Usage
	0  -  Run Bytes Sent By Job
	0  -  Run Bytes Received By Job
	0  -  Total Bytes Sent By Job
	0  -  Total Bytes Received By Job
	Partitionable Resources :    Usage  Request Allocated
	   Cpus                 :                 1         1
	   Disk (KB)            :        2        2  28493273
	   Memory (MB)          :        0        1      4020
...
000 (4046640.787.000) 03/15 21:06:35 Job submitted from host: <192.168.1.109:9618?addrs=192.168.1.109-9618+[--1]-9618&noUDP&sock=3153_969b_4>
...
001 (4046640.787.000) 03/15 21:13:53 Job executing on host: <192.168.1.63:9618?addrs=192.168.1.63-9618+[--1]-9618&noUDP&sock=3501_ea5f_33>
...
006 (4046640.787.000) 03/15 21:14:01 Image size of job updated: 19668
	20  -  MemoryUsage of job (MB)
	19648  -  ResidentSetSize of job (KB)
...
006 (4046640.787.000) 03/15 21:19:01 Image size of job updated: 553020
	522  -  MemoryUsage of job (MB)
	533520  -  ResidentSetSize of job (KB)
...
006 (4046640.787.000) 03/15 21:20:45 Image size of job updated: 766548
	522  -  MemoryUsage of job (MB)
	533520  -  ResidentSetSize of job (KB)
...
005 (4046640.787.000) 03/15 21:20:45 Job terminated.
	(1) Normal termination (return value 0)
		Usr 0 00:00:46, Sys 0 00:00:07  -  Run Remote Usage
		Usr 0 00:00:00, Sys 0 00:00:00  -  Run Local Usage
		Usr 0 00:00:46, Sys 0 00:00:07  -  Total Remote Usage
		Usr 0 00:00:00, Sys 0 00:00:00  -  Total Local Usage
	0  -  Run Bytes Sent By Job
	0  -  Run Bytes Received By Job
	0  -  Total Bytes Sent By Job
	0  -  Total Bytes Received By Job
	Partitionable Resources :    Usage  Request Allocated
	   Cpus                 :                 1         1
	   Disk (KB)            :        2        2  22685399
	   Memory (MB)          :      522        1      4015
...
000 (4046671.787.000) 03/15 22:27:48 Job submitted from host: <192.168.1.109:9618?addrs=192.168.1.109-9618+[--1]-9618&noUDP&sock=3153_969b_4>
...
001 (4046671.787.000) 03/15 22:37:39 Job executing on host: <192.168.1.51:9618?addrs=192.168.1.51-9618+[--1]-9618&noUDP&sock=3125_b25b_3>
...
006 (4046671.787.000) 03/15 22:37:47 Image size of job updated: 27568
	27  -  MemoryUsage of job (MB)
	27568  -  ResidentSetSize of job (KB)
...
006 (4046671.787.000) 03/15 22:40:39 Image size of job updated: 29528
	27  -  MemoryUsage of job (MB)
	27568  -  ResidentSetSize of job (KB)
...
005 (4046671.787.000) 03/15 22:40:39 Job terminated.
	(1) Normal termination (return value 0)
		Usr 0 00:00:26, Sys 0 00:00:06  -  Run Remote Usage
		Usr 0 00:00:00, Sys 0 00:00:00  -  Run Local Usage
		Usr 0 00:00:26, Sys 0 00:00:06  -  Total Remote Usage
		Usr 0 00:00:00, Sys 0 00:00:00  -  Total Local Usage
	0  -  Run Bytes Sent By Job
	0  -  Run Bytes Received By Job
	0  -  Total Bytes Sent By Job
	0  -  Total Bytes Received By Job
	Partitionable Resources :    Usage  Request Allocated
	   Cpus                 :                 1         1
	   Disk (KB)            :        2        2  28494197
	   Memory (MB)          :       27        1      4020
...
000 (4046674.787.000) 03/15 23:56:10 Job submitted from host: <192.168.1.109:9618?addrs=192.168.1.109-9618+[--1]-9618&noUDP&sock=3153_969b_4>
...
009 (4046674.787.000) 03/16 00:49:24 Job was aborted by the user.
	via condor_rm (by user routray)
...
000 (4047692.787.000) 03/16 09:41:53 Job submitted from host: <192.168.1.109:9618?addrs=192.168.1.109-9618+[--1]-9618&noUDP&sock=3153_969b_4>
...
001 (4047692.787.000) 03/16 09:54:42 Job executing on host: <192.168.1.46:9618?addrs=192.168.1.46-9618+[--1]-9618&noUDP&sock=3272_2797_3>
...
006 (4047692.787.000) 03/16 09:54:51 Image size of job updated: 25656
	26  -  MemoryUsage of job (MB)
	25656  -  ResidentSetSize of job (KB)
...
006 (4047692.787.000) 03/16 09:59:52 Image size of job updated: 629352
	615  -  MemoryUsage of job (MB)
	629352  -  ResidentSetSize of job (KB)
...
005 (4047692.787.000) 03/16 10:03:37 Job terminated.
	(1) Normal termination (return value 0)
		Usr 0 00:00:18, Sys 0 00:00:04  -  Run Remote Usage
		Usr 0 00:00:00, Sys 0 00:00:00  -  Run Local Usage
		Usr 0 00:00:18, Sys 0 00:00:04  -  Total Remote Usage
		Usr 0 00:00:00, Sys 0 00:00:00  -  Total Local Usage
	0  -  Run Bytes Sent By Job
	0  -  Run Bytes Received By Job
	0  -  Total Bytes Sent By Job
	0  -  Total Bytes Received By Job
	Partitionable Resources :    Usage  Request Allocated
	   Cpus                 :                 1         1
	   Disk (KB)            :        2        2  20459164
	   Memory (MB)          :      615        1      4022
...
000 (4047694.787.000) 03/16 10:18:57 Job submitted from host: <192.168.1.109:9618?addrs=192.168.1.109-9618+[--1]-9618&noUDP&sock=3153_969b_4>
...
001 (4047694.787.000) 03/16 10:21:44 Job executing on host: <192.168.1.44:9618?addrs=192.168.1.44-9618+[--1]-9618&noUDP&sock=3035_ca7b_3>
...
006 (4047694.787.000) 03/16 10:21:45 Image size of job updated: 840
	0  -  MemoryUsage of job (MB)
	0  -  ResidentSetSize of job (KB)
...
005 (4047694.787.000) 03/16 10:22:49 Job terminated.
	(1) Normal termination (return value 1)
		Usr 0 00:00:00, Sys 0 00:00:00  -  Run Remote Usage
		Usr 0 00:00:00, Sys 0 00:00:00  -  Run Local Usage
		Usr 0 00:00:00, Sys 0 00:00:00  -  Total Remote Usage
		Usr 0 00:00:00, Sys 0 00:00:00  -  Total Local Usage
	0  -  Run Bytes Sent By Job
	0  -  Run Bytes Received By Job
	0  -  Total Bytes Sent By Job
	0  -  Total Bytes Received By Job
	Partitionable Resources :    Usage  Request Allocated
	   Cpus                 :                 1         1
	   Disk (KB)            :        2        2  20458817
	   Memory (MB)          :        0        1      4022
...
000 (4047695.787.000) 03/16 10:31:37 Job submitted from host: <192.168.1.109:9618?addrs=192.168.1.109-9618+[--1]-9618&noUDP&sock=3153_969b_4>
...
001 (4047695.787.000) 03/16 10:38:14 Job executing on host: <192.168.1.67:9618?addrs=192.168.1.67-9618+[--1]-9618&noUDP&sock=3517_344b_38>
...
006 (4047695.787.000) 03/16 10:38:23 Image size of job updated: 21376
	21  -  MemoryUsage of job (MB)
	21028  -  ResidentSetSize of job (KB)
...
006 (4047695.787.000) 03/16 10:43:24 Image size of job updated: 676176
	651  -  MemoryUsage of job (MB)
	666080  -  ResidentSetSize of job (KB)
...
005 (4047695.787.000) 03/16 10:44:30 Job terminated.
	(1) Normal termination (return value 0)
		Usr 0 00:00:37, Sys 0 00:00:05  -  Run Remote Usage
		Usr 0 00:00:00, Sys 0 00:00:00  -  Run Local Usage
		Usr 0 00:00:37, Sys 0 00:00:05  -  Total Remote Usage
		Usr 0 00:00:00, Sys 0 00:00:00  -  Total Local Usage
	0  -  Run Bytes Sent By Job
	0  -  Run Bytes Received By Job
	0  -  Total Bytes Sent By Job
	0  -  Total Bytes Received By Job
	Partitionable Resources :    Usage  Request Allocated
	   Cpus                 :                 1         1
	   Disk (KB)            :        2        2  22682500
	   Memory (MB)          :      651        1      4015
...
000 (4048296.787.000) 03/16 11:27:06 Job submitted from host: <192.168.1.109:9618?addrs=192.168.1.109-9618+[--1]-9618&noUDP&sock=3153_969b_4>
...
009 (4048296.787.000) 03/16 11:27:59 Job was aborted by the user.
	via condor_rm (by user routray)
...
000 (4048297.787.000) 03/16 11:29:03 Job submitted from host: <192.168.1.109:9618?addrs=192.168.1.109-9618+[--1]-9618&noUDP&sock=3153_969b_4>
...
009 (4048297.787.000) 03/16 11:30:14 Job was aborted by the user.
	via condor_rm (by user routray)
...
