000 (4046621.076.000) 03/15 20:22:13 Job submitted from host: <192.168.1.109:9618?addrs=192.168.1.109-9618+[--1]-9618&noUDP&sock=3153_969b_4>
...
001 (4046621.076.000) 03/15 20:23:21 Job executing on host: <192.168.1.40:9618?addrs=192.168.1.40-9618+[--1]-9618&noUDP&sock=3366_a17e_3>
...
006 (4046621.076.000) 03/15 20:23:29 Image size of job updated: 2920
	3  -  MemoryUsage of job (MB)
	2920  -  ResidentSetSize of job (KB)
...
006 (4046621.076.000) 03/15 20:23:32 Image size of job updated: 10404
	4  -  MemoryUsage of job (MB)
	3152  -  ResidentSetSize of job (KB)
...
005 (4046621.076.000) 03/15 20:23:35 Job terminated.
	(1) Normal termination (return value 1)
		Usr 0 00:00:00, Sys 0 00:00:00  -  Run Remote Usage
		Usr 0 00:00:00, Sys 0 00:00:00  -  Run Local Usage
		Usr 0 00:00:00, Sys 0 00:00:00  -  Total Remote Usage
		Usr 0 00:00:00, Sys 0 00:00:00  -  Total Local Usage
	0  -  Run Bytes Sent By Job
	0  -  Run Bytes Received By Job
	0  -  Total Bytes Sent By Job
	0  -  Total Bytes Received By Job
	Partitionable Resources :    Usage  Request Allocated
	   Cpus                 :                 1         1
	   Disk (KB)            :        2        2  20457847
	   Memory (MB)          :        4        1      4022
...
000 (4046640.076.000) 03/15 21:06:32 Job submitted from host: <192.168.1.109:9618?addrs=192.168.1.109-9618+[--1]-9618&noUDP&sock=3153_969b_4>
...
001 (4046640.076.000) 03/15 21:07:19 Job executing on host: <192.168.1.41:9618?addrs=192.168.1.41-9618+[--1]-9618&noUDP&sock=3368_a17e_3>
...
006 (4046640.076.000) 03/15 21:07:27 Image size of job updated: 135640
	113  -  MemoryUsage of job (MB)
	115008  -  ResidentSetSize of job (KB)
...
006 (4046640.076.000) 03/15 21:11:27 Image size of job updated: 1363764
	113  -  MemoryUsage of job (MB)
	115008  -  ResidentSetSize of job (KB)
...
005 (4046640.076.000) 03/15 21:11:27 Job terminated.
	(1) Normal termination (return value 0)
		Usr 0 00:00:24, Sys 0 00:00:05  -  Run Remote Usage
		Usr 0 00:00:00, Sys 0 00:00:00  -  Run Local Usage
		Usr 0 00:00:24, Sys 0 00:00:05  -  Total Remote Usage
		Usr 0 00:00:00, Sys 0 00:00:00  -  Total Local Usage
	0  -  Run Bytes Sent By Job
	0  -  Run Bytes Received By Job
	0  -  Total Bytes Sent By Job
	0  -  Total Bytes Received By Job
	Partitionable Resources :    Usage  Request Allocated
	   Cpus                 :                 1         1
	   Disk (KB)            :        2        2  20458618
	   Memory (MB)          :      113        1      4022
...
000 (4046671.076.000) 03/15 22:27:45 Job submitted from host: <192.168.1.109:9618?addrs=192.168.1.109-9618+[--1]-9618&noUDP&sock=3153_969b_4>
...
001 (4046671.076.000) 03/15 22:28:15 Job executing on host: <192.168.1.42:9618?addrs=192.168.1.42-9618+[--1]-9618&noUDP&sock=3360_3385_3>
...
006 (4046671.076.000) 03/15 22:28:24 Image size of job updated: 56216
	55  -  MemoryUsage of job (MB)
	56200  -  ResidentSetSize of job (KB)
...
006 (4046671.076.000) 03/15 22:33:25 Image size of job updated: 687736
	672  -  MemoryUsage of job (MB)
	687616  -  ResidentSetSize of job (KB)
...
006 (4046671.076.000) 03/15 22:38:26 Image size of job updated: 762772
	745  -  MemoryUsage of job (MB)
	762632  -  ResidentSetSize of job (KB)
...
005 (4046671.076.000) 03/15 22:38:48 Job terminated.
	(1) Normal termination (return value 0)
		Usr 0 00:00:33, Sys 0 00:00:07  -  Run Remote Usage
		Usr 0 00:00:00, Sys 0 00:00:00  -  Run Local Usage
		Usr 0 00:00:33, Sys 0 00:00:07  -  Total Remote Usage
		Usr 0 00:00:00, Sys 0 00:00:00  -  Total Local Usage
	0  -  Run Bytes Sent By Job
	0  -  Run Bytes Received By Job
	0  -  Total Bytes Sent By Job
	0  -  Total Bytes Received By Job
	Partitionable Resources :    Usage  Request Allocated
	   Cpus                 :                 1         1
	   Disk (KB)            :        2        2  20458261
	   Memory (MB)          :      745        1      4022
...
000 (4046674.076.000) 03/15 23:56:07 Job submitted from host: <192.168.1.109:9618?addrs=192.168.1.109-9618+[--1]-9618&noUDP&sock=3153_969b_4>
...
