000 (4046621.491.000) 03/15 20:22:18 Job submitted from host: <192.168.1.109:9618?addrs=192.168.1.109-9618+[--1]-9618&noUDP&sock=3153_969b_4>
...
001 (4046621.491.000) 03/15 20:24:39 Job executing on host: <192.168.1.39:9618?addrs=192.168.1.39-9618+[--1]-9618&noUDP&sock=3239_16fe_3>
...
006 (4046621.491.000) 03/15 20:24:40 Image size of job updated: 124636
	0  -  MemoryUsage of job (MB)
	0  -  ResidentSetSize of job (KB)
...
005 (4046621.491.000) 03/15 20:24:43 Job terminated.
	(1) Normal termination (return value 1)
		Usr 0 00:00:00, Sys 0 00:00:00  -  Run Remote Usage
		Usr 0 00:00:00, Sys 0 00:00:00  -  Run Local Usage
		Usr 0 00:00:00, Sys 0 00:00:00  -  Total Remote Usage
		Usr 0 00:00:00, Sys 0 00:00:00  -  Total Local Usage
	0  -  Run Bytes Sent By Job
	0  -  Run Bytes Received By Job
	0  -  Total Bytes Sent By Job
	0  -  Total Bytes Received By Job
	Partitionable Resources :    Usage  Request Allocated
	   Cpus                 :                 1         1
	   Disk (KB)            :        2        2  20460459
	   Memory (MB)          :        0        1      4022
...
009 (4046621.491.000) 03/15 20:24:46 Job was aborted by the user.
	via condor_rm (by user routray)
...
009 (4046621.491.000) 03/15 20:24:54 Job was aborted by the user.
	via condor_rm (by user routray)
...
000 (4046640.491.000) 03/15 21:06:33 Job submitted from host: <192.168.1.109:9618?addrs=192.168.1.109-9618+[--1]-9618&noUDP&sock=3153_969b_4>
...
001 (4046640.491.000) 03/15 21:07:35 Job executing on host: <192.168.1.49:9618?addrs=192.168.1.49-9618+[--1]-9618&noUDP&sock=3240_e427_3>
...
006 (4046640.491.000) 03/15 21:07:44 Image size of job updated: 133060
	92  -  MemoryUsage of job (MB)
	93496  -  ResidentSetSize of job (KB)
...
006 (4046640.491.000) 03/15 21:12:45 Image size of job updated: 698344
	682  -  MemoryUsage of job (MB)
	698292  -  ResidentSetSize of job (KB)
...
005 (4046640.491.000) 03/15 21:13:58 Job terminated.
	(1) Normal termination (return value 0)
		Usr 0 00:00:27, Sys 0 00:00:06  -  Run Remote Usage
		Usr 0 00:00:00, Sys 0 00:00:00  -  Run Local Usage
		Usr 0 00:00:27, Sys 0 00:00:06  -  Total Remote Usage
		Usr 0 00:00:00, Sys 0 00:00:00  -  Total Local Usage
	0  -  Run Bytes Sent By Job
	0  -  Run Bytes Received By Job
	0  -  Total Bytes Sent By Job
	0  -  Total Bytes Received By Job
	Partitionable Resources :    Usage  Request Allocated
	   Cpus                 :                 1         1
	   Disk (KB)            :        2        2  28491601
	   Memory (MB)          :      682        1      4020
...
000 (4046671.491.000) 03/15 22:27:46 Job submitted from host: <192.168.1.109:9618?addrs=192.168.1.109-9618+[--1]-9618&noUDP&sock=3153_969b_4>
...
001 (4046671.491.000) 03/15 22:29:00 Job executing on host: <192.168.1.50:9618?addrs=192.168.1.50-9618+[--1]-9618&noUDP&sock=3247_5221_3>
...
006 (4046671.491.000) 03/15 22:29:08 Image size of job updated: 228104
	202  -  MemoryUsage of job (MB)
	206436  -  ResidentSetSize of job (KB)
...
006 (4046671.491.000) 03/15 22:34:08 Image size of job updated: 786632
	746  -  MemoryUsage of job (MB)
	763628  -  ResidentSetSize of job (KB)
...
005 (4046671.491.000) 03/15 22:38:06 Job terminated.
	(1) Normal termination (return value 0)
		Usr 0 00:00:22, Sys 0 00:00:03  -  Run Remote Usage
		Usr 0 00:00:00, Sys 0 00:00:00  -  Run Local Usage
		Usr 0 00:00:22, Sys 0 00:00:03  -  Total Remote Usage
		Usr 0 00:00:00, Sys 0 00:00:00  -  Total Local Usage
	0  -  Run Bytes Sent By Job
	0  -  Run Bytes Received By Job
	0  -  Total Bytes Sent By Job
	0  -  Total Bytes Received By Job
	Partitionable Resources :    Usage  Request Allocated
	   Cpus                 :                 1         1
	   Disk (KB)            :        2        2  28493273
	   Memory (MB)          :      746        1      4020
...
000 (4046674.491.000) 03/15 23:56:09 Job submitted from host: <192.168.1.109:9618?addrs=192.168.1.109-9618+[--1]-9618&noUDP&sock=3153_969b_4>
...
