000 (4046621.1545.000) 03/15 20:22:29 Job submitted from host: <192.168.1.109:9618?addrs=192.168.1.109-9618+[--1]-9618&noUDP&sock=3153_969b_4>
...
009 (4046621.1545.000) 03/15 20:25:09 Job was aborted by the user.
	via condor_rm (by user routray)
...
000 (4046640.1545.000) 03/15 21:06:38 Job submitted from host: <192.168.1.109:9618?addrs=192.168.1.109-9618+[--1]-9618&noUDP&sock=3153_969b_4>
...
001 (4046640.1545.000) 03/15 21:21:16 Job executing on host: <192.168.1.42:9618?addrs=192.168.1.42-9618+[--1]-9618&noUDP&sock=3360_3385_3>
...
006 (4046640.1545.000) 03/15 21:21:25 Image size of job updated: 36452
	36  -  MemoryUsage of job (MB)
	36452  -  ResidentSetSize of job (KB)
...
006 (4046640.1545.000) 03/15 21:26:26 Image size of job updated: 678412
	662  -  MemoryUsage of job (MB)
	677376  -  ResidentSetSize of job (KB)
...
006 (4046640.1545.000) 03/15 21:27:26 Image size of job updated: 678412
	662  -  MemoryUsage of job (MB)
	677380  -  ResidentSetSize of job (KB)
...
005 (4046640.1545.000) 03/15 21:27:27 Job terminated.
	(1) Normal termination (return value 0)
		Usr 0 00:00:28, Sys 0 00:00:06  -  Run Remote Usage
		Usr 0 00:00:00, Sys 0 00:00:00  -  Run Local Usage
		Usr 0 00:00:28, Sys 0 00:00:06  -  Total Remote Usage
		Usr 0 00:00:00, Sys 0 00:00:00  -  Total Local Usage
	0  -  Run Bytes Sent By Job
	0  -  Run Bytes Received By Job
	0  -  Total Bytes Sent By Job
	0  -  Total Bytes Received By Job
	Partitionable Resources :    Usage  Request Allocated
	   Cpus                 :                 1         1
	   Disk (KB)            :        2        2  20458261
	   Memory (MB)          :      662        1      4022
...
000 (4046674.1545.000) 03/15 23:56:13 Job submitted from host: <192.168.1.109:9618?addrs=192.168.1.109-9618+[--1]-9618&noUDP&sock=3153_969b_4>
...
009 (4046674.1545.000) 03/16 00:49:30 Job was aborted by the user.
	via condor_rm (by user routray)
...
000 (4047692.1545.000) 03/16 09:41:59 Job submitted from host: <192.168.1.109:9618?addrs=192.168.1.109-9618+[--1]-9618&noUDP&sock=3153_969b_4>
...
001 (4047692.1545.000) 03/16 10:04:26 Job executing on host: <192.168.1.44:9618?addrs=192.168.1.44-9618+[--1]-9618&noUDP&sock=3035_ca7b_3>
...
006 (4047692.1545.000) 03/16 10:04:34 Image size of job updated: 58916
	58  -  MemoryUsage of job (MB)
	58424  -  ResidentSetSize of job (KB)
...
006 (4047692.1545.000) 03/16 10:09:34 Image size of job updated: 665000
	650  -  MemoryUsage of job (MB)
	664820  -  ResidentSetSize of job (KB)
...
006 (4047692.1545.000) 03/16 10:12:16 Image size of job updated: 690360
	650  -  MemoryUsage of job (MB)
	664820  -  ResidentSetSize of job (KB)
...
005 (4047692.1545.000) 03/16 10:12:17 Job terminated.
	(1) Normal termination (return value 0)
		Usr 0 00:00:18, Sys 0 00:00:04  -  Run Remote Usage
		Usr 0 00:00:00, Sys 0 00:00:00  -  Run Local Usage
		Usr 0 00:00:18, Sys 0 00:00:04  -  Total Remote Usage
		Usr 0 00:00:00, Sys 0 00:00:00  -  Total Local Usage
	0  -  Run Bytes Sent By Job
	0  -  Run Bytes Received By Job
	0  -  Total Bytes Sent By Job
	0  -  Total Bytes Received By Job
	Partitionable Resources :    Usage  Request Allocated
	   Cpus                 :                 1         1
	   Disk (KB)            :        2        2  20458817
	   Memory (MB)          :      650        1      4022
...
000 (4047694.1545.000) 03/16 10:19:02 Job submitted from host: <192.168.1.109:9618?addrs=192.168.1.109-9618+[--1]-9618&noUDP&sock=3153_969b_4>
...
001 (4047694.1545.000) 03/16 10:20:54 Job executing on host: <192.168.1.42:9618?addrs=192.168.1.42-9618+[--1]-9618&noUDP&sock=3360_3385_3>
...
006 (4047694.1545.000) 03/16 10:20:55 Image size of job updated: 35816
	0  -  MemoryUsage of job (MB)
	0  -  ResidentSetSize of job (KB)
...
005 (4047694.1545.000) 03/16 10:21:14 Job terminated.
	(1) Normal termination (return value 1)
		Usr 0 00:00:00, Sys 0 00:00:00  -  Run Remote Usage
		Usr 0 00:00:00, Sys 0 00:00:00  -  Run Local Usage
		Usr 0 00:00:00, Sys 0 00:00:00  -  Total Remote Usage
		Usr 0 00:00:00, Sys 0 00:00:00  -  Total Local Usage
	0  -  Run Bytes Sent By Job
	0  -  Run Bytes Received By Job
	0  -  Total Bytes Sent By Job
	0  -  Total Bytes Received By Job
	Partitionable Resources :    Usage  Request Allocated
	   Cpus                 :                 1         1
	   Disk (KB)            :        2        2  20458261
	   Memory (MB)          :        0        1      4022
...
000 (4047695.1545.000) 03/16 10:31:40 Job submitted from host: <192.168.1.109:9618?addrs=192.168.1.109-9618+[--1]-9618&noUDP&sock=3153_969b_4>
...
001 (4047695.1545.000) 03/16 10:44:51 Job executing on host: <192.168.1.40:9618?addrs=192.168.1.40-9618+[--1]-9618&noUDP&sock=3366_a17e_3>
...
006 (4047695.1545.000) 03/16 10:45:00 Image size of job updated: 26248
	26  -  MemoryUsage of job (MB)
	26248  -  ResidentSetSize of job (KB)
...
006 (4047695.1545.000) 03/16 10:50:01 Image size of job updated: 602716
	587  -  MemoryUsage of job (MB)
	600912  -  ResidentSetSize of job (KB)
...
005 (4047695.1545.000) 03/16 10:51:18 Job terminated.
	(1) Normal termination (return value 0)
		Usr 0 00:00:31, Sys 0 00:00:07  -  Run Remote Usage
		Usr 0 00:00:00, Sys 0 00:00:00  -  Run Local Usage
		Usr 0 00:00:31, Sys 0 00:00:07  -  Total Remote Usage
		Usr 0 00:00:00, Sys 0 00:00:00  -  Total Local Usage
	0  -  Run Bytes Sent By Job
	0  -  Run Bytes Received By Job
	0  -  Total Bytes Sent By Job
	0  -  Total Bytes Received By Job
	Partitionable Resources :    Usage  Request Allocated
	   Cpus                 :                 1         1
	   Disk (KB)            :        2        2  20457847
	   Memory (MB)          :      587        1      4022
...
000 (4048296.1545.000) 03/16 11:27:10 Job submitted from host: <192.168.1.109:9618?addrs=192.168.1.109-9618+[--1]-9618&noUDP&sock=3153_969b_4>
...
009 (4048296.1545.000) 03/16 11:28:05 Job was aborted by the user.
	via condor_rm (by user routray)
...
