000 (4046621.1363.000) 03/15 20:22:27 Job submitted from host: <192.168.1.109:9618?addrs=192.168.1.109-9618+[--1]-9618&noUDP&sock=3153_969b_4>
...
001 (4046621.1363.000) 03/15 20:24:37 Job executing on host: <192.168.1.56:9618?addrs=192.168.1.56-9618+[--1]-9618&noUDP&sock=3336_bd3f_3>
...
006 (4046621.1363.000) 03/15 20:24:38 Image size of job updated: 1320
	0  -  MemoryUsage of job (MB)
	0  -  ResidentSetSize of job (KB)
...
005 (4046621.1363.000) 03/15 20:24:47 Job terminated.
	(1) Normal termination (return value 1)
		Usr 0 00:00:00, Sys 0 00:00:00  -  Run Remote Usage
		Usr 0 00:00:00, Sys 0 00:00:00  -  Run Local Usage
		Usr 0 00:00:00, Sys 0 00:00:00  -  Total Remote Usage
		Usr 0 00:00:00, Sys 0 00:00:00  -  Total Local Usage
	0  -  Run Bytes Sent By Job
	0  -  Run Bytes Received By Job
	0  -  Total Bytes Sent By Job
	0  -  Total Bytes Received By Job
	Partitionable Resources :    Usage  Request Allocated
	   Cpus                 :                 1         1
	   Disk (KB)            :        2        2  22662681
	   Memory (MB)          :        0        1      4001
...
009 (4046621.1363.000) 03/15 20:24:49 Job was aborted by the user.
	via condor_rm (by user routray)
...
009 (4046621.1363.000) 03/15 20:25:03 Job was aborted by the user.
	via condor_rm (by user routray)
...
000 (4046640.1363.000) 03/15 21:06:37 Job submitted from host: <192.168.1.109:9618?addrs=192.168.1.109-9618+[--1]-9618&noUDP&sock=3153_969b_4>
...
001 (4046640.1363.000) 03/15 21:20:46 Job executing on host: <192.168.1.66:9618?addrs=192.168.1.66-9618+[--1]-9618&noUDP&sock=3560_0345_33>
...
006 (4046640.1363.000) 03/15 21:20:55 Image size of job updated: 27176
	27  -  MemoryUsage of job (MB)
	27132  -  ResidentSetSize of job (KB)
...
006 (4046640.1363.000) 03/15 21:25:55 Image size of job updated: 703244
	678  -  MemoryUsage of job (MB)
	693548  -  ResidentSetSize of job (KB)
...
005 (4046640.1363.000) 03/15 21:26:54 Job terminated.
	(1) Normal termination (return value 0)
		Usr 0 00:00:40, Sys 0 00:00:06  -  Run Remote Usage
		Usr 0 00:00:00, Sys 0 00:00:00  -  Run Local Usage
		Usr 0 00:00:40, Sys 0 00:00:06  -  Total Remote Usage
		Usr 0 00:00:00, Sys 0 00:00:00  -  Total Local Usage
	0  -  Run Bytes Sent By Job
	0  -  Run Bytes Received By Job
	0  -  Total Bytes Sent By Job
	0  -  Total Bytes Received By Job
	Partitionable Resources :    Usage  Request Allocated
	   Cpus                 :                 1         1
	   Disk (KB)            :        2        2  22684277
	   Memory (MB)          :      678        1      4015
...
000 (4046674.1363.000) 03/15 23:56:13 Job submitted from host: <192.168.1.109:9618?addrs=192.168.1.109-9618+[--1]-9618&noUDP&sock=3153_969b_4>
...
009 (4046674.1363.000) 03/16 00:49:28 Job was aborted by the user.
	via condor_rm (by user routray)
...
000 (4047692.1363.000) 03/16 09:41:57 Job submitted from host: <192.168.1.109:9618?addrs=192.168.1.109-9618+[--1]-9618&noUDP&sock=3153_969b_4>
...
001 (4047692.1363.000) 03/16 10:00:49 Job executing on host: <192.168.1.41:9618?addrs=192.168.1.41-9618+[--1]-9618&noUDP&sock=3368_a17e_3>
...
006 (4047692.1363.000) 03/16 10:00:57 Image size of job updated: 62056
	60  -  MemoryUsage of job (MB)
	61348  -  ResidentSetSize of job (KB)
...
006 (4047692.1363.000) 03/16 10:04:42 Image size of job updated: 1393636
	60  -  MemoryUsage of job (MB)
	61348  -  ResidentSetSize of job (KB)
...
005 (4047692.1363.000) 03/16 10:04:42 Job terminated.
	(1) Normal termination (return value 0)
		Usr 0 00:00:18, Sys 0 00:00:04  -  Run Remote Usage
		Usr 0 00:00:00, Sys 0 00:00:00  -  Run Local Usage
		Usr 0 00:00:18, Sys 0 00:00:04  -  Total Remote Usage
		Usr 0 00:00:00, Sys 0 00:00:00  -  Total Local Usage
	0  -  Run Bytes Sent By Job
	0  -  Run Bytes Received By Job
	0  -  Total Bytes Sent By Job
	0  -  Total Bytes Received By Job
	Partitionable Resources :    Usage  Request Allocated
	   Cpus                 :                 1         1
	   Disk (KB)            :        2        2  20458618
	   Memory (MB)          :       60        1      4022
...
000 (4047694.1363.000) 03/16 10:19:01 Job submitted from host: <192.168.1.109:9618?addrs=192.168.1.109-9618+[--1]-9618&noUDP&sock=3153_969b_4>
...
001 (4047694.1363.000) 03/16 10:20:39 Job executing on host: <192.168.1.43:9618?addrs=192.168.1.43-9618+[--1]-9618&noUDP&sock=3360_24bc_3>
...
006 (4047694.1363.000) 03/16 10:20:40 Image size of job updated: 3512
	0  -  MemoryUsage of job (MB)
	0  -  ResidentSetSize of job (KB)
...
005 (4047694.1363.000) 03/16 10:20:47 Job terminated.
	(1) Normal termination (return value 1)
		Usr 0 00:00:00, Sys 0 00:00:00  -  Run Remote Usage
		Usr 0 00:00:00, Sys 0 00:00:00  -  Run Local Usage
		Usr 0 00:00:00, Sys 0 00:00:00  -  Total Remote Usage
		Usr 0 00:00:00, Sys 0 00:00:00  -  Total Local Usage
	0  -  Run Bytes Sent By Job
	0  -  Run Bytes Received By Job
	0  -  Total Bytes Sent By Job
	0  -  Total Bytes Received By Job
	Partitionable Resources :    Usage  Request Allocated
	   Cpus                 :                 1         1
	   Disk (KB)            :        2        2  20458450
	   Memory (MB)          :        0        1      4022
...
000 (4047695.1363.000) 03/16 10:31:39 Job submitted from host: <192.168.1.109:9618?addrs=192.168.1.109-9618+[--1]-9618&noUDP&sock=3153_969b_4>
...
001 (4047695.1363.000) 03/16 10:44:34 Job executing on host: <192.168.1.51:9618?addrs=192.168.1.51-9618+[--1]-9618&noUDP&sock=3125_b25b_3>
...
006 (4047695.1363.000) 03/16 10:44:43 Image size of job updated: 21860
	22  -  MemoryUsage of job (MB)
	21860  -  ResidentSetSize of job (KB)
...
006 (4047695.1363.000) 03/16 10:49:44 Image size of job updated: 624072
	605  -  MemoryUsage of job (MB)
	619244  -  ResidentSetSize of job (KB)
...
005 (4047695.1363.000) 03/16 10:50:55 Job terminated.
	(1) Normal termination (return value 0)
		Usr 0 00:00:30, Sys 0 00:00:06  -  Run Remote Usage
		Usr 0 00:00:00, Sys 0 00:00:00  -  Run Local Usage
		Usr 0 00:00:30, Sys 0 00:00:06  -  Total Remote Usage
		Usr 0 00:00:00, Sys 0 00:00:00  -  Total Local Usage
	0  -  Run Bytes Sent By Job
	0  -  Run Bytes Received By Job
	0  -  Total Bytes Sent By Job
	0  -  Total Bytes Received By Job
	Partitionable Resources :    Usage  Request Allocated
	   Cpus                 :                 1         1
	   Disk (KB)            :        2        2  28494197
	   Memory (MB)          :      605        1      4020
...
000 (4048296.1363.000) 03/16 11:27:09 Job submitted from host: <192.168.1.109:9618?addrs=192.168.1.109-9618+[--1]-9618&noUDP&sock=3153_969b_4>
...
009 (4048296.1363.000) 03/16 11:28:04 Job was aborted by the user.
	via condor_rm (by user routray)
...
