000 (4046621.469.000) 03/15 20:22:18 Job submitted from host: <192.168.1.109:9618?addrs=192.168.1.109-9618+[--1]-9618&noUDP&sock=3153_969b_4>
...
001 (4046621.469.000) 03/15 20:24:42 Job executing on host: <192.168.1.39:9618?addrs=192.168.1.39-9618+[--1]-9618&noUDP&sock=3239_16fe_3>
...
006 (4046621.469.000) 03/15 20:24:43 Image size of job updated: 380
	0  -  MemoryUsage of job (MB)
	0  -  ResidentSetSize of job (KB)
...
005 (4046621.469.000) 03/15 20:24:46 Job terminated.
	(1) Normal termination (return value 1)
		Usr 0 00:00:00, Sys 0 00:00:00  -  Run Remote Usage
		Usr 0 00:00:00, Sys 0 00:00:00  -  Run Local Usage
		Usr 0 00:00:00, Sys 0 00:00:00  -  Total Remote Usage
		Usr 0 00:00:00, Sys 0 00:00:00  -  Total Local Usage
	0  -  Run Bytes Sent By Job
	0  -  Run Bytes Received By Job
	0  -  Total Bytes Sent By Job
	0  -  Total Bytes Received By Job
	Partitionable Resources :    Usage  Request Allocated
	   Cpus                 :                 1         1
	   Disk (KB)            :        2        2  20460459
	   Memory (MB)          :        0        1      4022
...
009 (4046621.469.000) 03/15 20:24:48 Job was aborted by the user.
	via condor_rm (by user routray)
...
009 (4046621.469.000) 03/15 20:24:54 Job was aborted by the user.
	via condor_rm (by user routray)
...
000 (4046640.469.000) 03/15 21:06:33 Job submitted from host: <192.168.1.109:9618?addrs=192.168.1.109-9618+[--1]-9618&noUDP&sock=3153_969b_4>
...
001 (4046640.469.000) 03/15 21:07:34 Job executing on host: <192.168.1.43:9618?addrs=192.168.1.43-9618+[--1]-9618&noUDP&sock=3360_24bc_3>
...
006 (4046640.469.000) 03/15 21:07:43 Image size of job updated: 51468
	51  -  MemoryUsage of job (MB)
	51320  -  ResidentSetSize of job (KB)
...
006 (4046640.469.000) 03/15 21:12:44 Image size of job updated: 705860
	690  -  MemoryUsage of job (MB)
	705628  -  ResidentSetSize of job (KB)
...
006 (4046640.469.000) 03/15 21:13:55 Image size of job updated: 1363764
	690  -  MemoryUsage of job (MB)
	705628  -  ResidentSetSize of job (KB)
...
005 (4046640.469.000) 03/15 21:13:58 Job terminated.
	(1) Normal termination (return value 0)
		Usr 0 00:00:23, Sys 0 00:00:05  -  Run Remote Usage
		Usr 0 00:00:00, Sys 0 00:00:00  -  Run Local Usage
		Usr 0 00:00:23, Sys 0 00:00:05  -  Total Remote Usage
		Usr 0 00:00:00, Sys 0 00:00:00  -  Total Local Usage
	0  -  Run Bytes Sent By Job
	0  -  Run Bytes Received By Job
	0  -  Total Bytes Sent By Job
	0  -  Total Bytes Received By Job
	Partitionable Resources :    Usage  Request Allocated
	   Cpus                 :                 1         1
	   Disk (KB)            :        2        2  20458450
	   Memory (MB)          :      690        1      4022
...
000 (4046671.469.000) 03/15 22:27:46 Job submitted from host: <192.168.1.109:9618?addrs=192.168.1.109-9618+[--1]-9618&noUDP&sock=3153_969b_4>
...
001 (4046671.469.000) 03/15 22:28:59 Job executing on host: <192.168.1.43:9618?addrs=192.168.1.43-9618+[--1]-9618&noUDP&sock=3360_24bc_3>
...
006 (4046671.469.000) 03/15 22:29:07 Image size of job updated: 214500
	195  -  MemoryUsage of job (MB)
	199640  -  ResidentSetSize of job (KB)
...
006 (4046671.469.000) 03/15 22:34:07 Image size of job updated: 785616
	758  -  MemoryUsage of job (MB)
	776180  -  ResidentSetSize of job (KB)
...
005 (4046671.469.000) 03/15 22:38:40 Job terminated.
	(1) Normal termination (return value 0)
		Usr 0 00:00:23, Sys 0 00:00:03  -  Run Remote Usage
		Usr 0 00:00:00, Sys 0 00:00:00  -  Run Local Usage
		Usr 0 00:00:23, Sys 0 00:00:03  -  Total Remote Usage
		Usr 0 00:00:00, Sys 0 00:00:00  -  Total Local Usage
	0  -  Run Bytes Sent By Job
	0  -  Run Bytes Received By Job
	0  -  Total Bytes Sent By Job
	0  -  Total Bytes Received By Job
	Partitionable Resources :    Usage  Request Allocated
	   Cpus                 :                 1         1
	   Disk (KB)            :        2        2  20458451
	   Memory (MB)          :      758        1      4022
...
000 (4046674.469.000) 03/15 23:56:09 Job submitted from host: <192.168.1.109:9618?addrs=192.168.1.109-9618+[--1]-9618&noUDP&sock=3153_969b_4>
...
009 (4046674.469.000) 03/16 00:49:23 Job was aborted by the user.
	via condor_rm (by user routray)
...
000 (4047692.469.000) 03/16 09:41:50 Job submitted from host: <192.168.1.109:9618?addrs=192.168.1.109-9618+[--1]-9618&noUDP&sock=3153_969b_4>
...
001 (4047692.469.000) 03/16 09:42:39 Job executing on host: <192.168.1.66:9618?addrs=192.168.1.66-9618+[--1]-9618&noUDP&sock=3560_0345_33>
...
006 (4047692.469.000) 03/16 09:42:48 Image size of job updated: 52944
	52  -  MemoryUsage of job (MB)
	52728  -  ResidentSetSize of job (KB)
...
006 (4047692.469.000) 03/16 09:47:49 Image size of job updated: 470628
	454  -  MemoryUsage of job (MB)
	464544  -  ResidentSetSize of job (KB)
...
006 (4047692.469.000) 03/16 09:52:49 Image size of job updated: 712600
	690  -  MemoryUsage of job (MB)
	706196  -  ResidentSetSize of job (KB)
...
005 (4047692.469.000) 03/16 09:54:03 Job terminated.
	(1) Normal termination (return value 0)
		Usr 0 00:00:27, Sys 0 00:00:06  -  Run Remote Usage
		Usr 0 00:00:00, Sys 0 00:00:00  -  Run Local Usage
		Usr 0 00:00:27, Sys 0 00:00:06  -  Total Remote Usage
		Usr 0 00:00:00, Sys 0 00:00:00  -  Total Local Usage
	0  -  Run Bytes Sent By Job
	0  -  Run Bytes Received By Job
	0  -  Total Bytes Sent By Job
	0  -  Total Bytes Received By Job
	Partitionable Resources :    Usage  Request Allocated
	   Cpus                 :                 1         1
	   Disk (KB)            :        2        2  22684277
	   Memory (MB)          :      690        1      4015
...
000 (4047694.469.000) 03/16 10:18:56 Job submitted from host: <192.168.1.109:9618?addrs=192.168.1.109-9618+[--1]-9618&noUDP&sock=3153_969b_4>
...
001 (4047694.469.000) 03/16 10:19:48 Job executing on host: <192.168.1.45:9618?addrs=192.168.1.45-9618+[--1]-9618&noUDP&sock=3341_bd3f_3>
...
006 (4047694.469.000) 03/16 10:19:49 Image size of job updated: 125408
	0  -  MemoryUsage of job (MB)
	0  -  ResidentSetSize of job (KB)
...
005 (4047694.469.000) 03/16 10:20:00 Job terminated.
	(1) Normal termination (return value 1)
		Usr 0 00:00:00, Sys 0 00:00:00  -  Run Remote Usage
		Usr 0 00:00:00, Sys 0 00:00:00  -  Run Local Usage
		Usr 0 00:00:00, Sys 0 00:00:00  -  Total Remote Usage
		Usr 0 00:00:00, Sys 0 00:00:00  -  Total Local Usage
	0  -  Run Bytes Sent By Job
	0  -  Run Bytes Received By Job
	0  -  Total Bytes Sent By Job
	0  -  Total Bytes Received By Job
	Partitionable Resources :    Usage  Request Allocated
	   Cpus                 :                 1         1
	   Disk (KB)            :        2        2  20460088
	   Memory (MB)          :        0        1      4022
...
000 (4047695.469.000) 03/16 10:31:35 Job submitted from host: <192.168.1.109:9618?addrs=192.168.1.109-9618+[--1]-9618&noUDP&sock=3153_969b_4>
...
001 (4047695.469.000) 03/16 10:32:32 Job executing on host: <192.168.1.66:9618?addrs=192.168.1.66-9618+[--1]-9618&noUDP&sock=3560_0345_33>
...
006 (4047695.469.000) 03/16 10:32:41 Image size of job updated: 50332
	49  -  MemoryUsage of job (MB)
	50152  -  ResidentSetSize of job (KB)
...
006 (4047695.469.000) 03/16 10:37:42 Image size of job updated: 719180
	682  -  MemoryUsage of job (MB)
	698164  -  ResidentSetSize of job (KB)
...
006 (4047695.469.000) 03/16 10:38:12 Image size of job updated: 772852
	682  -  MemoryUsage of job (MB)
	698164  -  ResidentSetSize of job (KB)
...
005 (4047695.469.000) 03/16 10:38:13 Job terminated.
	(1) Normal termination (return value 0)
		Usr 0 00:00:31, Sys 0 00:00:05  -  Run Remote Usage
		Usr 0 00:00:00, Sys 0 00:00:00  -  Run Local Usage
		Usr 0 00:00:31, Sys 0 00:00:05  -  Total Remote Usage
		Usr 0 00:00:00, Sys 0 00:00:00  -  Total Local Usage
	0  -  Run Bytes Sent By Job
	0  -  Run Bytes Received By Job
	0  -  Total Bytes Sent By Job
	0  -  Total Bytes Received By Job
	Partitionable Resources :    Usage  Request Allocated
	   Cpus                 :                 1         1
	   Disk (KB)            :        2        2  22684277
	   Memory (MB)          :      682        1      4015
...
000 (4048296.469.000) 03/16 11:27:04 Job submitted from host: <192.168.1.109:9618?addrs=192.168.1.109-9618+[--1]-9618&noUDP&sock=3153_969b_4>
...
009 (4048296.469.000) 03/16 11:27:56 Job was aborted by the user.
	via condor_rm (by user routray)
...
000 (4048297.469.000) 03/16 11:29:01 Job submitted from host: <192.168.1.109:9618?addrs=192.168.1.109-9618+[--1]-9618&noUDP&sock=3153_969b_4>
...
009 (4048297.469.000) 03/16 11:30:11 Job was aborted by the user.
	via condor_rm (by user routray)
...
