000 (4046621.808.000) 03/15 20:22:21 Job submitted from host: <192.168.1.109:9618?addrs=192.168.1.109-9618+[--1]-9618&noUDP&sock=3153_969b_4>
...
001 (4046621.808.000) 03/15 20:23:49 Job executing on host: <192.168.1.53:9618?addrs=192.168.1.53-9618+[--1]-9618&noUDP&sock=3369_5fdf_35>
...
006 (4046621.808.000) 03/15 20:23:50 Image size of job updated: 34532
	0  -  MemoryUsage of job (MB)
	0  -  ResidentSetSize of job (KB)
...
005 (4046621.808.000) 03/15 20:24:28 Job terminated.
	(1) Normal termination (return value 1)
		Usr 0 00:00:00, Sys 0 00:00:00  -  Run Remote Usage
		Usr 0 00:00:00, Sys 0 00:00:00  -  Run Local Usage
		Usr 0 00:00:00, Sys 0 00:00:00  -  Total Remote Usage
		Usr 0 00:00:00, Sys 0 00:00:00  -  Total Local Usage
	0  -  Run Bytes Sent By Job
	0  -  Run Bytes Received By Job
	0  -  Total Bytes Sent By Job
	0  -  Total Bytes Received By Job
	Partitionable Resources :    Usage  Request Allocated
	   Cpus                 :                 1         1
	   Disk (KB)            :        2        2  22662182
	   Memory (MB)          :        0        1      4001
...
009 (4046621.808.000) 03/15 20:24:55 Job was aborted by the user.
	via condor_rm (by user routray)
...
000 (4046640.808.000) 03/15 21:06:35 Job submitted from host: <192.168.1.109:9618?addrs=192.168.1.109-9618+[--1]-9618&noUDP&sock=3153_969b_4>
...
001 (4046640.808.000) 03/15 21:13:57 Job executing on host: <192.168.1.41:9618?addrs=192.168.1.41-9618+[--1]-9618&noUDP&sock=3368_a17e_3>
...
006 (4046640.808.000) 03/15 21:14:06 Image size of job updated: 43324
	43  -  MemoryUsage of job (MB)
	43256  -  ResidentSetSize of job (KB)
...
006 (4046640.808.000) 03/15 21:19:06 Image size of job updated: 651484
	637  -  MemoryUsage of job (MB)
	651484  -  ResidentSetSize of job (KB)
...
006 (4046640.808.000) 03/15 21:21:15 Image size of job updated: 1363768
	637  -  MemoryUsage of job (MB)
	651484  -  ResidentSetSize of job (KB)
...
005 (4046640.808.000) 03/15 21:21:18 Job terminated.
	(1) Normal termination (return value 0)
		Usr 0 00:00:25, Sys 0 00:00:06  -  Run Remote Usage
		Usr 0 00:00:00, Sys 0 00:00:00  -  Run Local Usage
		Usr 0 00:00:25, Sys 0 00:00:06  -  Total Remote Usage
		Usr 0 00:00:00, Sys 0 00:00:00  -  Total Local Usage
	0  -  Run Bytes Sent By Job
	0  -  Run Bytes Received By Job
	0  -  Total Bytes Sent By Job
	0  -  Total Bytes Received By Job
	Partitionable Resources :    Usage  Request Allocated
	   Cpus                 :                 1         1
	   Disk (KB)            :        2        2  20458618
	   Memory (MB)          :      637        1      4022
...
000 (4046671.808.000) 03/15 22:27:48 Job submitted from host: <192.168.1.109:9618?addrs=192.168.1.109-9618+[--1]-9618&noUDP&sock=3153_969b_4>
...
001 (4046671.808.000) 03/15 22:37:45 Job executing on host: <192.168.1.51:9618?addrs=192.168.1.51-9618+[--1]-9618&noUDP&sock=3125_b25b_3>
...
006 (4046671.808.000) 03/15 22:37:53 Image size of job updated: 14940
	15  -  MemoryUsage of job (MB)
	14940  -  ResidentSetSize of job (KB)
...
005 (4046671.808.000) 03/15 22:40:36 Job terminated.
	(1) Normal termination (return value 0)
		Usr 0 00:00:26, Sys 0 00:00:04  -  Run Remote Usage
		Usr 0 00:00:00, Sys 0 00:00:00  -  Run Local Usage
		Usr 0 00:00:26, Sys 0 00:00:04  -  Total Remote Usage
		Usr 0 00:00:00, Sys 0 00:00:00  -  Total Local Usage
	0  -  Run Bytes Sent By Job
	0  -  Run Bytes Received By Job
	0  -  Total Bytes Sent By Job
	0  -  Total Bytes Received By Job
	Partitionable Resources :    Usage  Request Allocated
	   Cpus                 :                 1         1
	   Disk (KB)            :        2        2  28494197
	   Memory (MB)          :       15        1      4020
...
000 (4046674.808.000) 03/15 23:56:10 Job submitted from host: <192.168.1.109:9618?addrs=192.168.1.109-9618+[--1]-9618&noUDP&sock=3153_969b_4>
...
009 (4046674.808.000) 03/16 00:49:25 Job was aborted by the user.
	via condor_rm (by user routray)
...
000 (4047692.808.000) 03/16 09:41:53 Job submitted from host: <192.168.1.109:9618?addrs=192.168.1.109-9618+[--1]-9618&noUDP&sock=3153_969b_4>
...
001 (4047692.808.000) 03/16 09:54:47 Job executing on host: <192.168.1.40:9618?addrs=192.168.1.40-9618+[--1]-9618&noUDP&sock=3366_a17e_3>
...
006 (4047692.808.000) 03/16 09:54:55 Image size of job updated: 20544
	20  -  MemoryUsage of job (MB)
	19928  -  ResidentSetSize of job (KB)
...
006 (4047692.808.000) 03/16 09:59:55 Image size of job updated: 586948
	573  -  MemoryUsage of job (MB)
	586556  -  ResidentSetSize of job (KB)
...
005 (4047692.808.000) 03/16 10:03:41 Job terminated.
	(1) Normal termination (return value 0)
		Usr 0 00:00:19, Sys 0 00:00:05  -  Run Remote Usage
		Usr 0 00:00:00, Sys 0 00:00:00  -  Run Local Usage
		Usr 0 00:00:19, Sys 0 00:00:05  -  Total Remote Usage
		Usr 0 00:00:00, Sys 0 00:00:00  -  Total Local Usage
	0  -  Run Bytes Sent By Job
	0  -  Run Bytes Received By Job
	0  -  Total Bytes Sent By Job
	0  -  Total Bytes Received By Job
	Partitionable Resources :    Usage  Request Allocated
	   Cpus                 :                 1         1
	   Disk (KB)            :        2        2  20457847
	   Memory (MB)          :      573        1      4022
...
000 (4047694.808.000) 03/16 10:18:57 Job submitted from host: <192.168.1.109:9618?addrs=192.168.1.109-9618+[--1]-9618&noUDP&sock=3153_969b_4>
...
001 (4047694.808.000) 03/16 10:20:44 Job executing on host: <192.168.1.43:9618?addrs=192.168.1.43-9618+[--1]-9618&noUDP&sock=3360_24bc_3>
...
006 (4047694.808.000) 03/16 10:20:46 Image size of job updated: 792
	0  -  MemoryUsage of job (MB)
	0  -  ResidentSetSize of job (KB)
...
005 (4047694.808.000) 03/16 10:20:50 Job terminated.
	(1) Normal termination (return value 1)
		Usr 0 00:00:00, Sys 0 00:00:00  -  Run Remote Usage
		Usr 0 00:00:00, Sys 0 00:00:00  -  Run Local Usage
		Usr 0 00:00:00, Sys 0 00:00:00  -  Total Remote Usage
		Usr 0 00:00:00, Sys 0 00:00:00  -  Total Local Usage
	0  -  Run Bytes Sent By Job
	0  -  Run Bytes Received By Job
	0  -  Total Bytes Sent By Job
	0  -  Total Bytes Received By Job
	Partitionable Resources :    Usage  Request Allocated
	   Cpus                 :                 1         1
	   Disk (KB)            :        2        2  20458450
	   Memory (MB)          :        0        1      4022
...
000 (4047695.808.000) 03/16 10:31:37 Job submitted from host: <192.168.1.109:9618?addrs=192.168.1.109-9618+[--1]-9618&noUDP&sock=3153_969b_4>
...
001 (4047695.808.000) 03/16 10:38:17 Job executing on host: <192.168.1.50:9618?addrs=192.168.1.50-9618+[--1]-9618&noUDP&sock=3247_5221_3>
...
006 (4047695.808.000) 03/16 10:38:26 Image size of job updated: 14928
	15  -  MemoryUsage of job (MB)
	14928  -  ResidentSetSize of job (KB)
...
006 (4047695.808.000) 03/16 10:43:27 Image size of job updated: 650544
	632  -  MemoryUsage of job (MB)
	646476  -  ResidentSetSize of job (KB)
...
005 (4047695.808.000) 03/16 10:44:41 Job terminated.
	(1) Normal termination (return value 0)
		Usr 0 00:00:31, Sys 0 00:00:06  -  Run Remote Usage
		Usr 0 00:00:00, Sys 0 00:00:00  -  Run Local Usage
		Usr 0 00:00:31, Sys 0 00:00:06  -  Total Remote Usage
		Usr 0 00:00:00, Sys 0 00:00:00  -  Total Local Usage
	0  -  Run Bytes Sent By Job
	0  -  Run Bytes Received By Job
	0  -  Total Bytes Sent By Job
	0  -  Total Bytes Received By Job
	Partitionable Resources :    Usage  Request Allocated
	   Cpus                 :                 1         1
	   Disk (KB)            :        2        2  28493273
	   Memory (MB)          :      632        1      4020
...
000 (4048296.808.000) 03/16 11:27:07 Job submitted from host: <192.168.1.109:9618?addrs=192.168.1.109-9618+[--1]-9618&noUDP&sock=3153_969b_4>
...
009 (4048296.808.000) 03/16 11:27:59 Job was aborted by the user.
	via condor_rm (by user routray)
...
000 (4048297.808.000) 03/16 11:29:03 Job submitted from host: <192.168.1.109:9618?addrs=192.168.1.109-9618+[--1]-9618&noUDP&sock=3153_969b_4>
...
009 (4048297.808.000) 03/16 11:30:14 Job was aborted by the user.
	via condor_rm (by user routray)
...
