000 (4046621.533.000) 03/15 20:22:18 Job submitted from host: <192.168.1.109:9618?addrs=192.168.1.109-9618+[--1]-9618&noUDP&sock=3153_969b_4>
...
009 (4046621.533.000) 03/15 20:24:54 Job was aborted by the user.
	via condor_rm (by user routray)
...
000 (4046640.533.000) 03/15 21:06:34 Job submitted from host: <192.168.1.109:9618?addrs=192.168.1.109-9618+[--1]-9618&noUDP&sock=3153_969b_4>
...
001 (4046640.533.000) 03/15 21:07:37 Job executing on host: <192.168.1.50:9618?addrs=192.168.1.50-9618+[--1]-9618&noUDP&sock=3247_5221_3>
...
006 (4046640.533.000) 03/15 21:07:45 Image size of job updated: 59184
	58  -  MemoryUsage of job (MB)
	58800  -  ResidentSetSize of job (KB)
...
006 (4046640.533.000) 03/15 21:12:45 Image size of job updated: 704936
	688  -  MemoryUsage of job (MB)
	704456  -  ResidentSetSize of job (KB)
...
006 (4046640.533.000) 03/15 21:13:55 Image size of job updated: 1363764
	688  -  MemoryUsage of job (MB)
	704456  -  ResidentSetSize of job (KB)
...
005 (4046640.533.000) 03/15 21:13:58 Job terminated.
	(1) Normal termination (return value 0)
		Usr 0 00:00:24, Sys 0 00:00:04  -  Run Remote Usage
		Usr 0 00:00:00, Sys 0 00:00:00  -  Run Local Usage
		Usr 0 00:00:24, Sys 0 00:00:04  -  Total Remote Usage
		Usr 0 00:00:00, Sys 0 00:00:00  -  Total Local Usage
	0  -  Run Bytes Sent By Job
	0  -  Run Bytes Received By Job
	0  -  Total Bytes Sent By Job
	0  -  Total Bytes Received By Job
	Partitionable Resources :    Usage  Request Allocated
	   Cpus                 :                 1         1
	   Disk (KB)            :        2        2  28493273
	   Memory (MB)          :      688        1      4020
...
000 (4046671.533.000) 03/15 22:27:46 Job submitted from host: <192.168.1.109:9618?addrs=192.168.1.109-9618+[--1]-9618&noUDP&sock=3153_969b_4>
...
001 (4046671.533.000) 03/15 22:29:18 Job executing on host: <192.168.1.63:9618?addrs=192.168.1.63-9618+[--1]-9618&noUDP&sock=3501_ea5f_33>
...
006 (4046671.533.000) 03/15 22:29:26 Image size of job updated: 65588
	61  -  MemoryUsage of job (MB)
	61764  -  ResidentSetSize of job (KB)
...
006 (4046671.533.000) 03/15 22:34:26 Image size of job updated: 804908
	775  -  MemoryUsage of job (MB)
	792900  -  ResidentSetSize of job (KB)
...
005 (4046671.533.000) 03/15 22:36:08 Job terminated.
	(1) Normal termination (return value 0)
		Usr 0 00:00:33, Sys 0 00:00:04  -  Run Remote Usage
		Usr 0 00:00:00, Sys 0 00:00:00  -  Run Local Usage
		Usr 0 00:00:33, Sys 0 00:00:04  -  Total Remote Usage
		Usr 0 00:00:00, Sys 0 00:00:00  -  Total Local Usage
	0  -  Run Bytes Sent By Job
	0  -  Run Bytes Received By Job
	0  -  Total Bytes Sent By Job
	0  -  Total Bytes Received By Job
	Partitionable Resources :    Usage  Request Allocated
	   Cpus                 :                 1         1
	   Disk (KB)            :        2        2  22685400
	   Memory (MB)          :      775        1      4015
...
000 (4046674.533.000) 03/15 23:56:09 Job submitted from host: <192.168.1.109:9618?addrs=192.168.1.109-9618+[--1]-9618&noUDP&sock=3153_969b_4>
...
