000 (4046621.2127.000) 03/15 20:22:33 Job submitted from host: <192.168.1.109:9618?addrs=192.168.1.109-9618+[--1]-9618&noUDP&sock=3153_969b_4>
...
009 (4046621.2127.000) 03/15 20:25:13 Job was aborted by the user.
	via condor_rm (by user routray)
...
000 (4046640.2127.000) 03/15 21:06:41 Job submitted from host: <192.168.1.109:9618?addrs=192.168.1.109-9618+[--1]-9618&noUDP&sock=3153_969b_4>
...
001 (4046640.2127.000) 03/15 21:27:17 Job executing on host: <192.168.1.50:9618?addrs=192.168.1.50-9618+[--1]-9618&noUDP&sock=3247_5221_3>
...
006 (4046640.2127.000) 03/15 21:27:25 Image size of job updated: 14928
	15  -  MemoryUsage of job (MB)
	14928  -  ResidentSetSize of job (KB)
...
006 (4046640.2127.000) 03/15 21:32:25 Image size of job updated: 704628
	688  -  MemoryUsage of job (MB)
	704192  -  ResidentSetSize of job (KB)
...
006 (4046640.2127.000) 03/15 21:33:25 Image size of job updated: 1363764
	688  -  MemoryUsage of job (MB)
	704192  -  ResidentSetSize of job (KB)
...
005 (4046640.2127.000) 03/15 21:33:25 Job terminated.
	(1) Normal termination (return value 0)
		Usr 0 00:00:31, Sys 0 00:00:06  -  Run Remote Usage
		Usr 0 00:00:00, Sys 0 00:00:00  -  Run Local Usage
		Usr 0 00:00:31, Sys 0 00:00:06  -  Total Remote Usage
		Usr 0 00:00:00, Sys 0 00:00:00  -  Total Local Usage
	0  -  Run Bytes Sent By Job
	0  -  Run Bytes Received By Job
	0  -  Total Bytes Sent By Job
	0  -  Total Bytes Received By Job
	Partitionable Resources :    Usage  Request Allocated
	   Cpus                 :                 1         1
	   Disk (KB)            :        2        2  28493273
	   Memory (MB)          :      688        1      4020
...
000 (4047694.2127.000) 03/16 10:19:06 Job submitted from host: <192.168.1.109:9618?addrs=192.168.1.109-9618+[--1]-9618&noUDP&sock=3153_969b_4>
...
001 (4047694.2127.000) 03/16 10:21:38 Job executing on host: <192.168.1.46:9618?addrs=192.168.1.46-9618+[--1]-9618&noUDP&sock=3272_2797_3>
...
006 (4047694.2127.000) 03/16 10:21:39 Image size of job updated: 125924
	0  -  MemoryUsage of job (MB)
	0  -  ResidentSetSize of job (KB)
...
005 (4047694.2127.000) 03/16 10:21:58 Job terminated.
	(1) Normal termination (return value 1)
		Usr 0 00:00:00, Sys 0 00:00:00  -  Run Remote Usage
		Usr 0 00:00:00, Sys 0 00:00:00  -  Run Local Usage
		Usr 0 00:00:00, Sys 0 00:00:00  -  Total Remote Usage
		Usr 0 00:00:00, Sys 0 00:00:00  -  Total Local Usage
	0  -  Run Bytes Sent By Job
	0  -  Run Bytes Received By Job
	0  -  Total Bytes Sent By Job
	0  -  Total Bytes Received By Job
	Partitionable Resources :    Usage  Request Allocated
	   Cpus                 :                 1         1
	   Disk (KB)            :        2        2  20459165
	   Memory (MB)          :        0        1      4022
...
000 (4047695.2127.000) 03/16 10:31:43 Job submitted from host: <192.168.1.109:9618?addrs=192.168.1.109-9618+[--1]-9618&noUDP&sock=3153_969b_4>
...
001 (4047695.2127.000) 03/16 10:51:02 Job executing on host: <192.168.1.49:9618?addrs=192.168.1.49-9618+[--1]-9618&noUDP&sock=3240_e427_3>
...
006 (4047695.2127.000) 03/16 10:51:11 Image size of job updated: 14920
	15  -  MemoryUsage of job (MB)
	14920  -  ResidentSetSize of job (KB)
...
006 (4047695.2127.000) 03/16 10:56:11 Image size of job updated: 698516
	679  -  MemoryUsage of job (MB)
	694780  -  ResidentSetSize of job (KB)
...
006 (4047695.2127.000) 03/16 10:56:48 Image size of job updated: 760408
	679  -  MemoryUsage of job (MB)
	694780  -  ResidentSetSize of job (KB)
...
005 (4047695.2127.000) 03/16 10:56:48 Job terminated.
	(1) Normal termination (return value 0)
		Usr 0 00:00:33, Sys 0 00:00:06  -  Run Remote Usage
		Usr 0 00:00:00, Sys 0 00:00:00  -  Run Local Usage
		Usr 0 00:00:33, Sys 0 00:00:06  -  Total Remote Usage
		Usr 0 00:00:00, Sys 0 00:00:00  -  Total Local Usage
	0  -  Run Bytes Sent By Job
	0  -  Run Bytes Received By Job
	0  -  Total Bytes Sent By Job
	0  -  Total Bytes Received By Job
	Partitionable Resources :    Usage  Request Allocated
	   Cpus                 :                 1         1
	   Disk (KB)            :        2        2  28491601
	   Memory (MB)          :      679        1      4020
...
000 (4048296.2127.000) 03/16 11:27:14 Job submitted from host: <192.168.1.109:9618?addrs=192.168.1.109-9618+[--1]-9618&noUDP&sock=3153_969b_4>
...
009 (4048296.2127.000) 03/16 11:28:10 Job was aborted by the user.
	via condor_rm (by user routray)
...
