000 (4046621.1560.000) 03/15 20:22:29 Job submitted from host: <192.168.1.109:9618?addrs=192.168.1.109-9618+[--1]-9618&noUDP&sock=3153_969b_4>
...
009 (4046621.1560.000) 03/15 20:25:09 Job was aborted by the user.
	via condor_rm (by user routray)
...
000 (4046640.1560.000) 03/15 21:06:38 Job submitted from host: <192.168.1.109:9618?addrs=192.168.1.109-9618+[--1]-9618&noUDP&sock=3153_969b_4>
...
001 (4046640.1560.000) 03/15 21:21:17 Job executing on host: <192.168.1.41:9618?addrs=192.168.1.41-9618+[--1]-9618&noUDP&sock=3368_a17e_3>
...
006 (4046640.1560.000) 03/15 21:21:26 Image size of job updated: 36548
	36  -  MemoryUsage of job (MB)
	36540  -  ResidentSetSize of job (KB)
...
006 (4046640.1560.000) 03/15 21:26:27 Image size of job updated: 633984
	619  -  MemoryUsage of job (MB)
	633432  -  ResidentSetSize of job (KB)
...
006 (4046640.1560.000) 03/15 21:27:46 Image size of job updated: 1363768
	619  -  MemoryUsage of job (MB)
	633432  -  ResidentSetSize of job (KB)
...
005 (4046640.1560.000) 03/15 21:27:46 Job terminated.
	(1) Normal termination (return value 0)
		Usr 0 00:00:31, Sys 0 00:00:08  -  Run Remote Usage
		Usr 0 00:00:00, Sys 0 00:00:00  -  Run Local Usage
		Usr 0 00:00:31, Sys 0 00:00:08  -  Total Remote Usage
		Usr 0 00:00:00, Sys 0 00:00:00  -  Total Local Usage
	0  -  Run Bytes Sent By Job
	0  -  Run Bytes Received By Job
	0  -  Total Bytes Sent By Job
	0  -  Total Bytes Received By Job
	Partitionable Resources :    Usage  Request Allocated
	   Cpus                 :                 1         1
	   Disk (KB)            :        2        2  20458619
	   Memory (MB)          :      619        1      4022
...
000 (4046674.1560.000) 03/15 23:56:13 Job submitted from host: <192.168.1.109:9618?addrs=192.168.1.109-9618+[--1]-9618&noUDP&sock=3153_969b_4>
...
009 (4046674.1560.000) 03/16 00:49:30 Job was aborted by the user.
	via condor_rm (by user routray)
...
000 (4047692.1560.000) 03/16 09:41:59 Job submitted from host: <192.168.1.109:9618?addrs=192.168.1.109-9618+[--1]-9618&noUDP&sock=3153_969b_4>
...
001 (4047692.1560.000) 03/16 10:04:41 Job executing on host: <192.168.1.45:9618?addrs=192.168.1.45-9618+[--1]-9618&noUDP&sock=3341_bd3f_3>
...
006 (4047692.1560.000) 03/16 10:04:50 Image size of job updated: 26732
	26  -  MemoryUsage of job (MB)
	26588  -  ResidentSetSize of job (KB)
...
006 (4047692.1560.000) 03/16 10:09:51 Image size of job updated: 686928
	671  -  MemoryUsage of job (MB)
	686816  -  ResidentSetSize of job (KB)
...
005 (4047692.1560.000) 03/16 10:12:26 Job terminated.
	(1) Normal termination (return value 0)
		Usr 0 00:00:18, Sys 0 00:00:05  -  Run Remote Usage
		Usr 0 00:00:00, Sys 0 00:00:00  -  Run Local Usage
		Usr 0 00:00:18, Sys 0 00:00:05  -  Total Remote Usage
		Usr 0 00:00:00, Sys 0 00:00:00  -  Total Local Usage
	0  -  Run Bytes Sent By Job
	0  -  Run Bytes Received By Job
	0  -  Total Bytes Sent By Job
	0  -  Total Bytes Received By Job
	Partitionable Resources :    Usage  Request Allocated
	   Cpus                 :                 1         1
	   Disk (KB)            :        2        2  20460089
	   Memory (MB)          :      671        1      4022
...
000 (4047694.1560.000) 03/16 10:19:02 Job submitted from host: <192.168.1.109:9618?addrs=192.168.1.109-9618+[--1]-9618&noUDP&sock=3153_969b_4>
...
001 (4047694.1560.000) 03/16 10:20:55 Job executing on host: <192.168.1.50:9618?addrs=192.168.1.50-9618+[--1]-9618&noUDP&sock=3247_5221_3>
...
006 (4047694.1560.000) 03/16 10:20:56 Image size of job updated: 1048
	0  -  MemoryUsage of job (MB)
	0  -  ResidentSetSize of job (KB)
...
005 (4047694.1560.000) 03/16 10:21:01 Job terminated.
	(1) Normal termination (return value 1)
		Usr 0 00:00:00, Sys 0 00:00:00  -  Run Remote Usage
		Usr 0 00:00:00, Sys 0 00:00:00  -  Run Local Usage
		Usr 0 00:00:00, Sys 0 00:00:00  -  Total Remote Usage
		Usr 0 00:00:00, Sys 0 00:00:00  -  Total Local Usage
	0  -  Run Bytes Sent By Job
	0  -  Run Bytes Received By Job
	0  -  Total Bytes Sent By Job
	0  -  Total Bytes Received By Job
	Partitionable Resources :    Usage  Request Allocated
	   Cpus                 :                 1         1
	   Disk (KB)            :        2        2  28493273
	   Memory (MB)          :        0        1      4020
...
000 (4047695.1560.000) 03/16 10:31:40 Job submitted from host: <192.168.1.109:9618?addrs=192.168.1.109-9618+[--1]-9618&noUDP&sock=3153_969b_4>
...
001 (4047695.1560.000) 03/16 10:44:54 Job executing on host: <192.168.1.44:9618?addrs=192.168.1.44-9618+[--1]-9618&noUDP&sock=3035_ca7b_3>
...
006 (4047695.1560.000) 03/16 10:45:03 Image size of job updated: 26808
	27  -  MemoryUsage of job (MB)
	26808  -  ResidentSetSize of job (KB)
...
006 (4047695.1560.000) 03/16 10:50:04 Image size of job updated: 599560
	585  -  MemoryUsage of job (MB)
	598872  -  ResidentSetSize of job (KB)
...
006 (4047695.1560.000) 03/16 10:51:17 Image size of job updated: 599560
	585  -  MemoryUsage of job (MB)
	598888  -  ResidentSetSize of job (KB)
...
005 (4047695.1560.000) 03/16 10:51:20 Job terminated.
	(1) Normal termination (return value 0)
		Usr 0 00:00:30, Sys 0 00:00:07  -  Run Remote Usage
		Usr 0 00:00:00, Sys 0 00:00:00  -  Run Local Usage
		Usr 0 00:00:30, Sys 0 00:00:07  -  Total Remote Usage
		Usr 0 00:00:00, Sys 0 00:00:00  -  Total Local Usage
	0  -  Run Bytes Sent By Job
	0  -  Run Bytes Received By Job
	0  -  Total Bytes Sent By Job
	0  -  Total Bytes Received By Job
	Partitionable Resources :    Usage  Request Allocated
	   Cpus                 :                 1         1
	   Disk (KB)            :        2        2  20458817
	   Memory (MB)          :      585        1      4022
...
000 (4048296.1560.000) 03/16 11:27:10 Job submitted from host: <192.168.1.109:9618?addrs=192.168.1.109-9618+[--1]-9618&noUDP&sock=3153_969b_4>
...
009 (4048296.1560.000) 03/16 11:28:05 Job was aborted by the user.
	via condor_rm (by user routray)
...
