000 (4046621.1065.000) 03/15 20:22:24 Job submitted from host: <192.168.1.109:9618?addrs=192.168.1.109-9618+[--1]-9618&noUDP&sock=3153_969b_4>
...
001 (4046621.1065.000) 03/15 20:24:12 Job executing on host: <192.168.1.54:9618?addrs=192.168.1.54-9618+[--1]-9618&noUDP&sock=3362_92b5_36>
...
006 (4046621.1065.000) 03/15 20:24:13 Image size of job updated: 2
	0  -  MemoryUsage of job (MB)
	0  -  ResidentSetSize of job (KB)
...
005 (4046621.1065.000) 03/15 20:24:20 Job terminated.
	(1) Normal termination (return value 1)
		Usr 0 00:00:00, Sys 0 00:00:00  -  Run Remote Usage
		Usr 0 00:00:00, Sys 0 00:00:00  -  Run Local Usage
		Usr 0 00:00:00, Sys 0 00:00:00  -  Total Remote Usage
		Usr 0 00:00:00, Sys 0 00:00:00  -  Total Local Usage
	0  -  Run Bytes Sent By Job
	0  -  Run Bytes Received By Job
	0  -  Total Bytes Sent By Job
	0  -  Total Bytes Received By Job
	Partitionable Resources :    Usage  Request Allocated
	   Cpus                 :                 1         1
	   Disk (KB)            :        2        2  22660606
	   Memory (MB)          :        0        1      4001
...
000 (4046640.1065.000) 03/15 21:06:36 Job submitted from host: <192.168.1.109:9618?addrs=192.168.1.109-9618+[--1]-9618&noUDP&sock=3153_969b_4>
...
001 (4046640.1065.000) 03/15 21:14:13 Job executing on host: <192.168.1.39:9618?addrs=192.168.1.39-9618+[--1]-9618&noUDP&sock=3239_16fe_3>
...
006 (4046640.1065.000) 03/15 21:14:22 Image size of job updated: 50848
	50  -  MemoryUsage of job (MB)
	50676  -  ResidentSetSize of job (KB)
...
006 (4046640.1065.000) 03/15 21:19:23 Image size of job updated: 650656
	634  -  MemoryUsage of job (MB)
	648396  -  ResidentSetSize of job (KB)
...
005 (4046640.1065.000) 03/15 21:21:12 Job terminated.
	(1) Normal termination (return value 0)
		Usr 0 00:00:28, Sys 0 00:00:06  -  Run Remote Usage
		Usr 0 00:00:00, Sys 0 00:00:00  -  Run Local Usage
		Usr 0 00:00:28, Sys 0 00:00:06  -  Total Remote Usage
		Usr 0 00:00:00, Sys 0 00:00:00  -  Total Local Usage
	0  -  Run Bytes Sent By Job
	0  -  Run Bytes Received By Job
	0  -  Total Bytes Sent By Job
	0  -  Total Bytes Received By Job
	Partitionable Resources :    Usage  Request Allocated
	   Cpus                 :                 1         1
	   Disk (KB)            :        2        2  20460459
	   Memory (MB)          :      634        1      4022
...
000 (4046674.1065.000) 03/15 23:56:11 Job submitted from host: <192.168.1.109:9618?addrs=192.168.1.109-9618+[--1]-9618&noUDP&sock=3153_969b_4>
...
009 (4046674.1065.000) 03/16 00:49:26 Job was aborted by the user.
	via condor_rm (by user routray)
...
000 (4047692.1065.000) 03/16 09:41:55 Job submitted from host: <192.168.1.109:9618?addrs=192.168.1.109-9618+[--1]-9618&noUDP&sock=3153_969b_4>
...
001 (4047692.1065.000) 03/16 09:55:21 Job executing on host: <192.168.1.49:9618?addrs=192.168.1.49-9618+[--1]-9618&noUDP&sock=3240_e427_3>
...
006 (4047692.1065.000) 03/16 09:55:30 Image size of job updated: 46840
	46  -  MemoryUsage of job (MB)
	46772  -  ResidentSetSize of job (KB)
...
006 (4047692.1065.000) 03/16 10:00:31 Image size of job updated: 623772
	610  -  MemoryUsage of job (MB)
	623772  -  ResidentSetSize of job (KB)
...
006 (4047692.1065.000) 03/16 10:03:45 Image size of job updated: 1393628
	610  -  MemoryUsage of job (MB)
	623772  -  ResidentSetSize of job (KB)
...
005 (4047692.1065.000) 03/16 10:03:45 Job terminated.
	(1) Normal termination (return value 0)
		Usr 0 00:00:19, Sys 0 00:00:04  -  Run Remote Usage
		Usr 0 00:00:00, Sys 0 00:00:00  -  Run Local Usage
		Usr 0 00:00:19, Sys 0 00:00:04  -  Total Remote Usage
		Usr 0 00:00:00, Sys 0 00:00:00  -  Total Local Usage
	0  -  Run Bytes Sent By Job
	0  -  Run Bytes Received By Job
	0  -  Total Bytes Sent By Job
	0  -  Total Bytes Received By Job
	Partitionable Resources :    Usage  Request Allocated
	   Cpus                 :                 1         1
	   Disk (KB)            :        2        2  28491601
	   Memory (MB)          :      610        1      4020
...
000 (4047694.1065.000) 03/16 10:18:59 Job submitted from host: <192.168.1.109:9618?addrs=192.168.1.109-9618+[--1]-9618&noUDP&sock=3153_969b_4>
...
001 (4047694.1065.000) 03/16 10:20:12 Job executing on host: <192.168.1.43:9618?addrs=192.168.1.43-9618+[--1]-9618&noUDP&sock=3360_24bc_3>
...
006 (4047694.1065.000) 03/16 10:20:13 Image size of job updated: 118852
	0  -  MemoryUsage of job (MB)
	0  -  ResidentSetSize of job (KB)
...
005 (4047694.1065.000) 03/16 10:20:18 Job terminated.
	(1) Normal termination (return value 1)
		Usr 0 00:00:00, Sys 0 00:00:00  -  Run Remote Usage
		Usr 0 00:00:00, Sys 0 00:00:00  -  Run Local Usage
		Usr 0 00:00:00, Sys 0 00:00:00  -  Total Remote Usage
		Usr 0 00:00:00, Sys 0 00:00:00  -  Total Local Usage
	0  -  Run Bytes Sent By Job
	0  -  Run Bytes Received By Job
	0  -  Total Bytes Sent By Job
	0  -  Total Bytes Received By Job
	Partitionable Resources :    Usage  Request Allocated
	   Cpus                 :                 1         1
	   Disk (KB)            :        2        2  20458451
	   Memory (MB)          :        0        1      4022
...
000 (4047695.1065.000) 03/16 10:31:38 Job submitted from host: <192.168.1.109:9618?addrs=192.168.1.109-9618+[--1]-9618&noUDP&sock=3153_969b_4>
...
001 (4047695.1065.000) 03/16 10:38:45 Job executing on host: <192.168.1.40:9618?addrs=192.168.1.40-9618+[--1]-9618&noUDP&sock=3366_a17e_3>
...
006 (4047695.1065.000) 03/16 10:38:54 Image size of job updated: 56568
	56  -  MemoryUsage of job (MB)
	56516  -  ResidentSetSize of job (KB)
...
006 (4047695.1065.000) 03/16 10:43:54 Image size of job updated: 674768
	659  -  MemoryUsage of job (MB)
	674420  -  ResidentSetSize of job (KB)
...
006 (4047695.1065.000) 03/16 10:44:52 Image size of job updated: 1363772
	659  -  MemoryUsage of job (MB)
	674420  -  ResidentSetSize of job (KB)
...
005 (4047695.1065.000) 03/16 10:44:52 Job terminated.
	(1) Normal termination (return value 0)
		Usr 0 00:00:25, Sys 0 00:00:05  -  Run Remote Usage
		Usr 0 00:00:00, Sys 0 00:00:00  -  Run Local Usage
		Usr 0 00:00:25, Sys 0 00:00:05  -  Total Remote Usage
		Usr 0 00:00:00, Sys 0 00:00:00  -  Total Local Usage
	0  -  Run Bytes Sent By Job
	0  -  Run Bytes Received By Job
	0  -  Total Bytes Sent By Job
	0  -  Total Bytes Received By Job
	Partitionable Resources :    Usage  Request Allocated
	   Cpus                 :                 1         1
	   Disk (KB)            :        2        2  20457847
	   Memory (MB)          :      659        1      4022
...
000 (4048296.1065.000) 03/16 11:27:08 Job submitted from host: <192.168.1.109:9618?addrs=192.168.1.109-9618+[--1]-9618&noUDP&sock=3153_969b_4>
...
009 (4048296.1065.000) 03/16 11:28:01 Job was aborted by the user.
	via condor_rm (by user routray)
...
