000 (4046621.1908.000) 03/15 20:22:32 Job submitted from host: <192.168.1.109:9618?addrs=192.168.1.109-9618+[--1]-9618&noUDP&sock=3153_969b_4>
...
009 (4046621.1908.000) 03/15 20:25:11 Job was aborted by the user.
	via condor_rm (by user routray)
...
000 (4046640.1908.000) 03/15 21:06:40 Job submitted from host: <192.168.1.109:9618?addrs=192.168.1.109-9618+[--1]-9618&noUDP&sock=3153_969b_4>
...
001 (4046640.1908.000) 03/15 21:23:47 Job executing on host: <192.168.1.57:9618?addrs=192.168.1.57-9618+[--1]-9618&noUDP&sock=3323_d284_32>
...
006 (4046640.1908.000) 03/15 21:23:56 Image size of job updated: 75516
	62  -  MemoryUsage of job (MB)
	63088  -  ResidentSetSize of job (KB)
...
006 (4046640.1908.000) 03/15 21:27:20 Image size of job updated: 776164
	62  -  MemoryUsage of job (MB)
	63120  -  ResidentSetSize of job (KB)
...
005 (4046640.1908.000) 03/15 21:27:20 Job terminated.
	(1) Normal termination (return value 0)
		Usr 0 00:00:37, Sys 0 00:00:05  -  Run Remote Usage
		Usr 0 00:00:00, Sys 0 00:00:00  -  Run Local Usage
		Usr 0 00:00:37, Sys 0 00:00:05  -  Total Remote Usage
		Usr 0 00:00:00, Sys 0 00:00:00  -  Total Local Usage
	0  -  Run Bytes Sent By Job
	0  -  Run Bytes Received By Job
	0  -  Total Bytes Sent By Job
	0  -  Total Bytes Received By Job
	Partitionable Resources :    Usage  Request Allocated
	   Cpus                 :                 1         1
	   Disk (KB)            :        2        2  22661171
	   Memory (MB)          :       62        1      4001
...
000 (4046674.1908.000) 03/15 23:56:15 Job submitted from host: <192.168.1.109:9618?addrs=192.168.1.109-9618+[--1]-9618&noUDP&sock=3153_969b_4>
...
009 (4046674.1908.000) 03/16 00:49:32 Job was aborted by the user.
	via condor_rm (by user routray)
...
000 (4047692.1908.000) 03/16 09:42:01 Job submitted from host: <192.168.1.109:9618?addrs=192.168.1.109-9618+[--1]-9618&noUDP&sock=3153_969b_4>
...
001 (4047692.1908.000) 03/16 10:04:50 Job executing on host: <192.168.1.50:9618?addrs=192.168.1.50-9618+[--1]-9618&noUDP&sock=3247_5221_3>
...
006 (4047692.1908.000) 03/16 10:04:59 Image size of job updated: 211168
	199  -  MemoryUsage of job (MB)
	202896  -  ResidentSetSize of job (KB)
...
006 (4047692.1908.000) 03/16 10:09:59 Image size of job updated: 707340
	691  -  MemoryUsage of job (MB)
	707180  -  ResidentSetSize of job (KB)
...
006 (4047692.1908.000) 03/16 10:12:01 Image size of job updated: 723808
	691  -  MemoryUsage of job (MB)
	707180  -  ResidentSetSize of job (KB)
...
005 (4047692.1908.000) 03/16 10:12:01 Job terminated.
	(1) Normal termination (return value 0)
		Usr 0 00:00:17, Sys 0 00:00:03  -  Run Remote Usage
		Usr 0 00:00:00, Sys 0 00:00:00  -  Run Local Usage
		Usr 0 00:00:17, Sys 0 00:00:03  -  Total Remote Usage
		Usr 0 00:00:00, Sys 0 00:00:00  -  Total Local Usage
	0  -  Run Bytes Sent By Job
	0  -  Run Bytes Received By Job
	0  -  Total Bytes Sent By Job
	0  -  Total Bytes Received By Job
	Partitionable Resources :    Usage  Request Allocated
	   Cpus                 :                 1         1
	   Disk (KB)            :        2        2  28493273
	   Memory (MB)          :      691        1      4020
...
000 (4047694.1908.000) 03/16 10:19:04 Job submitted from host: <192.168.1.109:9618?addrs=192.168.1.109-9618+[--1]-9618&noUDP&sock=3153_969b_4>
...
001 (4047694.1908.000) 03/16 10:21:23 Job executing on host: <192.168.1.46:9618?addrs=192.168.1.46-9618+[--1]-9618&noUDP&sock=3272_2797_3>
...
006 (4047694.1908.000) 03/16 10:21:25 Image size of job updated: 119284
	0  -  MemoryUsage of job (MB)
	0  -  ResidentSetSize of job (KB)
...
005 (4047694.1908.000) 03/16 10:23:29 Job terminated.
	(1) Normal termination (return value 1)
		Usr 0 00:00:00, Sys 0 00:00:00  -  Run Remote Usage
		Usr 0 00:00:00, Sys 0 00:00:00  -  Run Local Usage
		Usr 0 00:00:00, Sys 0 00:00:00  -  Total Remote Usage
		Usr 0 00:00:00, Sys 0 00:00:00  -  Total Local Usage
	0  -  Run Bytes Sent By Job
	0  -  Run Bytes Received By Job
	0  -  Total Bytes Sent By Job
	0  -  Total Bytes Received By Job
	Partitionable Resources :    Usage  Request Allocated
	   Cpus                 :                 1         1
	   Disk (KB)            :        2        2  20459165
	   Memory (MB)          :        0        1      4022
...
000 (4047695.1908.000) 03/16 10:31:42 Job submitted from host: <192.168.1.109:9618?addrs=192.168.1.109-9618+[--1]-9618&noUDP&sock=3153_969b_4>
...
001 (4047695.1908.000) 03/16 10:48:58 Job executing on host: <192.168.1.60:9618?addrs=192.168.1.60-9618+[--1]-9618&noUDP&sock=3480_d34a_3>
...
006 (4047695.1908.000) 03/16 10:49:07 Image size of job updated: 44568
	44  -  MemoryUsage of job (MB)
	44312  -  ResidentSetSize of job (KB)
...
005 (4047695.1908.000) 03/16 10:51:34 Job terminated.
	(1) Normal termination (return value 0)
		Usr 0 00:00:46, Sys 0 00:00:06  -  Run Remote Usage
		Usr 0 00:00:00, Sys 0 00:00:00  -  Run Local Usage
		Usr 0 00:00:46, Sys 0 00:00:06  -  Total Remote Usage
		Usr 0 00:00:00, Sys 0 00:00:00  -  Total Local Usage
	0  -  Run Bytes Sent By Job
	0  -  Run Bytes Received By Job
	0  -  Total Bytes Sent By Job
	0  -  Total Bytes Received By Job
	Partitionable Resources :    Usage  Request Allocated
	   Cpus                 :                 1         1
	   Disk (KB)            :        2        2  22661048
	   Memory (MB)          :       44        1      4001
...
000 (4048296.1908.000) 03/16 11:27:12 Job submitted from host: <192.168.1.109:9618?addrs=192.168.1.109-9618+[--1]-9618&noUDP&sock=3153_969b_4>
...
009 (4048296.1908.000) 03/16 11:28:08 Job was aborted by the user.
	via condor_rm (by user routray)
...
