000 (4046621.1156.000) 03/15 20:22:25 Job submitted from host: <192.168.1.109:9618?addrs=192.168.1.109-9618+[--1]-9618&noUDP&sock=3153_969b_4>
...
001 (4046621.1156.000) 03/15 20:24:20 Job executing on host: <192.168.1.42:9618?addrs=192.168.1.42-9618+[--1]-9618&noUDP&sock=3360_3385_3>
...
006 (4046621.1156.000) 03/15 20:24:21 Image size of job updated: 6168
	0  -  MemoryUsage of job (MB)
	0  -  ResidentSetSize of job (KB)
...
005 (4046621.1156.000) 03/15 20:24:52 Job terminated.
	(1) Normal termination (return value 1)
		Usr 0 00:00:00, Sys 0 00:00:00  -  Run Remote Usage
		Usr 0 00:00:00, Sys 0 00:00:00  -  Run Local Usage
		Usr 0 00:00:00, Sys 0 00:00:00  -  Total Remote Usage
		Usr 0 00:00:00, Sys 0 00:00:00  -  Total Local Usage
	0  -  Run Bytes Sent By Job
	0  -  Run Bytes Received By Job
	0  -  Total Bytes Sent By Job
	0  -  Total Bytes Received By Job
	Partitionable Resources :    Usage  Request Allocated
	   Cpus                 :                 1         1
	   Disk (KB)            :        2        2  20458261
	   Memory (MB)          :        0        1      4022
...
009 (4046621.1156.000) 03/15 20:24:52 Job was aborted by the user.
	via condor_rm (by user routray)
...
009 (4046621.1156.000) 03/15 20:24:56 Job was aborted by the user.
	via condor_rm (by user routray)
...
000 (4046640.1156.000) 03/15 21:06:37 Job submitted from host: <192.168.1.109:9618?addrs=192.168.1.109-9618+[--1]-9618&noUDP&sock=3153_969b_4>
...
001 (4046640.1156.000) 03/15 21:17:18 Job executing on host: <192.168.1.45:9618?addrs=192.168.1.45-9618+[--1]-9618&noUDP&sock=3341_bd3f_3>
...
006 (4046640.1156.000) 03/15 21:17:26 Image size of job updated: 114448
	100  -  MemoryUsage of job (MB)
	101672  -  ResidentSetSize of job (KB)
...
006 (4046640.1156.000) 03/15 21:21:21 Image size of job updated: 1363764
	100  -  MemoryUsage of job (MB)
	101672  -  ResidentSetSize of job (KB)
...
005 (4046640.1156.000) 03/15 21:21:31 Job terminated.
	(1) Normal termination (return value 0)
		Usr 0 00:00:24, Sys 0 00:00:04  -  Run Remote Usage
		Usr 0 00:00:00, Sys 0 00:00:00  -  Run Local Usage
		Usr 0 00:00:24, Sys 0 00:00:04  -  Total Remote Usage
		Usr 0 00:00:00, Sys 0 00:00:00  -  Total Local Usage
	0  -  Run Bytes Sent By Job
	0  -  Run Bytes Received By Job
	0  -  Total Bytes Sent By Job
	0  -  Total Bytes Received By Job
	Partitionable Resources :    Usage  Request Allocated
	   Cpus                 :                 1         1
	   Disk (KB)            :        2        2  20460088
	   Memory (MB)          :      100        1      4022
...
000 (4046674.1156.000) 03/15 23:56:12 Job submitted from host: <192.168.1.109:9618?addrs=192.168.1.109-9618+[--1]-9618&noUDP&sock=3153_969b_4>
...
009 (4046674.1156.000) 03/16 00:49:27 Job was aborted by the user.
	via condor_rm (by user routray)
...
000 (4047692.1156.000) 03/16 09:41:56 Job submitted from host: <192.168.1.109:9618?addrs=192.168.1.109-9618+[--1]-9618&noUDP&sock=3153_969b_4>
...
001 (4047692.1156.000) 03/16 09:55:26 Job executing on host: <192.168.1.46:9618?addrs=192.168.1.46-9618+[--1]-9618&noUDP&sock=3272_2797_3>
...
006 (4047692.1156.000) 03/16 09:55:35 Image size of job updated: 33844
	34  -  MemoryUsage of job (MB)
	33844  -  ResidentSetSize of job (KB)
...
006 (4047692.1156.000) 03/16 10:00:35 Image size of job updated: 573268
	560  -  MemoryUsage of job (MB)
	572848  -  ResidentSetSize of job (KB)
...
006 (4047692.1156.000) 03/16 10:04:42 Image size of job updated: 679380
	560  -  MemoryUsage of job (MB)
	572848  -  ResidentSetSize of job (KB)
...
005 (4047692.1156.000) 03/16 10:04:42 Job terminated.
	(1) Normal termination (return value 0)
		Usr 0 00:00:19, Sys 0 00:00:06  -  Run Remote Usage
		Usr 0 00:00:00, Sys 0 00:00:00  -  Run Local Usage
		Usr 0 00:00:19, Sys 0 00:00:06  -  Total Remote Usage
		Usr 0 00:00:00, Sys 0 00:00:00  -  Total Local Usage
	0  -  Run Bytes Sent By Job
	0  -  Run Bytes Received By Job
	0  -  Total Bytes Sent By Job
	0  -  Total Bytes Received By Job
	Partitionable Resources :    Usage  Request Allocated
	   Cpus                 :                 1         1
	   Disk (KB)            :        2        2  20459164
	   Memory (MB)          :      560        1      4022
...
000 (4047694.1156.000) 03/16 10:18:59 Job submitted from host: <192.168.1.109:9618?addrs=192.168.1.109-9618+[--1]-9618&noUDP&sock=3153_969b_4>
...
001 (4047694.1156.000) 03/16 10:20:20 Job executing on host: <192.168.1.39:9618?addrs=192.168.1.39-9618+[--1]-9618&noUDP&sock=3239_16fe_3>
...
006 (4047694.1156.000) 03/16 10:20:21 Image size of job updated: 124644
	0  -  MemoryUsage of job (MB)
	0  -  ResidentSetSize of job (KB)
...
005 (4047694.1156.000) 03/16 10:21:29 Job terminated.
	(1) Normal termination (return value 1)
		Usr 0 00:00:00, Sys 0 00:00:00  -  Run Remote Usage
		Usr 0 00:00:00, Sys 0 00:00:00  -  Run Local Usage
		Usr 0 00:00:00, Sys 0 00:00:00  -  Total Remote Usage
		Usr 0 00:00:00, Sys 0 00:00:00  -  Total Local Usage
	0  -  Run Bytes Sent By Job
	0  -  Run Bytes Received By Job
	0  -  Total Bytes Sent By Job
	0  -  Total Bytes Received By Job
	Partitionable Resources :    Usage  Request Allocated
	   Cpus                 :                 1         1
	   Disk (KB)            :        2        2  20460460
	   Memory (MB)          :        0        1      4022
...
000 (4047695.1156.000) 03/16 10:31:38 Job submitted from host: <192.168.1.109:9618?addrs=192.168.1.109-9618+[--1]-9618&noUDP&sock=3153_969b_4>
...
001 (4047695.1156.000) 03/16 10:38:50 Job executing on host: <192.168.1.46:9618?addrs=192.168.1.46-9618+[--1]-9618&noUDP&sock=3272_2797_3>
...
006 (4047695.1156.000) 03/16 10:38:59 Image size of job updated: 48692
	48  -  MemoryUsage of job (MB)
	48660  -  ResidentSetSize of job (KB)
...
006 (4047695.1156.000) 03/16 10:44:00 Image size of job updated: 625020
	604  -  MemoryUsage of job (MB)
	618108  -  ResidentSetSize of job (KB)
...
006 (4047695.1156.000) 03/16 10:44:46 Image size of job updated: 1363768
	604  -  MemoryUsage of job (MB)
	618108  -  ResidentSetSize of job (KB)
...
005 (4047695.1156.000) 03/16 10:44:46 Job terminated.
	(1) Normal termination (return value 0)
		Usr 0 00:00:27, Sys 0 00:00:07  -  Run Remote Usage
		Usr 0 00:00:00, Sys 0 00:00:00  -  Run Local Usage
		Usr 0 00:00:27, Sys 0 00:00:07  -  Total Remote Usage
		Usr 0 00:00:00, Sys 0 00:00:00  -  Total Local Usage
	0  -  Run Bytes Sent By Job
	0  -  Run Bytes Received By Job
	0  -  Total Bytes Sent By Job
	0  -  Total Bytes Received By Job
	Partitionable Resources :    Usage  Request Allocated
	   Cpus                 :                 1         1
	   Disk (KB)            :        2        2  20459164
	   Memory (MB)          :      604        1      4022
...
000 (4048296.1156.000) 03/16 11:27:08 Job submitted from host: <192.168.1.109:9618?addrs=192.168.1.109-9618+[--1]-9618&noUDP&sock=3153_969b_4>
...
009 (4048296.1156.000) 03/16 11:28:02 Job was aborted by the user.
	via condor_rm (by user routray)
...
