000 (4046621.1259.000) 03/15 20:22:26 Job submitted from host: <192.168.1.109:9618?addrs=192.168.1.109-9618+[--1]-9618&noUDP&sock=3153_969b_4>
...
001 (4046621.1259.000) 03/15 20:24:28 Job executing on host: <192.168.1.58:9618?addrs=192.168.1.58-9618+[--1]-9618&noUDP&sock=3319_c3bb_12>
...
006 (4046621.1259.000) 03/15 20:24:29 Image size of job updated: 186696
	0  -  MemoryUsage of job (MB)
	0  -  ResidentSetSize of job (KB)
...
005 (4046621.1259.000) 03/15 20:24:34 Job terminated.
	(1) Normal termination (return value 1)
		Usr 0 00:00:00, Sys 0 00:00:00  -  Run Remote Usage
		Usr 0 00:00:00, Sys 0 00:00:00  -  Run Local Usage
		Usr 0 00:00:00, Sys 0 00:00:00  -  Total Remote Usage
		Usr 0 00:00:00, Sys 0 00:00:00  -  Total Local Usage
	0  -  Run Bytes Sent By Job
	0  -  Run Bytes Received By Job
	0  -  Total Bytes Sent By Job
	0  -  Total Bytes Received By Job
	Partitionable Resources :    Usage  Request Allocated
	   Cpus                 :                 1         1
	   Disk (KB)            :        2        2  22659268
	   Memory (MB)          :        0        1      4001
...
009 (4046621.1259.000) 03/15 20:24:50 Job was aborted by the user.
	via condor_rm (by user routray)
...
009 (4046621.1259.000) 03/15 20:24:57 Job was aborted by the user.
	via condor_rm (by user routray)
...
000 (4046640.1259.000) 03/15 21:06:37 Job submitted from host: <192.168.1.109:9618?addrs=192.168.1.109-9618+[--1]-9618&noUDP&sock=3153_969b_4>
...
001 (4046640.1259.000) 03/15 21:19:33 Job executing on host: <192.168.1.42:9618?addrs=192.168.1.42-9618+[--1]-9618&noUDP&sock=3360_3385_3>
...
006 (4046640.1259.000) 03/15 21:19:41 Image size of job updated: 119972
	107  -  MemoryUsage of job (MB)
	109520  -  ResidentSetSize of job (KB)
...
005 (4046640.1259.000) 03/15 21:23:07 Job terminated.
	(1) Normal termination (return value 0)
		Usr 0 00:00:22, Sys 0 00:00:05  -  Run Remote Usage
		Usr 0 00:00:00, Sys 0 00:00:00  -  Run Local Usage
		Usr 0 00:00:22, Sys 0 00:00:05  -  Total Remote Usage
		Usr 0 00:00:00, Sys 0 00:00:00  -  Total Local Usage
	0  -  Run Bytes Sent By Job
	0  -  Run Bytes Received By Job
	0  -  Total Bytes Sent By Job
	0  -  Total Bytes Received By Job
	Partitionable Resources :    Usage  Request Allocated
	   Cpus                 :                 1         1
	   Disk (KB)            :        2        2  20458262
	   Memory (MB)          :      107        1      4022
...
000 (4046674.1259.000) 03/15 23:56:12 Job submitted from host: <192.168.1.109:9618?addrs=192.168.1.109-9618+[--1]-9618&noUDP&sock=3153_969b_4>
...
009 (4046674.1259.000) 03/16 00:49:28 Job was aborted by the user.
	via condor_rm (by user routray)
...
000 (4047692.1259.000) 03/16 09:41:56 Job submitted from host: <192.168.1.109:9618?addrs=192.168.1.109-9618+[--1]-9618&noUDP&sock=3153_969b_4>
...
001 (4047692.1259.000) 03/16 09:55:42 Job executing on host: <192.168.1.39:9618?addrs=192.168.1.39-9618+[--1]-9618&noUDP&sock=3239_16fe_3>
...
006 (4047692.1259.000) 03/16 09:55:50 Image size of job updated: 52344
	51  -  MemoryUsage of job (MB)
	52216  -  ResidentSetSize of job (KB)
...
006 (4047692.1259.000) 03/16 10:00:50 Image size of job updated: 634236
	620  -  MemoryUsage of job (MB)
	634148  -  ResidentSetSize of job (KB)
...
006 (4047692.1259.000) 03/16 10:04:26 Image size of job updated: 1393632
	620  -  MemoryUsage of job (MB)
	634148  -  ResidentSetSize of job (KB)
...
005 (4047692.1259.000) 03/16 10:04:26 Job terminated.
	(1) Normal termination (return value 0)
		Usr 0 00:00:18, Sys 0 00:00:05  -  Run Remote Usage
		Usr 0 00:00:00, Sys 0 00:00:00  -  Run Local Usage
		Usr 0 00:00:18, Sys 0 00:00:05  -  Total Remote Usage
		Usr 0 00:00:00, Sys 0 00:00:00  -  Total Local Usage
	0  -  Run Bytes Sent By Job
	0  -  Run Bytes Received By Job
	0  -  Total Bytes Sent By Job
	0  -  Total Bytes Received By Job
	Partitionable Resources :    Usage  Request Allocated
	   Cpus                 :                 1         1
	   Disk (KB)            :        2        2  20460459
	   Memory (MB)          :      620        1      4022
...
000 (4047694.1259.000) 03/16 10:19:00 Job submitted from host: <192.168.1.109:9618?addrs=192.168.1.109-9618+[--1]-9618&noUDP&sock=3153_969b_4>
...
001 (4047694.1259.000) 03/16 10:20:29 Job executing on host: <192.168.1.61:9618?addrs=192.168.1.61-9618+[--1]-9618&noUDP&sock=3335_bd3f_11>
...
006 (4047694.1259.000) 03/16 10:20:30 Image size of job updated: 2
	0  -  MemoryUsage of job (MB)
	0  -  ResidentSetSize of job (KB)
...
005 (4047694.1259.000) 03/16 10:20:34 Job terminated.
	(1) Normal termination (return value 1)
		Usr 0 00:00:00, Sys 0 00:00:00  -  Run Remote Usage
		Usr 0 00:00:00, Sys 0 00:00:00  -  Run Local Usage
		Usr 0 00:00:00, Sys 0 00:00:00  -  Total Remote Usage
		Usr 0 00:00:00, Sys 0 00:00:00  -  Total Local Usage
	0  -  Run Bytes Sent By Job
	0  -  Run Bytes Received By Job
	0  -  Total Bytes Sent By Job
	0  -  Total Bytes Received By Job
	Partitionable Resources :    Usage  Request Allocated
	   Cpus                 :                 1         1
	   Disk (KB)            :        2        2  22662096
	   Memory (MB)          :        0        1      4001
...
000 (4047695.1259.000) 03/16 10:31:39 Job submitted from host: <192.168.1.109:9618?addrs=192.168.1.109-9618+[--1]-9618&noUDP&sock=3153_969b_4>
...
001 (4047695.1259.000) 03/16 10:42:42 Job executing on host: <192.168.1.39:9618?addrs=192.168.1.39-9618+[--1]-9618&noUDP&sock=3239_16fe_3>
...
006 (4047695.1259.000) 03/16 10:42:51 Image size of job updated: 128864
	109  -  MemoryUsage of job (MB)
	111064  -  ResidentSetSize of job (KB)
...
006 (4047695.1259.000) 03/16 10:45:07 Image size of job updated: 1363772
	109  -  MemoryUsage of job (MB)
	111064  -  ResidentSetSize of job (KB)
...
005 (4047695.1259.000) 03/16 10:45:08 Job terminated.
	(1) Normal termination (return value 0)
		Usr 0 00:00:24, Sys 0 00:00:04  -  Run Remote Usage
		Usr 0 00:00:00, Sys 0 00:00:00  -  Run Local Usage
		Usr 0 00:00:24, Sys 0 00:00:04  -  Total Remote Usage
		Usr 0 00:00:00, Sys 0 00:00:00  -  Total Local Usage
	0  -  Run Bytes Sent By Job
	0  -  Run Bytes Received By Job
	0  -  Total Bytes Sent By Job
	0  -  Total Bytes Received By Job
	Partitionable Resources :    Usage  Request Allocated
	   Cpus                 :                 1         1
	   Disk (KB)            :        2        2  20460460
	   Memory (MB)          :      109        1      4022
...
000 (4048296.1259.000) 03/16 11:27:09 Job submitted from host: <192.168.1.109:9618?addrs=192.168.1.109-9618+[--1]-9618&noUDP&sock=3153_969b_4>
...
009 (4048296.1259.000) 03/16 11:28:03 Job was aborted by the user.
	via condor_rm (by user routray)
...
