000 (4046621.292.000) 03/15 20:22:16 Job submitted from host: <192.168.1.109:9618?addrs=192.168.1.109-9618+[--1]-9618&noUDP&sock=3153_969b_4>
...
001 (4046621.292.000) 03/15 20:24:04 Job executing on host: <192.168.1.43:9618?addrs=192.168.1.43-9618+[--1]-9618&noUDP&sock=3360_24bc_3>
...
006 (4046621.292.000) 03/15 20:24:05 Image size of job updated: 124640
	0  -  MemoryUsage of job (MB)
	0  -  ResidentSetSize of job (KB)
...
005 (4046621.292.000) 03/15 20:24:09 Job terminated.
	(1) Normal termination (return value 1)
		Usr 0 00:00:00, Sys 0 00:00:00  -  Run Remote Usage
		Usr 0 00:00:00, Sys 0 00:00:00  -  Run Local Usage
		Usr 0 00:00:00, Sys 0 00:00:00  -  Total Remote Usage
		Usr 0 00:00:00, Sys 0 00:00:00  -  Total Local Usage
	0  -  Run Bytes Sent By Job
	0  -  Run Bytes Received By Job
	0  -  Total Bytes Sent By Job
	0  -  Total Bytes Received By Job
	Partitionable Resources :    Usage  Request Allocated
	   Cpus                 :                 1         1
	   Disk (KB)            :        2        2  20458450
	   Memory (MB)          :        0        1      4022
...
009 (4046621.292.000) 03/15 20:24:50 Job was aborted by the user.
	via condor_rm (by user routray)
...
000 (4046640.292.000) 03/15 21:06:33 Job submitted from host: <192.168.1.109:9618?addrs=192.168.1.109-9618+[--1]-9618&noUDP&sock=3153_969b_4>
...
001 (4046640.292.000) 03/15 21:07:29 Job executing on host: <192.168.1.43:9618?addrs=192.168.1.43-9618+[--1]-9618&noUDP&sock=3360_24bc_3>
...
006 (4046640.292.000) 03/15 21:07:37 Image size of job updated: 53616
	53  -  MemoryUsage of job (MB)
	53592  -  ResidentSetSize of job (KB)
...
006 (4046640.292.000) 03/15 21:12:37 Image size of job updated: 703068
	687  -  MemoryUsage of job (MB)
	702604  -  ResidentSetSize of job (KB)
...
006 (4046640.292.000) 03/15 21:13:55 Image size of job updated: 1363764
	687  -  MemoryUsage of job (MB)
	702604  -  ResidentSetSize of job (KB)
...
005 (4046640.292.000) 03/15 21:13:57 Job terminated.
	(1) Normal termination (return value 0)
		Usr 0 00:00:23, Sys 0 00:00:04  -  Run Remote Usage
		Usr 0 00:00:00, Sys 0 00:00:00  -  Run Local Usage
		Usr 0 00:00:23, Sys 0 00:00:04  -  Total Remote Usage
		Usr 0 00:00:00, Sys 0 00:00:00  -  Total Local Usage
	0  -  Run Bytes Sent By Job
	0  -  Run Bytes Received By Job
	0  -  Total Bytes Sent By Job
	0  -  Total Bytes Received By Job
	Partitionable Resources :    Usage  Request Allocated
	   Cpus                 :                 1         1
	   Disk (KB)            :        2        2  20458450
	   Memory (MB)          :      687        1      4022
...
000 (4046671.292.000) 03/15 22:27:45 Job submitted from host: <192.168.1.109:9618?addrs=192.168.1.109-9618+[--1]-9618&noUDP&sock=3153_969b_4>
...
001 (4046671.292.000) 03/15 22:28:23 Job executing on host: <192.168.1.39:9618?addrs=192.168.1.39-9618+[--1]-9618&noUDP&sock=3239_16fe_3>
...
006 (4046671.292.000) 03/15 22:28:31 Image size of job updated: 51752
	51  -  MemoryUsage of job (MB)
	51700  -  ResidentSetSize of job (KB)
...
006 (4046671.292.000) 03/15 22:33:31 Image size of job updated: 700640
	685  -  MemoryUsage of job (MB)
	700596  -  ResidentSetSize of job (KB)
...
006 (4046671.292.000) 03/15 22:38:31 Image size of job updated: 763312
	746  -  MemoryUsage of job (MB)
	763252  -  ResidentSetSize of job (KB)
...
005 (4046671.292.000) 03/15 22:38:59 Job terminated.
	(1) Normal termination (return value 0)
		Usr 0 00:00:27, Sys 0 00:00:06  -  Run Remote Usage
		Usr 0 00:00:00, Sys 0 00:00:00  -  Run Local Usage
		Usr 0 00:00:27, Sys 0 00:00:06  -  Total Remote Usage
		Usr 0 00:00:00, Sys 0 00:00:00  -  Total Local Usage
	0  -  Run Bytes Sent By Job
	0  -  Run Bytes Received By Job
	0  -  Total Bytes Sent By Job
	0  -  Total Bytes Received By Job
	Partitionable Resources :    Usage  Request Allocated
	   Cpus                 :                 1         1
	   Disk (KB)            :        2        2  20460459
	   Memory (MB)          :      746        1      4022
...
000 (4046674.292.000) 03/15 23:56:08 Job submitted from host: <192.168.1.109:9618?addrs=192.168.1.109-9618+[--1]-9618&noUDP&sock=3153_969b_4>
...
