000 (4046621.1720.000) 03/15 20:22:30 Job submitted from host: <192.168.1.109:9618?addrs=192.168.1.109-9618+[--1]-9618&noUDP&sock=3153_969b_4>
...
009 (4046621.1720.000) 03/15 20:25:10 Job was aborted by the user.
	via condor_rm (by user routray)
...
000 (4046640.1720.000) 03/15 21:06:39 Job submitted from host: <192.168.1.109:9618?addrs=192.168.1.109-9618+[--1]-9618&noUDP&sock=3153_969b_4>
...
001 (4046640.1720.000) 03/15 21:21:24 Job executing on host: <192.168.1.41:9618?addrs=192.168.1.41-9618+[--1]-9618&noUDP&sock=3368_a17e_3>
...
006 (4046640.1720.000) 03/15 21:21:33 Image size of job updated: 42156
	41  -  MemoryUsage of job (MB)
	41524  -  ResidentSetSize of job (KB)
...
006 (4046640.1720.000) 03/15 21:26:34 Image size of job updated: 631788
	607  -  MemoryUsage of job (MB)
	620976  -  ResidentSetSize of job (KB)
...
006 (4046640.1720.000) 03/15 21:27:37 Image size of job updated: 631788
	607  -  MemoryUsage of job (MB)
	621000  -  ResidentSetSize of job (KB)
...
005 (4046640.1720.000) 03/15 21:27:37 Job terminated.
	(1) Normal termination (return value 0)
		Usr 0 00:00:29, Sys 0 00:00:07  -  Run Remote Usage
		Usr 0 00:00:00, Sys 0 00:00:00  -  Run Local Usage
		Usr 0 00:00:29, Sys 0 00:00:07  -  Total Remote Usage
		Usr 0 00:00:00, Sys 0 00:00:00  -  Total Local Usage
	0  -  Run Bytes Sent By Job
	0  -  Run Bytes Received By Job
	0  -  Total Bytes Sent By Job
	0  -  Total Bytes Received By Job
	Partitionable Resources :    Usage  Request Allocated
	   Cpus                 :                 1         1
	   Disk (KB)            :        2        2  20458618
	   Memory (MB)          :      607        1      4022
...
000 (4046674.1720.000) 03/15 23:56:14 Job submitted from host: <192.168.1.109:9618?addrs=192.168.1.109-9618+[--1]-9618&noUDP&sock=3153_969b_4>
...
009 (4046674.1720.000) 03/16 00:49:31 Job was aborted by the user.
	via condor_rm (by user routray)
...
000 (4047692.1720.000) 03/16 09:42:00 Job submitted from host: <192.168.1.109:9618?addrs=192.168.1.109-9618+[--1]-9618&noUDP&sock=3153_969b_4>
...
001 (4047692.1720.000) 03/16 10:04:45 Job executing on host: <192.168.1.50:9618?addrs=192.168.1.50-9618+[--1]-9618&noUDP&sock=3247_5221_3>
...
006 (4047692.1720.000) 03/16 10:04:54 Image size of job updated: 106116
	91  -  MemoryUsage of job (MB)
	92428  -  ResidentSetSize of job (KB)
...
006 (4047692.1720.000) 03/16 10:09:55 Image size of job updated: 711584
	695  -  MemoryUsage of job (MB)
	711508  -  ResidentSetSize of job (KB)
...
005 (4047692.1720.000) 03/16 10:12:20 Job terminated.
	(1) Normal termination (return value 0)
		Usr 0 00:00:18, Sys 0 00:00:04  -  Run Remote Usage
		Usr 0 00:00:00, Sys 0 00:00:00  -  Run Local Usage
		Usr 0 00:00:18, Sys 0 00:00:04  -  Total Remote Usage
		Usr 0 00:00:00, Sys 0 00:00:00  -  Total Local Usage
	0  -  Run Bytes Sent By Job
	0  -  Run Bytes Received By Job
	0  -  Total Bytes Sent By Job
	0  -  Total Bytes Received By Job
	Partitionable Resources :    Usage  Request Allocated
	   Cpus                 :                 1         1
	   Disk (KB)            :        2        2  28493273
	   Memory (MB)          :      695        1      4020
...
000 (4047694.1720.000) 03/16 10:19:03 Job submitted from host: <192.168.1.109:9618?addrs=192.168.1.109-9618+[--1]-9618&noUDP&sock=3153_969b_4>
...
001 (4047694.1720.000) 03/16 10:21:07 Job executing on host: <192.168.1.41:9618?addrs=192.168.1.41-9618+[--1]-9618&noUDP&sock=3368_a17e_3>
...
006 (4047694.1720.000) 03/16 10:21:09 Image size of job updated: 4508
	0  -  MemoryUsage of job (MB)
	0  -  ResidentSetSize of job (KB)
...
005 (4047694.1720.000) 03/16 10:21:16 Job terminated.
	(1) Normal termination (return value 1)
		Usr 0 00:00:00, Sys 0 00:00:00  -  Run Remote Usage
		Usr 0 00:00:00, Sys 0 00:00:00  -  Run Local Usage
		Usr 0 00:00:00, Sys 0 00:00:00  -  Total Remote Usage
		Usr 0 00:00:00, Sys 0 00:00:00  -  Total Local Usage
	0  -  Run Bytes Sent By Job
	0  -  Run Bytes Received By Job
	0  -  Total Bytes Sent By Job
	0  -  Total Bytes Received By Job
	Partitionable Resources :    Usage  Request Allocated
	   Cpus                 :                 1         1
	   Disk (KB)            :        2        2  20458618
	   Memory (MB)          :        0        1      4022
...
000 (4047695.1720.000) 03/16 10:31:41 Job submitted from host: <192.168.1.109:9618?addrs=192.168.1.109-9618+[--1]-9618&noUDP&sock=3153_969b_4>
...
001 (4047695.1720.000) 03/16 10:45:10 Job executing on host: <192.168.1.39:9618?addrs=192.168.1.39-9618+[--1]-9618&noUDP&sock=3239_16fe_3>
...
006 (4047695.1720.000) 03/16 10:45:19 Image size of job updated: 27768
	28  -  MemoryUsage of job (MB)
	27748  -  ResidentSetSize of job (KB)
...
006 (4047695.1720.000) 03/16 10:50:20 Image size of job updated: 625444
	609  -  MemoryUsage of job (MB)
	623352  -  ResidentSetSize of job (KB)
...
006 (4047695.1720.000) 03/16 10:51:08 Image size of job updated: 1363772
	609  -  MemoryUsage of job (MB)
	623352  -  ResidentSetSize of job (KB)
...
005 (4047695.1720.000) 03/16 10:51:08 Job terminated.
	(1) Normal termination (return value 0)
		Usr 0 00:00:30, Sys 0 00:00:07  -  Run Remote Usage
		Usr 0 00:00:00, Sys 0 00:00:00  -  Run Local Usage
		Usr 0 00:00:30, Sys 0 00:00:07  -  Total Remote Usage
		Usr 0 00:00:00, Sys 0 00:00:00  -  Total Local Usage
	0  -  Run Bytes Sent By Job
	0  -  Run Bytes Received By Job
	0  -  Total Bytes Sent By Job
	0  -  Total Bytes Received By Job
	Partitionable Resources :    Usage  Request Allocated
	   Cpus                 :                 1         1
	   Disk (KB)            :        2        2  20460460
	   Memory (MB)          :      609        1      4022
...
000 (4048296.1720.000) 03/16 11:27:11 Job submitted from host: <192.168.1.109:9618?addrs=192.168.1.109-9618+[--1]-9618&noUDP&sock=3153_969b_4>
...
009 (4048296.1720.000) 03/16 11:28:06 Job was aborted by the user.
	via condor_rm (by user routray)
...
