000 (4046621.427.000) 03/15 20:22:17 Job submitted from host: <192.168.1.109:9618?addrs=192.168.1.109-9618+[--1]-9618&noUDP&sock=3153_969b_4>
...
001 (4046621.427.000) 03/15 20:24:27 Job executing on host: <192.168.1.42:9618?addrs=192.168.1.42-9618+[--1]-9618&noUDP&sock=3360_3385_3>
...
006 (4046621.427.000) 03/15 20:24:28 Image size of job updated: 125660
	0  -  MemoryUsage of job (MB)
	0  -  ResidentSetSize of job (KB)
...
005 (4046621.427.000) 03/15 20:24:40 Job terminated.
	(1) Normal termination (return value 1)
		Usr 0 00:00:00, Sys 0 00:00:00  -  Run Remote Usage
		Usr 0 00:00:00, Sys 0 00:00:00  -  Run Local Usage
		Usr 0 00:00:00, Sys 0 00:00:00  -  Total Remote Usage
		Usr 0 00:00:00, Sys 0 00:00:00  -  Total Local Usage
	0  -  Run Bytes Sent By Job
	0  -  Run Bytes Received By Job
	0  -  Total Bytes Sent By Job
	0  -  Total Bytes Received By Job
	Partitionable Resources :    Usage  Request Allocated
	   Cpus                 :                 1         1
	   Disk (KB)            :        2        2  20458261
	   Memory (MB)          :        0        1      4022
...
009 (4046621.427.000) 03/15 20:24:43 Job was aborted by the user.
	via condor_rm (by user routray)
...
009 (4046621.427.000) 03/15 20:24:53 Job was aborted by the user.
	via condor_rm (by user routray)
...
000 (4046640.427.000) 03/15 21:06:33 Job submitted from host: <192.168.1.109:9618?addrs=192.168.1.109-9618+[--1]-9618&noUDP&sock=3153_969b_4>
...
001 (4046640.427.000) 03/15 21:07:33 Job executing on host: <192.168.1.43:9618?addrs=192.168.1.43-9618+[--1]-9618&noUDP&sock=3360_24bc_3>
...
006 (4046640.427.000) 03/15 21:07:42 Image size of job updated: 51456
	51  -  MemoryUsage of job (MB)
	51404  -  ResidentSetSize of job (KB)
...
006 (4046640.427.000) 03/15 21:12:43 Image size of job updated: 701736
	686  -  MemoryUsage of job (MB)
	701512  -  ResidentSetSize of job (KB)
...
006 (4046640.427.000) 03/15 21:13:57 Image size of job updated: 1363764
	686  -  MemoryUsage of job (MB)
	701512  -  ResidentSetSize of job (KB)
...
005 (4046640.427.000) 03/15 21:14:01 Job terminated.
	(1) Normal termination (return value 0)
		Usr 0 00:00:25, Sys 0 00:00:06  -  Run Remote Usage
		Usr 0 00:00:00, Sys 0 00:00:00  -  Run Local Usage
		Usr 0 00:00:25, Sys 0 00:00:06  -  Total Remote Usage
		Usr 0 00:00:00, Sys 0 00:00:00  -  Total Local Usage
	0  -  Run Bytes Sent By Job
	0  -  Run Bytes Received By Job
	0  -  Total Bytes Sent By Job
	0  -  Total Bytes Received By Job
	Partitionable Resources :    Usage  Request Allocated
	   Cpus                 :                 1         1
	   Disk (KB)            :        2        2  20458450
	   Memory (MB)          :      686        1      4022
...
000 (4046671.427.000) 03/15 22:27:46 Job submitted from host: <192.168.1.109:9618?addrs=192.168.1.109-9618+[--1]-9618&noUDP&sock=3153_969b_4>
...
001 (4046671.427.000) 03/15 22:28:59 Job executing on host: <192.168.1.45:9618?addrs=192.168.1.45-9618+[--1]-9618&noUDP&sock=3341_bd3f_3>
...
006 (4046671.427.000) 03/15 22:29:07 Image size of job updated: 51456
	51  -  MemoryUsage of job (MB)
	51344  -  ResidentSetSize of job (KB)
...
006 (4046671.427.000) 03/15 22:34:07 Image size of job updated: 797480
	775  -  MemoryUsage of job (MB)
	792988  -  ResidentSetSize of job (KB)
...
005 (4046671.427.000) 03/15 22:38:58 Job terminated.
	(1) Normal termination (return value 0)
		Usr 0 00:00:29, Sys 0 00:00:07  -  Run Remote Usage
		Usr 0 00:00:00, Sys 0 00:00:00  -  Run Local Usage
		Usr 0 00:00:29, Sys 0 00:00:07  -  Total Remote Usage
		Usr 0 00:00:00, Sys 0 00:00:00  -  Total Local Usage
	0  -  Run Bytes Sent By Job
	0  -  Run Bytes Received By Job
	0  -  Total Bytes Sent By Job
	0  -  Total Bytes Received By Job
	Partitionable Resources :    Usage  Request Allocated
	   Cpus                 :                 1         1
	   Disk (KB)            :        2        2  20460088
	   Memory (MB)          :      775        1      4022
...
000 (4046674.427.000) 03/15 23:56:09 Job submitted from host: <192.168.1.109:9618?addrs=192.168.1.109-9618+[--1]-9618&noUDP&sock=3153_969b_4>
...
