000 (4046621.2133.000) 03/15 20:22:33 Job submitted from host: <192.168.1.109:9618?addrs=192.168.1.109-9618+[--1]-9618&noUDP&sock=3153_969b_4>
...
009 (4046621.2133.000) 03/15 20:25:13 Job was aborted by the user.
	via condor_rm (by user routray)
...
000 (4046640.2133.000) 03/15 21:06:41 Job submitted from host: <192.168.1.109:9618?addrs=192.168.1.109-9618+[--1]-9618&noUDP&sock=3153_969b_4>
...
001 (4046640.2133.000) 03/15 21:27:18 Job executing on host: <192.168.1.47:9618?addrs=192.168.1.47-9618+[--1]-9618&noUDP&sock=3245_a288_3>
...
006 (4046640.2133.000) 03/15 21:27:27 Image size of job updated: 15228
	15  -  MemoryUsage of job (MB)
	14940  -  ResidentSetSize of job (KB)
...
006 (4046640.2133.000) 03/15 21:32:28 Image size of job updated: 719168
	703  -  MemoryUsage of job (MB)
	719116  -  ResidentSetSize of job (KB)
...
006 (4046640.2133.000) 03/15 21:32:48 Image size of job updated: 1363760
	703  -  MemoryUsage of job (MB)
	719116  -  ResidentSetSize of job (KB)
...
005 (4046640.2133.000) 03/15 21:32:48 Job terminated.
	(1) Normal termination (return value 0)
		Usr 0 00:00:22, Sys 0 00:00:04  -  Run Remote Usage
		Usr 0 00:00:00, Sys 0 00:00:00  -  Run Local Usage
		Usr 0 00:00:22, Sys 0 00:00:04  -  Total Remote Usage
		Usr 0 00:00:00, Sys 0 00:00:00  -  Total Local Usage
	0  -  Run Bytes Sent By Job
	0  -  Run Bytes Received By Job
	0  -  Total Bytes Sent By Job
	0  -  Total Bytes Received By Job
	Partitionable Resources :    Usage  Request Allocated
	   Cpus                 :                 1         1
	   Disk (KB)            :        2        2  28493856
	   Memory (MB)          :      703        1      4020
...
000 (4047694.2133.000) 03/16 10:19:06 Job submitted from host: <192.168.1.109:9618?addrs=192.168.1.109-9618+[--1]-9618&noUDP&sock=3153_969b_4>
...
001 (4047694.2133.000) 03/16 10:21:38 Job executing on host: <192.168.1.52:9618?addrs=192.168.1.52-9618+[--1]-9618&noUDP&sock=3327_407d_36>
...
006 (4047694.2133.000) 03/16 10:21:39 Image size of job updated: 117292
	0  -  MemoryUsage of job (MB)
	0  -  ResidentSetSize of job (KB)
...
005 (4047694.2133.000) 03/16 10:21:58 Job terminated.
	(1) Normal termination (return value 1)
		Usr 0 00:00:00, Sys 0 00:00:00  -  Run Remote Usage
		Usr 0 00:00:00, Sys 0 00:00:00  -  Run Local Usage
		Usr 0 00:00:00, Sys 0 00:00:00  -  Total Remote Usage
		Usr 0 00:00:00, Sys 0 00:00:00  -  Total Local Usage
	0  -  Run Bytes Sent By Job
	0  -  Run Bytes Received By Job
	0  -  Total Bytes Sent By Job
	0  -  Total Bytes Received By Job
	Partitionable Resources :    Usage  Request Allocated
	   Cpus                 :                 1         1
	   Disk (KB)            :        2        2  22661368
	   Memory (MB)          :        0        1      4001
...
000 (4047695.2133.000) 03/16 10:31:43 Job submitted from host: <192.168.1.109:9618?addrs=192.168.1.109-9618+[--1]-9618&noUDP&sock=3153_969b_4>
...
001 (4047695.2133.000) 03/16 10:51:07 Job executing on host: <192.168.1.49:9618?addrs=192.168.1.49-9618+[--1]-9618&noUDP&sock=3240_e427_3>
...
006 (4047695.2133.000) 03/16 10:51:15 Image size of job updated: 14780
	15  -  MemoryUsage of job (MB)
	14780  -  ResidentSetSize of job (KB)
...
006 (4047695.2133.000) 03/16 10:56:15 Image size of job updated: 708100
	680  -  MemoryUsage of job (MB)
	695304  -  ResidentSetSize of job (KB)
...
006 (4047695.2133.000) 03/16 10:56:49 Image size of job updated: 708100
	680  -  MemoryUsage of job (MB)
	695308  -  ResidentSetSize of job (KB)
...
005 (4047695.2133.000) 03/16 10:56:49 Job terminated.
	(1) Normal termination (return value 0)
		Usr 0 00:00:31, Sys 0 00:00:06  -  Run Remote Usage
		Usr 0 00:00:00, Sys 0 00:00:00  -  Run Local Usage
		Usr 0 00:00:31, Sys 0 00:00:06  -  Total Remote Usage
		Usr 0 00:00:00, Sys 0 00:00:00  -  Total Local Usage
	0  -  Run Bytes Sent By Job
	0  -  Run Bytes Received By Job
	0  -  Total Bytes Sent By Job
	0  -  Total Bytes Received By Job
	Partitionable Resources :    Usage  Request Allocated
	   Cpus                 :                 1         1
	   Disk (KB)            :        2        2  28491601
	   Memory (MB)          :      680        1      4020
...
000 (4048296.2133.000) 03/16 11:27:14 Job submitted from host: <192.168.1.109:9618?addrs=192.168.1.109-9618+[--1]-9618&noUDP&sock=3153_969b_4>
...
009 (4048296.2133.000) 03/16 11:28:10 Job was aborted by the user.
	via condor_rm (by user routray)
...
