000 (4046621.478.000) 03/15 20:22:18 Job submitted from host: <192.168.1.109:9618?addrs=192.168.1.109-9618+[--1]-9618&noUDP&sock=3153_969b_4>
...
001 (4046621.478.000) 03/15 20:24:43 Job executing on host: <192.168.1.43:9618?addrs=192.168.1.43-9618+[--1]-9618&noUDP&sock=3360_24bc_3>
...
006 (4046621.478.000) 03/15 20:24:45 Image size of job updated: 34212
	0  -  MemoryUsage of job (MB)
	0  -  ResidentSetSize of job (KB)
...
005 (4046621.478.000) 03/15 20:24:48 Job terminated.
	(1) Normal termination (return value 1)
		Usr 0 00:00:00, Sys 0 00:00:00  -  Run Remote Usage
		Usr 0 00:00:00, Sys 0 00:00:00  -  Run Local Usage
		Usr 0 00:00:00, Sys 0 00:00:00  -  Total Remote Usage
		Usr 0 00:00:00, Sys 0 00:00:00  -  Total Local Usage
	0  -  Run Bytes Sent By Job
	0  -  Run Bytes Received By Job
	0  -  Total Bytes Sent By Job
	0  -  Total Bytes Received By Job
	Partitionable Resources :    Usage  Request Allocated
	   Cpus                 :                 1         1
	   Disk (KB)            :        2        2  20458450
	   Memory (MB)          :        0        1      4022
...
009 (4046621.478.000) 03/15 20:24:50 Job was aborted by the user.
	via condor_rm (by user routray)
...
009 (4046621.478.000) 03/15 20:24:54 Job was aborted by the user.
	via condor_rm (by user routray)
...
000 (4046640.478.000) 03/15 21:06:33 Job submitted from host: <192.168.1.109:9618?addrs=192.168.1.109-9618+[--1]-9618&noUDP&sock=3153_969b_4>
...
001 (4046640.478.000) 03/15 21:07:35 Job executing on host: <192.168.1.47:9618?addrs=192.168.1.47-9618+[--1]-9618&noUDP&sock=3245_a288_3>
...
006 (4046640.478.000) 03/15 21:07:43 Image size of job updated: 107124
	97  -  MemoryUsage of job (MB)
	99044  -  ResidentSetSize of job (KB)
...
006 (4046640.478.000) 03/15 21:12:43 Image size of job updated: 225452
	217  -  MemoryUsage of job (MB)
	221740  -  ResidentSetSize of job (KB)
...
005 (4046640.478.000) 03/15 21:14:16 Job terminated.
	(1) Normal termination (return value 0)
		Usr 0 00:00:35, Sys 0 00:00:06  -  Run Remote Usage
		Usr 0 00:00:00, Sys 0 00:00:00  -  Run Local Usage
		Usr 0 00:00:35, Sys 0 00:00:06  -  Total Remote Usage
		Usr 0 00:00:00, Sys 0 00:00:00  -  Total Local Usage
	0  -  Run Bytes Sent By Job
	0  -  Run Bytes Received By Job
	0  -  Total Bytes Sent By Job
	0  -  Total Bytes Received By Job
	Partitionable Resources :    Usage  Request Allocated
	   Cpus                 :                 1         1
	   Disk (KB)            :        2        2  28493856
	   Memory (MB)          :      217        1      4020
...
000 (4046671.478.000) 03/15 22:27:46 Job submitted from host: <192.168.1.109:9618?addrs=192.168.1.109-9618+[--1]-9618&noUDP&sock=3153_969b_4>
...
001 (4046671.478.000) 03/15 22:28:59 Job executing on host: <192.168.1.40:9618?addrs=192.168.1.40-9618+[--1]-9618&noUDP&sock=3366_a17e_3>
...
006 (4046671.478.000) 03/15 22:29:08 Image size of job updated: 227988
	207  -  MemoryUsage of job (MB)
	211844  -  ResidentSetSize of job (KB)
...
006 (4046671.478.000) 03/15 22:34:09 Image size of job updated: 761328
	730  -  MemoryUsage of job (MB)
	747488  -  ResidentSetSize of job (KB)
...
005 (4046671.478.000) 03/15 22:38:39 Job terminated.
	(1) Normal termination (return value 0)
		Usr 0 00:00:22, Sys 0 00:00:04  -  Run Remote Usage
		Usr 0 00:00:00, Sys 0 00:00:00  -  Run Local Usage
		Usr 0 00:00:22, Sys 0 00:00:04  -  Total Remote Usage
		Usr 0 00:00:00, Sys 0 00:00:00  -  Total Local Usage
	0  -  Run Bytes Sent By Job
	0  -  Run Bytes Received By Job
	0  -  Total Bytes Sent By Job
	0  -  Total Bytes Received By Job
	Partitionable Resources :    Usage  Request Allocated
	   Cpus                 :                 1         1
	   Disk (KB)            :        2        2  20457847
	   Memory (MB)          :      730        1      4022
...
000 (4046674.478.000) 03/15 23:56:09 Job submitted from host: <192.168.1.109:9618?addrs=192.168.1.109-9618+[--1]-9618&noUDP&sock=3153_969b_4>
...
