000 (4046621.578.000) 03/15 20:22:18 Job submitted from host: <192.168.1.109:9618?addrs=192.168.1.109-9618+[--1]-9618&noUDP&sock=3153_969b_4>
...
009 (4046621.578.000) 03/15 20:24:55 Job was aborted by the user.
	via condor_rm (by user routray)
...
000 (4046640.578.000) 03/15 21:06:34 Job submitted from host: <192.168.1.109:9618?addrs=192.168.1.109-9618+[--1]-9618&noUDP&sock=3153_969b_4>
...
001 (4046640.578.000) 03/15 21:07:38 Job executing on host: <192.168.1.39:9618?addrs=192.168.1.39-9618+[--1]-9618&noUDP&sock=3239_16fe_3>
...
006 (4046640.578.000) 03/15 21:07:47 Image size of job updated: 50208
	49  -  MemoryUsage of job (MB)
	50168  -  ResidentSetSize of job (KB)
...
006 (4046640.578.000) 03/15 21:12:48 Image size of job updated: 696392
	681  -  MemoryUsage of job (MB)
	696348  -  ResidentSetSize of job (KB)
...
006 (4046640.578.000) 03/15 21:14:03 Image size of job updated: 1363764
	681  -  MemoryUsage of job (MB)
	696348  -  ResidentSetSize of job (KB)
...
005 (4046640.578.000) 03/15 21:14:10 Job terminated.
	(1) Normal termination (return value 0)
		Usr 0 00:00:30, Sys 0 00:00:06  -  Run Remote Usage
		Usr 0 00:00:00, Sys 0 00:00:00  -  Run Local Usage
		Usr 0 00:00:30, Sys 0 00:00:06  -  Total Remote Usage
		Usr 0 00:00:00, Sys 0 00:00:00  -  Total Local Usage
	0  -  Run Bytes Sent By Job
	0  -  Run Bytes Received By Job
	0  -  Total Bytes Sent By Job
	0  -  Total Bytes Received By Job
	Partitionable Resources :    Usage  Request Allocated
	   Cpus                 :                 1         1
	   Disk (KB)            :        2        2  20460460
	   Memory (MB)          :      681        1      4022
...
000 (4046671.578.000) 03/15 22:27:47 Job submitted from host: <192.168.1.109:9618?addrs=192.168.1.109-9618+[--1]-9618&noUDP&sock=3153_969b_4>
...
001 (4046671.578.000) 03/15 22:29:19 Job executing on host: <192.168.1.65:9618?addrs=192.168.1.65-9618+[--1]-9618&noUDP&sock=3515_344b_35>
...
006 (4046671.578.000) 03/15 22:29:28 Image size of job updated: 108096
	94  -  MemoryUsage of job (MB)
	95816  -  ResidentSetSize of job (KB)
...
006 (4046671.578.000) 03/15 22:34:29 Image size of job updated: 778796
	750  -  MemoryUsage of job (MB)
	767024  -  ResidentSetSize of job (KB)
...
005 (4046671.578.000) 03/15 22:36:06 Job terminated.
	(1) Normal termination (return value 0)
		Usr 0 00:00:34, Sys 0 00:00:05  -  Run Remote Usage
		Usr 0 00:00:00, Sys 0 00:00:00  -  Run Local Usage
		Usr 0 00:00:34, Sys 0 00:00:05  -  Total Remote Usage
		Usr 0 00:00:00, Sys 0 00:00:00  -  Total Local Usage
	0  -  Run Bytes Sent By Job
	0  -  Run Bytes Received By Job
	0  -  Total Bytes Sent By Job
	0  -  Total Bytes Received By Job
	Partitionable Resources :    Usage  Request Allocated
	   Cpus                 :                 1         1
	   Disk (KB)            :        2        2  22684044
	   Memory (MB)          :      750        1      4015
...
000 (4046674.578.000) 03/15 23:56:09 Job submitted from host: <192.168.1.109:9618?addrs=192.168.1.109-9618+[--1]-9618&noUDP&sock=3153_969b_4>
...
