000 (4046621.2096.000) 03/15 20:22:33 Job submitted from host: <192.168.1.109:9618?addrs=192.168.1.109-9618+[--1]-9618&noUDP&sock=3153_969b_4>
...
009 (4046621.2096.000) 03/15 20:25:13 Job was aborted by the user.
	via condor_rm (by user routray)
...
000 (4046640.2096.000) 03/15 21:06:40 Job submitted from host: <192.168.1.109:9618?addrs=192.168.1.109-9618+[--1]-9618&noUDP&sock=3153_969b_4>
...
001 (4046640.2096.000) 03/15 21:27:13 Job executing on host: <192.168.1.51:9618?addrs=192.168.1.51-9618+[--1]-9618&noUDP&sock=3125_b25b_3>
...
006 (4046640.2096.000) 03/15 21:27:22 Image size of job updated: 19716
	20  -  MemoryUsage of job (MB)
	19688  -  ResidentSetSize of job (KB)
...
006 (4046640.2096.000) 03/15 21:32:22 Image size of job updated: 704228
	688  -  MemoryUsage of job (MB)
	704116  -  ResidentSetSize of job (KB)
...
006 (4046640.2096.000) 03/15 21:33:24 Image size of job updated: 1363760
	688  -  MemoryUsage of job (MB)
	704116  -  ResidentSetSize of job (KB)
...
005 (4046640.2096.000) 03/15 21:33:24 Job terminated.
	(1) Normal termination (return value 0)
		Usr 0 00:00:30, Sys 0 00:00:06  -  Run Remote Usage
		Usr 0 00:00:00, Sys 0 00:00:00  -  Run Local Usage
		Usr 0 00:00:30, Sys 0 00:00:06  -  Total Remote Usage
		Usr 0 00:00:00, Sys 0 00:00:00  -  Total Local Usage
	0  -  Run Bytes Sent By Job
	0  -  Run Bytes Received By Job
	0  -  Total Bytes Sent By Job
	0  -  Total Bytes Received By Job
	Partitionable Resources :    Usage  Request Allocated
	   Cpus                 :                 1         1
	   Disk (KB)            :        2        2  28494197
	   Memory (MB)          :      688        1      4020
...
000 (4047694.2096.000) 03/16 10:19:05 Job submitted from host: <192.168.1.109:9618?addrs=192.168.1.109-9618+[--1]-9618&noUDP&sock=3153_969b_4>
...
001 (4047694.2096.000) 03/16 10:21:36 Job executing on host: <192.168.1.41:9618?addrs=192.168.1.41-9618+[--1]-9618&noUDP&sock=3368_a17e_3>
...
006 (4047694.2096.000) 03/16 10:21:37 Image size of job updated: 884
	0  -  MemoryUsage of job (MB)
	0  -  ResidentSetSize of job (KB)
...
005 (4047694.2096.000) 03/16 10:21:41 Job terminated.
	(1) Normal termination (return value 1)
		Usr 0 00:00:00, Sys 0 00:00:00  -  Run Remote Usage
		Usr 0 00:00:00, Sys 0 00:00:00  -  Run Local Usage
		Usr 0 00:00:00, Sys 0 00:00:00  -  Total Remote Usage
		Usr 0 00:00:00, Sys 0 00:00:00  -  Total Local Usage
	0  -  Run Bytes Sent By Job
	0  -  Run Bytes Received By Job
	0  -  Total Bytes Sent By Job
	0  -  Total Bytes Received By Job
	Partitionable Resources :    Usage  Request Allocated
	   Cpus                 :                 1         1
	   Disk (KB)            :        2        2  20458618
	   Memory (MB)          :        0        1      4022
...
000 (4047695.2096.000) 03/16 10:31:43 Job submitted from host: <192.168.1.109:9618?addrs=192.168.1.109-9618+[--1]-9618&noUDP&sock=3153_969b_4>
...
001 (4047695.2096.000) 03/16 10:50:59 Job executing on host: <192.168.1.51:9618?addrs=192.168.1.51-9618+[--1]-9618&noUDP&sock=3125_b25b_3>
...
006 (4047695.2096.000) 03/16 10:51:07 Image size of job updated: 25176
	25  -  MemoryUsage of job (MB)
	25176  -  ResidentSetSize of job (KB)
...
006 (4047695.2096.000) 03/16 10:56:07 Image size of job updated: 691116
	673  -  MemoryUsage of job (MB)
	688364  -  ResidentSetSize of job (KB)
...
006 (4047695.2096.000) 03/16 10:56:49 Image size of job updated: 1363772
	673  -  MemoryUsage of job (MB)
	688364  -  ResidentSetSize of job (KB)
...
005 (4047695.2096.000) 03/16 10:56:49 Job terminated.
	(1) Normal termination (return value 0)
		Usr 0 00:00:31, Sys 0 00:00:06  -  Run Remote Usage
		Usr 0 00:00:00, Sys 0 00:00:00  -  Run Local Usage
		Usr 0 00:00:31, Sys 0 00:00:06  -  Total Remote Usage
		Usr 0 00:00:00, Sys 0 00:00:00  -  Total Local Usage
	0  -  Run Bytes Sent By Job
	0  -  Run Bytes Received By Job
	0  -  Total Bytes Sent By Job
	0  -  Total Bytes Received By Job
	Partitionable Resources :    Usage  Request Allocated
	   Cpus                 :                 1         1
	   Disk (KB)            :        2        2  28494197
	   Memory (MB)          :      673        1      4020
...
000 (4048296.2096.000) 03/16 11:27:14 Job submitted from host: <192.168.1.109:9618?addrs=192.168.1.109-9618+[--1]-9618&noUDP&sock=3153_969b_4>
...
009 (4048296.2096.000) 03/16 11:28:10 Job was aborted by the user.
	via condor_rm (by user routray)
...
