000 (4046621.198.000) 03/15 20:22:15 Job submitted from host: <192.168.1.109:9618?addrs=192.168.1.109-9618+[--1]-9618&noUDP&sock=3153_969b_4>
...
001 (4046621.198.000) 03/15 20:23:45 Job executing on host: <192.168.1.46:9618?addrs=192.168.1.46-9618+[--1]-9618&noUDP&sock=3272_2797_3>
...
006 (4046621.198.000) 03/15 20:23:46 Image size of job updated: 1216
	0  -  MemoryUsage of job (MB)
	0  -  ResidentSetSize of job (KB)
...
005 (4046621.198.000) 03/15 20:23:50 Job terminated.
	(1) Normal termination (return value 1)
		Usr 0 00:00:00, Sys 0 00:00:00  -  Run Remote Usage
		Usr 0 00:00:00, Sys 0 00:00:00  -  Run Local Usage
		Usr 0 00:00:00, Sys 0 00:00:00  -  Total Remote Usage
		Usr 0 00:00:00, Sys 0 00:00:00  -  Total Local Usage
	0  -  Run Bytes Sent By Job
	0  -  Run Bytes Received By Job
	0  -  Total Bytes Sent By Job
	0  -  Total Bytes Received By Job
	Partitionable Resources :    Usage  Request Allocated
	   Cpus                 :                 1         1
	   Disk (KB)            :        2        2  20459165
	   Memory (MB)          :        0        1      4022
...
000 (4046640.198.000) 03/15 21:06:32 Job submitted from host: <192.168.1.109:9618?addrs=192.168.1.109-9618+[--1]-9618&noUDP&sock=3153_969b_4>
...
001 (4046640.198.000) 03/15 21:07:24 Job executing on host: <192.168.1.65:9618?addrs=192.168.1.65-9618+[--1]-9618&noUDP&sock=3515_344b_35>
...
006 (4046640.198.000) 03/15 21:07:32 Image size of job updated: 47868
	47  -  MemoryUsage of job (MB)
	47840  -  ResidentSetSize of job (KB)
...
006 (4046640.198.000) 03/15 21:12:32 Image size of job updated: 216564
	210  -  MemoryUsage of job (MB)
	214544  -  ResidentSetSize of job (KB)
...
006 (4046640.198.000) 03/15 21:17:33 Image size of job updated: 539928
	525  -  MemoryUsage of job (MB)
	536760  -  ResidentSetSize of job (KB)
...
005 (4046640.198.000) 03/15 21:20:42 Job terminated.
	(1) Normal termination (return value 0)
		Usr 0 00:00:46, Sys 0 00:00:06  -  Run Remote Usage
		Usr 0 00:00:00, Sys 0 00:00:00  -  Run Local Usage
		Usr 0 00:00:46, Sys 0 00:00:06  -  Total Remote Usage
		Usr 0 00:00:00, Sys 0 00:00:00  -  Total Local Usage
	0  -  Run Bytes Sent By Job
	0  -  Run Bytes Received By Job
	0  -  Total Bytes Sent By Job
	0  -  Total Bytes Received By Job
	Partitionable Resources :    Usage  Request Allocated
	   Cpus                 :                 1         1
	   Disk (KB)            :        2        2  22684044
	   Memory (MB)          :      525        1      4015
...
000 (4046671.198.000) 03/15 22:27:45 Job submitted from host: <192.168.1.109:9618?addrs=192.168.1.109-9618+[--1]-9618&noUDP&sock=3153_969b_4>
...
001 (4046671.198.000) 03/15 22:28:19 Job executing on host: <192.168.1.43:9618?addrs=192.168.1.43-9618+[--1]-9618&noUDP&sock=3360_24bc_3>
...
006 (4046671.198.000) 03/15 22:28:28 Image size of job updated: 50828
	50  -  MemoryUsage of job (MB)
	50804  -  ResidentSetSize of job (KB)
...
006 (4046671.198.000) 03/15 22:33:29 Image size of job updated: 707528
	691  -  MemoryUsage of job (MB)
	707468  -  ResidentSetSize of job (KB)
...
006 (4046671.198.000) 03/15 22:38:29 Image size of job updated: 772460
	755  -  MemoryUsage of job (MB)
	772344  -  ResidentSetSize of job (KB)
...
005 (4046671.198.000) 03/15 22:38:41 Job terminated.
	(1) Normal termination (return value 0)
		Usr 0 00:00:26, Sys 0 00:00:05  -  Run Remote Usage
		Usr 0 00:00:00, Sys 0 00:00:00  -  Run Local Usage
		Usr 0 00:00:26, Sys 0 00:00:05  -  Total Remote Usage
		Usr 0 00:00:00, Sys 0 00:00:00  -  Total Local Usage
	0  -  Run Bytes Sent By Job
	0  -  Run Bytes Received By Job
	0  -  Total Bytes Sent By Job
	0  -  Total Bytes Received By Job
	Partitionable Resources :    Usage  Request Allocated
	   Cpus                 :                 1         1
	   Disk (KB)            :        2        2  20458450
	   Memory (MB)          :      755        1      4022
...
000 (4046674.198.000) 03/15 23:56:07 Job submitted from host: <192.168.1.109:9618?addrs=192.168.1.109-9618+[--1]-9618&noUDP&sock=3153_969b_4>
...
009 (4046674.198.000) 03/16 00:49:20 Job was aborted by the user.
	via condor_rm (by user routray)
...
000 (4047692.198.000) 03/16 09:41:46 Job submitted from host: <192.168.1.109:9618?addrs=192.168.1.109-9618+[--1]-9618&noUDP&sock=3153_969b_4>
...
001 (4047692.198.000) 03/16 09:42:28 Job executing on host: <192.168.1.58:9618?addrs=192.168.1.58-9618+[--1]-9618&noUDP&sock=3319_c3bb_12>
...
006 (4047692.198.000) 03/16 09:42:37 Image size of job updated: 46880
	46  -  MemoryUsage of job (MB)
	46600  -  ResidentSetSize of job (KB)
...
006 (4047692.198.000) 03/16 09:47:38 Image size of job updated: 316368
	297  -  MemoryUsage of job (MB)
	303668  -  ResidentSetSize of job (KB)
...
006 (4047692.198.000) 03/16 09:52:38 Image size of job updated: 698640
	668  -  MemoryUsage of job (MB)
	683748  -  ResidentSetSize of job (KB)
...
005 (4047692.198.000) 03/16 09:54:50 Job terminated.
	(1) Normal termination (return value 0)
		Usr 0 00:00:22, Sys 0 00:00:05  -  Run Remote Usage
		Usr 0 00:00:00, Sys 0 00:00:00  -  Run Local Usage
		Usr 0 00:00:22, Sys 0 00:00:05  -  Total Remote Usage
		Usr 0 00:00:00, Sys 0 00:00:00  -  Total Local Usage
	0  -  Run Bytes Sent By Job
	0  -  Run Bytes Received By Job
	0  -  Total Bytes Sent By Job
	0  -  Total Bytes Received By Job
	Partitionable Resources :    Usage  Request Allocated
	   Cpus                 :                 1         1
	   Disk (KB)            :        2        2  22659268
	   Memory (MB)          :      668        1      4001
...
000 (4047694.198.000) 03/16 10:18:55 Job submitted from host: <192.168.1.109:9618?addrs=192.168.1.109-9618+[--1]-9618&noUDP&sock=3153_969b_4>
...
001 (4047694.198.000) 03/16 10:19:32 Job executing on host: <192.168.1.45:9618?addrs=192.168.1.45-9618+[--1]-9618&noUDP&sock=3341_bd3f_3>
...
006 (4047694.198.000) 03/16 10:19:33 Image size of job updated: 364
	0  -  MemoryUsage of job (MB)
	0  -  ResidentSetSize of job (KB)
...
005 (4047694.198.000) 03/16 10:19:37 Job terminated.
	(1) Normal termination (return value 1)
		Usr 0 00:00:00, Sys 0 00:00:00  -  Run Remote Usage
		Usr 0 00:00:00, Sys 0 00:00:00  -  Run Local Usage
		Usr 0 00:00:00, Sys 0 00:00:00  -  Total Remote Usage
		Usr 0 00:00:00, Sys 0 00:00:00  -  Total Local Usage
	0  -  Run Bytes Sent By Job
	0  -  Run Bytes Received By Job
	0  -  Total Bytes Sent By Job
	0  -  Total Bytes Received By Job
	Partitionable Resources :    Usage  Request Allocated
	   Cpus                 :                 1         1
	   Disk (KB)            :        2        2  20460088
	   Memory (MB)          :        0        1      4022
...
000 (4047695.198.000) 03/16 10:31:34 Job submitted from host: <192.168.1.109:9618?addrs=192.168.1.109-9618+[--1]-9618&noUDP&sock=3153_969b_4>
...
001 (4047695.198.000) 03/16 10:32:20 Job executing on host: <192.168.1.58:9618?addrs=192.168.1.58-9618+[--1]-9618&noUDP&sock=3319_c3bb_12>
...
006 (4047695.198.000) 03/16 10:32:28 Image size of job updated: 46844
	46  -  MemoryUsage of job (MB)
	46580  -  ResidentSetSize of job (KB)
...
006 (4047695.198.000) 03/16 10:37:28 Image size of job updated: 651704
	637  -  MemoryUsage of job (MB)
	651624  -  ResidentSetSize of job (KB)
...
005 (4047695.198.000) 03/16 10:37:59 Job terminated.
	(1) Normal termination (return value 0)
		Usr 0 00:00:38, Sys 0 00:00:05  -  Run Remote Usage
		Usr 0 00:00:00, Sys 0 00:00:00  -  Run Local Usage
		Usr 0 00:00:38, Sys 0 00:00:05  -  Total Remote Usage
		Usr 0 00:00:00, Sys 0 00:00:00  -  Total Local Usage
	0  -  Run Bytes Sent By Job
	0  -  Run Bytes Received By Job
	0  -  Total Bytes Sent By Job
	0  -  Total Bytes Received By Job
	Partitionable Resources :    Usage  Request Allocated
	   Cpus                 :                 1         1
	   Disk (KB)            :        2        2  22659268
	   Memory (MB)          :      637        1      4001
...
000 (4048296.198.000) 03/16 11:27:02 Job submitted from host: <192.168.1.109:9618?addrs=192.168.1.109-9618+[--1]-9618&noUDP&sock=3153_969b_4>
...
009 (4048296.198.000) 03/16 11:27:54 Job was aborted by the user.
	via condor_rm (by user routray)
...
000 (4048297.198.000) 03/16 11:29:00 Job submitted from host: <192.168.1.109:9618?addrs=192.168.1.109-9618+[--1]-9618&noUDP&sock=3153_969b_4>
...
009 (4048297.198.000) 03/16 11:30:10 Job was aborted by the user.
	via condor_rm (by user routray)
...
