000 (4046621.041.000) 03/15 20:22:12 Job submitted from host: <192.168.1.109:9618?addrs=192.168.1.109-9618+[--1]-9618&noUDP&sock=3153_969b_4>
...
001 (4046621.041.000) 03/15 20:23:19 Job executing on host: <192.168.1.42:9618?addrs=192.168.1.42-9618+[--1]-9618&noUDP&sock=3360_3385_3>
...
006 (4046621.041.000) 03/15 20:23:28 Image size of job updated: 224
	1  -  MemoryUsage of job (MB)
	224  -  ResidentSetSize of job (KB)
...
005 (4046621.041.000) 03/15 20:23:36 Job terminated.
	(1) Normal termination (return value 1)
		Usr 0 00:00:00, Sys 0 00:00:00  -  Run Remote Usage
		Usr 0 00:00:00, Sys 0 00:00:00  -  Run Local Usage
		Usr 0 00:00:00, Sys 0 00:00:00  -  Total Remote Usage
		Usr 0 00:00:00, Sys 0 00:00:00  -  Total Local Usage
	0  -  Run Bytes Sent By Job
	0  -  Run Bytes Received By Job
	0  -  Total Bytes Sent By Job
	0  -  Total Bytes Received By Job
	Partitionable Resources :    Usage  Request Allocated
	   Cpus                 :                 1         1
	   Disk (KB)            :        2        2  20458262
	   Memory (MB)          :        1        1      4022
...
000 (4046640.041.000) 03/15 21:06:32 Job submitted from host: <192.168.1.109:9618?addrs=192.168.1.109-9618+[--1]-9618&noUDP&sock=3153_969b_4>
...
001 (4046640.041.000) 03/15 21:07:17 Job executing on host: <192.168.1.42:9618?addrs=192.168.1.42-9618+[--1]-9618&noUDP&sock=3360_3385_3>
...
006 (4046640.041.000) 03/15 21:07:26 Image size of job updated: 62624
	61  -  MemoryUsage of job (MB)
	62372  -  ResidentSetSize of job (KB)
...
006 (4046640.041.000) 03/15 21:12:17 Image size of job updated: 62624
	61  -  MemoryUsage of job (MB)
	62456  -  ResidentSetSize of job (KB)
...
005 (4046640.041.000) 03/15 21:12:17 Job terminated.
	(1) Normal termination (return value 0)
		Usr 0 00:00:22, Sys 0 00:00:05  -  Run Remote Usage
		Usr 0 00:00:00, Sys 0 00:00:00  -  Run Local Usage
		Usr 0 00:00:22, Sys 0 00:00:05  -  Total Remote Usage
		Usr 0 00:00:00, Sys 0 00:00:00  -  Total Local Usage
	0  -  Run Bytes Sent By Job
	0  -  Run Bytes Received By Job
	0  -  Total Bytes Sent By Job
	0  -  Total Bytes Received By Job
	Partitionable Resources :    Usage  Request Allocated
	   Cpus                 :                 1         1
	   Disk (KB)            :        2        2  20458262
	   Memory (MB)          :       61        1      4022
...
000 (4046671.041.000) 03/15 22:27:44 Job submitted from host: <192.168.1.109:9618?addrs=192.168.1.109-9618+[--1]-9618&noUDP&sock=3153_969b_4>
...
001 (4046671.041.000) 03/15 22:28:12 Job executing on host: <192.168.1.41:9618?addrs=192.168.1.41-9618+[--1]-9618&noUDP&sock=3368_a17e_3>
...
006 (4046671.041.000) 03/15 22:28:21 Image size of job updated: 59720
	57  -  MemoryUsage of job (MB)
	58104  -  ResidentSetSize of job (KB)
...
006 (4046671.041.000) 03/15 22:33:22 Image size of job updated: 676892
	661  -  MemoryUsage of job (MB)
	676748  -  ResidentSetSize of job (KB)
...
006 (4046671.041.000) 03/15 22:38:22 Image size of job updated: 731768
	715  -  MemoryUsage of job (MB)
	731624  -  ResidentSetSize of job (KB)
...
006 (4046671.041.000) 03/15 22:38:34 Image size of job updated: 1363760
	715  -  MemoryUsage of job (MB)
	731624  -  ResidentSetSize of job (KB)
...
005 (4046671.041.000) 03/15 22:38:34 Job terminated.
	(1) Normal termination (return value 0)
		Usr 0 00:00:31, Sys 0 00:00:07  -  Run Remote Usage
		Usr 0 00:00:00, Sys 0 00:00:00  -  Run Local Usage
		Usr 0 00:00:31, Sys 0 00:00:07  -  Total Remote Usage
		Usr 0 00:00:00, Sys 0 00:00:00  -  Total Local Usage
	0  -  Run Bytes Sent By Job
	0  -  Run Bytes Received By Job
	0  -  Total Bytes Sent By Job
	0  -  Total Bytes Received By Job
	Partitionable Resources :    Usage  Request Allocated
	   Cpus                 :                 1         1
	   Disk (KB)            :        2        2  20458618
	   Memory (MB)          :      715        1      4022
...
000 (4046674.041.000) 03/15 23:56:06 Job submitted from host: <192.168.1.109:9618?addrs=192.168.1.109-9618+[--1]-9618&noUDP&sock=3153_969b_4>
...
009 (4046674.041.000) 03/16 00:49:19 Job was aborted by the user.
	via condor_rm (by user routray)
...
000 (4047692.041.000) 03/16 09:41:43 Job submitted from host: <192.168.1.109:9618?addrs=192.168.1.109-9618+[--1]-9618&noUDP&sock=3153_969b_4>
...
001 (4047692.041.000) 03/16 09:42:21 Job executing on host: <192.168.1.42:9618?addrs=192.168.1.42-9618+[--1]-9618&noUDP&sock=3360_3385_3>
...
006 (4047692.041.000) 03/16 09:42:30 Image size of job updated: 63316
	62  -  MemoryUsage of job (MB)
	62608  -  ResidentSetSize of job (KB)
...
006 (4047692.041.000) 03/16 09:47:31 Image size of job updated: 254084
	249  -  MemoryUsage of job (MB)
	254084  -  ResidentSetSize of job (KB)
...
006 (4047692.041.000) 03/16 09:52:31 Image size of job updated: 688348
	673  -  MemoryUsage of job (MB)
	688348  -  ResidentSetSize of job (KB)
...
006 (4047692.041.000) 03/16 09:54:38 Image size of job updated: 1393636
	673  -  MemoryUsage of job (MB)
	688348  -  ResidentSetSize of job (KB)
...
005 (4047692.041.000) 03/16 09:54:38 Job terminated.
	(1) Normal termination (return value 0)
		Usr 0 00:00:20, Sys 0 00:00:07  -  Run Remote Usage
		Usr 0 00:00:00, Sys 0 00:00:00  -  Run Local Usage
		Usr 0 00:00:20, Sys 0 00:00:07  -  Total Remote Usage
		Usr 0 00:00:00, Sys 0 00:00:00  -  Total Local Usage
	0  -  Run Bytes Sent By Job
	0  -  Run Bytes Received By Job
	0  -  Total Bytes Sent By Job
	0  -  Total Bytes Received By Job
	Partitionable Resources :    Usage  Request Allocated
	   Cpus                 :                 1         1
	   Disk (KB)            :        2        2  20458262
	   Memory (MB)          :      673        1      4022
...
000 (4047694.041.000) 03/16 10:18:54 Job submitted from host: <192.168.1.109:9618?addrs=192.168.1.109-9618+[--1]-9618&noUDP&sock=3153_969b_4>
...
001 (4047694.041.000) 03/16 10:19:26 Job executing on host: <192.168.1.51:9618?addrs=192.168.1.51-9618+[--1]-9618&noUDP&sock=3125_b25b_3>
...
006 (4047694.041.000) 03/16 10:19:30 Image size of job updated: 22092
	0  -  MemoryUsage of job (MB)
	0  -  ResidentSetSize of job (KB)
...
005 (4047694.041.000) 03/16 10:19:32 Job terminated.
	(1) Normal termination (return value 1)
		Usr 0 00:00:00, Sys 0 00:00:00  -  Run Remote Usage
		Usr 0 00:00:00, Sys 0 00:00:00  -  Run Local Usage
		Usr 0 00:00:00, Sys 0 00:00:00  -  Total Remote Usage
		Usr 0 00:00:00, Sys 0 00:00:00  -  Total Local Usage
	0  -  Run Bytes Sent By Job
	0  -  Run Bytes Received By Job
	0  -  Total Bytes Sent By Job
	0  -  Total Bytes Received By Job
	Partitionable Resources :    Usage  Request Allocated
	   Cpus                 :                 1         1
	   Disk (KB)            :        2        2  28494198
	   Memory (MB)          :        0        1      4020
...
000 (4047695.041.000) 03/16 10:31:33 Job submitted from host: <192.168.1.109:9618?addrs=192.168.1.109-9618+[--1]-9618&noUDP&sock=3153_969b_4>
...
001 (4047695.041.000) 03/16 10:32:13 Job executing on host: <192.168.1.42:9618?addrs=192.168.1.42-9618+[--1]-9618&noUDP&sock=3360_3385_3>
...
006 (4047695.041.000) 03/16 10:32:21 Image size of job updated: 62228
	61  -  MemoryUsage of job (MB)
	61688  -  ResidentSetSize of job (KB)
...
006 (4047695.041.000) 03/16 10:37:21 Image size of job updated: 683204
	667  -  MemoryUsage of job (MB)
	682848  -  ResidentSetSize of job (KB)
...
005 (4047695.041.000) 03/16 10:38:27 Job terminated.
	(1) Normal termination (return value 0)
		Usr 0 00:00:22, Sys 0 00:00:05  -  Run Remote Usage
		Usr 0 00:00:00, Sys 0 00:00:00  -  Run Local Usage
		Usr 0 00:00:22, Sys 0 00:00:05  -  Total Remote Usage
		Usr 0 00:00:00, Sys 0 00:00:00  -  Total Local Usage
	0  -  Run Bytes Sent By Job
	0  -  Run Bytes Received By Job
	0  -  Total Bytes Sent By Job
	0  -  Total Bytes Received By Job
	Partitionable Resources :    Usage  Request Allocated
	   Cpus                 :                 1         1
	   Disk (KB)            :        2        2  20458262
	   Memory (MB)          :      667        1      4022
...
000 (4048296.041.000) 03/16 11:27:01 Job submitted from host: <192.168.1.109:9618?addrs=192.168.1.109-9618+[--1]-9618&noUDP&sock=3153_969b_4>
...
009 (4048296.041.000) 03/16 11:27:52 Job was aborted by the user.
	via condor_rm (by user routray)
...
000 (4048297.041.000) 03/16 11:28:58 Job submitted from host: <192.168.1.109:9618?addrs=192.168.1.109-9618+[--1]-9618&noUDP&sock=3153_969b_4>
...
009 (4048297.041.000) 03/16 11:30:08 Job was aborted by the user.
	via condor_rm (by user routray)
...
