000 (4046621.017.000) 03/15 20:22:12 Job submitted from host: <192.168.1.109:9618?addrs=192.168.1.109-9618+[--1]-9618&noUDP&sock=3153_969b_4>
...
001 (4046621.017.000) 03/15 20:23:20 Job executing on host: <192.168.1.45:9618?addrs=192.168.1.45-9618+[--1]-9618&noUDP&sock=3341_bd3f_3>
...
006 (4046621.017.000) 03/15 20:23:22 Image size of job updated: 125916
	0  -  MemoryUsage of job (MB)
	0  -  ResidentSetSize of job (KB)
...
005 (4046621.017.000) 03/15 20:23:28 Job terminated.
	(1) Normal termination (return value 1)
		Usr 0 00:00:00, Sys 0 00:00:00  -  Run Remote Usage
		Usr 0 00:00:00, Sys 0 00:00:00  -  Run Local Usage
		Usr 0 00:00:00, Sys 0 00:00:00  -  Total Remote Usage
		Usr 0 00:00:00, Sys 0 00:00:00  -  Total Local Usage
	0  -  Run Bytes Sent By Job
	0  -  Run Bytes Received By Job
	0  -  Total Bytes Sent By Job
	0  -  Total Bytes Received By Job
	Partitionable Resources :    Usage  Request Allocated
	   Cpus                 :                 1         1
	   Disk (KB)            :        2        2  20460088
	   Memory (MB)          :        0        1      4022
...
000 (4046640.017.000) 03/15 21:06:32 Job submitted from host: <192.168.1.109:9618?addrs=192.168.1.109-9618+[--1]-9618&noUDP&sock=3153_969b_4>
...
001 (4046640.017.000) 03/15 21:07:17 Job executing on host: <192.168.1.45:9618?addrs=192.168.1.45-9618+[--1]-9618&noUDP&sock=3341_bd3f_3>
...
006 (4046640.017.000) 03/15 21:07:25 Image size of job updated: 47244
	47  -  MemoryUsage of job (MB)
	47120  -  ResidentSetSize of job (KB)
...
006 (4046640.017.000) 03/15 21:12:25 Image size of job updated: 218120
	213  -  MemoryUsage of job (MB)
	217756  -  ResidentSetSize of job (KB)
...
005 (4046640.017.000) 03/15 21:17:20 Job terminated.
	(1) Normal termination (return value 0)
		Usr 0 00:00:33, Sys 0 00:00:07  -  Run Remote Usage
		Usr 0 00:00:00, Sys 0 00:00:00  -  Run Local Usage
		Usr 0 00:00:33, Sys 0 00:00:07  -  Total Remote Usage
		Usr 0 00:00:00, Sys 0 00:00:00  -  Total Local Usage
	0  -  Run Bytes Sent By Job
	0  -  Run Bytes Received By Job
	0  -  Total Bytes Sent By Job
	0  -  Total Bytes Received By Job
	Partitionable Resources :    Usage  Request Allocated
	   Cpus                 :                 1         1
	   Disk (KB)            :        2        2  20460088
	   Memory (MB)          :      213        1      4022
...
000 (4046671.017.000) 03/15 22:27:44 Job submitted from host: <192.168.1.109:9618?addrs=192.168.1.109-9618+[--1]-9618&noUDP&sock=3153_969b_4>
...
001 (4046671.017.000) 03/15 22:28:10 Job executing on host: <192.168.1.43:9618?addrs=192.168.1.43-9618+[--1]-9618&noUDP&sock=3360_24bc_3>
...
006 (4046671.017.000) 03/15 22:28:19 Image size of job updated: 56324
	55  -  MemoryUsage of job (MB)
	56312  -  ResidentSetSize of job (KB)
...
006 (4046671.017.000) 03/15 22:33:20 Image size of job updated: 708256
	690  -  MemoryUsage of job (MB)
	706128  -  ResidentSetSize of job (KB)
...
006 (4046671.017.000) 03/15 22:38:20 Image size of job updated: 773576
	754  -  MemoryUsage of job (MB)
	771272  -  ResidentSetSize of job (KB)
...
005 (4046671.017.000) 03/15 22:38:33 Job terminated.
	(1) Normal termination (return value 0)
		Usr 0 00:00:25, Sys 0 00:00:05  -  Run Remote Usage
		Usr 0 00:00:00, Sys 0 00:00:00  -  Run Local Usage
		Usr 0 00:00:25, Sys 0 00:00:05  -  Total Remote Usage
		Usr 0 00:00:00, Sys 0 00:00:00  -  Total Local Usage
	0  -  Run Bytes Sent By Job
	0  -  Run Bytes Received By Job
	0  -  Total Bytes Sent By Job
	0  -  Total Bytes Received By Job
	Partitionable Resources :    Usage  Request Allocated
	   Cpus                 :                 1         1
	   Disk (KB)            :        2        2  20458451
	   Memory (MB)          :      754        1      4022
...
000 (4046674.017.000) 03/15 23:56:06 Job submitted from host: <192.168.1.109:9618?addrs=192.168.1.109-9618+[--1]-9618&noUDP&sock=3153_969b_4>
...
009 (4046674.017.000) 03/16 00:49:19 Job was aborted by the user.
	via condor_rm (by user routray)
...
000 (4047692.017.000) 03/16 09:41:43 Job submitted from host: <192.168.1.109:9618?addrs=192.168.1.109-9618+[--1]-9618&noUDP&sock=3153_969b_4>
...
001 (4047692.017.000) 03/16 09:42:21 Job executing on host: <192.168.1.45:9618?addrs=192.168.1.45-9618+[--1]-9618&noUDP&sock=3341_bd3f_3>
...
006 (4047692.017.000) 03/16 09:42:30 Image size of job updated: 39480
	39  -  MemoryUsage of job (MB)
	39468  -  ResidentSetSize of job (KB)
...
006 (4047692.017.000) 03/16 09:47:31 Image size of job updated: 258824
	252  -  MemoryUsage of job (MB)
	257236  -  ResidentSetSize of job (KB)
...
006 (4047692.017.000) 03/16 09:52:32 Image size of job updated: 701304
	684  -  MemoryUsage of job (MB)
	699484  -  ResidentSetSize of job (KB)
...
005 (4047692.017.000) 03/16 09:55:00 Job terminated.
	(1) Normal termination (return value 0)
		Usr 0 00:00:23, Sys 0 00:00:07  -  Run Remote Usage
		Usr 0 00:00:00, Sys 0 00:00:00  -  Run Local Usage
		Usr 0 00:00:23, Sys 0 00:00:07  -  Total Remote Usage
		Usr 0 00:00:00, Sys 0 00:00:00  -  Total Local Usage
	0  -  Run Bytes Sent By Job
	0  -  Run Bytes Received By Job
	0  -  Total Bytes Sent By Job
	0  -  Total Bytes Received By Job
	Partitionable Resources :    Usage  Request Allocated
	   Cpus                 :                 1         1
	   Disk (KB)            :        2        2  20460088
	   Memory (MB)          :      684        1      4022
...
000 (4047694.017.000) 03/16 10:18:54 Job submitted from host: <192.168.1.109:9618?addrs=192.168.1.109-9618+[--1]-9618&noUDP&sock=3153_969b_4>
...
001 (4047694.017.000) 03/16 10:19:26 Job executing on host: <192.168.1.45:9618?addrs=192.168.1.45-9618+[--1]-9618&noUDP&sock=3341_bd3f_3>
...
006 (4047694.017.000) 03/16 10:19:28 Image size of job updated: 29532
	0  -  MemoryUsage of job (MB)
	0  -  ResidentSetSize of job (KB)
...
005 (4047694.017.000) 03/16 10:19:29 Job terminated.
	(1) Normal termination (return value 1)
		Usr 0 00:00:00, Sys 0 00:00:00  -  Run Remote Usage
		Usr 0 00:00:00, Sys 0 00:00:00  -  Run Local Usage
		Usr 0 00:00:00, Sys 0 00:00:00  -  Total Remote Usage
		Usr 0 00:00:00, Sys 0 00:00:00  -  Total Local Usage
	0  -  Run Bytes Sent By Job
	0  -  Run Bytes Received By Job
	0  -  Total Bytes Sent By Job
	0  -  Total Bytes Received By Job
	Partitionable Resources :    Usage  Request Allocated
	   Cpus                 :                 1         1
	   Disk (KB)            :        2        2  20460088
	   Memory (MB)          :        0        1      4022
...
000 (4047695.017.000) 03/16 10:31:33 Job submitted from host: <192.168.1.109:9618?addrs=192.168.1.109-9618+[--1]-9618&noUDP&sock=3153_969b_4>
...
001 (4047695.017.000) 03/16 10:32:12 Job executing on host: <192.168.1.45:9618?addrs=192.168.1.45-9618+[--1]-9618&noUDP&sock=3341_bd3f_3>
...
006 (4047695.017.000) 03/16 10:32:21 Image size of job updated: 49832
	49  -  MemoryUsage of job (MB)
	49792  -  ResidentSetSize of job (KB)
...
006 (4047695.017.000) 03/16 10:37:22 Image size of job updated: 679388
	664  -  MemoryUsage of job (MB)
	679040  -  ResidentSetSize of job (KB)
...
006 (4047695.017.000) 03/16 10:38:41 Image size of job updated: 700168
	664  -  MemoryUsage of job (MB)
	679040  -  ResidentSetSize of job (KB)
...
005 (4047695.017.000) 03/16 10:38:44 Job terminated.
	(1) Normal termination (return value 0)
		Usr 0 00:00:33, Sys 0 00:00:07  -  Run Remote Usage
		Usr 0 00:00:00, Sys 0 00:00:00  -  Run Local Usage
		Usr 0 00:00:33, Sys 0 00:00:07  -  Total Remote Usage
		Usr 0 00:00:00, Sys 0 00:00:00  -  Total Local Usage
	0  -  Run Bytes Sent By Job
	0  -  Run Bytes Received By Job
	0  -  Total Bytes Sent By Job
	0  -  Total Bytes Received By Job
	Partitionable Resources :    Usage  Request Allocated
	   Cpus                 :                 1         1
	   Disk (KB)            :        2        2  20460088
	   Memory (MB)          :      664        1      4022
...
000 (4048296.017.000) 03/16 11:27:01 Job submitted from host: <192.168.1.109:9618?addrs=192.168.1.109-9618+[--1]-9618&noUDP&sock=3153_969b_4>
...
009 (4048296.017.000) 03/16 11:27:52 Job was aborted by the user.
	via condor_rm (by user routray)
...
000 (4048297.017.000) 03/16 11:28:58 Job submitted from host: <192.168.1.109:9618?addrs=192.168.1.109-9618+[--1]-9618&noUDP&sock=3153_969b_4>
...
009 (4048297.017.000) 03/16 11:30:08 Job was aborted by the user.
	via condor_rm (by user routray)
...
