000 (4046621.2818.000) 03/15 20:22:39 Job submitted from host: <192.168.1.109:9618?addrs=192.168.1.109-9618+[--1]-9618&noUDP&sock=3153_969b_4>
...
009 (4046621.2818.000) 03/15 20:25:17 Job was aborted by the user.
	via condor_rm (by user routray)
...
000 (4046640.2818.000) 03/15 21:06:44 Job submitted from host: <192.168.1.109:9618?addrs=192.168.1.109-9618+[--1]-9618&noUDP&sock=3153_969b_4>
...
001 (4046640.2818.000) 03/15 21:33:53 Job executing on host: <192.168.1.41:9618?addrs=192.168.1.41-9618+[--1]-9618&noUDP&sock=3368_a17e_3>
...
006 (4046640.2818.000) 03/15 21:34:03 Image size of job updated: 10608
	10  -  MemoryUsage of job (MB)
	9648  -  ResidentSetSize of job (KB)
...
006 (4046640.2818.000) 03/15 21:37:31 Image size of job updated: 1363768
	10  -  MemoryUsage of job (MB)
	9648  -  ResidentSetSize of job (KB)
...
005 (4046640.2818.000) 03/15 21:37:32 Job terminated.
	(1) Normal termination (return value 0)
		Usr 0 00:00:34, Sys 0 00:00:08  -  Run Remote Usage
		Usr 0 00:00:00, Sys 0 00:00:00  -  Run Local Usage
		Usr 0 00:00:34, Sys 0 00:00:08  -  Total Remote Usage
		Usr 0 00:00:00, Sys 0 00:00:00  -  Total Local Usage
	0  -  Run Bytes Sent By Job
	0  -  Run Bytes Received By Job
	0  -  Total Bytes Sent By Job
	0  -  Total Bytes Received By Job
	Partitionable Resources :    Usage  Request Allocated
	   Cpus                 :                 1         1
	   Disk (KB)            :        2        2  20458618
	   Memory (MB)          :       10        1      4022
...
