000 (4046621.447.000) 03/15 20:22:17 Job submitted from host: <192.168.1.109:9618?addrs=192.168.1.109-9618+[--1]-9618&noUDP&sock=3153_969b_4>
...
001 (4046621.447.000) 03/15 20:24:38 Job executing on host: <192.168.1.47:9618?addrs=192.168.1.47-9618+[--1]-9618&noUDP&sock=3245_a288_3>
...
006 (4046621.447.000) 03/15 20:24:39 Image size of job updated: 124380
	0  -  MemoryUsage of job (MB)
	0  -  ResidentSetSize of job (KB)
...
005 (4046621.447.000) 03/15 20:24:44 Job terminated.
	(1) Normal termination (return value 1)
		Usr 0 00:00:00, Sys 0 00:00:00  -  Run Remote Usage
		Usr 0 00:00:00, Sys 0 00:00:00  -  Run Local Usage
		Usr 0 00:00:00, Sys 0 00:00:00  -  Total Remote Usage
		Usr 0 00:00:00, Sys 0 00:00:00  -  Total Local Usage
	0  -  Run Bytes Sent By Job
	0  -  Run Bytes Received By Job
	0  -  Total Bytes Sent By Job
	0  -  Total Bytes Received By Job
	Partitionable Resources :    Usage  Request Allocated
	   Cpus                 :                 1         1
	   Disk (KB)            :        2        2  28493856
	   Memory (MB)          :        0        1      4020
...
009 (4046621.447.000) 03/15 20:24:47 Job was aborted by the user.
	via condor_rm (by user routray)
...
009 (4046621.447.000) 03/15 20:24:53 Job was aborted by the user.
	via condor_rm (by user routray)
...
000 (4046640.447.000) 03/15 21:06:33 Job submitted from host: <192.168.1.109:9618?addrs=192.168.1.109-9618+[--1]-9618&noUDP&sock=3153_969b_4>
...
001 (4046640.447.000) 03/15 21:07:34 Job executing on host: <192.168.1.40:9618?addrs=192.168.1.40-9618+[--1]-9618&noUDP&sock=3366_a17e_3>
...
006 (4046640.447.000) 03/15 21:07:42 Image size of job updated: 51636
	51  -  MemoryUsage of job (MB)
	51572  -  ResidentSetSize of job (KB)
...
006 (4046640.447.000) 03/15 21:12:42 Image size of job updated: 692756
	677  -  MemoryUsage of job (MB)
	692608  -  ResidentSetSize of job (KB)
...
006 (4046640.447.000) 03/15 21:14:00 Image size of job updated: 1363768
	677  -  MemoryUsage of job (MB)
	692608  -  ResidentSetSize of job (KB)
...
005 (4046640.447.000) 03/15 21:14:10 Job terminated.
	(1) Normal termination (return value 0)
		Usr 0 00:00:25, Sys 0 00:00:06  -  Run Remote Usage
		Usr 0 00:00:00, Sys 0 00:00:00  -  Run Local Usage
		Usr 0 00:00:25, Sys 0 00:00:06  -  Total Remote Usage
		Usr 0 00:00:00, Sys 0 00:00:00  -  Total Local Usage
	0  -  Run Bytes Sent By Job
	0  -  Run Bytes Received By Job
	0  -  Total Bytes Sent By Job
	0  -  Total Bytes Received By Job
	Partitionable Resources :    Usage  Request Allocated
	   Cpus                 :                 1         1
	   Disk (KB)            :        2        2  20457847
	   Memory (MB)          :      677        1      4022
...
000 (4046671.447.000) 03/15 22:27:46 Job submitted from host: <192.168.1.109:9618?addrs=192.168.1.109-9618+[--1]-9618&noUDP&sock=3153_969b_4>
...
001 (4046671.447.000) 03/15 22:28:58 Job executing on host: <192.168.1.61:9618?addrs=192.168.1.61-9618+[--1]-9618&noUDP&sock=3335_bd3f_11>
...
006 (4046671.447.000) 03/15 22:29:07 Image size of job updated: 217368
	172  -  MemoryUsage of job (MB)
	175700  -  ResidentSetSize of job (KB)
...
006 (4046671.447.000) 03/15 22:34:08 Image size of job updated: 713260
	697  -  MemoryUsage of job (MB)
	712888  -  ResidentSetSize of job (KB)
...
005 (4046671.447.000) 03/15 22:35:13 Job terminated.
	(1) Normal termination (return value 0)
		Usr 0 00:00:29, Sys 0 00:00:03  -  Run Remote Usage
		Usr 0 00:00:00, Sys 0 00:00:00  -  Run Local Usage
		Usr 0 00:00:29, Sys 0 00:00:03  -  Total Remote Usage
		Usr 0 00:00:00, Sys 0 00:00:00  -  Total Local Usage
	0  -  Run Bytes Sent By Job
	0  -  Run Bytes Received By Job
	0  -  Total Bytes Sent By Job
	0  -  Total Bytes Received By Job
	Partitionable Resources :    Usage  Request Allocated
	   Cpus                 :                 1         1
	   Disk (KB)            :        2        2  22662096
	   Memory (MB)          :      697        1      4001
...
000 (4046674.447.000) 03/15 23:56:09 Job submitted from host: <192.168.1.109:9618?addrs=192.168.1.109-9618+[--1]-9618&noUDP&sock=3153_969b_4>
...
