000 (4046621.630.000) 03/15 20:22:19 Job submitted from host: <192.168.1.109:9618?addrs=192.168.1.109-9618+[--1]-9618&noUDP&sock=3153_969b_4>
...
001 (4046621.630.000) 03/15 20:23:35 Job executing on host: <192.168.1.41:9618?addrs=192.168.1.41-9618+[--1]-9618&noUDP&sock=3368_a17e_3>
...
006 (4046621.630.000) 03/15 20:23:37 Image size of job updated: 124380
	0  -  MemoryUsage of job (MB)
	0  -  ResidentSetSize of job (KB)
...
005 (4046621.630.000) 03/15 20:23:41 Job terminated.
	(1) Normal termination (return value 1)
		Usr 0 00:00:00, Sys 0 00:00:00  -  Run Remote Usage
		Usr 0 00:00:00, Sys 0 00:00:00  -  Run Local Usage
		Usr 0 00:00:00, Sys 0 00:00:00  -  Total Remote Usage
		Usr 0 00:00:00, Sys 0 00:00:00  -  Total Local Usage
	0  -  Run Bytes Sent By Job
	0  -  Run Bytes Received By Job
	0  -  Total Bytes Sent By Job
	0  -  Total Bytes Received By Job
	Partitionable Resources :    Usage  Request Allocated
	   Cpus                 :                 1         1
	   Disk (KB)            :        2        2  20458619
	   Memory (MB)          :        0        1      4022
...
000 (4046640.630.000) 03/15 21:06:34 Job submitted from host: <192.168.1.109:9618?addrs=192.168.1.109-9618+[--1]-9618&noUDP&sock=3153_969b_4>
...
001 (4046640.630.000) 03/15 21:12:17 Job executing on host: <192.168.1.42:9618?addrs=192.168.1.42-9618+[--1]-9618&noUDP&sock=3360_3385_3>
...
006 (4046640.630.000) 03/15 21:12:26 Image size of job updated: 119648
	112  -  MemoryUsage of job (MB)
	113852  -  ResidentSetSize of job (KB)
...
006 (4046640.630.000) 03/15 21:17:27 Image size of job updated: 688260
	673  -  MemoryUsage of job (MB)
	688224  -  ResidentSetSize of job (KB)
...
005 (4046640.630.000) 03/15 21:18:22 Job terminated.
	(1) Normal termination (return value 0)
		Usr 0 00:00:21, Sys 0 00:00:05  -  Run Remote Usage
		Usr 0 00:00:00, Sys 0 00:00:00  -  Run Local Usage
		Usr 0 00:00:21, Sys 0 00:00:05  -  Total Remote Usage
		Usr 0 00:00:00, Sys 0 00:00:00  -  Total Local Usage
	0  -  Run Bytes Sent By Job
	0  -  Run Bytes Received By Job
	0  -  Total Bytes Sent By Job
	0  -  Total Bytes Received By Job
	Partitionable Resources :    Usage  Request Allocated
	   Cpus                 :                 1         1
	   Disk (KB)            :        2        2  20458262
	   Memory (MB)          :      673        1      4022
...
000 (4046671.630.000) 03/15 22:27:47 Job submitted from host: <192.168.1.109:9618?addrs=192.168.1.109-9618+[--1]-9618&noUDP&sock=3153_969b_4>
...
001 (4046671.630.000) 03/15 22:35:03 Job executing on host: <192.168.1.62:9618?addrs=192.168.1.62-9618+[--1]-9618&noUDP&sock=2992_c8ab_24>
...
006 (4046671.630.000) 03/15 22:35:12 Image size of job updated: 50312
	50  -  MemoryUsage of job (MB)
	50312  -  ResidentSetSize of job (KB)
...
005 (4046671.630.000) 03/15 22:37:23 Job terminated.
	(1) Normal termination (return value 0)
		Usr 0 00:00:39, Sys 0 00:00:05  -  Run Remote Usage
		Usr 0 00:00:00, Sys 0 00:00:00  -  Run Local Usage
		Usr 0 00:00:39, Sys 0 00:00:05  -  Total Remote Usage
		Usr 0 00:00:00, Sys 0 00:00:00  -  Total Local Usage
	0  -  Run Bytes Sent By Job
	0  -  Run Bytes Received By Job
	0  -  Total Bytes Sent By Job
	0  -  Total Bytes Received By Job
	Partitionable Resources :    Usage  Request Allocated
	   Cpus                 :                 1         1
	   Disk (KB)            :        2        2  22663505
	   Memory (MB)          :       50        1      4001
...
000 (4046674.630.000) 03/15 23:56:10 Job submitted from host: <192.168.1.109:9618?addrs=192.168.1.109-9618+[--1]-9618&noUDP&sock=3153_969b_4>
...
009 (4046674.630.000) 03/16 00:49:24 Job was aborted by the user.
	via condor_rm (by user routray)
...
000 (4047692.630.000) 03/16 09:41:51 Job submitted from host: <192.168.1.109:9618?addrs=192.168.1.109-9618+[--1]-9618&noUDP&sock=3153_969b_4>
...
001 (4047692.630.000) 03/16 09:53:52 Job executing on host: <192.168.1.39:9618?addrs=192.168.1.39-9618+[--1]-9618&noUDP&sock=3239_16fe_3>
...
006 (4047692.630.000) 03/16 09:54:01 Image size of job updated: 241844
	203  -  MemoryUsage of job (MB)
	207856  -  ResidentSetSize of job (KB)
...
006 (4047692.630.000) 03/16 09:55:39 Image size of job updated: 241844
	204  -  MemoryUsage of job (MB)
	208012  -  ResidentSetSize of job (KB)
...
005 (4047692.630.000) 03/16 09:55:39 Job terminated.
	(1) Normal termination (return value 0)
		Usr 0 00:00:17, Sys 0 00:00:03  -  Run Remote Usage
		Usr 0 00:00:00, Sys 0 00:00:00  -  Run Local Usage
		Usr 0 00:00:17, Sys 0 00:00:03  -  Total Remote Usage
		Usr 0 00:00:00, Sys 0 00:00:00  -  Total Local Usage
	0  -  Run Bytes Sent By Job
	0  -  Run Bytes Received By Job
	0  -  Total Bytes Sent By Job
	0  -  Total Bytes Received By Job
	Partitionable Resources :    Usage  Request Allocated
	   Cpus                 :                 1         1
	   Disk (KB)            :        2        2  20460459
	   Memory (MB)          :      204        1      4022
...
000 (4047694.630.000) 03/16 10:18:57 Job submitted from host: <192.168.1.109:9618?addrs=192.168.1.109-9618+[--1]-9618&noUDP&sock=3153_969b_4>
...
001 (4047694.630.000) 03/16 10:22:50 Job executing on host: <192.168.1.41:9618?addrs=192.168.1.41-9618+[--1]-9618&noUDP&sock=3368_a17e_3>
...
006 (4047694.630.000) 03/16 10:22:51 Image size of job updated: 35516
	0  -  MemoryUsage of job (MB)
	0  -  ResidentSetSize of job (KB)
...
005 (4047694.630.000) 03/16 10:22:51 Job terminated.
	(1) Normal termination (return value 1)
		Usr 0 00:00:00, Sys 0 00:00:00  -  Run Remote Usage
		Usr 0 00:00:00, Sys 0 00:00:00  -  Run Local Usage
		Usr 0 00:00:00, Sys 0 00:00:00  -  Total Remote Usage
		Usr 0 00:00:00, Sys 0 00:00:00  -  Total Local Usage
	0  -  Run Bytes Sent By Job
	0  -  Run Bytes Received By Job
	0  -  Total Bytes Sent By Job
	0  -  Total Bytes Received By Job
	Partitionable Resources :    Usage  Request Allocated
	   Cpus                 :                 1         1
	   Disk (KB)            :        2        2  20458618
	   Memory (MB)          :        0        1      4022
...
000 (4047695.630.000) 03/16 10:31:36 Job submitted from host: <192.168.1.109:9618?addrs=192.168.1.109-9618+[--1]-9618&noUDP&sock=3153_969b_4>
...
001 (4047695.630.000) 03/16 10:37:44 Job executing on host: <192.168.1.49:9618?addrs=192.168.1.49-9618+[--1]-9618&noUDP&sock=3240_e427_3>
...
006 (4047695.630.000) 03/16 10:37:54 Image size of job updated: 24288
	18  -  MemoryUsage of job (MB)
	17644  -  ResidentSetSize of job (KB)
...
006 (4047695.630.000) 03/16 10:42:54 Image size of job updated: 539468
	524  -  MemoryUsage of job (MB)
	536252  -  ResidentSetSize of job (KB)
...
005 (4047695.630.000) 03/16 10:44:45 Job terminated.
	(1) Normal termination (return value 0)
		Usr 0 00:00:30, Sys 0 00:00:05  -  Run Remote Usage
		Usr 0 00:00:00, Sys 0 00:00:00  -  Run Local Usage
		Usr 0 00:00:30, Sys 0 00:00:05  -  Total Remote Usage
		Usr 0 00:00:00, Sys 0 00:00:00  -  Total Local Usage
	0  -  Run Bytes Sent By Job
	0  -  Run Bytes Received By Job
	0  -  Total Bytes Sent By Job
	0  -  Total Bytes Received By Job
	Partitionable Resources :    Usage  Request Allocated
	   Cpus                 :                 1         1
	   Disk (KB)            :        2        2  28491601
	   Memory (MB)          :      524        1      4020
...
000 (4048296.630.000) 03/16 11:27:05 Job submitted from host: <192.168.1.109:9618?addrs=192.168.1.109-9618+[--1]-9618&noUDP&sock=3153_969b_4>
...
009 (4048296.630.000) 03/16 11:27:58 Job was aborted by the user.
	via condor_rm (by user routray)
...
000 (4048297.630.000) 03/16 11:29:02 Job submitted from host: <192.168.1.109:9618?addrs=192.168.1.109-9618+[--1]-9618&noUDP&sock=3153_969b_4>
...
009 (4048297.630.000) 03/16 11:30:13 Job was aborted by the user.
	via condor_rm (by user routray)
...
