000 (4046621.384.000) 03/15 20:22:17 Job submitted from host: <192.168.1.109:9618?addrs=192.168.1.109-9618+[--1]-9618&noUDP&sock=3153_969b_4>
...
001 (4046621.384.000) 03/15 20:24:20 Job executing on host: <192.168.1.42:9618?addrs=192.168.1.42-9618+[--1]-9618&noUDP&sock=3360_3385_3>
...
006 (4046621.384.000) 03/15 20:24:21 Image size of job updated: 624
	0  -  MemoryUsage of job (MB)
	0  -  ResidentSetSize of job (KB)
...
005 (4046621.384.000) 03/15 20:24:27 Job terminated.
	(1) Normal termination (return value 1)
		Usr 0 00:00:00, Sys 0 00:00:00  -  Run Remote Usage
		Usr 0 00:00:00, Sys 0 00:00:00  -  Run Local Usage
		Usr 0 00:00:00, Sys 0 00:00:00  -  Total Remote Usage
		Usr 0 00:00:00, Sys 0 00:00:00  -  Total Local Usage
	0  -  Run Bytes Sent By Job
	0  -  Run Bytes Received By Job
	0  -  Total Bytes Sent By Job
	0  -  Total Bytes Received By Job
	Partitionable Resources :    Usage  Request Allocated
	   Cpus                 :                 1         1
	   Disk (KB)            :        2        2  20458261
	   Memory (MB)          :        0        1      4022
...
009 (4046621.384.000) 03/15 20:24:53 Job was aborted by the user.
	via condor_rm (by user routray)
...
000 (4046640.384.000) 03/15 21:06:33 Job submitted from host: <192.168.1.109:9618?addrs=192.168.1.109-9618+[--1]-9618&noUDP&sock=3153_969b_4>
...
001 (4046640.384.000) 03/15 21:07:32 Job executing on host: <192.168.1.43:9618?addrs=192.168.1.43-9618+[--1]-9618&noUDP&sock=3360_24bc_3>
...
006 (4046640.384.000) 03/15 21:07:40 Image size of job updated: 48148
	47  -  MemoryUsage of job (MB)
	48096  -  ResidentSetSize of job (KB)
...
006 (4046640.384.000) 03/15 21:12:40 Image size of job updated: 703864
	688  -  MemoryUsage of job (MB)
	703864  -  ResidentSetSize of job (KB)
...
006 (4046640.384.000) 03/15 21:13:56 Image size of job updated: 1363768
	688  -  MemoryUsage of job (MB)
	703864  -  ResidentSetSize of job (KB)
...
005 (4046640.384.000) 03/15 21:13:59 Job terminated.
	(1) Normal termination (return value 0)
		Usr 0 00:00:23, Sys 0 00:00:06  -  Run Remote Usage
		Usr 0 00:00:00, Sys 0 00:00:00  -  Run Local Usage
		Usr 0 00:00:23, Sys 0 00:00:06  -  Total Remote Usage
		Usr 0 00:00:00, Sys 0 00:00:00  -  Total Local Usage
	0  -  Run Bytes Sent By Job
	0  -  Run Bytes Received By Job
	0  -  Total Bytes Sent By Job
	0  -  Total Bytes Received By Job
	Partitionable Resources :    Usage  Request Allocated
	   Cpus                 :                 1         1
	   Disk (KB)            :        2        2  20458450
	   Memory (MB)          :      688        1      4022
...
000 (4046671.384.000) 03/15 22:27:46 Job submitted from host: <192.168.1.109:9618?addrs=192.168.1.109-9618+[--1]-9618&noUDP&sock=3153_969b_4>
...
001 (4046671.384.000) 03/15 22:28:35 Job executing on host: <192.168.1.41:9618?addrs=192.168.1.41-9618+[--1]-9618&noUDP&sock=3368_a17e_3>
...
006 (4046671.384.000) 03/15 22:28:44 Image size of job updated: 214464
	191  -  MemoryUsage of job (MB)
	195448  -  ResidentSetSize of job (KB)
...
006 (4046671.384.000) 03/15 22:33:45 Image size of job updated: 769224
	726  -  MemoryUsage of job (MB)
	742960  -  ResidentSetSize of job (KB)
...
005 (4046671.384.000) 03/15 22:38:31 Job terminated.
	(1) Normal termination (return value 0)
		Usr 0 00:00:24, Sys 0 00:00:04  -  Run Remote Usage
		Usr 0 00:00:00, Sys 0 00:00:00  -  Run Local Usage
		Usr 0 00:00:24, Sys 0 00:00:04  -  Total Remote Usage
		Usr 0 00:00:00, Sys 0 00:00:00  -  Total Local Usage
	0  -  Run Bytes Sent By Job
	0  -  Run Bytes Received By Job
	0  -  Total Bytes Sent By Job
	0  -  Total Bytes Received By Job
	Partitionable Resources :    Usage  Request Allocated
	   Cpus                 :                 1         1
	   Disk (KB)            :        2        2  20458619
	   Memory (MB)          :      726        1      4022
...
000 (4046674.384.000) 03/15 23:56:09 Job submitted from host: <192.168.1.109:9618?addrs=192.168.1.109-9618+[--1]-9618&noUDP&sock=3153_969b_4>
...
009 (4046674.384.000) 03/16 00:49:22 Job was aborted by the user.
	via condor_rm (by user routray)
...
000 (4047692.384.000) 03/16 09:41:49 Job submitted from host: <192.168.1.109:9618?addrs=192.168.1.109-9618+[--1]-9618&noUDP&sock=3153_969b_4>
...
001 (4047692.384.000) 03/16 09:42:37 Job executing on host: <192.168.1.41:9618?addrs=192.168.1.41-9618+[--1]-9618&noUDP&sock=3368_a17e_3>
...
006 (4047692.384.000) 03/16 09:42:46 Image size of job updated: 53340
	52  -  MemoryUsage of job (MB)
	52988  -  ResidentSetSize of job (KB)
...
006 (4047692.384.000) 03/16 09:47:47 Image size of job updated: 445700
	409  -  MemoryUsage of job (MB)
	417952  -  ResidentSetSize of job (KB)
...
006 (4047692.384.000) 03/16 09:52:49 Image size of job updated: 654544
	640  -  MemoryUsage of job (MB)
	654544  -  ResidentSetSize of job (KB)
...
006 (4047692.384.000) 03/16 09:55:22 Image size of job updated: 654544
	640  -  MemoryUsage of job (MB)
	654548  -  ResidentSetSize of job (KB)
...
005 (4047692.384.000) 03/16 09:55:25 Job terminated.
	(1) Normal termination (return value 0)
		Usr 0 00:00:21, Sys 0 00:00:07  -  Run Remote Usage
		Usr 0 00:00:00, Sys 0 00:00:00  -  Run Local Usage
		Usr 0 00:00:21, Sys 0 00:00:07  -  Total Remote Usage
		Usr 0 00:00:00, Sys 0 00:00:00  -  Total Local Usage
	0  -  Run Bytes Sent By Job
	0  -  Run Bytes Received By Job
	0  -  Total Bytes Sent By Job
	0  -  Total Bytes Received By Job
	Partitionable Resources :    Usage  Request Allocated
	   Cpus                 :                 1         1
	   Disk (KB)            :        2        2  20458618
	   Memory (MB)          :      640        1      4022
...
000 (4047694.384.000) 03/16 10:18:56 Job submitted from host: <192.168.1.109:9618?addrs=192.168.1.109-9618+[--1]-9618&noUDP&sock=3153_969b_4>
...
001 (4047694.384.000) 03/16 10:19:41 Job executing on host: <192.168.1.45:9618?addrs=192.168.1.45-9618+[--1]-9618&noUDP&sock=3341_bd3f_3>
...
006 (4047694.384.000) 03/16 10:19:42 Image size of job updated: 3600
	0  -  MemoryUsage of job (MB)
	0  -  ResidentSetSize of job (KB)
...
005 (4047694.384.000) 03/16 10:20:51 Job terminated.
	(1) Normal termination (return value 1)
		Usr 0 00:00:00, Sys 0 00:00:00  -  Run Remote Usage
		Usr 0 00:00:00, Sys 0 00:00:00  -  Run Local Usage
		Usr 0 00:00:00, Sys 0 00:00:00  -  Total Remote Usage
		Usr 0 00:00:00, Sys 0 00:00:00  -  Total Local Usage
	0  -  Run Bytes Sent By Job
	0  -  Run Bytes Received By Job
	0  -  Total Bytes Sent By Job
	0  -  Total Bytes Received By Job
	Partitionable Resources :    Usage  Request Allocated
	   Cpus                 :                 1         1
	   Disk (KB)            :        2        2  20460088
	   Memory (MB)          :        0        1      4022
...
000 (4047695.384.000) 03/16 10:31:35 Job submitted from host: <192.168.1.109:9618?addrs=192.168.1.109-9618+[--1]-9618&noUDP&sock=3153_969b_4>
...
001 (4047695.384.000) 03/16 10:32:29 Job executing on host: <192.168.1.41:9618?addrs=192.168.1.41-9618+[--1]-9618&noUDP&sock=3368_a17e_3>
...
006 (4047695.384.000) 03/16 10:32:37 Image size of job updated: 46116
	45  -  MemoryUsage of job (MB)
	46076  -  ResidentSetSize of job (KB)
...
006 (4047695.384.000) 03/16 10:37:37 Image size of job updated: 681016
	666  -  MemoryUsage of job (MB)
	680988  -  ResidentSetSize of job (KB)
...
005 (4047695.384.000) 03/16 10:38:32 Job terminated.
	(1) Normal termination (return value 0)
		Usr 0 00:00:23, Sys 0 00:00:06  -  Run Remote Usage
		Usr 0 00:00:00, Sys 0 00:00:00  -  Run Local Usage
		Usr 0 00:00:23, Sys 0 00:00:06  -  Total Remote Usage
		Usr 0 00:00:00, Sys 0 00:00:00  -  Total Local Usage
	0  -  Run Bytes Sent By Job
	0  -  Run Bytes Received By Job
	0  -  Total Bytes Sent By Job
	0  -  Total Bytes Received By Job
	Partitionable Resources :    Usage  Request Allocated
	   Cpus                 :                 1         1
	   Disk (KB)            :        2        2  20458618
	   Memory (MB)          :      666        1      4022
...
000 (4048296.384.000) 03/16 11:27:04 Job submitted from host: <192.168.1.109:9618?addrs=192.168.1.109-9618+[--1]-9618&noUDP&sock=3153_969b_4>
...
009 (4048296.384.000) 03/16 11:27:56 Job was aborted by the user.
	via condor_rm (by user routray)
...
000 (4048297.384.000) 03/16 11:29:01 Job submitted from host: <192.168.1.109:9618?addrs=192.168.1.109-9618+[--1]-9618&noUDP&sock=3153_969b_4>
...
009 (4048297.384.000) 03/16 11:30:11 Job was aborted by the user.
	via condor_rm (by user routray)
...
