000 (4046621.031.000) 03/15 20:22:12 Job submitted from host: <192.168.1.109:9618?addrs=192.168.1.109-9618+[--1]-9618&noUDP&sock=3153_969b_4>
...
001 (4046621.031.000) 03/15 20:23:19 Job executing on host: <192.168.1.61:9618?addrs=192.168.1.61-9618+[--1]-9618&noUDP&sock=3335_bd3f_11>
...
006 (4046621.031.000) 03/15 20:23:25 Image size of job updated: 21068
	0  -  MemoryUsage of job (MB)
	0  -  ResidentSetSize of job (KB)
...
005 (4046621.031.000) 03/15 20:23:32 Job terminated.
	(1) Normal termination (return value 1)
		Usr 0 00:00:00, Sys 0 00:00:00  -  Run Remote Usage
		Usr 0 00:00:00, Sys 0 00:00:00  -  Run Local Usage
		Usr 0 00:00:00, Sys 0 00:00:00  -  Total Remote Usage
		Usr 0 00:00:00, Sys 0 00:00:00  -  Total Local Usage
	0  -  Run Bytes Sent By Job
	0  -  Run Bytes Received By Job
	0  -  Total Bytes Sent By Job
	0  -  Total Bytes Received By Job
	Partitionable Resources :    Usage  Request Allocated
	   Cpus                 :                 1         1
	   Disk (KB)            :        2        2  22662097
	   Memory (MB)          :        0        1      4001
...
000 (4046640.031.000) 03/15 21:06:32 Job submitted from host: <192.168.1.109:9618?addrs=192.168.1.109-9618+[--1]-9618&noUDP&sock=3153_969b_4>
...
001 (4046640.031.000) 03/15 21:07:18 Job executing on host: <192.168.1.45:9618?addrs=192.168.1.45-9618+[--1]-9618&noUDP&sock=3341_bd3f_3>
...
006 (4046640.031.000) 03/15 21:07:27 Image size of job updated: 52320
	46  -  MemoryUsage of job (MB)
	46688  -  ResidentSetSize of job (KB)
...
006 (4046640.031.000) 03/15 21:12:28 Image size of job updated: 216096
	211  -  MemoryUsage of job (MB)
	215996  -  ResidentSetSize of job (KB)
...
006 (4046640.031.000) 03/15 21:17:28 Image size of job updated: 740164
	723  -  MemoryUsage of job (MB)
	740128  -  ResidentSetSize of job (KB)
...
005 (4046640.031.000) 03/15 21:17:33 Job terminated.
	(1) Normal termination (return value 0)
		Usr 0 00:00:33, Sys 0 00:00:07  -  Run Remote Usage
		Usr 0 00:00:00, Sys 0 00:00:00  -  Run Local Usage
		Usr 0 00:00:33, Sys 0 00:00:07  -  Total Remote Usage
		Usr 0 00:00:00, Sys 0 00:00:00  -  Total Local Usage
	0  -  Run Bytes Sent By Job
	0  -  Run Bytes Received By Job
	0  -  Total Bytes Sent By Job
	0  -  Total Bytes Received By Job
	Partitionable Resources :    Usage  Request Allocated
	   Cpus                 :                 1         1
	   Disk (KB)            :        2        2  20460088
	   Memory (MB)          :      723        1      4022
...
000 (4046671.031.000) 03/15 22:27:44 Job submitted from host: <192.168.1.109:9618?addrs=192.168.1.109-9618+[--1]-9618&noUDP&sock=3153_969b_4>
...
001 (4046671.031.000) 03/15 22:28:11 Job executing on host: <192.168.1.58:9618?addrs=192.168.1.58-9618+[--1]-9618&noUDP&sock=3319_c3bb_12>
...
006 (4046671.031.000) 03/15 22:28:20 Image size of job updated: 55104
	49  -  MemoryUsage of job (MB)
	49584  -  ResidentSetSize of job (KB)
...
006 (4046671.031.000) 03/15 22:31:50 Image size of job updated: 1363768
	49  -  MemoryUsage of job (MB)
	49584  -  ResidentSetSize of job (KB)
...
005 (4046671.031.000) 03/15 22:31:50 Job terminated.
	(1) Normal termination (return value 0)
		Usr 0 00:00:30, Sys 0 00:00:04  -  Run Remote Usage
		Usr 0 00:00:00, Sys 0 00:00:00  -  Run Local Usage
		Usr 0 00:00:30, Sys 0 00:00:04  -  Total Remote Usage
		Usr 0 00:00:00, Sys 0 00:00:00  -  Total Local Usage
	0  -  Run Bytes Sent By Job
	0  -  Run Bytes Received By Job
	0  -  Total Bytes Sent By Job
	0  -  Total Bytes Received By Job
	Partitionable Resources :    Usage  Request Allocated
	   Cpus                 :                 1         1
	   Disk (KB)            :        2        2  22659268
	   Memory (MB)          :       49        1      4001
...
000 (4046674.031.000) 03/15 23:56:06 Job submitted from host: <192.168.1.109:9618?addrs=192.168.1.109-9618+[--1]-9618&noUDP&sock=3153_969b_4>
...
009 (4046674.031.000) 03/16 00:49:19 Job was aborted by the user.
	via condor_rm (by user routray)
...
000 (4047692.031.000) 03/16 09:41:43 Job submitted from host: <192.168.1.109:9618?addrs=192.168.1.109-9618+[--1]-9618&noUDP&sock=3153_969b_4>
...
001 (4047692.031.000) 03/16 09:42:23 Job executing on host: <192.168.1.45:9618?addrs=192.168.1.45-9618+[--1]-9618&noUDP&sock=3341_bd3f_3>
...
006 (4047692.031.000) 03/16 09:42:31 Image size of job updated: 41104
	41  -  MemoryUsage of job (MB)
	41088  -  ResidentSetSize of job (KB)
...
006 (4047692.031.000) 03/16 09:47:31 Image size of job updated: 265372
	256  -  MemoryUsage of job (MB)
	261204  -  ResidentSetSize of job (KB)
...
006 (4047692.031.000) 03/16 09:52:32 Image size of job updated: 723072
	699  -  MemoryUsage of job (MB)
	715732  -  ResidentSetSize of job (KB)
...
005 (4047692.031.000) 03/16 09:54:51 Job terminated.
	(1) Normal termination (return value 0)
		Usr 0 00:00:22, Sys 0 00:00:07  -  Run Remote Usage
		Usr 0 00:00:00, Sys 0 00:00:00  -  Run Local Usage
		Usr 0 00:00:22, Sys 0 00:00:07  -  Total Remote Usage
		Usr 0 00:00:00, Sys 0 00:00:00  -  Total Local Usage
	0  -  Run Bytes Sent By Job
	0  -  Run Bytes Received By Job
	0  -  Total Bytes Sent By Job
	0  -  Total Bytes Received By Job
	Partitionable Resources :    Usage  Request Allocated
	   Cpus                 :                 1         1
	   Disk (KB)            :        2        2  20460088
	   Memory (MB)          :      699        1      4022
...
000 (4047694.031.000) 03/16 10:18:54 Job submitted from host: <192.168.1.109:9618?addrs=192.168.1.109-9618+[--1]-9618&noUDP&sock=3153_969b_4>
...
001 (4047694.031.000) 03/16 10:19:28 Job executing on host: <192.168.1.45:9618?addrs=192.168.1.45-9618+[--1]-9618&noUDP&sock=3341_bd3f_3>
...
006 (4047694.031.000) 03/16 10:19:29 Image size of job updated: 125920
	0  -  MemoryUsage of job (MB)
	0  -  ResidentSetSize of job (KB)
...
005 (4047694.031.000) 03/16 10:19:31 Job terminated.
	(1) Normal termination (return value 1)
		Usr 0 00:00:00, Sys 0 00:00:00  -  Run Remote Usage
		Usr 0 00:00:00, Sys 0 00:00:00  -  Run Local Usage
		Usr 0 00:00:00, Sys 0 00:00:00  -  Total Remote Usage
		Usr 0 00:00:00, Sys 0 00:00:00  -  Total Local Usage
	0  -  Run Bytes Sent By Job
	0  -  Run Bytes Received By Job
	0  -  Total Bytes Sent By Job
	0  -  Total Bytes Received By Job
	Partitionable Resources :    Usage  Request Allocated
	   Cpus                 :                 1         1
	   Disk (KB)            :        2        2  20460088
	   Memory (MB)          :        0        1      4022
...
000 (4047695.031.000) 03/16 10:31:33 Job submitted from host: <192.168.1.109:9618?addrs=192.168.1.109-9618+[--1]-9618&noUDP&sock=3153_969b_4>
...
001 (4047695.031.000) 03/16 10:32:14 Job executing on host: <192.168.1.45:9618?addrs=192.168.1.45-9618+[--1]-9618&noUDP&sock=3341_bd3f_3>
...
006 (4047695.031.000) 03/16 10:32:22 Image size of job updated: 48204
	48  -  MemoryUsage of job (MB)
	48160  -  ResidentSetSize of job (KB)
...
006 (4047695.031.000) 03/16 10:37:22 Image size of job updated: 692784
	675  -  MemoryUsage of job (MB)
	690212  -  ResidentSetSize of job (KB)
...
006 (4047695.031.000) 03/16 10:38:42 Image size of job updated: 1363772
	675  -  MemoryUsage of job (MB)
	690212  -  ResidentSetSize of job (KB)
...
005 (4047695.031.000) 03/16 10:38:46 Job terminated.
	(1) Normal termination (return value 0)
		Usr 0 00:00:32, Sys 0 00:00:07  -  Run Remote Usage
		Usr 0 00:00:00, Sys 0 00:00:00  -  Run Local Usage
		Usr 0 00:00:32, Sys 0 00:00:07  -  Total Remote Usage
		Usr 0 00:00:00, Sys 0 00:00:00  -  Total Local Usage
	0  -  Run Bytes Sent By Job
	0  -  Run Bytes Received By Job
	0  -  Total Bytes Sent By Job
	0  -  Total Bytes Received By Job
	Partitionable Resources :    Usage  Request Allocated
	   Cpus                 :                 1         1
	   Disk (KB)            :        2        2  20460088
	   Memory (MB)          :      675        1      4022
...
000 (4048296.031.000) 03/16 11:27:01 Job submitted from host: <192.168.1.109:9618?addrs=192.168.1.109-9618+[--1]-9618&noUDP&sock=3153_969b_4>
...
009 (4048296.031.000) 03/16 11:27:52 Job was aborted by the user.
	via condor_rm (by user routray)
...
000 (4048297.031.000) 03/16 11:28:58 Job submitted from host: <192.168.1.109:9618?addrs=192.168.1.109-9618+[--1]-9618&noUDP&sock=3153_969b_4>
...
009 (4048297.031.000) 03/16 11:30:08 Job was aborted by the user.
	via condor_rm (by user routray)
...
