000 (4046621.1670.000) 03/15 20:22:30 Job submitted from host: <192.168.1.109:9618?addrs=192.168.1.109-9618+[--1]-9618&noUDP&sock=3153_969b_4>
...
009 (4046621.1670.000) 03/15 20:25:10 Job was aborted by the user.
	via condor_rm (by user routray)
...
000 (4046640.1670.000) 03/15 21:06:39 Job submitted from host: <192.168.1.109:9618?addrs=192.168.1.109-9618+[--1]-9618&noUDP&sock=3153_969b_4>
...
001 (4046640.1670.000) 03/15 21:21:21 Job executing on host: <192.168.1.44:9618?addrs=192.168.1.44-9618+[--1]-9618&noUDP&sock=3035_ca7b_3>
...
006 (4046640.1670.000) 03/15 21:21:29 Image size of job updated: 37076
	37  -  MemoryUsage of job (MB)
	37064  -  ResidentSetSize of job (KB)
...
006 (4046640.1670.000) 03/15 21:26:29 Image size of job updated: 613828
	593  -  MemoryUsage of job (MB)
	606240  -  ResidentSetSize of job (KB)
...
006 (4046640.1670.000) 03/15 21:27:50 Image size of job updated: 705204
	593  -  MemoryUsage of job (MB)
	606248  -  ResidentSetSize of job (KB)
...
005 (4046640.1670.000) 03/15 21:27:50 Job terminated.
	(1) Normal termination (return value 0)
		Usr 0 00:00:33, Sys 0 00:00:08  -  Run Remote Usage
		Usr 0 00:00:00, Sys 0 00:00:00  -  Run Local Usage
		Usr 0 00:00:33, Sys 0 00:00:08  -  Total Remote Usage
		Usr 0 00:00:00, Sys 0 00:00:00  -  Total Local Usage
	0  -  Run Bytes Sent By Job
	0  -  Run Bytes Received By Job
	0  -  Total Bytes Sent By Job
	0  -  Total Bytes Received By Job
	Partitionable Resources :    Usage  Request Allocated
	   Cpus                 :                 1         1
	   Disk (KB)            :        2        2  20458817
	   Memory (MB)          :      593        1      4022
...
000 (4046674.1670.000) 03/15 23:56:14 Job submitted from host: <192.168.1.109:9618?addrs=192.168.1.109-9618+[--1]-9618&noUDP&sock=3153_969b_4>
...
009 (4046674.1670.000) 03/16 00:49:30 Job was aborted by the user.
	via condor_rm (by user routray)
...
000 (4047692.1670.000) 03/16 09:42:00 Job submitted from host: <192.168.1.109:9618?addrs=192.168.1.109-9618+[--1]-9618&noUDP&sock=3153_969b_4>
...
001 (4047692.1670.000) 03/16 10:04:28 Job executing on host: <192.168.1.46:9618?addrs=192.168.1.46-9618+[--1]-9618&noUDP&sock=3272_2797_3>
...
006 (4047692.1670.000) 03/16 10:04:37 Image size of job updated: 51200
	50  -  MemoryUsage of job (MB)
	51092  -  ResidentSetSize of job (KB)
...
006 (4047692.1670.000) 03/16 10:09:38 Image size of job updated: 698588
	683  -  MemoryUsage of job (MB)
	698436  -  ResidentSetSize of job (KB)
...
005 (4047692.1670.000) 03/16 10:12:28 Job terminated.
	(1) Normal termination (return value 0)
		Usr 0 00:00:18, Sys 0 00:00:05  -  Run Remote Usage
		Usr 0 00:00:00, Sys 0 00:00:00  -  Run Local Usage
		Usr 0 00:00:18, Sys 0 00:00:05  -  Total Remote Usage
		Usr 0 00:00:00, Sys 0 00:00:00  -  Total Local Usage
	0  -  Run Bytes Sent By Job
	0  -  Run Bytes Received By Job
	0  -  Total Bytes Sent By Job
	0  -  Total Bytes Received By Job
	Partitionable Resources :    Usage  Request Allocated
	   Cpus                 :                 1         1
	   Disk (KB)            :        2        2  20459164
	   Memory (MB)          :      683        1      4022
...
000 (4047694.1670.000) 03/16 10:19:03 Job submitted from host: <192.168.1.109:9618?addrs=192.168.1.109-9618+[--1]-9618&noUDP&sock=3153_969b_4>
...
001 (4047694.1670.000) 03/16 10:21:03 Job executing on host: <192.168.1.61:9618?addrs=192.168.1.61-9618+[--1]-9618&noUDP&sock=3335_bd3f_11>
...
006 (4047694.1670.000) 03/16 10:21:05 Image size of job updated: 32004
	0  -  MemoryUsage of job (MB)
	0  -  ResidentSetSize of job (KB)
...
005 (4047694.1670.000) 03/16 10:21:35 Job terminated.
	(1) Normal termination (return value 1)
		Usr 0 00:00:00, Sys 0 00:00:00  -  Run Remote Usage
		Usr 0 00:00:00, Sys 0 00:00:00  -  Run Local Usage
		Usr 0 00:00:00, Sys 0 00:00:00  -  Total Remote Usage
		Usr 0 00:00:00, Sys 0 00:00:00  -  Total Local Usage
	0  -  Run Bytes Sent By Job
	0  -  Run Bytes Received By Job
	0  -  Total Bytes Sent By Job
	0  -  Total Bytes Received By Job
	Partitionable Resources :    Usage  Request Allocated
	   Cpus                 :                 1         1
	   Disk (KB)            :        2        2  22662097
	   Memory (MB)          :        0        1      4001
...
000 (4047695.1670.000) 03/16 10:31:41 Job submitted from host: <192.168.1.109:9618?addrs=192.168.1.109-9618+[--1]-9618&noUDP&sock=3153_969b_4>
...
001 (4047695.1670.000) 03/16 10:45:05 Job executing on host: <192.168.1.39:9618?addrs=192.168.1.39-9618+[--1]-9618&noUDP&sock=3239_16fe_3>
...
006 (4047695.1670.000) 03/16 10:45:14 Image size of job updated: 24368
	24  -  MemoryUsage of job (MB)
	24368  -  ResidentSetSize of job (KB)
...
006 (4047695.1670.000) 03/16 10:50:14 Image size of job updated: 619896
	597  -  MemoryUsage of job (MB)
	610488  -  ResidentSetSize of job (KB)
...
006 (4047695.1670.000) 03/16 10:51:14 Image size of job updated: 1363768
	597  -  MemoryUsage of job (MB)
	610488  -  ResidentSetSize of job (KB)
...
005 (4047695.1670.000) 03/16 10:51:15 Job terminated.
	(1) Normal termination (return value 0)
		Usr 0 00:00:32, Sys 0 00:00:07  -  Run Remote Usage
		Usr 0 00:00:00, Sys 0 00:00:00  -  Run Local Usage
		Usr 0 00:00:32, Sys 0 00:00:07  -  Total Remote Usage
		Usr 0 00:00:00, Sys 0 00:00:00  -  Total Local Usage
	0  -  Run Bytes Sent By Job
	0  -  Run Bytes Received By Job
	0  -  Total Bytes Sent By Job
	0  -  Total Bytes Received By Job
	Partitionable Resources :    Usage  Request Allocated
	   Cpus                 :                 1         1
	   Disk (KB)            :        2        2  20460459
	   Memory (MB)          :      597        1      4022
...
000 (4048296.1670.000) 03/16 11:27:11 Job submitted from host: <192.168.1.109:9618?addrs=192.168.1.109-9618+[--1]-9618&noUDP&sock=3153_969b_4>
...
009 (4048296.1670.000) 03/16 11:28:06 Job was aborted by the user.
	via condor_rm (by user routray)
...
