000 (4046621.330.000) 03/15 20:22:16 Job submitted from host: <192.168.1.109:9618?addrs=192.168.1.109-9618+[--1]-9618&noUDP&sock=3153_969b_4>
...
001 (4046621.330.000) 03/15 20:24:41 Job executing on host: <192.168.1.63:9618?addrs=192.168.1.63-9618+[--1]-9618&noUDP&sock=3501_ea5f_33>
...
006 (4046621.330.000) 03/15 20:24:42 Image size of job updated: 37464
	0  -  MemoryUsage of job (MB)
	0  -  ResidentSetSize of job (KB)
...
005 (4046621.330.000) 03/15 20:24:46 Job terminated.
	(1) Normal termination (return value 1)
		Usr 0 00:00:00, Sys 0 00:00:00  -  Run Remote Usage
		Usr 0 00:00:00, Sys 0 00:00:00  -  Run Local Usage
		Usr 0 00:00:00, Sys 0 00:00:00  -  Total Remote Usage
		Usr 0 00:00:00, Sys 0 00:00:00  -  Total Local Usage
	0  -  Run Bytes Sent By Job
	0  -  Run Bytes Received By Job
	0  -  Total Bytes Sent By Job
	0  -  Total Bytes Received By Job
	Partitionable Resources :    Usage  Request Allocated
	   Cpus                 :                 1         1
	   Disk (KB)            :        2        2  22685400
	   Memory (MB)          :        0        1      4015
...
009 (4046621.330.000) 03/15 20:24:48 Job was aborted by the user.
	via condor_rm (by user routray)
...
009 (4046621.330.000) 03/15 20:24:48 Job was aborted by the user.
	via condor_rm (by user routray)
...
000 (4046640.330.000) 03/15 21:06:33 Job submitted from host: <192.168.1.109:9618?addrs=192.168.1.109-9618+[--1]-9618&noUDP&sock=3153_969b_4>
...
001 (4046640.330.000) 03/15 21:07:30 Job executing on host: <192.168.1.51:9618?addrs=192.168.1.51-9618+[--1]-9618&noUDP&sock=3125_b25b_3>
...
006 (4046640.330.000) 03/15 21:07:38 Image size of job updated: 51008
	50  -  MemoryUsage of job (MB)
	50952  -  ResidentSetSize of job (KB)
...
006 (4046640.330.000) 03/15 21:12:38 Image size of job updated: 711540
	695  -  MemoryUsage of job (MB)
	711416  -  ResidentSetSize of job (KB)
...
005 (4046640.330.000) 03/15 21:13:15 Job terminated.
	(1) Normal termination (return value 0)
		Usr 0 00:00:24, Sys 0 00:00:04  -  Run Remote Usage
		Usr 0 00:00:00, Sys 0 00:00:00  -  Run Local Usage
		Usr 0 00:00:24, Sys 0 00:00:04  -  Total Remote Usage
		Usr 0 00:00:00, Sys 0 00:00:00  -  Total Local Usage
	0  -  Run Bytes Sent By Job
	0  -  Run Bytes Received By Job
	0  -  Total Bytes Sent By Job
	0  -  Total Bytes Received By Job
	Partitionable Resources :    Usage  Request Allocated
	   Cpus                 :                 1         1
	   Disk (KB)            :        2        2  28494197
	   Memory (MB)          :      695        1      4020
...
000 (4046671.330.000) 03/15 22:27:46 Job submitted from host: <192.168.1.109:9618?addrs=192.168.1.109-9618+[--1]-9618&noUDP&sock=3153_969b_4>
...
001 (4046671.330.000) 03/15 22:28:24 Job executing on host: <192.168.1.67:9618?addrs=192.168.1.67-9618+[--1]-9618&noUDP&sock=3517_344b_38>
...
006 (4046671.330.000) 03/15 22:28:32 Image size of job updated: 41232
	41  -  MemoryUsage of job (MB)
	41160  -  ResidentSetSize of job (KB)
...
006 (4046671.330.000) 03/15 22:33:32 Image size of job updated: 706544
	690  -  MemoryUsage of job (MB)
	706460  -  ResidentSetSize of job (KB)
...
005 (4046671.330.000) 03/15 22:35:51 Job terminated.
	(1) Normal termination (return value 0)
		Usr 0 00:00:35, Sys 0 00:00:05  -  Run Remote Usage
		Usr 0 00:00:00, Sys 0 00:00:00  -  Run Local Usage
		Usr 0 00:00:35, Sys 0 00:00:05  -  Total Remote Usage
		Usr 0 00:00:00, Sys 0 00:00:00  -  Total Local Usage
	0  -  Run Bytes Sent By Job
	0  -  Run Bytes Received By Job
	0  -  Total Bytes Sent By Job
	0  -  Total Bytes Received By Job
	Partitionable Resources :    Usage  Request Allocated
	   Cpus                 :                 1         1
	   Disk (KB)            :        2        2  22682499
	   Memory (MB)          :      690        1      4015
...
000 (4046674.330.000) 03/15 23:56:08 Job submitted from host: <192.168.1.109:9618?addrs=192.168.1.109-9618+[--1]-9618&noUDP&sock=3153_969b_4>
...
009 (4046674.330.000) 03/16 00:49:21 Job was aborted by the user.
	via condor_rm (by user routray)
...
000 (4047692.330.000) 03/16 09:41:48 Job submitted from host: <192.168.1.109:9618?addrs=192.168.1.109-9618+[--1]-9618&noUDP&sock=3153_969b_4>
...
001 (4047692.330.000) 03/16 09:42:35 Job executing on host: <192.168.1.43:9618?addrs=192.168.1.43-9618+[--1]-9618&noUDP&sock=3360_24bc_3>
...
006 (4047692.330.000) 03/16 09:42:43 Image size of job updated: 53416
	53  -  MemoryUsage of job (MB)
	53324  -  ResidentSetSize of job (KB)
...
006 (4047692.330.000) 03/16 09:47:43 Image size of job updated: 458260
	445  -  MemoryUsage of job (MB)
	454804  -  ResidentSetSize of job (KB)
...
006 (4047692.330.000) 03/16 09:52:44 Image size of job updated: 741380
	723  -  MemoryUsage of job (MB)
	740304  -  ResidentSetSize of job (KB)
...
006 (4047692.330.000) 03/16 09:54:36 Image size of job updated: 1393636
	723  -  MemoryUsage of job (MB)
	740304  -  ResidentSetSize of job (KB)
...
005 (4047692.330.000) 03/16 09:54:36 Job terminated.
	(1) Normal termination (return value 0)
		Usr 0 00:00:22, Sys 0 00:00:07  -  Run Remote Usage
		Usr 0 00:00:00, Sys 0 00:00:00  -  Run Local Usage
		Usr 0 00:00:22, Sys 0 00:00:07  -  Total Remote Usage
		Usr 0 00:00:00, Sys 0 00:00:00  -  Total Local Usage
	0  -  Run Bytes Sent By Job
	0  -  Run Bytes Received By Job
	0  -  Total Bytes Sent By Job
	0  -  Total Bytes Received By Job
	Partitionable Resources :    Usage  Request Allocated
	   Cpus                 :                 1         1
	   Disk (KB)            :        2        2  20458450
	   Memory (MB)          :      723        1      4022
...
000 (4047694.330.000) 03/16 10:18:55 Job submitted from host: <192.168.1.109:9618?addrs=192.168.1.109-9618+[--1]-9618&noUDP&sock=3153_969b_4>
...
001 (4047694.330.000) 03/16 10:19:37 Job executing on host: <192.168.1.41:9618?addrs=192.168.1.41-9618+[--1]-9618&noUDP&sock=3368_a17e_3>
...
006 (4047694.330.000) 03/16 10:19:38 Image size of job updated: 1264
	0  -  MemoryUsage of job (MB)
	0  -  ResidentSetSize of job (KB)
...
005 (4047694.330.000) 03/16 10:19:42 Job terminated.
	(1) Normal termination (return value 1)
		Usr 0 00:00:00, Sys 0 00:00:00  -  Run Remote Usage
		Usr 0 00:00:00, Sys 0 00:00:00  -  Run Local Usage
		Usr 0 00:00:00, Sys 0 00:00:00  -  Total Remote Usage
		Usr 0 00:00:00, Sys 0 00:00:00  -  Total Local Usage
	0  -  Run Bytes Sent By Job
	0  -  Run Bytes Received By Job
	0  -  Total Bytes Sent By Job
	0  -  Total Bytes Received By Job
	Partitionable Resources :    Usage  Request Allocated
	   Cpus                 :                 1         1
	   Disk (KB)            :        2        2  20458619
	   Memory (MB)          :        0        1      4022
...
000 (4047695.330.000) 03/16 10:31:34 Job submitted from host: <192.168.1.109:9618?addrs=192.168.1.109-9618+[--1]-9618&noUDP&sock=3153_969b_4>
...
001 (4047695.330.000) 03/16 10:32:27 Job executing on host: <192.168.1.43:9618?addrs=192.168.1.43-9618+[--1]-9618&noUDP&sock=3360_24bc_3>
...
006 (4047695.330.000) 03/16 10:32:35 Image size of job updated: 64712
	61  -  MemoryUsage of job (MB)
	61688  -  ResidentSetSize of job (KB)
...
006 (4047695.330.000) 03/16 10:37:35 Image size of job updated: 718356
	702  -  MemoryUsage of job (MB)
	718308  -  ResidentSetSize of job (KB)
...
006 (4047695.330.000) 03/16 10:38:32 Image size of job updated: 1363772
	702  -  MemoryUsage of job (MB)
	718308  -  ResidentSetSize of job (KB)
...
005 (4047695.330.000) 03/16 10:38:33 Job terminated.
	(1) Normal termination (return value 0)
		Usr 0 00:00:23, Sys 0 00:00:05  -  Run Remote Usage
		Usr 0 00:00:00, Sys 0 00:00:00  -  Run Local Usage
		Usr 0 00:00:23, Sys 0 00:00:05  -  Total Remote Usage
		Usr 0 00:00:00, Sys 0 00:00:00  -  Total Local Usage
	0  -  Run Bytes Sent By Job
	0  -  Run Bytes Received By Job
	0  -  Total Bytes Sent By Job
	0  -  Total Bytes Received By Job
	Partitionable Resources :    Usage  Request Allocated
	   Cpus                 :                 1         1
	   Disk (KB)            :        2        2  20458450
	   Memory (MB)          :      702        1      4022
...
000 (4048296.330.000) 03/16 11:27:03 Job submitted from host: <192.168.1.109:9618?addrs=192.168.1.109-9618+[--1]-9618&noUDP&sock=3153_969b_4>
...
009 (4048296.330.000) 03/16 11:27:55 Job was aborted by the user.
	via condor_rm (by user routray)
...
000 (4048297.330.000) 03/16 11:29:01 Job submitted from host: <192.168.1.109:9618?addrs=192.168.1.109-9618+[--1]-9618&noUDP&sock=3153_969b_4>
...
009 (4048297.330.000) 03/16 11:30:10 Job was aborted by the user.
	via condor_rm (by user routray)
...
