000 (4046621.1082.000) 03/15 20:22:24 Job submitted from host: <192.168.1.109:9618?addrs=192.168.1.109-9618+[--1]-9618&noUDP&sock=3153_969b_4>
...
001 (4046621.1082.000) 03/15 20:24:13 Job executing on host: <192.168.1.41:9618?addrs=192.168.1.41-9618+[--1]-9618&noUDP&sock=3368_a17e_3>
...
006 (4046621.1082.000) 03/15 20:24:15 Image size of job updated: 167784
	0  -  MemoryUsage of job (MB)
	0  -  ResidentSetSize of job (KB)
...
005 (4046621.1082.000) 03/15 20:24:21 Job terminated.
	(1) Normal termination (return value 1)
		Usr 0 00:00:00, Sys 0 00:00:00  -  Run Remote Usage
		Usr 0 00:00:00, Sys 0 00:00:00  -  Run Local Usage
		Usr 0 00:00:00, Sys 0 00:00:00  -  Total Remote Usage
		Usr 0 00:00:00, Sys 0 00:00:00  -  Total Local Usage
	0  -  Run Bytes Sent By Job
	0  -  Run Bytes Received By Job
	0  -  Total Bytes Sent By Job
	0  -  Total Bytes Received By Job
	Partitionable Resources :    Usage  Request Allocated
	   Cpus                 :                 1         1
	   Disk (KB)            :        2        2  20458618
	   Memory (MB)          :        0        1      4022
...
000 (4046640.1082.000) 03/15 21:06:36 Job submitted from host: <192.168.1.109:9618?addrs=192.168.1.109-9618+[--1]-9618&noUDP&sock=3153_969b_4>
...
001 (4046640.1082.000) 03/15 21:14:14 Job executing on host: <192.168.1.47:9618?addrs=192.168.1.47-9618+[--1]-9618&noUDP&sock=3245_a288_3>
...
006 (4046640.1082.000) 03/15 21:14:23 Image size of job updated: 51940
	51  -  MemoryUsage of job (MB)
	51932  -  ResidentSetSize of job (KB)
...
006 (4046640.1082.000) 03/15 21:19:24 Image size of job updated: 649944
	628  -  MemoryUsage of job (MB)
	642684  -  ResidentSetSize of job (KB)
...
005 (4046640.1082.000) 03/15 21:21:10 Job terminated.
	(1) Normal termination (return value 0)
		Usr 0 00:00:30, Sys 0 00:00:07  -  Run Remote Usage
		Usr 0 00:00:00, Sys 0 00:00:00  -  Run Local Usage
		Usr 0 00:00:30, Sys 0 00:00:07  -  Total Remote Usage
		Usr 0 00:00:00, Sys 0 00:00:00  -  Total Local Usage
	0  -  Run Bytes Sent By Job
	0  -  Run Bytes Received By Job
	0  -  Total Bytes Sent By Job
	0  -  Total Bytes Received By Job
	Partitionable Resources :    Usage  Request Allocated
	   Cpus                 :                 1         1
	   Disk (KB)            :        2        2  28493856
	   Memory (MB)          :      628        1      4020
...
000 (4046674.1082.000) 03/15 23:56:11 Job submitted from host: <192.168.1.109:9618?addrs=192.168.1.109-9618+[--1]-9618&noUDP&sock=3153_969b_4>
...
009 (4046674.1082.000) 03/16 00:49:26 Job was aborted by the user.
	via condor_rm (by user routray)
...
000 (4047692.1082.000) 03/16 09:41:55 Job submitted from host: <192.168.1.109:9618?addrs=192.168.1.109-9618+[--1]-9618&noUDP&sock=3153_969b_4>
...
001 (4047692.1082.000) 03/16 09:55:22 Job executing on host: <192.168.1.54:9618?addrs=192.168.1.54-9618+[--1]-9618&noUDP&sock=3362_92b5_36>
...
006 (4047692.1082.000) 03/16 09:55:30 Image size of job updated: 51448
	50  -  MemoryUsage of job (MB)
	50936  -  ResidentSetSize of job (KB)
...
006 (4047692.1082.000) 03/16 10:00:30 Image size of job updated: 599400
	583  -  MemoryUsage of job (MB)
	596336  -  ResidentSetSize of job (KB)
...
006 (4047692.1082.000) 03/16 10:04:41 Image size of job updated: 1393632
	583  -  MemoryUsage of job (MB)
	596336  -  ResidentSetSize of job (KB)
...
005 (4047692.1082.000) 03/16 10:04:41 Job terminated.
	(1) Normal termination (return value 0)
		Usr 0 00:00:21, Sys 0 00:00:04  -  Run Remote Usage
		Usr 0 00:00:00, Sys 0 00:00:00  -  Run Local Usage
		Usr 0 00:00:21, Sys 0 00:00:04  -  Total Remote Usage
		Usr 0 00:00:00, Sys 0 00:00:00  -  Total Local Usage
	0  -  Run Bytes Sent By Job
	0  -  Run Bytes Received By Job
	0  -  Total Bytes Sent By Job
	0  -  Total Bytes Received By Job
	Partitionable Resources :    Usage  Request Allocated
	   Cpus                 :                 1         1
	   Disk (KB)            :        2        2  22660606
	   Memory (MB)          :      583        1      4001
...
000 (4047694.1082.000) 03/16 10:18:59 Job submitted from host: <192.168.1.109:9618?addrs=192.168.1.109-9618+[--1]-9618&noUDP&sock=3153_969b_4>
...
001 (4047694.1082.000) 03/16 10:20:13 Job executing on host: <192.168.1.47:9618?addrs=192.168.1.47-9618+[--1]-9618&noUDP&sock=3245_a288_3>
...
006 (4047694.1082.000) 03/16 10:20:14 Image size of job updated: 528
	0  -  MemoryUsage of job (MB)
	0  -  ResidentSetSize of job (KB)
...
005 (4047694.1082.000) 03/16 10:20:50 Job terminated.
	(1) Normal termination (return value 1)
		Usr 0 00:00:00, Sys 0 00:00:00  -  Run Remote Usage
		Usr 0 00:00:00, Sys 0 00:00:00  -  Run Local Usage
		Usr 0 00:00:00, Sys 0 00:00:00  -  Total Remote Usage
		Usr 0 00:00:00, Sys 0 00:00:00  -  Total Local Usage
	0  -  Run Bytes Sent By Job
	0  -  Run Bytes Received By Job
	0  -  Total Bytes Sent By Job
	0  -  Total Bytes Received By Job
	Partitionable Resources :    Usage  Request Allocated
	   Cpus                 :                 1         1
	   Disk (KB)            :        2        2  28493856
	   Memory (MB)          :        0        1      4020
...
000 (4047695.1082.000) 03/16 10:31:38 Job submitted from host: <192.168.1.109:9618?addrs=192.168.1.109-9618+[--1]-9618&noUDP&sock=3153_969b_4>
...
001 (4047695.1082.000) 03/16 10:38:47 Job executing on host: <192.168.1.44:9618?addrs=192.168.1.44-9618+[--1]-9618&noUDP&sock=3035_ca7b_3>
...
006 (4047695.1082.000) 03/16 10:38:55 Image size of job updated: 49904
	47  -  MemoryUsage of job (MB)
	47748  -  ResidentSetSize of job (KB)
...
006 (4047695.1082.000) 03/16 10:43:55 Image size of job updated: 624356
	607  -  MemoryUsage of job (MB)
	620632  -  ResidentSetSize of job (KB)
...
006 (4047695.1082.000) 03/16 10:45:00 Image size of job updated: 1363772
	607  -  MemoryUsage of job (MB)
	620632  -  ResidentSetSize of job (KB)
...
005 (4047695.1082.000) 03/16 10:45:00 Job terminated.
	(1) Normal termination (return value 0)
		Usr 0 00:00:28, Sys 0 00:00:07  -  Run Remote Usage
		Usr 0 00:00:00, Sys 0 00:00:00  -  Run Local Usage
		Usr 0 00:00:28, Sys 0 00:00:07  -  Total Remote Usage
		Usr 0 00:00:00, Sys 0 00:00:00  -  Total Local Usage
	0  -  Run Bytes Sent By Job
	0  -  Run Bytes Received By Job
	0  -  Total Bytes Sent By Job
	0  -  Total Bytes Received By Job
	Partitionable Resources :    Usage  Request Allocated
	   Cpus                 :                 1         1
	   Disk (KB)            :        2        2  20458817
	   Memory (MB)          :      607        1      4022
...
000 (4048296.1082.000) 03/16 11:27:08 Job submitted from host: <192.168.1.109:9618?addrs=192.168.1.109-9618+[--1]-9618&noUDP&sock=3153_969b_4>
...
009 (4048296.1082.000) 03/16 11:28:01 Job was aborted by the user.
	via condor_rm (by user routray)
...
