000 (4046621.075.000) 03/15 20:22:13 Job submitted from host: <192.168.1.109:9618?addrs=192.168.1.109-9618+[--1]-9618&noUDP&sock=3153_969b_4>
...
001 (4046621.075.000) 03/15 20:23:21 Job executing on host: <192.168.1.42:9618?addrs=192.168.1.42-9618+[--1]-9618&noUDP&sock=3360_3385_3>
...
006 (4046621.075.000) 03/15 20:23:29 Image size of job updated: 2900
	3  -  MemoryUsage of job (MB)
	2900  -  ResidentSetSize of job (KB)
...
006 (4046621.075.000) 03/15 20:23:32 Image size of job updated: 3092
	4  -  MemoryUsage of job (MB)
	3092  -  ResidentSetSize of job (KB)
...
005 (4046621.075.000) 03/15 20:23:36 Job terminated.
	(1) Normal termination (return value 1)
		Usr 0 00:00:00, Sys 0 00:00:00  -  Run Remote Usage
		Usr 0 00:00:00, Sys 0 00:00:00  -  Run Local Usage
		Usr 0 00:00:00, Sys 0 00:00:00  -  Total Remote Usage
		Usr 0 00:00:00, Sys 0 00:00:00  -  Total Local Usage
	0  -  Run Bytes Sent By Job
	0  -  Run Bytes Received By Job
	0  -  Total Bytes Sent By Job
	0  -  Total Bytes Received By Job
	Partitionable Resources :    Usage  Request Allocated
	   Cpus                 :                 1         1
	   Disk (KB)            :        2        2  20458262
	   Memory (MB)          :        4        1      4022
...
000 (4046640.075.000) 03/15 21:06:32 Job submitted from host: <192.168.1.109:9618?addrs=192.168.1.109-9618+[--1]-9618&noUDP&sock=3153_969b_4>
...
001 (4046640.075.000) 03/15 21:07:19 Job executing on host: <192.168.1.52:9618?addrs=192.168.1.52-9618+[--1]-9618&noUDP&sock=3327_407d_36>
...
006 (4046640.075.000) 03/15 21:07:27 Image size of job updated: 33592
	33  -  MemoryUsage of job (MB)
	33356  -  ResidentSetSize of job (KB)
...
006 (4046640.075.000) 03/15 21:12:27 Image size of job updated: 670160
	654  -  MemoryUsage of job (MB)
	669148  -  ResidentSetSize of job (KB)
...
006 (4046640.075.000) 03/15 21:13:37 Image size of job updated: 1363772
	654  -  MemoryUsage of job (MB)
	669148  -  ResidentSetSize of job (KB)
...
005 (4046640.075.000) 03/15 21:13:37 Job terminated.
	(1) Normal termination (return value 0)
		Usr 0 00:00:46, Sys 0 00:00:06  -  Run Remote Usage
		Usr 0 00:00:00, Sys 0 00:00:00  -  Run Local Usage
		Usr 0 00:00:46, Sys 0 00:00:06  -  Total Remote Usage
		Usr 0 00:00:00, Sys 0 00:00:00  -  Total Local Usage
	0  -  Run Bytes Sent By Job
	0  -  Run Bytes Received By Job
	0  -  Total Bytes Sent By Job
	0  -  Total Bytes Received By Job
	Partitionable Resources :    Usage  Request Allocated
	   Cpus                 :                 1         1
	   Disk (KB)            :        2        2  22661368
	   Memory (MB)          :      654        1      4001
...
000 (4046671.075.000) 03/15 22:27:45 Job submitted from host: <192.168.1.109:9618?addrs=192.168.1.109-9618+[--1]-9618&noUDP&sock=3153_969b_4>
...
001 (4046671.075.000) 03/15 22:28:15 Job executing on host: <192.168.1.51:9618?addrs=192.168.1.51-9618+[--1]-9618&noUDP&sock=3125_b25b_3>
...
006 (4046671.075.000) 03/15 22:28:24 Image size of job updated: 70244
	63  -  MemoryUsage of job (MB)
	63912  -  ResidentSetSize of job (KB)
...
006 (4046671.075.000) 03/15 22:33:25 Image size of job updated: 708324
	692  -  MemoryUsage of job (MB)
	708136  -  ResidentSetSize of job (KB)
...
005 (4046671.075.000) 03/15 22:37:39 Job terminated.
	(1) Normal termination (return value 0)
		Usr 0 00:00:33, Sys 0 00:00:06  -  Run Remote Usage
		Usr 0 00:00:00, Sys 0 00:00:00  -  Run Local Usage
		Usr 0 00:00:33, Sys 0 00:00:06  -  Total Remote Usage
		Usr 0 00:00:00, Sys 0 00:00:00  -  Total Local Usage
	0  -  Run Bytes Sent By Job
	0  -  Run Bytes Received By Job
	0  -  Total Bytes Sent By Job
	0  -  Total Bytes Received By Job
	Partitionable Resources :    Usage  Request Allocated
	   Cpus                 :                 1         1
	   Disk (KB)            :        2        2  28494197
	   Memory (MB)          :      692        1      4020
...
000 (4046674.075.000) 03/15 23:56:07 Job submitted from host: <192.168.1.109:9618?addrs=192.168.1.109-9618+[--1]-9618&noUDP&sock=3153_969b_4>
...
