000 (4031466.484.000) 03/13 00:00:44 Job submitted from host: <192.168.1.109:9618?addrs=192.168.1.109-9618+[--1]-9618&noUDP&sock=3153_969b_4>
...
001 (4031466.484.000) 03/13 00:01:29 Job executing on host: <192.168.1.40:9618?addrs=192.168.1.40-9618+[--1]-9618&noUDP&sock=3366_a17e_3>
...
006 (4031466.484.000) 03/13 00:01:38 Image size of job updated: 111616
	109  -  MemoryUsage of job (MB)
	111612  -  ResidentSetSize of job (KB)
...
006 (4031466.484.000) 03/13 00:06:39 Image size of job updated: 366168
	358  -  MemoryUsage of job (MB)
	366168  -  ResidentSetSize of job (KB)
...
006 (4031466.484.000) 03/13 00:11:39 Image size of job updated: 448572
	439  -  MemoryUsage of job (MB)
	448572  -  ResidentSetSize of job (KB)
...
006 (4031466.484.000) 03/13 00:16:39 Image size of job updated: 448756
	439  -  MemoryUsage of job (MB)
	448756  -  ResidentSetSize of job (KB)
...
006 (4031466.484.000) 03/13 00:21:40 Image size of job updated: 448884
	439  -  MemoryUsage of job (MB)
	448884  -  ResidentSetSize of job (KB)
...
005 (4031466.484.000) 03/13 00:54:31 Job terminated.
	(1) Normal termination (return value 0)
		Usr 0 00:15:32, Sys 0 00:01:30  -  Run Remote Usage
		Usr 0 00:00:00, Sys 0 00:00:00  -  Run Local Usage
		Usr 0 00:15:32, Sys 0 00:01:30  -  Total Remote Usage
		Usr 0 00:00:00, Sys 0 00:00:00  -  Total Local Usage
	0  -  Run Bytes Sent By Job
	0  -  Run Bytes Received By Job
	0  -  Total Bytes Sent By Job
	0  -  Total Bytes Received By Job
	Partitionable Resources :    Usage  Request Allocated
	   Cpus                 :                 1         1
	   Disk (KB)            :        1        1  20457847
	   Memory (MB)          :      439        1      4022
...
000 (4044172.484.000) 03/13 19:21:22 Job submitted from host: <192.168.1.109:9618?addrs=192.168.1.109-9618+[--1]-9618&noUDP&sock=3153_969b_4>
...
001 (4044172.484.000) 03/13 19:22:03 Job executing on host: <192.168.1.44:9618?addrs=192.168.1.44-9618+[--1]-9618&noUDP&sock=3035_ca7b_3>
...
006 (4044172.484.000) 03/13 19:22:12 Image size of job updated: 37376
	37  -  MemoryUsage of job (MB)
	37328  -  ResidentSetSize of job (KB)
...
006 (4044172.484.000) 03/13 19:27:13 Image size of job updated: 205828
	199  -  MemoryUsage of job (MB)
	203232  -  ResidentSetSize of job (KB)
...
006 (4044172.484.000) 03/13 19:32:13 Image size of job updated: 269092
	261  -  MemoryUsage of job (MB)
	266496  -  ResidentSetSize of job (KB)
...
006 (4044172.484.000) 03/13 19:37:13 Image size of job updated: 355016
	345  -  MemoryUsage of job (MB)
	352420  -  ResidentSetSize of job (KB)
...
006 (4044172.484.000) 03/13 19:42:14 Image size of job updated: 355136
	345  -  MemoryUsage of job (MB)
	352540  -  ResidentSetSize of job (KB)
...
006 (4044172.484.000) 03/13 19:47:14 Image size of job updated: 355168
	345  -  MemoryUsage of job (MB)
	352572  -  ResidentSetSize of job (KB)
...
006 (4044172.484.000) 03/13 19:52:14 Image size of job updated: 355184
	345  -  MemoryUsage of job (MB)
	352588  -  ResidentSetSize of job (KB)
...
006 (4044172.484.000) 03/13 19:57:15 Image size of job updated: 355204
	345  -  MemoryUsage of job (MB)
	352608  -  ResidentSetSize of job (KB)
...
006 (4044172.484.000) 03/13 20:12:46 Image size of job updated: 806276
	345  -  MemoryUsage of job (MB)
	352608  -  ResidentSetSize of job (KB)
...
005 (4044172.484.000) 03/13 20:12:46 Job terminated.
	(1) Normal termination (return value 0)
		Usr 0 00:16:34, Sys 0 00:01:55  -  Run Remote Usage
		Usr 0 00:00:00, Sys 0 00:00:00  -  Run Local Usage
		Usr 0 00:16:34, Sys 0 00:01:55  -  Total Remote Usage
		Usr 0 00:00:00, Sys 0 00:00:00  -  Total Local Usage
	0  -  Run Bytes Sent By Job
	0  -  Run Bytes Received By Job
	0  -  Total Bytes Sent By Job
	0  -  Total Bytes Received By Job
	Partitionable Resources :    Usage  Request Allocated
	   Cpus                 :                 1         1
	   Disk (KB)            :        1        1  20458817
	   Memory (MB)          :      345        1      4022
...
000 (4046522.484.000) 03/15 14:02:20 Job submitted from host: <192.168.1.109:9618?addrs=192.168.1.109-9618+[--1]-9618&noUDP&sock=3153_969b_4>
...
001 (4046522.484.000) 03/15 15:31:53 Job executing on host: <192.168.1.51:9618?addrs=192.168.1.51-9618+[--1]-9618&noUDP&sock=3125_b25b_3>
...
006 (4046522.484.000) 03/15 15:32:01 Image size of job updated: 392596
	357  -  MemoryUsage of job (MB)
	364676  -  ResidentSetSize of job (KB)
...
006 (4046522.484.000) 03/15 15:37:01 Image size of job updated: 447016
	437  -  MemoryUsage of job (MB)
	446984  -  ResidentSetSize of job (KB)
...
005 (4046522.484.000) 03/15 15:54:27 Job terminated.
	(1) Normal termination (return value 0)
		Usr 0 00:19:18, Sys 0 00:01:49  -  Run Remote Usage
		Usr 0 00:00:00, Sys 0 00:00:00  -  Run Local Usage
		Usr 0 00:19:18, Sys 0 00:01:49  -  Total Remote Usage
		Usr 0 00:00:00, Sys 0 00:00:00  -  Total Local Usage
	0  -  Run Bytes Sent By Job
	0  -  Run Bytes Received By Job
	0  -  Total Bytes Sent By Job
	0  -  Total Bytes Received By Job
	Partitionable Resources :    Usage  Request Allocated
	   Cpus                 :                 1         1
	   Disk (KB)            :        1        1  28494197
	   Memory (MB)          :      437        1      4020
...
