000 (4031466.413.000) 03/13 00:00:44 Job submitted from host: <192.168.1.109:9618?addrs=192.168.1.109-9618+[--1]-9618&noUDP&sock=3153_969b_4>
...
001 (4031466.413.000) 03/13 00:01:26 Job executing on host: <192.168.1.46:9618?addrs=192.168.1.46-9618+[--1]-9618&noUDP&sock=3272_2797_3>
...
006 (4031466.413.000) 03/13 00:01:35 Image size of job updated: 90768
	89  -  MemoryUsage of job (MB)
	90768  -  ResidentSetSize of job (KB)
...
006 (4031466.413.000) 03/13 00:06:35 Image size of job updated: 344828
	337  -  MemoryUsage of job (MB)
	344828  -  ResidentSetSize of job (KB)
...
006 (4031466.413.000) 03/13 00:11:35 Image size of job updated: 424604
	415  -  MemoryUsage of job (MB)
	424604  -  ResidentSetSize of job (KB)
...
006 (4031466.413.000) 03/13 00:16:36 Image size of job updated: 425108
	416  -  MemoryUsage of job (MB)
	425108  -  ResidentSetSize of job (KB)
...
005 (4031466.413.000) 03/13 00:42:32 Job terminated.
	(1) Normal termination (return value 0)
		Usr 0 00:07:43, Sys 0 00:00:54  -  Run Remote Usage
		Usr 0 00:00:00, Sys 0 00:00:00  -  Run Local Usage
		Usr 0 00:07:43, Sys 0 00:00:54  -  Total Remote Usage
		Usr 0 00:00:00, Sys 0 00:00:00  -  Total Local Usage
	0  -  Run Bytes Sent By Job
	0  -  Run Bytes Received By Job
	0  -  Total Bytes Sent By Job
	0  -  Total Bytes Received By Job
	Partitionable Resources :    Usage  Request Allocated
	   Cpus                 :                 1         1
	   Disk (KB)            :        1        1  20459164
	   Memory (MB)          :      416        1      4022
...
000 (4044172.413.000) 03/13 19:21:22 Job submitted from host: <192.168.1.109:9618?addrs=192.168.1.109-9618+[--1]-9618&noUDP&sock=3153_969b_4>
...
001 (4044172.413.000) 03/13 19:22:01 Job executing on host: <192.168.1.46:9618?addrs=192.168.1.46-9618+[--1]-9618&noUDP&sock=3272_2797_3>
...
006 (4044172.413.000) 03/13 19:22:10 Image size of job updated: 113132
	110  -  MemoryUsage of job (MB)
	112476  -  ResidentSetSize of job (KB)
...
006 (4044172.413.000) 03/13 19:27:10 Image size of job updated: 346804
	339  -  MemoryUsage of job (MB)
	346804  -  ResidentSetSize of job (KB)
...
006 (4044172.413.000) 03/13 19:32:10 Image size of job updated: 426120
	417  -  MemoryUsage of job (MB)
	426120  -  ResidentSetSize of job (KB)
...
006 (4044172.413.000) 03/13 19:42:12 Image size of job updated: 426344
	417  -  MemoryUsage of job (MB)
	426344  -  ResidentSetSize of job (KB)
...
006 (4044172.413.000) 03/13 19:47:12 Image size of job updated: 426384
	417  -  MemoryUsage of job (MB)
	426384  -  ResidentSetSize of job (KB)
...
006 (4044172.413.000) 03/13 19:52:13 Image size of job updated: 426396
	417  -  MemoryUsage of job (MB)
	426396  -  ResidentSetSize of job (KB)
...
006 (4044172.413.000) 03/13 19:57:14 Image size of job updated: 426400
	417  -  MemoryUsage of job (MB)
	426400  -  ResidentSetSize of job (KB)
...
006 (4044172.413.000) 03/13 20:02:14 Image size of job updated: 426428
	417  -  MemoryUsage of job (MB)
	426428  -  ResidentSetSize of job (KB)
...
006 (4044172.413.000) 03/13 20:04:15 Image size of job updated: 426488
	417  -  MemoryUsage of job (MB)
	426428  -  ResidentSetSize of job (KB)
...
005 (4044172.413.000) 03/13 20:04:15 Job terminated.
	(1) Normal termination (return value 0)
		Usr 0 00:09:30, Sys 0 00:01:12  -  Run Remote Usage
		Usr 0 00:00:00, Sys 0 00:00:00  -  Run Local Usage
		Usr 0 00:09:30, Sys 0 00:01:12  -  Total Remote Usage
		Usr 0 00:00:00, Sys 0 00:00:00  -  Total Local Usage
	0  -  Run Bytes Sent By Job
	0  -  Run Bytes Received By Job
	0  -  Total Bytes Sent By Job
	0  -  Total Bytes Received By Job
	Partitionable Resources :    Usage  Request Allocated
	   Cpus                 :                 1         1
	   Disk (KB)            :        1        1  20459164
	   Memory (MB)          :      417        1      4022
...
000 (4046522.413.000) 03/15 14:02:20 Job submitted from host: <192.168.1.109:9618?addrs=192.168.1.109-9618+[--1]-9618&noUDP&sock=3153_969b_4>
...
001 (4046522.413.000) 03/15 15:27:48 Job executing on host: <192.168.1.47:9618?addrs=192.168.1.47-9618+[--1]-9618&noUDP&sock=3245_a288_3>
...
006 (4046522.413.000) 03/15 15:27:57 Image size of job updated: 263892
	201  -  MemoryUsage of job (MB)
	205248  -  ResidentSetSize of job (KB)
...
006 (4046522.413.000) 03/15 15:32:58 Image size of job updated: 350228
	342  -  MemoryUsage of job (MB)
	350140  -  ResidentSetSize of job (KB)
...
006 (4046522.413.000) 03/15 15:37:58 Image size of job updated: 350688
	343  -  MemoryUsage of job (MB)
	350572  -  ResidentSetSize of job (KB)
...
006 (4046522.413.000) 03/15 15:42:58 Image size of job updated: 350700
	343  -  MemoryUsage of job (MB)
	350584  -  ResidentSetSize of job (KB)
...
006 (4046522.413.000) 03/15 15:46:21 Image size of job updated: 350768
	343  -  MemoryUsage of job (MB)
	350584  -  ResidentSetSize of job (KB)
...
005 (4046522.413.000) 03/15 15:46:21 Job terminated.
	(1) Normal termination (return value 0)
		Usr 0 00:14:28, Sys 0 00:01:24  -  Run Remote Usage
		Usr 0 00:00:00, Sys 0 00:00:00  -  Run Local Usage
		Usr 0 00:14:28, Sys 0 00:01:24  -  Total Remote Usage
		Usr 0 00:00:00, Sys 0 00:00:00  -  Total Local Usage
	0  -  Run Bytes Sent By Job
	0  -  Run Bytes Received By Job
	0  -  Total Bytes Sent By Job
	0  -  Total Bytes Received By Job
	Partitionable Resources :    Usage  Request Allocated
	   Cpus                 :                 1         1
	   Disk (KB)            :        1        1  28493856
	   Memory (MB)          :      343        1      4020
...
