000 (4031466.415.000) 03/13 00:00:44 Job submitted from host: <192.168.1.109:9618?addrs=192.168.1.109-9618+[--1]-9618&noUDP&sock=3153_969b_4>
...
001 (4031466.415.000) 03/13 00:01:26 Job executing on host: <192.168.1.46:9618?addrs=192.168.1.46-9618+[--1]-9618&noUDP&sock=3272_2797_3>
...
006 (4031466.415.000) 03/13 00:01:35 Image size of job updated: 118040
	109  -  MemoryUsage of job (MB)
	111252  -  ResidentSetSize of job (KB)
...
006 (4031466.415.000) 03/13 00:06:35 Image size of job updated: 348424
	341  -  MemoryUsage of job (MB)
	348424  -  ResidentSetSize of job (KB)
...
006 (4031466.415.000) 03/13 00:11:35 Image size of job updated: 434148
	424  -  MemoryUsage of job (MB)
	434148  -  ResidentSetSize of job (KB)
...
005 (4031466.415.000) 03/13 00:53:58 Job terminated.
	(1) Normal termination (return value 0)
		Usr 0 00:14:08, Sys 0 00:01:26  -  Run Remote Usage
		Usr 0 00:00:00, Sys 0 00:00:00  -  Run Local Usage
		Usr 0 00:14:08, Sys 0 00:01:26  -  Total Remote Usage
		Usr 0 00:00:00, Sys 0 00:00:00  -  Total Local Usage
	0  -  Run Bytes Sent By Job
	0  -  Run Bytes Received By Job
	0  -  Total Bytes Sent By Job
	0  -  Total Bytes Received By Job
	Partitionable Resources :    Usage  Request Allocated
	   Cpus                 :                 1         1
	   Disk (KB)            :        1        1  20459164
	   Memory (MB)          :      424        1      4022
...
000 (4044172.415.000) 03/13 19:21:22 Job submitted from host: <192.168.1.109:9618?addrs=192.168.1.109-9618+[--1]-9618&noUDP&sock=3153_969b_4>
...
001 (4044172.415.000) 03/13 19:22:01 Job executing on host: <192.168.1.40:9618?addrs=192.168.1.40-9618+[--1]-9618&noUDP&sock=3366_a17e_3>
...
006 (4044172.415.000) 03/13 19:22:10 Image size of job updated: 111028
	109  -  MemoryUsage of job (MB)
	111016  -  ResidentSetSize of job (KB)
...
006 (4044172.415.000) 03/13 19:27:10 Image size of job updated: 355488
	348  -  MemoryUsage of job (MB)
	355488  -  ResidentSetSize of job (KB)
...
006 (4044172.415.000) 03/13 19:32:11 Image size of job updated: 439172
	429  -  MemoryUsage of job (MB)
	439172  -  ResidentSetSize of job (KB)
...
005 (4044172.415.000) 03/13 20:10:43 Job terminated.
	(1) Normal termination (return value 0)
		Usr 0 00:16:05, Sys 0 00:01:44  -  Run Remote Usage
		Usr 0 00:00:00, Sys 0 00:00:00  -  Run Local Usage
		Usr 0 00:16:05, Sys 0 00:01:44  -  Total Remote Usage
		Usr 0 00:00:00, Sys 0 00:00:00  -  Total Local Usage
	0  -  Run Bytes Sent By Job
	0  -  Run Bytes Received By Job
	0  -  Total Bytes Sent By Job
	0  -  Total Bytes Received By Job
	Partitionable Resources :    Usage  Request Allocated
	   Cpus                 :                 1         1
	   Disk (KB)            :        1        1  20457847
	   Memory (MB)          :      429        1      4022
...
000 (4046522.415.000) 03/15 14:02:20 Job submitted from host: <192.168.1.109:9618?addrs=192.168.1.109-9618+[--1]-9618&noUDP&sock=3153_969b_4>
...
001 (4046522.415.000) 03/15 15:27:49 Job executing on host: <192.168.1.43:9618?addrs=192.168.1.43-9618+[--1]-9618&noUDP&sock=3360_24bc_3>
...
006 (4046522.415.000) 03/15 15:27:58 Image size of job updated: 428212
	342  -  MemoryUsage of job (MB)
	349208  -  ResidentSetSize of job (KB)
...
006 (4046522.415.000) 03/15 15:32:59 Image size of job updated: 431156
	421  -  MemoryUsage of job (MB)
	430828  -  ResidentSetSize of job (KB)
...
006 (4046522.415.000) 03/15 15:38:00 Image size of job updated: 431156
	421  -  MemoryUsage of job (MB)
	430932  -  ResidentSetSize of job (KB)
...
006 (4046522.415.000) 03/15 15:43:00 Image size of job updated: 431156
	421  -  MemoryUsage of job (MB)
	430996  -  ResidentSetSize of job (KB)
...
006 (4046522.415.000) 03/15 15:49:48 Image size of job updated: 431184
	421  -  MemoryUsage of job (MB)
	430996  -  ResidentSetSize of job (KB)
...
005 (4046522.415.000) 03/15 15:49:48 Job terminated.
	(1) Normal termination (return value 0)
		Usr 0 00:17:09, Sys 0 00:01:55  -  Run Remote Usage
		Usr 0 00:00:00, Sys 0 00:00:00  -  Run Local Usage
		Usr 0 00:17:09, Sys 0 00:01:55  -  Total Remote Usage
		Usr 0 00:00:00, Sys 0 00:00:00  -  Total Local Usage
	0  -  Run Bytes Sent By Job
	0  -  Run Bytes Received By Job
	0  -  Total Bytes Sent By Job
	0  -  Total Bytes Received By Job
	Partitionable Resources :    Usage  Request Allocated
	   Cpus                 :                 1         1
	   Disk (KB)            :        1        1  20458450
	   Memory (MB)          :      421        1      4022
...
