000 (4031466.266.000) 03/13 00:00:42 Job submitted from host: <192.168.1.109:9618?addrs=192.168.1.109-9618+[--1]-9618&noUDP&sock=3153_969b_4>
...
001 (4031466.266.000) 03/13 00:01:21 Job executing on host: <192.168.1.51:9618?addrs=192.168.1.51-9618+[--1]-9618&noUDP&sock=3125_b25b_3>
...
006 (4031466.266.000) 03/13 00:01:30 Image size of job updated: 45092
	44  -  MemoryUsage of job (MB)
	44988  -  ResidentSetSize of job (KB)
...
006 (4031466.266.000) 03/13 00:06:31 Image size of job updated: 368584
	360  -  MemoryUsage of job (MB)
	368584  -  ResidentSetSize of job (KB)
...
006 (4031466.266.000) 03/13 00:11:31 Image size of job updated: 449976
	440  -  MemoryUsage of job (MB)
	449976  -  ResidentSetSize of job (KB)
...
006 (4031466.266.000) 03/13 00:16:32 Image size of job updated: 450356
	440  -  MemoryUsage of job (MB)
	450356  -  ResidentSetSize of job (KB)
...
006 (4031466.266.000) 03/13 00:21:33 Image size of job updated: 450432
	440  -  MemoryUsage of job (MB)
	450432  -  ResidentSetSize of job (KB)
...
006 (4031466.266.000) 03/13 00:31:34 Image size of job updated: 450720
	441  -  MemoryUsage of job (MB)
	450720  -  ResidentSetSize of job (KB)
...
006 (4031466.266.000) 03/13 00:36:35 Image size of job updated: 451160
	441  -  MemoryUsage of job (MB)
	451160  -  ResidentSetSize of job (KB)
...
006 (4031466.266.000) 03/13 00:46:32 Image size of job updated: 451172
	441  -  MemoryUsage of job (MB)
	451160  -  ResidentSetSize of job (KB)
...
005 (4031466.266.000) 03/13 00:46:32 Job terminated.
	(1) Normal termination (return value 0)
		Usr 0 00:15:58, Sys 0 00:01:31  -  Run Remote Usage
		Usr 0 00:00:00, Sys 0 00:00:00  -  Run Local Usage
		Usr 0 00:15:58, Sys 0 00:01:31  -  Total Remote Usage
		Usr 0 00:00:00, Sys 0 00:00:00  -  Total Local Usage
	0  -  Run Bytes Sent By Job
	0  -  Run Bytes Received By Job
	0  -  Total Bytes Sent By Job
	0  -  Total Bytes Received By Job
	Partitionable Resources :    Usage  Request Allocated
	   Cpus                 :                 1         1
	   Disk (KB)            :        1        1  28494197
	   Memory (MB)          :      441        1      4020
...
000 (4044172.266.000) 03/13 19:21:20 Job submitted from host: <192.168.1.109:9618?addrs=192.168.1.109-9618+[--1]-9618&noUDP&sock=3153_969b_4>
...
001 (4044172.266.000) 03/13 19:21:55 Job executing on host: <192.168.1.43:9618?addrs=192.168.1.43-9618+[--1]-9618&noUDP&sock=3360_24bc_3>
...
006 (4044172.266.000) 03/13 19:22:04 Image size of job updated: 158744
	144  -  MemoryUsage of job (MB)
	146940  -  ResidentSetSize of job (KB)
...
006 (4044172.266.000) 03/13 19:27:05 Image size of job updated: 389428
	381  -  MemoryUsage of job (MB)
	389360  -  ResidentSetSize of job (KB)
...
006 (4044172.266.000) 03/13 19:32:05 Image size of job updated: 449956
	440  -  MemoryUsage of job (MB)
	449888  -  ResidentSetSize of job (KB)
...
006 (4044172.266.000) 03/13 19:37:05 Image size of job updated: 450032
	440  -  MemoryUsage of job (MB)
	449964  -  ResidentSetSize of job (KB)
...
006 (4044172.266.000) 03/13 19:52:07 Image size of job updated: 450044
	440  -  MemoryUsage of job (MB)
	449976  -  ResidentSetSize of job (KB)
...
006 (4044172.266.000) 03/13 19:57:08 Image size of job updated: 450812
	441  -  MemoryUsage of job (MB)
	450744  -  ResidentSetSize of job (KB)
...
006 (4044172.266.000) 03/13 20:02:09 Image size of job updated: 450824
	441  -  MemoryUsage of job (MB)
	450756  -  ResidentSetSize of job (KB)
...
006 (4044172.266.000) 03/13 20:07:09 Image size of job updated: 451240
	441  -  MemoryUsage of job (MB)
	451172  -  ResidentSetSize of job (KB)
...
006 (4044172.266.000) 03/13 20:09:41 Image size of job updated: 811624
	441  -  MemoryUsage of job (MB)
	451172  -  ResidentSetSize of job (KB)
...
005 (4044172.266.000) 03/13 20:09:41 Job terminated.
	(1) Normal termination (return value 0)
		Usr 0 00:15:09, Sys 0 00:01:50  -  Run Remote Usage
		Usr 0 00:00:00, Sys 0 00:00:00  -  Run Local Usage
		Usr 0 00:15:09, Sys 0 00:01:50  -  Total Remote Usage
		Usr 0 00:00:00, Sys 0 00:00:00  -  Total Local Usage
	0  -  Run Bytes Sent By Job
	0  -  Run Bytes Received By Job
	0  -  Total Bytes Sent By Job
	0  -  Total Bytes Received By Job
	Partitionable Resources :    Usage  Request Allocated
	   Cpus                 :                 1         1
	   Disk (KB)            :        1        1  20458451
	   Memory (MB)          :      441        1      4022
...
000 (4046522.266.000) 03/15 14:02:18 Job submitted from host: <192.168.1.109:9618?addrs=192.168.1.109-9618+[--1]-9618&noUDP&sock=3153_969b_4>
...
001 (4046522.266.000) 03/15 15:12:52 Job executing on host: <192.168.1.43:9618?addrs=192.168.1.43-9618+[--1]-9618&noUDP&sock=3360_24bc_3>
...
006 (4046522.266.000) 03/15 15:13:01 Image size of job updated: 448584
	362  -  MemoryUsage of job (MB)
	369676  -  ResidentSetSize of job (KB)
...
006 (4046522.266.000) 03/15 15:18:02 Image size of job updated: 449300
	438  -  MemoryUsage of job (MB)
	448308  -  ResidentSetSize of job (KB)
...
006 (4046522.266.000) 03/15 15:23:03 Image size of job updated: 449960
	440  -  MemoryUsage of job (MB)
	449796  -  ResidentSetSize of job (KB)
...
006 (4046522.266.000) 03/15 15:28:03 Image size of job updated: 450712
	441  -  MemoryUsage of job (MB)
	450612  -  ResidentSetSize of job (KB)
...
006 (4046522.266.000) 03/15 15:33:03 Image size of job updated: 450712
	441  -  MemoryUsage of job (MB)
	450624  -  ResidentSetSize of job (KB)
...
006 (4046522.266.000) 03/15 15:37:19 Image size of job updated: 450728
	441  -  MemoryUsage of job (MB)
	450624  -  ResidentSetSize of job (KB)
...
005 (4046522.266.000) 03/15 15:37:20 Job terminated.
	(1) Normal termination (return value 0)
		Usr 0 00:21:16, Sys 0 00:02:06  -  Run Remote Usage
		Usr 0 00:00:00, Sys 0 00:00:00  -  Run Local Usage
		Usr 0 00:21:16, Sys 0 00:02:06  -  Total Remote Usage
		Usr 0 00:00:00, Sys 0 00:00:00  -  Total Local Usage
	0  -  Run Bytes Sent By Job
	0  -  Run Bytes Received By Job
	0  -  Total Bytes Sent By Job
	0  -  Total Bytes Received By Job
	Partitionable Resources :    Usage  Request Allocated
	   Cpus                 :                 1         1
	   Disk (KB)            :        1        1  20458450
	   Memory (MB)          :      441        1      4022
...
