000 (4031466.273.000) 03/13 00:00:42 Job submitted from host: <192.168.1.109:9618?addrs=192.168.1.109-9618+[--1]-9618&noUDP&sock=3153_969b_4>
...
001 (4031466.273.000) 03/13 00:01:22 Job executing on host: <192.168.1.41:9618?addrs=192.168.1.41-9618+[--1]-9618&noUDP&sock=3368_a17e_3>
...
006 (4031466.273.000) 03/13 00:01:31 Image size of job updated: 115012
	110  -  MemoryUsage of job (MB)
	112604  -  ResidentSetSize of job (KB)
...
006 (4031466.273.000) 03/13 00:06:32 Image size of job updated: 349784
	342  -  MemoryUsage of job (MB)
	349452  -  ResidentSetSize of job (KB)
...
006 (4031466.273.000) 03/13 00:11:33 Image size of job updated: 435008
	425  -  MemoryUsage of job (MB)
	434676  -  ResidentSetSize of job (KB)
...
006 (4031466.273.000) 03/13 00:16:33 Image size of job updated: 435096
	425  -  MemoryUsage of job (MB)
	434764  -  ResidentSetSize of job (KB)
...
006 (4031466.273.000) 03/13 00:21:34 Image size of job updated: 435484
	425  -  MemoryUsage of job (MB)
	435152  -  ResidentSetSize of job (KB)
...
006 (4031466.273.000) 03/13 00:31:35 Image size of job updated: 435488
	425  -  MemoryUsage of job (MB)
	435156  -  ResidentSetSize of job (KB)
...
006 (4031466.273.000) 03/13 00:36:35 Image size of job updated: 435532
	425  -  MemoryUsage of job (MB)
	435200  -  ResidentSetSize of job (KB)
...
006 (4031466.273.000) 03/13 00:41:36 Image size of job updated: 435548
	426  -  MemoryUsage of job (MB)
	435216  -  ResidentSetSize of job (KB)
...
006 (4031466.273.000) 03/13 00:46:36 Image size of job updated: 435764
	426  -  MemoryUsage of job (MB)
	435216  -  ResidentSetSize of job (KB)
...
005 (4031466.273.000) 03/13 00:53:16 Job terminated.
	(1) Normal termination (return value 0)
		Usr 0 00:15:44, Sys 0 00:01:29  -  Run Remote Usage
		Usr 0 00:00:00, Sys 0 00:00:00  -  Run Local Usage
		Usr 0 00:15:44, Sys 0 00:01:29  -  Total Remote Usage
		Usr 0 00:00:00, Sys 0 00:00:00  -  Total Local Usage
	0  -  Run Bytes Sent By Job
	0  -  Run Bytes Received By Job
	0  -  Total Bytes Sent By Job
	0  -  Total Bytes Received By Job
	Partitionable Resources :    Usage  Request Allocated
	   Cpus                 :                 1         1
	   Disk (KB)            :        1        1  20458618
	   Memory (MB)          :      426        1      4022
...
000 (4044172.273.000) 03/13 19:21:20 Job submitted from host: <192.168.1.109:9618?addrs=192.168.1.109-9618+[--1]-9618&noUDP&sock=3153_969b_4>
...
001 (4044172.273.000) 03/13 19:21:56 Job executing on host: <192.168.1.41:9618?addrs=192.168.1.41-9618+[--1]-9618&noUDP&sock=3368_a17e_3>
...
006 (4044172.273.000) 03/13 19:22:04 Image size of job updated: 63964
	63  -  MemoryUsage of job (MB)
	63660  -  ResidentSetSize of job (KB)
...
006 (4044172.273.000) 03/13 19:27:04 Image size of job updated: 164420
	161  -  MemoryUsage of job (MB)
	164320  -  ResidentSetSize of job (KB)
...
006 (4044172.273.000) 03/13 19:32:05 Image size of job updated: 324948
	318  -  MemoryUsage of job (MB)
	324848  -  ResidentSetSize of job (KB)
...
006 (4044172.273.000) 03/13 19:42:06 Image size of job updated: 325488
	318  -  MemoryUsage of job (MB)
	325388  -  ResidentSetSize of job (KB)
...
006 (4044172.273.000) 03/13 19:52:08 Image size of job updated: 325492
	318  -  MemoryUsage of job (MB)
	325392  -  ResidentSetSize of job (KB)
...
006 (4044172.273.000) 03/13 19:57:08 Image size of job updated: 325660
	318  -  MemoryUsage of job (MB)
	325560  -  ResidentSetSize of job (KB)
...
006 (4044172.273.000) 03/13 20:02:08 Image size of job updated: 325716
	318  -  MemoryUsage of job (MB)
	325616  -  ResidentSetSize of job (KB)
...
005 (4044172.273.000) 03/13 20:09:48 Job terminated.
	(1) Normal termination (return value 0)
		Usr 0 00:16:26, Sys 0 00:01:45  -  Run Remote Usage
		Usr 0 00:00:00, Sys 0 00:00:00  -  Run Local Usage
		Usr 0 00:16:26, Sys 0 00:01:45  -  Total Remote Usage
		Usr 0 00:00:00, Sys 0 00:00:00  -  Total Local Usage
	0  -  Run Bytes Sent By Job
	0  -  Run Bytes Received By Job
	0  -  Total Bytes Sent By Job
	0  -  Total Bytes Received By Job
	Partitionable Resources :    Usage  Request Allocated
	   Cpus                 :                 1         1
	   Disk (KB)            :        1        1  20458618
	   Memory (MB)          :      318        1      4022
...
000 (4046522.273.000) 03/15 14:02:18 Job submitted from host: <192.168.1.109:9618?addrs=192.168.1.109-9618+[--1]-9618&noUDP&sock=3153_969b_4>
...
001 (4046522.273.000) 03/15 15:13:59 Job executing on host: <192.168.1.42:9618?addrs=192.168.1.42-9618+[--1]-9618&noUDP&sock=3360_3385_3>
...
006 (4046522.273.000) 03/15 15:14:08 Image size of job updated: 423244
	339  -  MemoryUsage of job (MB)
	346796  -  ResidentSetSize of job (KB)
...
006 (4046522.273.000) 03/15 15:19:08 Image size of job updated: 429696
	420  -  MemoryUsage of job (MB)
	429516  -  ResidentSetSize of job (KB)
...
006 (4046522.273.000) 03/15 15:24:08 Image size of job updated: 429736
	420  -  MemoryUsage of job (MB)
	429548  -  ResidentSetSize of job (KB)
...
006 (4046522.273.000) 03/15 15:29:09 Image size of job updated: 429820
	420  -  MemoryUsage of job (MB)
	429628  -  ResidentSetSize of job (KB)
...
005 (4046522.273.000) 03/15 15:39:26 Job terminated.
	(1) Normal termination (return value 0)
		Usr 0 00:21:38, Sys 0 00:02:09  -  Run Remote Usage
		Usr 0 00:00:00, Sys 0 00:00:00  -  Run Local Usage
		Usr 0 00:21:38, Sys 0 00:02:09  -  Total Remote Usage
		Usr 0 00:00:00, Sys 0 00:00:00  -  Total Local Usage
	0  -  Run Bytes Sent By Job
	0  -  Run Bytes Received By Job
	0  -  Total Bytes Sent By Job
	0  -  Total Bytes Received By Job
	Partitionable Resources :    Usage  Request Allocated
	   Cpus                 :                 1         1
	   Disk (KB)            :        1        1  20458262
	   Memory (MB)          :      420        1      4022
...
