000 (4031466.518.000) 03/13 00:00:44 Job submitted from host: <192.168.1.109:9618?addrs=192.168.1.109-9618+[--1]-9618&noUDP&sock=3153_969b_4>
...
001 (4031466.518.000) 03/13 00:01:30 Job executing on host: <192.168.1.39:9618?addrs=192.168.1.39-9618+[--1]-9618&noUDP&sock=3239_16fe_3>
...
006 (4031466.518.000) 03/13 00:01:39 Image size of job updated: 111736
	110  -  MemoryUsage of job (MB)
	111684  -  ResidentSetSize of job (KB)
...
006 (4031466.518.000) 03/13 00:06:40 Image size of job updated: 345672
	338  -  MemoryUsage of job (MB)
	345672  -  ResidentSetSize of job (KB)
...
006 (4031466.518.000) 03/13 00:11:40 Image size of job updated: 442664
	433  -  MemoryUsage of job (MB)
	442664  -  ResidentSetSize of job (KB)
...
006 (4031466.518.000) 03/13 00:51:28 Image size of job updated: 801960
	433  -  MemoryUsage of job (MB)
	442664  -  ResidentSetSize of job (KB)
...
005 (4031466.518.000) 03/13 00:51:28 Job terminated.
	(1) Normal termination (return value 0)
		Usr 0 00:14:37, Sys 0 00:01:28  -  Run Remote Usage
		Usr 0 00:00:00, Sys 0 00:00:00  -  Run Local Usage
		Usr 0 00:14:37, Sys 0 00:01:28  -  Total Remote Usage
		Usr 0 00:00:00, Sys 0 00:00:00  -  Total Local Usage
	0  -  Run Bytes Sent By Job
	0  -  Run Bytes Received By Job
	0  -  Total Bytes Sent By Job
	0  -  Total Bytes Received By Job
	Partitionable Resources :    Usage  Request Allocated
	   Cpus                 :                 1         1
	   Disk (KB)            :        1        1  20460459
	   Memory (MB)          :      433        1      4022
...
000 (4044172.518.000) 03/13 19:21:23 Job submitted from host: <192.168.1.109:9618?addrs=192.168.1.109-9618+[--1]-9618&noUDP&sock=3153_969b_4>
...
001 (4044172.518.000) 03/13 19:22:04 Job executing on host: <192.168.1.40:9618?addrs=192.168.1.40-9618+[--1]-9618&noUDP&sock=3366_a17e_3>
...
006 (4044172.518.000) 03/13 19:22:13 Image size of job updated: 50900
	36  -  MemoryUsage of job (MB)
	36728  -  ResidentSetSize of job (KB)
...
006 (4044172.518.000) 03/13 19:27:13 Image size of job updated: 374592
	345  -  MemoryUsage of job (MB)
	352444  -  ResidentSetSize of job (KB)
...
006 (4044172.518.000) 03/13 19:32:13 Image size of job updated: 466320
	434  -  MemoryUsage of job (MB)
	444172  -  ResidentSetSize of job (KB)
...
006 (4044172.518.000) 03/13 19:42:15 Image size of job updated: 466360
	434  -  MemoryUsage of job (MB)
	444212  -  ResidentSetSize of job (KB)
...
006 (4044172.518.000) 03/13 19:57:17 Image size of job updated: 466948
	435  -  MemoryUsage of job (MB)
	444800  -  ResidentSetSize of job (KB)
...
006 (4044172.518.000) 03/13 20:02:17 Image size of job updated: 466964
	435  -  MemoryUsage of job (MB)
	444816  -  ResidentSetSize of job (KB)
...
005 (4044172.518.000) 03/13 20:09:40 Job terminated.
	(1) Normal termination (return value 0)
		Usr 0 00:16:28, Sys 0 00:01:43  -  Run Remote Usage
		Usr 0 00:00:00, Sys 0 00:00:00  -  Run Local Usage
		Usr 0 00:16:28, Sys 0 00:01:43  -  Total Remote Usage
		Usr 0 00:00:00, Sys 0 00:00:00  -  Total Local Usage
	0  -  Run Bytes Sent By Job
	0  -  Run Bytes Received By Job
	0  -  Total Bytes Sent By Job
	0  -  Total Bytes Received By Job
	Partitionable Resources :    Usage  Request Allocated
	   Cpus                 :                 1         1
	   Disk (KB)            :        1        1  20457847
	   Memory (MB)          :      435        1      4022
...
000 (4046522.518.000) 03/15 14:02:21 Job submitted from host: <192.168.1.109:9618?addrs=192.168.1.109-9618+[--1]-9618&noUDP&sock=3153_969b_4>
...
001 (4046522.518.000) 03/15 15:33:55 Job executing on host: <192.168.1.40:9618?addrs=192.168.1.40-9618+[--1]-9618&noUDP&sock=3366_a17e_3>
...
006 (4046522.518.000) 03/15 15:34:03 Image size of job updated: 398164
	349  -  MemoryUsage of job (MB)
	356524  -  ResidentSetSize of job (KB)
...
006 (4046522.518.000) 03/15 15:39:03 Image size of job updated: 437548
	428  -  MemoryUsage of job (MB)
	437396  -  ResidentSetSize of job (KB)
...
006 (4046522.518.000) 03/15 15:44:03 Image size of job updated: 437564
	428  -  MemoryUsage of job (MB)
	437408  -  ResidentSetSize of job (KB)
...
006 (4046522.518.000) 03/15 15:49:05 Image size of job updated: 438176
	428  -  MemoryUsage of job (MB)
	438024  -  ResidentSetSize of job (KB)
...
006 (4046522.518.000) 03/15 15:54:05 Image size of job updated: 438184
	428  -  MemoryUsage of job (MB)
	438032  -  ResidentSetSize of job (KB)
...
005 (4046522.518.000) 03/15 15:54:42 Job terminated.
	(1) Normal termination (return value 0)
		Usr 0 00:16:15, Sys 0 00:01:44  -  Run Remote Usage
		Usr 0 00:00:00, Sys 0 00:00:00  -  Run Local Usage
		Usr 0 00:16:15, Sys 0 00:01:44  -  Total Remote Usage
		Usr 0 00:00:00, Sys 0 00:00:00  -  Total Local Usage
	0  -  Run Bytes Sent By Job
	0  -  Run Bytes Received By Job
	0  -  Total Bytes Sent By Job
	0  -  Total Bytes Received By Job
	Partitionable Resources :    Usage  Request Allocated
	   Cpus                 :                 1         1
	   Disk (KB)            :        1        1  20457847
	   Memory (MB)          :      428        1      4022
...
