000 (4031461.157.000) 03/12 18:25:47 Job submitted from host: <192.168.1.109:9618?addrs=192.168.1.109-9618+[--1]-9618&noUDP&sock=3153_969b_4>
...
001 (4031461.157.000) 03/12 18:26:03 Job executing on host: <192.168.1.49:9618?addrs=192.168.1.49-9618+[--1]-9618&noUDP&sock=3240_e427_3>
...
006 (4031461.157.000) 03/12 18:26:12 Image size of job updated: 121344
	109  -  MemoryUsage of job (MB)
	111120  -  ResidentSetSize of job (KB)
...
006 (4031461.157.000) 03/12 18:31:12 Image size of job updated: 467792
	446  -  MemoryUsage of job (MB)
	456224  -  ResidentSetSize of job (KB)
...
005 (4031461.157.000) 03/12 18:40:43 Job terminated.
	(1) Normal termination (return value 0)
		Usr 0 00:12:43, Sys 0 00:01:17  -  Run Remote Usage
		Usr 0 00:00:00, Sys 0 00:00:00  -  Run Local Usage
		Usr 0 00:12:43, Sys 0 00:01:17  -  Total Remote Usage
		Usr 0 00:00:00, Sys 0 00:00:00  -  Total Local Usage
	0  -  Run Bytes Sent By Job
	0  -  Run Bytes Received By Job
	0  -  Total Bytes Sent By Job
	0  -  Total Bytes Received By Job
	Partitionable Resources :    Usage  Request Allocated
	   Cpus                 :                 1         1
	   Disk (KB)            :        1        1  28491601
	   Memory (MB)          :      446        1      4020
...
000 (4031462.157.000) 03/12 20:10:16 Job submitted from host: <192.168.1.109:9618?addrs=192.168.1.109-9618+[--1]-9618&noUDP&sock=3153_969b_4>
...
001 (4031462.157.000) 03/12 20:10:45 Job executing on host: <192.168.1.39:9618?addrs=192.168.1.39-9618+[--1]-9618&noUDP&sock=3239_16fe_3>
...
006 (4031462.157.000) 03/12 20:10:54 Image size of job updated: 156452
	144  -  MemoryUsage of job (MB)
	146768  -  ResidentSetSize of job (KB)
...
006 (4031462.157.000) 03/12 20:15:55 Image size of job updated: 493484
	473  -  MemoryUsage of job (MB)
	483392  -  ResidentSetSize of job (KB)
...
006 (4031462.157.000) 03/12 20:20:55 Image size of job updated: 493488
	473  -  MemoryUsage of job (MB)
	483396  -  ResidentSetSize of job (KB)
...
006 (4031462.157.000) 03/12 20:25:55 Image size of job updated: 493520
	473  -  MemoryUsage of job (MB)
	483428  -  ResidentSetSize of job (KB)
...
005 (4031462.157.000) 03/12 20:26:06 Job terminated.
	(1) Normal termination (return value 0)
		Usr 0 00:13:07, Sys 0 00:01:27  -  Run Remote Usage
		Usr 0 00:00:00, Sys 0 00:00:00  -  Run Local Usage
		Usr 0 00:13:07, Sys 0 00:01:27  -  Total Remote Usage
		Usr 0 00:00:00, Sys 0 00:00:00  -  Total Local Usage
	0  -  Run Bytes Sent By Job
	0  -  Run Bytes Received By Job
	0  -  Total Bytes Sent By Job
	0  -  Total Bytes Received By Job
	Partitionable Resources :    Usage  Request Allocated
	   Cpus                 :                 1         1
	   Disk (KB)            :        1        1  20460460
	   Memory (MB)          :      473        1      4022
...
000 (4031463.157.000) 03/12 21:35:13 Job submitted from host: <192.168.1.109:9618?addrs=192.168.1.109-9618+[--1]-9618&noUDP&sock=3153_969b_4>
...
001 (4031463.157.000) 03/12 21:35:47 Job executing on host: <192.168.1.63:9618?addrs=192.168.1.63-9618+[--1]-9618&noUDP&sock=3501_ea5f_33>
...
006 (4031463.157.000) 03/12 21:35:55 Image size of job updated: 47548
	36  -  MemoryUsage of job (MB)
	36364  -  ResidentSetSize of job (KB)
...
006 (4031463.157.000) 03/12 21:40:55 Image size of job updated: 467188
	441  -  MemoryUsage of job (MB)
	451052  -  ResidentSetSize of job (KB)
...
006 (4031463.157.000) 03/12 21:50:57 Image size of job updated: 467936
	442  -  MemoryUsage of job (MB)
	451800  -  ResidentSetSize of job (KB)
...
006 (4031463.157.000) 03/12 21:55:57 Image size of job updated: 498712
	472  -  MemoryUsage of job (MB)
	482576  -  ResidentSetSize of job (KB)
...
005 (4031463.157.000) 03/12 21:59:37 Job terminated.
	(1) Normal termination (return value 0)
		Usr 0 00:20:54, Sys 0 00:01:59  -  Run Remote Usage
		Usr 0 00:00:00, Sys 0 00:00:00  -  Run Local Usage
		Usr 0 00:20:54, Sys 0 00:01:59  -  Total Remote Usage
		Usr 0 00:00:00, Sys 0 00:00:00  -  Total Local Usage
	0  -  Run Bytes Sent By Job
	0  -  Run Bytes Received By Job
	0  -  Total Bytes Sent By Job
	0  -  Total Bytes Received By Job
	Partitionable Resources :    Usage  Request Allocated
	   Cpus                 :                 1         1
	   Disk (KB)            :        1        1  22685400
	   Memory (MB)          :      472        1      4015
...
000 (4031466.157.000) 03/13 00:00:41 Job submitted from host: <192.168.1.109:9618?addrs=192.168.1.109-9618+[--1]-9618&noUDP&sock=3153_969b_4>
...
001 (4031466.157.000) 03/13 00:01:14 Job executing on host: <192.168.1.50:9618?addrs=192.168.1.50-9618+[--1]-9618&noUDP&sock=3247_5221_3>
...
006 (4031466.157.000) 03/13 00:01:24 Image size of job updated: 234772
	230  -  MemoryUsage of job (MB)
	234704  -  ResidentSetSize of job (KB)
...
006 (4031466.157.000) 03/13 00:06:24 Image size of job updated: 450228
	440  -  MemoryUsage of job (MB)
	450228  -  ResidentSetSize of job (KB)
...
006 (4031466.157.000) 03/13 00:11:24 Image size of job updated: 451436
	441  -  MemoryUsage of job (MB)
	451436  -  ResidentSetSize of job (KB)
...
006 (4031466.157.000) 03/13 00:16:25 Image size of job updated: 452652
	443  -  MemoryUsage of job (MB)
	452652  -  ResidentSetSize of job (KB)
...
006 (4031466.157.000) 03/13 00:26:26 Image size of job updated: 452844
	443  -  MemoryUsage of job (MB)
	452844  -  ResidentSetSize of job (KB)
...
006 (4031466.157.000) 03/13 00:31:27 Image size of job updated: 455336
	445  -  MemoryUsage of job (MB)
	455336  -  ResidentSetSize of job (KB)
...
006 (4031466.157.000) 03/13 00:36:28 Image size of job updated: 484872
	474  -  MemoryUsage of job (MB)
	484872  -  ResidentSetSize of job (KB)
...
006 (4031466.157.000) 03/13 00:44:20 Image size of job updated: 811344
	474  -  MemoryUsage of job (MB)
	484872  -  ResidentSetSize of job (KB)
...
005 (4031466.157.000) 03/13 00:44:20 Job terminated.
	(1) Normal termination (return value 0)
		Usr 0 00:15:16, Sys 0 00:01:25  -  Run Remote Usage
		Usr 0 00:00:00, Sys 0 00:00:00  -  Run Local Usage
		Usr 0 00:15:16, Sys 0 00:01:25  -  Total Remote Usage
		Usr 0 00:00:00, Sys 0 00:00:00  -  Total Local Usage
	0  -  Run Bytes Sent By Job
	0  -  Run Bytes Received By Job
	0  -  Total Bytes Sent By Job
	0  -  Total Bytes Received By Job
	Partitionable Resources :    Usage  Request Allocated
	   Cpus                 :                 1         1
	   Disk (KB)            :        1        1  28493273
	   Memory (MB)          :      474        1      4020
...
000 (4044172.157.000) 03/13 19:21:19 Job submitted from host: <192.168.1.109:9618?addrs=192.168.1.109-9618+[--1]-9618&noUDP&sock=3153_969b_4>
...
001 (4044172.157.000) 03/13 19:21:49 Job executing on host: <192.168.1.65:9618?addrs=192.168.1.65-9618+[--1]-9618&noUDP&sock=3515_344b_35>
...
006 (4044172.157.000) 03/13 19:21:58 Image size of job updated: 150644
	144  -  MemoryUsage of job (MB)
	146708  -  ResidentSetSize of job (KB)
...
006 (4044172.157.000) 03/13 19:26:59 Image size of job updated: 383500
	375  -  MemoryUsage of job (MB)
	383500  -  ResidentSetSize of job (KB)
...
006 (4044172.157.000) 03/13 19:31:59 Image size of job updated: 483768
	473  -  MemoryUsage of job (MB)
	483768  -  ResidentSetSize of job (KB)
...
006 (4044172.157.000) 03/13 19:57:02 Image size of job updated: 484084
	473  -  MemoryUsage of job (MB)
	483768  -  ResidentSetSize of job (KB)
...
006 (4044172.157.000) 03/13 20:20:20 Image size of job updated: 811288
	473  -  MemoryUsage of job (MB)
	483768  -  ResidentSetSize of job (KB)
...
005 (4044172.157.000) 03/13 20:20:20 Job terminated.
	(1) Normal termination (return value 0)
		Usr 0 00:51:11, Sys 0 00:04:15  -  Run Remote Usage
		Usr 0 00:00:00, Sys 0 00:00:00  -  Run Local Usage
		Usr 0 00:51:11, Sys 0 00:04:15  -  Total Remote Usage
		Usr 0 00:00:00, Sys 0 00:00:00  -  Total Local Usage
	0  -  Run Bytes Sent By Job
	0  -  Run Bytes Received By Job
	0  -  Total Bytes Sent By Job
	0  -  Total Bytes Received By Job
	Partitionable Resources :    Usage  Request Allocated
	   Cpus                 :                 1         1
	   Disk (KB)            :        1        1  22684044
	   Memory (MB)          :      473        1      4015
...
000 (4046522.157.000) 03/15 14:02:16 Job submitted from host: <192.168.1.109:9618?addrs=192.168.1.109-9618+[--1]-9618&noUDP&sock=3153_969b_4>
...
001 (4046522.157.000) 03/15 14:59:57 Job executing on host: <192.168.1.41:9618?addrs=192.168.1.41-9618+[--1]-9618&noUDP&sock=3368_a17e_3>
...
006 (4046522.157.000) 03/15 15:00:06 Image size of job updated: 244136
	162  -  MemoryUsage of job (MB)
	165068  -  ResidentSetSize of job (KB)
...
006 (4046522.157.000) 03/15 15:05:07 Image size of job updated: 332076
	325  -  MemoryUsage of job (MB)
	331880  -  ResidentSetSize of job (KB)
...
006 (4046522.157.000) 03/15 15:10:07 Image size of job updated: 332224
	325  -  MemoryUsage of job (MB)
	332008  -  ResidentSetSize of job (KB)
...
006 (4046522.157.000) 03/15 15:15:07 Image size of job updated: 336836
	329  -  MemoryUsage of job (MB)
	336580  -  ResidentSetSize of job (KB)
...
006 (4046522.157.000) 03/15 15:20:08 Image size of job updated: 337200
	329  -  MemoryUsage of job (MB)
	336600  -  ResidentSetSize of job (KB)
...
005 (4046522.157.000) 03/15 15:20:46 Job terminated.
	(1) Normal termination (return value 0)
		Usr 0 00:18:32, Sys 0 00:01:50  -  Run Remote Usage
		Usr 0 00:00:00, Sys 0 00:00:00  -  Run Local Usage
		Usr 0 00:18:32, Sys 0 00:01:50  -  Total Remote Usage
		Usr 0 00:00:00, Sys 0 00:00:00  -  Total Local Usage
	0  -  Run Bytes Sent By Job
	0  -  Run Bytes Received By Job
	0  -  Total Bytes Sent By Job
	0  -  Total Bytes Received By Job
	Partitionable Resources :    Usage  Request Allocated
	   Cpus                 :                 1         1
	   Disk (KB)            :        1        1  20458618
	   Memory (MB)          :      329        1      4022
...
000 (4046570.157.000) 03/15 18:56:24 Job submitted from host: <192.168.1.109:9618?addrs=192.168.1.109-9618+[--1]-9618&noUDP&sock=3153_969b_4>
...
001 (4046570.157.000) 03/15 18:56:41 Job executing on host: <192.168.1.50:9618?addrs=192.168.1.50-9618+[--1]-9618&noUDP&sock=3247_5221_3>
...
006 (4046570.157.000) 03/15 18:56:50 Image size of job updated: 379508
	359  -  MemoryUsage of job (MB)
	367580  -  ResidentSetSize of job (KB)
...
006 (4046570.157.000) 03/15 19:01:51 Image size of job updated: 462656
	441  -  MemoryUsage of job (MB)
	450724  -  ResidentSetSize of job (KB)
...
006 (4046570.157.000) 03/15 19:06:51 Image size of job updated: 463436
	441  -  MemoryUsage of job (MB)
	451504  -  ResidentSetSize of job (KB)
...
005 (4046570.157.000) 03/15 19:11:52 Job terminated.
	(1) Normal termination (return value 0)
		Usr 0 00:13:14, Sys 0 00:01:21  -  Run Remote Usage
		Usr 0 00:00:00, Sys 0 00:00:00  -  Run Local Usage
		Usr 0 00:13:14, Sys 0 00:01:21  -  Total Remote Usage
		Usr 0 00:00:00, Sys 0 00:00:00  -  Total Local Usage
	0  -  Run Bytes Sent By Job
	0  -  Run Bytes Received By Job
	0  -  Total Bytes Sent By Job
	0  -  Total Bytes Received By Job
	Partitionable Resources :    Usage  Request Allocated
	   Cpus                 :                 1         1
	   Disk (KB)            :        1        1  28493273
	   Memory (MB)          :      441        1      4020
...
