000 (4031466.232.000) 03/13 00:00:41 Job submitted from host: <192.168.1.109:9618?addrs=192.168.1.109-9618+[--1]-9618&noUDP&sock=3153_969b_4>
...
001 (4031466.232.000) 03/13 00:01:20 Job executing on host: <192.168.1.49:9618?addrs=192.168.1.49-9618+[--1]-9618&noUDP&sock=3240_e427_3>
...
006 (4031466.232.000) 03/13 00:01:28 Image size of job updated: 123016
	109  -  MemoryUsage of job (MB)
	111028  -  ResidentSetSize of job (KB)
...
006 (4031466.232.000) 03/13 00:06:28 Image size of job updated: 388828
	380  -  MemoryUsage of job (MB)
	388828  -  ResidentSetSize of job (KB)
...
006 (4031466.232.000) 03/13 00:11:29 Image size of job updated: 455960
	446  -  MemoryUsage of job (MB)
	455960  -  ResidentSetSize of job (KB)
...
006 (4031466.232.000) 03/13 00:21:29 Image size of job updated: 457900
	448  -  MemoryUsage of job (MB)
	457900  -  ResidentSetSize of job (KB)
...
006 (4031466.232.000) 03/13 00:31:31 Image size of job updated: 457920
	448  -  MemoryUsage of job (MB)
	457920  -  ResidentSetSize of job (KB)
...
006 (4031466.232.000) 03/13 00:36:31 Image size of job updated: 488436
	477  -  MemoryUsage of job (MB)
	488436  -  ResidentSetSize of job (KB)
...
006 (4031466.232.000) 03/13 00:46:32 Image size of job updated: 610144
	596  -  MemoryUsage of job (MB)
	610144  -  ResidentSetSize of job (KB)
...
005 (4031466.232.000) 03/13 00:51:31 Job terminated.
	(1) Normal termination (return value 0)
		Usr 0 00:23:20, Sys 0 00:02:02  -  Run Remote Usage
		Usr 0 00:00:00, Sys 0 00:00:00  -  Run Local Usage
		Usr 0 00:23:20, Sys 0 00:02:02  -  Total Remote Usage
		Usr 0 00:00:00, Sys 0 00:00:00  -  Total Local Usage
	0  -  Run Bytes Sent By Job
	0  -  Run Bytes Received By Job
	0  -  Total Bytes Sent By Job
	0  -  Total Bytes Received By Job
	Partitionable Resources :    Usage  Request Allocated
	   Cpus                 :                 1         1
	   Disk (KB)            :        1        1  28491601
	   Memory (MB)          :      596        1      4020
...
000 (4044172.232.000) 03/13 19:21:20 Job submitted from host: <192.168.1.109:9618?addrs=192.168.1.109-9618+[--1]-9618&noUDP&sock=3153_969b_4>
...
001 (4044172.232.000) 03/13 19:21:54 Job executing on host: <192.168.1.67:9618?addrs=192.168.1.67-9618+[--1]-9618&noUDP&sock=3517_344b_38>
...
006 (4044172.232.000) 03/13 19:22:03 Image size of job updated: 146988
	144  -  MemoryUsage of job (MB)
	146728  -  ResidentSetSize of job (KB)
...
006 (4044172.232.000) 03/13 19:27:04 Image size of job updated: 380228
	372  -  MemoryUsage of job (MB)
	380228  -  ResidentSetSize of job (KB)
...
006 (4044172.232.000) 03/13 19:32:04 Image size of job updated: 457300
	447  -  MemoryUsage of job (MB)
	457300  -  ResidentSetSize of job (KB)
...
006 (4044172.232.000) 03/13 19:42:05 Image size of job updated: 457404
	447  -  MemoryUsage of job (MB)
	457404  -  ResidentSetSize of job (KB)
...
006 (4044172.232.000) 03/13 19:52:06 Image size of job updated: 457444
	447  -  MemoryUsage of job (MB)
	457444  -  ResidentSetSize of job (KB)
...
006 (4044172.232.000) 03/13 19:57:07 Image size of job updated: 489400
	478  -  MemoryUsage of job (MB)
	489400  -  ResidentSetSize of job (KB)
...
006 (4044172.232.000) 03/13 20:12:08 Image size of job updated: 489520
	478  -  MemoryUsage of job (MB)
	489400  -  ResidentSetSize of job (KB)
...
006 (4044172.232.000) 03/13 20:27:09 Image size of job updated: 611260
	597  -  MemoryUsage of job (MB)
	611108  -  ResidentSetSize of job (KB)
...
005 (4044172.232.000) 03/13 20:29:20 Job terminated.
	(1) Normal termination (return value 0)
		Usr 0 00:59:22, Sys 0 00:04:57  -  Run Remote Usage
		Usr 0 00:00:00, Sys 0 00:00:00  -  Run Local Usage
		Usr 0 00:59:22, Sys 0 00:04:57  -  Total Remote Usage
		Usr 0 00:00:00, Sys 0 00:00:00  -  Total Local Usage
	0  -  Run Bytes Sent By Job
	0  -  Run Bytes Received By Job
	0  -  Total Bytes Sent By Job
	0  -  Total Bytes Received By Job
	Partitionable Resources :    Usage  Request Allocated
	   Cpus                 :                 1         1
	   Disk (KB)            :        1        1  22682500
	   Memory (MB)          :      597        1      4015
...
000 (4046522.232.000) 03/15 14:02:17 Job submitted from host: <192.168.1.109:9618?addrs=192.168.1.109-9618+[--1]-9618&noUDP&sock=3153_969b_4>
...
001 (4046522.232.000) 03/15 15:10:29 Job executing on host: <192.168.1.43:9618?addrs=192.168.1.43-9618+[--1]-9618&noUDP&sock=3360_24bc_3>
...
006 (4046522.232.000) 03/15 15:10:38 Image size of job updated: 451876
	365  -  MemoryUsage of job (MB)
	372820  -  ResidentSetSize of job (KB)
...
006 (4046522.232.000) 03/15 15:15:39 Image size of job updated: 453132
	443  -  MemoryUsage of job (MB)
	452868  -  ResidentSetSize of job (KB)
...
006 (4046522.232.000) 03/15 15:30:41 Image size of job updated: 453364
	443  -  MemoryUsage of job (MB)
	452868  -  ResidentSetSize of job (KB)
...
006 (4046522.232.000) 03/15 15:40:42 Image size of job updated: 575252
	562  -  MemoryUsage of job (MB)
	575252  -  ResidentSetSize of job (KB)
...
005 (4046522.232.000) 03/15 15:42:24 Job terminated.
	(1) Normal termination (return value 0)
		Usr 0 00:27:35, Sys 0 00:02:43  -  Run Remote Usage
		Usr 0 00:00:00, Sys 0 00:00:00  -  Run Local Usage
		Usr 0 00:27:35, Sys 0 00:02:43  -  Total Remote Usage
		Usr 0 00:00:00, Sys 0 00:00:00  -  Total Local Usage
	0  -  Run Bytes Sent By Job
	0  -  Run Bytes Received By Job
	0  -  Total Bytes Sent By Job
	0  -  Total Bytes Received By Job
	Partitionable Resources :    Usage  Request Allocated
	   Cpus                 :                 1         1
	   Disk (KB)            :        1        1  20458450
	   Memory (MB)          :      562        1      4022
...
