000 (4031233.063.000) 03/12 14:28:35 Job submitted from host: <192.168.1.109:9618?addrs=192.168.1.109-9618+[--1]-9618&noUDP&sock=3153_969b_4>
...
001 (4031233.063.000) 03/12 14:28:49 Job executing on host: <192.168.1.64:9618?addrs=192.168.1.64-9618+[--1]-9618&noUDP&sock=3497_7c66_22>
...
006 (4031233.063.000) 03/12 14:28:58 Image size of job updated: 10864
	8  -  MemoryUsage of job (MB)
	8168  -  ResidentSetSize of job (KB)
...
006 (4031233.063.000) 03/12 14:33:59 Image size of job updated: 476796
	460  -  MemoryUsage of job (MB)
	470932  -  ResidentSetSize of job (KB)
...
005 (4031233.063.000) 03/12 14:34:44 Job terminated.
	(1) Normal termination (return value 0)
		Usr 0 00:05:01, Sys 0 00:00:27  -  Run Remote Usage
		Usr 0 00:00:00, Sys 0 00:00:00  -  Run Local Usage
		Usr 0 00:05:01, Sys 0 00:00:27  -  Total Remote Usage
		Usr 0 00:00:00, Sys 0 00:00:00  -  Total Local Usage
	0  -  Run Bytes Sent By Job
	0  -  Run Bytes Received By Job
	0  -  Total Bytes Sent By Job
	0  -  Total Bytes Received By Job
	Partitionable Resources :    Usage  Request Allocated
	   Cpus                 :                 1         1
	   Disk (KB)            :        1        1  22685211
	   Memory (MB)          :      460        1      4015
...
000 (4031234.063.000) 03/12 15:03:14 Job submitted from host: <192.168.1.109:9618?addrs=192.168.1.109-9618+[--1]-9618&noUDP&sock=3153_969b_4>
...
001 (4031234.063.000) 03/12 15:03:40 Job executing on host: <192.168.1.51:9618?addrs=192.168.1.51-9618+[--1]-9618&noUDP&sock=3125_b25b_3>
...
006 (4031234.063.000) 03/12 15:03:49 Image size of job updated: 382684
	372  -  MemoryUsage of job (MB)
	380400  -  ResidentSetSize of job (KB)
...
005 (4031234.063.000) 03/12 15:07:03 Job terminated.
	(1) Normal termination (return value 0)
		Usr 0 00:02:59, Sys 0 00:00:16  -  Run Remote Usage
		Usr 0 00:00:00, Sys 0 00:00:00  -  Run Local Usage
		Usr 0 00:02:59, Sys 0 00:00:16  -  Total Remote Usage
		Usr 0 00:00:00, Sys 0 00:00:00  -  Total Local Usage
	0  -  Run Bytes Sent By Job
	0  -  Run Bytes Received By Job
	0  -  Total Bytes Sent By Job
	0  -  Total Bytes Received By Job
	Partitionable Resources :    Usage  Request Allocated
	   Cpus                 :                 1         1
	   Disk (KB)            :        1        1  28494197
	   Memory (MB)          :      372        1      4020
...
000 (4031235.063.000) 03/12 15:16:44 Job submitted from host: <192.168.1.109:9618?addrs=192.168.1.109-9618+[--1]-9618&noUDP&sock=3153_969b_4>
...
001 (4031235.063.000) 03/12 15:17:01 Job executing on host: <192.168.1.61:9618?addrs=192.168.1.61-9618+[--1]-9618&noUDP&sock=3335_bd3f_11>
...
006 (4031235.063.000) 03/12 15:17:09 Image size of job updated: 418548
	374  -  MemoryUsage of job (MB)
	382152  -  ResidentSetSize of job (KB)
...
006 (4031235.063.000) 03/12 15:22:09 Image size of job updated: 515528
	468  -  MemoryUsage of job (MB)
	479132  -  ResidentSetSize of job (KB)
...
005 (4031235.063.000) 03/12 15:23:17 Job terminated.
	(1) Normal termination (return value 0)
		Usr 0 00:05:40, Sys 0 00:00:31  -  Run Remote Usage
		Usr 0 00:00:00, Sys 0 00:00:00  -  Run Local Usage
		Usr 0 00:05:40, Sys 0 00:00:31  -  Total Remote Usage
		Usr 0 00:00:00, Sys 0 00:00:00  -  Total Local Usage
	0  -  Run Bytes Sent By Job
	0  -  Run Bytes Received By Job
	0  -  Total Bytes Sent By Job
	0  -  Total Bytes Received By Job
	Partitionable Resources :    Usage  Request Allocated
	   Cpus                 :                 1         1
	   Disk (KB)            :        1        1  22662096
	   Memory (MB)          :      468        1      4001
...
000 (4031450.063.000) 03/12 16:23:12 Job submitted from host: <192.168.1.109:9618?addrs=192.168.1.109-9618+[--1]-9618&noUDP&sock=3153_969b_4>
...
001 (4031450.063.000) 03/12 16:23:37 Job executing on host: <192.168.1.50:9618?addrs=192.168.1.50-9618+[--1]-9618&noUDP&sock=3247_5221_3>
...
006 (4031450.063.000) 03/12 16:23:45 Image size of job updated: 391136
	354  -  MemoryUsage of job (MB)
	362068  -  ResidentSetSize of job (KB)
...
006 (4031450.063.000) 03/12 16:28:45 Image size of job updated: 488616
	449  -  MemoryUsage of job (MB)
	459536  -  ResidentSetSize of job (KB)
...
005 (4031450.063.000) 03/12 16:38:28 Job terminated.
	(1) Normal termination (return value 0)
		Usr 0 00:13:09, Sys 0 00:01:19  -  Run Remote Usage
		Usr 0 00:00:00, Sys 0 00:00:00  -  Run Local Usage
		Usr 0 00:13:09, Sys 0 00:01:19  -  Total Remote Usage
		Usr 0 00:00:00, Sys 0 00:00:00  -  Total Local Usage
	0  -  Run Bytes Sent By Job
	0  -  Run Bytes Received By Job
	0  -  Total Bytes Sent By Job
	0  -  Total Bytes Received By Job
	Partitionable Resources :    Usage  Request Allocated
	   Cpus                 :                 1         1
	   Disk (KB)            :        1        1  28493273
	   Memory (MB)          :      449        1      4020
...
000 (4031461.063.000) 03/12 18:25:46 Job submitted from host: <192.168.1.109:9618?addrs=192.168.1.109-9618+[--1]-9618&noUDP&sock=3153_969b_4>
...
001 (4031461.063.000) 03/12 18:25:59 Job executing on host: <192.168.1.40:9618?addrs=192.168.1.40-9618+[--1]-9618&noUDP&sock=3366_a17e_3>
...
006 (4031461.063.000) 03/12 18:26:08 Image size of job updated: 192112
	187  -  MemoryUsage of job (MB)
	191428  -  ResidentSetSize of job (KB)
...
006 (4031461.063.000) 03/12 18:31:08 Image size of job updated: 451672
	441  -  MemoryUsage of job (MB)
	450944  -  ResidentSetSize of job (KB)
...
006 (4031461.063.000) 03/12 18:36:08 Image size of job updated: 451680
	441  -  MemoryUsage of job (MB)
	450952  -  ResidentSetSize of job (KB)
...
006 (4031461.063.000) 03/12 18:40:35 Image size of job updated: 820640
	441  -  MemoryUsage of job (MB)
	450952  -  ResidentSetSize of job (KB)
...
005 (4031461.063.000) 03/12 18:40:35 Job terminated.
	(1) Normal termination (return value 0)
		Usr 0 00:12:41, Sys 0 00:01:20  -  Run Remote Usage
		Usr 0 00:00:00, Sys 0 00:00:00  -  Run Local Usage
		Usr 0 00:12:41, Sys 0 00:01:20  -  Total Remote Usage
		Usr 0 00:00:00, Sys 0 00:00:00  -  Total Local Usage
	0  -  Run Bytes Sent By Job
	0  -  Run Bytes Received By Job
	0  -  Total Bytes Sent By Job
	0  -  Total Bytes Received By Job
	Partitionable Resources :    Usage  Request Allocated
	   Cpus                 :                 1         1
	   Disk (KB)            :        1        1  20457847
	   Memory (MB)          :      441        1      4022
...
000 (4031462.063.000) 03/12 20:10:16 Job submitted from host: <192.168.1.109:9618?addrs=192.168.1.109-9618+[--1]-9618&noUDP&sock=3153_969b_4>
...
001 (4031462.063.000) 03/12 20:10:41 Job executing on host: <192.168.1.61:9618?addrs=192.168.1.61-9618+[--1]-9618&noUDP&sock=3335_bd3f_11>
...
006 (4031462.063.000) 03/12 20:10:50 Image size of job updated: 404184
	373  -  MemoryUsage of job (MB)
	381112  -  ResidentSetSize of job (KB)
...
006 (4031462.063.000) 03/12 20:15:51 Image size of job updated: 496548
	463  -  MemoryUsage of job (MB)
	473456  -  ResidentSetSize of job (KB)
...
006 (4031462.063.000) 03/12 20:20:52 Image size of job updated: 496648
	463  -  MemoryUsage of job (MB)
	473556  -  ResidentSetSize of job (KB)
...
006 (4031462.063.000) 03/12 20:25:52 Image size of job updated: 496660
	463  -  MemoryUsage of job (MB)
	473568  -  ResidentSetSize of job (KB)
...
006 (4031462.063.000) 03/12 20:43:11 Image size of job updated: 850132
	463  -  MemoryUsage of job (MB)
	473568  -  ResidentSetSize of job (KB)
...
005 (4031462.063.000) 03/12 20:43:11 Job terminated.
	(1) Normal termination (return value 0)
		Usr 0 00:29:27, Sys 0 00:02:39  -  Run Remote Usage
		Usr 0 00:00:00, Sys 0 00:00:00  -  Run Local Usage
		Usr 0 00:29:27, Sys 0 00:02:39  -  Total Remote Usage
		Usr 0 00:00:00, Sys 0 00:00:00  -  Total Local Usage
	0  -  Run Bytes Sent By Job
	0  -  Run Bytes Received By Job
	0  -  Total Bytes Sent By Job
	0  -  Total Bytes Received By Job
	Partitionable Resources :    Usage  Request Allocated
	   Cpus                 :                 1         1
	   Disk (KB)            :        1        1  22662097
	   Memory (MB)          :      463        1      4001
...
000 (4031463.063.000) 03/12 21:35:09 Job submitted from host: <192.168.1.109:9618?addrs=192.168.1.109-9618+[--1]-9618&noUDP&sock=3153_969b_4>
...
001 (4031463.063.000) 03/12 21:35:43 Job executing on host: <192.168.1.62:9618?addrs=192.168.1.62-9618+[--1]-9618&noUDP&sock=2992_c8ab_24>
...
006 (4031463.063.000) 03/12 21:35:52 Image size of job updated: 42728
	36  -  MemoryUsage of job (MB)
	36424  -  ResidentSetSize of job (KB)
...
006 (4031463.063.000) 03/12 21:40:53 Image size of job updated: 440968
	422  -  MemoryUsage of job (MB)
	431496  -  ResidentSetSize of job (KB)
...
006 (4031463.063.000) 03/12 21:45:53 Image size of job updated: 441096
	422  -  MemoryUsage of job (MB)
	431624  -  ResidentSetSize of job (KB)
...
006 (4031463.063.000) 03/12 21:50:53 Image size of job updated: 441112
	422  -  MemoryUsage of job (MB)
	431640  -  ResidentSetSize of job (KB)
...
006 (4031463.063.000) 03/12 21:55:54 Image size of job updated: 443320
	424  -  MemoryUsage of job (MB)
	433848  -  ResidentSetSize of job (KB)
...
005 (4031463.063.000) 03/12 21:59:41 Job terminated.
	(1) Normal termination (return value 0)
		Usr 0 00:20:59, Sys 0 00:02:04  -  Run Remote Usage
		Usr 0 00:00:00, Sys 0 00:00:00  -  Run Local Usage
		Usr 0 00:20:59, Sys 0 00:02:04  -  Total Remote Usage
		Usr 0 00:00:00, Sys 0 00:00:00  -  Total Local Usage
	0  -  Run Bytes Sent By Job
	0  -  Run Bytes Received By Job
	0  -  Total Bytes Sent By Job
	0  -  Total Bytes Received By Job
	Partitionable Resources :    Usage  Request Allocated
	   Cpus                 :                 1         1
	   Disk (KB)            :        1        1  22663505
	   Memory (MB)          :      424        1      4001
...
000 (4031464.063.000) 03/12 22:37:43 Job submitted from host: <192.168.1.109:9618?addrs=192.168.1.109-9618+[--1]-9618&noUDP&sock=3153_969b_4>
...
001 (4031464.063.000) 03/12 22:37:48 Job executing on host: <192.168.1.43:9618?addrs=192.168.1.43-9618+[--1]-9618&noUDP&sock=3360_24bc_3>
...
006 (4031464.063.000) 03/12 22:37:57 Image size of job updated: 175688
	140  -  MemoryUsage of job (MB)
	142516  -  ResidentSetSize of job (KB)
...
006 (4031464.063.000) 03/12 22:42:57 Image size of job updated: 468364
	424  -  MemoryUsage of job (MB)
	433712  -  ResidentSetSize of job (KB)
...
006 (4031464.063.000) 03/12 22:47:57 Image size of job updated: 501264
	456  -  MemoryUsage of job (MB)
	466616  -  ResidentSetSize of job (KB)
...
005 (4031464.063.000) 03/12 22:48:04 Job terminated.
	(1) Normal termination (return value 0)
		Usr 0 00:09:01, Sys 0 00:00:57  -  Run Remote Usage
		Usr 0 00:00:00, Sys 0 00:00:00  -  Run Local Usage
		Usr 0 00:09:01, Sys 0 00:00:57  -  Total Remote Usage
		Usr 0 00:00:00, Sys 0 00:00:00  -  Total Local Usage
	0  -  Run Bytes Sent By Job
	0  -  Run Bytes Received By Job
	0  -  Total Bytes Sent By Job
	0  -  Total Bytes Received By Job
	Partitionable Resources :    Usage  Request Allocated
	   Cpus                 :                 1         1
	   Disk (KB)            :        1        1  20458451
	   Memory (MB)          :      456        1      4022
...
000 (4031465.063.000) 03/12 23:18:12 Job submitted from host: <192.168.1.109:9618?addrs=192.168.1.109-9618+[--1]-9618&noUDP&sock=3153_969b_4>
...
001 (4031465.063.000) 03/12 23:18:17 Job executing on host: <192.168.1.53:9618?addrs=192.168.1.53-9618+[--1]-9618&noUDP&sock=3369_5fdf_35>
...
006 (4031465.063.000) 03/12 23:18:25 Image size of job updated: 316648
	269  -  MemoryUsage of job (MB)
	275220  -  ResidentSetSize of job (KB)
...
006 (4031465.063.000) 03/12 23:23:25 Image size of job updated: 494976
	443  -  MemoryUsage of job (MB)
	453548  -  ResidentSetSize of job (KB)
...
006 (4031465.063.000) 03/12 23:28:25 Image size of job updated: 528072
	476  -  MemoryUsage of job (MB)
	486644  -  ResidentSetSize of job (KB)
...
006 (4031465.063.000) 03/12 23:53:28 Image size of job updated: 649820
	595  -  MemoryUsage of job (MB)
	608352  -  ResidentSetSize of job (KB)
...
005 (4031465.063.000) 03/12 23:54:21 Job terminated.
	(1) Normal termination (return value 0)
		Usr 0 00:32:31, Sys 0 00:03:14  -  Run Remote Usage
		Usr 0 00:00:00, Sys 0 00:00:00  -  Run Local Usage
		Usr 0 00:32:31, Sys 0 00:03:14  -  Total Remote Usage
		Usr 0 00:00:00, Sys 0 00:00:00  -  Total Local Usage
	0  -  Run Bytes Sent By Job
	0  -  Run Bytes Received By Job
	0  -  Total Bytes Sent By Job
	0  -  Total Bytes Received By Job
	Partitionable Resources :    Usage  Request Allocated
	   Cpus                 :                 1         1
	   Disk (KB)            :        1        1  22662182
	   Memory (MB)          :      595        1      4001
...
000 (4031466.063.000) 03/13 00:00:40 Job submitted from host: <192.168.1.109:9618?addrs=192.168.1.109-9618+[--1]-9618&noUDP&sock=3153_969b_4>
...
001 (4031466.063.000) 03/13 00:01:10 Job executing on host: <192.168.1.62:9618?addrs=192.168.1.62-9618+[--1]-9618&noUDP&sock=2992_c8ab_24>
...
006 (4031466.063.000) 03/13 00:01:19 Image size of job updated: 151236
	145  -  MemoryUsage of job (MB)
	147516  -  ResidentSetSize of job (KB)
...
006 (4031466.063.000) 03/13 00:06:20 Image size of job updated: 437484
	427  -  MemoryUsage of job (MB)
	437136  -  ResidentSetSize of job (KB)
...
006 (4031466.063.000) 03/13 00:11:21 Image size of job updated: 437980
	428  -  MemoryUsage of job (MB)
	437632  -  ResidentSetSize of job (KB)
...
006 (4031466.063.000) 03/13 00:21:21 Image size of job updated: 438220
	428  -  MemoryUsage of job (MB)
	437872  -  ResidentSetSize of job (KB)
...
006 (4031466.063.000) 03/13 00:26:22 Image size of job updated: 438388
	428  -  MemoryUsage of job (MB)
	437996  -  ResidentSetSize of job (KB)
...
006 (4031466.063.000) 03/13 00:31:22 Image size of job updated: 470744
	460  -  MemoryUsage of job (MB)
	470352  -  ResidentSetSize of job (KB)
...
006 (4031466.063.000) 03/13 00:32:09 Image size of job updated: 470896
	460  -  MemoryUsage of job (MB)
	470352  -  ResidentSetSize of job (KB)
...
005 (4031466.063.000) 03/13 00:32:09 Job terminated.
	(1) Normal termination (return value 0)
		Usr 0 00:25:36, Sys 0 00:02:23  -  Run Remote Usage
		Usr 0 00:00:00, Sys 0 00:00:00  -  Run Local Usage
		Usr 0 00:25:36, Sys 0 00:02:23  -  Total Remote Usage
		Usr 0 00:00:00, Sys 0 00:00:00  -  Total Local Usage
	0  -  Run Bytes Sent By Job
	0  -  Run Bytes Received By Job
	0  -  Total Bytes Sent By Job
	0  -  Total Bytes Received By Job
	Partitionable Resources :    Usage  Request Allocated
	   Cpus                 :                 1         1
	   Disk (KB)            :        1        1  22663505
	   Memory (MB)          :      460        1      4001
...
000 (4044172.063.000) 03/13 19:21:18 Job submitted from host: <192.168.1.109:9618?addrs=192.168.1.109-9618+[--1]-9618&noUDP&sock=3153_969b_4>
...
001 (4044172.063.000) 03/13 19:21:45 Job executing on host: <192.168.1.62:9618?addrs=192.168.1.62-9618+[--1]-9618&noUDP&sock=2992_c8ab_24>
...
006 (4044172.063.000) 03/13 19:21:53 Image size of job updated: 96692
	92  -  MemoryUsage of job (MB)
	94100  -  ResidentSetSize of job (KB)
...
006 (4044172.063.000) 03/13 19:26:53 Image size of job updated: 437084
	424  -  MemoryUsage of job (MB)
	434072  -  ResidentSetSize of job (KB)
...
006 (4044172.063.000) 03/13 19:41:55 Image size of job updated: 437148
	424  -  MemoryUsage of job (MB)
	434136  -  ResidentSetSize of job (KB)
...
006 (4044172.063.000) 03/13 19:46:56 Image size of job updated: 437220
	425  -  MemoryUsage of job (MB)
	434208  -  ResidentSetSize of job (KB)
...
006 (4044172.063.000) 03/13 19:51:57 Image size of job updated: 437224
	425  -  MemoryUsage of job (MB)
	434212  -  ResidentSetSize of job (KB)
...
006 (4044172.063.000) 03/13 19:56:57 Image size of job updated: 437224
	425  -  MemoryUsage of job (MB)
	434336  -  ResidentSetSize of job (KB)
...
005 (4044172.063.000) 03/13 19:57:44 Job terminated.
	(1) Normal termination (return value 0)
		Usr 0 00:30:01, Sys 0 00:02:54  -  Run Remote Usage
		Usr 0 00:00:00, Sys 0 00:00:00  -  Run Local Usage
		Usr 0 00:30:01, Sys 0 00:02:54  -  Total Remote Usage
		Usr 0 00:00:00, Sys 0 00:00:00  -  Total Local Usage
	0  -  Run Bytes Sent By Job
	0  -  Run Bytes Received By Job
	0  -  Total Bytes Sent By Job
	0  -  Total Bytes Received By Job
	Partitionable Resources :    Usage  Request Allocated
	   Cpus                 :                 1         1
	   Disk (KB)            :        1        1  22663505
	   Memory (MB)          :      425        1      4001
...
000 (4044175.063.000) 03/13 20:53:38 Job submitted from host: <192.168.1.109:9618?addrs=192.168.1.109-9618+[--1]-9618&noUDP&sock=3153_969b_4>
...
001 (4044175.063.000) 03/13 20:53:57 Job executing on host: <192.168.1.51:9618?addrs=192.168.1.51-9618+[--1]-9618&noUDP&sock=3125_b25b_3>
...
006 (4044175.063.000) 03/13 20:54:05 Image size of job updated: 102536
	89  -  MemoryUsage of job (MB)
	90588  -  ResidentSetSize of job (KB)
...
006 (4044175.063.000) 03/13 20:59:05 Image size of job updated: 468176
	443  -  MemoryUsage of job (MB)
	452688  -  ResidentSetSize of job (KB)
...
006 (4044175.063.000) 03/13 21:04:06 Image size of job updated: 500892
	475  -  MemoryUsage of job (MB)
	485404  -  ResidentSetSize of job (KB)
...
006 (4044175.063.000) 03/13 21:10:27 Image size of job updated: 605848
	475  -  MemoryUsage of job (MB)
	485404  -  ResidentSetSize of job (KB)
...
005 (4044175.063.000) 03/13 21:10:27 Job terminated.
	(1) Normal termination (return value 0)
		Usr 0 00:14:35, Sys 0 00:01:29  -  Run Remote Usage
		Usr 0 00:00:00, Sys 0 00:00:00  -  Run Local Usage
		Usr 0 00:14:35, Sys 0 00:01:29  -  Total Remote Usage
		Usr 0 00:00:00, Sys 0 00:00:00  -  Total Local Usage
	0  -  Run Bytes Sent By Job
	0  -  Run Bytes Received By Job
	0  -  Total Bytes Sent By Job
	0  -  Total Bytes Received By Job
	Partitionable Resources :    Usage  Request Allocated
	   Cpus                 :                 1         1
	   Disk (KB)            :        1        1  28494197
	   Memory (MB)          :      475        1      4020
...
000 (4045912.063.000) 03/14 19:19:22 Job submitted from host: <192.168.1.109:9618?addrs=192.168.1.109-9618+[--1]-9618&noUDP&sock=3153_969b_4>
...
000 (4046521.063.000) 03/15 13:40:08 Job submitted from host: <192.168.1.109:9618?addrs=192.168.1.109-9618+[--1]-9618&noUDP&sock=3153_969b_4>
...
009 (4046521.063.000) 03/15 13:56:54 Job was aborted by the user.
	via condor_rm (by user routray)
...
001 (4045912.063.000) 03/15 13:57:03 Job executing on host: <192.168.1.63:9618?addrs=192.168.1.63-9618+[--1]-9618&noUDP&sock=3501_ea5f_33>
...
006 (4045912.063.000) 03/15 13:57:08 Image size of job updated: 329700
	320  -  MemoryUsage of job (MB)
	327204  -  ResidentSetSize of job (KB)
...
004 (4045912.063.000) 03/15 13:57:08 Job was evicted.
	(0) Job was not checkpointed.
		Usr 0 00:00:03, Sys 0 00:00:00  -  Run Remote Usage
		Usr 0 00:00:00, Sys 0 00:00:00  -  Run Local Usage
	0  -  Run Bytes Sent By Job
	0  -  Run Bytes Received By Job
	Partitionable Resources :    Usage  Request Allocated
	   Cpus                 :                 1         1
	   Disk (KB)            :        1        1  22685399
	   Memory (MB)          :      320        1      4015
...
009 (4045912.063.000) 03/15 13:57:10 Job was aborted by the user.
	via condor_rm (by user routray)
...
000 (4046522.063.000) 03/15 14:02:15 Job submitted from host: <192.168.1.109:9618?addrs=192.168.1.109-9618+[--1]-9618&noUDP&sock=3153_969b_4>
...
001 (4046522.063.000) 03/15 14:41:59 Job executing on host: <192.168.1.44:9618?addrs=192.168.1.44-9618+[--1]-9618&noUDP&sock=3035_ca7b_3>
...
006 (4046522.063.000) 03/15 14:42:08 Image size of job updated: 229484
	161  -  MemoryUsage of job (MB)
	164620  -  ResidentSetSize of job (KB)
...
006 (4046522.063.000) 03/15 14:47:09 Image size of job updated: 326968
	319  -  MemoryUsage of job (MB)
	325752  -  ResidentSetSize of job (KB)
...
006 (4046522.063.000) 03/15 14:52:09 Image size of job updated: 326968
	319  -  MemoryUsage of job (MB)
	326464  -  ResidentSetSize of job (KB)
...
006 (4046522.063.000) 03/15 14:57:10 Image size of job updated: 326968
	319  -  MemoryUsage of job (MB)
	326480  -  ResidentSetSize of job (KB)
...
005 (4046522.063.000) 03/15 14:57:40 Job terminated.
	(1) Normal termination (return value 0)
		Usr 0 00:13:45, Sys 0 00:01:37  -  Run Remote Usage
		Usr 0 00:00:00, Sys 0 00:00:00  -  Run Local Usage
		Usr 0 00:13:45, Sys 0 00:01:37  -  Total Remote Usage
		Usr 0 00:00:00, Sys 0 00:00:00  -  Total Local Usage
	0  -  Run Bytes Sent By Job
	0  -  Run Bytes Received By Job
	0  -  Total Bytes Sent By Job
	0  -  Total Bytes Received By Job
	Partitionable Resources :    Usage  Request Allocated
	   Cpus                 :                 1         1
	   Disk (KB)            :        1        1  20458817
	   Memory (MB)          :      319        1      4022
...
000 (4046529.063.000) 03/15 16:30:18 Job submitted from host: <192.168.1.109:9618?addrs=192.168.1.109-9618+[--1]-9618&noUDP&sock=3153_969b_4>
...
001 (4046529.063.000) 03/15 16:30:40 Job executing on host: <192.168.1.44:9618?addrs=192.168.1.44-9618+[--1]-9618&noUDP&sock=3035_ca7b_3>
...
006 (4046529.063.000) 03/15 16:30:48 Image size of job updated: 238408
	217  -  MemoryUsage of job (MB)
	221996  -  ResidentSetSize of job (KB)
...
006 (4046529.063.000) 03/15 16:35:48 Image size of job updated: 467352
	440  -  MemoryUsage of job (MB)
	450516  -  ResidentSetSize of job (KB)
...
006 (4046529.063.000) 03/15 16:40:49 Image size of job updated: 467356
	440  -  MemoryUsage of job (MB)
	450520  -  ResidentSetSize of job (KB)
...
005 (4046529.063.000) 03/15 16:44:40 Job terminated.
	(1) Normal termination (return value 0)
		Usr 0 00:12:07, Sys 0 00:01:30  -  Run Remote Usage
		Usr 0 00:00:00, Sys 0 00:00:00  -  Run Local Usage
		Usr 0 00:12:07, Sys 0 00:01:30  -  Total Remote Usage
		Usr 0 00:00:00, Sys 0 00:00:00  -  Total Local Usage
	0  -  Run Bytes Sent By Job
	0  -  Run Bytes Received By Job
	0  -  Total Bytes Sent By Job
	0  -  Total Bytes Received By Job
	Partitionable Resources :    Usage  Request Allocated
	   Cpus                 :                 1         1
	   Disk (KB)            :        1        1  20458817
	   Memory (MB)          :      440        1      4022
...
000 (4046534.063.000) 03/15 17:39:02 Job submitted from host: <192.168.1.109:9618?addrs=192.168.1.109-9618+[--1]-9618&noUDP&sock=3153_969b_4>
...
001 (4046534.063.000) 03/15 17:39:16 Job executing on host: <192.168.1.43:9618?addrs=192.168.1.43-9618+[--1]-9618&noUDP&sock=3360_24bc_3>
...
006 (4046534.063.000) 03/15 17:39:25 Image size of job updated: 364016
	337  -  MemoryUsage of job (MB)
	344848  -  ResidentSetSize of job (KB)
...
006 (4046534.063.000) 03/15 17:44:26 Image size of job updated: 451052
	422  -  MemoryUsage of job (MB)
	431860  -  ResidentSetSize of job (KB)
...
006 (4046534.063.000) 03/15 17:49:26 Image size of job updated: 451068
	422  -  MemoryUsage of job (MB)
	431876  -  ResidentSetSize of job (KB)
...
005 (4046534.063.000) 03/15 17:51:22 Job terminated.
	(1) Normal termination (return value 0)
		Usr 0 00:10:33, Sys 0 00:01:14  -  Run Remote Usage
		Usr 0 00:00:00, Sys 0 00:00:00  -  Run Local Usage
		Usr 0 00:10:33, Sys 0 00:01:14  -  Total Remote Usage
		Usr 0 00:00:00, Sys 0 00:00:00  -  Total Local Usage
	0  -  Run Bytes Sent By Job
	0  -  Run Bytes Received By Job
	0  -  Total Bytes Sent By Job
	0  -  Total Bytes Received By Job
	Partitionable Resources :    Usage  Request Allocated
	   Cpus                 :                 1         1
	   Disk (KB)            :        1        1  20458451
	   Memory (MB)          :      422        1      4022
...
000 (4046570.063.000) 03/15 18:56:23 Job submitted from host: <192.168.1.109:9618?addrs=192.168.1.109-9618+[--1]-9618&noUDP&sock=3153_969b_4>
...
001 (4046570.063.000) 03/15 18:56:38 Job executing on host: <192.168.1.42:9618?addrs=192.168.1.42-9618+[--1]-9618&noUDP&sock=3360_3385_3>
...
006 (4046570.063.000) 03/15 18:56:47 Image size of job updated: 158540
	155  -  MemoryUsage of job (MB)
	158364  -  ResidentSetSize of job (KB)
...
006 (4046570.063.000) 03/15 19:01:48 Image size of job updated: 432948
	423  -  MemoryUsage of job (MB)
	432772  -  ResidentSetSize of job (KB)
...
006 (4046570.063.000) 03/15 19:06:48 Image size of job updated: 432960
	423  -  MemoryUsage of job (MB)
	432784  -  ResidentSetSize of job (KB)
...
006 (4046570.063.000) 03/15 19:11:48 Image size of job updated: 432976
	423  -  MemoryUsage of job (MB)
	432800  -  ResidentSetSize of job (KB)
...
005 (4046570.063.000) 03/15 19:17:17 Job terminated.
	(1) Normal termination (return value 0)
		Usr 0 00:17:28, Sys 0 00:01:49  -  Run Remote Usage
		Usr 0 00:00:00, Sys 0 00:00:00  -  Run Local Usage
		Usr 0 00:17:28, Sys 0 00:01:49  -  Total Remote Usage
		Usr 0 00:00:00, Sys 0 00:00:00  -  Total Local Usage
	0  -  Run Bytes Sent By Job
	0  -  Run Bytes Received By Job
	0  -  Total Bytes Sent By Job
	0  -  Total Bytes Received By Job
	Partitionable Resources :    Usage  Request Allocated
	   Cpus                 :                 1         1
	   Disk (KB)            :        1        1  20458262
	   Memory (MB)          :      423        1      4022
...
