000 (4031466.407.000) 03/13 00:00:44 Job submitted from host: <192.168.1.109:9618?addrs=192.168.1.109-9618+[--1]-9618&noUDP&sock=3153_969b_4>
...
001 (4031466.407.000) 03/13 00:01:26 Job executing on host: <192.168.1.50:9618?addrs=192.168.1.50-9618+[--1]-9618&noUDP&sock=3247_5221_3>
...
006 (4031466.407.000) 03/13 00:01:35 Image size of job updated: 130120
	110  -  MemoryUsage of job (MB)
	112188  -  ResidentSetSize of job (KB)
...
006 (4031466.407.000) 03/13 00:06:35 Image size of job updated: 344448
	337  -  MemoryUsage of job (MB)
	344448  -  ResidentSetSize of job (KB)
...
006 (4031466.407.000) 03/13 00:11:35 Image size of job updated: 424816
	415  -  MemoryUsage of job (MB)
	424816  -  ResidentSetSize of job (KB)
...
006 (4031466.407.000) 03/13 00:16:36 Image size of job updated: 425244
	416  -  MemoryUsage of job (MB)
	425244  -  ResidentSetSize of job (KB)
...
006 (4031466.407.000) 03/13 00:21:37 Image size of job updated: 425248
	416  -  MemoryUsage of job (MB)
	425248  -  ResidentSetSize of job (KB)
...
006 (4031466.407.000) 03/13 00:26:37 Image size of job updated: 425268
	416  -  MemoryUsage of job (MB)
	425268  -  ResidentSetSize of job (KB)
...
006 (4031466.407.000) 03/13 00:31:38 Image size of job updated: 425380
	416  -  MemoryUsage of job (MB)
	425380  -  ResidentSetSize of job (KB)
...
005 (4031466.407.000) 03/13 00:46:22 Job terminated.
	(1) Normal termination (return value 0)
		Usr 0 00:15:44, Sys 0 00:01:29  -  Run Remote Usage
		Usr 0 00:00:00, Sys 0 00:00:00  -  Run Local Usage
		Usr 0 00:15:44, Sys 0 00:01:29  -  Total Remote Usage
		Usr 0 00:00:00, Sys 0 00:00:00  -  Total Local Usage
	0  -  Run Bytes Sent By Job
	0  -  Run Bytes Received By Job
	0  -  Total Bytes Sent By Job
	0  -  Total Bytes Received By Job
	Partitionable Resources :    Usage  Request Allocated
	   Cpus                 :                 1         1
	   Disk (KB)            :        1        1  28493273
	   Memory (MB)          :      416        1      4020
...
000 (4044172.407.000) 03/13 19:21:22 Job submitted from host: <192.168.1.109:9618?addrs=192.168.1.109-9618+[--1]-9618&noUDP&sock=3153_969b_4>
...
001 (4044172.407.000) 03/13 19:22:01 Job executing on host: <192.168.1.47:9618?addrs=192.168.1.47-9618+[--1]-9618&noUDP&sock=3245_a288_3>
...
006 (4044172.407.000) 03/13 19:22:09 Image size of job updated: 146676
	144  -  MemoryUsage of job (MB)
	146676  -  ResidentSetSize of job (KB)
...
006 (4044172.407.000) 03/13 19:27:09 Image size of job updated: 388824
	379  -  MemoryUsage of job (MB)
	387944  -  ResidentSetSize of job (KB)
...
006 (4044172.407.000) 03/13 19:32:10 Image size of job updated: 423712
	413  -  MemoryUsage of job (MB)
	422832  -  ResidentSetSize of job (KB)
...
006 (4044172.407.000) 03/13 19:37:10 Image size of job updated: 424092
	414  -  MemoryUsage of job (MB)
	423212  -  ResidentSetSize of job (KB)
...
006 (4044172.407.000) 03/13 19:42:10 Image size of job updated: 424156
	414  -  MemoryUsage of job (MB)
	423276  -  ResidentSetSize of job (KB)
...
006 (4044172.407.000) 03/13 19:47:11 Image size of job updated: 424308
	414  -  MemoryUsage of job (MB)
	423428  -  ResidentSetSize of job (KB)
...
006 (4044172.407.000) 03/13 19:52:12 Image size of job updated: 424312
	414  -  MemoryUsage of job (MB)
	423432  -  ResidentSetSize of job (KB)
...
005 (4044172.407.000) 03/13 20:03:12 Job terminated.
	(1) Normal termination (return value 0)
		Usr 0 00:20:21, Sys 0 00:01:55  -  Run Remote Usage
		Usr 0 00:00:00, Sys 0 00:00:00  -  Run Local Usage
		Usr 0 00:20:21, Sys 0 00:01:55  -  Total Remote Usage
		Usr 0 00:00:00, Sys 0 00:00:00  -  Total Local Usage
	0  -  Run Bytes Sent By Job
	0  -  Run Bytes Received By Job
	0  -  Total Bytes Sent By Job
	0  -  Total Bytes Received By Job
	Partitionable Resources :    Usage  Request Allocated
	   Cpus                 :                 1         1
	   Disk (KB)            :        1        1  28493856
	   Memory (MB)          :      414        1      4020
...
000 (4046522.407.000) 03/15 14:02:20 Job submitted from host: <192.168.1.109:9618?addrs=192.168.1.109-9618+[--1]-9618&noUDP&sock=3153_969b_4>
...
001 (4046522.407.000) 03/15 15:27:08 Job executing on host: <192.168.1.44:9618?addrs=192.168.1.44-9618+[--1]-9618&noUDP&sock=3035_ca7b_3>
...
006 (4046522.407.000) 03/15 15:27:16 Image size of job updated: 177908
	161  -  MemoryUsage of job (MB)
	164204  -  ResidentSetSize of job (KB)
...
006 (4046522.407.000) 03/15 15:32:16 Image size of job updated: 324428
	317  -  MemoryUsage of job (MB)
	324132  -  ResidentSetSize of job (KB)
...
006 (4046522.407.000) 03/15 15:37:16 Image size of job updated: 324428
	317  -  MemoryUsage of job (MB)
	324184  -  ResidentSetSize of job (KB)
...
006 (4046522.407.000) 03/15 15:42:17 Image size of job updated: 324772
	317  -  MemoryUsage of job (MB)
	324596  -  ResidentSetSize of job (KB)
...
006 (4046522.407.000) 03/15 15:47:17 Image size of job updated: 324980
	317  -  MemoryUsage of job (MB)
	324596  -  ResidentSetSize of job (KB)
...
005 (4046522.407.000) 03/15 15:49:16 Job terminated.
	(1) Normal termination (return value 0)
		Usr 0 00:18:15, Sys 0 00:02:00  -  Run Remote Usage
		Usr 0 00:00:00, Sys 0 00:00:00  -  Run Local Usage
		Usr 0 00:18:15, Sys 0 00:02:00  -  Total Remote Usage
		Usr 0 00:00:00, Sys 0 00:00:00  -  Total Local Usage
	0  -  Run Bytes Sent By Job
	0  -  Run Bytes Received By Job
	0  -  Total Bytes Sent By Job
	0  -  Total Bytes Received By Job
	Partitionable Resources :    Usage  Request Allocated
	   Cpus                 :                 1         1
	   Disk (KB)            :        1        1  20458817
	   Memory (MB)          :      317        1      4022
...
