000 (4031466.333.000) 03/13 00:00:43 Job submitted from host: <192.168.1.109:9618?addrs=192.168.1.109-9618+[--1]-9618&noUDP&sock=3153_969b_4>
...
001 (4031466.333.000) 03/13 00:01:24 Job executing on host: <192.168.1.40:9618?addrs=192.168.1.40-9618+[--1]-9618&noUDP&sock=3366_a17e_3>
...
006 (4031466.333.000) 03/13 00:01:33 Image size of job updated: 148748
	144  -  MemoryUsage of job (MB)
	146904  -  ResidentSetSize of job (KB)
...
006 (4031466.333.000) 03/13 00:06:34 Image size of job updated: 272636
	267  -  MemoryUsage of job (MB)
	272636  -  ResidentSetSize of job (KB)
...
006 (4031466.333.000) 03/13 00:11:34 Image size of job updated: 379136
	371  -  MemoryUsage of job (MB)
	379136  -  ResidentSetSize of job (KB)
...
006 (4031466.333.000) 03/13 00:16:34 Image size of job updated: 379884
	371  -  MemoryUsage of job (MB)
	379884  -  ResidentSetSize of job (KB)
...
006 (4031466.333.000) 03/13 00:26:36 Image size of job updated: 379912
	372  -  MemoryUsage of job (MB)
	379912  -  ResidentSetSize of job (KB)
...
006 (4031466.333.000) 03/13 00:31:36 Image size of job updated: 379960
	372  -  MemoryUsage of job (MB)
	379960  -  ResidentSetSize of job (KB)
...
006 (4031466.333.000) 03/13 00:36:37 Image size of job updated: 380052
	372  -  MemoryUsage of job (MB)
	380052  -  ResidentSetSize of job (KB)
...
006 (4031466.333.000) 03/13 00:41:38 Image size of job updated: 380056
	372  -  MemoryUsage of job (MB)
	380056  -  ResidentSetSize of job (KB)
...
006 (4031466.333.000) 03/13 00:49:53 Image size of job updated: 380068
	372  -  MemoryUsage of job (MB)
	380056  -  ResidentSetSize of job (KB)
...
005 (4031466.333.000) 03/13 00:49:53 Job terminated.
	(1) Normal termination (return value 0)
		Usr 0 00:11:27, Sys 0 00:01:13  -  Run Remote Usage
		Usr 0 00:00:00, Sys 0 00:00:00  -  Run Local Usage
		Usr 0 00:11:27, Sys 0 00:01:13  -  Total Remote Usage
		Usr 0 00:00:00, Sys 0 00:00:00  -  Total Local Usage
	0  -  Run Bytes Sent By Job
	0  -  Run Bytes Received By Job
	0  -  Total Bytes Sent By Job
	0  -  Total Bytes Received By Job
	Partitionable Resources :    Usage  Request Allocated
	   Cpus                 :                 1         1
	   Disk (KB)            :        1        1  20457847
	   Memory (MB)          :      372        1      4022
...
000 (4044172.333.000) 03/13 19:21:21 Job submitted from host: <192.168.1.109:9618?addrs=192.168.1.109-9618+[--1]-9618&noUDP&sock=3153_969b_4>
...
001 (4044172.333.000) 03/13 19:22:01 Job executing on host: <192.168.1.43:9618?addrs=192.168.1.43-9618+[--1]-9618&noUDP&sock=3360_24bc_3>
...
006 (4044172.333.000) 03/13 19:22:11 Image size of job updated: 9904
	10  -  MemoryUsage of job (MB)
	9808  -  ResidentSetSize of job (KB)
...
006 (4044172.333.000) 03/13 19:27:12 Image size of job updated: 327508
	320  -  MemoryUsage of job (MB)
	327308  -  ResidentSetSize of job (KB)
...
006 (4044172.333.000) 03/13 19:32:13 Image size of job updated: 412944
	404  -  MemoryUsage of job (MB)
	412744  -  ResidentSetSize of job (KB)
...
005 (4044172.333.000) 03/13 20:08:56 Job terminated.
	(1) Normal termination (return value 0)
		Usr 0 00:12:47, Sys 0 00:01:30  -  Run Remote Usage
		Usr 0 00:00:00, Sys 0 00:00:00  -  Run Local Usage
		Usr 0 00:12:47, Sys 0 00:01:30  -  Total Remote Usage
		Usr 0 00:00:00, Sys 0 00:00:00  -  Total Local Usage
	0  -  Run Bytes Sent By Job
	0  -  Run Bytes Received By Job
	0  -  Total Bytes Sent By Job
	0  -  Total Bytes Received By Job
	Partitionable Resources :    Usage  Request Allocated
	   Cpus                 :                 1         1
	   Disk (KB)            :        1        1  20458450
	   Memory (MB)          :      404        1      4022
...
000 (4046522.333.000) 03/15 14:02:19 Job submitted from host: <192.168.1.109:9618?addrs=192.168.1.109-9618+[--1]-9618&noUDP&sock=3153_969b_4>
...
001 (4046522.333.000) 03/15 15:19:36 Job executing on host: <192.168.1.45:9618?addrs=192.168.1.45-9618+[--1]-9618&noUDP&sock=3341_bd3f_3>
...
006 (4046522.333.000) 03/15 15:19:45 Image size of job updated: 404168
	318  -  MemoryUsage of job (MB)
	325092  -  ResidentSetSize of job (KB)
...
006 (4046522.333.000) 03/15 15:24:46 Image size of job updated: 411564
	402  -  MemoryUsage of job (MB)
	411180  -  ResidentSetSize of job (KB)
...
006 (4046522.333.000) 03/15 15:29:46 Image size of job updated: 411576
	402  -  MemoryUsage of job (MB)
	411296  -  ResidentSetSize of job (KB)
...
006 (4046522.333.000) 03/15 15:34:47 Image size of job updated: 411576
	402  -  MemoryUsage of job (MB)
	411300  -  ResidentSetSize of job (KB)
...
006 (4046522.333.000) 03/15 15:40:41 Image size of job updated: 772656
	402  -  MemoryUsage of job (MB)
	411300  -  ResidentSetSize of job (KB)
...
005 (4046522.333.000) 03/15 15:40:41 Job terminated.
	(1) Normal termination (return value 0)
		Usr 0 00:17:58, Sys 0 00:01:49  -  Run Remote Usage
		Usr 0 00:00:00, Sys 0 00:00:00  -  Run Local Usage
		Usr 0 00:17:58, Sys 0 00:01:49  -  Total Remote Usage
		Usr 0 00:00:00, Sys 0 00:00:00  -  Total Local Usage
	0  -  Run Bytes Sent By Job
	0  -  Run Bytes Received By Job
	0  -  Total Bytes Sent By Job
	0  -  Total Bytes Received By Job
	Partitionable Resources :    Usage  Request Allocated
	   Cpus                 :                 1         1
	   Disk (KB)            :        1        1  20460088
	   Memory (MB)          :      402        1      4022
...
