000 (4031233.130.000) 03/12 14:28:35 Job submitted from host: <192.168.1.109:9618?addrs=192.168.1.109-9618+[--1]-9618&noUDP&sock=3153_969b_4>
...
001 (4031233.130.000) 03/12 14:28:51 Job executing on host: <192.168.1.66:9618?addrs=192.168.1.66-9618+[--1]-9618&noUDP&sock=3560_0345_33>
...
006 (4031233.130.000) 03/12 14:29:00 Image size of job updated: 10628
	10  -  MemoryUsage of job (MB)
	9304  -  ResidentSetSize of job (KB)
...
006 (4031233.130.000) 03/12 14:34:01 Image size of job updated: 476760
	454  -  MemoryUsage of job (MB)
	464800  -  ResidentSetSize of job (KB)
...
006 (4031233.130.000) 03/12 14:39:01 Image size of job updated: 476896
	455  -  MemoryUsage of job (MB)
	464936  -  ResidentSetSize of job (KB)
...
006 (4031233.130.000) 03/12 14:44:01 Image size of job updated: 476916
	455  -  MemoryUsage of job (MB)
	464956  -  ResidentSetSize of job (KB)
...
006 (4031233.130.000) 03/12 14:54:07 Image size of job updated: 833456
	455  -  MemoryUsage of job (MB)
	464956  -  ResidentSetSize of job (KB)
...
004 (4031233.130.000) 03/12 14:54:07 Job was evicted.
	(0) Job was not checkpointed.
		Usr 0 00:22:37, Sys 0 00:02:02  -  Run Remote Usage
		Usr 0 00:00:00, Sys 0 00:00:00  -  Run Local Usage
	0  -  Run Bytes Sent By Job
	0  -  Run Bytes Received By Job
	Partitionable Resources :    Usage  Request Allocated
	   Cpus                 :                 1         1
	   Disk (KB)            :        1        1  22684277
	   Memory (MB)          :      455        1      4015
...
009 (4031233.130.000) 03/12 14:54:09 Job was aborted by the user.
	via condor_rm (by user routray)
...
000 (4031234.130.000) 03/12 15:03:15 Job submitted from host: <192.168.1.109:9618?addrs=192.168.1.109-9618+[--1]-9618&noUDP&sock=3153_969b_4>
...
001 (4031234.130.000) 03/12 15:03:42 Job executing on host: <192.168.1.58:9618?addrs=192.168.1.58-9618+[--1]-9618&noUDP&sock=3319_c3bb_12>
...
006 (4031234.130.000) 03/12 15:03:51 Image size of job updated: 128900
	110  -  MemoryUsage of job (MB)
	112440  -  ResidentSetSize of job (KB)
...
006 (4031234.130.000) 03/12 15:08:52 Image size of job updated: 471948
	461  -  MemoryUsage of job (MB)
	471104  -  ResidentSetSize of job (KB)
...
004 (4031234.130.000) 03/12 15:12:47 Job was evicted.
	(0) Job was not checkpointed.
		Usr 0 00:08:00, Sys 0 00:00:46  -  Run Remote Usage
		Usr 0 00:00:00, Sys 0 00:00:00  -  Run Local Usage
	0  -  Run Bytes Sent By Job
	0  -  Run Bytes Received By Job
	Partitionable Resources :    Usage  Request Allocated
	   Cpus                 :                 1         1
	   Disk (KB)            :        1        1  22659268
	   Memory (MB)          :      461        1      4001
...
009 (4031234.130.000) 03/12 15:12:50 Job was aborted by the user.
	via condor_rm (by user routray)
...
000 (4031235.130.000) 03/12 15:16:44 Job submitted from host: <192.168.1.109:9618?addrs=192.168.1.109-9618+[--1]-9618&noUDP&sock=3153_969b_4>
...
001 (4031235.130.000) 03/12 15:17:03 Job executing on host: <192.168.1.58:9618?addrs=192.168.1.58-9618+[--1]-9618&noUDP&sock=3319_c3bb_12>
...
006 (4031235.130.000) 03/12 15:17:12 Image size of job updated: 400140
	368  -  MemoryUsage of job (MB)
	376372  -  ResidentSetSize of job (KB)
...
006 (4031235.130.000) 03/12 15:22:13 Image size of job updated: 490616
	456  -  MemoryUsage of job (MB)
	466828  -  ResidentSetSize of job (KB)
...
006 (4031235.130.000) 03/12 15:27:14 Image size of job updated: 490708
	456  -  MemoryUsage of job (MB)
	466920  -  ResidentSetSize of job (KB)
...
006 (4031235.130.000) 03/12 15:32:14 Image size of job updated: 522352
	487  -  MemoryUsage of job (MB)
	498564  -  ResidentSetSize of job (KB)
...
005 (4031235.130.000) 03/12 15:49:42 Job terminated.
	(1) Normal termination (return value 0)
		Usr 0 00:29:39, Sys 0 00:02:40  -  Run Remote Usage
		Usr 0 00:00:00, Sys 0 00:00:00  -  Run Local Usage
		Usr 0 00:29:39, Sys 0 00:02:40  -  Total Remote Usage
		Usr 0 00:00:00, Sys 0 00:00:00  -  Total Local Usage
	0  -  Run Bytes Sent By Job
	0  -  Run Bytes Received By Job
	0  -  Total Bytes Sent By Job
	0  -  Total Bytes Received By Job
	Partitionable Resources :    Usage  Request Allocated
	   Cpus                 :                 1         1
	   Disk (KB)            :        1        1  22659268
	   Memory (MB)          :      487        1      4001
...
000 (4031461.130.000) 03/12 18:25:46 Job submitted from host: <192.168.1.109:9618?addrs=192.168.1.109-9618+[--1]-9618&noUDP&sock=3153_969b_4>
...
001 (4031461.130.000) 03/12 18:26:03 Job executing on host: <192.168.1.50:9618?addrs=192.168.1.50-9618+[--1]-9618&noUDP&sock=3247_5221_3>
...
006 (4031461.130.000) 03/12 18:26:11 Image size of job updated: 285608
	274  -  MemoryUsage of job (MB)
	279684  -  ResidentSetSize of job (KB)
...
006 (4031461.130.000) 03/12 18:31:11 Image size of job updated: 452924
	437  -  MemoryUsage of job (MB)
	447000  -  ResidentSetSize of job (KB)
...
006 (4031461.130.000) 03/12 18:36:11 Image size of job updated: 452928
	437  -  MemoryUsage of job (MB)
	447004  -  ResidentSetSize of job (KB)
...
005 (4031461.130.000) 03/12 18:39:51 Job terminated.
	(1) Normal termination (return value 0)
		Usr 0 00:12:05, Sys 0 00:01:13  -  Run Remote Usage
		Usr 0 00:00:00, Sys 0 00:00:00  -  Run Local Usage
		Usr 0 00:12:05, Sys 0 00:01:13  -  Total Remote Usage
		Usr 0 00:00:00, Sys 0 00:00:00  -  Total Local Usage
	0  -  Run Bytes Sent By Job
	0  -  Run Bytes Received By Job
	0  -  Total Bytes Sent By Job
	0  -  Total Bytes Received By Job
	Partitionable Resources :    Usage  Request Allocated
	   Cpus                 :                 1         1
	   Disk (KB)            :        1        1  28493273
	   Memory (MB)          :      437        1      4020
...
000 (4031462.130.000) 03/12 20:10:16 Job submitted from host: <192.168.1.109:9618?addrs=192.168.1.109-9618+[--1]-9618&noUDP&sock=3153_969b_4>
...
001 (4031462.130.000) 03/12 20:10:44 Job executing on host: <192.168.1.50:9618?addrs=192.168.1.50-9618+[--1]-9618&noUDP&sock=3247_5221_3>
...
006 (4031462.130.000) 03/12 20:10:53 Image size of job updated: 195232
	188  -  MemoryUsage of job (MB)
	191644  -  ResidentSetSize of job (KB)
...
006 (4031462.130.000) 03/12 20:15:54 Image size of job updated: 491904
	477  -  MemoryUsage of job (MB)
	488220  -  ResidentSetSize of job (KB)
...
006 (4031462.130.000) 03/12 20:20:55 Image size of job updated: 491932
	477  -  MemoryUsage of job (MB)
	488248  -  ResidentSetSize of job (KB)
...
005 (4031462.130.000) 03/12 20:23:20 Job terminated.
	(1) Normal termination (return value 0)
		Usr 0 00:10:51, Sys 0 00:01:03  -  Run Remote Usage
		Usr 0 00:00:00, Sys 0 00:00:00  -  Run Local Usage
		Usr 0 00:10:51, Sys 0 00:01:03  -  Total Remote Usage
		Usr 0 00:00:00, Sys 0 00:00:00  -  Total Local Usage
	0  -  Run Bytes Sent By Job
	0  -  Run Bytes Received By Job
	0  -  Total Bytes Sent By Job
	0  -  Total Bytes Received By Job
	Partitionable Resources :    Usage  Request Allocated
	   Cpus                 :                 1         1
	   Disk (KB)            :        1        1  28493273
	   Memory (MB)          :      477        1      4020
...
000 (4031463.130.000) 03/12 21:35:12 Job submitted from host: <192.168.1.109:9618?addrs=192.168.1.109-9618+[--1]-9618&noUDP&sock=3153_969b_4>
...
001 (4031463.130.000) 03/12 21:35:46 Job executing on host: <192.168.1.64:9618?addrs=192.168.1.64-9618+[--1]-9618&noUDP&sock=3497_7c66_22>
...
006 (4031463.130.000) 03/12 21:35:54 Image size of job updated: 45496
	36  -  MemoryUsage of job (MB)
	36144  -  ResidentSetSize of job (KB)
...
006 (4031463.130.000) 03/12 21:40:54 Image size of job updated: 439492
	418  -  MemoryUsage of job (MB)
	427420  -  ResidentSetSize of job (KB)
...
006 (4031463.130.000) 03/12 21:45:54 Image size of job updated: 439760
	418  -  MemoryUsage of job (MB)
	427688  -  ResidentSetSize of job (KB)
...
006 (4031463.130.000) 03/12 21:50:55 Image size of job updated: 477512
	455  -  MemoryUsage of job (MB)
	465440  -  ResidentSetSize of job (KB)
...
005 (4031463.130.000) 03/12 21:55:36 Job terminated.
	(1) Normal termination (return value 0)
		Usr 0 00:17:18, Sys 0 00:01:37  -  Run Remote Usage
		Usr 0 00:00:00, Sys 0 00:00:00  -  Run Local Usage
		Usr 0 00:17:18, Sys 0 00:01:37  -  Total Remote Usage
		Usr 0 00:00:00, Sys 0 00:00:00  -  Total Local Usage
	0  -  Run Bytes Sent By Job
	0  -  Run Bytes Received By Job
	0  -  Total Bytes Sent By Job
	0  -  Total Bytes Received By Job
	Partitionable Resources :    Usage  Request Allocated
	   Cpus                 :                 1         1
	   Disk (KB)            :        1        1  22685211
	   Memory (MB)          :      455        1      4015
...
000 (4031466.130.000) 03/13 00:00:40 Job submitted from host: <192.168.1.109:9618?addrs=192.168.1.109-9618+[--1]-9618&noUDP&sock=3153_969b_4>
...
001 (4031466.130.000) 03/13 00:01:13 Job executing on host: <192.168.1.64:9618?addrs=192.168.1.64-9618+[--1]-9618&noUDP&sock=3497_7c66_22>
...
006 (4031466.130.000) 03/13 00:01:22 Image size of job updated: 184096
	179  -  MemoryUsage of job (MB)
	183068  -  ResidentSetSize of job (KB)
...
006 (4031466.130.000) 03/13 00:06:23 Image size of job updated: 416952
	408  -  MemoryUsage of job (MB)
	416952  -  ResidentSetSize of job (KB)
...
006 (4031466.130.000) 03/13 00:11:24 Image size of job updated: 455216
	445  -  MemoryUsage of job (MB)
	455216  -  ResidentSetSize of job (KB)
...
006 (4031466.130.000) 03/13 00:16:24 Image size of job updated: 455252
	445  -  MemoryUsage of job (MB)
	455252  -  ResidentSetSize of job (KB)
...
006 (4031466.130.000) 03/13 00:31:26 Image size of job updated: 455256
	445  -  MemoryUsage of job (MB)
	455256  -  ResidentSetSize of job (KB)
...
005 (4031466.130.000) 03/13 00:51:12 Job terminated.
	(1) Normal termination (return value 0)
		Usr 0 00:43:29, Sys 0 00:03:29  -  Run Remote Usage
		Usr 0 00:00:00, Sys 0 00:00:00  -  Run Local Usage
		Usr 0 00:43:29, Sys 0 00:03:29  -  Total Remote Usage
		Usr 0 00:00:00, Sys 0 00:00:00  -  Total Local Usage
	0  -  Run Bytes Sent By Job
	0  -  Run Bytes Received By Job
	0  -  Total Bytes Sent By Job
	0  -  Total Bytes Received By Job
	Partitionable Resources :    Usage  Request Allocated
	   Cpus                 :                 1         1
	   Disk (KB)            :        1        1  22685211
	   Memory (MB)          :      445        1      4015
...
000 (4044172.130.000) 03/13 19:21:19 Job submitted from host: <192.168.1.109:9618?addrs=192.168.1.109-9618+[--1]-9618&noUDP&sock=3153_969b_4>
...
001 (4044172.130.000) 03/13 19:21:48 Job executing on host: <192.168.1.43:9618?addrs=192.168.1.43-9618+[--1]-9618&noUDP&sock=3360_24bc_3>
...
006 (4044172.130.000) 03/13 19:21:56 Image size of job updated: 332888
	322  -  MemoryUsage of job (MB)
	329536  -  ResidentSetSize of job (KB)
...
006 (4044172.130.000) 03/13 19:26:56 Image size of job updated: 415444
	406  -  MemoryUsage of job (MB)
	415408  -  ResidentSetSize of job (KB)
...
006 (4044172.130.000) 03/13 19:31:57 Image size of job updated: 416212
	407  -  MemoryUsage of job (MB)
	416176  -  ResidentSetSize of job (KB)
...
006 (4044172.130.000) 03/13 19:36:58 Image size of job updated: 416436
	407  -  MemoryUsage of job (MB)
	416400  -  ResidentSetSize of job (KB)
...
006 (4044172.130.000) 03/13 19:41:58 Image size of job updated: 416616
	407  -  MemoryUsage of job (MB)
	416580  -  ResidentSetSize of job (KB)
...
006 (4044172.130.000) 03/13 19:52:00 Image size of job updated: 416656
	407  -  MemoryUsage of job (MB)
	416620  -  ResidentSetSize of job (KB)
...
005 (4044172.130.000) 03/13 20:07:20 Job terminated.
	(1) Normal termination (return value 0)
		Usr 0 00:14:06, Sys 0 00:01:40  -  Run Remote Usage
		Usr 0 00:00:00, Sys 0 00:00:00  -  Run Local Usage
		Usr 0 00:14:06, Sys 0 00:01:40  -  Total Remote Usage
		Usr 0 00:00:00, Sys 0 00:00:00  -  Total Local Usage
	0  -  Run Bytes Sent By Job
	0  -  Run Bytes Received By Job
	0  -  Total Bytes Sent By Job
	0  -  Total Bytes Received By Job
	Partitionable Resources :    Usage  Request Allocated
	   Cpus                 :                 1         1
	   Disk (KB)            :        1        1  20458451
	   Memory (MB)          :      407        1      4022
...
000 (4046522.130.000) 03/15 14:02:15 Job submitted from host: <192.168.1.109:9618?addrs=192.168.1.109-9618+[--1]-9618&noUDP&sock=3153_969b_4>
...
001 (4046522.130.000) 03/15 14:56:13 Job executing on host: <192.168.1.46:9618?addrs=192.168.1.46-9618+[--1]-9618&noUDP&sock=3272_2797_3>
...
006 (4046522.130.000) 03/15 14:56:22 Image size of job updated: 335068
	326  -  MemoryUsage of job (MB)
	333676  -  ResidentSetSize of job (KB)
...
006 (4046522.130.000) 03/15 15:01:22 Image size of job updated: 421192
	410  -  MemoryUsage of job (MB)
	419796  -  ResidentSetSize of job (KB)
...
006 (4046522.130.000) 03/15 15:06:22 Image size of job updated: 421392
	411  -  MemoryUsage of job (MB)
	419996  -  ResidentSetSize of job (KB)
...
006 (4046522.130.000) 03/15 15:11:23 Image size of job updated: 421392
	411  -  MemoryUsage of job (MB)
	420000  -  ResidentSetSize of job (KB)
...
005 (4046522.130.000) 03/15 15:13:13 Job terminated.
	(1) Normal termination (return value 0)
		Usr 0 00:14:51, Sys 0 00:01:47  -  Run Remote Usage
		Usr 0 00:00:00, Sys 0 00:00:00  -  Run Local Usage
		Usr 0 00:14:51, Sys 0 00:01:47  -  Total Remote Usage
		Usr 0 00:00:00, Sys 0 00:00:00  -  Total Local Usage
	0  -  Run Bytes Sent By Job
	0  -  Run Bytes Received By Job
	0  -  Total Bytes Sent By Job
	0  -  Total Bytes Received By Job
	Partitionable Resources :    Usage  Request Allocated
	   Cpus                 :                 1         1
	   Disk (KB)            :        1        1  20459164
	   Memory (MB)          :      411        1      4022
...
000 (4046570.130.000) 03/15 18:56:24 Job submitted from host: <192.168.1.109:9618?addrs=192.168.1.109-9618+[--1]-9618&noUDP&sock=3153_969b_4>
...
001 (4046570.130.000) 03/15 18:56:40 Job executing on host: <192.168.1.44:9618?addrs=192.168.1.44-9618+[--1]-9618&noUDP&sock=3035_ca7b_3>
...
006 (4046570.130.000) 03/15 18:56:49 Image size of job updated: 196568
	188  -  MemoryUsage of job (MB)
	191768  -  ResidentSetSize of job (KB)
...
006 (4046570.130.000) 03/15 19:01:49 Image size of job updated: 359092
	346  -  MemoryUsage of job (MB)
	354004  -  ResidentSetSize of job (KB)
...
006 (4046570.130.000) 03/15 19:06:49 Image size of job updated: 360180
	347  -  MemoryUsage of job (MB)
	355092  -  ResidentSetSize of job (KB)
...
005 (4046570.130.000) 03/15 19:11:08 Job terminated.
	(1) Normal termination (return value 0)
		Usr 0 00:12:07, Sys 0 00:01:28  -  Run Remote Usage
		Usr 0 00:00:00, Sys 0 00:00:00  -  Run Local Usage
		Usr 0 00:12:07, Sys 0 00:01:28  -  Total Remote Usage
		Usr 0 00:00:00, Sys 0 00:00:00  -  Total Local Usage
	0  -  Run Bytes Sent By Job
	0  -  Run Bytes Received By Job
	0  -  Total Bytes Sent By Job
	0  -  Total Bytes Received By Job
	Partitionable Resources :    Usage  Request Allocated
	   Cpus                 :                 1         1
	   Disk (KB)            :        1        1  20458817
	   Memory (MB)          :      347        1      4022
...
