000 (4031466.466.000) 03/13 00:00:44 Job submitted from host: <192.168.1.109:9618?addrs=192.168.1.109-9618+[--1]-9618&noUDP&sock=3153_969b_4>
...
001 (4031466.466.000) 03/13 00:01:31 Job executing on host: <192.168.1.44:9618?addrs=192.168.1.44-9618+[--1]-9618&noUDP&sock=3035_ca7b_3>
...
006 (4031466.466.000) 03/13 00:01:40 Image size of job updated: 152628
	105  -  MemoryUsage of job (MB)
	106768  -  ResidentSetSize of job (KB)
...
006 (4031466.466.000) 03/13 00:06:41 Image size of job updated: 354552
	347  -  MemoryUsage of job (MB)
	354552  -  ResidentSetSize of job (KB)
...
006 (4031466.466.000) 03/13 00:11:41 Image size of job updated: 438064
	428  -  MemoryUsage of job (MB)
	438064  -  ResidentSetSize of job (KB)
...
006 (4031466.466.000) 03/13 00:16:41 Image size of job updated: 438264
	428  -  MemoryUsage of job (MB)
	438264  -  ResidentSetSize of job (KB)
...
006 (4031466.466.000) 03/13 00:21:42 Image size of job updated: 438612
	429  -  MemoryUsage of job (MB)
	438612  -  ResidentSetSize of job (KB)
...
006 (4031466.466.000) 03/13 00:31:43 Image size of job updated: 438652
	429  -  MemoryUsage of job (MB)
	438652  -  ResidentSetSize of job (KB)
...
006 (4031466.466.000) 03/13 00:36:44 Image size of job updated: 438696
	429  -  MemoryUsage of job (MB)
	438696  -  ResidentSetSize of job (KB)
...
006 (4031466.466.000) 03/13 00:41:45 Image size of job updated: 438816
	429  -  MemoryUsage of job (MB)
	438816  -  ResidentSetSize of job (KB)
...
005 (4031466.466.000) 03/13 00:54:10 Job terminated.
	(1) Normal termination (return value 0)
		Usr 0 00:15:41, Sys 0 00:01:31  -  Run Remote Usage
		Usr 0 00:00:00, Sys 0 00:00:00  -  Run Local Usage
		Usr 0 00:15:41, Sys 0 00:01:31  -  Total Remote Usage
		Usr 0 00:00:00, Sys 0 00:00:00  -  Total Local Usage
	0  -  Run Bytes Sent By Job
	0  -  Run Bytes Received By Job
	0  -  Total Bytes Sent By Job
	0  -  Total Bytes Received By Job
	Partitionable Resources :    Usage  Request Allocated
	   Cpus                 :                 1         1
	   Disk (KB)            :        1        1  20458817
	   Memory (MB)          :      429        1      4022
...
000 (4044172.466.000) 03/13 19:21:22 Job submitted from host: <192.168.1.109:9618?addrs=192.168.1.109-9618+[--1]-9618&noUDP&sock=3153_969b_4>
...
001 (4044172.466.000) 03/13 19:22:02 Job executing on host: <192.168.1.50:9618?addrs=192.168.1.50-9618+[--1]-9618&noUDP&sock=3247_5221_3>
...
006 (4044172.466.000) 03/13 19:22:11 Image size of job updated: 147024
	144  -  MemoryUsage of job (MB)
	147024  -  ResidentSetSize of job (KB)
...
006 (4044172.466.000) 03/13 19:27:12 Image size of job updated: 353548
	346  -  MemoryUsage of job (MB)
	353548  -  ResidentSetSize of job (KB)
...
006 (4044172.466.000) 03/13 19:32:12 Image size of job updated: 443080
	433  -  MemoryUsage of job (MB)
	443080  -  ResidentSetSize of job (KB)
...
006 (4044172.466.000) 03/13 19:37:12 Image size of job updated: 443928
	434  -  MemoryUsage of job (MB)
	443928  -  ResidentSetSize of job (KB)
...
006 (4044172.466.000) 03/13 19:42:13 Image size of job updated: 444332
	434  -  MemoryUsage of job (MB)
	443944  -  ResidentSetSize of job (KB)
...
006 (4044172.466.000) 03/13 19:47:13 Image size of job updated: 444384
	434  -  MemoryUsage of job (MB)
	443996  -  ResidentSetSize of job (KB)
...
006 (4044172.466.000) 03/13 19:52:13 Image size of job updated: 444536
	434  -  MemoryUsage of job (MB)
	444148  -  ResidentSetSize of job (KB)
...
006 (4044172.466.000) 03/13 20:02:37 Image size of job updated: 689384
	434  -  MemoryUsage of job (MB)
	444148  -  ResidentSetSize of job (KB)
...
005 (4044172.466.000) 03/13 20:02:37 Job terminated.
	(1) Normal termination (return value 0)
		Usr 0 00:20:43, Sys 0 00:01:59  -  Run Remote Usage
		Usr 0 00:00:00, Sys 0 00:00:00  -  Run Local Usage
		Usr 0 00:20:43, Sys 0 00:01:59  -  Total Remote Usage
		Usr 0 00:00:00, Sys 0 00:00:00  -  Total Local Usage
	0  -  Run Bytes Sent By Job
	0  -  Run Bytes Received By Job
	0  -  Total Bytes Sent By Job
	0  -  Total Bytes Received By Job
	Partitionable Resources :    Usage  Request Allocated
	   Cpus                 :                 1         1
	   Disk (KB)            :        1        1  28493273
	   Memory (MB)          :      434        1      4020
...
000 (4046522.466.000) 03/15 14:02:20 Job submitted from host: <192.168.1.109:9618?addrs=192.168.1.109-9618+[--1]-9618&noUDP&sock=3153_969b_4>
...
001 (4046522.466.000) 03/15 15:30:51 Job executing on host: <192.168.1.40:9618?addrs=192.168.1.40-9618+[--1]-9618&noUDP&sock=3366_a17e_3>
...
006 (4046522.466.000) 03/15 15:31:00 Image size of job updated: 244136
	162  -  MemoryUsage of job (MB)
	165132  -  ResidentSetSize of job (KB)
...
006 (4046522.466.000) 03/15 15:36:00 Image size of job updated: 335936
	328  -  MemoryUsage of job (MB)
	335524  -  ResidentSetSize of job (KB)
...
006 (4046522.466.000) 03/15 15:41:00 Image size of job updated: 336016
	329  -  MemoryUsage of job (MB)
	335920  -  ResidentSetSize of job (KB)
...
006 (4046522.466.000) 03/15 15:46:02 Image size of job updated: 336560
	329  -  MemoryUsage of job (MB)
	336472  -  ResidentSetSize of job (KB)
...
006 (4046522.466.000) 03/15 15:51:02 Image size of job updated: 337100
	330  -  MemoryUsage of job (MB)
	337012  -  ResidentSetSize of job (KB)
...
006 (4046522.466.000) 03/15 15:54:38 Image size of job updated: 341956
	330  -  MemoryUsage of job (MB)
	337012  -  ResidentSetSize of job (KB)
...
005 (4046522.466.000) 03/15 15:54:38 Job terminated.
	(1) Normal termination (return value 0)
		Usr 0 00:18:46, Sys 0 00:01:56  -  Run Remote Usage
		Usr 0 00:00:00, Sys 0 00:00:00  -  Run Local Usage
		Usr 0 00:18:46, Sys 0 00:01:56  -  Total Remote Usage
		Usr 0 00:00:00, Sys 0 00:00:00  -  Total Local Usage
	0  -  Run Bytes Sent By Job
	0  -  Run Bytes Received By Job
	0  -  Total Bytes Sent By Job
	0  -  Total Bytes Received By Job
	Partitionable Resources :    Usage  Request Allocated
	   Cpus                 :                 1         1
	   Disk (KB)            :        1        1  20457847
	   Memory (MB)          :      330        1      4022
...
