000 (4031233.017.000) 03/12 14:28:34 Job submitted from host: <192.168.1.109:9618?addrs=192.168.1.109-9618+[--1]-9618&noUDP&sock=3153_969b_4>
...
001 (4031233.017.000) 03/12 14:28:49 Job executing on host: <192.168.1.45:9618?addrs=192.168.1.45-9618+[--1]-9618&noUDP&sock=3341_bd3f_3>
...
006 (4031233.017.000) 03/12 14:28:58 Image size of job updated: 3744
	4  -  MemoryUsage of job (MB)
	3736  -  ResidentSetSize of job (KB)
...
006 (4031233.017.000) 03/12 14:33:59 Image size of job updated: 169648
	162  -  MemoryUsage of job (MB)
	165836  -  ResidentSetSize of job (KB)
...
006 (4031233.017.000) 03/12 14:38:59 Image size of job updated: 340720
	330  -  MemoryUsage of job (MB)
	336908  -  ResidentSetSize of job (KB)
...
006 (4031233.017.000) 03/12 14:43:59 Image size of job updated: 340724
	330  -  MemoryUsage of job (MB)
	336912  -  ResidentSetSize of job (KB)
...
006 (4031233.017.000) 03/12 14:49:00 Image size of job updated: 340728
	330  -  MemoryUsage of job (MB)
	336916  -  ResidentSetSize of job (KB)
...
006 (4031233.017.000) 03/12 14:54:01 Image size of job updated: 340788
	330  -  MemoryUsage of job (MB)
	336976  -  ResidentSetSize of job (KB)
...
004 (4031233.017.000) 03/12 14:54:11 Job was evicted.
	(0) Job was not checkpointed.
		Usr 0 00:13:49, Sys 0 00:01:16  -  Run Remote Usage
		Usr 0 00:00:00, Sys 0 00:00:00  -  Run Local Usage
	0  -  Run Bytes Sent By Job
	0  -  Run Bytes Received By Job
	Partitionable Resources :    Usage  Request Allocated
	   Cpus                 :                 1         1
	   Disk (KB)            :        1        1  20460088
	   Memory (MB)          :      330        1      4022
...
009 (4031233.017.000) 03/12 14:54:11 Job was aborted by the user.
	via condor_rm (by user routray)
...
000 (4031234.017.000) 03/12 15:03:14 Job submitted from host: <192.168.1.109:9618?addrs=192.168.1.109-9618+[--1]-9618&noUDP&sock=3153_969b_4>
...
001 (4031234.017.000) 03/12 15:03:39 Job executing on host: <192.168.1.45:9618?addrs=192.168.1.45-9618+[--1]-9618&noUDP&sock=3341_bd3f_3>
...
006 (4031234.017.000) 03/12 15:03:47 Image size of job updated: 106764
	99  -  MemoryUsage of job (MB)
	101268  -  ResidentSetSize of job (KB)
...
006 (4031234.017.000) 03/12 15:08:47 Image size of job updated: 456272
	446  -  MemoryUsage of job (MB)
	456204  -  ResidentSetSize of job (KB)
...
006 (4031234.017.000) 03/12 15:12:50 Image size of job updated: 812348
	446  -  MemoryUsage of job (MB)
	456204  -  ResidentSetSize of job (KB)
...
004 (4031234.017.000) 03/12 15:12:50 Job was evicted.
	(0) Job was not checkpointed.
		Usr 0 00:07:13, Sys 0 00:00:39  -  Run Remote Usage
		Usr 0 00:00:00, Sys 0 00:00:00  -  Run Local Usage
	0  -  Run Bytes Sent By Job
	0  -  Run Bytes Received By Job
	Partitionable Resources :    Usage  Request Allocated
	   Cpus                 :                 1         1
	   Disk (KB)            :        1        1  20460088
	   Memory (MB)          :      446        1      4022
...
009 (4031234.017.000) 03/12 15:12:54 Job was aborted by the user.
	via condor_rm (by user routray)
...
000 (4031235.017.000) 03/12 15:16:44 Job submitted from host: <192.168.1.109:9618?addrs=192.168.1.109-9618+[--1]-9618&noUDP&sock=3153_969b_4>
...
001 (4031235.017.000) 03/12 15:16:59 Job executing on host: <192.168.1.45:9618?addrs=192.168.1.45-9618+[--1]-9618&noUDP&sock=3341_bd3f_3>
...
006 (4031235.017.000) 03/12 15:17:08 Image size of job updated: 364696
	355  -  MemoryUsage of job (MB)
	363316  -  ResidentSetSize of job (KB)
...
006 (4031235.017.000) 03/12 15:22:09 Image size of job updated: 461340
	450  -  MemoryUsage of job (MB)
	459956  -  ResidentSetSize of job (KB)
...
006 (4031235.017.000) 03/12 15:27:10 Image size of job updated: 461612
	450  -  MemoryUsage of job (MB)
	460228  -  ResidentSetSize of job (KB)
...
006 (4031235.017.000) 03/12 15:37:11 Image size of job updated: 461624
	450  -  MemoryUsage of job (MB)
	460240  -  ResidentSetSize of job (KB)
...
005 (4031235.017.000) 03/12 15:51:09 Job terminated.
	(1) Normal termination (return value 0)
		Usr 0 00:31:04, Sys 0 00:02:47  -  Run Remote Usage
		Usr 0 00:00:00, Sys 0 00:00:00  -  Run Local Usage
		Usr 0 00:31:04, Sys 0 00:02:47  -  Total Remote Usage
		Usr 0 00:00:00, Sys 0 00:00:00  -  Total Local Usage
	0  -  Run Bytes Sent By Job
	0  -  Run Bytes Received By Job
	0  -  Total Bytes Sent By Job
	0  -  Total Bytes Received By Job
	Partitionable Resources :    Usage  Request Allocated
	   Cpus                 :                 1         1
	   Disk (KB)            :        1        1  20460088
	   Memory (MB)          :      450        1      4022
...
000 (4031450.017.000) 03/12 16:23:12 Job submitted from host: <192.168.1.109:9618?addrs=192.168.1.109-9618+[--1]-9618&noUDP&sock=3153_969b_4>
...
001 (4031450.017.000) 03/12 16:23:35 Job executing on host: <192.168.1.45:9618?addrs=192.168.1.45-9618+[--1]-9618&noUDP&sock=3341_bd3f_3>
...
006 (4031450.017.000) 03/12 16:23:44 Image size of job updated: 142604
	139  -  MemoryUsage of job (MB)
	142128  -  ResidentSetSize of job (KB)
...
006 (4031450.017.000) 03/12 16:28:45 Image size of job updated: 451536
	441  -  MemoryUsage of job (MB)
	451056  -  ResidentSetSize of job (KB)
...
006 (4031450.017.000) 03/12 16:33:45 Image size of job updated: 451556
	441  -  MemoryUsage of job (MB)
	451076  -  ResidentSetSize of job (KB)
...
006 (4031450.017.000) 03/12 16:43:47 Image size of job updated: 451564
	441  -  MemoryUsage of job (MB)
	451084  -  ResidentSetSize of job (KB)
...
006 (4031450.017.000) 03/12 16:47:46 Image size of job updated: 817928
	441  -  MemoryUsage of job (MB)
	451084  -  ResidentSetSize of job (KB)
...
005 (4031450.017.000) 03/12 16:47:46 Job terminated.
	(1) Normal termination (return value 0)
		Usr 0 00:21:20, Sys 0 00:01:55  -  Run Remote Usage
		Usr 0 00:00:00, Sys 0 00:00:00  -  Run Local Usage
		Usr 0 00:21:20, Sys 0 00:01:55  -  Total Remote Usage
		Usr 0 00:00:00, Sys 0 00:00:00  -  Total Local Usage
	0  -  Run Bytes Sent By Job
	0  -  Run Bytes Received By Job
	0  -  Total Bytes Sent By Job
	0  -  Total Bytes Received By Job
	Partitionable Resources :    Usage  Request Allocated
	   Cpus                 :                 1         1
	   Disk (KB)            :        1        1  20460088
	   Memory (MB)          :      441        1      4022
...
000 (4031461.017.000) 03/12 18:25:46 Job submitted from host: <192.168.1.109:9618?addrs=192.168.1.109-9618+[--1]-9618&noUDP&sock=3153_969b_4>
...
001 (4031461.017.000) 03/12 18:25:58 Job executing on host: <192.168.1.45:9618?addrs=192.168.1.45-9618+[--1]-9618&noUDP&sock=3341_bd3f_3>
...
006 (4031461.017.000) 03/12 18:26:06 Image size of job updated: 44572
	43  -  MemoryUsage of job (MB)
	43940  -  ResidentSetSize of job (KB)
...
006 (4031461.017.000) 03/12 18:31:06 Image size of job updated: 465764
	454  -  MemoryUsage of job (MB)
	464012  -  ResidentSetSize of job (KB)
...
006 (4031461.017.000) 03/12 18:36:07 Image size of job updated: 465848
	454  -  MemoryUsage of job (MB)
	464096  -  ResidentSetSize of job (KB)
...
006 (4031461.017.000) 03/12 18:41:08 Image size of job updated: 465852
	454  -  MemoryUsage of job (MB)
	464100  -  ResidentSetSize of job (KB)
...
005 (4031461.017.000) 03/12 18:48:56 Job terminated.
	(1) Normal termination (return value 0)
		Usr 0 00:19:31, Sys 0 00:01:41  -  Run Remote Usage
		Usr 0 00:00:00, Sys 0 00:00:00  -  Run Local Usage
		Usr 0 00:19:31, Sys 0 00:01:41  -  Total Remote Usage
		Usr 0 00:00:00, Sys 0 00:00:00  -  Total Local Usage
	0  -  Run Bytes Sent By Job
	0  -  Run Bytes Received By Job
	0  -  Total Bytes Sent By Job
	0  -  Total Bytes Received By Job
	Partitionable Resources :    Usage  Request Allocated
	   Cpus                 :                 1         1
	   Disk (KB)            :        1        1  20460088
	   Memory (MB)          :      454        1      4022
...
000 (4031462.017.000) 03/12 20:10:16 Job submitted from host: <192.168.1.109:9618?addrs=192.168.1.109-9618+[--1]-9618&noUDP&sock=3153_969b_4>
...
001 (4031462.017.000) 03/12 20:10:40 Job executing on host: <192.168.1.45:9618?addrs=192.168.1.45-9618+[--1]-9618&noUDP&sock=3341_bd3f_3>
...
006 (4031462.017.000) 03/12 20:10:48 Image size of job updated: 93940
	91  -  MemoryUsage of job (MB)
	92776  -  ResidentSetSize of job (KB)
...
006 (4031462.017.000) 03/12 20:15:48 Image size of job updated: 398452
	388  -  MemoryUsage of job (MB)
	396756  -  ResidentSetSize of job (KB)
...
006 (4031462.017.000) 03/12 20:20:48 Image size of job updated: 400336
	390  -  MemoryUsage of job (MB)
	398640  -  ResidentSetSize of job (KB)
...
005 (4031462.017.000) 03/12 20:34:28 Job terminated.
	(1) Normal termination (return value 0)
		Usr 0 00:19:43, Sys 0 00:01:49  -  Run Remote Usage
		Usr 0 00:00:00, Sys 0 00:00:00  -  Run Local Usage
		Usr 0 00:19:43, Sys 0 00:01:49  -  Total Remote Usage
		Usr 0 00:00:00, Sys 0 00:00:00  -  Total Local Usage
	0  -  Run Bytes Sent By Job
	0  -  Run Bytes Received By Job
	0  -  Total Bytes Sent By Job
	0  -  Total Bytes Received By Job
	Partitionable Resources :    Usage  Request Allocated
	   Cpus                 :                 1         1
	   Disk (KB)            :        1        1  20460088
	   Memory (MB)          :      390        1      4022
...
000 (4031463.017.000) 03/12 21:35:07 Job submitted from host: <192.168.1.109:9618?addrs=192.168.1.109-9618+[--1]-9618&noUDP&sock=3153_969b_4>
...
001 (4031463.017.000) 03/12 21:35:42 Job executing on host: <192.168.1.45:9618?addrs=192.168.1.45-9618+[--1]-9618&noUDP&sock=3341_bd3f_3>
...
006 (4031463.017.000) 03/12 21:35:50 Image size of job updated: 4212
	5  -  MemoryUsage of job (MB)
	4212  -  ResidentSetSize of job (KB)
...
006 (4031463.017.000) 03/12 21:40:50 Image size of job updated: 481664
	470  -  MemoryUsage of job (MB)
	480672  -  ResidentSetSize of job (KB)
...
006 (4031463.017.000) 03/12 21:45:51 Image size of job updated: 481836
	470  -  MemoryUsage of job (MB)
	480844  -  ResidentSetSize of job (KB)
...
006 (4031463.017.000) 03/12 21:50:52 Image size of job updated: 481844
	470  -  MemoryUsage of job (MB)
	480852  -  ResidentSetSize of job (KB)
...
006 (4031463.017.000) 03/12 21:55:52 Image size of job updated: 481932
	470  -  MemoryUsage of job (MB)
	480940  -  ResidentSetSize of job (KB)
...
006 (4031463.017.000) 03/12 22:00:52 Image size of job updated: 481948
	470  -  MemoryUsage of job (MB)
	480956  -  ResidentSetSize of job (KB)
...
006 (4031463.017.000) 03/12 22:05:53 Image size of job updated: 604404
	590  -  MemoryUsage of job (MB)
	603412  -  ResidentSetSize of job (KB)
...
006 (4031463.017.000) 03/12 22:12:52 Image size of job updated: 613428
	590  -  MemoryUsage of job (MB)
	603412  -  ResidentSetSize of job (KB)
...
005 (4031463.017.000) 03/12 22:12:52 Job terminated.
	(1) Normal termination (return value 0)
		Usr 0 00:31:33, Sys 0 00:03:04  -  Run Remote Usage
		Usr 0 00:00:00, Sys 0 00:00:00  -  Run Local Usage
		Usr 0 00:31:33, Sys 0 00:03:04  -  Total Remote Usage
		Usr 0 00:00:00, Sys 0 00:00:00  -  Total Local Usage
	0  -  Run Bytes Sent By Job
	0  -  Run Bytes Received By Job
	0  -  Total Bytes Sent By Job
	0  -  Total Bytes Received By Job
	Partitionable Resources :    Usage  Request Allocated
	   Cpus                 :                 1         1
	   Disk (KB)            :        1        1  20460088
	   Memory (MB)          :      590        1      4022
...
000 (4031464.017.000) 03/12 22:37:43 Job submitted from host: <192.168.1.109:9618?addrs=192.168.1.109-9618+[--1]-9618&noUDP&sock=3153_969b_4>
...
001 (4031464.017.000) 03/12 22:37:47 Job executing on host: <192.168.1.45:9618?addrs=192.168.1.45-9618+[--1]-9618&noUDP&sock=3341_bd3f_3>
...
006 (4031464.017.000) 03/12 22:37:56 Image size of job updated: 62372
	60  -  MemoryUsage of job (MB)
	60740  -  ResidentSetSize of job (KB)
...
006 (4031464.017.000) 03/12 22:42:57 Image size of job updated: 428112
	416  -  MemoryUsage of job (MB)
	425820  -  ResidentSetSize of job (KB)
...
006 (4031464.017.000) 03/12 22:47:57 Image size of job updated: 428228
	416  -  MemoryUsage of job (MB)
	425936  -  ResidentSetSize of job (KB)
...
006 (4031464.017.000) 03/12 22:52:57 Image size of job updated: 428264
	416  -  MemoryUsage of job (MB)
	425972  -  ResidentSetSize of job (KB)
...
005 (4031464.017.000) 03/12 22:55:51 Job terminated.
	(1) Normal termination (return value 0)
		Usr 0 00:15:52, Sys 0 00:01:26  -  Run Remote Usage
		Usr 0 00:00:00, Sys 0 00:00:00  -  Run Local Usage
		Usr 0 00:15:52, Sys 0 00:01:26  -  Total Remote Usage
		Usr 0 00:00:00, Sys 0 00:00:00  -  Total Local Usage
	0  -  Run Bytes Sent By Job
	0  -  Run Bytes Received By Job
	0  -  Total Bytes Sent By Job
	0  -  Total Bytes Received By Job
	Partitionable Resources :    Usage  Request Allocated
	   Cpus                 :                 1         1
	   Disk (KB)            :        1        1  20460088
	   Memory (MB)          :      416        1      4022
...
000 (4031465.017.000) 03/12 23:18:12 Job submitted from host: <192.168.1.109:9618?addrs=192.168.1.109-9618+[--1]-9618&noUDP&sock=3153_969b_4>
...
001 (4031465.017.000) 03/12 23:18:15 Job executing on host: <192.168.1.45:9618?addrs=192.168.1.45-9618+[--1]-9618&noUDP&sock=3341_bd3f_3>
...
006 (4031465.017.000) 03/12 23:18:24 Image size of job updated: 109504
	107  -  MemoryUsage of job (MB)
	108644  -  ResidentSetSize of job (KB)
...
006 (4031465.017.000) 03/12 23:23:25 Image size of job updated: 436808
	426  -  MemoryUsage of job (MB)
	435888  -  ResidentSetSize of job (KB)
...
006 (4031465.017.000) 03/12 23:28:26 Image size of job updated: 436816
	426  -  MemoryUsage of job (MB)
	435896  -  ResidentSetSize of job (KB)
...
006 (4031465.017.000) 03/12 23:33:26 Image size of job updated: 436864
	426  -  MemoryUsage of job (MB)
	435944  -  ResidentSetSize of job (KB)
...
006 (4031465.017.000) 03/12 23:38:27 Image size of job updated: 436868
	426  -  MemoryUsage of job (MB)
	435948  -  ResidentSetSize of job (KB)
...
005 (4031465.017.000) 03/12 23:38:34 Job terminated.
	(1) Normal termination (return value 0)
		Usr 0 00:17:38, Sys 0 00:01:36  -  Run Remote Usage
		Usr 0 00:00:00, Sys 0 00:00:00  -  Run Local Usage
		Usr 0 00:17:38, Sys 0 00:01:36  -  Total Remote Usage
		Usr 0 00:00:00, Sys 0 00:00:00  -  Total Local Usage
	0  -  Run Bytes Sent By Job
	0  -  Run Bytes Received By Job
	0  -  Total Bytes Sent By Job
	0  -  Total Bytes Received By Job
	Partitionable Resources :    Usage  Request Allocated
	   Cpus                 :                 1         1
	   Disk (KB)            :        1        1  20460088
	   Memory (MB)          :      426        1      4022
...
000 (4031466.017.000) 03/13 00:00:40 Job submitted from host: <192.168.1.109:9618?addrs=192.168.1.109-9618+[--1]-9618&noUDP&sock=3153_969b_4>
...
001 (4031466.017.000) 03/13 00:01:08 Job executing on host: <192.168.1.45:9618?addrs=192.168.1.45-9618+[--1]-9618&noUDP&sock=3341_bd3f_3>
...
006 (4031466.017.000) 03/13 00:01:17 Image size of job updated: 108232
	105  -  MemoryUsage of job (MB)
	106988  -  ResidentSetSize of job (KB)
...
006 (4031466.017.000) 03/13 00:06:18 Image size of job updated: 369008
	361  -  MemoryUsage of job (MB)
	369008  -  ResidentSetSize of job (KB)
...
006 (4031466.017.000) 03/13 00:11:18 Image size of job updated: 448576
	439  -  MemoryUsage of job (MB)
	448576  -  ResidentSetSize of job (KB)
...
006 (4031466.017.000) 03/13 00:21:19 Image size of job updated: 449016
	439  -  MemoryUsage of job (MB)
	449016  -  ResidentSetSize of job (KB)
...
006 (4031466.017.000) 03/13 00:26:19 Image size of job updated: 449020
	439  -  MemoryUsage of job (MB)
	449020  -  ResidentSetSize of job (KB)
...
006 (4031466.017.000) 03/13 00:36:20 Image size of job updated: 449056
	439  -  MemoryUsage of job (MB)
	449056  -  ResidentSetSize of job (KB)
...
006 (4031466.017.000) 03/13 00:41:21 Image size of job updated: 449068
	439  -  MemoryUsage of job (MB)
	449068  -  ResidentSetSize of job (KB)
...
006 (4031466.017.000) 03/13 00:46:21 Image size of job updated: 449072
	439  -  MemoryUsage of job (MB)
	449072  -  ResidentSetSize of job (KB)
...
006 (4031466.017.000) 03/13 00:51:22 Image size of job updated: 449076
	439  -  MemoryUsage of job (MB)
	449076  -  ResidentSetSize of job (KB)
...
006 (4031466.017.000) 03/13 00:55:02 Image size of job updated: 931568
	439  -  MemoryUsage of job (MB)
	449076  -  ResidentSetSize of job (KB)
...
005 (4031466.017.000) 03/13 00:55:02 Job terminated.
	(1) Normal termination (return value 0)
		Usr 0 00:17:01, Sys 0 00:01:38  -  Run Remote Usage
		Usr 0 00:00:00, Sys 0 00:00:00  -  Run Local Usage
		Usr 0 00:17:01, Sys 0 00:01:38  -  Total Remote Usage
		Usr 0 00:00:00, Sys 0 00:00:00  -  Total Local Usage
	0  -  Run Bytes Sent By Job
	0  -  Run Bytes Received By Job
	0  -  Total Bytes Sent By Job
	0  -  Total Bytes Received By Job
	Partitionable Resources :    Usage  Request Allocated
	   Cpus                 :                 1         1
	   Disk (KB)            :        1        1  20460088
	   Memory (MB)          :      439        1      4022
...
000 (4044172.017.000) 03/13 19:21:17 Job submitted from host: <192.168.1.109:9618?addrs=192.168.1.109-9618+[--1]-9618&noUDP&sock=3153_969b_4>
...
001 (4044172.017.000) 03/13 19:21:43 Job executing on host: <192.168.1.45:9618?addrs=192.168.1.45-9618+[--1]-9618&noUDP&sock=3341_bd3f_3>
...
006 (4044172.017.000) 03/13 19:21:51 Image size of job updated: 111260
	109  -  MemoryUsage of job (MB)
	111172  -  ResidentSetSize of job (KB)
...
006 (4044172.017.000) 03/13 19:26:51 Image size of job updated: 367416
	359  -  MemoryUsage of job (MB)
	366988  -  ResidentSetSize of job (KB)
...
006 (4044172.017.000) 03/13 19:31:52 Image size of job updated: 450608
	440  -  MemoryUsage of job (MB)
	450180  -  ResidentSetSize of job (KB)
...
006 (4044172.017.000) 03/13 19:41:52 Image size of job updated: 451012
	441  -  MemoryUsage of job (MB)
	450584  -  ResidentSetSize of job (KB)
...
006 (4044172.017.000) 03/13 19:46:54 Image size of job updated: 451020
	441  -  MemoryUsage of job (MB)
	450592  -  ResidentSetSize of job (KB)
...
006 (4044172.017.000) 03/13 19:56:54 Image size of job updated: 451020
	441  -  MemoryUsage of job (MB)
	450596  -  ResidentSetSize of job (KB)
...
006 (4044172.017.000) 03/13 20:01:55 Image size of job updated: 451020
	441  -  MemoryUsage of job (MB)
	450600  -  ResidentSetSize of job (KB)
...
006 (4044172.017.000) 03/13 20:11:56 Image size of job updated: 597128
	584  -  MemoryUsage of job (MB)
	597088  -  ResidentSetSize of job (KB)
...
006 (4044172.017.000) 03/13 20:12:03 Image size of job updated: 931612
	584  -  MemoryUsage of job (MB)
	597088  -  ResidentSetSize of job (KB)
...
005 (4044172.017.000) 03/13 20:12:04 Job terminated.
	(1) Normal termination (return value 0)
		Usr 0 00:17:53, Sys 0 00:02:00  -  Run Remote Usage
		Usr 0 00:00:00, Sys 0 00:00:00  -  Run Local Usage
		Usr 0 00:17:53, Sys 0 00:02:00  -  Total Remote Usage
		Usr 0 00:00:00, Sys 0 00:00:00  -  Total Local Usage
	0  -  Run Bytes Sent By Job
	0  -  Run Bytes Received By Job
	0  -  Total Bytes Sent By Job
	0  -  Total Bytes Received By Job
	Partitionable Resources :    Usage  Request Allocated
	   Cpus                 :                 1         1
	   Disk (KB)            :        1        1  20460088
	   Memory (MB)          :      584        1      4022
...
000 (4044175.017.000) 03/13 20:53:38 Job submitted from host: <192.168.1.109:9618?addrs=192.168.1.109-9618+[--1]-9618&noUDP&sock=3153_969b_4>
...
001 (4044175.017.000) 03/13 20:53:56 Job executing on host: <192.168.1.45:9618?addrs=192.168.1.45-9618+[--1]-9618&noUDP&sock=3341_bd3f_3>
...
006 (4044175.017.000) 03/13 20:54:04 Image size of job updated: 195600
	192  -  MemoryUsage of job (MB)
	195600  -  ResidentSetSize of job (KB)
...
006 (4044175.017.000) 03/13 20:59:04 Image size of job updated: 437800
	428  -  MemoryUsage of job (MB)
	437672  -  ResidentSetSize of job (KB)
...
006 (4044175.017.000) 03/13 21:04:05 Image size of job updated: 438212
	428  -  MemoryUsage of job (MB)
	438192  -  ResidentSetSize of job (KB)
...
006 (4044175.017.000) 03/13 21:09:06 Image size of job updated: 438212
	428  -  MemoryUsage of job (MB)
	438196  -  ResidentSetSize of job (KB)
...
006 (4044175.017.000) 03/13 21:14:06 Image size of job updated: 438264
	428  -  MemoryUsage of job (MB)
	438216  -  ResidentSetSize of job (KB)
...
006 (4044175.017.000) 03/13 21:17:22 Image size of job updated: 438284
	428  -  MemoryUsage of job (MB)
	438216  -  ResidentSetSize of job (KB)
...
005 (4044175.017.000) 03/13 21:17:22 Job terminated.
	(1) Normal termination (return value 0)
		Usr 0 00:20:18, Sys 0 00:02:06  -  Run Remote Usage
		Usr 0 00:00:00, Sys 0 00:00:00  -  Run Local Usage
		Usr 0 00:20:18, Sys 0 00:02:06  -  Total Remote Usage
		Usr 0 00:00:00, Sys 0 00:00:00  -  Total Local Usage
	0  -  Run Bytes Sent By Job
	0  -  Run Bytes Received By Job
	0  -  Total Bytes Sent By Job
	0  -  Total Bytes Received By Job
	Partitionable Resources :    Usage  Request Allocated
	   Cpus                 :                 1         1
	   Disk (KB)            :        1        1  20460088
	   Memory (MB)          :      428        1      4022
...
000 (4045912.017.000) 03/14 19:19:22 Job submitted from host: <192.168.1.109:9618?addrs=192.168.1.109-9618+[--1]-9618&noUDP&sock=3153_969b_4>
...
000 (4046521.017.000) 03/15 13:40:08 Job submitted from host: <192.168.1.109:9618?addrs=192.168.1.109-9618+[--1]-9618&noUDP&sock=3153_969b_4>
...
001 (4045912.017.000) 03/15 13:56:39 Job executing on host: <192.168.1.47:9618?addrs=192.168.1.47-9618+[--1]-9618&noUDP&sock=3245_a288_3>
...
006 (4045912.017.000) 03/15 13:56:47 Image size of job updated: 346484
	333  -  MemoryUsage of job (MB)
	340756  -  ResidentSetSize of job (KB)
...
009 (4046521.017.000) 03/15 13:56:54 Job was aborted by the user.
	via condor_rm (by user routray)
...
006 (4045912.017.000) 03/15 13:57:08 Image size of job updated: 775356
	333  -  MemoryUsage of job (MB)
	340756  -  ResidentSetSize of job (KB)
...
004 (4045912.017.000) 03/15 13:57:08 Job was evicted.
	(0) Job was not checkpointed.
		Usr 0 00:00:23, Sys 0 00:00:02  -  Run Remote Usage
		Usr 0 00:00:00, Sys 0 00:00:00  -  Run Local Usage
	0  -  Run Bytes Sent By Job
	0  -  Run Bytes Received By Job
	Partitionable Resources :    Usage  Request Allocated
	   Cpus                 :                 1         1
	   Disk (KB)            :        1        1  28493856
	   Memory (MB)          :      333        1      4020
...
009 (4045912.017.000) 03/15 13:57:09 Job was aborted by the user.
	via condor_rm (by user routray)
...
000 (4046522.017.000) 03/15 14:02:14 Job submitted from host: <192.168.1.109:9618?addrs=192.168.1.109-9618+[--1]-9618&noUDP&sock=3153_969b_4>
...
001 (4046522.017.000) 03/15 14:21:40 Job executing on host: <192.168.1.62:9618?addrs=192.168.1.62-9618+[--1]-9618&noUDP&sock=2992_c8ab_24>
...
006 (4046522.017.000) 03/15 14:21:49 Image size of job updated: 451128
	359  -  MemoryUsage of job (MB)
	367192  -  ResidentSetSize of job (KB)
...
006 (4046522.017.000) 03/15 14:26:50 Image size of job updated: 533036
	439  -  MemoryUsage of job (MB)
	449068  -  ResidentSetSize of job (KB)
...
006 (4046522.017.000) 03/15 14:31:50 Image size of job updated: 533132
	439  -  MemoryUsage of job (MB)
	449164  -  ResidentSetSize of job (KB)
...
006 (4046522.017.000) 03/15 14:36:51 Image size of job updated: 533144
	439  -  MemoryUsage of job (MB)
	449172  -  ResidentSetSize of job (KB)
...
006 (4046522.017.000) 03/15 14:46:52 Image size of job updated: 533144
	439  -  MemoryUsage of job (MB)
	449180  -  ResidentSetSize of job (KB)
...
006 (4046522.017.000) 03/15 14:56:53 Image size of job updated: 533144
	439  -  MemoryUsage of job (MB)
	449184  -  ResidentSetSize of job (KB)
...
005 (4046522.017.000) 03/15 15:01:02 Job terminated.
	(1) Normal termination (return value 0)
		Usr 0 00:35:45, Sys 0 00:03:20  -  Run Remote Usage
		Usr 0 00:00:00, Sys 0 00:00:00  -  Run Local Usage
		Usr 0 00:35:45, Sys 0 00:03:20  -  Total Remote Usage
		Usr 0 00:00:00, Sys 0 00:00:00  -  Total Local Usage
	0  -  Run Bytes Sent By Job
	0  -  Run Bytes Received By Job
	0  -  Total Bytes Sent By Job
	0  -  Total Bytes Received By Job
	Partitionable Resources :    Usage  Request Allocated
	   Cpus                 :                 1         1
	   Disk (KB)            :        1        1  22663505
	   Memory (MB)          :      439        1      4001
...
000 (4046529.017.000) 03/15 16:30:18 Job submitted from host: <192.168.1.109:9618?addrs=192.168.1.109-9618+[--1]-9618&noUDP&sock=3153_969b_4>
...
001 (4046529.017.000) 03/15 16:30:39 Job executing on host: <192.168.1.45:9618?addrs=192.168.1.45-9618+[--1]-9618&noUDP&sock=3341_bd3f_3>
...
006 (4046529.017.000) 03/15 16:30:48 Image size of job updated: 356900
	348  -  MemoryUsage of job (MB)
	356348  -  ResidentSetSize of job (KB)
...
006 (4046529.017.000) 03/15 16:35:49 Image size of job updated: 441380
	431  -  MemoryUsage of job (MB)
	441212  -  ResidentSetSize of job (KB)
...
006 (4046529.017.000) 03/15 16:40:50 Image size of job updated: 441648
	431  -  MemoryUsage of job (MB)
	441228  -  ResidentSetSize of job (KB)
...
006 (4046529.017.000) 03/15 16:50:51 Image size of job updated: 441648
	431  -  MemoryUsage of job (MB)
	441244  -  ResidentSetSize of job (KB)
...
006 (4046529.017.000) 03/15 16:55:52 Image size of job updated: 441780
	431  -  MemoryUsage of job (MB)
	441252  -  ResidentSetSize of job (KB)
...
006 (4046529.017.000) 03/15 16:58:46 Image size of job updated: 794968
	431  -  MemoryUsage of job (MB)
	441252  -  ResidentSetSize of job (KB)
...
005 (4046529.017.000) 03/15 16:58:46 Job terminated.
	(1) Normal termination (return value 0)
		Usr 0 00:24:53, Sys 0 00:02:20  -  Run Remote Usage
		Usr 0 00:00:00, Sys 0 00:00:00  -  Run Local Usage
		Usr 0 00:24:53, Sys 0 00:02:20  -  Total Remote Usage
		Usr 0 00:00:00, Sys 0 00:00:00  -  Total Local Usage
	0  -  Run Bytes Sent By Job
	0  -  Run Bytes Received By Job
	0  -  Total Bytes Sent By Job
	0  -  Total Bytes Received By Job
	Partitionable Resources :    Usage  Request Allocated
	   Cpus                 :                 1         1
	   Disk (KB)            :        1        1  20460088
	   Memory (MB)          :      431        1      4022
...
000 (4046534.017.000) 03/15 17:39:02 Job submitted from host: <192.168.1.109:9618?addrs=192.168.1.109-9618+[--1]-9618&noUDP&sock=3153_969b_4>
...
001 (4046534.017.000) 03/15 17:39:15 Job executing on host: <192.168.1.45:9618?addrs=192.168.1.45-9618+[--1]-9618&noUDP&sock=3341_bd3f_3>
...
006 (4046534.017.000) 03/15 17:39:24 Image size of job updated: 195476
	191  -  MemoryUsage of job (MB)
	195476  -  ResidentSetSize of job (KB)
...
006 (4046534.017.000) 03/15 17:44:25 Image size of job updated: 425848
	416  -  MemoryUsage of job (MB)
	425836  -  ResidentSetSize of job (KB)
...
006 (4046534.017.000) 03/15 18:00:52 Image size of job updated: 784964
	416  -  MemoryUsage of job (MB)
	425836  -  ResidentSetSize of job (KB)
...
005 (4046534.017.000) 03/15 18:00:52 Job terminated.
	(1) Normal termination (return value 0)
		Usr 0 00:18:45, Sys 0 00:02:01  -  Run Remote Usage
		Usr 0 00:00:00, Sys 0 00:00:00  -  Run Local Usage
		Usr 0 00:18:45, Sys 0 00:02:01  -  Total Remote Usage
		Usr 0 00:00:00, Sys 0 00:00:00  -  Total Local Usage
	0  -  Run Bytes Sent By Job
	0  -  Run Bytes Received By Job
	0  -  Total Bytes Sent By Job
	0  -  Total Bytes Received By Job
	Partitionable Resources :    Usage  Request Allocated
	   Cpus                 :                 1         1
	   Disk (KB)            :        1        1  20460088
	   Memory (MB)          :      416        1      4022
...
000 (4046570.017.000) 03/15 18:56:23 Job submitted from host: <192.168.1.109:9618?addrs=192.168.1.109-9618+[--1]-9618&noUDP&sock=3153_969b_4>
...
001 (4046570.017.000) 03/15 18:56:36 Job executing on host: <192.168.1.41:9618?addrs=192.168.1.41-9618+[--1]-9618&noUDP&sock=3368_a17e_3>
...
006 (4046570.017.000) 03/15 18:56:44 Image size of job updated: 146608
	144  -  MemoryUsage of job (MB)
	146608  -  ResidentSetSize of job (KB)
...
006 (4046570.017.000) 03/15 19:01:44 Image size of job updated: 377052
	369  -  MemoryUsage of job (MB)
	377036  -  ResidentSetSize of job (KB)
...
006 (4046570.017.000) 03/15 19:11:45 Image size of job updated: 377064
	369  -  MemoryUsage of job (MB)
	377036  -  ResidentSetSize of job (KB)
...
006 (4046570.017.000) 03/15 19:16:45 Image size of job updated: 377572
	369  -  MemoryUsage of job (MB)
	377524  -  ResidentSetSize of job (KB)
...
006 (4046570.017.000) 03/15 19:21:46 Image size of job updated: 377616
	369  -  MemoryUsage of job (MB)
	377568  -  ResidentSetSize of job (KB)
...
006 (4046570.017.000) 03/15 19:26:47 Image size of job updated: 377620
	369  -  MemoryUsage of job (MB)
	377572  -  ResidentSetSize of job (KB)
...
006 (4046570.017.000) 03/15 19:31:47 Image size of job updated: 499828
	488  -  MemoryUsage of job (MB)
	499704  -  ResidentSetSize of job (KB)
...
005 (4046570.017.000) 03/15 19:36:07 Job terminated.
	(1) Normal termination (return value 0)
		Usr 0 00:35:01, Sys 0 00:03:27  -  Run Remote Usage
		Usr 0 00:00:00, Sys 0 00:00:00  -  Run Local Usage
		Usr 0 00:35:01, Sys 0 00:03:27  -  Total Remote Usage
		Usr 0 00:00:00, Sys 0 00:00:00  -  Total Local Usage
	0  -  Run Bytes Sent By Job
	0  -  Run Bytes Received By Job
	0  -  Total Bytes Sent By Job
	0  -  Total Bytes Received By Job
	Partitionable Resources :    Usage  Request Allocated
	   Cpus                 :                 1         1
	   Disk (KB)            :        1        1  20458618
	   Memory (MB)          :      488        1      4022
...
