000 (4031466.237.000) 03/13 00:00:42 Job submitted from host: <192.168.1.109:9618?addrs=192.168.1.109-9618+[--1]-9618&noUDP&sock=3153_969b_4>
...
001 (4031466.237.000) 03/13 00:01:20 Job executing on host: <192.168.1.49:9618?addrs=192.168.1.49-9618+[--1]-9618&noUDP&sock=3240_e427_3>
...
006 (4031466.237.000) 03/13 00:01:29 Image size of job updated: 156256
	145  -  MemoryUsage of job (MB)
	148100  -  ResidentSetSize of job (KB)
...
006 (4031466.237.000) 03/13 00:06:30 Image size of job updated: 428824
	419  -  MemoryUsage of job (MB)
	428824  -  ResidentSetSize of job (KB)
...
006 (4031466.237.000) 03/13 00:21:31 Image size of job updated: 428840
	419  -  MemoryUsage of job (MB)
	428840  -  ResidentSetSize of job (KB)
...
006 (4031466.237.000) 03/13 00:31:32 Image size of job updated: 428844
	419  -  MemoryUsage of job (MB)
	428844  -  ResidentSetSize of job (KB)
...
006 (4031466.237.000) 03/13 00:36:33 Image size of job updated: 428848
	419  -  MemoryUsage of job (MB)
	428848  -  ResidentSetSize of job (KB)
...
006 (4031466.237.000) 03/13 00:36:53 Image size of job updated: 428860
	419  -  MemoryUsage of job (MB)
	428848  -  ResidentSetSize of job (KB)
...
005 (4031466.237.000) 03/13 00:36:53 Job terminated.
	(1) Normal termination (return value 0)
		Usr 0 00:10:54, Sys 0 00:01:02  -  Run Remote Usage
		Usr 0 00:00:00, Sys 0 00:00:00  -  Run Local Usage
		Usr 0 00:10:54, Sys 0 00:01:02  -  Total Remote Usage
		Usr 0 00:00:00, Sys 0 00:00:00  -  Total Local Usage
	0  -  Run Bytes Sent By Job
	0  -  Run Bytes Received By Job
	0  -  Total Bytes Sent By Job
	0  -  Total Bytes Received By Job
	Partitionable Resources :    Usage  Request Allocated
	   Cpus                 :                 1         1
	   Disk (KB)            :        1        1  28491601
	   Memory (MB)          :      419        1      4020
...
000 (4044172.237.000) 03/13 19:21:20 Job submitted from host: <192.168.1.109:9618?addrs=192.168.1.109-9618+[--1]-9618&noUDP&sock=3153_969b_4>
...
001 (4044172.237.000) 03/13 19:21:54 Job executing on host: <192.168.1.67:9618?addrs=192.168.1.67-9618+[--1]-9618&noUDP&sock=3517_344b_38>
...
006 (4044172.237.000) 03/13 19:22:03 Image size of job updated: 146832
	144  -  MemoryUsage of job (MB)
	146640  -  ResidentSetSize of job (KB)
...
006 (4044172.237.000) 03/13 19:27:04 Image size of job updated: 367280
	359  -  MemoryUsage of job (MB)
	366952  -  ResidentSetSize of job (KB)
...
006 (4044172.237.000) 03/13 19:32:04 Image size of job updated: 429340
	419  -  MemoryUsage of job (MB)
	429012  -  ResidentSetSize of job (KB)
...
006 (4044172.237.000) 03/13 19:37:05 Image size of job updated: 429456
	420  -  MemoryUsage of job (MB)
	429128  -  ResidentSetSize of job (KB)
...
006 (4044172.237.000) 03/13 19:42:06 Image size of job updated: 429460
	420  -  MemoryUsage of job (MB)
	429132  -  ResidentSetSize of job (KB)
...
006 (4044172.237.000) 03/13 19:47:06 Image size of job updated: 429476
	420  -  MemoryUsage of job (MB)
	429148  -  ResidentSetSize of job (KB)
...
006 (4044172.237.000) 03/13 19:57:07 Image size of job updated: 429512
	420  -  MemoryUsage of job (MB)
	429184  -  ResidentSetSize of job (KB)
...
006 (4044172.237.000) 03/13 20:02:07 Image size of job updated: 468348
	458  -  MemoryUsage of job (MB)
	468020  -  ResidentSetSize of job (KB)
...
005 (4044172.237.000) 03/13 20:10:24 Job terminated.
	(1) Normal termination (return value 0)
		Usr 0 00:41:18, Sys 0 00:03:13  -  Run Remote Usage
		Usr 0 00:00:00, Sys 0 00:00:00  -  Run Local Usage
		Usr 0 00:41:18, Sys 0 00:03:13  -  Total Remote Usage
		Usr 0 00:00:00, Sys 0 00:00:00  -  Total Local Usage
	0  -  Run Bytes Sent By Job
	0  -  Run Bytes Received By Job
	0  -  Total Bytes Sent By Job
	0  -  Total Bytes Received By Job
	Partitionable Resources :    Usage  Request Allocated
	   Cpus                 :                 1         1
	   Disk (KB)            :        1        1  22682500
	   Memory (MB)          :      458        1      4015
...
000 (4046522.237.000) 03/15 14:02:17 Job submitted from host: <192.168.1.109:9618?addrs=192.168.1.109-9618+[--1]-9618&noUDP&sock=3153_969b_4>
...
001 (4046522.237.000) 03/15 15:11:10 Job executing on host: <192.168.1.62:9618?addrs=192.168.1.62-9618+[--1]-9618&noUDP&sock=2992_c8ab_24>
...
006 (4046522.237.000) 03/15 15:11:18 Image size of job updated: 422196
	335  -  MemoryUsage of job (MB)
	342652  -  ResidentSetSize of job (KB)
...
006 (4046522.237.000) 03/15 15:16:18 Image size of job updated: 430028
	419  -  MemoryUsage of job (MB)
	428992  -  ResidentSetSize of job (KB)
...
006 (4046522.237.000) 03/15 15:21:19 Image size of job updated: 451140
	440  -  MemoryUsage of job (MB)
	450100  -  ResidentSetSize of job (KB)
...
006 (4046522.237.000) 03/15 15:26:20 Image size of job updated: 466536
	455  -  MemoryUsage of job (MB)
	465496  -  ResidentSetSize of job (KB)
...
005 (4046522.237.000) 03/15 15:39:06 Job terminated.
	(1) Normal termination (return value 0)
		Usr 0 00:24:48, Sys 0 00:02:32  -  Run Remote Usage
		Usr 0 00:00:00, Sys 0 00:00:00  -  Run Local Usage
		Usr 0 00:24:48, Sys 0 00:02:32  -  Total Remote Usage
		Usr 0 00:00:00, Sys 0 00:00:00  -  Total Local Usage
	0  -  Run Bytes Sent By Job
	0  -  Run Bytes Received By Job
	0  -  Total Bytes Sent By Job
	0  -  Total Bytes Received By Job
	Partitionable Resources :    Usage  Request Allocated
	   Cpus                 :                 1         1
	   Disk (KB)            :        1        1  22663505
	   Memory (MB)          :      455        1      4001
...
