000 (4031466.537.000) 03/13 00:00:44 Job submitted from host: <192.168.1.109:9618?addrs=192.168.1.109-9618+[--1]-9618&noUDP&sock=3153_969b_4>
...
001 (4031466.537.000) 03/13 00:01:33 Job executing on host: <192.168.1.46:9618?addrs=192.168.1.46-9618+[--1]-9618&noUDP&sock=3272_2797_3>
...
006 (4031466.537.000) 03/13 00:01:43 Image size of job updated: 3848
	4  -  MemoryUsage of job (MB)
	3848  -  ResidentSetSize of job (KB)
...
006 (4031466.537.000) 03/13 00:06:44 Image size of job updated: 345384
	338  -  MemoryUsage of job (MB)
	345384  -  ResidentSetSize of job (KB)
...
006 (4031466.537.000) 03/13 00:11:45 Image size of job updated: 436944
	427  -  MemoryUsage of job (MB)
	436944  -  ResidentSetSize of job (KB)
...
005 (4031466.537.000) 03/13 00:55:24 Job terminated.
	(1) Normal termination (return value 0)
		Usr 0 00:15:24, Sys 0 00:01:36  -  Run Remote Usage
		Usr 0 00:00:00, Sys 0 00:00:00  -  Run Local Usage
		Usr 0 00:15:24, Sys 0 00:01:36  -  Total Remote Usage
		Usr 0 00:00:00, Sys 0 00:00:00  -  Total Local Usage
	0  -  Run Bytes Sent By Job
	0  -  Run Bytes Received By Job
	0  -  Total Bytes Sent By Job
	0  -  Total Bytes Received By Job
	Partitionable Resources :    Usage  Request Allocated
	   Cpus                 :                 1         1
	   Disk (KB)            :        1        1  20459164
	   Memory (MB)          :      427        1      4022
...
000 (4044172.537.000) 03/13 19:21:23 Job submitted from host: <192.168.1.109:9618?addrs=192.168.1.109-9618+[--1]-9618&noUDP&sock=3153_969b_4>
...
001 (4044172.537.000) 03/13 19:22:05 Job executing on host: <192.168.1.47:9618?addrs=192.168.1.47-9618+[--1]-9618&noUDP&sock=3245_a288_3>
...
006 (4044172.537.000) 03/13 19:22:14 Image size of job updated: 11268
	7  -  MemoryUsage of job (MB)
	6708  -  ResidentSetSize of job (KB)
...
006 (4044172.537.000) 03/13 19:27:14 Image size of job updated: 359732
	336  -  MemoryUsage of job (MB)
	343704  -  ResidentSetSize of job (KB)
...
006 (4044172.537.000) 03/13 19:32:14 Image size of job updated: 446212
	421  -  MemoryUsage of job (MB)
	430184  -  ResidentSetSize of job (KB)
...
006 (4044172.537.000) 03/13 19:37:15 Image size of job updated: 446472
	421  -  MemoryUsage of job (MB)
	430444  -  ResidentSetSize of job (KB)
...
006 (4044172.537.000) 03/13 19:42:16 Image size of job updated: 446516
	421  -  MemoryUsage of job (MB)
	430488  -  ResidentSetSize of job (KB)
...
006 (4044172.537.000) 03/13 19:47:16 Image size of job updated: 446540
	421  -  MemoryUsage of job (MB)
	430512  -  ResidentSetSize of job (KB)
...
006 (4044172.537.000) 03/13 19:52:17 Image size of job updated: 446580
	421  -  MemoryUsage of job (MB)
	430552  -  ResidentSetSize of job (KB)
...
006 (4044172.537.000) 03/13 19:57:18 Image size of job updated: 446584
	421  -  MemoryUsage of job (MB)
	430556  -  ResidentSetSize of job (KB)
...
005 (4044172.537.000) 03/13 20:04:53 Job terminated.
	(1) Normal termination (return value 0)
		Usr 0 00:20:58, Sys 0 00:02:02  -  Run Remote Usage
		Usr 0 00:00:00, Sys 0 00:00:00  -  Run Local Usage
		Usr 0 00:20:58, Sys 0 00:02:02  -  Total Remote Usage
		Usr 0 00:00:00, Sys 0 00:00:00  -  Total Local Usage
	0  -  Run Bytes Sent By Job
	0  -  Run Bytes Received By Job
	0  -  Total Bytes Sent By Job
	0  -  Total Bytes Received By Job
	Partitionable Resources :    Usage  Request Allocated
	   Cpus                 :                 1         1
	   Disk (KB)            :        1        1  28493856
	   Memory (MB)          :      421        1      4020
...
000 (4046522.537.000) 03/15 14:02:21 Job submitted from host: <192.168.1.109:9618?addrs=192.168.1.109-9618+[--1]-9618&noUDP&sock=3153_969b_4>
...
001 (4046522.537.000) 03/15 15:34:15 Job executing on host: <192.168.1.51:9618?addrs=192.168.1.51-9618+[--1]-9618&noUDP&sock=3125_b25b_3>
...
006 (4046522.537.000) 03/15 15:34:24 Image size of job updated: 375384
	342  -  MemoryUsage of job (MB)
	349260  -  ResidentSetSize of job (KB)
...
006 (4046522.537.000) 03/15 15:39:25 Image size of job updated: 430128
	421  -  MemoryUsage of job (MB)
	430088  -  ResidentSetSize of job (KB)
...
006 (4046522.537.000) 03/15 15:44:25 Image size of job updated: 430844
	421  -  MemoryUsage of job (MB)
	430804  -  ResidentSetSize of job (KB)
...
006 (4046522.537.000) 03/15 15:49:25 Image size of job updated: 430896
	421  -  MemoryUsage of job (MB)
	430856  -  ResidentSetSize of job (KB)
...
006 (4046522.537.000) 03/15 15:55:01 Image size of job updated: 789568
	421  -  MemoryUsage of job (MB)
	430856  -  ResidentSetSize of job (KB)
...
005 (4046522.537.000) 03/15 15:55:01 Job terminated.
	(1) Normal termination (return value 0)
		Usr 0 00:17:10, Sys 0 00:01:40  -  Run Remote Usage
		Usr 0 00:00:00, Sys 0 00:00:00  -  Run Local Usage
		Usr 0 00:17:10, Sys 0 00:01:40  -  Total Remote Usage
		Usr 0 00:00:00, Sys 0 00:00:00  -  Total Local Usage
	0  -  Run Bytes Sent By Job
	0  -  Run Bytes Received By Job
	0  -  Total Bytes Sent By Job
	0  -  Total Bytes Received By Job
	Partitionable Resources :    Usage  Request Allocated
	   Cpus                 :                 1         1
	   Disk (KB)            :        1        1  28494197
	   Memory (MB)          :      421        1      4020
...
