000 (4031466.327.000) 03/13 00:00:43 Job submitted from host: <192.168.1.109:9618?addrs=192.168.1.109-9618+[--1]-9618&noUDP&sock=3153_969b_4>
...
001 (4031466.327.000) 03/13 00:01:23 Job executing on host: <192.168.1.42:9618?addrs=192.168.1.42-9618+[--1]-9618&noUDP&sock=3360_3385_3>
...
006 (4031466.327.000) 03/13 00:01:32 Image size of job updated: 65704
	58  -  MemoryUsage of job (MB)
	58908  -  ResidentSetSize of job (KB)
...
006 (4031466.327.000) 03/13 00:06:32 Image size of job updated: 344212
	337  -  MemoryUsage of job (MB)
	344212  -  ResidentSetSize of job (KB)
...
006 (4031466.327.000) 03/13 00:11:33 Image size of job updated: 432612
	423  -  MemoryUsage of job (MB)
	432612  -  ResidentSetSize of job (KB)
...
006 (4031466.327.000) 03/13 00:21:33 Image size of job updated: 433128
	423  -  MemoryUsage of job (MB)
	433128  -  ResidentSetSize of job (KB)
...
006 (4031466.327.000) 03/13 00:31:35 Image size of job updated: 433132
	423  -  MemoryUsage of job (MB)
	433132  -  ResidentSetSize of job (KB)
...
006 (4031466.327.000) 03/13 00:36:35 Image size of job updated: 433676
	424  -  MemoryUsage of job (MB)
	433676  -  ResidentSetSize of job (KB)
...
006 (4031466.327.000) 03/13 00:49:54 Image size of job updated: 792372
	424  -  MemoryUsage of job (MB)
	433676  -  ResidentSetSize of job (KB)
...
005 (4031466.327.000) 03/13 00:49:54 Job terminated.
	(1) Normal termination (return value 0)
		Usr 0 00:11:57, Sys 0 00:01:18  -  Run Remote Usage
		Usr 0 00:00:00, Sys 0 00:00:00  -  Run Local Usage
		Usr 0 00:11:57, Sys 0 00:01:18  -  Total Remote Usage
		Usr 0 00:00:00, Sys 0 00:00:00  -  Total Local Usage
	0  -  Run Bytes Sent By Job
	0  -  Run Bytes Received By Job
	0  -  Total Bytes Sent By Job
	0  -  Total Bytes Received By Job
	Partitionable Resources :    Usage  Request Allocated
	   Cpus                 :                 1         1
	   Disk (KB)            :        1        1  20458262
	   Memory (MB)          :      424        1      4022
...
000 (4044172.327.000) 03/13 19:21:21 Job submitted from host: <192.168.1.109:9618?addrs=192.168.1.109-9618+[--1]-9618&noUDP&sock=3153_969b_4>
...
001 (4044172.327.000) 03/13 19:22:01 Job executing on host: <192.168.1.42:9618?addrs=192.168.1.42-9618+[--1]-9618&noUDP&sock=3360_3385_3>
...
006 (4044172.327.000) 03/13 19:22:10 Image size of job updated: 60124
	58  -  MemoryUsage of job (MB)
	58904  -  ResidentSetSize of job (KB)
...
006 (4044172.327.000) 03/13 19:27:10 Image size of job updated: 352520
	343  -  MemoryUsage of job (MB)
	350500  -  ResidentSetSize of job (KB)
...
006 (4044172.327.000) 03/13 19:32:12 Image size of job updated: 383476
	373  -  MemoryUsage of job (MB)
	381456  -  ResidentSetSize of job (KB)
...
006 (4044172.327.000) 03/13 19:37:12 Image size of job updated: 434588
	423  -  MemoryUsage of job (MB)
	432568  -  ResidentSetSize of job (KB)
...
005 (4044172.327.000) 03/13 20:08:27 Job terminated.
	(1) Normal termination (return value 0)
		Usr 0 00:14:13, Sys 0 00:01:39  -  Run Remote Usage
		Usr 0 00:00:00, Sys 0 00:00:00  -  Run Local Usage
		Usr 0 00:14:13, Sys 0 00:01:39  -  Total Remote Usage
		Usr 0 00:00:00, Sys 0 00:00:00  -  Total Local Usage
	0  -  Run Bytes Sent By Job
	0  -  Run Bytes Received By Job
	0  -  Total Bytes Sent By Job
	0  -  Total Bytes Received By Job
	Partitionable Resources :    Usage  Request Allocated
	   Cpus                 :                 1         1
	   Disk (KB)            :        1        1  20458261
	   Memory (MB)          :      423        1      4022
...
000 (4046522.327.000) 03/15 14:02:19 Job submitted from host: <192.168.1.109:9618?addrs=192.168.1.109-9618+[--1]-9618&noUDP&sock=3153_969b_4>
...
001 (4046522.327.000) 03/15 15:18:59 Job executing on host: <192.168.1.43:9618?addrs=192.168.1.43-9618+[--1]-9618&noUDP&sock=3360_24bc_3>
...
006 (4046522.327.000) 03/15 15:19:08 Image size of job updated: 431580
	345  -  MemoryUsage of job (MB)
	352508  -  ResidentSetSize of job (KB)
...
006 (4046522.327.000) 03/15 15:24:09 Image size of job updated: 432860
	423  -  MemoryUsage of job (MB)
	432504  -  ResidentSetSize of job (KB)
...
006 (4046522.327.000) 03/15 15:29:09 Image size of job updated: 432860
	423  -  MemoryUsage of job (MB)
	432508  -  ResidentSetSize of job (KB)
...
006 (4046522.327.000) 03/15 15:34:09 Image size of job updated: 432940
	423  -  MemoryUsage of job (MB)
	432940  -  ResidentSetSize of job (KB)
...
006 (4046522.327.000) 03/15 15:39:10 Image size of job updated: 433236
	423  -  MemoryUsage of job (MB)
	432940  -  ResidentSetSize of job (KB)
...
006 (4046522.327.000) 03/15 15:42:28 Image size of job updated: 793300
	423  -  MemoryUsage of job (MB)
	432940  -  ResidentSetSize of job (KB)
...
005 (4046522.327.000) 03/15 15:42:28 Job terminated.
	(1) Normal termination (return value 0)
		Usr 0 00:19:34, Sys 0 00:01:57  -  Run Remote Usage
		Usr 0 00:00:00, Sys 0 00:00:00  -  Run Local Usage
		Usr 0 00:19:34, Sys 0 00:01:57  -  Total Remote Usage
		Usr 0 00:00:00, Sys 0 00:00:00  -  Total Local Usage
	0  -  Run Bytes Sent By Job
	0  -  Run Bytes Received By Job
	0  -  Total Bytes Sent By Job
	0  -  Total Bytes Received By Job
	Partitionable Resources :    Usage  Request Allocated
	   Cpus                 :                 1         1
	   Disk (KB)            :        1        1  20458450
	   Memory (MB)          :      423        1      4022
...
