000 (4031466.476.000) 03/13 00:00:44 Job submitted from host: <192.168.1.109:9618?addrs=192.168.1.109-9618+[--1]-9618&noUDP&sock=3153_969b_4>
...
001 (4031466.476.000) 03/13 00:01:29 Job executing on host: <192.168.1.39:9618?addrs=192.168.1.39-9618+[--1]-9618&noUDP&sock=3239_16fe_3>
...
006 (4031466.476.000) 03/13 00:01:38 Image size of job updated: 147792
	145  -  MemoryUsage of job (MB)
	147792  -  ResidentSetSize of job (KB)
...
006 (4031466.476.000) 03/13 00:06:39 Image size of job updated: 344024
	336  -  MemoryUsage of job (MB)
	344024  -  ResidentSetSize of job (KB)
...
006 (4031466.476.000) 03/13 00:11:39 Image size of job updated: 427264
	418  -  MemoryUsage of job (MB)
	427264  -  ResidentSetSize of job (KB)
...
006 (4031466.476.000) 03/13 00:16:39 Image size of job updated: 429568
	420  -  MemoryUsage of job (MB)
	429568  -  ResidentSetSize of job (KB)
...
006 (4031466.476.000) 03/13 00:21:40 Image size of job updated: 429576
	420  -  MemoryUsage of job (MB)
	429576  -  ResidentSetSize of job (KB)
...
005 (4031466.476.000) 03/13 00:51:27 Job terminated.
	(1) Normal termination (return value 0)
		Usr 0 00:14:25, Sys 0 00:01:26  -  Run Remote Usage
		Usr 0 00:00:00, Sys 0 00:00:00  -  Run Local Usage
		Usr 0 00:14:25, Sys 0 00:01:26  -  Total Remote Usage
		Usr 0 00:00:00, Sys 0 00:00:00  -  Total Local Usage
	0  -  Run Bytes Sent By Job
	0  -  Run Bytes Received By Job
	0  -  Total Bytes Sent By Job
	0  -  Total Bytes Received By Job
	Partitionable Resources :    Usage  Request Allocated
	   Cpus                 :                 1         1
	   Disk (KB)            :        1        1  20460460
	   Memory (MB)          :      420        1      4022
...
000 (4044172.476.000) 03/13 19:21:22 Job submitted from host: <192.168.1.109:9618?addrs=192.168.1.109-9618+[--1]-9618&noUDP&sock=3153_969b_4>
...
001 (4044172.476.000) 03/13 19:22:03 Job executing on host: <192.168.1.46:9618?addrs=192.168.1.46-9618+[--1]-9618&noUDP&sock=3272_2797_3>
...
006 (4044172.476.000) 03/13 19:22:12 Image size of job updated: 112340
	110  -  MemoryUsage of job (MB)
	112340  -  ResidentSetSize of job (KB)
...
006 (4044172.476.000) 03/13 19:27:13 Image size of job updated: 348720
	341  -  MemoryUsage of job (MB)
	348720  -  ResidentSetSize of job (KB)
...
006 (4044172.476.000) 03/13 19:32:14 Image size of job updated: 378232
	370  -  MemoryUsage of job (MB)
	378232  -  ResidentSetSize of job (KB)
...
006 (4044172.476.000) 03/13 19:37:14 Image size of job updated: 429952
	420  -  MemoryUsage of job (MB)
	429952  -  ResidentSetSize of job (KB)
...
006 (4044172.476.000) 03/13 19:42:15 Image size of job updated: 430640
	421  -  MemoryUsage of job (MB)
	430640  -  ResidentSetSize of job (KB)
...
006 (4044172.476.000) 03/13 19:47:16 Image size of job updated: 430648
	421  -  MemoryUsage of job (MB)
	430648  -  ResidentSetSize of job (KB)
...
006 (4044172.476.000) 03/13 20:12:14 Image size of job updated: 430684
	421  -  MemoryUsage of job (MB)
	430648  -  ResidentSetSize of job (KB)
...
005 (4044172.476.000) 03/13 20:12:14 Job terminated.
	(1) Normal termination (return value 0)
		Usr 0 00:15:53, Sys 0 00:01:49  -  Run Remote Usage
		Usr 0 00:00:00, Sys 0 00:00:00  -  Run Local Usage
		Usr 0 00:15:53, Sys 0 00:01:49  -  Total Remote Usage
		Usr 0 00:00:00, Sys 0 00:00:00  -  Total Local Usage
	0  -  Run Bytes Sent By Job
	0  -  Run Bytes Received By Job
	0  -  Total Bytes Sent By Job
	0  -  Total Bytes Received By Job
	Partitionable Resources :    Usage  Request Allocated
	   Cpus                 :                 1         1
	   Disk (KB)            :        1        1  20459164
	   Memory (MB)          :      421        1      4022
...
000 (4046522.476.000) 03/15 14:02:20 Job submitted from host: <192.168.1.109:9618?addrs=192.168.1.109-9618+[--1]-9618&noUDP&sock=3153_969b_4>
...
001 (4046522.476.000) 03/15 15:31:32 Job executing on host: <192.168.1.51:9618?addrs=192.168.1.51-9618+[--1]-9618&noUDP&sock=3125_b25b_3>
...
006 (4046522.476.000) 03/15 15:31:41 Image size of job updated: 424956
	338  -  MemoryUsage of job (MB)
	346020  -  ResidentSetSize of job (KB)
...
006 (4046522.476.000) 03/15 15:36:42 Image size of job updated: 429524
	420  -  MemoryUsage of job (MB)
	429236  -  ResidentSetSize of job (KB)
...
006 (4046522.476.000) 03/15 15:41:42 Image size of job updated: 431760
	422  -  MemoryUsage of job (MB)
	431476  -  ResidentSetSize of job (KB)
...
006 (4046522.476.000) 03/15 15:51:43 Image size of job updated: 431764
	422  -  MemoryUsage of job (MB)
	431480  -  ResidentSetSize of job (KB)
...
005 (4046522.476.000) 03/15 15:52:19 Job terminated.
	(1) Normal termination (return value 0)
		Usr 0 00:17:07, Sys 0 00:01:46  -  Run Remote Usage
		Usr 0 00:00:00, Sys 0 00:00:00  -  Run Local Usage
		Usr 0 00:17:07, Sys 0 00:01:46  -  Total Remote Usage
		Usr 0 00:00:00, Sys 0 00:00:00  -  Total Local Usage
	0  -  Run Bytes Sent By Job
	0  -  Run Bytes Received By Job
	0  -  Total Bytes Sent By Job
	0  -  Total Bytes Received By Job
	Partitionable Resources :    Usage  Request Allocated
	   Cpus                 :                 1         1
	   Disk (KB)            :        1        1  28494197
	   Memory (MB)          :      422        1      4020
...
