000 (4031466.393.000) 03/13 00:00:43 Job submitted from host: <192.168.1.109:9618?addrs=192.168.1.109-9618+[--1]-9618&noUDP&sock=3153_969b_4>
...
001 (4031466.393.000) 03/13 00:01:26 Job executing on host: <192.168.1.46:9618?addrs=192.168.1.46-9618+[--1]-9618&noUDP&sock=3272_2797_3>
...
006 (4031466.393.000) 03/13 00:01:35 Image size of job updated: 91380
	89  -  MemoryUsage of job (MB)
	90768  -  ResidentSetSize of job (KB)
...
006 (4031466.393.000) 03/13 00:06:36 Image size of job updated: 335400
	328  -  MemoryUsage of job (MB)
	335400  -  ResidentSetSize of job (KB)
...
006 (4031466.393.000) 03/13 00:11:36 Image size of job updated: 420612
	411  -  MemoryUsage of job (MB)
	420612  -  ResidentSetSize of job (KB)
...
006 (4031466.393.000) 03/13 00:16:36 Image size of job updated: 420988
	412  -  MemoryUsage of job (MB)
	420988  -  ResidentSetSize of job (KB)
...
006 (4031466.393.000) 03/13 00:21:37 Image size of job updated: 421120
	412  -  MemoryUsage of job (MB)
	421120  -  ResidentSetSize of job (KB)
...
006 (4031466.393.000) 03/13 00:36:39 Image size of job updated: 421328
	412  -  MemoryUsage of job (MB)
	421328  -  ResidentSetSize of job (KB)
...
006 (4031466.393.000) 03/13 00:55:04 Image size of job updated: 421632
	412  -  MemoryUsage of job (MB)
	421328  -  ResidentSetSize of job (KB)
...
005 (4031466.393.000) 03/13 00:55:04 Job terminated.
	(1) Normal termination (return value 0)
		Usr 0 00:17:02, Sys 0 00:01:40  -  Run Remote Usage
		Usr 0 00:00:00, Sys 0 00:00:00  -  Run Local Usage
		Usr 0 00:17:02, Sys 0 00:01:40  -  Total Remote Usage
		Usr 0 00:00:00, Sys 0 00:00:00  -  Total Local Usage
	0  -  Run Bytes Sent By Job
	0  -  Run Bytes Received By Job
	0  -  Total Bytes Sent By Job
	0  -  Total Bytes Received By Job
	Partitionable Resources :    Usage  Request Allocated
	   Cpus                 :                 1         1
	   Disk (KB)            :        1        1  20459164
	   Memory (MB)          :      412        1      4022
...
000 (4044172.393.000) 03/13 19:21:21 Job submitted from host: <192.168.1.109:9618?addrs=192.168.1.109-9618+[--1]-9618&noUDP&sock=3153_969b_4>
...
001 (4044172.393.000) 03/13 19:22:01 Job executing on host: <192.168.1.40:9618?addrs=192.168.1.40-9618+[--1]-9618&noUDP&sock=3366_a17e_3>
...
006 (4044172.393.000) 03/13 19:22:10 Image size of job updated: 62980
	58  -  MemoryUsage of job (MB)
	59240  -  ResidentSetSize of job (KB)
...
006 (4044172.393.000) 03/13 19:27:10 Image size of job updated: 341856
	328  -  MemoryUsage of job (MB)
	335720  -  ResidentSetSize of job (KB)
...
006 (4044172.393.000) 03/13 19:32:11 Image size of job updated: 430452
	415  -  MemoryUsage of job (MB)
	424316  -  ResidentSetSize of job (KB)
...
006 (4044172.393.000) 03/13 19:42:12 Image size of job updated: 430800
	415  -  MemoryUsage of job (MB)
	424664  -  ResidentSetSize of job (KB)
...
006 (4044172.393.000) 03/13 19:52:14 Image size of job updated: 430808
	415  -  MemoryUsage of job (MB)
	424672  -  ResidentSetSize of job (KB)
...
006 (4044172.393.000) 03/13 19:57:14 Image size of job updated: 430984
	415  -  MemoryUsage of job (MB)
	424848  -  ResidentSetSize of job (KB)
...
005 (4044172.393.000) 03/13 20:11:24 Job terminated.
	(1) Normal termination (return value 0)
		Usr 0 00:18:00, Sys 0 00:01:54  -  Run Remote Usage
		Usr 0 00:00:00, Sys 0 00:00:00  -  Run Local Usage
		Usr 0 00:18:00, Sys 0 00:01:54  -  Total Remote Usage
		Usr 0 00:00:00, Sys 0 00:00:00  -  Total Local Usage
	0  -  Run Bytes Sent By Job
	0  -  Run Bytes Received By Job
	0  -  Total Bytes Sent By Job
	0  -  Total Bytes Received By Job
	Partitionable Resources :    Usage  Request Allocated
	   Cpus                 :                 1         1
	   Disk (KB)            :        1        1  20457847
	   Memory (MB)          :      415        1      4022
...
000 (4046522.393.000) 03/15 14:02:20 Job submitted from host: <192.168.1.109:9618?addrs=192.168.1.109-9618+[--1]-9618&noUDP&sock=3153_969b_4>
...
001 (4046522.393.000) 03/15 15:25:46 Job executing on host: <192.168.1.64:9618?addrs=192.168.1.64-9618+[--1]-9618&noUDP&sock=3497_7c66_22>
...
006 (4046522.393.000) 03/15 15:25:55 Image size of job updated: 417884
	331  -  MemoryUsage of job (MB)
	338896  -  ResidentSetSize of job (KB)
...
006 (4046522.393.000) 03/15 15:30:56 Image size of job updated: 420608
	410  -  MemoryUsage of job (MB)
	419756  -  ResidentSetSize of job (KB)
...
006 (4046522.393.000) 03/15 15:35:56 Image size of job updated: 420692
	410  -  MemoryUsage of job (MB)
	419840  -  ResidentSetSize of job (KB)
...
006 (4046522.393.000) 03/15 15:40:56 Image size of job updated: 420696
	411  -  MemoryUsage of job (MB)
	419844  -  ResidentSetSize of job (KB)
...
006 (4046522.393.000) 03/15 15:45:57 Image size of job updated: 420724
	411  -  MemoryUsage of job (MB)
	419872  -  ResidentSetSize of job (KB)
...
006 (4046522.393.000) 03/15 15:50:58 Image size of job updated: 420904
	411  -  MemoryUsage of job (MB)
	420052  -  ResidentSetSize of job (KB)
...
006 (4046522.393.000) 03/15 16:06:00 Image size of job updated: 455424
	445  -  MemoryUsage of job (MB)
	455156  -  ResidentSetSize of job (KB)
...
006 (4046522.393.000) 03/15 16:06:45 Image size of job updated: 460708
	445  -  MemoryUsage of job (MB)
	455156  -  ResidentSetSize of job (KB)
...
005 (4046522.393.000) 03/15 16:06:46 Job terminated.
	(1) Normal termination (return value 0)
		Usr 0 00:37:04, Sys 0 00:03:22  -  Run Remote Usage
		Usr 0 00:00:00, Sys 0 00:00:00  -  Run Local Usage
		Usr 0 00:37:04, Sys 0 00:03:22  -  Total Remote Usage
		Usr 0 00:00:00, Sys 0 00:00:00  -  Total Local Usage
	0  -  Run Bytes Sent By Job
	0  -  Run Bytes Received By Job
	0  -  Total Bytes Sent By Job
	0  -  Total Bytes Received By Job
	Partitionable Resources :    Usage  Request Allocated
	   Cpus                 :                 1         1
	   Disk (KB)            :        1        1  22685211
	   Memory (MB)          :      445        1      4015
...
