000 (4031461.186.000) 03/12 18:25:47 Job submitted from host: <192.168.1.109:9618?addrs=192.168.1.109-9618+[--1]-9618&noUDP&sock=3153_969b_4>
...
001 (4031461.186.000) 03/12 18:26:04 Job executing on host: <192.168.1.41:9618?addrs=192.168.1.41-9618+[--1]-9618&noUDP&sock=3368_a17e_3>
...
006 (4031461.186.000) 03/12 18:26:14 Image size of job updated: 181040
	161  -  MemoryUsage of job (MB)
	164264  -  ResidentSetSize of job (KB)
...
006 (4031461.186.000) 03/12 18:31:14 Image size of job updated: 352404
	328  -  MemoryUsage of job (MB)
	335628  -  ResidentSetSize of job (KB)
...
006 (4031461.186.000) 03/12 18:36:14 Image size of job updated: 352440
	328  -  MemoryUsage of job (MB)
	335664  -  ResidentSetSize of job (KB)
...
006 (4031461.186.000) 03/12 18:41:15 Image size of job updated: 352456
	328  -  MemoryUsage of job (MB)
	335680  -  ResidentSetSize of job (KB)
...
005 (4031461.186.000) 03/12 18:42:36 Job terminated.
	(1) Normal termination (return value 0)
		Usr 0 00:14:21, Sys 0 00:01:27  -  Run Remote Usage
		Usr 0 00:00:00, Sys 0 00:00:00  -  Run Local Usage
		Usr 0 00:14:21, Sys 0 00:01:27  -  Total Remote Usage
		Usr 0 00:00:00, Sys 0 00:00:00  -  Total Local Usage
	0  -  Run Bytes Sent By Job
	0  -  Run Bytes Received By Job
	0  -  Total Bytes Sent By Job
	0  -  Total Bytes Received By Job
	Partitionable Resources :    Usage  Request Allocated
	   Cpus                 :                 1         1
	   Disk (KB)            :        1        1  20458618
	   Memory (MB)          :      328        1      4022
...
000 (4031462.186.000) 03/12 20:10:17 Job submitted from host: <192.168.1.109:9618?addrs=192.168.1.109-9618+[--1]-9618&noUDP&sock=3153_969b_4>
...
001 (4031462.186.000) 03/12 20:10:46 Job executing on host: <192.168.1.49:9618?addrs=192.168.1.49-9618+[--1]-9618&noUDP&sock=3240_e427_3>
...
006 (4031462.186.000) 03/12 20:10:55 Image size of job updated: 98924
	92  -  MemoryUsage of job (MB)
	94072  -  ResidentSetSize of job (KB)
...
006 (4031462.186.000) 03/12 20:15:56 Image size of job updated: 495172
	478  -  MemoryUsage of job (MB)
	488980  -  ResidentSetSize of job (KB)
...
006 (4031462.186.000) 03/12 20:20:56 Image size of job updated: 495404
	478  -  MemoryUsage of job (MB)
	489212  -  ResidentSetSize of job (KB)
...
005 (4031462.186.000) 03/12 20:25:43 Job terminated.
	(1) Normal termination (return value 0)
		Usr 0 00:12:45, Sys 0 00:01:15  -  Run Remote Usage
		Usr 0 00:00:00, Sys 0 00:00:00  -  Run Local Usage
		Usr 0 00:12:45, Sys 0 00:01:15  -  Total Remote Usage
		Usr 0 00:00:00, Sys 0 00:00:00  -  Total Local Usage
	0  -  Run Bytes Sent By Job
	0  -  Run Bytes Received By Job
	0  -  Total Bytes Sent By Job
	0  -  Total Bytes Received By Job
	Partitionable Resources :    Usage  Request Allocated
	   Cpus                 :                 1         1
	   Disk (KB)            :        1        1  28491601
	   Memory (MB)          :      478        1      4020
...
000 (4031466.186.000) 03/13 00:00:41 Job submitted from host: <192.168.1.109:9618?addrs=192.168.1.109-9618+[--1]-9618&noUDP&sock=3153_969b_4>
...
001 (4031466.186.000) 03/13 00:01:16 Job executing on host: <192.168.1.63:9618?addrs=192.168.1.63-9618+[--1]-9618&noUDP&sock=3501_ea5f_33>
...
006 (4031466.186.000) 03/13 00:01:24 Image size of job updated: 321724
	294  -  MemoryUsage of job (MB)
	300428  -  ResidentSetSize of job (KB)
...
006 (4031466.186.000) 03/13 00:06:24 Image size of job updated: 432452
	423  -  MemoryUsage of job (MB)
	432452  -  ResidentSetSize of job (KB)
...
006 (4031466.186.000) 03/13 00:16:25 Image size of job updated: 432684
	423  -  MemoryUsage of job (MB)
	432684  -  ResidentSetSize of job (KB)
...
006 (4031466.186.000) 03/13 00:31:27 Image size of job updated: 432700
	423  -  MemoryUsage of job (MB)
	432700  -  ResidentSetSize of job (KB)
...
006 (4031466.186.000) 03/13 00:46:29 Image size of job updated: 432732
	423  -  MemoryUsage of job (MB)
	432732  -  ResidentSetSize of job (KB)
...
006 (4031466.186.000) 03/13 00:51:29 Image size of job updated: 470668
	460  -  MemoryUsage of job (MB)
	470668  -  ResidentSetSize of job (KB)
...
005 (4031466.186.000) 03/13 00:54:37 Job terminated.
	(1) Normal termination (return value 0)
		Usr 0 00:46:14, Sys 0 00:03:39  -  Run Remote Usage
		Usr 0 00:00:00, Sys 0 00:00:00  -  Run Local Usage
		Usr 0 00:46:14, Sys 0 00:03:39  -  Total Remote Usage
		Usr 0 00:00:00, Sys 0 00:00:00  -  Total Local Usage
	0  -  Run Bytes Sent By Job
	0  -  Run Bytes Received By Job
	0  -  Total Bytes Sent By Job
	0  -  Total Bytes Received By Job
	Partitionable Resources :    Usage  Request Allocated
	   Cpus                 :                 1         1
	   Disk (KB)            :        1        1  22685400
	   Memory (MB)          :      460        1      4015
...
000 (4044172.186.000) 03/13 19:21:19 Job submitted from host: <192.168.1.109:9618?addrs=192.168.1.109-9618+[--1]-9618&noUDP&sock=3153_969b_4>
...
001 (4044172.186.000) 03/13 19:21:51 Job executing on host: <192.168.1.64:9618?addrs=192.168.1.64-9618+[--1]-9618&noUDP&sock=3497_7c66_22>
...
006 (4044172.186.000) 03/13 19:22:00 Image size of job updated: 157904
	145  -  MemoryUsage of job (MB)
	147648  -  ResidentSetSize of job (KB)
...
006 (4044172.186.000) 03/13 19:27:01 Image size of job updated: 375600
	367  -  MemoryUsage of job (MB)
	375488  -  ResidentSetSize of job (KB)
...
006 (4044172.186.000) 03/13 19:32:01 Image size of job updated: 432344
	423  -  MemoryUsage of job (MB)
	432232  -  ResidentSetSize of job (KB)
...
006 (4044172.186.000) 03/13 20:02:05 Image size of job updated: 470708
	460  -  MemoryUsage of job (MB)
	470596  -  ResidentSetSize of job (KB)
...
006 (4044172.186.000) 03/13 20:22:01 Image size of job updated: 793780
	460  -  MemoryUsage of job (MB)
	470596  -  ResidentSetSize of job (KB)
...
005 (4044172.186.000) 03/13 20:22:01 Job terminated.
	(1) Normal termination (return value 0)
		Usr 0 00:52:07, Sys 0 00:04:15  -  Run Remote Usage
		Usr 0 00:00:00, Sys 0 00:00:00  -  Run Local Usage
		Usr 0 00:52:07, Sys 0 00:04:15  -  Total Remote Usage
		Usr 0 00:00:00, Sys 0 00:00:00  -  Total Local Usage
	0  -  Run Bytes Sent By Job
	0  -  Run Bytes Received By Job
	0  -  Total Bytes Sent By Job
	0  -  Total Bytes Received By Job
	Partitionable Resources :    Usage  Request Allocated
	   Cpus                 :                 1         1
	   Disk (KB)            :        1        1  22685211
	   Memory (MB)          :      460        1      4015
...
000 (4046522.186.000) 03/15 14:02:17 Job submitted from host: <192.168.1.109:9618?addrs=192.168.1.109-9618+[--1]-9618&noUDP&sock=3153_969b_4>
...
001 (4046522.186.000) 03/15 15:04:43 Job executing on host: <192.168.1.50:9618?addrs=192.168.1.50-9618+[--1]-9618&noUDP&sock=3247_5221_3>
...
006 (4046522.186.000) 03/15 15:04:52 Image size of job updated: 424796
	338  -  MemoryUsage of job (MB)
	345736  -  ResidentSetSize of job (KB)
...
006 (4046522.186.000) 03/15 15:09:52 Image size of job updated: 434372
	424  -  MemoryUsage of job (MB)
	433512  -  ResidentSetSize of job (KB)
...
006 (4046522.186.000) 03/15 15:14:52 Image size of job updated: 434460
	424  -  MemoryUsage of job (MB)
	433512  -  ResidentSetSize of job (KB)
...
006 (4046522.186.000) 03/15 15:19:53 Image size of job updated: 434460
	424  -  MemoryUsage of job (MB)
	433520  -  ResidentSetSize of job (KB)
...
005 (4046522.186.000) 03/15 15:25:01 Job terminated.
	(1) Normal termination (return value 0)
		Usr 0 00:18:07, Sys 0 00:01:42  -  Run Remote Usage
		Usr 0 00:00:00, Sys 0 00:00:00  -  Run Local Usage
		Usr 0 00:18:07, Sys 0 00:01:42  -  Total Remote Usage
		Usr 0 00:00:00, Sys 0 00:00:00  -  Total Local Usage
	0  -  Run Bytes Sent By Job
	0  -  Run Bytes Received By Job
	0  -  Total Bytes Sent By Job
	0  -  Total Bytes Received By Job
	Partitionable Resources :    Usage  Request Allocated
	   Cpus                 :                 1         1
	   Disk (KB)            :        1        1  28493273
	   Memory (MB)          :      424        1      4020
...
