000 (4031461.171.000) 03/12 18:25:47 Job submitted from host: <192.168.1.109:9618?addrs=192.168.1.109-9618+[--1]-9618&noUDP&sock=3153_969b_4>
...
001 (4031461.171.000) 03/12 18:26:04 Job executing on host: <192.168.1.49:9618?addrs=192.168.1.49-9618+[--1]-9618&noUDP&sock=3240_e427_3>
...
006 (4031461.171.000) 03/12 18:26:12 Image size of job updated: 128496
	115  -  MemoryUsage of job (MB)
	117388  -  ResidentSetSize of job (KB)
...
006 (4031461.171.000) 03/12 18:31:12 Image size of job updated: 476768
	454  -  MemoryUsage of job (MB)
	464708  -  ResidentSetSize of job (KB)
...
006 (4031461.171.000) 03/12 18:36:13 Image size of job updated: 476780
	454  -  MemoryUsage of job (MB)
	464720  -  ResidentSetSize of job (KB)
...
005 (4031461.171.000) 03/12 18:40:02 Job terminated.
	(1) Normal termination (return value 0)
		Usr 0 00:12:13, Sys 0 00:01:08  -  Run Remote Usage
		Usr 0 00:00:00, Sys 0 00:00:00  -  Run Local Usage
		Usr 0 00:12:13, Sys 0 00:01:08  -  Total Remote Usage
		Usr 0 00:00:00, Sys 0 00:00:00  -  Total Local Usage
	0  -  Run Bytes Sent By Job
	0  -  Run Bytes Received By Job
	0  -  Total Bytes Sent By Job
	0  -  Total Bytes Received By Job
	Partitionable Resources :    Usage  Request Allocated
	   Cpus                 :                 1         1
	   Disk (KB)            :        1        1  28491601
	   Memory (MB)          :      454        1      4020
...
000 (4031462.171.000) 03/12 20:10:17 Job submitted from host: <192.168.1.109:9618?addrs=192.168.1.109-9618+[--1]-9618&noUDP&sock=3153_969b_4>
...
001 (4031462.171.000) 03/12 20:10:46 Job executing on host: <192.168.1.49:9618?addrs=192.168.1.49-9618+[--1]-9618&noUDP&sock=3240_e427_3>
...
006 (4031462.171.000) 03/12 20:10:54 Image size of job updated: 102284
	90  -  MemoryUsage of job (MB)
	91340  -  ResidentSetSize of job (KB)
...
006 (4031462.171.000) 03/12 20:15:54 Image size of job updated: 481288
	458  -  MemoryUsage of job (MB)
	468600  -  ResidentSetSize of job (KB)
...
006 (4031462.171.000) 03/12 20:20:55 Image size of job updated: 481292
	458  -  MemoryUsage of job (MB)
	468604  -  ResidentSetSize of job (KB)
...
006 (4031462.171.000) 03/12 20:25:56 Image size of job updated: 481296
	458  -  MemoryUsage of job (MB)
	468608  -  ResidentSetSize of job (KB)
...
005 (4031462.171.000) 03/12 20:26:15 Job terminated.
	(1) Normal termination (return value 0)
		Usr 0 00:13:12, Sys 0 00:01:20  -  Run Remote Usage
		Usr 0 00:00:00, Sys 0 00:00:00  -  Run Local Usage
		Usr 0 00:13:12, Sys 0 00:01:20  -  Total Remote Usage
		Usr 0 00:00:00, Sys 0 00:00:00  -  Total Local Usage
	0  -  Run Bytes Sent By Job
	0  -  Run Bytes Received By Job
	0  -  Total Bytes Sent By Job
	0  -  Total Bytes Received By Job
	Partitionable Resources :    Usage  Request Allocated
	   Cpus                 :                 1         1
	   Disk (KB)            :        1        1  28491601
	   Memory (MB)          :      458        1      4020
...
000 (4031466.171.000) 03/13 00:00:41 Job submitted from host: <192.168.1.109:9618?addrs=192.168.1.109-9618+[--1]-9618&noUDP&sock=3153_969b_4>
...
001 (4031466.171.000) 03/13 00:01:15 Job executing on host: <192.168.1.54:9618?addrs=192.168.1.54-9618+[--1]-9618&noUDP&sock=3362_92b5_36>
...
006 (4031466.171.000) 03/13 00:01:24 Image size of job updated: 274348
	228  -  MemoryUsage of job (MB)
	232488  -  ResidentSetSize of job (KB)
...
006 (4031466.171.000) 03/13 00:06:25 Image size of job updated: 426268
	417  -  MemoryUsage of job (MB)
	426000  -  ResidentSetSize of job (KB)
...
006 (4031466.171.000) 03/13 00:11:25 Image size of job updated: 426468
	417  -  MemoryUsage of job (MB)
	426200  -  ResidentSetSize of job (KB)
...
006 (4031466.171.000) 03/13 00:16:26 Image size of job updated: 426472
	417  -  MemoryUsage of job (MB)
	426204  -  ResidentSetSize of job (KB)
...
006 (4031466.171.000) 03/13 00:21:27 Image size of job updated: 426520
	417  -  MemoryUsage of job (MB)
	426252  -  ResidentSetSize of job (KB)
...
005 (4031466.171.000) 03/13 00:30:00 Job terminated.
	(1) Normal termination (return value 0)
		Usr 0 00:24:19, Sys 0 00:02:23  -  Run Remote Usage
		Usr 0 00:00:00, Sys 0 00:00:00  -  Run Local Usage
		Usr 0 00:24:19, Sys 0 00:02:23  -  Total Remote Usage
		Usr 0 00:00:00, Sys 0 00:00:00  -  Total Local Usage
	0  -  Run Bytes Sent By Job
	0  -  Run Bytes Received By Job
	0  -  Total Bytes Sent By Job
	0  -  Total Bytes Received By Job
	Partitionable Resources :    Usage  Request Allocated
	   Cpus                 :                 1         1
	   Disk (KB)            :        1        1  22660606
	   Memory (MB)          :      417        1      4001
...
000 (4044172.171.000) 03/13 19:21:19 Job submitted from host: <192.168.1.109:9618?addrs=192.168.1.109-9618+[--1]-9618&noUDP&sock=3153_969b_4>
...
001 (4044172.171.000) 03/13 19:21:50 Job executing on host: <192.168.1.65:9618?addrs=192.168.1.65-9618+[--1]-9618&noUDP&sock=3515_344b_35>
...
006 (4044172.171.000) 03/13 19:21:59 Image size of job updated: 148368
	145  -  MemoryUsage of job (MB)
	147560  -  ResidentSetSize of job (KB)
...
006 (4044172.171.000) 03/13 19:27:00 Image size of job updated: 427940
	416  -  MemoryUsage of job (MB)
	425492  -  ResidentSetSize of job (KB)
...
006 (4044172.171.000) 03/13 19:47:02 Image size of job updated: 464404
	452  -  MemoryUsage of job (MB)
	461956  -  ResidentSetSize of job (KB)
...
006 (4044172.171.000) 03/13 20:02:03 Image size of job updated: 464404
	452  -  MemoryUsage of job (MB)
	461968  -  ResidentSetSize of job (KB)
...
005 (4044172.171.000) 03/13 20:12:57 Job terminated.
	(1) Normal termination (return value 0)
		Usr 0 00:45:01, Sys 0 00:03:43  -  Run Remote Usage
		Usr 0 00:00:00, Sys 0 00:00:00  -  Run Local Usage
		Usr 0 00:45:01, Sys 0 00:03:43  -  Total Remote Usage
		Usr 0 00:00:00, Sys 0 00:00:00  -  Total Local Usage
	0  -  Run Bytes Sent By Job
	0  -  Run Bytes Received By Job
	0  -  Total Bytes Sent By Job
	0  -  Total Bytes Received By Job
	Partitionable Resources :    Usage  Request Allocated
	   Cpus                 :                 1         1
	   Disk (KB)            :        1        1  22684044
	   Memory (MB)          :      452        1      4015
...
000 (4046522.171.000) 03/15 14:02:16 Job submitted from host: <192.168.1.109:9618?addrs=192.168.1.109-9618+[--1]-9618&noUDP&sock=3153_969b_4>
...
001 (4046522.171.000) 03/15 15:02:21 Job executing on host: <192.168.1.43:9618?addrs=192.168.1.43-9618+[--1]-9618&noUDP&sock=3360_24bc_3>
...
006 (4046522.171.000) 03/15 15:02:30 Image size of job updated: 419132
	333  -  MemoryUsage of job (MB)
	340096  -  ResidentSetSize of job (KB)
...
006 (4046522.171.000) 03/15 15:07:31 Image size of job updated: 423812
	414  -  MemoryUsage of job (MB)
	423308  -  ResidentSetSize of job (KB)
...
006 (4046522.171.000) 03/15 15:12:31 Image size of job updated: 423888
	414  -  MemoryUsage of job (MB)
	423340  -  ResidentSetSize of job (KB)
...
006 (4046522.171.000) 03/15 15:18:18 Image size of job updated: 783188
	414  -  MemoryUsage of job (MB)
	423340  -  ResidentSetSize of job (KB)
...
005 (4046522.171.000) 03/15 15:18:18 Job terminated.
	(1) Normal termination (return value 0)
		Usr 0 00:13:59, Sys 0 00:01:35  -  Run Remote Usage
		Usr 0 00:00:00, Sys 0 00:00:00  -  Run Local Usage
		Usr 0 00:13:59, Sys 0 00:01:35  -  Total Remote Usage
		Usr 0 00:00:00, Sys 0 00:00:00  -  Total Local Usage
	0  -  Run Bytes Sent By Job
	0  -  Run Bytes Received By Job
	0  -  Total Bytes Sent By Job
	0  -  Total Bytes Received By Job
	Partitionable Resources :    Usage  Request Allocated
	   Cpus                 :                 1         1
	   Disk (KB)            :        1        1  20458450
	   Memory (MB)          :      414        1      4022
...
