000 (4031233.087.000) 03/12 14:28:35 Job submitted from host: <192.168.1.109:9618?addrs=192.168.1.109-9618+[--1]-9618&noUDP&sock=3153_969b_4>
...
001 (4031233.087.000) 03/12 14:28:50 Job executing on host: <192.168.1.65:9618?addrs=192.168.1.65-9618+[--1]-9618&noUDP&sock=3515_344b_35>
...
006 (4031233.087.000) 03/12 14:28:59 Image size of job updated: 27364
	26  -  MemoryUsage of job (MB)
	25940  -  ResidentSetSize of job (KB)
...
006 (4031233.087.000) 03/12 14:34:00 Image size of job updated: 469728
	451  -  MemoryUsage of job (MB)
	461100  -  ResidentSetSize of job (KB)
...
006 (4031233.087.000) 03/12 14:39:00 Image size of job updated: 470232
	451  -  MemoryUsage of job (MB)
	461604  -  ResidentSetSize of job (KB)
...
006 (4031233.087.000) 03/12 14:44:00 Image size of job updated: 470236
	451  -  MemoryUsage of job (MB)
	461608  -  ResidentSetSize of job (KB)
...
006 (4031233.087.000) 03/12 14:49:01 Image size of job updated: 470244
	451  -  MemoryUsage of job (MB)
	461616  -  ResidentSetSize of job (KB)
...
004 (4031233.087.000) 03/12 14:54:07 Job was evicted.
	(0) Job was not checkpointed.
		Usr 0 00:22:32, Sys 0 00:02:00  -  Run Remote Usage
		Usr 0 00:00:00, Sys 0 00:00:00  -  Run Local Usage
	0  -  Run Bytes Sent By Job
	0  -  Run Bytes Received By Job
	Partitionable Resources :    Usage  Request Allocated
	   Cpus                 :                 1         1
	   Disk (KB)            :        1        1  22684044
	   Memory (MB)          :      451        1      4015
...
009 (4031233.087.000) 03/12 14:54:09 Job was aborted by the user.
	via condor_rm (by user routray)
...
000 (4031234.087.000) 03/12 15:03:14 Job submitted from host: <192.168.1.109:9618?addrs=192.168.1.109-9618+[--1]-9618&noUDP&sock=3153_969b_4>
...
001 (4031234.087.000) 03/12 15:03:41 Job executing on host: <192.168.1.40:9618?addrs=192.168.1.40-9618+[--1]-9618&noUDP&sock=3366_a17e_3>
...
006 (4031234.087.000) 03/12 15:03:50 Image size of job updated: 195048
	186  -  MemoryUsage of job (MB)
	189508  -  ResidentSetSize of job (KB)
...
006 (4031234.087.000) 03/12 15:08:51 Image size of job updated: 352360
	344  -  MemoryUsage of job (MB)
	351904  -  ResidentSetSize of job (KB)
...
004 (4031234.087.000) 03/12 15:12:48 Job was evicted.
	(0) Job was not checkpointed.
		Usr 0 00:07:35, Sys 0 00:00:46  -  Run Remote Usage
		Usr 0 00:00:00, Sys 0 00:00:00  -  Run Local Usage
	0  -  Run Bytes Sent By Job
	0  -  Run Bytes Received By Job
	Partitionable Resources :    Usage  Request Allocated
	   Cpus                 :                 1         1
	   Disk (KB)            :        1        1  20457847
	   Memory (MB)          :      344        1      4022
...
009 (4031234.087.000) 03/12 15:12:51 Job was aborted by the user.
	via condor_rm (by user routray)
...
000 (4031235.087.000) 03/12 15:16:44 Job submitted from host: <192.168.1.109:9618?addrs=192.168.1.109-9618+[--1]-9618&noUDP&sock=3153_969b_4>
...
001 (4031235.087.000) 03/12 15:17:02 Job executing on host: <192.168.1.44:9618?addrs=192.168.1.44-9618+[--1]-9618&noUDP&sock=3035_ca7b_3>
...
006 (4031235.087.000) 03/12 15:17:10 Image size of job updated: 167588
	162  -  MemoryUsage of job (MB)
	165152  -  ResidentSetSize of job (KB)
...
006 (4031235.087.000) 03/12 15:22:10 Image size of job updated: 339968
	330  -  MemoryUsage of job (MB)
	337532  -  ResidentSetSize of job (KB)
...
006 (4031235.087.000) 03/12 15:27:11 Image size of job updated: 339984
	330  -  MemoryUsage of job (MB)
	337548  -  ResidentSetSize of job (KB)
...
005 (4031235.087.000) 03/12 15:36:55 Job terminated.
	(1) Normal termination (return value 0)
		Usr 0 00:17:36, Sys 0 00:02:01  -  Run Remote Usage
		Usr 0 00:00:00, Sys 0 00:00:00  -  Run Local Usage
		Usr 0 00:17:36, Sys 0 00:02:01  -  Total Remote Usage
		Usr 0 00:00:00, Sys 0 00:00:00  -  Total Local Usage
	0  -  Run Bytes Sent By Job
	0  -  Run Bytes Received By Job
	0  -  Total Bytes Sent By Job
	0  -  Total Bytes Received By Job
	Partitionable Resources :    Usage  Request Allocated
	   Cpus                 :                 1         1
	   Disk (KB)            :        1        1  20458817
	   Memory (MB)          :      330        1      4022
...
000 (4031450.087.000) 03/12 16:23:12 Job submitted from host: <192.168.1.109:9618?addrs=192.168.1.109-9618+[--1]-9618&noUDP&sock=3153_969b_4>
...
001 (4031450.087.000) 03/12 16:23:37 Job executing on host: <192.168.1.46:9618?addrs=192.168.1.46-9618+[--1]-9618&noUDP&sock=3272_2797_3>
...
006 (4031450.087.000) 03/12 16:23:46 Image size of job updated: 296532
	272  -  MemoryUsage of job (MB)
	277508  -  ResidentSetSize of job (KB)
...
006 (4031450.087.000) 03/12 16:28:47 Image size of job updated: 479236
	450  -  MemoryUsage of job (MB)
	460028  -  ResidentSetSize of job (KB)
...
006 (4031450.087.000) 03/12 16:33:47 Image size of job updated: 479244
	450  -  MemoryUsage of job (MB)
	460036  -  ResidentSetSize of job (KB)
...
006 (4031450.087.000) 03/12 16:37:37 Image size of job updated: 485396
	450  -  MemoryUsage of job (MB)
	460036  -  ResidentSetSize of job (KB)
...
005 (4031450.087.000) 03/12 16:37:37 Job terminated.
	(1) Normal termination (return value 0)
		Usr 0 00:12:17, Sys 0 00:01:16  -  Run Remote Usage
		Usr 0 00:00:00, Sys 0 00:00:00  -  Run Local Usage
		Usr 0 00:12:17, Sys 0 00:01:16  -  Total Remote Usage
		Usr 0 00:00:00, Sys 0 00:00:00  -  Total Local Usage
	0  -  Run Bytes Sent By Job
	0  -  Run Bytes Received By Job
	0  -  Total Bytes Sent By Job
	0  -  Total Bytes Received By Job
	Partitionable Resources :    Usage  Request Allocated
	   Cpus                 :                 1         1
	   Disk (KB)            :        1        1  20459165
	   Memory (MB)          :      450        1      4022
...
000 (4031461.087.000) 03/12 18:25:46 Job submitted from host: <192.168.1.109:9618?addrs=192.168.1.109-9618+[--1]-9618&noUDP&sock=3153_969b_4>
...
001 (4031461.087.000) 03/12 18:26:01 Job executing on host: <192.168.1.46:9618?addrs=192.168.1.46-9618+[--1]-9618&noUDP&sock=3272_2797_3>
...
006 (4031461.087.000) 03/12 18:26:09 Image size of job updated: 136900
	128  -  MemoryUsage of job (MB)
	130148  -  ResidentSetSize of job (KB)
...
006 (4031461.087.000) 03/12 18:31:09 Image size of job updated: 419396
	403  -  MemoryUsage of job (MB)
	412048  -  ResidentSetSize of job (KB)
...
006 (4031461.087.000) 03/12 18:36:10 Image size of job updated: 452856
	436  -  MemoryUsage of job (MB)
	445508  -  ResidentSetSize of job (KB)
...
006 (4031461.087.000) 03/12 18:42:07 Image size of job updated: 774664
	436  -  MemoryUsage of job (MB)
	445508  -  ResidentSetSize of job (KB)
...
005 (4031461.087.000) 03/12 18:42:07 Job terminated.
	(1) Normal termination (return value 0)
		Usr 0 00:13:28, Sys 0 00:01:24  -  Run Remote Usage
		Usr 0 00:00:00, Sys 0 00:00:00  -  Run Local Usage
		Usr 0 00:13:28, Sys 0 00:01:24  -  Total Remote Usage
		Usr 0 00:00:00, Sys 0 00:00:00  -  Total Local Usage
	0  -  Run Bytes Sent By Job
	0  -  Run Bytes Received By Job
	0  -  Total Bytes Sent By Job
	0  -  Total Bytes Received By Job
	Partitionable Resources :    Usage  Request Allocated
	   Cpus                 :                 1         1
	   Disk (KB)            :        1        1  20459165
	   Memory (MB)          :      436        1      4022
...
000 (4031462.087.000) 03/12 20:10:16 Job submitted from host: <192.168.1.109:9618?addrs=192.168.1.109-9618+[--1]-9618&noUDP&sock=3153_969b_4>
...
001 (4031462.087.000) 03/12 20:10:42 Job executing on host: <192.168.1.40:9618?addrs=192.168.1.40-9618+[--1]-9618&noUDP&sock=3366_a17e_3>
...
006 (4031462.087.000) 03/12 20:10:51 Image size of job updated: 167972
	157  -  MemoryUsage of job (MB)
	160488  -  ResidentSetSize of job (KB)
...
006 (4031462.087.000) 03/12 20:15:52 Image size of job updated: 393036
	377  -  MemoryUsage of job (MB)
	385112  -  ResidentSetSize of job (KB)
...
006 (4031462.087.000) 03/12 20:20:52 Image size of job updated: 393044
	377  -  MemoryUsage of job (MB)
	385120  -  ResidentSetSize of job (KB)
...
005 (4031462.087.000) 03/12 20:24:38 Job terminated.
	(1) Normal termination (return value 0)
		Usr 0 00:12:00, Sys 0 00:01:18  -  Run Remote Usage
		Usr 0 00:00:00, Sys 0 00:00:00  -  Run Local Usage
		Usr 0 00:12:00, Sys 0 00:01:18  -  Total Remote Usage
		Usr 0 00:00:00, Sys 0 00:00:00  -  Total Local Usage
	0  -  Run Bytes Sent By Job
	0  -  Run Bytes Received By Job
	0  -  Total Bytes Sent By Job
	0  -  Total Bytes Received By Job
	Partitionable Resources :    Usage  Request Allocated
	   Cpus                 :                 1         1
	   Disk (KB)            :        1        1  20457847
	   Memory (MB)          :      377        1      4022
...
000 (4031463.087.000) 03/12 21:35:10 Job submitted from host: <192.168.1.109:9618?addrs=192.168.1.109-9618+[--1]-9618&noUDP&sock=3153_969b_4>
...
001 (4031463.087.000) 03/12 21:35:44 Job executing on host: <192.168.1.53:9618?addrs=192.168.1.53-9618+[--1]-9618&noUDP&sock=3369_5fdf_35>
...
006 (4031463.087.000) 03/12 21:35:52 Image size of job updated: 8704
	7  -  MemoryUsage of job (MB)
	6588  -  ResidentSetSize of job (KB)
...
006 (4031463.087.000) 03/12 21:40:52 Image size of job updated: 446580
	426  -  MemoryUsage of job (MB)
	435340  -  ResidentSetSize of job (KB)
...
006 (4031463.087.000) 03/12 21:45:53 Image size of job updated: 446772
	426  -  MemoryUsage of job (MB)
	435532  -  ResidentSetSize of job (KB)
...
006 (4031463.087.000) 03/12 21:50:53 Image size of job updated: 446828
	426  -  MemoryUsage of job (MB)
	435588  -  ResidentSetSize of job (KB)
...
006 (4031463.087.000) 03/12 21:55:53 Image size of job updated: 446832
	426  -  MemoryUsage of job (MB)
	435592  -  ResidentSetSize of job (KB)
...
006 (4031463.087.000) 03/12 22:00:54 Image size of job updated: 446840
	426  -  MemoryUsage of job (MB)
	435600  -  ResidentSetSize of job (KB)
...
005 (4031463.087.000) 03/12 22:03:09 Job terminated.
	(1) Normal termination (return value 0)
		Usr 0 00:24:03, Sys 0 00:02:25  -  Run Remote Usage
		Usr 0 00:00:00, Sys 0 00:00:00  -  Run Local Usage
		Usr 0 00:24:03, Sys 0 00:02:25  -  Total Remote Usage
		Usr 0 00:00:00, Sys 0 00:00:00  -  Total Local Usage
	0  -  Run Bytes Sent By Job
	0  -  Run Bytes Received By Job
	0  -  Total Bytes Sent By Job
	0  -  Total Bytes Received By Job
	Partitionable Resources :    Usage  Request Allocated
	   Cpus                 :                 1         1
	   Disk (KB)            :        1        1  22662182
	   Memory (MB)          :      426        1      4001
...
000 (4031466.087.000) 03/13 00:00:40 Job submitted from host: <192.168.1.109:9618?addrs=192.168.1.109-9618+[--1]-9618&noUDP&sock=3153_969b_4>
...
001 (4031466.087.000) 03/13 00:01:11 Job executing on host: <192.168.1.53:9618?addrs=192.168.1.53-9618+[--1]-9618&noUDP&sock=3369_5fdf_35>
...
006 (4031466.087.000) 03/13 00:01:19 Image size of job updated: 85372
	76  -  MemoryUsage of job (MB)
	76908  -  ResidentSetSize of job (KB)
...
006 (4031466.087.000) 03/13 00:06:19 Image size of job updated: 438820
	429  -  MemoryUsage of job (MB)
	438596  -  ResidentSetSize of job (KB)
...
006 (4031466.087.000) 03/13 00:21:20 Image size of job updated: 439204
	429  -  MemoryUsage of job (MB)
	438972  -  ResidentSetSize of job (KB)
...
006 (4031466.087.000) 03/13 00:25:24 Image size of job updated: 475328
	429  -  MemoryUsage of job (MB)
	438972  -  ResidentSetSize of job (KB)
...
005 (4031466.087.000) 03/13 00:25:24 Job terminated.
	(1) Normal termination (return value 0)
		Usr 0 00:19:23, Sys 0 00:01:58  -  Run Remote Usage
		Usr 0 00:00:00, Sys 0 00:00:00  -  Run Local Usage
		Usr 0 00:19:23, Sys 0 00:01:58  -  Total Remote Usage
		Usr 0 00:00:00, Sys 0 00:00:00  -  Total Local Usage
	0  -  Run Bytes Sent By Job
	0  -  Run Bytes Received By Job
	0  -  Total Bytes Sent By Job
	0  -  Total Bytes Received By Job
	Partitionable Resources :    Usage  Request Allocated
	   Cpus                 :                 1         1
	   Disk (KB)            :        1        1  22662182
	   Memory (MB)          :      429        1      4001
...
000 (4044172.087.000) 03/13 19:21:18 Job submitted from host: <192.168.1.109:9618?addrs=192.168.1.109-9618+[--1]-9618&noUDP&sock=3153_969b_4>
...
001 (4044172.087.000) 03/13 19:21:46 Job executing on host: <192.168.1.63:9618?addrs=192.168.1.63-9618+[--1]-9618&noUDP&sock=3501_ea5f_33>
...
006 (4044172.087.000) 03/13 19:21:54 Image size of job updated: 111256
	109  -  MemoryUsage of job (MB)
	110976  -  ResidentSetSize of job (KB)
...
006 (4044172.087.000) 03/13 19:26:54 Image size of job updated: 358820
	351  -  MemoryUsage of job (MB)
	358452  -  ResidentSetSize of job (KB)
...
006 (4044172.087.000) 03/13 19:31:55 Image size of job updated: 471776
	461  -  MemoryUsage of job (MB)
	471408  -  ResidentSetSize of job (KB)
...
006 (4044172.087.000) 03/13 19:36:56 Image size of job updated: 472196
	461  -  MemoryUsage of job (MB)
	471828  -  ResidentSetSize of job (KB)
...
006 (4044172.087.000) 03/13 19:56:57 Image size of job updated: 472200
	461  -  MemoryUsage of job (MB)
	471832  -  ResidentSetSize of job (KB)
...
006 (4044172.087.000) 03/13 20:04:12 Image size of job updated: 796076
	461  -  MemoryUsage of job (MB)
	471832  -  ResidentSetSize of job (KB)
...
005 (4044172.087.000) 03/13 20:04:12 Job terminated.
	(1) Normal termination (return value 0)
		Usr 0 00:35:42, Sys 0 00:02:55  -  Run Remote Usage
		Usr 0 00:00:00, Sys 0 00:00:00  -  Run Local Usage
		Usr 0 00:35:42, Sys 0 00:02:55  -  Total Remote Usage
		Usr 0 00:00:00, Sys 0 00:00:00  -  Total Local Usage
	0  -  Run Bytes Sent By Job
	0  -  Run Bytes Received By Job
	0  -  Total Bytes Sent By Job
	0  -  Total Bytes Received By Job
	Partitionable Resources :    Usage  Request Allocated
	   Cpus                 :                 1         1
	   Disk (KB)            :        1        1  22685400
	   Memory (MB)          :      461        1      4015
...
000 (4046522.087.000) 03/15 14:02:15 Job submitted from host: <192.168.1.109:9618?addrs=192.168.1.109-9618+[--1]-9618&noUDP&sock=3153_969b_4>
...
001 (4046522.087.000) 03/15 14:47:06 Job executing on host: <192.168.1.64:9618?addrs=192.168.1.64-9618+[--1]-9618&noUDP&sock=3497_7c66_22>
...
006 (4046522.087.000) 03/15 14:47:15 Image size of job updated: 439224
	349  -  MemoryUsage of job (MB)
	356560  -  ResidentSetSize of job (KB)
...
006 (4046522.087.000) 03/15 14:52:16 Image size of job updated: 441616
	428  -  MemoryUsage of job (MB)
	437356  -  ResidentSetSize of job (KB)
...
005 (4046522.087.000) 03/15 15:09:01 Job terminated.
	(1) Normal termination (return value 0)
		Usr 0 00:19:46, Sys 0 00:01:53  -  Run Remote Usage
		Usr 0 00:00:00, Sys 0 00:00:00  -  Run Local Usage
		Usr 0 00:19:46, Sys 0 00:01:53  -  Total Remote Usage
		Usr 0 00:00:00, Sys 0 00:00:00  -  Total Local Usage
	0  -  Run Bytes Sent By Job
	0  -  Run Bytes Received By Job
	0  -  Total Bytes Sent By Job
	0  -  Total Bytes Received By Job
	Partitionable Resources :    Usage  Request Allocated
	   Cpus                 :                 1         1
	   Disk (KB)            :        1        1  22685211
	   Memory (MB)          :      428        1      4015
...
000 (4046570.087.000) 03/15 18:56:23 Job submitted from host: <192.168.1.109:9618?addrs=192.168.1.109-9618+[--1]-9618&noUDP&sock=3153_969b_4>
...
001 (4046570.087.000) 03/15 18:56:39 Job executing on host: <192.168.1.43:9618?addrs=192.168.1.43-9618+[--1]-9618&noUDP&sock=3360_24bc_3>
...
006 (4046570.087.000) 03/15 18:56:48 Image size of job updated: 291032
	284  -  MemoryUsage of job (MB)
	290248  -  ResidentSetSize of job (KB)
...
006 (4046570.087.000) 03/15 19:01:49 Image size of job updated: 435924
	425  -  MemoryUsage of job (MB)
	435136  -  ResidentSetSize of job (KB)
...
006 (4046570.087.000) 03/15 19:06:49 Image size of job updated: 435968
	425  -  MemoryUsage of job (MB)
	435180  -  ResidentSetSize of job (KB)
...
006 (4046570.087.000) 03/15 19:11:49 Image size of job updated: 435984
	425  -  MemoryUsage of job (MB)
	435196  -  ResidentSetSize of job (KB)
...
005 (4046570.087.000) 03/15 19:14:30 Job terminated.
	(1) Normal termination (return value 0)
		Usr 0 00:15:02, Sys 0 00:01:37  -  Run Remote Usage
		Usr 0 00:00:00, Sys 0 00:00:00  -  Run Local Usage
		Usr 0 00:15:02, Sys 0 00:01:37  -  Total Remote Usage
		Usr 0 00:00:00, Sys 0 00:00:00  -  Total Local Usage
	0  -  Run Bytes Sent By Job
	0  -  Run Bytes Received By Job
	0  -  Total Bytes Sent By Job
	0  -  Total Bytes Received By Job
	Partitionable Resources :    Usage  Request Allocated
	   Cpus                 :                 1         1
	   Disk (KB)            :        1        1  20458450
	   Memory (MB)          :      425        1      4022
...
