000 (4031466.562.000) 03/13 00:00:45 Job submitted from host: <192.168.1.109:9618?addrs=192.168.1.109-9618+[--1]-9618&noUDP&sock=3153_969b_4>
...
001 (4031466.562.000) 03/13 00:01:37 Job executing on host: <192.168.1.46:9618?addrs=192.168.1.46-9618+[--1]-9618&noUDP&sock=3272_2797_3>
...
006 (4031466.562.000) 03/13 00:01:46 Image size of job updated: 12036
	9  -  MemoryUsage of job (MB)
	8976  -  ResidentSetSize of job (KB)
...
006 (4031466.562.000) 03/13 00:06:46 Image size of job updated: 345048
	337  -  MemoryUsage of job (MB)
	345048  -  ResidentSetSize of job (KB)
...
006 (4031466.562.000) 03/13 00:11:46 Image size of job updated: 366872
	359  -  MemoryUsage of job (MB)
	366872  -  ResidentSetSize of job (KB)
...
006 (4031466.562.000) 03/13 00:16:48 Image size of job updated: 432108
	422  -  MemoryUsage of job (MB)
	432108  -  ResidentSetSize of job (KB)
...
006 (4031466.562.000) 03/13 00:36:50 Image size of job updated: 432144
	423  -  MemoryUsage of job (MB)
	432144  -  ResidentSetSize of job (KB)
...
006 (4031466.562.000) 03/13 00:41:50 Image size of job updated: 432160
	423  -  MemoryUsage of job (MB)
	432160  -  ResidentSetSize of job (KB)
...
006 (4031466.562.000) 03/13 00:51:41 Image size of job updated: 432176
	423  -  MemoryUsage of job (MB)
	432160  -  ResidentSetSize of job (KB)
...
005 (4031466.562.000) 03/13 00:51:41 Job terminated.
	(1) Normal termination (return value 0)
		Usr 0 00:13:02, Sys 0 00:01:23  -  Run Remote Usage
		Usr 0 00:00:00, Sys 0 00:00:00  -  Run Local Usage
		Usr 0 00:13:02, Sys 0 00:01:23  -  Total Remote Usage
		Usr 0 00:00:00, Sys 0 00:00:00  -  Total Local Usage
	0  -  Run Bytes Sent By Job
	0  -  Run Bytes Received By Job
	0  -  Total Bytes Sent By Job
	0  -  Total Bytes Received By Job
	Partitionable Resources :    Usage  Request Allocated
	   Cpus                 :                 1         1
	   Disk (KB)            :        1        1  20459164
	   Memory (MB)          :      423        1      4022
...
000 (4044172.562.000) 03/13 19:21:23 Job submitted from host: <192.168.1.109:9618?addrs=192.168.1.109-9618+[--1]-9618&noUDP&sock=3153_969b_4>
...
001 (4044172.562.000) 03/13 19:22:08 Job executing on host: <192.168.1.39:9618?addrs=192.168.1.39-9618+[--1]-9618&noUDP&sock=3239_16fe_3>
...
006 (4044172.562.000) 03/13 19:22:18 Image size of job updated: 1560
	2  -  MemoryUsage of job (MB)
	1540  -  ResidentSetSize of job (KB)
...
006 (4044172.562.000) 03/13 19:27:19 Image size of job updated: 338404
	329  -  MemoryUsage of job (MB)
	336072  -  ResidentSetSize of job (KB)
...
006 (4044172.562.000) 03/13 19:32:19 Image size of job updated: 423368
	412  -  MemoryUsage of job (MB)
	421036  -  ResidentSetSize of job (KB)
...
006 (4044172.562.000) 03/13 19:42:20 Image size of job updated: 423468
	412  -  MemoryUsage of job (MB)
	421136  -  ResidentSetSize of job (KB)
...
006 (4044172.562.000) 03/13 19:57:21 Image size of job updated: 423528
	412  -  MemoryUsage of job (MB)
	421196  -  ResidentSetSize of job (KB)
...
005 (4044172.562.000) 03/13 20:11:40 Job terminated.
	(1) Normal termination (return value 0)
		Usr 0 00:17:04, Sys 0 00:01:48  -  Run Remote Usage
		Usr 0 00:00:00, Sys 0 00:00:00  -  Run Local Usage
		Usr 0 00:17:04, Sys 0 00:01:48  -  Total Remote Usage
		Usr 0 00:00:00, Sys 0 00:00:00  -  Total Local Usage
	0  -  Run Bytes Sent By Job
	0  -  Run Bytes Received By Job
	0  -  Total Bytes Sent By Job
	0  -  Total Bytes Received By Job
	Partitionable Resources :    Usage  Request Allocated
	   Cpus                 :                 1         1
	   Disk (KB)            :        1        1  20460459
	   Memory (MB)          :      412        1      4022
...
000 (4046522.562.000) 03/15 14:02:21 Job submitted from host: <192.168.1.109:9618?addrs=192.168.1.109-9618+[--1]-9618&noUDP&sock=3153_969b_4>
...
001 (4046522.562.000) 03/15 15:34:57 Job executing on host: <192.168.1.49:9618?addrs=192.168.1.49-9618+[--1]-9618&noUDP&sock=3240_e427_3>
...
006 (4046522.562.000) 03/15 15:35:05 Image size of job updated: 81864
	36  -  MemoryUsage of job (MB)
	36732  -  ResidentSetSize of job (KB)
...
006 (4046522.562.000) 03/15 15:40:05 Image size of job updated: 431600
	422  -  MemoryUsage of job (MB)
	431600  -  ResidentSetSize of job (KB)
...
006 (4046522.562.000) 03/15 15:45:06 Image size of job updated: 431788
	422  -  MemoryUsage of job (MB)
	431788  -  ResidentSetSize of job (KB)
...
006 (4046522.562.000) 03/15 15:50:07 Image size of job updated: 431856
	422  -  MemoryUsage of job (MB)
	431856  -  ResidentSetSize of job (KB)
...
006 (4046522.562.000) 03/15 15:54:04 Image size of job updated: 431868
	422  -  MemoryUsage of job (MB)
	431856  -  ResidentSetSize of job (KB)
...
005 (4046522.562.000) 03/15 15:54:04 Job terminated.
	(1) Normal termination (return value 0)
		Usr 0 00:15:39, Sys 0 00:01:37  -  Run Remote Usage
		Usr 0 00:00:00, Sys 0 00:00:00  -  Run Local Usage
		Usr 0 00:15:39, Sys 0 00:01:37  -  Total Remote Usage
		Usr 0 00:00:00, Sys 0 00:00:00  -  Total Local Usage
	0  -  Run Bytes Sent By Job
	0  -  Run Bytes Received By Job
	0  -  Total Bytes Sent By Job
	0  -  Total Bytes Received By Job
	Partitionable Resources :    Usage  Request Allocated
	   Cpus                 :                 1         1
	   Disk (KB)            :        1        1  28491601
	   Memory (MB)          :      422        1      4020
...
