000 (4031233.006.000) 03/12 14:28:34 Job submitted from host: <192.168.1.109:9618?addrs=192.168.1.109-9618+[--1]-9618&noUDP&sock=3153_969b_4>
...
001 (4031233.006.000) 03/12 14:28:49 Job executing on host: <192.168.1.45:9618?addrs=192.168.1.45-9618+[--1]-9618&noUDP&sock=3341_bd3f_3>
...
006 (4031233.006.000) 03/12 14:28:58 Image size of job updated: 3896
	4  -  MemoryUsage of job (MB)
	3732  -  ResidentSetSize of job (KB)
...
006 (4031233.006.000) 03/12 14:33:59 Image size of job updated: 166448
	161  -  MemoryUsage of job (MB)
	164228  -  ResidentSetSize of job (KB)
...
006 (4031233.006.000) 03/12 14:38:59 Image size of job updated: 339080
	329  -  MemoryUsage of job (MB)
	336860  -  ResidentSetSize of job (KB)
...
004 (4031233.006.000) 03/12 14:54:12 Job was evicted.
	(0) Job was not checkpointed.
		Usr 0 00:13:48, Sys 0 00:01:15  -  Run Remote Usage
		Usr 0 00:00:00, Sys 0 00:00:00  -  Run Local Usage
	0  -  Run Bytes Sent By Job
	0  -  Run Bytes Received By Job
	Partitionable Resources :    Usage  Request Allocated
	   Cpus                 :                 1         1
	   Disk (KB)            :        1        1  20460088
	   Memory (MB)          :      329        1      4022
...
009 (4031233.006.000) 03/12 14:54:13 Job was aborted by the user.
	via condor_rm (by user routray)
...
000 (4031234.006.000) 03/12 15:03:14 Job submitted from host: <192.168.1.109:9618?addrs=192.168.1.109-9618+[--1]-9618&noUDP&sock=3153_969b_4>
...
001 (4031234.006.000) 03/12 15:03:37 Job executing on host: <192.168.1.45:9618?addrs=192.168.1.45-9618+[--1]-9618&noUDP&sock=3341_bd3f_3>
...
006 (4031234.006.000) 03/12 15:03:46 Image size of job updated: 97128
	94  -  MemoryUsage of job (MB)
	96216  -  ResidentSetSize of job (KB)
...
006 (4031234.006.000) 03/12 15:08:47 Image size of job updated: 456436
	446  -  MemoryUsage of job (MB)
	456396  -  ResidentSetSize of job (KB)
...
006 (4031234.006.000) 03/12 15:12:50 Image size of job updated: 811024
	446  -  MemoryUsage of job (MB)
	456396  -  ResidentSetSize of job (KB)
...
004 (4031234.006.000) 03/12 15:12:50 Job was evicted.
	(0) Job was not checkpointed.
		Usr 0 00:07:19, Sys 0 00:00:40  -  Run Remote Usage
		Usr 0 00:00:00, Sys 0 00:00:00  -  Run Local Usage
	0  -  Run Bytes Sent By Job
	0  -  Run Bytes Received By Job
	Partitionable Resources :    Usage  Request Allocated
	   Cpus                 :                 1         1
	   Disk (KB)            :        1        1  20460088
	   Memory (MB)          :      446        1      4022
...
009 (4031234.006.000) 03/12 15:12:54 Job was aborted by the user.
	via condor_rm (by user routray)
...
000 (4031235.006.000) 03/12 15:16:44 Job submitted from host: <192.168.1.109:9618?addrs=192.168.1.109-9618+[--1]-9618&noUDP&sock=3153_969b_4>
...
001 (4031235.006.000) 03/12 15:16:58 Job executing on host: <192.168.1.45:9618?addrs=192.168.1.45-9618+[--1]-9618&noUDP&sock=3341_bd3f_3>
...
006 (4031235.006.000) 03/12 15:17:07 Image size of job updated: 369680
	361  -  MemoryUsage of job (MB)
	369452  -  ResidentSetSize of job (KB)
...
006 (4031235.006.000) 03/12 15:22:08 Image size of job updated: 459744
	449  -  MemoryUsage of job (MB)
	459516  -  ResidentSetSize of job (KB)
...
006 (4031235.006.000) 03/12 15:27:09 Image size of job updated: 459928
	449  -  MemoryUsage of job (MB)
	459700  -  ResidentSetSize of job (KB)
...
005 (4031235.006.000) 03/12 15:50:45 Job terminated.
	(1) Normal termination (return value 0)
		Usr 0 00:30:34, Sys 0 00:02:50  -  Run Remote Usage
		Usr 0 00:00:00, Sys 0 00:00:00  -  Run Local Usage
		Usr 0 00:30:34, Sys 0 00:02:50  -  Total Remote Usage
		Usr 0 00:00:00, Sys 0 00:00:00  -  Total Local Usage
	0  -  Run Bytes Sent By Job
	0  -  Run Bytes Received By Job
	0  -  Total Bytes Sent By Job
	0  -  Total Bytes Received By Job
	Partitionable Resources :    Usage  Request Allocated
	   Cpus                 :                 1         1
	   Disk (KB)            :        1        1  20460088
	   Memory (MB)          :      449        1      4022
...
000 (4031450.006.000) 03/12 16:23:12 Job submitted from host: <192.168.1.109:9618?addrs=192.168.1.109-9618+[--1]-9618&noUDP&sock=3153_969b_4>
...
001 (4031450.006.000) 03/12 16:23:34 Job executing on host: <192.168.1.45:9618?addrs=192.168.1.45-9618+[--1]-9618&noUDP&sock=3341_bd3f_3>
...
006 (4031450.006.000) 03/12 16:23:43 Image size of job updated: 104308
	102  -  MemoryUsage of job (MB)
	104148  -  ResidentSetSize of job (KB)
...
006 (4031450.006.000) 03/12 16:28:44 Image size of job updated: 457856
	444  -  MemoryUsage of job (MB)
	454340  -  ResidentSetSize of job (KB)
...
005 (4031450.006.000) 03/12 16:47:55 Job terminated.
	(1) Normal termination (return value 0)
		Usr 0 00:21:14, Sys 0 00:01:55  -  Run Remote Usage
		Usr 0 00:00:00, Sys 0 00:00:00  -  Run Local Usage
		Usr 0 00:21:14, Sys 0 00:01:55  -  Total Remote Usage
		Usr 0 00:00:00, Sys 0 00:00:00  -  Total Local Usage
	0  -  Run Bytes Sent By Job
	0  -  Run Bytes Received By Job
	0  -  Total Bytes Sent By Job
	0  -  Total Bytes Received By Job
	Partitionable Resources :    Usage  Request Allocated
	   Cpus                 :                 1         1
	   Disk (KB)            :        1        1  20460088
	   Memory (MB)          :      444        1      4022
...
000 (4031461.006.000) 03/12 18:25:46 Job submitted from host: <192.168.1.109:9618?addrs=192.168.1.109-9618+[--1]-9618&noUDP&sock=3153_969b_4>
...
001 (4031461.006.000) 03/12 18:25:57 Job executing on host: <192.168.1.45:9618?addrs=192.168.1.45-9618+[--1]-9618&noUDP&sock=3341_bd3f_3>
...
006 (4031461.006.000) 03/12 18:26:05 Image size of job updated: 38104
	37  -  MemoryUsage of job (MB)
	37356  -  ResidentSetSize of job (KB)
...
006 (4031461.006.000) 03/12 18:31:05 Image size of job updated: 393544
	384  -  MemoryUsage of job (MB)
	392716  -  ResidentSetSize of job (KB)
...
006 (4031461.006.000) 03/12 18:36:05 Image size of job updated: 393552
	384  -  MemoryUsage of job (MB)
	392724  -  ResidentSetSize of job (KB)
...
005 (4031461.006.000) 03/12 18:40:25 Job terminated.
	(1) Normal termination (return value 0)
		Usr 0 00:12:09, Sys 0 00:01:07  -  Run Remote Usage
		Usr 0 00:00:00, Sys 0 00:00:00  -  Run Local Usage
		Usr 0 00:12:09, Sys 0 00:01:07  -  Total Remote Usage
		Usr 0 00:00:00, Sys 0 00:00:00  -  Total Local Usage
	0  -  Run Bytes Sent By Job
	0  -  Run Bytes Received By Job
	0  -  Total Bytes Sent By Job
	0  -  Total Bytes Received By Job
	Partitionable Resources :    Usage  Request Allocated
	   Cpus                 :                 1         1
	   Disk (KB)            :        1        1  20460088
	   Memory (MB)          :      384        1      4022
...
000 (4031462.006.000) 03/12 20:10:16 Job submitted from host: <192.168.1.109:9618?addrs=192.168.1.109-9618+[--1]-9618&noUDP&sock=3153_969b_4>
...
001 (4031462.006.000) 03/12 20:10:39 Job executing on host: <192.168.1.45:9618?addrs=192.168.1.45-9618+[--1]-9618&noUDP&sock=3341_bd3f_3>
...
006 (4031462.006.000) 03/12 20:10:47 Image size of job updated: 59992
	58  -  MemoryUsage of job (MB)
	59360  -  ResidentSetSize of job (KB)
...
006 (4031462.006.000) 03/12 20:15:47 Image size of job updated: 390300
	380  -  MemoryUsage of job (MB)
	388740  -  ResidentSetSize of job (KB)
...
006 (4031462.006.000) 03/12 20:20:47 Image size of job updated: 392224
	382  -  MemoryUsage of job (MB)
	390664  -  ResidentSetSize of job (KB)
...
005 (4031462.006.000) 03/12 20:34:32 Job terminated.
	(1) Normal termination (return value 0)
		Usr 0 00:20:00, Sys 0 00:01:45  -  Run Remote Usage
		Usr 0 00:00:00, Sys 0 00:00:00  -  Run Local Usage
		Usr 0 00:20:00, Sys 0 00:01:45  -  Total Remote Usage
		Usr 0 00:00:00, Sys 0 00:00:00  -  Total Local Usage
	0  -  Run Bytes Sent By Job
	0  -  Run Bytes Received By Job
	0  -  Total Bytes Sent By Job
	0  -  Total Bytes Received By Job
	Partitionable Resources :    Usage  Request Allocated
	   Cpus                 :                 1         1
	   Disk (KB)            :        1        1  20460088
	   Memory (MB)          :      382        1      4022
...
000 (4031463.006.000) 03/12 21:35:07 Job submitted from host: <192.168.1.109:9618?addrs=192.168.1.109-9618+[--1]-9618&noUDP&sock=3153_969b_4>
...
001 (4031463.006.000) 03/12 21:35:41 Job executing on host: <192.168.1.45:9618?addrs=192.168.1.45-9618+[--1]-9618&noUDP&sock=3341_bd3f_3>
...
006 (4031463.006.000) 03/12 21:35:49 Image size of job updated: 4120
	5  -  MemoryUsage of job (MB)
	4120  -  ResidentSetSize of job (KB)
...
006 (4031463.006.000) 03/12 21:40:49 Image size of job updated: 444132
	433  -  MemoryUsage of job (MB)
	443132  -  ResidentSetSize of job (KB)
...
006 (4031463.006.000) 03/12 21:45:49 Image size of job updated: 445412
	434  -  MemoryUsage of job (MB)
	444412  -  ResidentSetSize of job (KB)
...
006 (4031463.006.000) 03/12 21:50:50 Image size of job updated: 445416
	434  -  MemoryUsage of job (MB)
	444416  -  ResidentSetSize of job (KB)
...
006 (4031463.006.000) 03/12 22:00:50 Image size of job updated: 445448
	435  -  MemoryUsage of job (MB)
	444448  -  ResidentSetSize of job (KB)
...
006 (4031463.006.000) 03/12 22:05:52 Image size of job updated: 445480
	435  -  MemoryUsage of job (MB)
	444480  -  ResidentSetSize of job (KB)
...
006 (4031463.006.000) 03/12 22:10:52 Image size of job updated: 566776
	554  -  MemoryUsage of job (MB)
	566668  -  ResidentSetSize of job (KB)
...
005 (4031463.006.000) 03/12 22:15:17 Job terminated.
	(1) Normal termination (return value 0)
		Usr 0 00:33:02, Sys 0 00:03:26  -  Run Remote Usage
		Usr 0 00:00:00, Sys 0 00:00:00  -  Run Local Usage
		Usr 0 00:33:02, Sys 0 00:03:26  -  Total Remote Usage
		Usr 0 00:00:00, Sys 0 00:00:00  -  Total Local Usage
	0  -  Run Bytes Sent By Job
	0  -  Run Bytes Received By Job
	0  -  Total Bytes Sent By Job
	0  -  Total Bytes Received By Job
	Partitionable Resources :    Usage  Request Allocated
	   Cpus                 :                 1         1
	   Disk (KB)            :        1        1  20460088
	   Memory (MB)          :      554        1      4022
...
000 (4031464.006.000) 03/12 22:37:43 Job submitted from host: <192.168.1.109:9618?addrs=192.168.1.109-9618+[--1]-9618&noUDP&sock=3153_969b_4>
...
001 (4031464.006.000) 03/12 22:37:46 Job executing on host: <192.168.1.45:9618?addrs=192.168.1.45-9618+[--1]-9618&noUDP&sock=3341_bd3f_3>
...
006 (4031464.006.000) 03/12 22:37:55 Image size of job updated: 45896
	44  -  MemoryUsage of job (MB)
	44252  -  ResidentSetSize of job (KB)
...
006 (4031464.006.000) 03/12 22:42:57 Image size of job updated: 458416
	446  -  MemoryUsage of job (MB)
	455780  -  ResidentSetSize of job (KB)
...
005 (4031464.006.000) 03/12 22:59:27 Job terminated.
	(1) Normal termination (return value 0)
		Usr 0 00:19:10, Sys 0 00:01:47  -  Run Remote Usage
		Usr 0 00:00:00, Sys 0 00:00:00  -  Run Local Usage
		Usr 0 00:19:10, Sys 0 00:01:47  -  Total Remote Usage
		Usr 0 00:00:00, Sys 0 00:00:00  -  Total Local Usage
	0  -  Run Bytes Sent By Job
	0  -  Run Bytes Received By Job
	0  -  Total Bytes Sent By Job
	0  -  Total Bytes Received By Job
	Partitionable Resources :    Usage  Request Allocated
	   Cpus                 :                 1         1
	   Disk (KB)            :        1        1  20460088
	   Memory (MB)          :      446        1      4022
...
000 (4031465.006.000) 03/12 23:18:12 Job submitted from host: <192.168.1.109:9618?addrs=192.168.1.109-9618+[--1]-9618&noUDP&sock=3153_969b_4>
...
001 (4031465.006.000) 03/12 23:18:14 Job executing on host: <192.168.1.45:9618?addrs=192.168.1.45-9618+[--1]-9618&noUDP&sock=3341_bd3f_3>
...
006 (4031465.006.000) 03/12 23:18:23 Image size of job updated: 95992
	94  -  MemoryUsage of job (MB)
	95608  -  ResidentSetSize of job (KB)
...
006 (4031465.006.000) 03/12 23:23:24 Image size of job updated: 435880
	426  -  MemoryUsage of job (MB)
	435464  -  ResidentSetSize of job (KB)
...
006 (4031465.006.000) 03/12 23:28:25 Image size of job updated: 436136
	426  -  MemoryUsage of job (MB)
	435720  -  ResidentSetSize of job (KB)
...
006 (4031465.006.000) 03/12 23:33:25 Image size of job updated: 436308
	426  -  MemoryUsage of job (MB)
	435892  -  ResidentSetSize of job (KB)
...
005 (4031465.006.000) 03/12 23:38:41 Job terminated.
	(1) Normal termination (return value 0)
		Usr 0 00:17:43, Sys 0 00:01:35  -  Run Remote Usage
		Usr 0 00:00:00, Sys 0 00:00:00  -  Run Local Usage
		Usr 0 00:17:43, Sys 0 00:01:35  -  Total Remote Usage
		Usr 0 00:00:00, Sys 0 00:00:00  -  Total Local Usage
	0  -  Run Bytes Sent By Job
	0  -  Run Bytes Received By Job
	0  -  Total Bytes Sent By Job
	0  -  Total Bytes Received By Job
	Partitionable Resources :    Usage  Request Allocated
	   Cpus                 :                 1         1
	   Disk (KB)            :        1        1  20460088
	   Memory (MB)          :      426        1      4022
...
000 (4031466.006.000) 03/13 00:00:40 Job submitted from host: <192.168.1.109:9618?addrs=192.168.1.109-9618+[--1]-9618&noUDP&sock=3153_969b_4>
...
001 (4031466.006.000) 03/13 00:01:07 Job executing on host: <192.168.1.45:9618?addrs=192.168.1.45-9618+[--1]-9618&noUDP&sock=3341_bd3f_3>
...
006 (4031466.006.000) 03/13 00:01:16 Image size of job updated: 88696
	86  -  MemoryUsage of job (MB)
	87688  -  ResidentSetSize of job (KB)
...
006 (4031466.006.000) 03/13 00:06:17 Image size of job updated: 336124
	329  -  MemoryUsage of job (MB)
	336124  -  ResidentSetSize of job (KB)
...
006 (4031466.006.000) 03/13 00:11:17 Image size of job updated: 428068
	419  -  MemoryUsage of job (MB)
	428068  -  ResidentSetSize of job (KB)
...
006 (4031466.006.000) 03/13 00:21:18 Image size of job updated: 428304
	419  -  MemoryUsage of job (MB)
	428304  -  ResidentSetSize of job (KB)
...
006 (4031466.006.000) 03/13 00:26:18 Image size of job updated: 428308
	419  -  MemoryUsage of job (MB)
	428308  -  ResidentSetSize of job (KB)
...
006 (4031466.006.000) 03/13 00:31:18 Image size of job updated: 428312
	419  -  MemoryUsage of job (MB)
	428312  -  ResidentSetSize of job (KB)
...
006 (4031466.006.000) 03/13 00:36:19 Image size of job updated: 469740
	459  -  MemoryUsage of job (MB)
	469740  -  ResidentSetSize of job (KB)
...
006 (4031466.006.000) 03/13 00:41:19 Image size of job updated: 471412
	461  -  MemoryUsage of job (MB)
	471412  -  ResidentSetSize of job (KB)
...
006 (4031466.006.000) 03/13 00:46:19 Image size of job updated: 471416
	461  -  MemoryUsage of job (MB)
	471416  -  ResidentSetSize of job (KB)
...
005 (4031466.006.000) 03/13 00:52:45 Job terminated.
	(1) Normal termination (return value 0)
		Usr 0 00:13:31, Sys 0 00:01:26  -  Run Remote Usage
		Usr 0 00:00:00, Sys 0 00:00:00  -  Run Local Usage
		Usr 0 00:13:31, Sys 0 00:01:26  -  Total Remote Usage
		Usr 0 00:00:00, Sys 0 00:00:00  -  Total Local Usage
	0  -  Run Bytes Sent By Job
	0  -  Run Bytes Received By Job
	0  -  Total Bytes Sent By Job
	0  -  Total Bytes Received By Job
	Partitionable Resources :    Usage  Request Allocated
	   Cpus                 :                 1         1
	   Disk (KB)            :        1        1  20460088
	   Memory (MB)          :      461        1      4022
...
000 (4044172.006.000) 03/13 19:21:17 Job submitted from host: <192.168.1.109:9618?addrs=192.168.1.109-9618+[--1]-9618&noUDP&sock=3153_969b_4>
...
001 (4044172.006.000) 03/13 19:21:42 Job executing on host: <192.168.1.45:9618?addrs=192.168.1.45-9618+[--1]-9618&noUDP&sock=3341_bd3f_3>
...
006 (4044172.006.000) 03/13 19:21:51 Image size of job updated: 112240
	110  -  MemoryUsage of job (MB)
	112024  -  ResidentSetSize of job (KB)
...
006 (4044172.006.000) 03/13 19:26:52 Image size of job updated: 333864
	326  -  MemoryUsage of job (MB)
	333640  -  ResidentSetSize of job (KB)
...
006 (4044172.006.000) 03/13 19:31:53 Image size of job updated: 423968
	414  -  MemoryUsage of job (MB)
	423744  -  ResidentSetSize of job (KB)
...
006 (4044172.006.000) 03/13 19:41:53 Image size of job updated: 424412
	415  -  MemoryUsage of job (MB)
	424188  -  ResidentSetSize of job (KB)
...
006 (4044172.006.000) 03/13 19:51:54 Image size of job updated: 424536
	415  -  MemoryUsage of job (MB)
	424312  -  ResidentSetSize of job (KB)
...
006 (4044172.006.000) 03/13 20:01:55 Image size of job updated: 424536
	415  -  MemoryUsage of job (MB)
	424400  -  ResidentSetSize of job (KB)
...
005 (4044172.006.000) 03/13 20:09:35 Job terminated.
	(1) Normal termination (return value 0)
		Usr 0 00:14:50, Sys 0 00:01:40  -  Run Remote Usage
		Usr 0 00:00:00, Sys 0 00:00:00  -  Run Local Usage
		Usr 0 00:14:50, Sys 0 00:01:40  -  Total Remote Usage
		Usr 0 00:00:00, Sys 0 00:00:00  -  Total Local Usage
	0  -  Run Bytes Sent By Job
	0  -  Run Bytes Received By Job
	0  -  Total Bytes Sent By Job
	0  -  Total Bytes Received By Job
	Partitionable Resources :    Usage  Request Allocated
	   Cpus                 :                 1         1
	   Disk (KB)            :        1        1  20460088
	   Memory (MB)          :      415        1      4022
...
000 (4044175.006.000) 03/13 20:53:38 Job submitted from host: <192.168.1.109:9618?addrs=192.168.1.109-9618+[--1]-9618&noUDP&sock=3153_969b_4>
...
001 (4044175.006.000) 03/13 20:53:55 Job executing on host: <192.168.1.45:9618?addrs=192.168.1.45-9618+[--1]-9618&noUDP&sock=3341_bd3f_3>
...
006 (4044175.006.000) 03/13 20:54:03 Image size of job updated: 174412
	169  -  MemoryUsage of job (MB)
	172836  -  ResidentSetSize of job (KB)
...
006 (4044175.006.000) 03/13 20:59:03 Image size of job updated: 436980
	427  -  MemoryUsage of job (MB)
	436956  -  ResidentSetSize of job (KB)
...
006 (4044175.006.000) 03/13 21:09:04 Image size of job updated: 437412
	427  -  MemoryUsage of job (MB)
	437056  -  ResidentSetSize of job (KB)
...
006 (4044175.006.000) 03/13 21:14:04 Image size of job updated: 437412
	427  -  MemoryUsage of job (MB)
	437064  -  ResidentSetSize of job (KB)
...
005 (4044175.006.000) 03/13 21:17:33 Job terminated.
	(1) Normal termination (return value 0)
		Usr 0 00:20:24, Sys 0 00:02:05  -  Run Remote Usage
		Usr 0 00:00:00, Sys 0 00:00:00  -  Run Local Usage
		Usr 0 00:20:24, Sys 0 00:02:05  -  Total Remote Usage
		Usr 0 00:00:00, Sys 0 00:00:00  -  Total Local Usage
	0  -  Run Bytes Sent By Job
	0  -  Run Bytes Received By Job
	0  -  Total Bytes Sent By Job
	0  -  Total Bytes Received By Job
	Partitionable Resources :    Usage  Request Allocated
	   Cpus                 :                 1         1
	   Disk (KB)            :        1        1  20460088
	   Memory (MB)          :      427        1      4022
...
000 (4045912.006.000) 03/14 19:19:22 Job submitted from host: <192.168.1.109:9618?addrs=192.168.1.109-9618+[--1]-9618&noUDP&sock=3153_969b_4>
...
000 (4046521.006.000) 03/15 13:40:07 Job submitted from host: <192.168.1.109:9618?addrs=192.168.1.109-9618+[--1]-9618&noUDP&sock=3153_969b_4>
...
001 (4045912.006.000) 03/15 13:56:36 Job executing on host: <192.168.1.44:9618?addrs=192.168.1.44-9618+[--1]-9618&noUDP&sock=3035_ca7b_3>
...
006 (4045912.006.000) 03/15 13:56:45 Image size of job updated: 402272
	366  -  MemoryUsage of job (MB)
	374488  -  ResidentSetSize of job (KB)
...
009 (4046521.006.000) 03/15 13:56:54 Job was aborted by the user.
	via condor_rm (by user routray)
...
004 (4045912.006.000) 03/15 13:57:08 Job was evicted.
	(0) Job was not checkpointed.
		Usr 0 00:00:25, Sys 0 00:00:03  -  Run Remote Usage
		Usr 0 00:00:00, Sys 0 00:00:00  -  Run Local Usage
	0  -  Run Bytes Sent By Job
	0  -  Run Bytes Received By Job
	Partitionable Resources :    Usage  Request Allocated
	   Cpus                 :                 1         1
	   Disk (KB)            :        1        1  20458817
	   Memory (MB)          :      366        1      4022
...
009 (4045912.006.000) 03/15 13:57:08 Job was aborted by the user.
	via condor_rm (by user routray)
...
000 (4046522.006.000) 03/15 14:02:14 Job submitted from host: <192.168.1.109:9618?addrs=192.168.1.109-9618+[--1]-9618&noUDP&sock=3153_969b_4>
...
001 (4046522.006.000) 03/15 14:14:54 Job executing on host: <192.168.1.42:9618?addrs=192.168.1.42-9618+[--1]-9618&noUDP&sock=3360_3385_3>
...
006 (4046522.006.000) 03/15 14:15:02 Image size of job updated: 245796
	163  -  MemoryUsage of job (MB)
	166604  -  ResidentSetSize of job (KB)
...
006 (4046522.006.000) 03/15 14:20:02 Image size of job updated: 404932
	319  -  MemoryUsage of job (MB)
	325716  -  ResidentSetSize of job (KB)
...
006 (4046522.006.000) 03/15 14:25:03 Image size of job updated: 404932
	319  -  MemoryUsage of job (MB)
	326136  -  ResidentSetSize of job (KB)
...
006 (4046522.006.000) 03/15 14:30:04 Image size of job updated: 404932
	319  -  MemoryUsage of job (MB)
	326496  -  ResidentSetSize of job (KB)
...
005 (4046522.006.000) 03/15 14:30:40 Job terminated.
	(1) Normal termination (return value 0)
		Usr 0 00:13:59, Sys 0 00:01:36  -  Run Remote Usage
		Usr 0 00:00:00, Sys 0 00:00:00  -  Run Local Usage
		Usr 0 00:13:59, Sys 0 00:01:36  -  Total Remote Usage
		Usr 0 00:00:00, Sys 0 00:00:00  -  Total Local Usage
	0  -  Run Bytes Sent By Job
	0  -  Run Bytes Received By Job
	0  -  Total Bytes Sent By Job
	0  -  Total Bytes Received By Job
	Partitionable Resources :    Usage  Request Allocated
	   Cpus                 :                 1         1
	   Disk (KB)            :        1        1  20458262
	   Memory (MB)          :      319        1      4022
...
000 (4046529.006.000) 03/15 16:30:18 Job submitted from host: <192.168.1.109:9618?addrs=192.168.1.109-9618+[--1]-9618&noUDP&sock=3153_969b_4>
...
001 (4046529.006.000) 03/15 16:30:38 Job executing on host: <192.168.1.45:9618?addrs=192.168.1.45-9618+[--1]-9618&noUDP&sock=3341_bd3f_3>
...
006 (4046529.006.000) 03/15 16:30:46 Image size of job updated: 245368
	240  -  MemoryUsage of job (MB)
	244848  -  ResidentSetSize of job (KB)
...
006 (4046529.006.000) 03/15 16:35:46 Image size of job updated: 435848
	426  -  MemoryUsage of job (MB)
	435584  -  ResidentSetSize of job (KB)
...
006 (4046529.006.000) 03/15 16:40:46 Image size of job updated: 435900
	426  -  MemoryUsage of job (MB)
	435584  -  ResidentSetSize of job (KB)
...
006 (4046529.006.000) 03/15 16:50:47 Image size of job updated: 436052
	426  -  MemoryUsage of job (MB)
	435692  -  ResidentSetSize of job (KB)
...
006 (4046529.006.000) 03/15 16:55:47 Image size of job updated: 436072
	426  -  MemoryUsage of job (MB)
	435692  -  ResidentSetSize of job (KB)
...
005 (4046529.006.000) 03/15 16:59:04 Job terminated.
	(1) Normal termination (return value 0)
		Usr 0 00:25:11, Sys 0 00:02:19  -  Run Remote Usage
		Usr 0 00:00:00, Sys 0 00:00:00  -  Run Local Usage
		Usr 0 00:25:11, Sys 0 00:02:19  -  Total Remote Usage
		Usr 0 00:00:00, Sys 0 00:00:00  -  Total Local Usage
	0  -  Run Bytes Sent By Job
	0  -  Run Bytes Received By Job
	0  -  Total Bytes Sent By Job
	0  -  Total Bytes Received By Job
	Partitionable Resources :    Usage  Request Allocated
	   Cpus                 :                 1         1
	   Disk (KB)            :        1        1  20460088
	   Memory (MB)          :      426        1      4022
...
000 (4046534.006.000) 03/15 17:39:02 Job submitted from host: <192.168.1.109:9618?addrs=192.168.1.109-9618+[--1]-9618&noUDP&sock=3153_969b_4>
...
001 (4046534.006.000) 03/15 17:39:14 Job executing on host: <192.168.1.45:9618?addrs=192.168.1.45-9618+[--1]-9618&noUDP&sock=3341_bd3f_3>
...
006 (4046534.006.000) 03/15 17:39:22 Image size of job updated: 148440
	145  -  MemoryUsage of job (MB)
	148052  -  ResidentSetSize of job (KB)
...
006 (4046534.006.000) 03/15 17:44:22 Image size of job updated: 456476
	446  -  MemoryUsage of job (MB)
	456440  -  ResidentSetSize of job (KB)
...
006 (4046534.006.000) 03/15 17:59:23 Image size of job updated: 456488
	446  -  MemoryUsage of job (MB)
	456456  -  ResidentSetSize of job (KB)
...
006 (4046534.006.000) 03/15 18:07:58 Image size of job updated: 582352
	446  -  MemoryUsage of job (MB)
	456456  -  ResidentSetSize of job (KB)
...
005 (4046534.006.000) 03/15 18:07:58 Job terminated.
	(1) Normal termination (return value 0)
		Usr 0 00:25:38, Sys 0 00:02:31  -  Run Remote Usage
		Usr 0 00:00:00, Sys 0 00:00:00  -  Run Local Usage
		Usr 0 00:25:38, Sys 0 00:02:31  -  Total Remote Usage
		Usr 0 00:00:00, Sys 0 00:00:00  -  Total Local Usage
	0  -  Run Bytes Sent By Job
	0  -  Run Bytes Received By Job
	0  -  Total Bytes Sent By Job
	0  -  Total Bytes Received By Job
	Partitionable Resources :    Usage  Request Allocated
	   Cpus                 :                 1         1
	   Disk (KB)            :        1        1  20460088
	   Memory (MB)          :      446        1      4022
...
000 (4046570.006.000) 03/15 18:56:23 Job submitted from host: <192.168.1.109:9618?addrs=192.168.1.109-9618+[--1]-9618&noUDP&sock=3153_969b_4>
...
001 (4046570.006.000) 03/15 18:56:35 Job executing on host: <192.168.1.67:9618?addrs=192.168.1.67-9618+[--1]-9618&noUDP&sock=3517_344b_38>
...
006 (4046570.006.000) 03/15 18:56:44 Image size of job updated: 360828
	340  -  MemoryUsage of job (MB)
	347784  -  ResidentSetSize of job (KB)
...
006 (4046570.006.000) 03/15 19:01:45 Image size of job updated: 453820
	431  -  MemoryUsage of job (MB)
	440772  -  ResidentSetSize of job (KB)
...
006 (4046570.006.000) 03/15 19:06:45 Image size of job updated: 453828
	431  -  MemoryUsage of job (MB)
	440780  -  ResidentSetSize of job (KB)
...
006 (4046570.006.000) 03/15 19:11:45 Image size of job updated: 490460
	467  -  MemoryUsage of job (MB)
	477412  -  ResidentSetSize of job (KB)
...
006 (4046570.006.000) 03/15 19:56:50 Image size of job updated: 600560
	586  -  MemoryUsage of job (MB)
	599600  -  ResidentSetSize of job (KB)
...
005 (4046570.006.000) 03/15 19:58:16 Job terminated.
	(1) Normal termination (return value 0)
		Usr 0 00:55:50, Sys 0 00:05:20  -  Run Remote Usage
		Usr 0 00:00:00, Sys 0 00:00:00  -  Run Local Usage
		Usr 0 00:55:50, Sys 0 00:05:20  -  Total Remote Usage
		Usr 0 00:00:00, Sys 0 00:00:00  -  Total Local Usage
	0  -  Run Bytes Sent By Job
	0  -  Run Bytes Received By Job
	0  -  Total Bytes Sent By Job
	0  -  Total Bytes Received By Job
	Partitionable Resources :    Usage  Request Allocated
	   Cpus                 :                 1         1
	   Disk (KB)            :        1        1  22682500
	   Memory (MB)          :      586        1      4015
...
