000 (4031466.319.000) 03/13 00:00:42 Job submitted from host: <192.168.1.109:9618?addrs=192.168.1.109-9618+[--1]-9618&noUDP&sock=3153_969b_4>
...
001 (4031466.319.000) 03/13 00:01:23 Job executing on host: <192.168.1.43:9618?addrs=192.168.1.43-9618+[--1]-9618&noUDP&sock=3360_24bc_3>
...
006 (4031466.319.000) 03/13 00:01:32 Image size of job updated: 88164
	86  -  MemoryUsage of job (MB)
	87960  -  ResidentSetSize of job (KB)
...
006 (4031466.319.000) 03/13 00:06:32 Image size of job updated: 354236
	346  -  MemoryUsage of job (MB)
	354236  -  ResidentSetSize of job (KB)
...
006 (4031466.319.000) 03/13 00:11:32 Image size of job updated: 435272
	426  -  MemoryUsage of job (MB)
	435272  -  ResidentSetSize of job (KB)
...
006 (4031466.319.000) 03/13 00:16:33 Image size of job updated: 435304
	426  -  MemoryUsage of job (MB)
	435304  -  ResidentSetSize of job (KB)
...
006 (4031466.319.000) 03/13 00:21:34 Image size of job updated: 435776
	426  -  MemoryUsage of job (MB)
	435776  -  ResidentSetSize of job (KB)
...
006 (4031466.319.000) 03/13 00:36:36 Image size of job updated: 435792
	426  -  MemoryUsage of job (MB)
	435792  -  ResidentSetSize of job (KB)
...
006 (4031466.319.000) 03/13 00:51:37 Image size of job updated: 435804
	426  -  MemoryUsage of job (MB)
	435804  -  ResidentSetSize of job (KB)
...
005 (4031466.319.000) 03/13 00:54:14 Job terminated.
	(1) Normal termination (return value 0)
		Usr 0 00:14:24, Sys 0 00:01:27  -  Run Remote Usage
		Usr 0 00:00:00, Sys 0 00:00:00  -  Run Local Usage
		Usr 0 00:14:24, Sys 0 00:01:27  -  Total Remote Usage
		Usr 0 00:00:00, Sys 0 00:00:00  -  Total Local Usage
	0  -  Run Bytes Sent By Job
	0  -  Run Bytes Received By Job
	0  -  Total Bytes Sent By Job
	0  -  Total Bytes Received By Job
	Partitionable Resources :    Usage  Request Allocated
	   Cpus                 :                 1         1
	   Disk (KB)            :        1        1  20458451
	   Memory (MB)          :      426        1      4022
...
000 (4044172.319.000) 03/13 19:21:21 Job submitted from host: <192.168.1.109:9618?addrs=192.168.1.109-9618+[--1]-9618&noUDP&sock=3153_969b_4>
...
001 (4044172.319.000) 03/13 19:22:00 Job executing on host: <192.168.1.44:9618?addrs=192.168.1.44-9618+[--1]-9618&noUDP&sock=3035_ca7b_3>
...
006 (4044172.319.000) 03/13 19:22:09 Image size of job updated: 153688
	144  -  MemoryUsage of job (MB)
	147248  -  ResidentSetSize of job (KB)
...
006 (4044172.319.000) 03/13 19:27:09 Image size of job updated: 352448
	345  -  MemoryUsage of job (MB)
	352448  -  ResidentSetSize of job (KB)
...
006 (4044172.319.000) 03/13 19:32:10 Image size of job updated: 434544
	425  -  MemoryUsage of job (MB)
	434544  -  ResidentSetSize of job (KB)
...
006 (4044172.319.000) 03/13 20:12:14 Image size of job updated: 434620
	425  -  MemoryUsage of job (MB)
	434560  -  ResidentSetSize of job (KB)
...
006 (4044172.319.000) 03/13 20:12:43 Image size of job updated: 434692
	425  -  MemoryUsage of job (MB)
	434560  -  ResidentSetSize of job (KB)
...
005 (4044172.319.000) 03/13 20:12:43 Job terminated.
	(1) Normal termination (return value 0)
		Usr 0 00:15:21, Sys 0 00:01:47  -  Run Remote Usage
		Usr 0 00:00:00, Sys 0 00:00:00  -  Run Local Usage
		Usr 0 00:15:21, Sys 0 00:01:47  -  Total Remote Usage
		Usr 0 00:00:00, Sys 0 00:00:00  -  Total Local Usage
	0  -  Run Bytes Sent By Job
	0  -  Run Bytes Received By Job
	0  -  Total Bytes Sent By Job
	0  -  Total Bytes Received By Job
	Partitionable Resources :    Usage  Request Allocated
	   Cpus                 :                 1         1
	   Disk (KB)            :        1        1  20458817
	   Memory (MB)          :      425        1      4022
...
000 (4046522.319.000) 03/15 14:02:19 Job submitted from host: <192.168.1.109:9618?addrs=192.168.1.109-9618+[--1]-9618&noUDP&sock=3153_969b_4>
...
001 (4046522.319.000) 03/15 15:18:19 Job executing on host: <192.168.1.43:9618?addrs=192.168.1.43-9618+[--1]-9618&noUDP&sock=3360_24bc_3>
...
006 (4046522.319.000) 03/15 15:18:27 Image size of job updated: 429952
	344  -  MemoryUsage of job (MB)
	351408  -  ResidentSetSize of job (KB)
...
006 (4046522.319.000) 03/15 15:23:27 Image size of job updated: 435496
	425  -  MemoryUsage of job (MB)
	435168  -  ResidentSetSize of job (KB)
...
006 (4046522.319.000) 03/15 15:28:28 Image size of job updated: 435496
	425  -  MemoryUsage of job (MB)
	435172  -  ResidentSetSize of job (KB)
...
006 (4046522.319.000) 03/15 15:33:29 Image size of job updated: 435496
	425  -  MemoryUsage of job (MB)
	435188  -  ResidentSetSize of job (KB)
...
006 (4046522.319.000) 03/15 15:43:30 Image size of job updated: 435496
	425  -  MemoryUsage of job (MB)
	435200  -  ResidentSetSize of job (KB)
...
005 (4046522.319.000) 03/15 15:44:22 Job terminated.
	(1) Normal termination (return value 0)
		Usr 0 00:21:21, Sys 0 00:02:08  -  Run Remote Usage
		Usr 0 00:00:00, Sys 0 00:00:00  -  Run Local Usage
		Usr 0 00:21:21, Sys 0 00:02:08  -  Total Remote Usage
		Usr 0 00:00:00, Sys 0 00:00:00  -  Total Local Usage
	0  -  Run Bytes Sent By Job
	0  -  Run Bytes Received By Job
	0  -  Total Bytes Sent By Job
	0  -  Total Bytes Received By Job
	Partitionable Resources :    Usage  Request Allocated
	   Cpus                 :                 1         1
	   Disk (KB)            :        1        1  20458450
	   Memory (MB)          :      425        1      4022
...
