000 (4031466.528.000) 03/13 00:00:44 Job submitted from host: <192.168.1.109:9618?addrs=192.168.1.109-9618+[--1]-9618&noUDP&sock=3153_969b_4>
...
001 (4031466.528.000) 03/13 00:01:32 Job executing on host: <192.168.1.50:9618?addrs=192.168.1.50-9618+[--1]-9618&noUDP&sock=3247_5221_3>
...
006 (4031466.528.000) 03/13 00:01:41 Image size of job updated: 6880
	7  -  MemoryUsage of job (MB)
	6716  -  ResidentSetSize of job (KB)
...
006 (4031466.528.000) 03/13 00:06:42 Image size of job updated: 361520
	354  -  MemoryUsage of job (MB)
	361520  -  ResidentSetSize of job (KB)
...
006 (4031466.528.000) 03/13 00:11:43 Image size of job updated: 439080
	429  -  MemoryUsage of job (MB)
	439080  -  ResidentSetSize of job (KB)
...
005 (4031466.528.000) 03/13 00:47:37 Job terminated.
	(1) Normal termination (return value 0)
		Usr 0 00:17:11, Sys 0 00:01:31  -  Run Remote Usage
		Usr 0 00:00:00, Sys 0 00:00:00  -  Run Local Usage
		Usr 0 00:17:11, Sys 0 00:01:31  -  Total Remote Usage
		Usr 0 00:00:00, Sys 0 00:00:00  -  Total Local Usage
	0  -  Run Bytes Sent By Job
	0  -  Run Bytes Received By Job
	0  -  Total Bytes Sent By Job
	0  -  Total Bytes Received By Job
	Partitionable Resources :    Usage  Request Allocated
	   Cpus                 :                 1         1
	   Disk (KB)            :        1        1  28493273
	   Memory (MB)          :      429        1      4020
...
000 (4044172.528.000) 03/13 19:21:23 Job submitted from host: <192.168.1.109:9618?addrs=192.168.1.109-9618+[--1]-9618&noUDP&sock=3153_969b_4>
...
001 (4044172.528.000) 03/13 19:22:05 Job executing on host: <192.168.1.39:9618?addrs=192.168.1.39-9618+[--1]-9618&noUDP&sock=3239_16fe_3>
...
006 (4044172.528.000) 03/13 19:22:14 Image size of job updated: 22512
	22  -  MemoryUsage of job (MB)
	22512  -  ResidentSetSize of job (KB)
...
006 (4044172.528.000) 03/13 19:27:14 Image size of job updated: 366968
	359  -  MemoryUsage of job (MB)
	366932  -  ResidentSetSize of job (KB)
...
006 (4044172.528.000) 03/13 19:32:14 Image size of job updated: 443348
	433  -  MemoryUsage of job (MB)
	443312  -  ResidentSetSize of job (KB)
...
006 (4044172.528.000) 03/13 19:37:15 Image size of job updated: 444268
	434  -  MemoryUsage of job (MB)
	444232  -  ResidentSetSize of job (KB)
...
005 (4044172.528.000) 03/13 20:13:03 Job terminated.
	(1) Normal termination (return value 0)
		Usr 0 00:18:39, Sys 0 00:01:59  -  Run Remote Usage
		Usr 0 00:00:00, Sys 0 00:00:00  -  Run Local Usage
		Usr 0 00:18:39, Sys 0 00:01:59  -  Total Remote Usage
		Usr 0 00:00:00, Sys 0 00:00:00  -  Total Local Usage
	0  -  Run Bytes Sent By Job
	0  -  Run Bytes Received By Job
	0  -  Total Bytes Sent By Job
	0  -  Total Bytes Received By Job
	Partitionable Resources :    Usage  Request Allocated
	   Cpus                 :                 1         1
	   Disk (KB)            :        1        1  20460459
	   Memory (MB)          :      434        1      4022
...
000 (4046522.528.000) 03/15 14:02:21 Job submitted from host: <192.168.1.109:9618?addrs=192.168.1.109-9618+[--1]-9618&noUDP&sock=3153_969b_4>
...
001 (4046522.528.000) 03/15 15:34:15 Job executing on host: <192.168.1.45:9618?addrs=192.168.1.45-9618+[--1]-9618&noUDP&sock=3341_bd3f_3>
...
006 (4046522.528.000) 03/15 15:34:23 Image size of job updated: 395440
	351  -  MemoryUsage of job (MB)
	359260  -  ResidentSetSize of job (KB)
...
006 (4046522.528.000) 03/15 15:39:23 Image size of job updated: 440256
	430  -  MemoryUsage of job (MB)
	439748  -  ResidentSetSize of job (KB)
...
006 (4046522.528.000) 03/15 15:44:24 Image size of job updated: 442628
	432  -  MemoryUsage of job (MB)
	442120  -  ResidentSetSize of job (KB)
...
005 (4046522.528.000) 03/15 15:53:28 Job terminated.
	(1) Normal termination (return value 0)
		Usr 0 00:15:28, Sys 0 00:01:51  -  Run Remote Usage
		Usr 0 00:00:00, Sys 0 00:00:00  -  Run Local Usage
		Usr 0 00:15:28, Sys 0 00:01:51  -  Total Remote Usage
		Usr 0 00:00:00, Sys 0 00:00:00  -  Total Local Usage
	0  -  Run Bytes Sent By Job
	0  -  Run Bytes Received By Job
	0  -  Total Bytes Sent By Job
	0  -  Total Bytes Received By Job
	Partitionable Resources :    Usage  Request Allocated
	   Cpus                 :                 1         1
	   Disk (KB)            :        1        1  20460088
	   Memory (MB)          :      432        1      4022
...
