000 (4031466.438.000) 03/13 00:00:44 Job submitted from host: <192.168.1.109:9618?addrs=192.168.1.109-9618+[--1]-9618&noUDP&sock=3153_969b_4>
...
001 (4031466.438.000) 03/13 00:01:27 Job executing on host: <192.168.1.46:9618?addrs=192.168.1.46-9618+[--1]-9618&noUDP&sock=3272_2797_3>
...
006 (4031466.438.000) 03/13 00:01:37 Image size of job updated: 71888
	70  -  MemoryUsage of job (MB)
	71660  -  ResidentSetSize of job (KB)
...
006 (4031466.438.000) 03/13 00:06:37 Image size of job updated: 342700
	335  -  MemoryUsage of job (MB)
	342700  -  ResidentSetSize of job (KB)
...
006 (4031466.438.000) 03/13 00:11:38 Image size of job updated: 426124
	417  -  MemoryUsage of job (MB)
	426124  -  ResidentSetSize of job (KB)
...
006 (4031466.438.000) 03/13 00:21:39 Image size of job updated: 426608
	417  -  MemoryUsage of job (MB)
	426608  -  ResidentSetSize of job (KB)
...
006 (4031466.438.000) 03/13 00:31:41 Image size of job updated: 426612
	417  -  MemoryUsage of job (MB)
	426612  -  ResidentSetSize of job (KB)
...
006 (4031466.438.000) 03/13 00:36:41 Image size of job updated: 426656
	417  -  MemoryUsage of job (MB)
	426656  -  ResidentSetSize of job (KB)
...
006 (4031466.438.000) 03/13 00:41:41 Image size of job updated: 426664
	417  -  MemoryUsage of job (MB)
	426664  -  ResidentSetSize of job (KB)
...
006 (4031466.438.000) 03/13 00:50:08 Image size of job updated: 426676
	417  -  MemoryUsage of job (MB)
	426664  -  ResidentSetSize of job (KB)
...
005 (4031466.438.000) 03/13 00:50:08 Job terminated.
	(1) Normal termination (return value 0)
		Usr 0 00:11:14, Sys 0 00:01:15  -  Run Remote Usage
		Usr 0 00:00:00, Sys 0 00:00:00  -  Run Local Usage
		Usr 0 00:11:14, Sys 0 00:01:15  -  Total Remote Usage
		Usr 0 00:00:00, Sys 0 00:00:00  -  Total Local Usage
	0  -  Run Bytes Sent By Job
	0  -  Run Bytes Received By Job
	0  -  Total Bytes Sent By Job
	0  -  Total Bytes Received By Job
	Partitionable Resources :    Usage  Request Allocated
	   Cpus                 :                 1         1
	   Disk (KB)            :        1        1  20459164
	   Memory (MB)          :      417        1      4022
...
000 (4044172.438.000) 03/13 19:21:22 Job submitted from host: <192.168.1.109:9618?addrs=192.168.1.109-9618+[--1]-9618&noUDP&sock=3153_969b_4>
...
001 (4044172.438.000) 03/13 19:22:02 Job executing on host: <192.168.1.43:9618?addrs=192.168.1.43-9618+[--1]-9618&noUDP&sock=3360_24bc_3>
...
006 (4044172.438.000) 03/13 19:22:11 Image size of job updated: 9900
	10  -  MemoryUsage of job (MB)
	9500  -  ResidentSetSize of job (KB)
...
006 (4044172.438.000) 03/13 19:27:12 Image size of job updated: 344468
	336  -  MemoryUsage of job (MB)
	343532  -  ResidentSetSize of job (KB)
...
006 (4044172.438.000) 03/13 19:32:13 Image size of job updated: 367012
	358  -  MemoryUsage of job (MB)
	366076  -  ResidentSetSize of job (KB)
...
006 (4044172.438.000) 03/13 19:37:13 Image size of job updated: 423484
	413  -  MemoryUsage of job (MB)
	422548  -  ResidentSetSize of job (KB)
...
006 (4044172.438.000) 03/13 19:42:14 Image size of job updated: 423864
	414  -  MemoryUsage of job (MB)
	422928  -  ResidentSetSize of job (KB)
...
006 (4044172.438.000) 03/13 19:47:15 Image size of job updated: 423876
	414  -  MemoryUsage of job (MB)
	422940  -  ResidentSetSize of job (KB)
...
006 (4044172.438.000) 03/13 19:52:15 Image size of job updated: 423880
	414  -  MemoryUsage of job (MB)
	422944  -  ResidentSetSize of job (KB)
...
006 (4044172.438.000) 03/13 19:57:15 Image size of job updated: 423932
	414  -  MemoryUsage of job (MB)
	422996  -  ResidentSetSize of job (KB)
...
006 (4044172.438.000) 03/13 20:02:16 Image size of job updated: 423940
	414  -  MemoryUsage of job (MB)
	423004  -  ResidentSetSize of job (KB)
...
005 (4044172.438.000) 03/13 20:09:40 Job terminated.
	(1) Normal termination (return value 0)
		Usr 0 00:13:17, Sys 0 00:01:30  -  Run Remote Usage
		Usr 0 00:00:00, Sys 0 00:00:00  -  Run Local Usage
		Usr 0 00:13:17, Sys 0 00:01:30  -  Total Remote Usage
		Usr 0 00:00:00, Sys 0 00:00:00  -  Total Local Usage
	0  -  Run Bytes Sent By Job
	0  -  Run Bytes Received By Job
	0  -  Total Bytes Sent By Job
	0  -  Total Bytes Received By Job
	Partitionable Resources :    Usage  Request Allocated
	   Cpus                 :                 1         1
	   Disk (KB)            :        1        1  20458450
	   Memory (MB)          :      414        1      4022
...
000 (4046522.438.000) 03/15 14:02:20 Job submitted from host: <192.168.1.109:9618?addrs=192.168.1.109-9618+[--1]-9618&noUDP&sock=3153_969b_4>
...
001 (4046522.438.000) 03/15 15:29:10 Job executing on host: <192.168.1.61:9618?addrs=192.168.1.61-9618+[--1]-9618&noUDP&sock=3335_bd3f_11>
...
006 (4046522.438.000) 03/15 15:29:18 Image size of job updated: 421632
	335  -  MemoryUsage of job (MB)
	342492  -  ResidentSetSize of job (KB)
...
006 (4046522.438.000) 03/15 15:34:18 Image size of job updated: 427504
	416  -  MemoryUsage of job (MB)
	425904  -  ResidentSetSize of job (KB)
...
006 (4046522.438.000) 03/15 15:39:19 Image size of job updated: 442184
	431  -  MemoryUsage of job (MB)
	440584  -  ResidentSetSize of job (KB)
...
006 (4046522.438.000) 03/15 15:44:20 Image size of job updated: 465824
	454  -  MemoryUsage of job (MB)
	464224  -  ResidentSetSize of job (KB)
...
005 (4046522.438.000) 03/15 16:00:15 Job terminated.
	(1) Normal termination (return value 0)
		Usr 0 00:27:55, Sys 0 00:02:40  -  Run Remote Usage
		Usr 0 00:00:00, Sys 0 00:00:00  -  Run Local Usage
		Usr 0 00:27:55, Sys 0 00:02:40  -  Total Remote Usage
		Usr 0 00:00:00, Sys 0 00:00:00  -  Total Local Usage
	0  -  Run Bytes Sent By Job
	0  -  Run Bytes Received By Job
	0  -  Total Bytes Sent By Job
	0  -  Total Bytes Received By Job
	Partitionable Resources :    Usage  Request Allocated
	   Cpus                 :                 1         1
	   Disk (KB)            :        1        1  22662097
	   Memory (MB)          :      454        1      4001
...
