000 (4031233.030.000) 03/12 14:28:34 Job submitted from host: <192.168.1.109:9618?addrs=192.168.1.109-9618+[--1]-9618&noUDP&sock=3153_969b_4>
...
001 (4031233.030.000) 03/12 14:28:49 Job executing on host: <192.168.1.45:9618?addrs=192.168.1.45-9618+[--1]-9618&noUDP&sock=3341_bd3f_3>
...
006 (4031233.030.000) 03/12 14:28:58 Image size of job updated: 3736
	4  -  MemoryUsage of job (MB)
	3736  -  ResidentSetSize of job (KB)
...
006 (4031233.030.000) 03/12 14:33:59 Image size of job updated: 171076
	165  -  MemoryUsage of job (MB)
	168476  -  ResidentSetSize of job (KB)
...
006 (4031233.030.000) 03/12 14:38:59 Image size of job updated: 345596
	335  -  MemoryUsage of job (MB)
	342996  -  ResidentSetSize of job (KB)
...
004 (4031233.030.000) 03/12 14:54:12 Job was evicted.
	(0) Job was not checkpointed.
		Usr 0 00:14:05, Sys 0 00:01:13  -  Run Remote Usage
		Usr 0 00:00:00, Sys 0 00:00:00  -  Run Local Usage
	0  -  Run Bytes Sent By Job
	0  -  Run Bytes Received By Job
	Partitionable Resources :    Usage  Request Allocated
	   Cpus                 :                 1         1
	   Disk (KB)            :        1        1  20460088
	   Memory (MB)          :      335        1      4022
...
009 (4031233.030.000) 03/12 14:54:13 Job was aborted by the user.
	via condor_rm (by user routray)
...
000 (4031234.030.000) 03/12 15:03:14 Job submitted from host: <192.168.1.109:9618?addrs=192.168.1.109-9618+[--1]-9618&noUDP&sock=3153_969b_4>
...
001 (4031234.030.000) 03/12 15:03:40 Job executing on host: <192.168.1.45:9618?addrs=192.168.1.45-9618+[--1]-9618&noUDP&sock=3341_bd3f_3>
...
006 (4031234.030.000) 03/12 15:03:49 Image size of job updated: 149140
	144  -  MemoryUsage of job (MB)
	146904  -  ResidentSetSize of job (KB)
...
006 (4031234.030.000) 03/12 15:08:50 Image size of job updated: 452936
	443  -  MemoryUsage of job (MB)
	452780  -  ResidentSetSize of job (KB)
...
006 (4031234.030.000) 03/12 15:12:50 Image size of job updated: 814040
	443  -  MemoryUsage of job (MB)
	452780  -  ResidentSetSize of job (KB)
...
004 (4031234.030.000) 03/12 15:12:50 Job was evicted.
	(0) Job was not checkpointed.
		Usr 0 00:07:15, Sys 0 00:00:39  -  Run Remote Usage
		Usr 0 00:00:00, Sys 0 00:00:00  -  Run Local Usage
	0  -  Run Bytes Sent By Job
	0  -  Run Bytes Received By Job
	Partitionable Resources :    Usage  Request Allocated
	   Cpus                 :                 1         1
	   Disk (KB)            :        1        1  20460088
	   Memory (MB)          :      443        1      4022
...
009 (4031234.030.000) 03/12 15:12:55 Job was aborted by the user.
	via condor_rm (by user routray)
...
000 (4031235.030.000) 03/12 15:16:44 Job submitted from host: <192.168.1.109:9618?addrs=192.168.1.109-9618+[--1]-9618&noUDP&sock=3153_969b_4>
...
001 (4031235.030.000) 03/12 15:17:01 Job executing on host: <192.168.1.45:9618?addrs=192.168.1.45-9618+[--1]-9618&noUDP&sock=3341_bd3f_3>
...
006 (4031235.030.000) 03/12 15:17:09 Image size of job updated: 370772
	360  -  MemoryUsage of job (MB)
	368408  -  ResidentSetSize of job (KB)
...
006 (4031235.030.000) 03/12 15:22:09 Image size of job updated: 468832
	456  -  MemoryUsage of job (MB)
	466468  -  ResidentSetSize of job (KB)
...
005 (4031235.030.000) 03/12 15:40:58 Job terminated.
	(1) Normal termination (return value 0)
		Usr 0 00:21:52, Sys 0 00:01:51  -  Run Remote Usage
		Usr 0 00:00:00, Sys 0 00:00:00  -  Run Local Usage
		Usr 0 00:21:52, Sys 0 00:01:51  -  Total Remote Usage
		Usr 0 00:00:00, Sys 0 00:00:00  -  Total Local Usage
	0  -  Run Bytes Sent By Job
	0  -  Run Bytes Received By Job
	0  -  Total Bytes Sent By Job
	0  -  Total Bytes Received By Job
	Partitionable Resources :    Usage  Request Allocated
	   Cpus                 :                 1         1
	   Disk (KB)            :        1        1  20460088
	   Memory (MB)          :      456        1      4022
...
000 (4031450.030.000) 03/12 16:23:12 Job submitted from host: <192.168.1.109:9618?addrs=192.168.1.109-9618+[--1]-9618&noUDP&sock=3153_969b_4>
...
001 (4031450.030.000) 03/12 16:23:37 Job executing on host: <192.168.1.45:9618?addrs=192.168.1.45-9618+[--1]-9618&noUDP&sock=3341_bd3f_3>
...
006 (4031450.030.000) 03/12 16:23:45 Image size of job updated: 147972
	144  -  MemoryUsage of job (MB)
	147016  -  ResidentSetSize of job (KB)
...
006 (4031450.030.000) 03/12 16:28:45 Image size of job updated: 456156
	445  -  MemoryUsage of job (MB)
	455200  -  ResidentSetSize of job (KB)
...
006 (4031450.030.000) 03/12 16:33:46 Image size of job updated: 456852
	446  -  MemoryUsage of job (MB)
	455896  -  ResidentSetSize of job (KB)
...
006 (4031450.030.000) 03/12 16:38:47 Image size of job updated: 456912
	446  -  MemoryUsage of job (MB)
	455956  -  ResidentSetSize of job (KB)
...
006 (4031450.030.000) 03/12 16:43:47 Image size of job updated: 456920
	446  -  MemoryUsage of job (MB)
	455964  -  ResidentSetSize of job (KB)
...
005 (4031450.030.000) 03/12 16:48:10 Job terminated.
	(1) Normal termination (return value 0)
		Usr 0 00:21:31, Sys 0 00:01:56  -  Run Remote Usage
		Usr 0 00:00:00, Sys 0 00:00:00  -  Run Local Usage
		Usr 0 00:21:31, Sys 0 00:01:56  -  Total Remote Usage
		Usr 0 00:00:00, Sys 0 00:00:00  -  Total Local Usage
	0  -  Run Bytes Sent By Job
	0  -  Run Bytes Received By Job
	0  -  Total Bytes Sent By Job
	0  -  Total Bytes Received By Job
	Partitionable Resources :    Usage  Request Allocated
	   Cpus                 :                 1         1
	   Disk (KB)            :        1        1  20460088
	   Memory (MB)          :      446        1      4022
...
000 (4031461.030.000) 03/12 18:25:46 Job submitted from host: <192.168.1.109:9618?addrs=192.168.1.109-9618+[--1]-9618&noUDP&sock=3153_969b_4>
...
001 (4031461.030.000) 03/12 18:25:59 Job executing on host: <192.168.1.45:9618?addrs=192.168.1.45-9618+[--1]-9618&noUDP&sock=3341_bd3f_3>
...
006 (4031461.030.000) 03/12 18:26:08 Image size of job updated: 92048
	89  -  MemoryUsage of job (MB)
	91104  -  ResidentSetSize of job (KB)
...
006 (4031461.030.000) 03/12 18:31:09 Image size of job updated: 417320
	406  -  MemoryUsage of job (MB)
	415732  -  ResidentSetSize of job (KB)
...
006 (4031461.030.000) 03/12 18:36:10 Image size of job updated: 418692
	408  -  MemoryUsage of job (MB)
	417104  -  ResidentSetSize of job (KB)
...
006 (4031461.030.000) 03/12 18:41:10 Image size of job updated: 418696
	408  -  MemoryUsage of job (MB)
	417108  -  ResidentSetSize of job (KB)
...
005 (4031461.030.000) 03/12 18:50:48 Job terminated.
	(1) Normal termination (return value 0)
		Usr 0 00:20:56, Sys 0 00:01:57  -  Run Remote Usage
		Usr 0 00:00:00, Sys 0 00:00:00  -  Run Local Usage
		Usr 0 00:20:56, Sys 0 00:01:57  -  Total Remote Usage
		Usr 0 00:00:00, Sys 0 00:00:00  -  Total Local Usage
	0  -  Run Bytes Sent By Job
	0  -  Run Bytes Received By Job
	0  -  Total Bytes Sent By Job
	0  -  Total Bytes Received By Job
	Partitionable Resources :    Usage  Request Allocated
	   Cpus                 :                 1         1
	   Disk (KB)            :        1        1  20460088
	   Memory (MB)          :      408        1      4022
...
000 (4031462.030.000) 03/12 20:10:16 Job submitted from host: <192.168.1.109:9618?addrs=192.168.1.109-9618+[--1]-9618&noUDP&sock=3153_969b_4>
...
001 (4031462.030.000) 03/12 20:10:41 Job executing on host: <192.168.1.45:9618?addrs=192.168.1.45-9618+[--1]-9618&noUDP&sock=3341_bd3f_3>
...
006 (4031462.030.000) 03/12 20:10:50 Image size of job updated: 148000
	144  -  MemoryUsage of job (MB)
	146656  -  ResidentSetSize of job (KB)
...
006 (4031462.030.000) 03/12 20:15:51 Image size of job updated: 435684
	425  -  MemoryUsage of job (MB)
	434340  -  ResidentSetSize of job (KB)
...
006 (4031462.030.000) 03/12 20:20:52 Image size of job updated: 436688
	426  -  MemoryUsage of job (MB)
	435344  -  ResidentSetSize of job (KB)
...
006 (4031462.030.000) 03/12 20:30:53 Image size of job updated: 436692
	426  -  MemoryUsage of job (MB)
	435348  -  ResidentSetSize of job (KB)
...
005 (4031462.030.000) 03/12 20:34:54 Job terminated.
	(1) Normal termination (return value 0)
		Usr 0 00:19:51, Sys 0 00:01:48  -  Run Remote Usage
		Usr 0 00:00:00, Sys 0 00:00:00  -  Run Local Usage
		Usr 0 00:19:51, Sys 0 00:01:48  -  Total Remote Usage
		Usr 0 00:00:00, Sys 0 00:00:00  -  Total Local Usage
	0  -  Run Bytes Sent By Job
	0  -  Run Bytes Received By Job
	0  -  Total Bytes Sent By Job
	0  -  Total Bytes Received By Job
	Partitionable Resources :    Usage  Request Allocated
	   Cpus                 :                 1         1
	   Disk (KB)            :        1        1  20460088
	   Memory (MB)          :      426        1      4022
...
000 (4031463.030.000) 03/12 21:35:08 Job submitted from host: <192.168.1.109:9618?addrs=192.168.1.109-9618+[--1]-9618&noUDP&sock=3153_969b_4>
...
001 (4031463.030.000) 03/12 21:35:43 Job executing on host: <192.168.1.45:9618?addrs=192.168.1.45-9618+[--1]-9618&noUDP&sock=3341_bd3f_3>
...
006 (4031463.030.000) 03/12 21:35:51 Image size of job updated: 4368
	5  -  MemoryUsage of job (MB)
	4224  -  ResidentSetSize of job (KB)
...
006 (4031463.030.000) 03/12 21:40:51 Image size of job updated: 430176
	418  -  MemoryUsage of job (MB)
	427424  -  ResidentSetSize of job (KB)
...
005 (4031463.030.000) 03/12 21:55:49 Job terminated.
	(1) Normal termination (return value 0)
		Usr 0 00:15:44, Sys 0 00:01:31  -  Run Remote Usage
		Usr 0 00:00:00, Sys 0 00:00:00  -  Run Local Usage
		Usr 0 00:15:44, Sys 0 00:01:31  -  Total Remote Usage
		Usr 0 00:00:00, Sys 0 00:00:00  -  Total Local Usage
	0  -  Run Bytes Sent By Job
	0  -  Run Bytes Received By Job
	0  -  Total Bytes Sent By Job
	0  -  Total Bytes Received By Job
	Partitionable Resources :    Usage  Request Allocated
	   Cpus                 :                 1         1
	   Disk (KB)            :        1        1  20460088
	   Memory (MB)          :      418        1      4022
...
000 (4031464.030.000) 03/12 22:37:43 Job submitted from host: <192.168.1.109:9618?addrs=192.168.1.109-9618+[--1]-9618&noUDP&sock=3153_969b_4>
...
001 (4031464.030.000) 03/12 22:37:48 Job executing on host: <192.168.1.45:9618?addrs=192.168.1.45-9618+[--1]-9618&noUDP&sock=3341_bd3f_3>
...
006 (4031464.030.000) 03/12 22:37:57 Image size of job updated: 63532
	62  -  MemoryUsage of job (MB)
	62920  -  ResidentSetSize of job (KB)
...
006 (4031464.030.000) 03/12 22:42:57 Image size of job updated: 427228
	417  -  MemoryUsage of job (MB)
	426208  -  ResidentSetSize of job (KB)
...
006 (4031464.030.000) 03/12 22:47:57 Image size of job updated: 427312
	417  -  MemoryUsage of job (MB)
	426292  -  ResidentSetSize of job (KB)
...
005 (4031464.030.000) 03/12 22:55:42 Job terminated.
	(1) Normal termination (return value 0)
		Usr 0 00:15:50, Sys 0 00:01:25  -  Run Remote Usage
		Usr 0 00:00:00, Sys 0 00:00:00  -  Run Local Usage
		Usr 0 00:15:50, Sys 0 00:01:25  -  Total Remote Usage
		Usr 0 00:00:00, Sys 0 00:00:00  -  Total Local Usage
	0  -  Run Bytes Sent By Job
	0  -  Run Bytes Received By Job
	0  -  Total Bytes Sent By Job
	0  -  Total Bytes Received By Job
	Partitionable Resources :    Usage  Request Allocated
	   Cpus                 :                 1         1
	   Disk (KB)            :        1        1  20460088
	   Memory (MB)          :      417        1      4022
...
000 (4031465.030.000) 03/12 23:18:12 Job submitted from host: <192.168.1.109:9618?addrs=192.168.1.109-9618+[--1]-9618&noUDP&sock=3153_969b_4>
...
001 (4031465.030.000) 03/12 23:18:16 Job executing on host: <192.168.1.45:9618?addrs=192.168.1.45-9618+[--1]-9618&noUDP&sock=3341_bd3f_3>
...
006 (4031465.030.000) 03/12 23:18:25 Image size of job updated: 113784
	110  -  MemoryUsage of job (MB)
	112532  -  ResidentSetSize of job (KB)
...
006 (4031465.030.000) 03/12 23:23:25 Image size of job updated: 443396
	432  -  MemoryUsage of job (MB)
	442016  -  ResidentSetSize of job (KB)
...
006 (4031465.030.000) 03/12 23:28:25 Image size of job updated: 443400
	432  -  MemoryUsage of job (MB)
	442020  -  ResidentSetSize of job (KB)
...
006 (4031465.030.000) 03/12 23:33:26 Image size of job updated: 443648
	432  -  MemoryUsage of job (MB)
	442268  -  ResidentSetSize of job (KB)
...
005 (4031465.030.000) 03/12 23:37:30 Job terminated.
	(1) Normal termination (return value 0)
		Usr 0 00:16:22, Sys 0 00:01:32  -  Run Remote Usage
		Usr 0 00:00:00, Sys 0 00:00:00  -  Run Local Usage
		Usr 0 00:16:22, Sys 0 00:01:32  -  Total Remote Usage
		Usr 0 00:00:00, Sys 0 00:00:00  -  Total Local Usage
	0  -  Run Bytes Sent By Job
	0  -  Run Bytes Received By Job
	0  -  Total Bytes Sent By Job
	0  -  Total Bytes Received By Job
	Partitionable Resources :    Usage  Request Allocated
	   Cpus                 :                 1         1
	   Disk (KB)            :        1        1  20460088
	   Memory (MB)          :      432        1      4022
...
000 (4031466.030.000) 03/13 00:00:40 Job submitted from host: <192.168.1.109:9618?addrs=192.168.1.109-9618+[--1]-9618&noUDP&sock=3153_969b_4>
...
001 (4031466.030.000) 03/13 00:01:10 Job executing on host: <192.168.1.45:9618?addrs=192.168.1.45-9618+[--1]-9618&noUDP&sock=3341_bd3f_3>
...
006 (4031466.030.000) 03/13 00:01:18 Image size of job updated: 111564
	109  -  MemoryUsage of job (MB)
	111068  -  ResidentSetSize of job (KB)
...
006 (4031466.030.000) 03/13 00:06:18 Image size of job updated: 373776
	366  -  MemoryUsage of job (MB)
	373776  -  ResidentSetSize of job (KB)
...
006 (4031466.030.000) 03/13 00:11:19 Image size of job updated: 457428
	447  -  MemoryUsage of job (MB)
	457428  -  ResidentSetSize of job (KB)
...
006 (4031466.030.000) 03/13 00:26:20 Image size of job updated: 457688
	447  -  MemoryUsage of job (MB)
	457688  -  ResidentSetSize of job (KB)
...
006 (4031466.030.000) 03/13 00:51:23 Image size of job updated: 484380
	474  -  MemoryUsage of job (MB)
	484380  -  ResidentSetSize of job (KB)
...
006 (4031466.030.000) 03/13 00:56:23 Image size of job updated: 609312
	596  -  MemoryUsage of job (MB)
	609312  -  ResidentSetSize of job (KB)
...
005 (4031466.030.000) 03/13 00:56:37 Job terminated.
	(1) Normal termination (return value 0)
		Usr 0 00:18:42, Sys 0 00:01:54  -  Run Remote Usage
		Usr 0 00:00:00, Sys 0 00:00:00  -  Run Local Usage
		Usr 0 00:18:42, Sys 0 00:01:54  -  Total Remote Usage
		Usr 0 00:00:00, Sys 0 00:00:00  -  Total Local Usage
	0  -  Run Bytes Sent By Job
	0  -  Run Bytes Received By Job
	0  -  Total Bytes Sent By Job
	0  -  Total Bytes Received By Job
	Partitionable Resources :    Usage  Request Allocated
	   Cpus                 :                 1         1
	   Disk (KB)            :        1        1  20460088
	   Memory (MB)          :      596        1      4022
...
000 (4044172.030.000) 03/13 19:21:17 Job submitted from host: <192.168.1.109:9618?addrs=192.168.1.109-9618+[--1]-9618&noUDP&sock=3153_969b_4>
...
001 (4044172.030.000) 03/13 19:21:44 Job executing on host: <192.168.1.45:9618?addrs=192.168.1.45-9618+[--1]-9618&noUDP&sock=3341_bd3f_3>
...
006 (4044172.030.000) 03/13 19:21:53 Image size of job updated: 147612
	144  -  MemoryUsage of job (MB)
	147352  -  ResidentSetSize of job (KB)
...
006 (4044172.030.000) 03/13 19:26:54 Image size of job updated: 368316
	360  -  MemoryUsage of job (MB)
	368056  -  ResidentSetSize of job (KB)
...
006 (4044172.030.000) 03/13 19:31:54 Image size of job updated: 453020
	443  -  MemoryUsage of job (MB)
	452760  -  ResidentSetSize of job (KB)
...
006 (4044172.030.000) 03/13 19:41:56 Image size of job updated: 453064
	443  -  MemoryUsage of job (MB)
	452804  -  ResidentSetSize of job (KB)
...
006 (4044172.030.000) 03/13 19:46:56 Image size of job updated: 453480
	443  -  MemoryUsage of job (MB)
	453220  -  ResidentSetSize of job (KB)
...
006 (4044172.030.000) 03/13 19:56:57 Image size of job updated: 453480
	443  -  MemoryUsage of job (MB)
	453224  -  ResidentSetSize of job (KB)
...
006 (4044172.030.000) 03/13 20:11:58 Image size of job updated: 575444
	562  -  MemoryUsage of job (MB)
	575280  -  ResidentSetSize of job (KB)
...
006 (4044172.030.000) 03/13 20:13:48 Image size of job updated: 575516
	562  -  MemoryUsage of job (MB)
	575280  -  ResidentSetSize of job (KB)
...
005 (4044172.030.000) 03/13 20:13:48 Job terminated.
	(1) Normal termination (return value 0)
		Usr 0 00:19:21, Sys 0 00:02:09  -  Run Remote Usage
		Usr 0 00:00:00, Sys 0 00:00:00  -  Run Local Usage
		Usr 0 00:19:21, Sys 0 00:02:09  -  Total Remote Usage
		Usr 0 00:00:00, Sys 0 00:00:00  -  Total Local Usage
	0  -  Run Bytes Sent By Job
	0  -  Run Bytes Received By Job
	0  -  Total Bytes Sent By Job
	0  -  Total Bytes Received By Job
	Partitionable Resources :    Usage  Request Allocated
	   Cpus                 :                 1         1
	   Disk (KB)            :        1        1  20460088
	   Memory (MB)          :      562        1      4022
...
000 (4044175.030.000) 03/13 20:53:38 Job submitted from host: <192.168.1.109:9618?addrs=192.168.1.109-9618+[--1]-9618&noUDP&sock=3153_969b_4>
...
001 (4044175.030.000) 03/13 20:53:55 Job executing on host: <192.168.1.41:9618?addrs=192.168.1.41-9618+[--1]-9618&noUDP&sock=3368_a17e_3>
...
006 (4044175.030.000) 03/13 20:54:04 Image size of job updated: 168376
	161  -  MemoryUsage of job (MB)
	164236  -  ResidentSetSize of job (KB)
...
006 (4044175.030.000) 03/13 20:59:05 Image size of job updated: 331764
	320  -  MemoryUsage of job (MB)
	327624  -  ResidentSetSize of job (KB)
...
006 (4044175.030.000) 03/13 21:04:05 Image size of job updated: 333688
	322  -  MemoryUsage of job (MB)
	329548  -  ResidentSetSize of job (KB)
...
005 (4044175.030.000) 03/13 21:06:29 Job terminated.
	(1) Normal termination (return value 0)
		Usr 0 00:10:55, Sys 0 00:01:16  -  Run Remote Usage
		Usr 0 00:00:00, Sys 0 00:00:00  -  Run Local Usage
		Usr 0 00:10:55, Sys 0 00:01:16  -  Total Remote Usage
		Usr 0 00:00:00, Sys 0 00:00:00  -  Total Local Usage
	0  -  Run Bytes Sent By Job
	0  -  Run Bytes Received By Job
	0  -  Total Bytes Sent By Job
	0  -  Total Bytes Received By Job
	Partitionable Resources :    Usage  Request Allocated
	   Cpus                 :                 1         1
	   Disk (KB)            :        1        1  20458619
	   Memory (MB)          :      322        1      4022
...
000 (4045912.030.000) 03/14 19:19:22 Job submitted from host: <192.168.1.109:9618?addrs=192.168.1.109-9618+[--1]-9618&noUDP&sock=3153_969b_4>
...
000 (4046521.030.000) 03/15 13:40:08 Job submitted from host: <192.168.1.109:9618?addrs=192.168.1.109-9618+[--1]-9618&noUDP&sock=3153_969b_4>
...
001 (4045912.030.000) 03/15 13:56:39 Job executing on host: <192.168.1.46:9618?addrs=192.168.1.46-9618+[--1]-9618&noUDP&sock=3272_2797_3>
...
006 (4045912.030.000) 03/15 13:56:47 Image size of job updated: 383012
	333  -  MemoryUsage of job (MB)
	340204  -  ResidentSetSize of job (KB)
...
009 (4046521.030.000) 03/15 13:56:54 Job was aborted by the user.
	via condor_rm (by user routray)
...
004 (4045912.030.000) 03/15 13:57:08 Job was evicted.
	(0) Job was not checkpointed.
		Usr 0 00:00:23, Sys 0 00:00:03  -  Run Remote Usage
		Usr 0 00:00:00, Sys 0 00:00:00  -  Run Local Usage
	0  -  Run Bytes Sent By Job
	0  -  Run Bytes Received By Job
	Partitionable Resources :    Usage  Request Allocated
	   Cpus                 :                 1         1
	   Disk (KB)            :        1        1  20459164
	   Memory (MB)          :      333        1      4022
...
009 (4045912.030.000) 03/15 13:57:09 Job was aborted by the user.
	via condor_rm (by user routray)
...
000 (4046522.030.000) 03/15 14:02:15 Job submitted from host: <192.168.1.109:9618?addrs=192.168.1.109-9618+[--1]-9618&noUDP&sock=3153_969b_4>
...
001 (4046522.030.000) 03/15 14:29:09 Job executing on host: <192.168.1.44:9618?addrs=192.168.1.44-9618+[--1]-9618&noUDP&sock=3035_ca7b_3>
...
006 (4046522.030.000) 03/15 14:29:18 Image size of job updated: 243500
	161  -  MemoryUsage of job (MB)
	164492  -  ResidentSetSize of job (KB)
...
006 (4046522.030.000) 03/15 14:34:19 Image size of job updated: 334140
	326  -  MemoryUsage of job (MB)
	332956  -  ResidentSetSize of job (KB)
...
006 (4046522.030.000) 03/15 14:39:20 Image size of job updated: 336232
	328  -  MemoryUsage of job (MB)
	335324  -  ResidentSetSize of job (KB)
...
006 (4046522.030.000) 03/15 14:44:20 Image size of job updated: 336232
	328  -  MemoryUsage of job (MB)
	335340  -  ResidentSetSize of job (KB)
...
006 (4046522.030.000) 03/15 14:49:20 Image size of job updated: 455980
	445  -  MemoryUsage of job (MB)
	455472  -  ResidentSetSize of job (KB)
...
005 (4046522.030.000) 03/15 14:50:40 Job terminated.
	(1) Normal termination (return value 0)
		Usr 0 00:18:57, Sys 0 00:02:19  -  Run Remote Usage
		Usr 0 00:00:00, Sys 0 00:00:00  -  Run Local Usage
		Usr 0 00:18:57, Sys 0 00:02:19  -  Total Remote Usage
		Usr 0 00:00:00, Sys 0 00:00:00  -  Total Local Usage
	0  -  Run Bytes Sent By Job
	0  -  Run Bytes Received By Job
	0  -  Total Bytes Sent By Job
	0  -  Total Bytes Received By Job
	Partitionable Resources :    Usage  Request Allocated
	   Cpus                 :                 1         1
	   Disk (KB)            :        1        1  20458817
	   Memory (MB)          :      445        1      4022
...
000 (4046529.030.000) 03/15 16:30:18 Job submitted from host: <192.168.1.109:9618?addrs=192.168.1.109-9618+[--1]-9618&noUDP&sock=3153_969b_4>
...
001 (4046529.030.000) 03/15 16:30:38 Job executing on host: <192.168.1.52:9618?addrs=192.168.1.52-9618+[--1]-9618&noUDP&sock=3327_407d_36>
...
006 (4046529.030.000) 03/15 16:30:47 Image size of job updated: 102224
	90  -  MemoryUsage of job (MB)
	91336  -  ResidentSetSize of job (KB)
...
006 (4046529.030.000) 03/15 16:35:47 Image size of job updated: 447036
	424  -  MemoryUsage of job (MB)
	433480  -  ResidentSetSize of job (KB)
...
006 (4046529.030.000) 03/15 16:40:47 Image size of job updated: 447240
	424  -  MemoryUsage of job (MB)
	433684  -  ResidentSetSize of job (KB)
...
006 (4046529.030.000) 03/15 16:45:48 Image size of job updated: 485204
	461  -  MemoryUsage of job (MB)
	471648  -  ResidentSetSize of job (KB)
...
005 (4046529.030.000) 03/15 17:13:05 Job terminated.
	(1) Normal termination (return value 0)
		Usr 0 00:38:25, Sys 0 00:03:42  -  Run Remote Usage
		Usr 0 00:00:00, Sys 0 00:00:00  -  Run Local Usage
		Usr 0 00:38:25, Sys 0 00:03:42  -  Total Remote Usage
		Usr 0 00:00:00, Sys 0 00:00:00  -  Total Local Usage
	0  -  Run Bytes Sent By Job
	0  -  Run Bytes Received By Job
	0  -  Total Bytes Sent By Job
	0  -  Total Bytes Received By Job
	Partitionable Resources :    Usage  Request Allocated
	   Cpus                 :                 1         1
	   Disk (KB)            :        1        1  22661368
	   Memory (MB)          :      461        1      4001
...
000 (4046534.030.000) 03/15 17:39:02 Job submitted from host: <192.168.1.109:9618?addrs=192.168.1.109-9618+[--1]-9618&noUDP&sock=3153_969b_4>
...
001 (4046534.030.000) 03/15 17:39:16 Job executing on host: <192.168.1.45:9618?addrs=192.168.1.45-9618+[--1]-9618&noUDP&sock=3341_bd3f_3>
...
006 (4046534.030.000) 03/15 17:39:25 Image size of job updated: 280268
	274  -  MemoryUsage of job (MB)
	280268  -  ResidentSetSize of job (KB)
...
006 (4046534.030.000) 03/15 17:44:26 Image size of job updated: 422312
	413  -  MemoryUsage of job (MB)
	422244  -  ResidentSetSize of job (KB)
...
006 (4046534.030.000) 03/15 17:49:26 Image size of job updated: 422684
	413  -  MemoryUsage of job (MB)
	422640  -  ResidentSetSize of job (KB)
...
006 (4046534.030.000) 03/15 17:54:27 Image size of job updated: 422732
	413  -  MemoryUsage of job (MB)
	422688  -  ResidentSetSize of job (KB)
...
006 (4046534.030.000) 03/15 17:59:28 Image size of job updated: 422748
	413  -  MemoryUsage of job (MB)
	422688  -  ResidentSetSize of job (KB)
...
006 (4046534.030.000) 03/15 18:00:52 Image size of job updated: 422772
	413  -  MemoryUsage of job (MB)
	422688  -  ResidentSetSize of job (KB)
...
005 (4046534.030.000) 03/15 18:00:52 Job terminated.
	(1) Normal termination (return value 0)
		Usr 0 00:19:04, Sys 0 00:01:52  -  Run Remote Usage
		Usr 0 00:00:00, Sys 0 00:00:00  -  Run Local Usage
		Usr 0 00:19:04, Sys 0 00:01:52  -  Total Remote Usage
		Usr 0 00:00:00, Sys 0 00:00:00  -  Total Local Usage
	0  -  Run Bytes Sent By Job
	0  -  Run Bytes Received By Job
	0  -  Total Bytes Sent By Job
	0  -  Total Bytes Received By Job
	Partitionable Resources :    Usage  Request Allocated
	   Cpus                 :                 1         1
	   Disk (KB)            :        1        1  20460088
	   Memory (MB)          :      413        1      4022
...
000 (4046570.030.000) 03/15 18:56:23 Job submitted from host: <192.168.1.109:9618?addrs=192.168.1.109-9618+[--1]-9618&noUDP&sock=3153_969b_4>
...
001 (4046570.030.000) 03/15 18:56:36 Job executing on host: <192.168.1.42:9618?addrs=192.168.1.42-9618+[--1]-9618&noUDP&sock=3360_3385_3>
...
006 (4046570.030.000) 03/15 18:56:45 Image size of job updated: 106924
	105  -  MemoryUsage of job (MB)
	106640  -  ResidentSetSize of job (KB)
...
006 (4046570.030.000) 03/15 19:01:45 Image size of job updated: 432204
	422  -  MemoryUsage of job (MB)
	431916  -  ResidentSetSize of job (KB)
...
006 (4046570.030.000) 03/15 19:06:45 Image size of job updated: 467632
	457  -  MemoryUsage of job (MB)
	467344  -  ResidentSetSize of job (KB)
...
006 (4046570.030.000) 03/15 19:16:37 Image size of job updated: 787260
	457  -  MemoryUsage of job (MB)
	467344  -  ResidentSetSize of job (KB)
...
005 (4046570.030.000) 03/15 19:16:37 Job terminated.
	(1) Normal termination (return value 0)
		Usr 0 00:16:51, Sys 0 00:01:49  -  Run Remote Usage
		Usr 0 00:00:00, Sys 0 00:00:00  -  Run Local Usage
		Usr 0 00:16:51, Sys 0 00:01:49  -  Total Remote Usage
		Usr 0 00:00:00, Sys 0 00:00:00  -  Total Local Usage
	0  -  Run Bytes Sent By Job
	0  -  Run Bytes Received By Job
	0  -  Total Bytes Sent By Job
	0  -  Total Bytes Received By Job
	Partitionable Resources :    Usage  Request Allocated
	   Cpus                 :                 1         1
	   Disk (KB)            :        1        1  20458262
	   Memory (MB)          :      457        1      4022
...
