000 (4031466.362.000) 03/13 00:00:43 Job submitted from host: <192.168.1.109:9618?addrs=192.168.1.109-9618+[--1]-9618&noUDP&sock=3153_969b_4>
...
001 (4031466.362.000) 03/13 00:01:26 Job executing on host: <192.168.1.51:9618?addrs=192.168.1.51-9618+[--1]-9618&noUDP&sock=3125_b25b_3>
...
006 (4031466.362.000) 03/13 00:01:36 Image size of job updated: 112724
	110  -  MemoryUsage of job (MB)
	112092  -  ResidentSetSize of job (KB)
...
006 (4031466.362.000) 03/13 00:06:37 Image size of job updated: 354560
	347  -  MemoryUsage of job (MB)
	354560  -  ResidentSetSize of job (KB)
...
006 (4031466.362.000) 03/13 00:11:38 Image size of job updated: 440784
	431  -  MemoryUsage of job (MB)
	440784  -  ResidentSetSize of job (KB)
...
006 (4031466.362.000) 03/13 00:16:38 Image size of job updated: 441352
	432  -  MemoryUsage of job (MB)
	441352  -  ResidentSetSize of job (KB)
...
006 (4031466.362.000) 03/13 00:21:38 Image size of job updated: 441360
	432  -  MemoryUsage of job (MB)
	441360  -  ResidentSetSize of job (KB)
...
006 (4031466.362.000) 03/13 00:31:39 Image size of job updated: 441388
	432  -  MemoryUsage of job (MB)
	441388  -  ResidentSetSize of job (KB)
...
006 (4031466.362.000) 03/13 00:36:39 Image size of job updated: 441396
	432  -  MemoryUsage of job (MB)
	441396  -  ResidentSetSize of job (KB)
...
006 (4031466.362.000) 03/13 00:49:51 Image size of job updated: 441408
	432  -  MemoryUsage of job (MB)
	441396  -  ResidentSetSize of job (KB)
...
005 (4031466.362.000) 03/13 00:49:51 Job terminated.
	(1) Normal termination (return value 0)
		Usr 0 00:18:33, Sys 0 00:01:38  -  Run Remote Usage
		Usr 0 00:00:00, Sys 0 00:00:00  -  Run Local Usage
		Usr 0 00:18:33, Sys 0 00:01:38  -  Total Remote Usage
		Usr 0 00:00:00, Sys 0 00:00:00  -  Total Local Usage
	0  -  Run Bytes Sent By Job
	0  -  Run Bytes Received By Job
	0  -  Total Bytes Sent By Job
	0  -  Total Bytes Received By Job
	Partitionable Resources :    Usage  Request Allocated
	   Cpus                 :                 1         1
	   Disk (KB)            :        1        1  28494197
	   Memory (MB)          :      432        1      4020
...
000 (4044172.362.000) 03/13 19:21:21 Job submitted from host: <192.168.1.109:9618?addrs=192.168.1.109-9618+[--1]-9618&noUDP&sock=3153_969b_4>
...
001 (4044172.362.000) 03/13 19:22:01 Job executing on host: <192.168.1.50:9618?addrs=192.168.1.50-9618+[--1]-9618&noUDP&sock=3247_5221_3>
...
006 (4044172.362.000) 03/13 19:22:09 Image size of job updated: 146724
	144  -  MemoryUsage of job (MB)
	146692  -  ResidentSetSize of job (KB)
...
006 (4044172.362.000) 03/13 19:27:09 Image size of job updated: 359712
	352  -  MemoryUsage of job (MB)
	359712  -  ResidentSetSize of job (KB)
...
006 (4044172.362.000) 03/13 19:32:10 Image size of job updated: 434356
	425  -  MemoryUsage of job (MB)
	434356  -  ResidentSetSize of job (KB)
...
006 (4044172.362.000) 03/13 19:37:10 Image size of job updated: 436684
	427  -  MemoryUsage of job (MB)
	436684  -  ResidentSetSize of job (KB)
...
006 (4044172.362.000) 03/13 19:42:10 Image size of job updated: 436784
	427  -  MemoryUsage of job (MB)
	436684  -  ResidentSetSize of job (KB)
...
006 (4044172.362.000) 03/13 19:47:11 Image size of job updated: 436800
	427  -  MemoryUsage of job (MB)
	436700  -  ResidentSetSize of job (KB)
...
006 (4044172.362.000) 03/13 19:52:12 Image size of job updated: 436820
	427  -  MemoryUsage of job (MB)
	436720  -  ResidentSetSize of job (KB)
...
005 (4044172.362.000) 03/13 20:04:38 Job terminated.
	(1) Normal termination (return value 0)
		Usr 0 00:22:19, Sys 0 00:02:06  -  Run Remote Usage
		Usr 0 00:00:00, Sys 0 00:00:00  -  Run Local Usage
		Usr 0 00:22:19, Sys 0 00:02:06  -  Total Remote Usage
		Usr 0 00:00:00, Sys 0 00:00:00  -  Total Local Usage
	0  -  Run Bytes Sent By Job
	0  -  Run Bytes Received By Job
	0  -  Total Bytes Sent By Job
	0  -  Total Bytes Received By Job
	Partitionable Resources :    Usage  Request Allocated
	   Cpus                 :                 1         1
	   Disk (KB)            :        1        1  28493273
	   Memory (MB)          :      427        1      4020
...
000 (4046522.362.000) 03/15 14:02:19 Job submitted from host: <192.168.1.109:9618?addrs=192.168.1.109-9618+[--1]-9618&noUDP&sock=3153_969b_4>
...
001 (4046522.362.000) 03/15 15:22:02 Job executing on host: <192.168.1.64:9618?addrs=192.168.1.64-9618+[--1]-9618&noUDP&sock=3497_7c66_22>
...
006 (4046522.362.000) 03/15 15:22:11 Image size of job updated: 433248
	346  -  MemoryUsage of job (MB)
	354076  -  ResidentSetSize of job (KB)
...
006 (4046522.362.000) 03/15 15:27:12 Image size of job updated: 441044
	430  -  MemoryUsage of job (MB)
	439612  -  ResidentSetSize of job (KB)
...
006 (4046522.362.000) 03/15 15:32:12 Image size of job updated: 441376
	430  -  MemoryUsage of job (MB)
	439676  -  ResidentSetSize of job (KB)
...
006 (4046522.362.000) 03/15 15:37:13 Image size of job updated: 441412
	430  -  MemoryUsage of job (MB)
	439712  -  ResidentSetSize of job (KB)
...
006 (4046522.362.000) 03/15 15:47:14 Image size of job updated: 441436
	430  -  MemoryUsage of job (MB)
	439736  -  ResidentSetSize of job (KB)
...
006 (4046522.362.000) 03/15 15:52:14 Image size of job updated: 441444
	430  -  MemoryUsage of job (MB)
	439744  -  ResidentSetSize of job (KB)
...
006 (4046522.362.000) 03/15 15:57:15 Image size of job updated: 441540
	430  -  MemoryUsage of job (MB)
	439864  -  ResidentSetSize of job (KB)
...
006 (4046522.362.000) 03/15 16:02:15 Image size of job updated: 478204
	467  -  MemoryUsage of job (MB)
	477628  -  ResidentSetSize of job (KB)
...
005 (4046522.362.000) 03/15 16:04:53 Job terminated.
	(1) Normal termination (return value 0)
		Usr 0 00:38:50, Sys 0 00:03:30  -  Run Remote Usage
		Usr 0 00:00:00, Sys 0 00:00:00  -  Run Local Usage
		Usr 0 00:38:50, Sys 0 00:03:30  -  Total Remote Usage
		Usr 0 00:00:00, Sys 0 00:00:00  -  Total Local Usage
	0  -  Run Bytes Sent By Job
	0  -  Run Bytes Received By Job
	0  -  Total Bytes Sent By Job
	0  -  Total Bytes Received By Job
	Partitionable Resources :    Usage  Request Allocated
	   Cpus                 :                 1         1
	   Disk (KB)            :        1        1  22685211
	   Memory (MB)          :      467        1      4015
...
