000 (4031466.572.000) 03/13 00:00:45 Job submitted from host: <192.168.1.109:9618?addrs=192.168.1.109-9618+[--1]-9618&noUDP&sock=3153_969b_4>
...
001 (4031466.572.000) 03/13 00:01:31 Job executing on host: <192.168.1.49:9618?addrs=192.168.1.49-9618+[--1]-9618&noUDP&sock=3240_e427_3>
...
006 (4031466.572.000) 03/13 00:01:40 Image size of job updated: 114444
	110  -  MemoryUsage of job (MB)
	112276  -  ResidentSetSize of job (KB)
...
006 (4031466.572.000) 03/13 00:06:40 Image size of job updated: 353800
	346  -  MemoryUsage of job (MB)
	353800  -  ResidentSetSize of job (KB)
...
006 (4031466.572.000) 03/13 00:11:41 Image size of job updated: 445092
	435  -  MemoryUsage of job (MB)
	445092  -  ResidentSetSize of job (KB)
...
006 (4031466.572.000) 03/13 00:16:42 Image size of job updated: 445872
	436  -  MemoryUsage of job (MB)
	445872  -  ResidentSetSize of job (KB)
...
006 (4031466.572.000) 03/13 00:21:42 Image size of job updated: 445880
	436  -  MemoryUsage of job (MB)
	445880  -  ResidentSetSize of job (KB)
...
006 (4031466.572.000) 03/13 00:31:43 Image size of job updated: 447152
	437  -  MemoryUsage of job (MB)
	447152  -  ResidentSetSize of job (KB)
...
006 (4031466.572.000) 03/13 00:36:43 Image size of job updated: 447172
	437  -  MemoryUsage of job (MB)
	447172  -  ResidentSetSize of job (KB)
...
005 (4031466.572.000) 03/13 00:37:35 Job terminated.
	(1) Normal termination (return value 0)
		Usr 0 00:11:11, Sys 0 00:01:02  -  Run Remote Usage
		Usr 0 00:00:00, Sys 0 00:00:00  -  Run Local Usage
		Usr 0 00:11:11, Sys 0 00:01:02  -  Total Remote Usage
		Usr 0 00:00:00, Sys 0 00:00:00  -  Total Local Usage
	0  -  Run Bytes Sent By Job
	0  -  Run Bytes Received By Job
	0  -  Total Bytes Sent By Job
	0  -  Total Bytes Received By Job
	Partitionable Resources :    Usage  Request Allocated
	   Cpus                 :                 1         1
	   Disk (KB)            :        1        1  28491601
	   Memory (MB)          :      437        1      4020
...
000 (4044172.572.000) 03/13 19:21:23 Job submitted from host: <192.168.1.109:9618?addrs=192.168.1.109-9618+[--1]-9618&noUDP&sock=3153_969b_4>
...
001 (4044172.572.000) 03/13 19:22:13 Job executing on host: <192.168.1.39:9618?addrs=192.168.1.39-9618+[--1]-9618&noUDP&sock=3239_16fe_3>
...
006 (4044172.572.000) 03/13 19:22:22 Image size of job updated: 65576
	62  -  MemoryUsage of job (MB)
	62584  -  ResidentSetSize of job (KB)
...
006 (4044172.572.000) 03/13 19:27:22 Image size of job updated: 345740
	336  -  MemoryUsage of job (MB)
	343432  -  ResidentSetSize of job (KB)
...
006 (4044172.572.000) 03/13 19:32:24 Image size of job updated: 412044
	401  -  MemoryUsage of job (MB)
	409736  -  ResidentSetSize of job (KB)
...
006 (4044172.572.000) 03/13 19:37:24 Image size of job updated: 435688
	424  -  MemoryUsage of job (MB)
	433380  -  ResidentSetSize of job (KB)
...
006 (4044172.572.000) 03/13 19:42:24 Image size of job updated: 436212
	424  -  MemoryUsage of job (MB)
	433904  -  ResidentSetSize of job (KB)
...
006 (4044172.572.000) 03/13 19:57:26 Image size of job updated: 436708
	425  -  MemoryUsage of job (MB)
	434400  -  ResidentSetSize of job (KB)
...
006 (4044172.572.000) 03/13 20:02:26 Image size of job updated: 437520
	426  -  MemoryUsage of job (MB)
	435212  -  ResidentSetSize of job (KB)
...
005 (4044172.572.000) 03/13 20:07:12 Job terminated.
	(1) Normal termination (return value 0)
		Usr 0 00:13:14, Sys 0 00:01:24  -  Run Remote Usage
		Usr 0 00:00:00, Sys 0 00:00:00  -  Run Local Usage
		Usr 0 00:13:14, Sys 0 00:01:24  -  Total Remote Usage
		Usr 0 00:00:00, Sys 0 00:00:00  -  Total Local Usage
	0  -  Run Bytes Sent By Job
	0  -  Run Bytes Received By Job
	0  -  Total Bytes Sent By Job
	0  -  Total Bytes Received By Job
	Partitionable Resources :    Usage  Request Allocated
	   Cpus                 :                 1         1
	   Disk (KB)            :        1        1  20460459
	   Memory (MB)          :      426        1      4022
...
000 (4046522.572.000) 03/15 14:02:21 Job submitted from host: <192.168.1.109:9618?addrs=192.168.1.109-9618+[--1]-9618&noUDP&sock=3153_969b_4>
...
001 (4046522.572.000) 03/15 15:35:16 Job executing on host: <192.168.1.50:9618?addrs=192.168.1.50-9618+[--1]-9618&noUDP&sock=3247_5221_3>
...
006 (4046522.572.000) 03/15 15:35:25 Image size of job updated: 361900
	308  -  MemoryUsage of job (MB)
	315140  -  ResidentSetSize of job (KB)
...
006 (4046522.572.000) 03/15 15:40:25 Image size of job updated: 435452
	426  -  MemoryUsage of job (MB)
	435320  -  ResidentSetSize of job (KB)
...
006 (4046522.572.000) 03/15 15:50:26 Image size of job updated: 436828
	427  -  MemoryUsage of job (MB)
	436696  -  ResidentSetSize of job (KB)
...
006 (4046522.572.000) 03/15 15:54:25 Image size of job updated: 436840
	427  -  MemoryUsage of job (MB)
	436696  -  ResidentSetSize of job (KB)
...
005 (4046522.572.000) 03/15 15:54:25 Job terminated.
	(1) Normal termination (return value 0)
		Usr 0 00:15:24, Sys 0 00:01:29  -  Run Remote Usage
		Usr 0 00:00:00, Sys 0 00:00:00  -  Run Local Usage
		Usr 0 00:15:24, Sys 0 00:01:29  -  Total Remote Usage
		Usr 0 00:00:00, Sys 0 00:00:00  -  Total Local Usage
	0  -  Run Bytes Sent By Job
	0  -  Run Bytes Received By Job
	0  -  Total Bytes Sent By Job
	0  -  Total Bytes Received By Job
	Partitionable Resources :    Usage  Request Allocated
	   Cpus                 :                 1         1
	   Disk (KB)            :        1        1  28493273
	   Memory (MB)          :      427        1      4020
...
