000 (4031466.585.000) 03/13 00:00:45 Job submitted from host: <192.168.1.109:9618?addrs=192.168.1.109-9618+[--1]-9618&noUDP&sock=3153_969b_4>
...
001 (4031466.585.000) 03/13 00:01:32 Job executing on host: <192.168.1.49:9618?addrs=192.168.1.49-9618+[--1]-9618&noUDP&sock=3240_e427_3>
...
006 (4031466.585.000) 03/13 00:01:41 Image size of job updated: 149184
	145  -  MemoryUsage of job (MB)
	147736  -  ResidentSetSize of job (KB)
...
006 (4031466.585.000) 03/13 00:06:42 Image size of job updated: 348120
	340  -  MemoryUsage of job (MB)
	347700  -  ResidentSetSize of job (KB)
...
006 (4031466.585.000) 03/13 00:11:42 Image size of job updated: 427560
	418  -  MemoryUsage of job (MB)
	427140  -  ResidentSetSize of job (KB)
...
006 (4031466.585.000) 03/13 00:16:42 Image size of job updated: 427664
	418  -  MemoryUsage of job (MB)
	427244  -  ResidentSetSize of job (KB)
...
006 (4031466.585.000) 03/13 00:21:43 Image size of job updated: 427680
	418  -  MemoryUsage of job (MB)
	427260  -  ResidentSetSize of job (KB)
...
006 (4031466.585.000) 03/13 00:26:44 Image size of job updated: 427708
	418  -  MemoryUsage of job (MB)
	427288  -  ResidentSetSize of job (KB)
...
006 (4031466.585.000) 03/13 00:31:44 Image size of job updated: 427768
	418  -  MemoryUsage of job (MB)
	427348  -  ResidentSetSize of job (KB)
...
006 (4031466.585.000) 03/13 00:43:41 Image size of job updated: 786016
	418  -  MemoryUsage of job (MB)
	427348  -  ResidentSetSize of job (KB)
...
005 (4031466.585.000) 03/13 00:43:41 Job terminated.
	(1) Normal termination (return value 0)
		Usr 0 00:14:40, Sys 0 00:01:23  -  Run Remote Usage
		Usr 0 00:00:00, Sys 0 00:00:00  -  Run Local Usage
		Usr 0 00:14:40, Sys 0 00:01:23  -  Total Remote Usage
		Usr 0 00:00:00, Sys 0 00:00:00  -  Total Local Usage
	0  -  Run Bytes Sent By Job
	0  -  Run Bytes Received By Job
	0  -  Total Bytes Sent By Job
	0  -  Total Bytes Received By Job
	Partitionable Resources :    Usage  Request Allocated
	   Cpus                 :                 1         1
	   Disk (KB)            :        1        1  28491601
	   Memory (MB)          :      418        1      4020
...
000 (4044172.585.000) 03/13 19:21:23 Job submitted from host: <192.168.1.109:9618?addrs=192.168.1.109-9618+[--1]-9618&noUDP&sock=3153_969b_4>
...
001 (4044172.585.000) 03/13 19:49:38 Job executing on host: <192.168.1.58:9618?addrs=192.168.1.58-9618+[--1]-9618&noUDP&sock=3319_c3bb_12>
...
006 (4044172.585.000) 03/13 19:49:47 Image size of job updated: 278692
	195  -  MemoryUsage of job (MB)
	199168  -  ResidentSetSize of job (KB)
...
006 (4044172.585.000) 03/13 19:54:47 Image size of job updated: 347012
	338  -  MemoryUsage of job (MB)
	346060  -  ResidentSetSize of job (KB)
...
006 (4044172.585.000) 03/13 19:59:48 Image size of job updated: 347128
	339  -  MemoryUsage of job (MB)
	346176  -  ResidentSetSize of job (KB)
...
006 (4044172.585.000) 03/13 20:04:49 Image size of job updated: 347164
	339  -  MemoryUsage of job (MB)
	346212  -  ResidentSetSize of job (KB)
...
006 (4044172.585.000) 03/13 20:09:49 Image size of job updated: 347412
	339  -  MemoryUsage of job (MB)
	346444  -  ResidentSetSize of job (KB)
...
006 (4044172.585.000) 03/13 20:14:50 Image size of job updated: 347412
	339  -  MemoryUsage of job (MB)
	346448  -  ResidentSetSize of job (KB)
...
006 (4044172.585.000) 03/13 20:19:51 Image size of job updated: 456408
	446  -  MemoryUsage of job (MB)
	455880  -  ResidentSetSize of job (KB)
...
005 (4044172.585.000) 03/13 20:26:15 Job terminated.
	(1) Normal termination (return value 0)
		Usr 0 00:32:36, Sys 0 00:03:10  -  Run Remote Usage
		Usr 0 00:00:00, Sys 0 00:00:00  -  Run Local Usage
		Usr 0 00:32:36, Sys 0 00:03:10  -  Total Remote Usage
		Usr 0 00:00:00, Sys 0 00:00:00  -  Total Local Usage
	0  -  Run Bytes Sent By Job
	0  -  Run Bytes Received By Job
	0  -  Total Bytes Sent By Job
	0  -  Total Bytes Received By Job
	Partitionable Resources :    Usage  Request Allocated
	   Cpus                 :                 1         1
	   Disk (KB)            :        1        1  22659268
	   Memory (MB)          :      446        1      4001
...
000 (4046522.585.000) 03/15 14:02:21 Job submitted from host: <192.168.1.109:9618?addrs=192.168.1.109-9618+[--1]-9618&noUDP&sock=3153_969b_4>
...
001 (4046522.585.000) 03/15 15:36:21 Job executing on host: <192.168.1.43:9618?addrs=192.168.1.43-9618+[--1]-9618&noUDP&sock=3360_24bc_3>
...
006 (4046522.585.000) 03/15 15:36:30 Image size of job updated: 426104
	339  -  MemoryUsage of job (MB)
	347100  -  ResidentSetSize of job (KB)
...
006 (4046522.585.000) 03/15 15:41:31 Image size of job updated: 426104
	415  -  MemoryUsage of job (MB)
	424436  -  ResidentSetSize of job (KB)
...
006 (4046522.585.000) 03/15 15:46:32 Image size of job updated: 426104
	416  -  MemoryUsage of job (MB)
	425004  -  ResidentSetSize of job (KB)
...
006 (4046522.585.000) 03/15 15:51:32 Image size of job updated: 426104
	416  -  MemoryUsage of job (MB)
	425076  -  ResidentSetSize of job (KB)
...
005 (4046522.585.000) 03/15 15:54:49 Job terminated.
	(1) Normal termination (return value 0)
		Usr 0 00:14:00, Sys 0 00:01:38  -  Run Remote Usage
		Usr 0 00:00:00, Sys 0 00:00:00  -  Run Local Usage
		Usr 0 00:14:00, Sys 0 00:01:38  -  Total Remote Usage
		Usr 0 00:00:00, Sys 0 00:00:00  -  Total Local Usage
	0  -  Run Bytes Sent By Job
	0  -  Run Bytes Received By Job
	0  -  Total Bytes Sent By Job
	0  -  Total Bytes Received By Job
	Partitionable Resources :    Usage  Request Allocated
	   Cpus                 :                 1         1
	   Disk (KB)            :        1        1  20458451
	   Memory (MB)          :      416        1      4022
...
