000 (4031466.574.000) 03/13 00:00:45 Job submitted from host: <192.168.1.109:9618?addrs=192.168.1.109-9618+[--1]-9618&noUDP&sock=3153_969b_4>
...
001 (4031466.574.000) 03/13 00:01:32 Job executing on host: <192.168.1.39:9618?addrs=192.168.1.39-9618+[--1]-9618&noUDP&sock=3239_16fe_3>
...
006 (4031466.574.000) 03/13 00:01:41 Image size of job updated: 95932
	91  -  MemoryUsage of job (MB)
	92280  -  ResidentSetSize of job (KB)
...
006 (4031466.574.000) 03/13 00:06:42 Image size of job updated: 347600
	340  -  MemoryUsage of job (MB)
	347600  -  ResidentSetSize of job (KB)
...
006 (4031466.574.000) 03/13 00:11:43 Image size of job updated: 435448
	426  -  MemoryUsage of job (MB)
	435448  -  ResidentSetSize of job (KB)
...
005 (4031466.574.000) 03/13 00:56:41 Job terminated.
	(1) Normal termination (return value 0)
		Usr 0 00:18:36, Sys 0 00:01:44  -  Run Remote Usage
		Usr 0 00:00:00, Sys 0 00:00:00  -  Run Local Usage
		Usr 0 00:18:36, Sys 0 00:01:44  -  Total Remote Usage
		Usr 0 00:00:00, Sys 0 00:00:00  -  Total Local Usage
	0  -  Run Bytes Sent By Job
	0  -  Run Bytes Received By Job
	0  -  Total Bytes Sent By Job
	0  -  Total Bytes Received By Job
	Partitionable Resources :    Usage  Request Allocated
	   Cpus                 :                 1         1
	   Disk (KB)            :        1        1  20460459
	   Memory (MB)          :      426        1      4022
...
000 (4044172.574.000) 03/13 19:21:23 Job submitted from host: <192.168.1.109:9618?addrs=192.168.1.109-9618+[--1]-9618&noUDP&sock=3153_969b_4>
...
001 (4044172.574.000) 03/13 19:22:11 Job executing on host: <192.168.1.49:9618?addrs=192.168.1.49-9618+[--1]-9618&noUDP&sock=3240_e427_3>
...
006 (4044172.574.000) 03/13 19:22:21 Image size of job updated: 149000
	144  -  MemoryUsage of job (MB)
	146680  -  ResidentSetSize of job (KB)
...
006 (4044172.574.000) 03/13 19:27:22 Image size of job updated: 355488
	345  -  MemoryUsage of job (MB)
	353152  -  ResidentSetSize of job (KB)
...
006 (4044172.574.000) 03/13 19:32:23 Image size of job updated: 439648
	428  -  MemoryUsage of job (MB)
	437312  -  ResidentSetSize of job (KB)
...
006 (4044172.574.000) 03/13 19:37:23 Image size of job updated: 440328
	428  -  MemoryUsage of job (MB)
	437992  -  ResidentSetSize of job (KB)
...
006 (4044172.574.000) 03/13 19:42:23 Image size of job updated: 440336
	428  -  MemoryUsage of job (MB)
	438000  -  ResidentSetSize of job (KB)
...
006 (4044172.574.000) 03/13 19:52:25 Image size of job updated: 440336
	428  -  MemoryUsage of job (MB)
	438104  -  ResidentSetSize of job (KB)
...
006 (4044172.574.000) 03/13 20:02:26 Image size of job updated: 440336
	428  -  MemoryUsage of job (MB)
	438108  -  ResidentSetSize of job (KB)
...
005 (4044172.574.000) 03/13 20:08:23 Job terminated.
	(1) Normal termination (return value 0)
		Usr 0 00:22:01, Sys 0 00:02:08  -  Run Remote Usage
		Usr 0 00:00:00, Sys 0 00:00:00  -  Run Local Usage
		Usr 0 00:22:01, Sys 0 00:02:08  -  Total Remote Usage
		Usr 0 00:00:00, Sys 0 00:00:00  -  Total Local Usage
	0  -  Run Bytes Sent By Job
	0  -  Run Bytes Received By Job
	0  -  Total Bytes Sent By Job
	0  -  Total Bytes Received By Job
	Partitionable Resources :    Usage  Request Allocated
	   Cpus                 :                 1         1
	   Disk (KB)            :        1        1  28491601
	   Memory (MB)          :      428        1      4020
...
000 (4046522.574.000) 03/15 14:02:21 Job submitted from host: <192.168.1.109:9618?addrs=192.168.1.109-9618+[--1]-9618&noUDP&sock=3153_969b_4>
...
001 (4046522.574.000) 03/15 15:35:37 Job executing on host: <192.168.1.44:9618?addrs=192.168.1.44-9618+[--1]-9618&noUDP&sock=3035_ca7b_3>
...
006 (4046522.574.000) 03/15 15:35:45 Image size of job updated: 243160
	161  -  MemoryUsage of job (MB)
	164256  -  ResidentSetSize of job (KB)
...
006 (4046522.574.000) 03/15 15:40:45 Image size of job updated: 328652
	321  -  MemoryUsage of job (MB)
	327716  -  ResidentSetSize of job (KB)
...
006 (4046522.574.000) 03/15 15:56:50 Image size of job updated: 791124
	321  -  MemoryUsage of job (MB)
	327716  -  ResidentSetSize of job (KB)
...
005 (4046522.574.000) 03/15 15:56:50 Job terminated.
	(1) Normal termination (return value 0)
		Usr 0 00:17:16, Sys 0 00:01:58  -  Run Remote Usage
		Usr 0 00:00:00, Sys 0 00:00:00  -  Run Local Usage
		Usr 0 00:17:16, Sys 0 00:01:58  -  Total Remote Usage
		Usr 0 00:00:00, Sys 0 00:00:00  -  Total Local Usage
	0  -  Run Bytes Sent By Job
	0  -  Run Bytes Received By Job
	0  -  Total Bytes Sent By Job
	0  -  Total Bytes Received By Job
	Partitionable Resources :    Usage  Request Allocated
	   Cpus                 :                 1         1
	   Disk (KB)            :        1        1  20458817
	   Memory (MB)          :      321        1      4022
...
