000 (4031233.091.000) 03/12 14:28:35 Job submitted from host: <192.168.1.109:9618?addrs=192.168.1.109-9618+[--1]-9618&noUDP&sock=3153_969b_4>
...
001 (4031233.091.000) 03/12 14:28:50 Job executing on host: <192.168.1.63:9618?addrs=192.168.1.63-9618+[--1]-9618&noUDP&sock=3501_ea5f_33>
...
006 (4031233.091.000) 03/12 14:28:59 Image size of job updated: 36488
	31  -  MemoryUsage of job (MB)
	31732  -  ResidentSetSize of job (KB)
...
006 (4031233.091.000) 03/12 14:34:00 Image size of job updated: 467080
	449  -  MemoryUsage of job (MB)
	458756  -  ResidentSetSize of job (KB)
...
006 (4031233.091.000) 03/12 14:54:02 Image size of job updated: 499204
	480  -  MemoryUsage of job (MB)
	490880  -  ResidentSetSize of job (KB)
...
004 (4031233.091.000) 03/12 14:54:07 Job was evicted.
	(0) Job was not checkpointed.
		Usr 0 00:22:39, Sys 0 00:02:10  -  Run Remote Usage
		Usr 0 00:00:00, Sys 0 00:00:00  -  Run Local Usage
	0  -  Run Bytes Sent By Job
	0  -  Run Bytes Received By Job
	Partitionable Resources :    Usage  Request Allocated
	   Cpus                 :                 1         1
	   Disk (KB)            :        1        1  22685400
	   Memory (MB)          :      480        1      4015
...
009 (4031233.091.000) 03/12 14:54:08 Job was aborted by the user.
	via condor_rm (by user routray)
...
000 (4031234.091.000) 03/12 15:03:14 Job submitted from host: <192.168.1.109:9618?addrs=192.168.1.109-9618+[--1]-9618&noUDP&sock=3153_969b_4>
...
001 (4031234.091.000) 03/12 15:03:41 Job executing on host: <192.168.1.47:9618?addrs=192.168.1.47-9618+[--1]-9618&noUDP&sock=3245_a288_3>
...
006 (4031234.091.000) 03/12 15:03:50 Image size of job updated: 371024
	351  -  MemoryUsage of job (MB)
	359124  -  ResidentSetSize of job (KB)
...
006 (4031234.091.000) 03/12 15:08:51 Image size of job updated: 456132
	446  -  MemoryUsage of job (MB)
	455928  -  ResidentSetSize of job (KB)
...
004 (4031234.091.000) 03/12 15:12:48 Job was evicted.
	(0) Job was not checkpointed.
		Usr 0 00:08:03, Sys 0 00:00:45  -  Run Remote Usage
		Usr 0 00:00:00, Sys 0 00:00:00  -  Run Local Usage
	0  -  Run Bytes Sent By Job
	0  -  Run Bytes Received By Job
	Partitionable Resources :    Usage  Request Allocated
	   Cpus                 :                 1         1
	   Disk (KB)            :        1        1  28493856
	   Memory (MB)          :      446        1      4020
...
009 (4031234.091.000) 03/12 15:12:51 Job was aborted by the user.
	via condor_rm (by user routray)
...
000 (4031235.091.000) 03/12 15:16:44 Job submitted from host: <192.168.1.109:9618?addrs=192.168.1.109-9618+[--1]-9618&noUDP&sock=3153_969b_4>
...
001 (4031235.091.000) 03/12 15:17:02 Job executing on host: <192.168.1.66:9618?addrs=192.168.1.66-9618+[--1]-9618&noUDP&sock=3560_0345_33>
...
006 (4031235.091.000) 03/12 15:17:10 Image size of job updated: 367624
	351  -  MemoryUsage of job (MB)
	359176  -  ResidentSetSize of job (KB)
...
006 (4031235.091.000) 03/12 15:22:10 Image size of job updated: 462744
	444  -  MemoryUsage of job (MB)
	454300  -  ResidentSetSize of job (KB)
...
006 (4031235.091.000) 03/12 15:27:11 Image size of job updated: 463008
	444  -  MemoryUsage of job (MB)
	454564  -  ResidentSetSize of job (KB)
...
006 (4031235.091.000) 03/12 15:32:12 Image size of job updated: 499648
	480  -  MemoryUsage of job (MB)
	491204  -  ResidentSetSize of job (KB)
...
005 (4031235.091.000) 03/12 15:54:18 Job terminated.
	(1) Normal termination (return value 0)
		Usr 0 00:33:56, Sys 0 00:03:07  -  Run Remote Usage
		Usr 0 00:00:00, Sys 0 00:00:00  -  Run Local Usage
		Usr 0 00:33:56, Sys 0 00:03:07  -  Total Remote Usage
		Usr 0 00:00:00, Sys 0 00:00:00  -  Total Local Usage
	0  -  Run Bytes Sent By Job
	0  -  Run Bytes Received By Job
	0  -  Total Bytes Sent By Job
	0  -  Total Bytes Received By Job
	Partitionable Resources :    Usage  Request Allocated
	   Cpus                 :                 1         1
	   Disk (KB)            :        1        1  22684277
	   Memory (MB)          :      480        1      4015
...
000 (4031450.091.000) 03/12 16:23:12 Job submitted from host: <192.168.1.109:9618?addrs=192.168.1.109-9618+[--1]-9618&noUDP&sock=3153_969b_4>
...
001 (4031450.091.000) 03/12 16:23:37 Job executing on host: <192.168.1.56:9618?addrs=192.168.1.56-9618+[--1]-9618&noUDP&sock=3336_bd3f_3>
...
006 (4031450.091.000) 03/12 16:23:46 Image size of job updated: 311928
	223  -  MemoryUsage of job (MB)
	227560  -  ResidentSetSize of job (KB)
...
006 (4031450.091.000) 03/12 16:28:46 Image size of job updated: 461512
	369  -  MemoryUsage of job (MB)
	377120  -  ResidentSetSize of job (KB)
...
006 (4031450.091.000) 03/12 16:33:46 Image size of job updated: 461588
	369  -  MemoryUsage of job (MB)
	377196  -  ResidentSetSize of job (KB)
...
005 (4031450.091.000) 03/12 16:46:49 Job terminated.
	(1) Normal termination (return value 0)
		Usr 0 00:21:08, Sys 0 00:01:49  -  Run Remote Usage
		Usr 0 00:00:00, Sys 0 00:00:00  -  Run Local Usage
		Usr 0 00:21:08, Sys 0 00:01:49  -  Total Remote Usage
		Usr 0 00:00:00, Sys 0 00:00:00  -  Total Local Usage
	0  -  Run Bytes Sent By Job
	0  -  Run Bytes Received By Job
	0  -  Total Bytes Sent By Job
	0  -  Total Bytes Received By Job
	Partitionable Resources :    Usage  Request Allocated
	   Cpus                 :                 1         1
	   Disk (KB)            :        1        1  22662681
	   Memory (MB)          :      369        1      4001
...
000 (4031461.091.000) 03/12 18:25:46 Job submitted from host: <192.168.1.109:9618?addrs=192.168.1.109-9618+[--1]-9618&noUDP&sock=3153_969b_4>
...
001 (4031461.091.000) 03/12 18:26:01 Job executing on host: <192.168.1.64:9618?addrs=192.168.1.64-9618+[--1]-9618&noUDP&sock=3497_7c66_22>
...
006 (4031461.091.000) 03/12 18:26:09 Image size of job updated: 195740
	188  -  MemoryUsage of job (MB)
	192272  -  ResidentSetSize of job (KB)
...
006 (4031461.091.000) 03/12 18:31:09 Image size of job updated: 391808
	380  -  MemoryUsage of job (MB)
	388232  -  ResidentSetSize of job (KB)
...
006 (4031461.091.000) 03/12 18:36:10 Image size of job updated: 392456
	380  -  MemoryUsage of job (MB)
	388880  -  ResidentSetSize of job (KB)
...
006 (4031461.091.000) 03/12 18:41:10 Image size of job updated: 392648
	380  -  MemoryUsage of job (MB)
	389072  -  ResidentSetSize of job (KB)
...
006 (4031461.091.000) 03/12 18:59:25 Image size of job updated: 441092
	380  -  MemoryUsage of job (MB)
	389072  -  ResidentSetSize of job (KB)
...
005 (4031461.091.000) 03/12 18:59:25 Job terminated.
	(1) Normal termination (return value 0)
		Usr 0 00:30:13, Sys 0 00:02:39  -  Run Remote Usage
		Usr 0 00:00:00, Sys 0 00:00:00  -  Run Local Usage
		Usr 0 00:30:13, Sys 0 00:02:39  -  Total Remote Usage
		Usr 0 00:00:00, Sys 0 00:00:00  -  Total Local Usage
	0  -  Run Bytes Sent By Job
	0  -  Run Bytes Received By Job
	0  -  Total Bytes Sent By Job
	0  -  Total Bytes Received By Job
	Partitionable Resources :    Usage  Request Allocated
	   Cpus                 :                 1         1
	   Disk (KB)            :        1        1  22685211
	   Memory (MB)          :      380        1      4015
...
000 (4031462.091.000) 03/12 20:10:16 Job submitted from host: <192.168.1.109:9618?addrs=192.168.1.109-9618+[--1]-9618&noUDP&sock=3153_969b_4>
...
001 (4031462.091.000) 03/12 20:10:42 Job executing on host: <192.168.1.44:9618?addrs=192.168.1.44-9618+[--1]-9618&noUDP&sock=3035_ca7b_3>
...
006 (4031462.091.000) 03/12 20:10:51 Image size of job updated: 243296
	232  -  MemoryUsage of job (MB)
	237556  -  ResidentSetSize of job (KB)
...
006 (4031462.091.000) 03/12 20:15:52 Image size of job updated: 401468
	387  -  MemoryUsage of job (MB)
	395700  -  ResidentSetSize of job (KB)
...
006 (4031462.091.000) 03/12 20:20:52 Image size of job updated: 401468
	387  -  MemoryUsage of job (MB)
	395704  -  ResidentSetSize of job (KB)
...
005 (4031462.091.000) 03/12 20:24:50 Job terminated.
	(1) Normal termination (return value 0)
		Usr 0 00:12:10, Sys 0 00:01:19  -  Run Remote Usage
		Usr 0 00:00:00, Sys 0 00:00:00  -  Run Local Usage
		Usr 0 00:12:10, Sys 0 00:01:19  -  Total Remote Usage
		Usr 0 00:00:00, Sys 0 00:00:00  -  Total Local Usage
	0  -  Run Bytes Sent By Job
	0  -  Run Bytes Received By Job
	0  -  Total Bytes Sent By Job
	0  -  Total Bytes Received By Job
	Partitionable Resources :    Usage  Request Allocated
	   Cpus                 :                 1         1
	   Disk (KB)            :        1        1  20458817
	   Memory (MB)          :      387        1      4022
...
000 (4031463.091.000) 03/12 21:35:10 Job submitted from host: <192.168.1.109:9618?addrs=192.168.1.109-9618+[--1]-9618&noUDP&sock=3153_969b_4>
...
001 (4031463.091.000) 03/12 21:35:44 Job executing on host: <192.168.1.62:9618?addrs=192.168.1.62-9618+[--1]-9618&noUDP&sock=2992_c8ab_24>
...
006 (4031463.091.000) 03/12 21:35:53 Image size of job updated: 44612
	36  -  MemoryUsage of job (MB)
	36532  -  ResidentSetSize of job (KB)
...
006 (4031463.091.000) 03/12 21:40:54 Image size of job updated: 451096
	428  -  MemoryUsage of job (MB)
	437684  -  ResidentSetSize of job (KB)
...
006 (4031463.091.000) 03/12 21:50:55 Image size of job updated: 451132
	428  -  MemoryUsage of job (MB)
	437720  -  ResidentSetSize of job (KB)
...
006 (4031463.091.000) 03/12 21:55:55 Image size of job updated: 451136
	428  -  MemoryUsage of job (MB)
	437724  -  ResidentSetSize of job (KB)
...
005 (4031463.091.000) 03/12 22:03:31 Job terminated.
	(1) Normal termination (return value 0)
		Usr 0 00:24:31, Sys 0 00:02:22  -  Run Remote Usage
		Usr 0 00:00:00, Sys 0 00:00:00  -  Run Local Usage
		Usr 0 00:24:31, Sys 0 00:02:22  -  Total Remote Usage
		Usr 0 00:00:00, Sys 0 00:00:00  -  Total Local Usage
	0  -  Run Bytes Sent By Job
	0  -  Run Bytes Received By Job
	0  -  Total Bytes Sent By Job
	0  -  Total Bytes Received By Job
	Partitionable Resources :    Usage  Request Allocated
	   Cpus                 :                 1         1
	   Disk (KB)            :        1        1  22663505
	   Memory (MB)          :      428        1      4001
...
000 (4031466.091.000) 03/13 00:00:40 Job submitted from host: <192.168.1.109:9618?addrs=192.168.1.109-9618+[--1]-9618&noUDP&sock=3153_969b_4>
...
001 (4031466.091.000) 03/13 00:01:11 Job executing on host: <192.168.1.62:9618?addrs=192.168.1.62-9618+[--1]-9618&noUDP&sock=2992_c8ab_24>
...
006 (4031466.091.000) 03/13 00:01:20 Image size of job updated: 167648
	159  -  MemoryUsage of job (MB)
	162556  -  ResidentSetSize of job (KB)
...
006 (4031466.091.000) 03/13 00:06:21 Image size of job updated: 431284
	422  -  MemoryUsage of job (MB)
	431144  -  ResidentSetSize of job (KB)
...
006 (4031466.091.000) 03/13 00:11:22 Image size of job updated: 431404
	422  -  MemoryUsage of job (MB)
	431264  -  ResidentSetSize of job (KB)
...
006 (4031466.091.000) 03/13 00:16:22 Image size of job updated: 431508
	422  -  MemoryUsage of job (MB)
	431368  -  ResidentSetSize of job (KB)
...
006 (4031466.091.000) 03/13 00:21:23 Image size of job updated: 467636
	457  -  MemoryUsage of job (MB)
	467496  -  ResidentSetSize of job (KB)
...
006 (4031466.091.000) 03/13 00:31:32 Image size of job updated: 467752
	457  -  MemoryUsage of job (MB)
	467496  -  ResidentSetSize of job (KB)
...
005 (4031466.091.000) 03/13 00:31:32 Job terminated.
	(1) Normal termination (return value 0)
		Usr 0 00:25:32, Sys 0 00:02:24  -  Run Remote Usage
		Usr 0 00:00:00, Sys 0 00:00:00  -  Run Local Usage
		Usr 0 00:25:32, Sys 0 00:02:24  -  Total Remote Usage
		Usr 0 00:00:00, Sys 0 00:00:00  -  Total Local Usage
	0  -  Run Bytes Sent By Job
	0  -  Run Bytes Received By Job
	0  -  Total Bytes Sent By Job
	0  -  Total Bytes Received By Job
	Partitionable Resources :    Usage  Request Allocated
	   Cpus                 :                 1         1
	   Disk (KB)            :        1        1  22663505
	   Memory (MB)          :      457        1      4001
...
000 (4044172.091.000) 03/13 19:21:18 Job submitted from host: <192.168.1.109:9618?addrs=192.168.1.109-9618+[--1]-9618&noUDP&sock=3153_969b_4>
...
001 (4044172.091.000) 03/13 19:21:46 Job executing on host: <192.168.1.43:9618?addrs=192.168.1.43-9618+[--1]-9618&noUDP&sock=3360_24bc_3>
...
006 (4044172.091.000) 03/13 19:21:55 Image size of job updated: 343480
	335  -  MemoryUsage of job (MB)
	342952  -  ResidentSetSize of job (KB)
...
006 (4044172.091.000) 03/13 19:26:56 Image size of job updated: 426616
	416  -  MemoryUsage of job (MB)
	425756  -  ResidentSetSize of job (KB)
...
006 (4044172.091.000) 03/13 19:31:57 Image size of job updated: 427356
	417  -  MemoryUsage of job (MB)
	426496  -  ResidentSetSize of job (KB)
...
006 (4044172.091.000) 03/13 19:41:57 Image size of job updated: 427384
	417  -  MemoryUsage of job (MB)
	426524  -  ResidentSetSize of job (KB)
...
006 (4044172.091.000) 03/13 19:46:58 Image size of job updated: 427448
	417  -  MemoryUsage of job (MB)
	426588  -  ResidentSetSize of job (KB)
...
006 (4044172.091.000) 03/13 20:01:59 Image size of job updated: 427456
	417  -  MemoryUsage of job (MB)
	426588  -  ResidentSetSize of job (KB)
...
005 (4044172.091.000) 03/13 20:04:36 Job terminated.
	(1) Normal termination (return value 0)
		Usr 0 00:12:21, Sys 0 00:01:29  -  Run Remote Usage
		Usr 0 00:00:00, Sys 0 00:00:00  -  Run Local Usage
		Usr 0 00:12:21, Sys 0 00:01:29  -  Total Remote Usage
		Usr 0 00:00:00, Sys 0 00:00:00  -  Total Local Usage
	0  -  Run Bytes Sent By Job
	0  -  Run Bytes Received By Job
	0  -  Total Bytes Sent By Job
	0  -  Total Bytes Received By Job
	Partitionable Resources :    Usage  Request Allocated
	   Cpus                 :                 1         1
	   Disk (KB)            :        1        1  20458451
	   Memory (MB)          :      417        1      4022
...
000 (4046522.091.000) 03/15 14:02:15 Job submitted from host: <192.168.1.109:9618?addrs=192.168.1.109-9618+[--1]-9618&noUDP&sock=3153_969b_4>
...
001 (4046522.091.000) 03/15 14:48:08 Job executing on host: <192.168.1.43:9618?addrs=192.168.1.43-9618+[--1]-9618&noUDP&sock=3360_24bc_3>
...
006 (4046522.091.000) 03/15 14:48:16 Image size of job updated: 414384
	328  -  MemoryUsage of job (MB)
	335296  -  ResidentSetSize of job (KB)
...
006 (4046522.091.000) 03/15 14:53:16 Image size of job updated: 428356
	417  -  MemoryUsage of job (MB)
	426884  -  ResidentSetSize of job (KB)
...
006 (4046522.091.000) 03/15 14:58:16 Image size of job updated: 428356
	417  -  MemoryUsage of job (MB)
	426972  -  ResidentSetSize of job (KB)
...
005 (4046522.091.000) 03/15 15:02:36 Job terminated.
	(1) Normal termination (return value 0)
		Usr 0 00:12:44, Sys 0 00:01:28  -  Run Remote Usage
		Usr 0 00:00:00, Sys 0 00:00:00  -  Run Local Usage
		Usr 0 00:12:44, Sys 0 00:01:28  -  Total Remote Usage
		Usr 0 00:00:00, Sys 0 00:00:00  -  Total Local Usage
	0  -  Run Bytes Sent By Job
	0  -  Run Bytes Received By Job
	0  -  Total Bytes Sent By Job
	0  -  Total Bytes Received By Job
	Partitionable Resources :    Usage  Request Allocated
	   Cpus                 :                 1         1
	   Disk (KB)            :        1        1  20458451
	   Memory (MB)          :      417        1      4022
...
000 (4046570.091.000) 03/15 18:56:23 Job submitted from host: <192.168.1.109:9618?addrs=192.168.1.109-9618+[--1]-9618&noUDP&sock=3153_969b_4>
...
001 (4046570.091.000) 03/15 18:56:39 Job executing on host: <192.168.1.44:9618?addrs=192.168.1.44-9618+[--1]-9618&noUDP&sock=3035_ca7b_3>
...
006 (4046570.091.000) 03/15 18:56:48 Image size of job updated: 236260
	224  -  MemoryUsage of job (MB)
	228464  -  ResidentSetSize of job (KB)
...
006 (4046570.091.000) 03/15 19:01:49 Image size of job updated: 389052
	373  -  MemoryUsage of job (MB)
	381020  -  ResidentSetSize of job (KB)
...
006 (4046570.091.000) 03/15 19:06:49 Image size of job updated: 389272
	373  -  MemoryUsage of job (MB)
	381240  -  ResidentSetSize of job (KB)
...
006 (4046570.091.000) 03/15 19:11:49 Image size of job updated: 389280
	373  -  MemoryUsage of job (MB)
	381248  -  ResidentSetSize of job (KB)
...
005 (4046570.091.000) 03/15 19:12:54 Job terminated.
	(1) Normal termination (return value 0)
		Usr 0 00:13:29, Sys 0 00:01:38  -  Run Remote Usage
		Usr 0 00:00:00, Sys 0 00:00:00  -  Run Local Usage
		Usr 0 00:13:29, Sys 0 00:01:38  -  Total Remote Usage
		Usr 0 00:00:00, Sys 0 00:00:00  -  Total Local Usage
	0  -  Run Bytes Sent By Job
	0  -  Run Bytes Received By Job
	0  -  Total Bytes Sent By Job
	0  -  Total Bytes Received By Job
	Partitionable Resources :    Usage  Request Allocated
	   Cpus                 :                 1         1
	   Disk (KB)            :        1        1  20458817
	   Memory (MB)          :      373        1      4022
...
