000 (4031466.386.000) 03/13 00:00:43 Job submitted from host: <192.168.1.109:9618?addrs=192.168.1.109-9618+[--1]-9618&noUDP&sock=3153_969b_4>
...
001 (4031466.386.000) 03/13 00:01:25 Job executing on host: <192.168.1.50:9618?addrs=192.168.1.50-9618+[--1]-9618&noUDP&sock=3247_5221_3>
...
006 (4031466.386.000) 03/13 00:01:34 Image size of job updated: 146656
	144  -  MemoryUsage of job (MB)
	146656  -  ResidentSetSize of job (KB)
...
006 (4031466.386.000) 03/13 00:06:34 Image size of job updated: 338672
	331  -  MemoryUsage of job (MB)
	338672  -  ResidentSetSize of job (KB)
...
006 (4031466.386.000) 03/13 00:11:35 Image size of job updated: 423168
	414  -  MemoryUsage of job (MB)
	423168  -  ResidentSetSize of job (KB)
...
006 (4031466.386.000) 03/13 00:16:36 Image size of job updated: 423336
	414  -  MemoryUsage of job (MB)
	423336  -  ResidentSetSize of job (KB)
...
006 (4031466.386.000) 03/13 00:21:36 Image size of job updated: 423340
	414  -  MemoryUsage of job (MB)
	423340  -  ResidentSetSize of job (KB)
...
006 (4031466.386.000) 03/13 00:26:37 Image size of job updated: 423400
	414  -  MemoryUsage of job (MB)
	423400  -  ResidentSetSize of job (KB)
...
006 (4031466.386.000) 03/13 00:31:38 Image size of job updated: 423452
	414  -  MemoryUsage of job (MB)
	423452  -  ResidentSetSize of job (KB)
...
006 (4031466.386.000) 03/13 00:36:39 Image size of job updated: 423456
	414  -  MemoryUsage of job (MB)
	423456  -  ResidentSetSize of job (KB)
...
005 (4031466.386.000) 03/13 00:42:53 Job terminated.
	(1) Normal termination (return value 0)
		Usr 0 00:12:50, Sys 0 00:01:18  -  Run Remote Usage
		Usr 0 00:00:00, Sys 0 00:00:00  -  Run Local Usage
		Usr 0 00:12:50, Sys 0 00:01:18  -  Total Remote Usage
		Usr 0 00:00:00, Sys 0 00:00:00  -  Total Local Usage
	0  -  Run Bytes Sent By Job
	0  -  Run Bytes Received By Job
	0  -  Total Bytes Sent By Job
	0  -  Total Bytes Received By Job
	Partitionable Resources :    Usage  Request Allocated
	   Cpus                 :                 1         1
	   Disk (KB)            :        1        1  28493273
	   Memory (MB)          :      414        1      4020
...
000 (4044172.386.000) 03/13 19:21:21 Job submitted from host: <192.168.1.109:9618?addrs=192.168.1.109-9618+[--1]-9618&noUDP&sock=3153_969b_4>
...
001 (4044172.386.000) 03/13 19:22:01 Job executing on host: <192.168.1.63:9618?addrs=192.168.1.63-9618+[--1]-9618&noUDP&sock=3501_ea5f_33>
...
006 (4044172.386.000) 03/13 19:22:09 Image size of job updated: 136648
	110  -  MemoryUsage of job (MB)
	112576  -  ResidentSetSize of job (KB)
...
006 (4044172.386.000) 03/13 19:27:09 Image size of job updated: 383744
	351  -  MemoryUsage of job (MB)
	358988  -  ResidentSetSize of job (KB)
...
006 (4044172.386.000) 03/13 19:32:10 Image size of job updated: 451684
	417  -  MemoryUsage of job (MB)
	426928  -  ResidentSetSize of job (KB)
...
006 (4044172.386.000) 03/13 19:37:10 Image size of job updated: 451788
	418  -  MemoryUsage of job (MB)
	427032  -  ResidentSetSize of job (KB)
...
006 (4044172.386.000) 03/13 19:42:10 Image size of job updated: 451792
	418  -  MemoryUsage of job (MB)
	427036  -  ResidentSetSize of job (KB)
...
006 (4044172.386.000) 03/13 19:47:11 Image size of job updated: 451796
	418  -  MemoryUsage of job (MB)
	427040  -  ResidentSetSize of job (KB)
...
006 (4044172.386.000) 03/13 19:52:12 Image size of job updated: 451832
	418  -  MemoryUsage of job (MB)
	427076  -  ResidentSetSize of job (KB)
...
006 (4044172.386.000) 03/13 19:57:12 Image size of job updated: 451876
	418  -  MemoryUsage of job (MB)
	427120  -  ResidentSetSize of job (KB)
...
006 (4044172.386.000) 03/13 20:02:13 Image size of job updated: 451896
	418  -  MemoryUsage of job (MB)
	427140  -  ResidentSetSize of job (KB)
...
006 (4044172.386.000) 03/13 20:12:14 Image size of job updated: 451896
	418  -  MemoryUsage of job (MB)
	427148  -  ResidentSetSize of job (KB)
...
005 (4044172.386.000) 03/13 20:18:00 Job terminated.
	(1) Normal termination (return value 0)
		Usr 0 00:47:33, Sys 0 00:03:48  -  Run Remote Usage
		Usr 0 00:00:00, Sys 0 00:00:00  -  Run Local Usage
		Usr 0 00:47:33, Sys 0 00:03:48  -  Total Remote Usage
		Usr 0 00:00:00, Sys 0 00:00:00  -  Total Local Usage
	0  -  Run Bytes Sent By Job
	0  -  Run Bytes Received By Job
	0  -  Total Bytes Sent By Job
	0  -  Total Bytes Received By Job
	Partitionable Resources :    Usage  Request Allocated
	   Cpus                 :                 1         1
	   Disk (KB)            :        1        1  22685399
	   Memory (MB)          :      418        1      4015
...
000 (4046522.386.000) 03/15 14:02:19 Job submitted from host: <192.168.1.109:9618?addrs=192.168.1.109-9618+[--1]-9618&noUDP&sock=3153_969b_4>
...
001 (4046522.386.000) 03/15 15:25:05 Job executing on host: <192.168.1.50:9618?addrs=192.168.1.50-9618+[--1]-9618&noUDP&sock=3247_5221_3>
...
006 (4046522.386.000) 03/15 15:25:14 Image size of job updated: 424804
	338  -  MemoryUsage of job (MB)
	345876  -  ResidentSetSize of job (KB)
...
006 (4046522.386.000) 03/15 15:30:15 Image size of job updated: 429876
	420  -  MemoryUsage of job (MB)
	429472  -  ResidentSetSize of job (KB)
...
006 (4046522.386.000) 03/15 15:35:15 Image size of job updated: 429876
	420  -  MemoryUsage of job (MB)
	429476  -  ResidentSetSize of job (KB)
...
006 (4046522.386.000) 03/15 15:40:16 Image size of job updated: 429876
	420  -  MemoryUsage of job (MB)
	429540  -  ResidentSetSize of job (KB)
...
006 (4046522.386.000) 03/15 15:45:17 Image size of job updated: 429876
	420  -  MemoryUsage of job (MB)
	429588  -  ResidentSetSize of job (KB)
...
005 (4046522.386.000) 03/15 15:49:11 Job terminated.
	(1) Normal termination (return value 0)
		Usr 0 00:20:04, Sys 0 00:01:49  -  Run Remote Usage
		Usr 0 00:00:00, Sys 0 00:00:00  -  Run Local Usage
		Usr 0 00:20:04, Sys 0 00:01:49  -  Total Remote Usage
		Usr 0 00:00:00, Sys 0 00:00:00  -  Total Local Usage
	0  -  Run Bytes Sent By Job
	0  -  Run Bytes Received By Job
	0  -  Total Bytes Sent By Job
	0  -  Total Bytes Received By Job
	Partitionable Resources :    Usage  Request Allocated
	   Cpus                 :                 1         1
	   Disk (KB)            :        1        1  28493273
	   Memory (MB)          :      420        1      4020
...
