000 (4031466.429.000) 03/13 00:00:44 Job submitted from host: <192.168.1.109:9618?addrs=192.168.1.109-9618+[--1]-9618&noUDP&sock=3153_969b_4>
...
001 (4031466.429.000) 03/13 00:01:27 Job executing on host: <192.168.1.50:9618?addrs=192.168.1.50-9618+[--1]-9618&noUDP&sock=3247_5221_3>
...
006 (4031466.429.000) 03/13 00:01:36 Image size of job updated: 50780
	36  -  MemoryUsage of job (MB)
	36732  -  ResidentSetSize of job (KB)
...
006 (4031466.429.000) 03/13 00:06:37 Image size of job updated: 346668
	339  -  MemoryUsage of job (MB)
	346668  -  ResidentSetSize of job (KB)
...
006 (4031466.429.000) 03/13 00:11:39 Image size of job updated: 421504
	412  -  MemoryUsage of job (MB)
	421504  -  ResidentSetSize of job (KB)
...
006 (4031466.429.000) 03/13 00:16:39 Image size of job updated: 421628
	412  -  MemoryUsage of job (MB)
	421628  -  ResidentSetSize of job (KB)
...
006 (4031466.429.000) 03/13 00:26:40 Image size of job updated: 421808
	412  -  MemoryUsage of job (MB)
	421808  -  ResidentSetSize of job (KB)
...
006 (4031466.429.000) 03/13 00:40:42 Image size of job updated: 421848
	412  -  MemoryUsage of job (MB)
	421808  -  ResidentSetSize of job (KB)
...
005 (4031466.429.000) 03/13 00:40:42 Job terminated.
	(1) Normal termination (return value 0)
		Usr 0 00:10:26, Sys 0 00:01:01  -  Run Remote Usage
		Usr 0 00:00:00, Sys 0 00:00:00  -  Run Local Usage
		Usr 0 00:10:26, Sys 0 00:01:01  -  Total Remote Usage
		Usr 0 00:00:00, Sys 0 00:00:00  -  Total Local Usage
	0  -  Run Bytes Sent By Job
	0  -  Run Bytes Received By Job
	0  -  Total Bytes Sent By Job
	0  -  Total Bytes Received By Job
	Partitionable Resources :    Usage  Request Allocated
	   Cpus                 :                 1         1
	   Disk (KB)            :        1        1  28493273
	   Memory (MB)          :      412        1      4020
...
000 (4044172.429.000) 03/13 19:21:22 Job submitted from host: <192.168.1.109:9618?addrs=192.168.1.109-9618+[--1]-9618&noUDP&sock=3153_969b_4>
...
001 (4044172.429.000) 03/13 19:22:01 Job executing on host: <192.168.1.63:9618?addrs=192.168.1.63-9618+[--1]-9618&noUDP&sock=3501_ea5f_33>
...
006 (4044172.429.000) 03/13 19:22:10 Image size of job updated: 156556
	144  -  MemoryUsage of job (MB)
	146784  -  ResidentSetSize of job (KB)
...
006 (4044172.429.000) 03/13 19:27:11 Image size of job updated: 378152
	360  -  MemoryUsage of job (MB)
	368340  -  ResidentSetSize of job (KB)
...
006 (4044172.429.000) 03/13 19:32:12 Image size of job updated: 433368
	414  -  MemoryUsage of job (MB)
	423556  -  ResidentSetSize of job (KB)
...
006 (4044172.429.000) 03/13 19:37:12 Image size of job updated: 433372
	414  -  MemoryUsage of job (MB)
	423560  -  ResidentSetSize of job (KB)
...
006 (4044172.429.000) 03/13 19:47:14 Image size of job updated: 433572
	414  -  MemoryUsage of job (MB)
	423760  -  ResidentSetSize of job (KB)
...
006 (4044172.429.000) 03/13 19:52:14 Image size of job updated: 433588
	414  -  MemoryUsage of job (MB)
	423776  -  ResidentSetSize of job (KB)
...
006 (4044172.429.000) 03/13 20:10:11 Image size of job updated: 784040
	414  -  MemoryUsage of job (MB)
	423776  -  ResidentSetSize of job (KB)
...
005 (4044172.429.000) 03/13 20:10:11 Job terminated.
	(1) Normal termination (return value 0)
		Usr 0 00:41:39, Sys 0 00:03:15  -  Run Remote Usage
		Usr 0 00:00:00, Sys 0 00:00:00  -  Run Local Usage
		Usr 0 00:41:39, Sys 0 00:03:15  -  Total Remote Usage
		Usr 0 00:00:00, Sys 0 00:00:00  -  Total Local Usage
	0  -  Run Bytes Sent By Job
	0  -  Run Bytes Received By Job
	0  -  Total Bytes Sent By Job
	0  -  Total Bytes Received By Job
	Partitionable Resources :    Usage  Request Allocated
	   Cpus                 :                 1         1
	   Disk (KB)            :        1        1  22685399
	   Memory (MB)          :      414        1      4015
...
000 (4046522.429.000) 03/15 14:02:20 Job submitted from host: <192.168.1.109:9618?addrs=192.168.1.109-9618+[--1]-9618&noUDP&sock=3153_969b_4>
...
001 (4046522.429.000) 03/15 15:28:29 Job executing on host: <192.168.1.39:9618?addrs=192.168.1.39-9618+[--1]-9618&noUDP&sock=3239_16fe_3>
...
006 (4046522.429.000) 03/15 15:28:38 Image size of job updated: 387816
	329  -  MemoryUsage of job (MB)
	336236  -  ResidentSetSize of job (KB)
...
006 (4046522.429.000) 03/15 15:33:39 Image size of job updated: 422308
	413  -  MemoryUsage of job (MB)
	422192  -  ResidentSetSize of job (KB)
...
006 (4046522.429.000) 03/15 15:38:40 Image size of job updated: 422504
	413  -  MemoryUsage of job (MB)
	422372  -  ResidentSetSize of job (KB)
...
006 (4046522.429.000) 03/15 15:43:40 Image size of job updated: 422504
	413  -  MemoryUsage of job (MB)
	422380  -  ResidentSetSize of job (KB)
...
005 (4046522.429.000) 03/15 15:48:24 Job terminated.
	(1) Normal termination (return value 0)
		Usr 0 00:15:02, Sys 0 00:01:33  -  Run Remote Usage
		Usr 0 00:00:00, Sys 0 00:00:00  -  Run Local Usage
		Usr 0 00:15:02, Sys 0 00:01:33  -  Total Remote Usage
		Usr 0 00:00:00, Sys 0 00:00:00  -  Total Local Usage
	0  -  Run Bytes Sent By Job
	0  -  Run Bytes Received By Job
	0  -  Total Bytes Sent By Job
	0  -  Total Bytes Received By Job
	Partitionable Resources :    Usage  Request Allocated
	   Cpus                 :                 1         1
	   Disk (KB)            :        1        1  20460460
	   Memory (MB)          :      413        1      4022
...
