000 (4031233.084.000) 03/12 14:28:35 Job submitted from host: <192.168.1.109:9618?addrs=192.168.1.109-9618+[--1]-9618&noUDP&sock=3153_969b_4>
...
001 (4031233.084.000) 03/12 14:28:50 Job executing on host: <192.168.1.63:9618?addrs=192.168.1.63-9618+[--1]-9618&noUDP&sock=3501_ea5f_33>
...
006 (4031233.084.000) 03/12 14:28:59 Image size of job updated: 35260
	31  -  MemoryUsage of job (MB)
	31728  -  ResidentSetSize of job (KB)
...
006 (4031233.084.000) 03/12 14:34:00 Image size of job updated: 466060
	446  -  MemoryUsage of job (MB)
	456456  -  ResidentSetSize of job (KB)
...
004 (4031233.084.000) 03/12 14:54:07 Job was evicted.
	(0) Job was not checkpointed.
		Usr 0 00:22:36, Sys 0 00:02:08  -  Run Remote Usage
		Usr 0 00:00:00, Sys 0 00:00:00  -  Run Local Usage
	0  -  Run Bytes Sent By Job
	0  -  Run Bytes Received By Job
	Partitionable Resources :    Usage  Request Allocated
	   Cpus                 :                 1         1
	   Disk (KB)            :        1        1  22685400
	   Memory (MB)          :      446        1      4015
...
009 (4031233.084.000) 03/12 14:54:09 Job was aborted by the user.
	via condor_rm (by user routray)
...
000 (4031234.084.000) 03/12 15:03:14 Job submitted from host: <192.168.1.109:9618?addrs=192.168.1.109-9618+[--1]-9618&noUDP&sock=3153_969b_4>
...
001 (4031234.084.000) 03/12 15:03:41 Job executing on host: <192.168.1.64:9618?addrs=192.168.1.64-9618+[--1]-9618&noUDP&sock=3497_7c66_22>
...
006 (4031234.084.000) 03/12 15:03:49 Image size of job updated: 151104
	145  -  MemoryUsage of job (MB)
	147724  -  ResidentSetSize of job (KB)
...
006 (4031234.084.000) 03/12 15:08:49 Image size of job updated: 460252
	450  -  MemoryUsage of job (MB)
	460004  -  ResidentSetSize of job (KB)
...
006 (4031234.084.000) 03/12 15:12:48 Image size of job updated: 810896
	450  -  MemoryUsage of job (MB)
	460004  -  ResidentSetSize of job (KB)
...
004 (4031234.084.000) 03/12 15:12:48 Job was evicted.
	(0) Job was not checkpointed.
		Usr 0 00:08:03, Sys 0 00:00:44  -  Run Remote Usage
		Usr 0 00:00:00, Sys 0 00:00:00  -  Run Local Usage
	0  -  Run Bytes Sent By Job
	0  -  Run Bytes Received By Job
	Partitionable Resources :    Usage  Request Allocated
	   Cpus                 :                 1         1
	   Disk (KB)            :        1        1  22685211
	   Memory (MB)          :      450        1      4015
...
009 (4031234.084.000) 03/12 15:12:53 Job was aborted by the user.
	via condor_rm (by user routray)
...
000 (4031235.084.000) 03/12 15:16:44 Job submitted from host: <192.168.1.109:9618?addrs=192.168.1.109-9618+[--1]-9618&noUDP&sock=3153_969b_4>
...
001 (4031235.084.000) 03/12 15:17:02 Job executing on host: <192.168.1.46:9618?addrs=192.168.1.46-9618+[--1]-9618&noUDP&sock=3272_2797_3>
...
006 (4031235.084.000) 03/12 15:17:10 Image size of job updated: 383156
	354  -  MemoryUsage of job (MB)
	361712  -  ResidentSetSize of job (KB)
...
006 (4031235.084.000) 03/12 15:22:10 Image size of job updated: 479656
	448  -  MemoryUsage of job (MB)
	458212  -  ResidentSetSize of job (KB)
...
006 (4031235.084.000) 03/12 15:32:11 Image size of job updated: 479660
	448  -  MemoryUsage of job (MB)
	458216  -  ResidentSetSize of job (KB)
...
005 (4031235.084.000) 03/12 15:36:39 Job terminated.
	(1) Normal termination (return value 0)
		Usr 0 00:17:22, Sys 0 00:01:56  -  Run Remote Usage
		Usr 0 00:00:00, Sys 0 00:00:00  -  Run Local Usage
		Usr 0 00:17:22, Sys 0 00:01:56  -  Total Remote Usage
		Usr 0 00:00:00, Sys 0 00:00:00  -  Total Local Usage
	0  -  Run Bytes Sent By Job
	0  -  Run Bytes Received By Job
	0  -  Total Bytes Sent By Job
	0  -  Total Bytes Received By Job
	Partitionable Resources :    Usage  Request Allocated
	   Cpus                 :                 1         1
	   Disk (KB)            :        1        1  20459165
	   Memory (MB)          :      448        1      4022
...
000 (4031450.084.000) 03/12 16:23:12 Job submitted from host: <192.168.1.109:9618?addrs=192.168.1.109-9618+[--1]-9618&noUDP&sock=3153_969b_4>
...
001 (4031450.084.000) 03/12 16:23:37 Job executing on host: <192.168.1.62:9618?addrs=192.168.1.62-9618+[--1]-9618&noUDP&sock=2992_c8ab_24>
...
006 (4031450.084.000) 03/12 16:23:46 Image size of job updated: 373940
	339  -  MemoryUsage of job (MB)
	347004  -  ResidentSetSize of job (KB)
...
006 (4031450.084.000) 03/12 16:28:47 Image size of job updated: 485676
	448  -  MemoryUsage of job (MB)
	458024  -  ResidentSetSize of job (KB)
...
006 (4031450.084.000) 03/12 16:33:47 Image size of job updated: 485748
	448  -  MemoryUsage of job (MB)
	458096  -  ResidentSetSize of job (KB)
...
006 (4031450.084.000) 03/12 16:38:47 Image size of job updated: 485752
	448  -  MemoryUsage of job (MB)
	458100  -  ResidentSetSize of job (KB)
...
006 (4031450.084.000) 03/12 16:48:49 Image size of job updated: 485764
	448  -  MemoryUsage of job (MB)
	458112  -  ResidentSetSize of job (KB)
...
006 (4031450.084.000) 03/12 16:53:49 Image size of job updated: 519280
	481  -  MemoryUsage of job (MB)
	491628  -  ResidentSetSize of job (KB)
...
006 (4031450.084.000) 03/12 16:57:55 Image size of job updated: 519760
	481  -  MemoryUsage of job (MB)
	491628  -  ResidentSetSize of job (KB)
...
005 (4031450.084.000) 03/12 16:57:55 Job terminated.
	(1) Normal termination (return value 0)
		Usr 0 00:31:03, Sys 0 00:02:53  -  Run Remote Usage
		Usr 0 00:00:00, Sys 0 00:00:00  -  Run Local Usage
		Usr 0 00:31:03, Sys 0 00:02:53  -  Total Remote Usage
		Usr 0 00:00:00, Sys 0 00:00:00  -  Total Local Usage
	0  -  Run Bytes Sent By Job
	0  -  Run Bytes Received By Job
	0  -  Total Bytes Sent By Job
	0  -  Total Bytes Received By Job
	Partitionable Resources :    Usage  Request Allocated
	   Cpus                 :                 1         1
	   Disk (KB)            :        1        1  22663504
	   Memory (MB)          :      481        1      4001
...
000 (4031461.084.000) 03/12 18:25:46 Job submitted from host: <192.168.1.109:9618?addrs=192.168.1.109-9618+[--1]-9618&noUDP&sock=3153_969b_4>
...
001 (4031461.084.000) 03/12 18:26:01 Job executing on host: <192.168.1.64:9618?addrs=192.168.1.64-9618+[--1]-9618&noUDP&sock=3497_7c66_22>
...
006 (4031461.084.000) 03/12 18:26:09 Image size of job updated: 172172
	167  -  MemoryUsage of job (MB)
	170940  -  ResidentSetSize of job (KB)
...
006 (4031461.084.000) 03/12 18:31:09 Image size of job updated: 409196
	399  -  MemoryUsage of job (MB)
	407928  -  ResidentSetSize of job (KB)
...
006 (4031461.084.000) 03/12 18:36:09 Image size of job updated: 409276
	399  -  MemoryUsage of job (MB)
	408008  -  ResidentSetSize of job (KB)
...
006 (4031461.084.000) 03/12 18:51:10 Image size of job updated: 444112
	433  -  MemoryUsage of job (MB)
	442844  -  ResidentSetSize of job (KB)
...
005 (4031461.084.000) 03/12 18:57:20 Job terminated.
	(1) Normal termination (return value 0)
		Usr 0 00:28:23, Sys 0 00:02:30  -  Run Remote Usage
		Usr 0 00:00:00, Sys 0 00:00:00  -  Run Local Usage
		Usr 0 00:28:23, Sys 0 00:02:30  -  Total Remote Usage
		Usr 0 00:00:00, Sys 0 00:00:00  -  Total Local Usage
	0  -  Run Bytes Sent By Job
	0  -  Run Bytes Received By Job
	0  -  Total Bytes Sent By Job
	0  -  Total Bytes Received By Job
	Partitionable Resources :    Usage  Request Allocated
	   Cpus                 :                 1         1
	   Disk (KB)            :        1        1  22685211
	   Memory (MB)          :      433        1      4015
...
000 (4031462.084.000) 03/12 20:10:16 Job submitted from host: <192.168.1.109:9618?addrs=192.168.1.109-9618+[--1]-9618&noUDP&sock=3153_969b_4>
...
001 (4031462.084.000) 03/12 20:10:42 Job executing on host: <192.168.1.54:9618?addrs=192.168.1.54-9618+[--1]-9618&noUDP&sock=3362_92b5_36>
...
006 (4031462.084.000) 03/12 20:10:50 Image size of job updated: 246216
	200  -  MemoryUsage of job (MB)
	203976  -  ResidentSetSize of job (KB)
...
006 (4031462.084.000) 03/12 20:15:50 Image size of job updated: 435596
	384  -  MemoryUsage of job (MB)
	392324  -  ResidentSetSize of job (KB)
...
006 (4031462.084.000) 03/12 20:20:51 Image size of job updated: 436892
	385  -  MemoryUsage of job (MB)
	393620  -  ResidentSetSize of job (KB)
...
006 (4031462.084.000) 03/12 20:30:51 Image size of job updated: 436896
	385  -  MemoryUsage of job (MB)
	393624  -  ResidentSetSize of job (KB)
...
005 (4031462.084.000) 03/12 20:42:24 Job terminated.
	(1) Normal termination (return value 0)
		Usr 0 00:28:41, Sys 0 00:02:35  -  Run Remote Usage
		Usr 0 00:00:00, Sys 0 00:00:00  -  Run Local Usage
		Usr 0 00:28:41, Sys 0 00:02:35  -  Total Remote Usage
		Usr 0 00:00:00, Sys 0 00:00:00  -  Total Local Usage
	0  -  Run Bytes Sent By Job
	0  -  Run Bytes Received By Job
	0  -  Total Bytes Sent By Job
	0  -  Total Bytes Received By Job
	Partitionable Resources :    Usage  Request Allocated
	   Cpus                 :                 1         1
	   Disk (KB)            :        1        1  22660606
	   Memory (MB)          :      385        1      4001
...
000 (4031463.084.000) 03/12 21:35:10 Job submitted from host: <192.168.1.109:9618?addrs=192.168.1.109-9618+[--1]-9618&noUDP&sock=3153_969b_4>
...
001 (4031463.084.000) 03/12 21:35:44 Job executing on host: <192.168.1.54:9618?addrs=192.168.1.54-9618+[--1]-9618&noUDP&sock=3362_92b5_36>
...
006 (4031463.084.000) 03/12 21:35:52 Image size of job updated: 41060
	35  -  MemoryUsage of job (MB)
	35204  -  ResidentSetSize of job (KB)
...
006 (4031463.084.000) 03/12 21:40:52 Image size of job updated: 451988
	428  -  MemoryUsage of job (MB)
	437476  -  ResidentSetSize of job (KB)
...
006 (4031463.084.000) 03/12 21:45:53 Image size of job updated: 452072
	428  -  MemoryUsage of job (MB)
	437560  -  ResidentSetSize of job (KB)
...
006 (4031463.084.000) 03/12 21:50:54 Image size of job updated: 452132
	428  -  MemoryUsage of job (MB)
	437620  -  ResidentSetSize of job (KB)
...
006 (4031463.084.000) 03/12 22:00:55 Image size of job updated: 487356
	462  -  MemoryUsage of job (MB)
	472932  -  ResidentSetSize of job (KB)
...
005 (4031463.084.000) 03/12 22:02:25 Job terminated.
	(1) Normal termination (return value 0)
		Usr 0 00:23:27, Sys 0 00:02:22  -  Run Remote Usage
		Usr 0 00:00:00, Sys 0 00:00:00  -  Run Local Usage
		Usr 0 00:23:27, Sys 0 00:02:22  -  Total Remote Usage
		Usr 0 00:00:00, Sys 0 00:00:00  -  Total Local Usage
	0  -  Run Bytes Sent By Job
	0  -  Run Bytes Received By Job
	0  -  Total Bytes Sent By Job
	0  -  Total Bytes Received By Job
	Partitionable Resources :    Usage  Request Allocated
	   Cpus                 :                 1         1
	   Disk (KB)            :        1        1  22660606
	   Memory (MB)          :      462        1      4001
...
000 (4031466.084.000) 03/13 00:00:40 Job submitted from host: <192.168.1.109:9618?addrs=192.168.1.109-9618+[--1]-9618&noUDP&sock=3153_969b_4>
...
001 (4031466.084.000) 03/13 00:01:11 Job executing on host: <192.168.1.54:9618?addrs=192.168.1.54-9618+[--1]-9618&noUDP&sock=3362_92b5_36>
...
006 (4031466.084.000) 03/13 00:01:19 Image size of job updated: 113456
	108  -  MemoryUsage of job (MB)
	110472  -  ResidentSetSize of job (KB)
...
006 (4031466.084.000) 03/13 00:06:19 Image size of job updated: 435096
	425  -  MemoryUsage of job (MB)
	434808  -  ResidentSetSize of job (KB)
...
006 (4031466.084.000) 03/13 00:11:21 Image size of job updated: 435612
	426  -  MemoryUsage of job (MB)
	435324  -  ResidentSetSize of job (KB)
...
006 (4031466.084.000) 03/13 00:16:21 Image size of job updated: 472840
	462  -  MemoryUsage of job (MB)
	472552  -  ResidentSetSize of job (KB)
...
006 (4031466.084.000) 03/13 00:31:23 Image size of job updated: 473252
	462  -  MemoryUsage of job (MB)
	472552  -  ResidentSetSize of job (KB)
...
005 (4031466.084.000) 03/13 00:32:02 Job terminated.
	(1) Normal termination (return value 0)
		Usr 0 00:25:34, Sys 0 00:02:26  -  Run Remote Usage
		Usr 0 00:00:00, Sys 0 00:00:00  -  Run Local Usage
		Usr 0 00:25:34, Sys 0 00:02:26  -  Total Remote Usage
		Usr 0 00:00:00, Sys 0 00:00:00  -  Total Local Usage
	0  -  Run Bytes Sent By Job
	0  -  Run Bytes Received By Job
	0  -  Total Bytes Sent By Job
	0  -  Total Bytes Received By Job
	Partitionable Resources :    Usage  Request Allocated
	   Cpus                 :                 1         1
	   Disk (KB)            :        1        1  22660606
	   Memory (MB)          :      462        1      4001
...
000 (4044172.084.000) 03/13 19:21:18 Job submitted from host: <192.168.1.109:9618?addrs=192.168.1.109-9618+[--1]-9618&noUDP&sock=3153_969b_4>
...
001 (4044172.084.000) 03/13 19:21:46 Job executing on host: <192.168.1.44:9618?addrs=192.168.1.44-9618+[--1]-9618&noUDP&sock=3035_ca7b_3>
...
006 (4044172.084.000) 03/13 19:21:54 Image size of job updated: 148216
	144  -  MemoryUsage of job (MB)
	146656  -  ResidentSetSize of job (KB)
...
006 (4044172.084.000) 03/13 19:26:54 Image size of job updated: 439208
	428  -  MemoryUsage of job (MB)
	437608  -  ResidentSetSize of job (KB)
...
006 (4044172.084.000) 03/13 19:36:55 Image size of job updated: 442924
	431  -  MemoryUsage of job (MB)
	441324  -  ResidentSetSize of job (KB)
...
006 (4044172.084.000) 03/13 19:41:55 Image size of job updated: 466116
	454  -  MemoryUsage of job (MB)
	464516  -  ResidentSetSize of job (KB)
...
006 (4044172.084.000) 03/13 19:46:55 Image size of job updated: 466120
	454  -  MemoryUsage of job (MB)
	464520  -  ResidentSetSize of job (KB)
...
006 (4044172.084.000) 03/13 19:51:56 Image size of job updated: 466124
	454  -  MemoryUsage of job (MB)
	464524  -  ResidentSetSize of job (KB)
...
005 (4044172.084.000) 03/13 20:08:17 Job terminated.
	(1) Normal termination (return value 0)
		Usr 0 00:13:19, Sys 0 00:01:31  -  Run Remote Usage
		Usr 0 00:00:00, Sys 0 00:00:00  -  Run Local Usage
		Usr 0 00:13:19, Sys 0 00:01:31  -  Total Remote Usage
		Usr 0 00:00:00, Sys 0 00:00:00  -  Total Local Usage
	0  -  Run Bytes Sent By Job
	0  -  Run Bytes Received By Job
	0  -  Total Bytes Sent By Job
	0  -  Total Bytes Received By Job
	Partitionable Resources :    Usage  Request Allocated
	   Cpus                 :                 1         1
	   Disk (KB)            :        1        1  20458817
	   Memory (MB)          :      454        1      4022
...
000 (4046522.084.000) 03/15 14:02:15 Job submitted from host: <192.168.1.109:9618?addrs=192.168.1.109-9618+[--1]-9618&noUDP&sock=3153_969b_4>
...
001 (4046522.084.000) 03/15 14:46:04 Job executing on host: <192.168.1.41:9618?addrs=192.168.1.41-9618+[--1]-9618&noUDP&sock=3368_a17e_3>
...
006 (4046522.084.000) 03/15 14:46:12 Image size of job updated: 243224
	161  -  MemoryUsage of job (MB)
	164228  -  ResidentSetSize of job (KB)
...
006 (4046522.084.000) 03/15 14:51:12 Image size of job updated: 326952
	319  -  MemoryUsage of job (MB)
	326628  -  ResidentSetSize of job (KB)
...
006 (4046522.084.000) 03/15 14:56:13 Image size of job updated: 328008
	320  -  MemoryUsage of job (MB)
	327668  -  ResidentSetSize of job (KB)
...
006 (4046522.084.000) 03/15 15:01:14 Image size of job updated: 328008
	321  -  MemoryUsage of job (MB)
	327696  -  ResidentSetSize of job (KB)
...
005 (4046522.084.000) 03/15 15:02:05 Job terminated.
	(1) Normal termination (return value 0)
		Usr 0 00:14:12, Sys 0 00:01:31  -  Run Remote Usage
		Usr 0 00:00:00, Sys 0 00:00:00  -  Run Local Usage
		Usr 0 00:14:12, Sys 0 00:01:31  -  Total Remote Usage
		Usr 0 00:00:00, Sys 0 00:00:00  -  Total Local Usage
	0  -  Run Bytes Sent By Job
	0  -  Run Bytes Received By Job
	0  -  Total Bytes Sent By Job
	0  -  Total Bytes Received By Job
	Partitionable Resources :    Usage  Request Allocated
	   Cpus                 :                 1         1
	   Disk (KB)            :        1        1  20458618
	   Memory (MB)          :      321        1      4022
...
000 (4046570.084.000) 03/15 18:56:23 Job submitted from host: <192.168.1.109:9618?addrs=192.168.1.109-9618+[--1]-9618&noUDP&sock=3153_969b_4>
...
001 (4046570.084.000) 03/15 18:56:39 Job executing on host: <192.168.1.40:9618?addrs=192.168.1.40-9618+[--1]-9618&noUDP&sock=3366_a17e_3>
...
006 (4046570.084.000) 03/15 18:56:48 Image size of job updated: 240448
	232  -  MemoryUsage of job (MB)
	236800  -  ResidentSetSize of job (KB)
...
006 (4046570.084.000) 03/15 19:01:49 Image size of job updated: 441248
	428  -  MemoryUsage of job (MB)
	437252  -  ResidentSetSize of job (KB)
...
006 (4046570.084.000) 03/15 19:06:50 Image size of job updated: 441264
	428  -  MemoryUsage of job (MB)
	437268  -  ResidentSetSize of job (KB)
...
006 (4046570.084.000) 03/15 19:11:50 Image size of job updated: 477700
	463  -  MemoryUsage of job (MB)
	473704  -  ResidentSetSize of job (KB)
...
006 (4046570.084.000) 03/15 19:13:09 Image size of job updated: 796900
	463  -  MemoryUsage of job (MB)
	473704  -  ResidentSetSize of job (KB)
...
005 (4046570.084.000) 03/15 19:13:09 Job terminated.
	(1) Normal termination (return value 0)
		Usr 0 00:13:59, Sys 0 00:01:35  -  Run Remote Usage
		Usr 0 00:00:00, Sys 0 00:00:00  -  Run Local Usage
		Usr 0 00:13:59, Sys 0 00:01:35  -  Total Remote Usage
		Usr 0 00:00:00, Sys 0 00:00:00  -  Total Local Usage
	0  -  Run Bytes Sent By Job
	0  -  Run Bytes Received By Job
	0  -  Total Bytes Sent By Job
	0  -  Total Bytes Received By Job
	Partitionable Resources :    Usage  Request Allocated
	   Cpus                 :                 1         1
	   Disk (KB)            :        1        1  20457847
	   Memory (MB)          :      463        1      4022
...
