000 (4031466.449.000) 03/13 00:00:44 Job submitted from host: <192.168.1.109:9618?addrs=192.168.1.109-9618+[--1]-9618&noUDP&sock=3153_969b_4>
...
001 (4031466.449.000) 03/13 00:01:28 Job executing on host: <192.168.1.50:9618?addrs=192.168.1.50-9618+[--1]-9618&noUDP&sock=3247_5221_3>
...
006 (4031466.449.000) 03/13 00:01:37 Image size of job updated: 19908
	10  -  MemoryUsage of job (MB)
	9480  -  ResidentSetSize of job (KB)
...
006 (4031466.449.000) 03/13 00:06:38 Image size of job updated: 358128
	350  -  MemoryUsage of job (MB)
	358128  -  ResidentSetSize of job (KB)
...
006 (4031466.449.000) 03/13 00:11:38 Image size of job updated: 440844
	431  -  MemoryUsage of job (MB)
	440844  -  ResidentSetSize of job (KB)
...
006 (4031466.449.000) 03/13 00:16:38 Image size of job updated: 441576
	432  -  MemoryUsage of job (MB)
	441576  -  ResidentSetSize of job (KB)
...
006 (4031466.449.000) 03/13 00:21:39 Image size of job updated: 441604
	432  -  MemoryUsage of job (MB)
	441604  -  ResidentSetSize of job (KB)
...
006 (4031466.449.000) 03/13 00:31:39 Image size of job updated: 441752
	432  -  MemoryUsage of job (MB)
	441752  -  ResidentSetSize of job (KB)
...
006 (4031466.449.000) 03/13 00:36:41 Image size of job updated: 441812
	432  -  MemoryUsage of job (MB)
	441812  -  ResidentSetSize of job (KB)
...
006 (4031466.449.000) 03/13 00:46:41 Image size of job updated: 441816
	432  -  MemoryUsage of job (MB)
	441816  -  ResidentSetSize of job (KB)
...
006 (4031466.449.000) 03/13 00:49:33 Image size of job updated: 804660
	432  -  MemoryUsage of job (MB)
	441816  -  ResidentSetSize of job (KB)
...
005 (4031466.449.000) 03/13 00:49:33 Job terminated.
	(1) Normal termination (return value 0)
		Usr 0 00:18:18, Sys 0 00:01:41  -  Run Remote Usage
		Usr 0 00:00:00, Sys 0 00:00:00  -  Run Local Usage
		Usr 0 00:18:18, Sys 0 00:01:41  -  Total Remote Usage
		Usr 0 00:00:00, Sys 0 00:00:00  -  Total Local Usage
	0  -  Run Bytes Sent By Job
	0  -  Run Bytes Received By Job
	0  -  Total Bytes Sent By Job
	0  -  Total Bytes Received By Job
	Partitionable Resources :    Usage  Request Allocated
	   Cpus                 :                 1         1
	   Disk (KB)            :        1        1  28493273
	   Memory (MB)          :      432        1      4020
...
000 (4044172.449.000) 03/13 19:21:22 Job submitted from host: <192.168.1.109:9618?addrs=192.168.1.109-9618+[--1]-9618&noUDP&sock=3153_969b_4>
...
001 (4044172.449.000) 03/13 19:22:02 Job executing on host: <192.168.1.47:9618?addrs=192.168.1.47-9618+[--1]-9618&noUDP&sock=3245_a288_3>
...
006 (4044172.449.000) 03/13 19:22:10 Image size of job updated: 155836
	144  -  MemoryUsage of job (MB)
	146676  -  ResidentSetSize of job (KB)
...
006 (4044172.449.000) 03/13 19:27:10 Image size of job updated: 377428
	369  -  MemoryUsage of job (MB)
	377428  -  ResidentSetSize of job (KB)
...
006 (4044172.449.000) 03/13 19:32:11 Image size of job updated: 438036
	428  -  MemoryUsage of job (MB)
	438036  -  ResidentSetSize of job (KB)
...
006 (4044172.449.000) 03/13 19:37:11 Image size of job updated: 438372
	429  -  MemoryUsage of job (MB)
	438372  -  ResidentSetSize of job (KB)
...
006 (4044172.449.000) 03/13 19:47:12 Image size of job updated: 438524
	429  -  MemoryUsage of job (MB)
	438524  -  ResidentSetSize of job (KB)
...
006 (4044172.449.000) 03/13 19:52:13 Image size of job updated: 438580
	429  -  MemoryUsage of job (MB)
	438580  -  ResidentSetSize of job (KB)
...
006 (4044172.449.000) 03/13 20:02:14 Image size of job updated: 438584
	429  -  MemoryUsage of job (MB)
	438584  -  ResidentSetSize of job (KB)
...
006 (4044172.449.000) 03/13 20:04:20 Image size of job updated: 438664
	429  -  MemoryUsage of job (MB)
	438584  -  ResidentSetSize of job (KB)
...
005 (4044172.449.000) 03/13 20:04:20 Job terminated.
	(1) Normal termination (return value 0)
		Usr 0 00:21:00, Sys 0 00:02:00  -  Run Remote Usage
		Usr 0 00:00:00, Sys 0 00:00:00  -  Run Local Usage
		Usr 0 00:21:00, Sys 0 00:02:00  -  Total Remote Usage
		Usr 0 00:00:00, Sys 0 00:00:00  -  Total Local Usage
	0  -  Run Bytes Sent By Job
	0  -  Run Bytes Received By Job
	0  -  Total Bytes Sent By Job
	0  -  Total Bytes Received By Job
	Partitionable Resources :    Usage  Request Allocated
	   Cpus                 :                 1         1
	   Disk (KB)            :        1        1  28493856
	   Memory (MB)          :      429        1      4020
...
000 (4046522.449.000) 03/15 14:02:20 Job submitted from host: <192.168.1.109:9618?addrs=192.168.1.109-9618+[--1]-9618&noUDP&sock=3153_969b_4>
...
001 (4046522.449.000) 03/15 15:29:50 Job executing on host: <192.168.1.49:9618?addrs=192.168.1.49-9618+[--1]-9618&noUDP&sock=3240_e427_3>
...
006 (4046522.449.000) 03/15 15:30:00 Image size of job updated: 437764
	351  -  MemoryUsage of job (MB)
	358696  -  ResidentSetSize of job (KB)
...
006 (4046522.449.000) 03/15 15:35:00 Image size of job updated: 442684
	433  -  MemoryUsage of job (MB)
	442492  -  ResidentSetSize of job (KB)
...
006 (4046522.449.000) 03/15 15:40:00 Image size of job updated: 443140
	433  -  MemoryUsage of job (MB)
	442804  -  ResidentSetSize of job (KB)
...
006 (4046522.449.000) 03/15 15:45:01 Image size of job updated: 443380
	433  -  MemoryUsage of job (MB)
	443044  -  ResidentSetSize of job (KB)
...
006 (4046522.449.000) 03/15 15:50:02 Image size of job updated: 443388
	433  -  MemoryUsage of job (MB)
	443052  -  ResidentSetSize of job (KB)
...
006 (4046522.449.000) 03/15 15:52:35 Image size of job updated: 456928
	433  -  MemoryUsage of job (MB)
	443052  -  ResidentSetSize of job (KB)
...
005 (4046522.449.000) 03/15 15:52:36 Job terminated.
	(1) Normal termination (return value 0)
		Usr 0 00:18:31, Sys 0 00:01:51  -  Run Remote Usage
		Usr 0 00:00:00, Sys 0 00:00:00  -  Run Local Usage
		Usr 0 00:18:31, Sys 0 00:01:51  -  Total Remote Usage
		Usr 0 00:00:00, Sys 0 00:00:00  -  Total Local Usage
	0  -  Run Bytes Sent By Job
	0  -  Run Bytes Received By Job
	0  -  Total Bytes Sent By Job
	0  -  Total Bytes Received By Job
	Partitionable Resources :    Usage  Request Allocated
	   Cpus                 :                 1         1
	   Disk (KB)            :        1        1  28491601
	   Memory (MB)          :      433        1      4020
...
