000 (4031466.417.000) 03/13 00:00:44 Job submitted from host: <192.168.1.109:9618?addrs=192.168.1.109-9618+[--1]-9618&noUDP&sock=3153_969b_4>
...
001 (4031466.417.000) 03/13 00:01:27 Job executing on host: <192.168.1.40:9618?addrs=192.168.1.40-9618+[--1]-9618&noUDP&sock=3366_a17e_3>
...
006 (4031466.417.000) 03/13 00:01:35 Image size of job updated: 155312
	144  -  MemoryUsage of job (MB)
	147448  -  ResidentSetSize of job (KB)
...
006 (4031466.417.000) 03/13 00:06:35 Image size of job updated: 341808
	334  -  MemoryUsage of job (MB)
	341808  -  ResidentSetSize of job (KB)
...
006 (4031466.417.000) 03/13 00:11:36 Image size of job updated: 423484
	414  -  MemoryUsage of job (MB)
	423484  -  ResidentSetSize of job (KB)
...
006 (4031466.417.000) 03/13 00:36:39 Image size of job updated: 423576
	414  -  MemoryUsage of job (MB)
	423576  -  ResidentSetSize of job (KB)
...
006 (4031466.417.000) 03/13 00:41:39 Image size of job updated: 423584
	414  -  MemoryUsage of job (MB)
	423584  -  ResidentSetSize of job (KB)
...
006 (4031466.417.000) 03/13 00:46:40 Image size of job updated: 423588
	414  -  MemoryUsage of job (MB)
	423588  -  ResidentSetSize of job (KB)
...
005 (4031466.417.000) 03/13 00:52:24 Job terminated.
	(1) Normal termination (return value 0)
		Usr 0 00:12:59, Sys 0 00:01:14  -  Run Remote Usage
		Usr 0 00:00:00, Sys 0 00:00:00  -  Run Local Usage
		Usr 0 00:12:59, Sys 0 00:01:14  -  Total Remote Usage
		Usr 0 00:00:00, Sys 0 00:00:00  -  Total Local Usage
	0  -  Run Bytes Sent By Job
	0  -  Run Bytes Received By Job
	0  -  Total Bytes Sent By Job
	0  -  Total Bytes Received By Job
	Partitionable Resources :    Usage  Request Allocated
	   Cpus                 :                 1         1
	   Disk (KB)            :        1        1  20457847
	   Memory (MB)          :      414        1      4022
...
000 (4044172.417.000) 03/13 19:21:22 Job submitted from host: <192.168.1.109:9618?addrs=192.168.1.109-9618+[--1]-9618&noUDP&sock=3153_969b_4>
...
001 (4044172.417.000) 03/13 19:22:01 Job executing on host: <192.168.1.43:9618?addrs=192.168.1.43-9618+[--1]-9618&noUDP&sock=3360_24bc_3>
...
006 (4044172.417.000) 03/13 19:22:11 Image size of job updated: 11536
	9  -  MemoryUsage of job (MB)
	8428  -  ResidentSetSize of job (KB)
...
006 (4044172.417.000) 03/13 19:27:12 Image size of job updated: 349184
	336  -  MemoryUsage of job (MB)
	343600  -  ResidentSetSize of job (KB)
...
006 (4044172.417.000) 03/13 19:32:13 Image size of job updated: 350880
	338  -  MemoryUsage of job (MB)
	345296  -  ResidentSetSize of job (KB)
...
006 (4044172.417.000) 03/13 19:37:13 Image size of job updated: 432104
	417  -  MemoryUsage of job (MB)
	426520  -  ResidentSetSize of job (KB)
...
006 (4044172.417.000) 03/13 20:10:53 Image size of job updated: 782664
	417  -  MemoryUsage of job (MB)
	426520  -  ResidentSetSize of job (KB)
...
005 (4044172.417.000) 03/13 20:10:53 Job terminated.
	(1) Normal termination (return value 0)
		Usr 0 00:13:21, Sys 0 00:01:34  -  Run Remote Usage
		Usr 0 00:00:00, Sys 0 00:00:00  -  Run Local Usage
		Usr 0 00:13:21, Sys 0 00:01:34  -  Total Remote Usage
		Usr 0 00:00:00, Sys 0 00:00:00  -  Total Local Usage
	0  -  Run Bytes Sent By Job
	0  -  Run Bytes Received By Job
	0  -  Total Bytes Sent By Job
	0  -  Total Bytes Received By Job
	Partitionable Resources :    Usage  Request Allocated
	   Cpus                 :                 1         1
	   Disk (KB)            :        1        1  20458450
	   Memory (MB)          :      417        1      4022
...
000 (4046522.417.000) 03/15 14:02:20 Job submitted from host: <192.168.1.109:9618?addrs=192.168.1.109-9618+[--1]-9618&noUDP&sock=3153_969b_4>
...
001 (4046522.417.000) 03/15 15:27:50 Job executing on host: <192.168.1.49:9618?addrs=192.168.1.49-9618+[--1]-9618&noUDP&sock=3240_e427_3>
...
006 (4046522.417.000) 03/15 15:27:58 Image size of job updated: 419424
	333  -  MemoryUsage of job (MB)
	340440  -  ResidentSetSize of job (KB)
...
006 (4046522.417.000) 03/15 15:32:58 Image size of job updated: 424500
	414  -  MemoryUsage of job (MB)
	423928  -  ResidentSetSize of job (KB)
...
006 (4046522.417.000) 03/15 15:37:59 Image size of job updated: 424500
	414  -  MemoryUsage of job (MB)
	423932  -  ResidentSetSize of job (KB)
...
006 (4046522.417.000) 03/15 15:43:00 Image size of job updated: 424500
	415  -  MemoryUsage of job (MB)
	424036  -  ResidentSetSize of job (KB)
...
005 (4046522.417.000) 03/15 15:48:35 Job terminated.
	(1) Normal termination (return value 0)
		Usr 0 00:17:41, Sys 0 00:01:42  -  Run Remote Usage
		Usr 0 00:00:00, Sys 0 00:00:00  -  Run Local Usage
		Usr 0 00:17:41, Sys 0 00:01:42  -  Total Remote Usage
		Usr 0 00:00:00, Sys 0 00:00:00  -  Total Local Usage
	0  -  Run Bytes Sent By Job
	0  -  Run Bytes Received By Job
	0  -  Total Bytes Sent By Job
	0  -  Total Bytes Received By Job
	Partitionable Resources :    Usage  Request Allocated
	   Cpus                 :                 1         1
	   Disk (KB)            :        1        1  28491601
	   Memory (MB)          :      415        1      4020
...
