000 (4031466.360.000) 03/13 00:00:43 Job submitted from host: <192.168.1.109:9618?addrs=192.168.1.109-9618+[--1]-9618&noUDP&sock=3153_969b_4>
...
001 (4031466.360.000) 03/13 00:01:25 Job executing on host: <192.168.1.44:9618?addrs=192.168.1.44-9618+[--1]-9618&noUDP&sock=3035_ca7b_3>
...
006 (4031466.360.000) 03/13 00:01:33 Image size of job updated: 68776
	62  -  MemoryUsage of job (MB)
	62944  -  ResidentSetSize of job (KB)
...
006 (4031466.360.000) 03/13 00:06:33 Image size of job updated: 304696
	297  -  MemoryUsage of job (MB)
	303884  -  ResidentSetSize of job (KB)
...
006 (4031466.360.000) 03/13 00:11:34 Image size of job updated: 408496
	399  -  MemoryUsage of job (MB)
	407684  -  ResidentSetSize of job (KB)
...
006 (4031466.360.000) 03/13 00:21:34 Image size of job updated: 408588
	399  -  MemoryUsage of job (MB)
	407776  -  ResidentSetSize of job (KB)
...
006 (4031466.360.000) 03/13 00:36:36 Image size of job updated: 408612
	399  -  MemoryUsage of job (MB)
	407800  -  ResidentSetSize of job (KB)
...
006 (4031466.360.000) 03/13 00:41:37 Image size of job updated: 408804
	399  -  MemoryUsage of job (MB)
	407848  -  ResidentSetSize of job (KB)
...
006 (4031466.360.000) 03/13 00:46:38 Image size of job updated: 408804
	399  -  MemoryUsage of job (MB)
	407852  -  ResidentSetSize of job (KB)
...
005 (4031466.360.000) 03/13 00:55:22 Job terminated.
	(1) Normal termination (return value 0)
		Usr 0 00:15:53, Sys 0 00:01:39  -  Run Remote Usage
		Usr 0 00:00:00, Sys 0 00:00:00  -  Run Local Usage
		Usr 0 00:15:53, Sys 0 00:01:39  -  Total Remote Usage
		Usr 0 00:00:00, Sys 0 00:00:00  -  Total Local Usage
	0  -  Run Bytes Sent By Job
	0  -  Run Bytes Received By Job
	0  -  Total Bytes Sent By Job
	0  -  Total Bytes Received By Job
	Partitionable Resources :    Usage  Request Allocated
	   Cpus                 :                 1         1
	   Disk (KB)            :        1        1  20458817
	   Memory (MB)          :      399        1      4022
...
000 (4044172.360.000) 03/13 19:21:21 Job submitted from host: <192.168.1.109:9618?addrs=192.168.1.109-9618+[--1]-9618&noUDP&sock=3153_969b_4>
...
001 (4044172.360.000) 03/13 19:22:01 Job executing on host: <192.168.1.51:9618?addrs=192.168.1.51-9618+[--1]-9618&noUDP&sock=3125_b25b_3>
...
006 (4044172.360.000) 03/13 19:22:10 Image size of job updated: 114200
	110  -  MemoryUsage of job (MB)
	111720  -  ResidentSetSize of job (KB)
...
006 (4044172.360.000) 03/13 19:27:11 Image size of job updated: 356472
	349  -  MemoryUsage of job (MB)
	356472  -  ResidentSetSize of job (KB)
...
006 (4044172.360.000) 03/13 19:32:12 Image size of job updated: 446844
	437  -  MemoryUsage of job (MB)
	446844  -  ResidentSetSize of job (KB)
...
006 (4044172.360.000) 03/13 19:37:12 Image size of job updated: 447084
	437  -  MemoryUsage of job (MB)
	447084  -  ResidentSetSize of job (KB)
...
006 (4044172.360.000) 03/13 19:42:13 Image size of job updated: 447276
	437  -  MemoryUsage of job (MB)
	447276  -  ResidentSetSize of job (KB)
...
006 (4044172.360.000) 03/13 19:52:14 Image size of job updated: 447312
	437  -  MemoryUsage of job (MB)
	447312  -  ResidentSetSize of job (KB)
...
006 (4044172.360.000) 03/13 19:57:14 Image size of job updated: 447768
	437  -  MemoryUsage of job (MB)
	447336  -  ResidentSetSize of job (KB)
...
006 (4044172.360.000) 03/13 20:02:16 Image size of job updated: 447772
	437  -  MemoryUsage of job (MB)
	447336  -  ResidentSetSize of job (KB)
...
006 (4044172.360.000) 03/13 20:06:30 Image size of job updated: 799572
	437  -  MemoryUsage of job (MB)
	447336  -  ResidentSetSize of job (KB)
...
005 (4044172.360.000) 03/13 20:06:30 Job terminated.
	(1) Normal termination (return value 0)
		Usr 0 00:17:53, Sys 0 00:01:50  -  Run Remote Usage
		Usr 0 00:00:00, Sys 0 00:00:00  -  Run Local Usage
		Usr 0 00:17:53, Sys 0 00:01:50  -  Total Remote Usage
		Usr 0 00:00:00, Sys 0 00:00:00  -  Total Local Usage
	0  -  Run Bytes Sent By Job
	0  -  Run Bytes Received By Job
	0  -  Total Bytes Sent By Job
	0  -  Total Bytes Received By Job
	Partitionable Resources :    Usage  Request Allocated
	   Cpus                 :                 1         1
	   Disk (KB)            :        1        1  28494197
	   Memory (MB)          :      437        1      4020
...
000 (4046522.360.000) 03/15 14:02:19 Job submitted from host: <192.168.1.109:9618?addrs=192.168.1.109-9618+[--1]-9618&noUDP&sock=3153_969b_4>
...
001 (4046522.360.000) 03/15 15:22:02 Job executing on host: <192.168.1.53:9618?addrs=192.168.1.53-9618+[--1]-9618&noUDP&sock=3369_5fdf_35>
...
006 (4046522.360.000) 03/15 15:22:11 Image size of job updated: 437940
	351  -  MemoryUsage of job (MB)
	358808  -  ResidentSetSize of job (KB)
...
006 (4046522.360.000) 03/15 15:27:12 Image size of job updated: 437940
	425  -  MemoryUsage of job (MB)
	435152  -  ResidentSetSize of job (KB)
...
006 (4046522.360.000) 03/15 15:32:12 Image size of job updated: 437940
	426  -  MemoryUsage of job (MB)
	435340  -  ResidentSetSize of job (KB)
...
006 (4046522.360.000) 03/15 15:42:14 Image size of job updated: 437940
	426  -  MemoryUsage of job (MB)
	435368  -  ResidentSetSize of job (KB)
...
006 (4046522.360.000) 03/15 15:47:14 Image size of job updated: 437940
	426  -  MemoryUsage of job (MB)
	435384  -  ResidentSetSize of job (KB)
...
005 (4046522.360.000) 03/15 16:01:32 Job terminated.
	(1) Normal termination (return value 0)
		Usr 0 00:35:20, Sys 0 00:03:31  -  Run Remote Usage
		Usr 0 00:00:00, Sys 0 00:00:00  -  Run Local Usage
		Usr 0 00:35:20, Sys 0 00:03:31  -  Total Remote Usage
		Usr 0 00:00:00, Sys 0 00:00:00  -  Total Local Usage
	0  -  Run Bytes Sent By Job
	0  -  Run Bytes Received By Job
	0  -  Total Bytes Sent By Job
	0  -  Total Bytes Received By Job
	Partitionable Resources :    Usage  Request Allocated
	   Cpus                 :                 1         1
	   Disk (KB)            :        1        1  22662182
	   Memory (MB)          :      426        1      4001
...
