000 (4031466.430.000) 03/13 00:00:44 Job submitted from host: <192.168.1.109:9618?addrs=192.168.1.109-9618+[--1]-9618&noUDP&sock=3153_969b_4>
...
001 (4031466.430.000) 03/13 00:01:27 Job executing on host: <192.168.1.50:9618?addrs=192.168.1.50-9618+[--1]-9618&noUDP&sock=3247_5221_3>
...
006 (4031466.430.000) 03/13 00:01:36 Image size of job updated: 45456
	36  -  MemoryUsage of job (MB)
	36728  -  ResidentSetSize of job (KB)
...
006 (4031466.430.000) 03/13 00:06:37 Image size of job updated: 359320
	351  -  MemoryUsage of job (MB)
	359320  -  ResidentSetSize of job (KB)
...
006 (4031466.430.000) 03/13 00:11:38 Image size of job updated: 436368
	427  -  MemoryUsage of job (MB)
	436368  -  ResidentSetSize of job (KB)
...
006 (4031466.430.000) 03/13 00:16:38 Image size of job updated: 436796
	427  -  MemoryUsage of job (MB)
	436796  -  ResidentSetSize of job (KB)
...
006 (4031466.430.000) 03/13 00:26:39 Image size of job updated: 436800
	427  -  MemoryUsage of job (MB)
	436800  -  ResidentSetSize of job (KB)
...
006 (4031466.430.000) 03/13 00:31:40 Image size of job updated: 437188
	427  -  MemoryUsage of job (MB)
	437188  -  ResidentSetSize of job (KB)
...
006 (4031466.430.000) 03/13 00:36:40 Image size of job updated: 437192
	427  -  MemoryUsage of job (MB)
	437192  -  ResidentSetSize of job (KB)
...
006 (4031466.430.000) 03/13 00:44:19 Image size of job updated: 795540
	427  -  MemoryUsage of job (MB)
	437192  -  ResidentSetSize of job (KB)
...
005 (4031466.430.000) 03/13 00:44:19 Job terminated.
	(1) Normal termination (return value 0)
		Usr 0 00:14:18, Sys 0 00:01:21  -  Run Remote Usage
		Usr 0 00:00:00, Sys 0 00:00:00  -  Run Local Usage
		Usr 0 00:14:18, Sys 0 00:01:21  -  Total Remote Usage
		Usr 0 00:00:00, Sys 0 00:00:00  -  Total Local Usage
	0  -  Run Bytes Sent By Job
	0  -  Run Bytes Received By Job
	0  -  Total Bytes Sent By Job
	0  -  Total Bytes Received By Job
	Partitionable Resources :    Usage  Request Allocated
	   Cpus                 :                 1         1
	   Disk (KB)            :        1        1  28493273
	   Memory (MB)          :      427        1      4020
...
000 (4044172.430.000) 03/13 19:21:22 Job submitted from host: <192.168.1.109:9618?addrs=192.168.1.109-9618+[--1]-9618&noUDP&sock=3153_969b_4>
...
001 (4044172.430.000) 03/13 19:22:01 Job executing on host: <192.168.1.66:9618?addrs=192.168.1.66-9618+[--1]-9618&noUDP&sock=3560_0345_33>
...
006 (4044172.430.000) 03/13 19:22:10 Image size of job updated: 147108
	144  -  MemoryUsage of job (MB)
	147108  -  ResidentSetSize of job (KB)
...
006 (4044172.430.000) 03/13 19:27:11 Image size of job updated: 371800
	364  -  MemoryUsage of job (MB)
	371800  -  ResidentSetSize of job (KB)
...
006 (4044172.430.000) 03/13 19:32:12 Image size of job updated: 438044
	428  -  MemoryUsage of job (MB)
	438044  -  ResidentSetSize of job (KB)
...
006 (4044172.430.000) 03/13 19:37:12 Image size of job updated: 438180
	428  -  MemoryUsage of job (MB)
	438180  -  ResidentSetSize of job (KB)
...
006 (4044172.430.000) 03/13 19:52:14 Image size of job updated: 438376
	428  -  MemoryUsage of job (MB)
	438184  -  ResidentSetSize of job (KB)
...
006 (4044172.430.000) 03/13 19:57:14 Image size of job updated: 438768
	429  -  MemoryUsage of job (MB)
	438576  -  ResidentSetSize of job (KB)
...
006 (4044172.430.000) 03/13 20:02:15 Image size of job updated: 438876
	429  -  MemoryUsage of job (MB)
	438684  -  ResidentSetSize of job (KB)
...
006 (4044172.430.000) 03/13 20:07:16 Image size of job updated: 438880
	429  -  MemoryUsage of job (MB)
	438688  -  ResidentSetSize of job (KB)
...
006 (4044172.430.000) 03/13 20:17:17 Image size of job updated: 475992
	465  -  MemoryUsage of job (MB)
	475864  -  ResidentSetSize of job (KB)
...
005 (4044172.430.000) 03/13 20:21:07 Job terminated.
	(1) Normal termination (return value 0)
		Usr 0 00:50:11, Sys 0 00:04:02  -  Run Remote Usage
		Usr 0 00:00:00, Sys 0 00:00:00  -  Run Local Usage
		Usr 0 00:50:11, Sys 0 00:04:02  -  Total Remote Usage
		Usr 0 00:00:00, Sys 0 00:00:00  -  Total Local Usage
	0  -  Run Bytes Sent By Job
	0  -  Run Bytes Received By Job
	0  -  Total Bytes Sent By Job
	0  -  Total Bytes Received By Job
	Partitionable Resources :    Usage  Request Allocated
	   Cpus                 :                 1         1
	   Disk (KB)            :        1        1  22684277
	   Memory (MB)          :      465        1      4015
...
000 (4046522.430.000) 03/15 14:02:20 Job submitted from host: <192.168.1.109:9618?addrs=192.168.1.109-9618+[--1]-9618&noUDP&sock=3153_969b_4>
...
001 (4046522.430.000) 03/15 15:28:41 Job executing on host: <192.168.1.41:9618?addrs=192.168.1.41-9618+[--1]-9618&noUDP&sock=3368_a17e_3>
...
006 (4046522.430.000) 03/15 15:28:49 Image size of job updated: 329212
	245  -  MemoryUsage of job (MB)
	250296  -  ResidentSetSize of job (KB)
...
006 (4046522.430.000) 03/15 15:33:49 Image size of job updated: 379144
	370  -  MemoryUsage of job (MB)
	378740  -  ResidentSetSize of job (KB)
...
006 (4046522.430.000) 03/15 15:38:50 Image size of job updated: 379144
	370  -  MemoryUsage of job (MB)
	378752  -  ResidentSetSize of job (KB)
...
006 (4046522.430.000) 03/15 15:43:50 Image size of job updated: 380504
	372  -  MemoryUsage of job (MB)
	380188  -  ResidentSetSize of job (KB)
...
006 (4046522.430.000) 03/15 15:48:50 Image size of job updated: 380600
	372  -  MemoryUsage of job (MB)
	380284  -  ResidentSetSize of job (KB)
...
005 (4046522.430.000) 03/15 15:49:38 Job terminated.
	(1) Normal termination (return value 0)
		Usr 0 00:17:46, Sys 0 00:01:52  -  Run Remote Usage
		Usr 0 00:00:00, Sys 0 00:00:00  -  Run Local Usage
		Usr 0 00:17:46, Sys 0 00:01:52  -  Total Remote Usage
		Usr 0 00:00:00, Sys 0 00:00:00  -  Total Local Usage
	0  -  Run Bytes Sent By Job
	0  -  Run Bytes Received By Job
	0  -  Total Bytes Sent By Job
	0  -  Total Bytes Received By Job
	Partitionable Resources :    Usage  Request Allocated
	   Cpus                 :                 1         1
	   Disk (KB)            :        1        1  20458618
	   Memory (MB)          :      372        1      4022
...
