000 (4031466.576.000) 03/13 00:00:45 Job submitted from host: <192.168.1.109:9618?addrs=192.168.1.109-9618+[--1]-9618&noUDP&sock=3153_969b_4>
...
001 (4031466.576.000) 03/13 00:01:32 Job executing on host: <192.168.1.39:9618?addrs=192.168.1.39-9618+[--1]-9618&noUDP&sock=3239_16fe_3>
...
006 (4031466.576.000) 03/13 00:01:41 Image size of job updated: 100604
	94  -  MemoryUsage of job (MB)
	96060  -  ResidentSetSize of job (KB)
...
006 (4031466.576.000) 03/13 00:06:42 Image size of job updated: 351620
	344  -  MemoryUsage of job (MB)
	351620  -  ResidentSetSize of job (KB)
...
006 (4031466.576.000) 03/13 00:11:43 Image size of job updated: 435624
	426  -  MemoryUsage of job (MB)
	435624  -  ResidentSetSize of job (KB)
...
006 (4031466.576.000) 03/13 00:21:43 Image size of job updated: 436156
	426  -  MemoryUsage of job (MB)
	436156  -  ResidentSetSize of job (KB)
...
006 (4031466.576.000) 03/13 00:26:45 Image size of job updated: 436160
	426  -  MemoryUsage of job (MB)
	436160  -  ResidentSetSize of job (KB)
...
006 (4031466.576.000) 03/13 00:36:45 Image size of job updated: 436176
	426  -  MemoryUsage of job (MB)
	436176  -  ResidentSetSize of job (KB)
...
006 (4031466.576.000) 03/13 00:41:46 Image size of job updated: 436264
	427  -  MemoryUsage of job (MB)
	436264  -  ResidentSetSize of job (KB)
...
006 (4031466.576.000) 03/13 00:56:47 Image size of job updated: 436944
	427  -  MemoryUsage of job (MB)
	436264  -  ResidentSetSize of job (KB)
...
005 (4031466.576.000) 03/13 00:57:01 Job terminated.
	(1) Normal termination (return value 0)
		Usr 0 00:19:15, Sys 0 00:01:54  -  Run Remote Usage
		Usr 0 00:00:00, Sys 0 00:00:00  -  Run Local Usage
		Usr 0 00:19:15, Sys 0 00:01:54  -  Total Remote Usage
		Usr 0 00:00:00, Sys 0 00:00:00  -  Total Local Usage
	0  -  Run Bytes Sent By Job
	0  -  Run Bytes Received By Job
	0  -  Total Bytes Sent By Job
	0  -  Total Bytes Received By Job
	Partitionable Resources :    Usage  Request Allocated
	   Cpus                 :                 1         1
	   Disk (KB)            :        1        1  20460460
	   Memory (MB)          :      427        1      4022
...
000 (4044172.576.000) 03/13 19:21:23 Job submitted from host: <192.168.1.109:9618?addrs=192.168.1.109-9618+[--1]-9618&noUDP&sock=3153_969b_4>
...
001 (4044172.576.000) 03/13 19:22:14 Job executing on host: <192.168.1.39:9618?addrs=192.168.1.39-9618+[--1]-9618&noUDP&sock=3239_16fe_3>
...
006 (4044172.576.000) 03/13 19:22:22 Image size of job updated: 67392
	61  -  MemoryUsage of job (MB)
	62424  -  ResidentSetSize of job (KB)
...
006 (4044172.576.000) 03/13 19:27:23 Image size of job updated: 359944
	347  -  MemoryUsage of job (MB)
	354432  -  ResidentSetSize of job (KB)
...
006 (4044172.576.000) 03/13 19:32:24 Image size of job updated: 377832
	364  -  MemoryUsage of job (MB)
	372320  -  ResidentSetSize of job (KB)
...
006 (4044172.576.000) 03/13 19:37:24 Image size of job updated: 443548
	428  -  MemoryUsage of job (MB)
	438036  -  ResidentSetSize of job (KB)
...
006 (4044172.576.000) 03/13 19:42:24 Image size of job updated: 444176
	429  -  MemoryUsage of job (MB)
	438664  -  ResidentSetSize of job (KB)
...
006 (4044172.576.000) 03/13 19:47:26 Image size of job updated: 444180
	429  -  MemoryUsage of job (MB)
	438668  -  ResidentSetSize of job (KB)
...
006 (4044172.576.000) 03/13 19:57:26 Image size of job updated: 444220
	429  -  MemoryUsage of job (MB)
	438708  -  ResidentSetSize of job (KB)
...
006 (4044172.576.000) 03/13 20:02:27 Image size of job updated: 444284
	429  -  MemoryUsage of job (MB)
	438772  -  ResidentSetSize of job (KB)
...
005 (4044172.576.000) 03/13 20:15:47 Job terminated.
	(1) Normal termination (return value 0)
		Usr 0 00:20:12, Sys 0 00:02:12  -  Run Remote Usage
		Usr 0 00:00:00, Sys 0 00:00:00  -  Run Local Usage
		Usr 0 00:20:12, Sys 0 00:02:12  -  Total Remote Usage
		Usr 0 00:00:00, Sys 0 00:00:00  -  Total Local Usage
	0  -  Run Bytes Sent By Job
	0  -  Run Bytes Received By Job
	0  -  Total Bytes Sent By Job
	0  -  Total Bytes Received By Job
	Partitionable Resources :    Usage  Request Allocated
	   Cpus                 :                 1         1
	   Disk (KB)            :        1        1  20460459
	   Memory (MB)          :      429        1      4022
...
000 (4046522.576.000) 03/15 14:02:21 Job submitted from host: <192.168.1.109:9618?addrs=192.168.1.109-9618+[--1]-9618&noUDP&sock=3153_969b_4>
...
001 (4046522.576.000) 03/15 15:35:37 Job executing on host: <192.168.1.42:9618?addrs=192.168.1.42-9618+[--1]-9618&noUDP&sock=3360_3385_3>
...
006 (4046522.576.000) 03/15 15:35:45 Image size of job updated: 351772
	278  -  MemoryUsage of job (MB)
	284164  -  ResidentSetSize of job (KB)
...
006 (4046522.576.000) 03/15 15:40:45 Image size of job updated: 435144
	425  -  MemoryUsage of job (MB)
	434524  -  ResidentSetSize of job (KB)
...
006 (4046522.576.000) 03/15 15:50:47 Image size of job updated: 435188
	425  -  MemoryUsage of job (MB)
	434572  -  ResidentSetSize of job (KB)
...
006 (4046522.576.000) 03/15 15:55:47 Image size of job updated: 435788
	426  -  MemoryUsage of job (MB)
	435600  -  ResidentSetSize of job (KB)
...
006 (4046522.576.000) 03/15 15:56:00 Image size of job updated: 435832
	426  -  MemoryUsage of job (MB)
	435600  -  ResidentSetSize of job (KB)
...
005 (4046522.576.000) 03/15 15:56:00 Job terminated.
	(1) Normal termination (return value 0)
		Usr 0 00:15:49, Sys 0 00:01:49  -  Run Remote Usage
		Usr 0 00:00:00, Sys 0 00:00:00  -  Run Local Usage
		Usr 0 00:15:49, Sys 0 00:01:49  -  Total Remote Usage
		Usr 0 00:00:00, Sys 0 00:00:00  -  Total Local Usage
	0  -  Run Bytes Sent By Job
	0  -  Run Bytes Received By Job
	0  -  Total Bytes Sent By Job
	0  -  Total Bytes Received By Job
	Partitionable Resources :    Usage  Request Allocated
	   Cpus                 :                 1         1
	   Disk (KB)            :        1        1  20458261
	   Memory (MB)          :      426        1      4022
...
