000 (4031466.395.000) 03/13 00:00:43 Job submitted from host: <192.168.1.109:9618?addrs=192.168.1.109-9618+[--1]-9618&noUDP&sock=3153_969b_4>
...
001 (4031466.395.000) 03/13 00:01:26 Job executing on host: <192.168.1.40:9618?addrs=192.168.1.40-9618+[--1]-9618&noUDP&sock=3366_a17e_3>
...
006 (4031466.395.000) 03/13 00:01:35 Image size of job updated: 112396
	110  -  MemoryUsage of job (MB)
	112336  -  ResidentSetSize of job (KB)
...
006 (4031466.395.000) 03/13 00:06:36 Image size of job updated: 353684
	346  -  MemoryUsage of job (MB)
	353408  -  ResidentSetSize of job (KB)
...
006 (4031466.395.000) 03/13 00:11:36 Image size of job updated: 433652
	424  -  MemoryUsage of job (MB)
	433376  -  ResidentSetSize of job (KB)
...
006 (4031466.395.000) 03/13 00:21:38 Image size of job updated: 433748
	424  -  MemoryUsage of job (MB)
	433472  -  ResidentSetSize of job (KB)
...
006 (4031466.395.000) 03/13 00:26:38 Image size of job updated: 433780
	424  -  MemoryUsage of job (MB)
	433504  -  ResidentSetSize of job (KB)
...
006 (4031466.395.000) 03/13 00:31:38 Image size of job updated: 433784
	424  -  MemoryUsage of job (MB)
	433508  -  ResidentSetSize of job (KB)
...
006 (4031466.395.000) 03/13 00:36:39 Image size of job updated: 433984
	424  -  MemoryUsage of job (MB)
	433708  -  ResidentSetSize of job (KB)
...
006 (4031466.395.000) 03/13 00:41:40 Image size of job updated: 434076
	424  -  MemoryUsage of job (MB)
	433800  -  ResidentSetSize of job (KB)
...
006 (4031466.395.000) 03/13 00:46:40 Image size of job updated: 434080
	424  -  MemoryUsage of job (MB)
	433804  -  ResidentSetSize of job (KB)
...
006 (4031466.395.000) 03/13 00:51:41 Image size of job updated: 434104
	424  -  MemoryUsage of job (MB)
	433828  -  ResidentSetSize of job (KB)
...
005 (4031466.395.000) 03/13 00:53:39 Job terminated.
	(1) Normal termination (return value 0)
		Usr 0 00:14:41, Sys 0 00:01:26  -  Run Remote Usage
		Usr 0 00:00:00, Sys 0 00:00:00  -  Run Local Usage
		Usr 0 00:14:41, Sys 0 00:01:26  -  Total Remote Usage
		Usr 0 00:00:00, Sys 0 00:00:00  -  Total Local Usage
	0  -  Run Bytes Sent By Job
	0  -  Run Bytes Received By Job
	0  -  Total Bytes Sent By Job
	0  -  Total Bytes Received By Job
	Partitionable Resources :    Usage  Request Allocated
	   Cpus                 :                 1         1
	   Disk (KB)            :        1        1  20457847
	   Memory (MB)          :      424        1      4022
...
000 (4044172.395.000) 03/13 19:21:22 Job submitted from host: <192.168.1.109:9618?addrs=192.168.1.109-9618+[--1]-9618&noUDP&sock=3153_969b_4>
...
001 (4044172.395.000) 03/13 19:22:01 Job executing on host: <192.168.1.43:9618?addrs=192.168.1.43-9618+[--1]-9618&noUDP&sock=3360_24bc_3>
...
006 (4044172.395.000) 03/13 19:22:11 Image size of job updated: 10064
	10  -  MemoryUsage of job (MB)
	10052  -  ResidentSetSize of job (KB)
...
006 (4044172.395.000) 03/13 19:27:12 Image size of job updated: 350520
	343  -  MemoryUsage of job (MB)
	350424  -  ResidentSetSize of job (KB)
...
006 (4044172.395.000) 03/13 19:32:13 Image size of job updated: 365628
	357  -  MemoryUsage of job (MB)
	365532  -  ResidentSetSize of job (KB)
...
006 (4044172.395.000) 03/13 19:37:13 Image size of job updated: 437376
	428  -  MemoryUsage of job (MB)
	437280  -  ResidentSetSize of job (KB)
...
005 (4044172.395.000) 03/13 20:11:35 Job terminated.
	(1) Normal termination (return value 0)
		Usr 0 00:15:00, Sys 0 00:01:44  -  Run Remote Usage
		Usr 0 00:00:00, Sys 0 00:00:00  -  Run Local Usage
		Usr 0 00:15:00, Sys 0 00:01:44  -  Total Remote Usage
		Usr 0 00:00:00, Sys 0 00:00:00  -  Total Local Usage
	0  -  Run Bytes Sent By Job
	0  -  Run Bytes Received By Job
	0  -  Total Bytes Sent By Job
	0  -  Total Bytes Received By Job
	Partitionable Resources :    Usage  Request Allocated
	   Cpus                 :                 1         1
	   Disk (KB)            :        1        1  20458450
	   Memory (MB)          :      428        1      4022
...
000 (4046522.395.000) 03/15 14:02:20 Job submitted from host: <192.168.1.109:9618?addrs=192.168.1.109-9618+[--1]-9618&noUDP&sock=3153_969b_4>
...
001 (4046522.395.000) 03/15 15:26:06 Job executing on host: <192.168.1.45:9618?addrs=192.168.1.45-9618+[--1]-9618&noUDP&sock=3341_bd3f_3>
...
006 (4046522.395.000) 03/15 15:26:15 Image size of job updated: 439684
	353  -  MemoryUsage of job (MB)
	360716  -  ResidentSetSize of job (KB)
...
006 (4046522.395.000) 03/15 15:31:15 Image size of job updated: 442168
	432  -  MemoryUsage of job (MB)
	441656  -  ResidentSetSize of job (KB)
...
006 (4046522.395.000) 03/15 15:36:15 Image size of job updated: 442168
	432  -  MemoryUsage of job (MB)
	441692  -  ResidentSetSize of job (KB)
...
006 (4046522.395.000) 03/15 15:41:16 Image size of job updated: 442168
	432  -  MemoryUsage of job (MB)
	441956  -  ResidentSetSize of job (KB)
...
006 (4046522.395.000) 03/15 15:46:17 Image size of job updated: 442168
	432  -  MemoryUsage of job (MB)
	441988  -  ResidentSetSize of job (KB)
...
006 (4046522.395.000) 03/15 15:47:54 Image size of job updated: 795596
	432  -  MemoryUsage of job (MB)
	441988  -  ResidentSetSize of job (KB)
...
005 (4046522.395.000) 03/15 15:47:54 Job terminated.
	(1) Normal termination (return value 0)
		Usr 0 00:17:29, Sys 0 00:01:57  -  Run Remote Usage
		Usr 0 00:00:00, Sys 0 00:00:00  -  Run Local Usage
		Usr 0 00:17:29, Sys 0 00:01:57  -  Total Remote Usage
		Usr 0 00:00:00, Sys 0 00:00:00  -  Total Local Usage
	0  -  Run Bytes Sent By Job
	0  -  Run Bytes Received By Job
	0  -  Total Bytes Sent By Job
	0  -  Total Bytes Received By Job
	Partitionable Resources :    Usage  Request Allocated
	   Cpus                 :                 1         1
	   Disk (KB)            :        1        1  20460088
	   Memory (MB)          :      432        1      4022
...
