000 (4031233.102.000) 03/12 14:28:35 Job submitted from host: <192.168.1.109:9618?addrs=192.168.1.109-9618+[--1]-9618&noUDP&sock=3153_969b_4>
...
001 (4031233.102.000) 03/12 14:28:50 Job executing on host: <192.168.1.39:9618?addrs=192.168.1.39-9618+[--1]-9618&noUDP&sock=3239_16fe_3>
...
006 (4031233.102.000) 03/12 14:28:59 Image size of job updated: 92608
	73  -  MemoryUsage of job (MB)
	73840  -  ResidentSetSize of job (KB)
...
006 (4031233.102.000) 03/12 14:34:00 Image size of job updated: 467768
	425  -  MemoryUsage of job (MB)
	434640  -  ResidentSetSize of job (KB)
...
006 (4031233.102.000) 03/12 14:39:00 Image size of job updated: 467772
	425  -  MemoryUsage of job (MB)
	434644  -  ResidentSetSize of job (KB)
...
006 (4031233.102.000) 03/12 14:48:31 Image size of job updated: 467780
	425  -  MemoryUsage of job (MB)
	434644  -  ResidentSetSize of job (KB)
...
005 (4031233.102.000) 03/12 14:48:31 Job terminated.
	(1) Normal termination (return value 0)
		Usr 0 00:17:31, Sys 0 00:01:35  -  Run Remote Usage
		Usr 0 00:00:00, Sys 0 00:00:00  -  Run Local Usage
		Usr 0 00:17:31, Sys 0 00:01:35  -  Total Remote Usage
		Usr 0 00:00:00, Sys 0 00:00:00  -  Total Local Usage
	0  -  Run Bytes Sent By Job
	0  -  Run Bytes Received By Job
	0  -  Total Bytes Sent By Job
	0  -  Total Bytes Received By Job
	Partitionable Resources :    Usage  Request Allocated
	   Cpus                 :                 1         1
	   Disk (KB)            :        1        1  20460460
	   Memory (MB)          :      425        1      4022
...
000 (4031234.102.000) 03/12 15:03:14 Job submitted from host: <192.168.1.109:9618?addrs=192.168.1.109-9618+[--1]-9618&noUDP&sock=3153_969b_4>
...
001 (4031234.102.000) 03/12 15:03:41 Job executing on host: <192.168.1.66:9618?addrs=192.168.1.66-9618+[--1]-9618&noUDP&sock=3560_0345_33>
...
006 (4031234.102.000) 03/12 15:03:51 Image size of job updated: 149616
	139  -  MemoryUsage of job (MB)
	142144  -  ResidentSetSize of job (KB)
...
006 (4031234.102.000) 03/12 15:08:51 Image size of job updated: 429728
	420  -  MemoryUsage of job (MB)
	429612  -  ResidentSetSize of job (KB)
...
006 (4031234.102.000) 03/12 15:12:48 Image size of job updated: 785544
	420  -  MemoryUsage of job (MB)
	429612  -  ResidentSetSize of job (KB)
...
004 (4031234.102.000) 03/12 15:12:48 Job was evicted.
	(0) Job was not checkpointed.
		Usr 0 00:08:05, Sys 0 00:00:42  -  Run Remote Usage
		Usr 0 00:00:00, Sys 0 00:00:00  -  Run Local Usage
	0  -  Run Bytes Sent By Job
	0  -  Run Bytes Received By Job
	Partitionable Resources :    Usage  Request Allocated
	   Cpus                 :                 1         1
	   Disk (KB)            :        1        1  22684277
	   Memory (MB)          :      420        1      4015
...
009 (4031234.102.000) 03/12 15:12:52 Job was aborted by the user.
	via condor_rm (by user routray)
...
000 (4031235.102.000) 03/12 15:16:44 Job submitted from host: <192.168.1.109:9618?addrs=192.168.1.109-9618+[--1]-9618&noUDP&sock=3153_969b_4>
...
001 (4031235.102.000) 03/12 15:17:02 Job executing on host: <192.168.1.39:9618?addrs=192.168.1.39-9618+[--1]-9618&noUDP&sock=3239_16fe_3>
...
006 (4031235.102.000) 03/12 15:17:11 Image size of job updated: 368068
	330  -  MemoryUsage of job (MB)
	337116  -  ResidentSetSize of job (KB)
...
006 (4031235.102.000) 03/12 15:22:13 Image size of job updated: 462900
	422  -  MemoryUsage of job (MB)
	431948  -  ResidentSetSize of job (KB)
...
006 (4031235.102.000) 03/12 15:27:13 Image size of job updated: 462904
	422  -  MemoryUsage of job (MB)
	431952  -  ResidentSetSize of job (KB)
...
005 (4031235.102.000) 03/12 15:36:33 Job terminated.
	(1) Normal termination (return value 0)
		Usr 0 00:17:40, Sys 0 00:01:39  -  Run Remote Usage
		Usr 0 00:00:00, Sys 0 00:00:00  -  Run Local Usage
		Usr 0 00:17:40, Sys 0 00:01:39  -  Total Remote Usage
		Usr 0 00:00:00, Sys 0 00:00:00  -  Total Local Usage
	0  -  Run Bytes Sent By Job
	0  -  Run Bytes Received By Job
	0  -  Total Bytes Sent By Job
	0  -  Total Bytes Received By Job
	Partitionable Resources :    Usage  Request Allocated
	   Cpus                 :                 1         1
	   Disk (KB)            :        1        1  20460460
	   Memory (MB)          :      422        1      4022
...
000 (4031461.102.000) 03/12 18:25:46 Job submitted from host: <192.168.1.109:9618?addrs=192.168.1.109-9618+[--1]-9618&noUDP&sock=3153_969b_4>
...
001 (4031461.102.000) 03/12 18:26:02 Job executing on host: <192.168.1.47:9618?addrs=192.168.1.47-9618+[--1]-9618&noUDP&sock=3245_a288_3>
...
006 (4031461.102.000) 03/12 18:26:10 Image size of job updated: 114768
	103  -  MemoryUsage of job (MB)
	104628  -  ResidentSetSize of job (KB)
...
006 (4031461.102.000) 03/12 18:31:10 Image size of job updated: 390520
	371  -  MemoryUsage of job (MB)
	379416  -  ResidentSetSize of job (KB)
...
006 (4031461.102.000) 03/12 18:36:10 Image size of job updated: 390536
	371  -  MemoryUsage of job (MB)
	379432  -  ResidentSetSize of job (KB)
...
005 (4031461.102.000) 03/12 18:40:36 Job terminated.
	(1) Normal termination (return value 0)
		Usr 0 00:12:47, Sys 0 00:01:15  -  Run Remote Usage
		Usr 0 00:00:00, Sys 0 00:00:00  -  Run Local Usage
		Usr 0 00:12:47, Sys 0 00:01:15  -  Total Remote Usage
		Usr 0 00:00:00, Sys 0 00:00:00  -  Total Local Usage
	0  -  Run Bytes Sent By Job
	0  -  Run Bytes Received By Job
	0  -  Total Bytes Sent By Job
	0  -  Total Bytes Received By Job
	Partitionable Resources :    Usage  Request Allocated
	   Cpus                 :                 1         1
	   Disk (KB)            :        1        1  28493856
	   Memory (MB)          :      371        1      4020
...
000 (4031462.102.000) 03/12 20:10:16 Job submitted from host: <192.168.1.109:9618?addrs=192.168.1.109-9618+[--1]-9618&noUDP&sock=3153_969b_4>
...
001 (4031462.102.000) 03/12 20:10:43 Job executing on host: <192.168.1.50:9618?addrs=192.168.1.50-9618+[--1]-9618&noUDP&sock=3247_5221_3>
...
006 (4031462.102.000) 03/12 20:10:51 Image size of job updated: 111520
	105  -  MemoryUsage of job (MB)
	106840  -  ResidentSetSize of job (KB)
...
006 (4031462.102.000) 03/12 20:15:51 Image size of job updated: 399508
	386  -  MemoryUsage of job (MB)
	394248  -  ResidentSetSize of job (KB)
...
006 (4031462.102.000) 03/12 20:20:51 Image size of job updated: 399516
	386  -  MemoryUsage of job (MB)
	394256  -  ResidentSetSize of job (KB)
...
005 (4031462.102.000) 03/12 20:24:44 Job terminated.
	(1) Normal termination (return value 0)
		Usr 0 00:11:45, Sys 0 00:01:10  -  Run Remote Usage
		Usr 0 00:00:00, Sys 0 00:00:00  -  Run Local Usage
		Usr 0 00:11:45, Sys 0 00:01:10  -  Total Remote Usage
		Usr 0 00:00:00, Sys 0 00:00:00  -  Total Local Usage
	0  -  Run Bytes Sent By Job
	0  -  Run Bytes Received By Job
	0  -  Total Bytes Sent By Job
	0  -  Total Bytes Received By Job
	Partitionable Resources :    Usage  Request Allocated
	   Cpus                 :                 1         1
	   Disk (KB)            :        1        1  28493273
	   Memory (MB)          :      386        1      4020
...
000 (4031463.102.000) 03/12 21:35:11 Job submitted from host: <192.168.1.109:9618?addrs=192.168.1.109-9618+[--1]-9618&noUDP&sock=3153_969b_4>
...
001 (4031463.102.000) 03/12 21:35:44 Job executing on host: <192.168.1.61:9618?addrs=192.168.1.61-9618+[--1]-9618&noUDP&sock=3335_bd3f_11>
...
006 (4031463.102.000) 03/12 21:35:53 Image size of job updated: 40672
	36  -  MemoryUsage of job (MB)
	36264  -  ResidentSetSize of job (KB)
...
006 (4031463.102.000) 03/12 21:40:54 Image size of job updated: 461956
	442  -  MemoryUsage of job (MB)
	452352  -  ResidentSetSize of job (KB)
...
006 (4031463.102.000) 03/12 21:45:54 Image size of job updated: 469740
	450  -  MemoryUsage of job (MB)
	460136  -  ResidentSetSize of job (KB)
...
006 (4031463.102.000) 03/12 21:50:54 Image size of job updated: 495228
	475  -  MemoryUsage of job (MB)
	485624  -  ResidentSetSize of job (KB)
...
005 (4031463.102.000) 03/12 22:06:16 Job terminated.
	(1) Normal termination (return value 0)
		Usr 0 00:26:56, Sys 0 00:02:31  -  Run Remote Usage
		Usr 0 00:00:00, Sys 0 00:00:00  -  Run Local Usage
		Usr 0 00:26:56, Sys 0 00:02:31  -  Total Remote Usage
		Usr 0 00:00:00, Sys 0 00:00:00  -  Total Local Usage
	0  -  Run Bytes Sent By Job
	0  -  Run Bytes Received By Job
	0  -  Total Bytes Sent By Job
	0  -  Total Bytes Received By Job
	Partitionable Resources :    Usage  Request Allocated
	   Cpus                 :                 1         1
	   Disk (KB)            :        1        1  22662096
	   Memory (MB)          :      475        1      4001
...
000 (4031466.102.000) 03/13 00:00:40 Job submitted from host: <192.168.1.109:9618?addrs=192.168.1.109-9618+[--1]-9618&noUDP&sock=3153_969b_4>
...
001 (4031466.102.000) 03/13 00:01:12 Job executing on host: <192.168.1.61:9618?addrs=192.168.1.61-9618+[--1]-9618&noUDP&sock=3335_bd3f_11>
...
006 (4031466.102.000) 03/13 00:01:20 Image size of job updated: 164036
	151  -  MemoryUsage of job (MB)
	154216  -  ResidentSetSize of job (KB)
...
006 (4031466.102.000) 03/13 00:06:20 Image size of job updated: 428892
	419  -  MemoryUsage of job (MB)
	428516  -  ResidentSetSize of job (KB)
...
006 (4031466.102.000) 03/13 00:11:20 Image size of job updated: 429252
	419  -  MemoryUsage of job (MB)
	428876  -  ResidentSetSize of job (KB)
...
006 (4031466.102.000) 03/13 00:16:21 Image size of job updated: 471076
	460  -  MemoryUsage of job (MB)
	470700  -  ResidentSetSize of job (KB)
...
006 (4031466.102.000) 03/13 00:30:23 Image size of job updated: 780604
	460  -  MemoryUsage of job (MB)
	470700  -  ResidentSetSize of job (KB)
...
005 (4031466.102.000) 03/13 00:30:23 Job terminated.
	(1) Normal termination (return value 0)
		Usr 0 00:24:03, Sys 0 00:02:17  -  Run Remote Usage
		Usr 0 00:00:00, Sys 0 00:00:00  -  Run Local Usage
		Usr 0 00:24:03, Sys 0 00:02:17  -  Total Remote Usage
		Usr 0 00:00:00, Sys 0 00:00:00  -  Total Local Usage
	0  -  Run Bytes Sent By Job
	0  -  Run Bytes Received By Job
	0  -  Total Bytes Sent By Job
	0  -  Total Bytes Received By Job
	Partitionable Resources :    Usage  Request Allocated
	   Cpus                 :                 1         1
	   Disk (KB)            :        1        1  22662096
	   Memory (MB)          :      460        1      4001
...
000 (4044172.102.000) 03/13 19:21:18 Job submitted from host: <192.168.1.109:9618?addrs=192.168.1.109-9618+[--1]-9618&noUDP&sock=3153_969b_4>
...
001 (4044172.102.000) 03/13 19:21:47 Job executing on host: <192.168.1.40:9618?addrs=192.168.1.40-9618+[--1]-9618&noUDP&sock=3366_a17e_3>
...
006 (4044172.102.000) 03/13 19:21:55 Image size of job updated: 356016
	339  -  MemoryUsage of job (MB)
	346484  -  ResidentSetSize of job (KB)
...
006 (4044172.102.000) 03/13 19:26:55 Image size of job updated: 430284
	419  -  MemoryUsage of job (MB)
	428896  -  ResidentSetSize of job (KB)
...
006 (4044172.102.000) 03/13 19:31:55 Image size of job updated: 431840
	421  -  MemoryUsage of job (MB)
	430452  -  ResidentSetSize of job (KB)
...
006 (4044172.102.000) 03/13 19:46:57 Image size of job updated: 432088
	421  -  MemoryUsage of job (MB)
	430700  -  ResidentSetSize of job (KB)
...
005 (4044172.102.000) 03/13 20:04:42 Job terminated.
	(1) Normal termination (return value 0)
		Usr 0 00:13:30, Sys 0 00:01:30  -  Run Remote Usage
		Usr 0 00:00:00, Sys 0 00:00:00  -  Run Local Usage
		Usr 0 00:13:30, Sys 0 00:01:30  -  Total Remote Usage
		Usr 0 00:00:00, Sys 0 00:00:00  -  Total Local Usage
	0  -  Run Bytes Sent By Job
	0  -  Run Bytes Received By Job
	0  -  Total Bytes Sent By Job
	0  -  Total Bytes Received By Job
	Partitionable Resources :    Usage  Request Allocated
	   Cpus                 :                 1         1
	   Disk (KB)            :        1        1  20457847
	   Memory (MB)          :      421        1      4022
...
000 (4046522.102.000) 03/15 14:02:15 Job submitted from host: <192.168.1.109:9618?addrs=192.168.1.109-9618+[--1]-9618&noUDP&sock=3153_969b_4>
...
001 (4046522.102.000) 03/15 14:50:09 Job executing on host: <192.168.1.50:9618?addrs=192.168.1.50-9618+[--1]-9618&noUDP&sock=3247_5221_3>
...
006 (4046522.102.000) 03/15 14:50:18 Image size of job updated: 429672
	343  -  MemoryUsage of job (MB)
	350428  -  ResidentSetSize of job (KB)
...
006 (4046522.102.000) 03/15 14:55:19 Image size of job updated: 432944
	423  -  MemoryUsage of job (MB)
	432284  -  ResidentSetSize of job (KB)
...
006 (4046522.102.000) 03/15 15:00:20 Image size of job updated: 433344
	423  -  MemoryUsage of job (MB)
	432596  -  ResidentSetSize of job (KB)
...
005 (4046522.102.000) 03/15 15:04:37 Job terminated.
	(1) Normal termination (return value 0)
		Usr 0 00:12:52, Sys 0 00:01:21  -  Run Remote Usage
		Usr 0 00:00:00, Sys 0 00:00:00  -  Run Local Usage
		Usr 0 00:12:52, Sys 0 00:01:21  -  Total Remote Usage
		Usr 0 00:00:00, Sys 0 00:00:00  -  Total Local Usage
	0  -  Run Bytes Sent By Job
	0  -  Run Bytes Received By Job
	0  -  Total Bytes Sent By Job
	0  -  Total Bytes Received By Job
	Partitionable Resources :    Usage  Request Allocated
	   Cpus                 :                 1         1
	   Disk (KB)            :        1        1  28493273
	   Memory (MB)          :      423        1      4020
...
000 (4046570.102.000) 03/15 18:56:24 Job submitted from host: <192.168.1.109:9618?addrs=192.168.1.109-9618+[--1]-9618&noUDP&sock=3153_969b_4>
...
001 (4046570.102.000) 03/15 18:56:40 Job executing on host: <192.168.1.40:9618?addrs=192.168.1.40-9618+[--1]-9618&noUDP&sock=3366_a17e_3>
...
006 (4046570.102.000) 03/15 18:56:48 Image size of job updated: 172624
	165  -  MemoryUsage of job (MB)
	168712  -  ResidentSetSize of job (KB)
...
006 (4046570.102.000) 03/15 19:01:48 Image size of job updated: 452272
	438  -  MemoryUsage of job (MB)
	448272  -  ResidentSetSize of job (KB)
...
006 (4046570.102.000) 03/15 19:06:49 Image size of job updated: 452464
	438  -  MemoryUsage of job (MB)
	448464  -  ResidentSetSize of job (KB)
...
006 (4046570.102.000) 03/15 19:15:18 Image size of job updated: 483480
	438  -  MemoryUsage of job (MB)
	448464  -  ResidentSetSize of job (KB)
...
005 (4046570.102.000) 03/15 19:15:18 Job terminated.
	(1) Normal termination (return value 0)
		Usr 0 00:15:54, Sys 0 00:01:43  -  Run Remote Usage
		Usr 0 00:00:00, Sys 0 00:00:00  -  Run Local Usage
		Usr 0 00:15:54, Sys 0 00:01:43  -  Total Remote Usage
		Usr 0 00:00:00, Sys 0 00:00:00  -  Total Local Usage
	0  -  Run Bytes Sent By Job
	0  -  Run Bytes Received By Job
	0  -  Total Bytes Sent By Job
	0  -  Total Bytes Received By Job
	Partitionable Resources :    Usage  Request Allocated
	   Cpus                 :                 1         1
	   Disk (KB)            :        1        1  20457847
	   Memory (MB)          :      438        1      4022
...
