000 (4031466.244.000) 03/13 00:00:42 Job submitted from host: <192.168.1.109:9618?addrs=192.168.1.109-9618+[--1]-9618&noUDP&sock=3153_969b_4>
...
001 (4031466.244.000) 03/13 00:01:20 Job executing on host: <192.168.1.41:9618?addrs=192.168.1.41-9618+[--1]-9618&noUDP&sock=3368_a17e_3>
...
006 (4031466.244.000) 03/13 00:01:29 Image size of job updated: 155700
	144  -  MemoryUsage of job (MB)
	147184  -  ResidentSetSize of job (KB)
...
006 (4031466.244.000) 03/13 00:06:29 Image size of job updated: 350428
	342  -  MemoryUsage of job (MB)
	350200  -  ResidentSetSize of job (KB)
...
006 (4031466.244.000) 03/13 00:11:30 Image size of job updated: 421784
	412  -  MemoryUsage of job (MB)
	421556  -  ResidentSetSize of job (KB)
...
006 (4031466.244.000) 03/13 00:16:31 Image size of job updated: 422444
	413  -  MemoryUsage of job (MB)
	422216  -  ResidentSetSize of job (KB)
...
006 (4031466.244.000) 03/13 00:26:32 Image size of job updated: 422460
	413  -  MemoryUsage of job (MB)
	422232  -  ResidentSetSize of job (KB)
...
005 (4031466.244.000) 03/13 00:45:09 Job terminated.
	(1) Normal termination (return value 0)
		Usr 0 00:10:12, Sys 0 00:01:04  -  Run Remote Usage
		Usr 0 00:00:00, Sys 0 00:00:00  -  Run Local Usage
		Usr 0 00:10:12, Sys 0 00:01:04  -  Total Remote Usage
		Usr 0 00:00:00, Sys 0 00:00:00  -  Total Local Usage
	0  -  Run Bytes Sent By Job
	0  -  Run Bytes Received By Job
	0  -  Total Bytes Sent By Job
	0  -  Total Bytes Received By Job
	Partitionable Resources :    Usage  Request Allocated
	   Cpus                 :                 1         1
	   Disk (KB)            :        1        1  20458618
	   Memory (MB)          :      413        1      4022
...
000 (4044172.244.000) 03/13 19:21:20 Job submitted from host: <192.168.1.109:9618?addrs=192.168.1.109-9618+[--1]-9618&noUDP&sock=3153_969b_4>
...
001 (4044172.244.000) 03/13 19:21:54 Job executing on host: <192.168.1.41:9618?addrs=192.168.1.41-9618+[--1]-9618&noUDP&sock=3368_a17e_3>
...
006 (4044172.244.000) 03/13 19:22:03 Image size of job updated: 93668
	87  -  MemoryUsage of job (MB)
	88216  -  ResidentSetSize of job (KB)
...
006 (4044172.244.000) 03/13 19:27:03 Image size of job updated: 262504
	251  -  MemoryUsage of job (MB)
	256500  -  ResidentSetSize of job (KB)
...
006 (4044172.244.000) 03/13 19:32:03 Image size of job updated: 331468
	318  -  MemoryUsage of job (MB)
	325464  -  ResidentSetSize of job (KB)
...
006 (4044172.244.000) 03/13 19:37:04 Image size of job updated: 331856
	319  -  MemoryUsage of job (MB)
	325852  -  ResidentSetSize of job (KB)
...
006 (4044172.244.000) 03/13 19:42:05 Image size of job updated: 331884
	319  -  MemoryUsage of job (MB)
	325880  -  ResidentSetSize of job (KB)
...
006 (4044172.244.000) 03/13 19:47:05 Image size of job updated: 331888
	319  -  MemoryUsage of job (MB)
	325884  -  ResidentSetSize of job (KB)
...
006 (4044172.244.000) 03/13 19:57:07 Image size of job updated: 331900
	319  -  MemoryUsage of job (MB)
	325896  -  ResidentSetSize of job (KB)
...
005 (4044172.244.000) 03/13 20:01:34 Job terminated.
	(1) Normal termination (return value 0)
		Usr 0 00:12:23, Sys 0 00:01:21  -  Run Remote Usage
		Usr 0 00:00:00, Sys 0 00:00:00  -  Run Local Usage
		Usr 0 00:12:23, Sys 0 00:01:21  -  Total Remote Usage
		Usr 0 00:00:00, Sys 0 00:00:00  -  Total Local Usage
	0  -  Run Bytes Sent By Job
	0  -  Run Bytes Received By Job
	0  -  Total Bytes Sent By Job
	0  -  Total Bytes Received By Job
	Partitionable Resources :    Usage  Request Allocated
	   Cpus                 :                 1         1
	   Disk (KB)            :        1        1  20458618
	   Memory (MB)          :      319        1      4022
...
000 (4046522.244.000) 03/15 14:02:17 Job submitted from host: <192.168.1.109:9618?addrs=192.168.1.109-9618+[--1]-9618&noUDP&sock=3153_969b_4>
...
001 (4046522.244.000) 03/15 15:11:41 Job executing on host: <192.168.1.50:9618?addrs=192.168.1.50-9618+[--1]-9618&noUDP&sock=3247_5221_3>
...
006 (4046522.244.000) 03/15 15:11:50 Image size of job updated: 427080
	340  -  MemoryUsage of job (MB)
	348036  -  ResidentSetSize of job (KB)
...
006 (4046522.244.000) 03/15 15:16:51 Image size of job updated: 433136
	423  -  MemoryUsage of job (MB)
	432788  -  ResidentSetSize of job (KB)
...
006 (4046522.244.000) 03/15 15:21:51 Image size of job updated: 433136
	423  -  MemoryUsage of job (MB)
	432804  -  ResidentSetSize of job (KB)
...
006 (4046522.244.000) 03/15 15:26:51 Image size of job updated: 433136
	423  -  MemoryUsage of job (MB)
	432812  -  ResidentSetSize of job (KB)
...
005 (4046522.244.000) 03/15 15:30:21 Job terminated.
	(1) Normal termination (return value 0)
		Usr 0 00:16:43, Sys 0 00:01:32  -  Run Remote Usage
		Usr 0 00:00:00, Sys 0 00:00:00  -  Run Local Usage
		Usr 0 00:16:43, Sys 0 00:01:32  -  Total Remote Usage
		Usr 0 00:00:00, Sys 0 00:00:00  -  Total Local Usage
	0  -  Run Bytes Sent By Job
	0  -  Run Bytes Received By Job
	0  -  Total Bytes Sent By Job
	0  -  Total Bytes Received By Job
	Partitionable Resources :    Usage  Request Allocated
	   Cpus                 :                 1         1
	   Disk (KB)            :        1        1  28493273
	   Memory (MB)          :      423        1      4020
...
