000 (4031466.265.000) 03/13 00:00:42 Job submitted from host: <192.168.1.109:9618?addrs=192.168.1.109-9618+[--1]-9618&noUDP&sock=3153_969b_4>
...
001 (4031466.265.000) 03/13 00:01:21 Job executing on host: <192.168.1.43:9618?addrs=192.168.1.43-9618+[--1]-9618&noUDP&sock=3360_24bc_3>
...
006 (4031466.265.000) 03/13 00:01:30 Image size of job updated: 147424
	144  -  MemoryUsage of job (MB)
	147424  -  ResidentSetSize of job (KB)
...
006 (4031466.265.000) 03/13 00:06:31 Image size of job updated: 371764
	364  -  MemoryUsage of job (MB)
	371764  -  ResidentSetSize of job (KB)
...
006 (4031466.265.000) 03/13 00:11:31 Image size of job updated: 440260
	430  -  MemoryUsage of job (MB)
	440260  -  ResidentSetSize of job (KB)
...
005 (4031466.265.000) 03/13 00:51:40 Job terminated.
	(1) Normal termination (return value 0)
		Usr 0 00:12:49, Sys 0 00:01:20  -  Run Remote Usage
		Usr 0 00:00:00, Sys 0 00:00:00  -  Run Local Usage
		Usr 0 00:12:49, Sys 0 00:01:20  -  Total Remote Usage
		Usr 0 00:00:00, Sys 0 00:00:00  -  Total Local Usage
	0  -  Run Bytes Sent By Job
	0  -  Run Bytes Received By Job
	0  -  Total Bytes Sent By Job
	0  -  Total Bytes Received By Job
	Partitionable Resources :    Usage  Request Allocated
	   Cpus                 :                 1         1
	   Disk (KB)            :        1        1  20458451
	   Memory (MB)          :      430        1      4022
...
000 (4044172.265.000) 03/13 19:21:20 Job submitted from host: <192.168.1.109:9618?addrs=192.168.1.109-9618+[--1]-9618&noUDP&sock=3153_969b_4>
...
001 (4044172.265.000) 03/13 19:21:56 Job executing on host: <192.168.1.41:9618?addrs=192.168.1.41-9618+[--1]-9618&noUDP&sock=3368_a17e_3>
...
006 (4044172.265.000) 03/13 19:22:04 Image size of job updated: 63404
	62  -  MemoryUsage of job (MB)
	62944  -  ResidentSetSize of job (KB)
...
006 (4044172.265.000) 03/13 19:27:04 Image size of job updated: 164252
	161  -  MemoryUsage of job (MB)
	164252  -  ResidentSetSize of job (KB)
...
006 (4044172.265.000) 03/13 19:32:05 Image size of job updated: 325712
	319  -  MemoryUsage of job (MB)
	325712  -  ResidentSetSize of job (KB)
...
006 (4044172.265.000) 03/13 19:37:06 Image size of job updated: 326376
	319  -  MemoryUsage of job (MB)
	326376  -  ResidentSetSize of job (KB)
...
006 (4044172.265.000) 03/13 19:42:06 Image size of job updated: 326396
	319  -  MemoryUsage of job (MB)
	326396  -  ResidentSetSize of job (KB)
...
006 (4044172.265.000) 03/13 19:52:07 Image size of job updated: 326400
	319  -  MemoryUsage of job (MB)
	326400  -  ResidentSetSize of job (KB)
...
006 (4044172.265.000) 03/13 20:07:09 Image size of job updated: 326412
	319  -  MemoryUsage of job (MB)
	326412  -  ResidentSetSize of job (KB)
...
006 (4044172.265.000) 03/13 20:07:58 Image size of job updated: 790912
	319  -  MemoryUsage of job (MB)
	326412  -  ResidentSetSize of job (KB)
...
005 (4044172.265.000) 03/13 20:07:58 Job terminated.
	(1) Normal termination (return value 0)
		Usr 0 00:16:17, Sys 0 00:01:43  -  Run Remote Usage
		Usr 0 00:00:00, Sys 0 00:00:00  -  Run Local Usage
		Usr 0 00:16:17, Sys 0 00:01:43  -  Total Remote Usage
		Usr 0 00:00:00, Sys 0 00:00:00  -  Total Local Usage
	0  -  Run Bytes Sent By Job
	0  -  Run Bytes Received By Job
	0  -  Total Bytes Sent By Job
	0  -  Total Bytes Received By Job
	Partitionable Resources :    Usage  Request Allocated
	   Cpus                 :                 1         1
	   Disk (KB)            :        1        1  20458618
	   Memory (MB)          :      319        1      4022
...
000 (4046522.265.000) 03/15 14:02:18 Job submitted from host: <192.168.1.109:9618?addrs=192.168.1.109-9618+[--1]-9618&noUDP&sock=3153_969b_4>
...
001 (4046522.265.000) 03/15 15:12:52 Job executing on host: <192.168.1.62:9618?addrs=192.168.1.62-9618+[--1]-9618&noUDP&sock=2992_c8ab_24>
...
006 (4046522.265.000) 03/15 15:13:00 Image size of job updated: 430716
	344  -  MemoryUsage of job (MB)
	351408  -  ResidentSetSize of job (KB)
...
006 (4046522.265.000) 03/15 15:18:00 Image size of job updated: 436532
	426  -  MemoryUsage of job (MB)
	436048  -  ResidentSetSize of job (KB)
...
006 (4046522.265.000) 03/15 15:23:00 Image size of job updated: 436676
	426  -  MemoryUsage of job (MB)
	436192  -  ResidentSetSize of job (KB)
...
006 (4046522.265.000) 03/15 15:33:02 Image size of job updated: 452444
	441  -  MemoryUsage of job (MB)
	451316  -  ResidentSetSize of job (KB)
...
006 (4046522.265.000) 03/15 15:38:02 Image size of job updated: 475564
	463  -  MemoryUsage of job (MB)
	474044  -  ResidentSetSize of job (KB)
...
005 (4046522.265.000) 03/15 15:48:18 Job terminated.
	(1) Normal termination (return value 0)
		Usr 0 00:31:34, Sys 0 00:03:07  -  Run Remote Usage
		Usr 0 00:00:00, Sys 0 00:00:00  -  Run Local Usage
		Usr 0 00:31:34, Sys 0 00:03:07  -  Total Remote Usage
		Usr 0 00:00:00, Sys 0 00:00:00  -  Total Local Usage
	0  -  Run Bytes Sent By Job
	0  -  Run Bytes Received By Job
	0  -  Total Bytes Sent By Job
	0  -  Total Bytes Received By Job
	Partitionable Resources :    Usage  Request Allocated
	   Cpus                 :                 1         1
	   Disk (KB)            :        1        1  22663504
	   Memory (MB)          :      463        1      4001
...
