000 (4031466.595.000) 03/13 00:00:45 Job submitted from host: <192.168.1.109:9618?addrs=192.168.1.109-9618+[--1]-9618&noUDP&sock=3153_969b_4>
...
001 (4031466.595.000) 03/13 00:53:13 Job executing on host: <192.168.1.43:9618?addrs=192.168.1.43-9618+[--1]-9618&noUDP&sock=3360_24bc_3>
...
006 (4031466.595.000) 03/13 00:53:21 Image size of job updated: 379140
	327  -  MemoryUsage of job (MB)
	333904  -  ResidentSetSize of job (KB)
...
006 (4031466.595.000) 03/13 00:58:21 Image size of job updated: 483452
	427  -  MemoryUsage of job (MB)
	436948  -  ResidentSetSize of job (KB)
...
006 (4031466.595.000) 03/13 01:03:22 Image size of job updated: 483484
	427  -  MemoryUsage of job (MB)
	437124  -  ResidentSetSize of job (KB)
...
006 (4031466.595.000) 03/13 01:07:46 Image size of job updated: 516880
	427  -  MemoryUsage of job (MB)
	437124  -  ResidentSetSize of job (KB)
...
005 (4031466.595.000) 03/13 01:07:46 Job terminated.
	(1) Normal termination (return value 0)
		Usr 0 00:12:48, Sys 0 00:01:23  -  Run Remote Usage
		Usr 0 00:00:00, Sys 0 00:00:00  -  Run Local Usage
		Usr 0 00:12:48, Sys 0 00:01:23  -  Total Remote Usage
		Usr 0 00:00:00, Sys 0 00:00:00  -  Total Local Usage
	0  -  Run Bytes Sent By Job
	0  -  Run Bytes Received By Job
	0  -  Total Bytes Sent By Job
	0  -  Total Bytes Received By Job
	Partitionable Resources :    Usage  Request Allocated
	   Cpus                 :                 1         1
	   Disk (KB)            :        1        1  20458450
	   Memory (MB)          :      427        1      4022
...
000 (4044172.595.000) 03/13 19:21:23 Job submitted from host: <192.168.1.109:9618?addrs=192.168.1.109-9618+[--1]-9618&noUDP&sock=3153_969b_4>
...
001 (4044172.595.000) 03/13 19:54:03 Job executing on host: <192.168.1.61:9618?addrs=192.168.1.61-9618+[--1]-9618&noUDP&sock=3335_bd3f_11>
...
006 (4044172.595.000) 03/13 19:54:12 Image size of job updated: 215752
	178  -  MemoryUsage of job (MB)
	181332  -  ResidentSetSize of job (KB)
...
006 (4044172.595.000) 03/13 19:59:12 Image size of job updated: 470740
	426  -  MemoryUsage of job (MB)
	435500  -  ResidentSetSize of job (KB)
...
006 (4044172.595.000) 03/13 20:04:12 Image size of job updated: 485312
	440  -  MemoryUsage of job (MB)
	450072  -  ResidentSetSize of job (KB)
...
006 (4044172.595.000) 03/13 20:09:13 Image size of job updated: 510412
	465  -  MemoryUsage of job (MB)
	475172  -  ResidentSetSize of job (KB)
...
006 (4044172.595.000) 03/13 20:14:13 Image size of job updated: 510412
	465  -  MemoryUsage of job (MB)
	475176  -  ResidentSetSize of job (KB)
...
005 (4044172.595.000) 03/13 20:37:25 Job terminated.
	(1) Normal termination (return value 0)
		Usr 0 00:38:24, Sys 0 00:03:42  -  Run Remote Usage
		Usr 0 00:00:00, Sys 0 00:00:00  -  Run Local Usage
		Usr 0 00:38:24, Sys 0 00:03:42  -  Total Remote Usage
		Usr 0 00:00:00, Sys 0 00:00:00  -  Total Local Usage
	0  -  Run Bytes Sent By Job
	0  -  Run Bytes Received By Job
	0  -  Total Bytes Sent By Job
	0  -  Total Bytes Received By Job
	Partitionable Resources :    Usage  Request Allocated
	   Cpus                 :                 1         1
	   Disk (KB)            :        1        1  22662097
	   Memory (MB)          :      465        1      4001
...
000 (4046522.595.000) 03/15 14:02:21 Job submitted from host: <192.168.1.109:9618?addrs=192.168.1.109-9618+[--1]-9618&noUDP&sock=3153_969b_4>
...
001 (4046522.595.000) 03/15 15:36:38 Job executing on host: <192.168.1.39:9618?addrs=192.168.1.39-9618+[--1]-9618&noUDP&sock=3239_16fe_3>
...
006 (4046522.595.000) 03/15 15:36:47 Image size of job updated: 11168
	7  -  MemoryUsage of job (MB)
	6716  -  ResidentSetSize of job (KB)
...
006 (4046522.595.000) 03/15 15:41:48 Image size of job updated: 491856
	432  -  MemoryUsage of job (MB)
	442052  -  ResidentSetSize of job (KB)
...
006 (4046522.595.000) 03/15 15:46:48 Image size of job updated: 492840
	433  -  MemoryUsage of job (MB)
	443036  -  ResidentSetSize of job (KB)
...
006 (4046522.595.000) 03/15 15:51:48 Image size of job updated: 492956
	433  -  MemoryUsage of job (MB)
	443152  -  ResidentSetSize of job (KB)
...
005 (4046522.595.000) 03/15 15:59:58 Job terminated.
	(1) Normal termination (return value 0)
		Usr 0 00:17:14, Sys 0 00:01:58  -  Run Remote Usage
		Usr 0 00:00:00, Sys 0 00:00:00  -  Run Local Usage
		Usr 0 00:17:14, Sys 0 00:01:58  -  Total Remote Usage
		Usr 0 00:00:00, Sys 0 00:00:00  -  Total Local Usage
	0  -  Run Bytes Sent By Job
	0  -  Run Bytes Received By Job
	0  -  Total Bytes Sent By Job
	0  -  Total Bytes Received By Job
	Partitionable Resources :    Usage  Request Allocated
	   Cpus                 :                 1         1
	   Disk (KB)            :        1        1  20460460
	   Memory (MB)          :      433        1      4022
...
