000 (4031466.401.000) 03/13 00:00:44 Job submitted from host: <192.168.1.109:9618?addrs=192.168.1.109-9618+[--1]-9618&noUDP&sock=3153_969b_4>
...
001 (4031466.401.000) 03/13 00:01:26 Job executing on host: <192.168.1.65:9618?addrs=192.168.1.65-9618+[--1]-9618&noUDP&sock=3515_344b_35>
...
006 (4031466.401.000) 03/13 00:01:35 Image size of job updated: 162364
	159  -  MemoryUsage of job (MB)
	162360  -  ResidentSetSize of job (KB)
...
006 (4031466.401.000) 03/13 00:06:35 Image size of job updated: 450056
	439  -  MemoryUsage of job (MB)
	449052  -  ResidentSetSize of job (KB)
...
006 (4031466.401.000) 03/13 00:11:35 Image size of job updated: 450060
	439  -  MemoryUsage of job (MB)
	449056  -  ResidentSetSize of job (KB)
...
006 (4031466.401.000) 03/13 00:16:36 Image size of job updated: 451856
	441  -  MemoryUsage of job (MB)
	450852  -  ResidentSetSize of job (KB)
...
006 (4031466.401.000) 03/13 00:36:39 Image size of job updated: 452240
	441  -  MemoryUsage of job (MB)
	451236  -  ResidentSetSize of job (KB)
...
006 (4031466.401.000) 03/13 00:41:39 Image size of job updated: 452256
	441  -  MemoryUsage of job (MB)
	451252  -  ResidentSetSize of job (KB)
...
006 (4031466.401.000) 03/13 00:56:40 Image size of job updated: 482160
	471  -  MemoryUsage of job (MB)
	481292  -  ResidentSetSize of job (KB)
...
005 (4031466.401.000) 03/13 00:57:17 Job terminated.
	(1) Normal termination (return value 0)
		Usr 0 00:48:29, Sys 0 00:03:42  -  Run Remote Usage
		Usr 0 00:00:00, Sys 0 00:00:00  -  Run Local Usage
		Usr 0 00:48:29, Sys 0 00:03:42  -  Total Remote Usage
		Usr 0 00:00:00, Sys 0 00:00:00  -  Total Local Usage
	0  -  Run Bytes Sent By Job
	0  -  Run Bytes Received By Job
	0  -  Total Bytes Sent By Job
	0  -  Total Bytes Received By Job
	Partitionable Resources :    Usage  Request Allocated
	   Cpus                 :                 1         1
	   Disk (KB)            :        1        1  22684044
	   Memory (MB)          :      471        1      4015
...
000 (4044172.401.000) 03/13 19:21:22 Job submitted from host: <192.168.1.109:9618?addrs=192.168.1.109-9618+[--1]-9618&noUDP&sock=3153_969b_4>
...
001 (4044172.401.000) 03/13 19:22:01 Job executing on host: <192.168.1.44:9618?addrs=192.168.1.44-9618+[--1]-9618&noUDP&sock=3035_ca7b_3>
...
006 (4044172.401.000) 03/13 19:22:10 Image size of job updated: 107064
	105  -  MemoryUsage of job (MB)
	106764  -  ResidentSetSize of job (KB)
...
006 (4044172.401.000) 03/13 19:27:10 Image size of job updated: 302616
	296  -  MemoryUsage of job (MB)
	302616  -  ResidentSetSize of job (KB)
...
006 (4044172.401.000) 03/13 19:32:11 Image size of job updated: 334800
	327  -  MemoryUsage of job (MB)
	334800  -  ResidentSetSize of job (KB)
...
006 (4044172.401.000) 03/13 19:37:12 Image size of job updated: 415064
	406  -  MemoryUsage of job (MB)
	415064  -  ResidentSetSize of job (KB)
...
006 (4044172.401.000) 03/13 19:57:13 Image size of job updated: 415312
	406  -  MemoryUsage of job (MB)
	415312  -  ResidentSetSize of job (KB)
...
006 (4044172.401.000) 03/13 20:02:13 Image size of job updated: 417140
	408  -  MemoryUsage of job (MB)
	417140  -  ResidentSetSize of job (KB)
...
006 (4044172.401.000) 03/13 20:07:14 Image size of job updated: 417180
	408  -  MemoryUsage of job (MB)
	417180  -  ResidentSetSize of job (KB)
...
006 (4044172.401.000) 03/13 20:12:15 Image size of job updated: 417240
	408  -  MemoryUsage of job (MB)
	417180  -  ResidentSetSize of job (KB)
...
006 (4044172.401.000) 03/13 20:12:45 Image size of job updated: 806352
	408  -  MemoryUsage of job (MB)
	417180  -  ResidentSetSize of job (KB)
...
005 (4044172.401.000) 03/13 20:12:45 Job terminated.
	(1) Normal termination (return value 0)
		Usr 0 00:16:14, Sys 0 00:01:53  -  Run Remote Usage
		Usr 0 00:00:00, Sys 0 00:00:00  -  Run Local Usage
		Usr 0 00:16:14, Sys 0 00:01:53  -  Total Remote Usage
		Usr 0 00:00:00, Sys 0 00:00:00  -  Total Local Usage
	0  -  Run Bytes Sent By Job
	0  -  Run Bytes Received By Job
	0  -  Total Bytes Sent By Job
	0  -  Total Bytes Received By Job
	Partitionable Resources :    Usage  Request Allocated
	   Cpus                 :                 1         1
	   Disk (KB)            :        1        1  20458817
	   Memory (MB)          :      408        1      4022
...
000 (4046522.401.000) 03/15 14:02:20 Job submitted from host: <192.168.1.109:9618?addrs=192.168.1.109-9618+[--1]-9618&noUDP&sock=3153_969b_4>
...
001 (4046522.401.000) 03/15 15:26:26 Job executing on host: <192.168.1.46:9618?addrs=192.168.1.46-9618+[--1]-9618&noUDP&sock=3272_2797_3>
...
006 (4046522.401.000) 03/15 15:26:35 Image size of job updated: 393936
	351  -  MemoryUsage of job (MB)
	358872  -  ResidentSetSize of job (KB)
...
006 (4046522.401.000) 03/15 15:31:36 Image size of job updated: 439936
	430  -  MemoryUsage of job (MB)
	439568  -  ResidentSetSize of job (KB)
...
006 (4046522.401.000) 03/15 15:36:36 Image size of job updated: 441860
	431  -  MemoryUsage of job (MB)
	441288  -  ResidentSetSize of job (KB)
...
006 (4046522.401.000) 03/15 15:41:36 Image size of job updated: 442008
	432  -  MemoryUsage of job (MB)
	441972  -  ResidentSetSize of job (KB)
...
006 (4046522.401.000) 03/15 15:46:37 Image size of job updated: 442028
	432  -  MemoryUsage of job (MB)
	441992  -  ResidentSetSize of job (KB)
...
005 (4046522.401.000) 03/15 15:48:56 Job terminated.
	(1) Normal termination (return value 0)
		Usr 0 00:18:19, Sys 0 00:01:56  -  Run Remote Usage
		Usr 0 00:00:00, Sys 0 00:00:00  -  Run Local Usage
		Usr 0 00:18:19, Sys 0 00:01:56  -  Total Remote Usage
		Usr 0 00:00:00, Sys 0 00:00:00  -  Total Local Usage
	0  -  Run Bytes Sent By Job
	0  -  Run Bytes Received By Job
	0  -  Total Bytes Sent By Job
	0  -  Total Bytes Received By Job
	Partitionable Resources :    Usage  Request Allocated
	   Cpus                 :                 1         1
	   Disk (KB)            :        1        1  20459164
	   Memory (MB)          :      432        1      4022
...
