000 (4031233.119.000) 03/12 14:28:35 Job submitted from host: <192.168.1.109:9618?addrs=192.168.1.109-9618+[--1]-9618&noUDP&sock=3153_969b_4>
...
001 (4031233.119.000) 03/12 14:28:51 Job executing on host: <192.168.1.57:9618?addrs=192.168.1.57-9618+[--1]-9618&noUDP&sock=3323_d284_32>
...
006 (4031233.119.000) 03/12 14:29:00 Image size of job updated: 136968
	104  -  MemoryUsage of job (MB)
	105560  -  ResidentSetSize of job (KB)
...
006 (4031233.119.000) 03/12 14:34:01 Image size of job updated: 487252
	442  -  MemoryUsage of job (MB)
	451924  -  ResidentSetSize of job (KB)
...
006 (4031233.119.000) 03/12 14:39:02 Image size of job updated: 488172
	443  -  MemoryUsage of job (MB)
	452844  -  ResidentSetSize of job (KB)
...
006 (4031233.119.000) 03/12 14:44:02 Image size of job updated: 488188
	443  -  MemoryUsage of job (MB)
	452860  -  ResidentSetSize of job (KB)
...
004 (4031233.119.000) 03/12 14:54:07 Job was evicted.
	(0) Job was not checkpointed.
		Usr 0 00:22:47, Sys 0 00:02:06  -  Run Remote Usage
		Usr 0 00:00:00, Sys 0 00:00:00  -  Run Local Usage
	0  -  Run Bytes Sent By Job
	0  -  Run Bytes Received By Job
	Partitionable Resources :    Usage  Request Allocated
	   Cpus                 :                 1         1
	   Disk (KB)            :        1        1  22661171
	   Memory (MB)          :      443        1      4001
...
009 (4031233.119.000) 03/12 14:54:08 Job was aborted by the user.
	via condor_rm (by user routray)
...
000 (4031234.119.000) 03/12 15:03:15 Job submitted from host: <192.168.1.109:9618?addrs=192.168.1.109-9618+[--1]-9618&noUDP&sock=3153_969b_4>
...
001 (4031234.119.000) 03/12 15:03:42 Job executing on host: <192.168.1.66:9618?addrs=192.168.1.66-9618+[--1]-9618&noUDP&sock=3560_0345_33>
...
006 (4031234.119.000) 03/12 15:03:51 Image size of job updated: 210928
	193  -  MemoryUsage of job (MB)
	197536  -  ResidentSetSize of job (KB)
...
006 (4031234.119.000) 03/12 15:08:52 Image size of job updated: 450692
	440  -  MemoryUsage of job (MB)
	450492  -  ResidentSetSize of job (KB)
...
004 (4031234.119.000) 03/12 15:12:48 Job was evicted.
	(0) Job was not checkpointed.
		Usr 0 00:08:04, Sys 0 00:00:42  -  Run Remote Usage
		Usr 0 00:00:00, Sys 0 00:00:00  -  Run Local Usage
	0  -  Run Bytes Sent By Job
	0  -  Run Bytes Received By Job
	Partitionable Resources :    Usage  Request Allocated
	   Cpus                 :                 1         1
	   Disk (KB)            :        1        1  22684277
	   Memory (MB)          :      440        1      4015
...
009 (4031234.119.000) 03/12 15:12:51 Job was aborted by the user.
	via condor_rm (by user routray)
...
000 (4031235.119.000) 03/12 15:16:44 Job submitted from host: <192.168.1.109:9618?addrs=192.168.1.109-9618+[--1]-9618&noUDP&sock=3153_969b_4>
...
001 (4031235.119.000) 03/12 15:17:03 Job executing on host: <192.168.1.46:9618?addrs=192.168.1.46-9618+[--1]-9618&noUDP&sock=3272_2797_3>
...
006 (4031235.119.000) 03/12 15:17:11 Image size of job updated: 383596
	349  -  MemoryUsage of job (MB)
	357264  -  ResidentSetSize of job (KB)
...
006 (4031235.119.000) 03/12 15:22:11 Image size of job updated: 474748
	438  -  MemoryUsage of job (MB)
	448416  -  ResidentSetSize of job (KB)
...
006 (4031235.119.000) 03/12 15:27:12 Image size of job updated: 474752
	438  -  MemoryUsage of job (MB)
	448420  -  ResidentSetSize of job (KB)
...
005 (4031235.119.000) 03/12 15:30:54 Job terminated.
	(1) Normal termination (return value 0)
		Usr 0 00:12:15, Sys 0 00:01:25  -  Run Remote Usage
		Usr 0 00:00:00, Sys 0 00:00:00  -  Run Local Usage
		Usr 0 00:12:15, Sys 0 00:01:25  -  Total Remote Usage
		Usr 0 00:00:00, Sys 0 00:00:00  -  Total Local Usage
	0  -  Run Bytes Sent By Job
	0  -  Run Bytes Received By Job
	0  -  Total Bytes Sent By Job
	0  -  Total Bytes Received By Job
	Partitionable Resources :    Usage  Request Allocated
	   Cpus                 :                 1         1
	   Disk (KB)            :        1        1  20459165
	   Memory (MB)          :      438        1      4022
...
000 (4031461.119.000) 03/12 18:25:46 Job submitted from host: <192.168.1.109:9618?addrs=192.168.1.109-9618+[--1]-9618&noUDP&sock=3153_969b_4>
...
001 (4031461.119.000) 03/12 18:26:02 Job executing on host: <192.168.1.64:9618?addrs=192.168.1.64-9618+[--1]-9618&noUDP&sock=3497_7c66_22>
...
006 (4031461.119.000) 03/12 18:26:11 Image size of job updated: 343304
	331  -  MemoryUsage of job (MB)
	338644  -  ResidentSetSize of job (KB)
...
006 (4031461.119.000) 03/12 18:31:13 Image size of job updated: 442900
	428  -  MemoryUsage of job (MB)
	438216  -  ResidentSetSize of job (KB)
...
006 (4031461.119.000) 03/12 18:36:13 Image size of job updated: 442980
	429  -  MemoryUsage of job (MB)
	438296  -  ResidentSetSize of job (KB)
...
006 (4031461.119.000) 03/12 18:41:13 Image size of job updated: 482392
	467  -  MemoryUsage of job (MB)
	477708  -  ResidentSetSize of job (KB)
...
005 (4031461.119.000) 03/12 18:56:29 Job terminated.
	(1) Normal termination (return value 0)
		Usr 0 00:27:36, Sys 0 00:02:28  -  Run Remote Usage
		Usr 0 00:00:00, Sys 0 00:00:00  -  Run Local Usage
		Usr 0 00:27:36, Sys 0 00:02:28  -  Total Remote Usage
		Usr 0 00:00:00, Sys 0 00:00:00  -  Total Local Usage
	0  -  Run Bytes Sent By Job
	0  -  Run Bytes Received By Job
	0  -  Total Bytes Sent By Job
	0  -  Total Bytes Received By Job
	Partitionable Resources :    Usage  Request Allocated
	   Cpus                 :                 1         1
	   Disk (KB)            :        1        1  22685211
	   Memory (MB)          :      467        1      4015
...
000 (4031462.119.000) 03/12 20:10:16 Job submitted from host: <192.168.1.109:9618?addrs=192.168.1.109-9618+[--1]-9618&noUDP&sock=3153_969b_4>
...
001 (4031462.119.000) 03/12 20:10:43 Job executing on host: <192.168.1.64:9618?addrs=192.168.1.64-9618+[--1]-9618&noUDP&sock=3497_7c66_22>
...
006 (4031462.119.000) 03/12 20:10:52 Image size of job updated: 149988
	145  -  MemoryUsage of job (MB)
	147604  -  ResidentSetSize of job (KB)
...
006 (4031462.119.000) 03/12 20:15:53 Image size of job updated: 478172
	465  -  MemoryUsage of job (MB)
	475708  -  ResidentSetSize of job (KB)
...
006 (4031462.119.000) 03/12 20:20:53 Image size of job updated: 478364
	465  -  MemoryUsage of job (MB)
	475900  -  ResidentSetSize of job (KB)
...
006 (4031462.119.000) 03/12 20:25:54 Image size of job updated: 507220
	493  -  MemoryUsage of job (MB)
	504756  -  ResidentSetSize of job (KB)
...
006 (4031462.119.000) 03/12 20:30:55 Image size of job updated: 508200
	494  -  MemoryUsage of job (MB)
	505736  -  ResidentSetSize of job (KB)
...
005 (4031462.119.000) 03/12 20:41:06 Job terminated.
	(1) Normal termination (return value 0)
		Usr 0 00:27:30, Sys 0 00:02:24  -  Run Remote Usage
		Usr 0 00:00:00, Sys 0 00:00:00  -  Run Local Usage
		Usr 0 00:27:30, Sys 0 00:02:24  -  Total Remote Usage
		Usr 0 00:00:00, Sys 0 00:00:00  -  Total Local Usage
	0  -  Run Bytes Sent By Job
	0  -  Run Bytes Received By Job
	0  -  Total Bytes Sent By Job
	0  -  Total Bytes Received By Job
	Partitionable Resources :    Usage  Request Allocated
	   Cpus                 :                 1         1
	   Disk (KB)            :        1        1  22685211
	   Memory (MB)          :      494        1      4015
...
000 (4031463.119.000) 03/12 21:35:11 Job submitted from host: <192.168.1.109:9618?addrs=192.168.1.109-9618+[--1]-9618&noUDP&sock=3153_969b_4>
...
001 (4031463.119.000) 03/12 21:35:45 Job executing on host: <192.168.1.50:9618?addrs=192.168.1.50-9618+[--1]-9618&noUDP&sock=3247_5221_3>
...
006 (4031463.119.000) 03/12 21:35:54 Image size of job updated: 10836
	10  -  MemoryUsage of job (MB)
	9564  -  ResidentSetSize of job (KB)
...
006 (4031463.119.000) 03/12 21:40:55 Image size of job updated: 445992
	422  -  MemoryUsage of job (MB)
	431872  -  ResidentSetSize of job (KB)
...
006 (4031463.119.000) 03/12 21:45:55 Image size of job updated: 484644
	460  -  MemoryUsage of job (MB)
	470524  -  ResidentSetSize of job (KB)
...
005 (4031463.119.000) 03/12 21:48:18 Job terminated.
	(1) Normal termination (return value 0)
		Usr 0 00:10:11, Sys 0 00:01:00  -  Run Remote Usage
		Usr 0 00:00:00, Sys 0 00:00:00  -  Run Local Usage
		Usr 0 00:10:11, Sys 0 00:01:00  -  Total Remote Usage
		Usr 0 00:00:00, Sys 0 00:00:00  -  Total Local Usage
	0  -  Run Bytes Sent By Job
	0  -  Run Bytes Received By Job
	0  -  Total Bytes Sent By Job
	0  -  Total Bytes Received By Job
	Partitionable Resources :    Usage  Request Allocated
	   Cpus                 :                 1         1
	   Disk (KB)            :        1        1  28493273
	   Memory (MB)          :      460        1      4020
...
000 (4031466.119.000) 03/13 00:00:40 Job submitted from host: <192.168.1.109:9618?addrs=192.168.1.109-9618+[--1]-9618&noUDP&sock=3153_969b_4>
...
001 (4031466.119.000) 03/13 00:01:12 Job executing on host: <192.168.1.50:9618?addrs=192.168.1.50-9618+[--1]-9618&noUDP&sock=3247_5221_3>
...
006 (4031466.119.000) 03/13 00:01:21 Image size of job updated: 154544
	151  -  MemoryUsage of job (MB)
	154432  -  ResidentSetSize of job (KB)
...
006 (4031466.119.000) 03/13 00:06:22 Image size of job updated: 413052
	404  -  MemoryUsage of job (MB)
	413052  -  ResidentSetSize of job (KB)
...
006 (4031466.119.000) 03/13 00:26:24 Image size of job updated: 457860
	448  -  MemoryUsage of job (MB)
	457860  -  ResidentSetSize of job (KB)
...
005 (4031466.119.000) 03/13 00:41:53 Job terminated.
	(1) Normal termination (return value 0)
		Usr 0 00:13:48, Sys 0 00:01:22  -  Run Remote Usage
		Usr 0 00:00:00, Sys 0 00:00:00  -  Run Local Usage
		Usr 0 00:13:48, Sys 0 00:01:22  -  Total Remote Usage
		Usr 0 00:00:00, Sys 0 00:00:00  -  Total Local Usage
	0  -  Run Bytes Sent By Job
	0  -  Run Bytes Received By Job
	0  -  Total Bytes Sent By Job
	0  -  Total Bytes Received By Job
	Partitionable Resources :    Usage  Request Allocated
	   Cpus                 :                 1         1
	   Disk (KB)            :        1        1  28493273
	   Memory (MB)          :      448        1      4020
...
000 (4044172.119.000) 03/13 19:21:18 Job submitted from host: <192.168.1.109:9618?addrs=192.168.1.109-9618+[--1]-9618&noUDP&sock=3153_969b_4>
...
001 (4044172.119.000) 03/13 19:21:47 Job executing on host: <192.168.1.52:9618?addrs=192.168.1.52-9618+[--1]-9618&noUDP&sock=3327_407d_36>
...
006 (4044172.119.000) 03/13 19:21:56 Image size of job updated: 158048
	144  -  MemoryUsage of job (MB)
	147428  -  ResidentSetSize of job (KB)
...
006 (4044172.119.000) 03/13 19:26:57 Image size of job updated: 439176
	419  -  MemoryUsage of job (MB)
	428188  -  ResidentSetSize of job (KB)
...
006 (4044172.119.000) 03/13 19:31:57 Image size of job updated: 469500
	448  -  MemoryUsage of job (MB)
	458512  -  ResidentSetSize of job (KB)
...
006 (4044172.119.000) 03/13 19:41:58 Image size of job updated: 469504
	448  -  MemoryUsage of job (MB)
	458516  -  ResidentSetSize of job (KB)
...
006 (4044172.119.000) 03/13 19:46:58 Image size of job updated: 469508
	448  -  MemoryUsage of job (MB)
	458520  -  ResidentSetSize of job (KB)
...
005 (4044172.119.000) 03/13 20:10:53 Job terminated.
	(1) Normal termination (return value 0)
		Usr 0 00:42:58, Sys 0 00:04:12  -  Run Remote Usage
		Usr 0 00:00:00, Sys 0 00:00:00  -  Run Local Usage
		Usr 0 00:42:58, Sys 0 00:04:12  -  Total Remote Usage
		Usr 0 00:00:00, Sys 0 00:00:00  -  Total Local Usage
	0  -  Run Bytes Sent By Job
	0  -  Run Bytes Received By Job
	0  -  Total Bytes Sent By Job
	0  -  Total Bytes Received By Job
	Partitionable Resources :    Usage  Request Allocated
	   Cpus                 :                 1         1
	   Disk (KB)            :        1        1  22661367
	   Memory (MB)          :      448        1      4001
...
000 (4046522.119.000) 03/15 14:02:15 Job submitted from host: <192.168.1.109:9618?addrs=192.168.1.109-9618+[--1]-9618&noUDP&sock=3153_969b_4>
...
001 (4046522.119.000) 03/15 14:53:54 Job executing on host: <192.168.1.43:9618?addrs=192.168.1.43-9618+[--1]-9618&noUDP&sock=3360_24bc_3>
...
006 (4046522.119.000) 03/15 14:54:02 Image size of job updated: 409412
	323  -  MemoryUsage of job (MB)
	330340  -  ResidentSetSize of job (KB)
...
006 (4046522.119.000) 03/15 14:59:02 Image size of job updated: 415684
	406  -  MemoryUsage of job (MB)
	415264  -  ResidentSetSize of job (KB)
...
006 (4046522.119.000) 03/15 15:04:03 Image size of job updated: 416112
	406  -  MemoryUsage of job (MB)
	415544  -  ResidentSetSize of job (KB)
...
005 (4046522.119.000) 03/15 15:09:52 Job terminated.
	(1) Normal termination (return value 0)
		Usr 0 00:13:59, Sys 0 00:01:38  -  Run Remote Usage
		Usr 0 00:00:00, Sys 0 00:00:00  -  Run Local Usage
		Usr 0 00:13:59, Sys 0 00:01:38  -  Total Remote Usage
		Usr 0 00:00:00, Sys 0 00:00:00  -  Total Local Usage
	0  -  Run Bytes Sent By Job
	0  -  Run Bytes Received By Job
	0  -  Total Bytes Sent By Job
	0  -  Total Bytes Received By Job
	Partitionable Resources :    Usage  Request Allocated
	   Cpus                 :                 1         1
	   Disk (KB)            :        1        1  20458450
	   Memory (MB)          :      406        1      4022
...
000 (4046570.119.000) 03/15 18:56:24 Job submitted from host: <192.168.1.109:9618?addrs=192.168.1.109-9618+[--1]-9618&noUDP&sock=3153_969b_4>
...
001 (4046570.119.000) 03/15 18:56:40 Job executing on host: <192.168.1.41:9618?addrs=192.168.1.41-9618+[--1]-9618&noUDP&sock=3368_a17e_3>
...
006 (4046570.119.000) 03/15 18:56:49 Image size of job updated: 158448
	146  -  MemoryUsage of job (MB)
	148488  -  ResidentSetSize of job (KB)
...
006 (4046570.119.000) 03/15 19:01:50 Image size of job updated: 338096
	321  -  MemoryUsage of job (MB)
	327992  -  ResidentSetSize of job (KB)
...
006 (4046570.119.000) 03/15 19:11:50 Image size of job updated: 338096
	321  -  MemoryUsage of job (MB)
	328420  -  ResidentSetSize of job (KB)
...
006 (4046570.119.000) 03/15 19:16:51 Image size of job updated: 338096
	321  -  MemoryUsage of job (MB)
	328428  -  ResidentSetSize of job (KB)
...
005 (4046570.119.000) 03/15 19:23:13 Job terminated.
	(1) Normal termination (return value 0)
		Usr 0 00:23:03, Sys 0 00:02:07  -  Run Remote Usage
		Usr 0 00:00:00, Sys 0 00:00:00  -  Run Local Usage
		Usr 0 00:23:03, Sys 0 00:02:07  -  Total Remote Usage
		Usr 0 00:00:00, Sys 0 00:00:00  -  Total Local Usage
	0  -  Run Bytes Sent By Job
	0  -  Run Bytes Received By Job
	0  -  Total Bytes Sent By Job
	0  -  Total Bytes Received By Job
	Partitionable Resources :    Usage  Request Allocated
	   Cpus                 :                 1         1
	   Disk (KB)            :        1        1  20458618
	   Memory (MB)          :      321        1      4022
...
