000 (4031233.032.000) 03/12 14:28:34 Job submitted from host: <192.168.1.109:9618?addrs=192.168.1.109-9618+[--1]-9618&noUDP&sock=3153_969b_4>
...
001 (4031233.032.000) 03/12 14:28:47 Job executing on host: <192.168.1.51:9618?addrs=192.168.1.51-9618+[--1]-9618&noUDP&sock=3125_b25b_3>
...
006 (4031233.032.000) 03/12 14:28:56 Image size of job updated: 154700
	140  -  MemoryUsage of job (MB)
	142820  -  ResidentSetSize of job (KB)
...
006 (4031233.032.000) 03/12 14:33:57 Image size of job updated: 480776
	458  -  MemoryUsage of job (MB)
	468416  -  ResidentSetSize of job (KB)
...
006 (4031233.032.000) 03/12 14:38:58 Image size of job updated: 480780
	458  -  MemoryUsage of job (MB)
	468420  -  ResidentSetSize of job (KB)
...
005 (4031233.032.000) 03/12 14:43:36 Job terminated.
	(1) Normal termination (return value 0)
		Usr 0 00:12:55, Sys 0 00:01:16  -  Run Remote Usage
		Usr 0 00:00:00, Sys 0 00:00:00  -  Run Local Usage
		Usr 0 00:12:55, Sys 0 00:01:16  -  Total Remote Usage
		Usr 0 00:00:00, Sys 0 00:00:00  -  Total Local Usage
	0  -  Run Bytes Sent By Job
	0  -  Run Bytes Received By Job
	0  -  Total Bytes Sent By Job
	0  -  Total Bytes Received By Job
	Partitionable Resources :    Usage  Request Allocated
	   Cpus                 :                 1         1
	   Disk (KB)            :        1        1  28494198
	   Memory (MB)          :      458        1      4020
...
000 (4031234.032.000) 03/12 15:03:14 Job submitted from host: <192.168.1.109:9618?addrs=192.168.1.109-9618+[--1]-9618&noUDP&sock=3153_969b_4>
...
001 (4031234.032.000) 03/12 15:03:38 Job executing on host: <192.168.1.41:9618?addrs=192.168.1.41-9618+[--1]-9618&noUDP&sock=3368_a17e_3>
...
006 (4031234.032.000) 03/12 15:03:46 Image size of job updated: 52072
	44  -  MemoryUsage of job (MB)
	44988  -  ResidentSetSize of job (KB)
...
006 (4031234.032.000) 03/12 15:08:46 Image size of job updated: 340128
	332  -  MemoryUsage of job (MB)
	339804  -  ResidentSetSize of job (KB)
...
004 (4031234.032.000) 03/12 15:12:47 Job was evicted.
	(0) Job was not checkpointed.
		Usr 0 00:07:43, Sys 0 00:00:51  -  Run Remote Usage
		Usr 0 00:00:00, Sys 0 00:00:00  -  Run Local Usage
	0  -  Run Bytes Sent By Job
	0  -  Run Bytes Received By Job
	Partitionable Resources :    Usage  Request Allocated
	   Cpus                 :                 1         1
	   Disk (KB)            :        1        1  20458619
	   Memory (MB)          :      332        1      4022
...
009 (4031234.032.000) 03/12 15:12:50 Job was aborted by the user.
	via condor_rm (by user routray)
...
000 (4031235.032.000) 03/12 15:16:44 Job submitted from host: <192.168.1.109:9618?addrs=192.168.1.109-9618+[--1]-9618&noUDP&sock=3153_969b_4>
...
001 (4031235.032.000) 03/12 15:16:59 Job executing on host: <192.168.1.41:9618?addrs=192.168.1.41-9618+[--1]-9618&noUDP&sock=3368_a17e_3>
...
006 (4031235.032.000) 03/12 15:17:07 Image size of job updated: 164996
	161  -  MemoryUsage of job (MB)
	164252  -  ResidentSetSize of job (KB)
...
006 (4031235.032.000) 03/12 15:22:07 Image size of job updated: 340604
	332  -  MemoryUsage of job (MB)
	339860  -  ResidentSetSize of job (KB)
...
006 (4031235.032.000) 03/12 15:27:08 Image size of job updated: 340616
	332  -  MemoryUsage of job (MB)
	339872  -  ResidentSetSize of job (KB)
...
006 (4031235.032.000) 03/12 15:33:43 Image size of job updated: 827028
	332  -  MemoryUsage of job (MB)
	339872  -  ResidentSetSize of job (KB)
...
005 (4031235.032.000) 03/12 15:33:43 Job terminated.
	(1) Normal termination (return value 0)
		Usr 0 00:15:02, Sys 0 00:01:35  -  Run Remote Usage
		Usr 0 00:00:00, Sys 0 00:00:00  -  Run Local Usage
		Usr 0 00:15:02, Sys 0 00:01:35  -  Total Remote Usage
		Usr 0 00:00:00, Sys 0 00:00:00  -  Total Local Usage
	0  -  Run Bytes Sent By Job
	0  -  Run Bytes Received By Job
	0  -  Total Bytes Sent By Job
	0  -  Total Bytes Received By Job
	Partitionable Resources :    Usage  Request Allocated
	   Cpus                 :                 1         1
	   Disk (KB)            :        1        1  20458619
	   Memory (MB)          :      332        1      4022
...
000 (4031450.032.000) 03/12 16:23:12 Job submitted from host: <192.168.1.109:9618?addrs=192.168.1.109-9618+[--1]-9618&noUDP&sock=3153_969b_4>
...
001 (4031450.032.000) 03/12 16:23:37 Job executing on host: <192.168.1.45:9618?addrs=192.168.1.45-9618+[--1]-9618&noUDP&sock=3341_bd3f_3>
...
006 (4031450.032.000) 03/12 16:23:46 Image size of job updated: 162572
	151  -  MemoryUsage of job (MB)
	154428  -  ResidentSetSize of job (KB)
...
006 (4031450.032.000) 03/12 16:28:47 Image size of job updated: 443936
	426  -  MemoryUsage of job (MB)
	435540  -  ResidentSetSize of job (KB)
...
006 (4031450.032.000) 03/12 16:33:48 Image size of job updated: 444032
	426  -  MemoryUsage of job (MB)
	435636  -  ResidentSetSize of job (KB)
...
005 (4031450.032.000) 03/12 16:47:06 Job terminated.
	(1) Normal termination (return value 0)
		Usr 0 00:21:00, Sys 0 00:01:54  -  Run Remote Usage
		Usr 0 00:00:00, Sys 0 00:00:00  -  Run Local Usage
		Usr 0 00:21:00, Sys 0 00:01:54  -  Total Remote Usage
		Usr 0 00:00:00, Sys 0 00:00:00  -  Total Local Usage
	0  -  Run Bytes Sent By Job
	0  -  Run Bytes Received By Job
	0  -  Total Bytes Sent By Job
	0  -  Total Bytes Received By Job
	Partitionable Resources :    Usage  Request Allocated
	   Cpus                 :                 1         1
	   Disk (KB)            :        1        1  20460088
	   Memory (MB)          :      426        1      4022
...
000 (4031461.032.000) 03/12 18:25:46 Job submitted from host: <192.168.1.109:9618?addrs=192.168.1.109-9618+[--1]-9618&noUDP&sock=3153_969b_4>
...
001 (4031461.032.000) 03/12 18:25:59 Job executing on host: <192.168.1.45:9618?addrs=192.168.1.45-9618+[--1]-9618&noUDP&sock=3341_bd3f_3>
...
006 (4031461.032.000) 03/12 18:26:08 Image size of job updated: 92852
	90  -  MemoryUsage of job (MB)
	91740  -  ResidentSetSize of job (KB)
...
006 (4031461.032.000) 03/12 18:31:09 Image size of job updated: 454672
	443  -  MemoryUsage of job (MB)
	453536  -  ResidentSetSize of job (KB)
...
006 (4031461.032.000) 03/12 18:36:09 Image size of job updated: 454724
	443  -  MemoryUsage of job (MB)
	453588  -  ResidentSetSize of job (KB)
...
006 (4031461.032.000) 03/12 18:46:10 Image size of job updated: 454732
	443  -  MemoryUsage of job (MB)
	453596  -  ResidentSetSize of job (KB)
...
005 (4031461.032.000) 03/12 18:52:09 Job terminated.
	(1) Normal termination (return value 0)
		Usr 0 00:22:25, Sys 0 00:02:00  -  Run Remote Usage
		Usr 0 00:00:00, Sys 0 00:00:00  -  Run Local Usage
		Usr 0 00:22:25, Sys 0 00:02:00  -  Total Remote Usage
		Usr 0 00:00:00, Sys 0 00:00:00  -  Total Local Usage
	0  -  Run Bytes Sent By Job
	0  -  Run Bytes Received By Job
	0  -  Total Bytes Sent By Job
	0  -  Total Bytes Received By Job
	Partitionable Resources :    Usage  Request Allocated
	   Cpus                 :                 1         1
	   Disk (KB)            :        1        1  20460088
	   Memory (MB)          :      443        1      4022
...
000 (4031462.032.000) 03/12 20:10:16 Job submitted from host: <192.168.1.109:9618?addrs=192.168.1.109-9618+[--1]-9618&noUDP&sock=3153_969b_4>
...
001 (4031462.032.000) 03/12 20:10:41 Job executing on host: <192.168.1.45:9618?addrs=192.168.1.45-9618+[--1]-9618&noUDP&sock=3341_bd3f_3>
...
006 (4031462.032.000) 03/12 20:10:50 Image size of job updated: 148000
	144  -  MemoryUsage of job (MB)
	147228  -  ResidentSetSize of job (KB)
...
006 (4031462.032.000) 03/12 20:15:51 Image size of job updated: 416072
	406  -  MemoryUsage of job (MB)
	415292  -  ResidentSetSize of job (KB)
...
006 (4031462.032.000) 03/12 20:20:51 Image size of job updated: 417224
	407  -  MemoryUsage of job (MB)
	416444  -  ResidentSetSize of job (KB)
...
006 (4031462.032.000) 03/12 20:30:52 Image size of job updated: 417264
	407  -  MemoryUsage of job (MB)
	416484  -  ResidentSetSize of job (KB)
...
005 (4031462.032.000) 03/12 20:35:04 Job terminated.
	(1) Normal termination (return value 0)
		Usr 0 00:20:14, Sys 0 00:01:45  -  Run Remote Usage
		Usr 0 00:00:00, Sys 0 00:00:00  -  Run Local Usage
		Usr 0 00:20:14, Sys 0 00:01:45  -  Total Remote Usage
		Usr 0 00:00:00, Sys 0 00:00:00  -  Total Local Usage
	0  -  Run Bytes Sent By Job
	0  -  Run Bytes Received By Job
	0  -  Total Bytes Sent By Job
	0  -  Total Bytes Received By Job
	Partitionable Resources :    Usage  Request Allocated
	   Cpus                 :                 1         1
	   Disk (KB)            :        1        1  20460088
	   Memory (MB)          :      407        1      4022
...
000 (4031463.032.000) 03/12 21:35:08 Job submitted from host: <192.168.1.109:9618?addrs=192.168.1.109-9618+[--1]-9618&noUDP&sock=3153_969b_4>
...
001 (4031463.032.000) 03/12 21:35:43 Job executing on host: <192.168.1.45:9618?addrs=192.168.1.45-9618+[--1]-9618&noUDP&sock=3341_bd3f_3>
...
006 (4031463.032.000) 03/12 21:35:52 Image size of job updated: 5504
	6  -  MemoryUsage of job (MB)
	5464  -  ResidentSetSize of job (KB)
...
006 (4031463.032.000) 03/12 21:40:53 Image size of job updated: 451488
	426  -  MemoryUsage of job (MB)
	435772  -  ResidentSetSize of job (KB)
...
006 (4031463.032.000) 03/12 21:45:53 Image size of job updated: 451676
	426  -  MemoryUsage of job (MB)
	435960  -  ResidentSetSize of job (KB)
...
006 (4031463.032.000) 03/12 21:50:53 Image size of job updated: 452004
	427  -  MemoryUsage of job (MB)
	436272  -  ResidentSetSize of job (KB)
...
005 (4031463.032.000) 03/12 21:55:17 Job terminated.
	(1) Normal termination (return value 0)
		Usr 0 00:15:26, Sys 0 00:01:26  -  Run Remote Usage
		Usr 0 00:00:00, Sys 0 00:00:00  -  Run Local Usage
		Usr 0 00:15:26, Sys 0 00:01:26  -  Total Remote Usage
		Usr 0 00:00:00, Sys 0 00:00:00  -  Total Local Usage
	0  -  Run Bytes Sent By Job
	0  -  Run Bytes Received By Job
	0  -  Total Bytes Sent By Job
	0  -  Total Bytes Received By Job
	Partitionable Resources :    Usage  Request Allocated
	   Cpus                 :                 1         1
	   Disk (KB)            :        1        1  20460088
	   Memory (MB)          :      427        1      4022
...
000 (4031464.032.000) 03/12 22:37:43 Job submitted from host: <192.168.1.109:9618?addrs=192.168.1.109-9618+[--1]-9618&noUDP&sock=3153_969b_4>
...
001 (4031464.032.000) 03/12 22:37:49 Job executing on host: <192.168.1.45:9618?addrs=192.168.1.45-9618+[--1]-9618&noUDP&sock=3341_bd3f_3>
...
006 (4031464.032.000) 03/12 22:37:57 Image size of job updated: 68420
	62  -  MemoryUsage of job (MB)
	62952  -  ResidentSetSize of job (KB)
...
006 (4031464.032.000) 03/12 22:42:57 Image size of job updated: 430848
	414  -  MemoryUsage of job (MB)
	423440  -  ResidentSetSize of job (KB)
...
006 (4031464.032.000) 03/12 22:47:58 Image size of job updated: 430960
	414  -  MemoryUsage of job (MB)
	423552  -  ResidentSetSize of job (KB)
...
006 (4031464.032.000) 03/12 22:52:59 Image size of job updated: 430988
	414  -  MemoryUsage of job (MB)
	423580  -  ResidentSetSize of job (KB)
...
005 (4031464.032.000) 03/12 22:55:38 Job terminated.
	(1) Normal termination (return value 0)
		Usr 0 00:15:47, Sys 0 00:01:28  -  Run Remote Usage
		Usr 0 00:00:00, Sys 0 00:00:00  -  Run Local Usage
		Usr 0 00:15:47, Sys 0 00:01:28  -  Total Remote Usage
		Usr 0 00:00:00, Sys 0 00:00:00  -  Total Local Usage
	0  -  Run Bytes Sent By Job
	0  -  Run Bytes Received By Job
	0  -  Total Bytes Sent By Job
	0  -  Total Bytes Received By Job
	Partitionable Resources :    Usage  Request Allocated
	   Cpus                 :                 1         1
	   Disk (KB)            :        1        1  20460088
	   Memory (MB)          :      414        1      4022
...
000 (4031465.032.000) 03/12 23:18:12 Job submitted from host: <192.168.1.109:9618?addrs=192.168.1.109-9618+[--1]-9618&noUDP&sock=3153_969b_4>
...
001 (4031465.032.000) 03/12 23:18:17 Job executing on host: <192.168.1.45:9618?addrs=192.168.1.45-9618+[--1]-9618&noUDP&sock=3341_bd3f_3>
...
006 (4031465.032.000) 03/12 23:18:25 Image size of job updated: 111168
	109  -  MemoryUsage of job (MB)
	110964  -  ResidentSetSize of job (KB)
...
006 (4031465.032.000) 03/12 23:23:25 Image size of job updated: 433880
	424  -  MemoryUsage of job (MB)
	433664  -  ResidentSetSize of job (KB)
...
006 (4031465.032.000) 03/12 23:28:26 Image size of job updated: 433996
	424  -  MemoryUsage of job (MB)
	433780  -  ResidentSetSize of job (KB)
...
006 (4031465.032.000) 03/12 23:33:27 Image size of job updated: 434108
	424  -  MemoryUsage of job (MB)
	433892  -  ResidentSetSize of job (KB)
...
006 (4031465.032.000) 03/12 23:38:27 Image size of job updated: 434140
	424  -  MemoryUsage of job (MB)
	433924  -  ResidentSetSize of job (KB)
...
006 (4031465.032.000) 03/12 23:39:44 Image size of job updated: 796560
	424  -  MemoryUsage of job (MB)
	433924  -  ResidentSetSize of job (KB)
...
005 (4031465.032.000) 03/12 23:39:44 Job terminated.
	(1) Normal termination (return value 0)
		Usr 0 00:18:37, Sys 0 00:01:43  -  Run Remote Usage
		Usr 0 00:00:00, Sys 0 00:00:00  -  Run Local Usage
		Usr 0 00:18:37, Sys 0 00:01:43  -  Total Remote Usage
		Usr 0 00:00:00, Sys 0 00:00:00  -  Total Local Usage
	0  -  Run Bytes Sent By Job
	0  -  Run Bytes Received By Job
	0  -  Total Bytes Sent By Job
	0  -  Total Bytes Received By Job
	Partitionable Resources :    Usage  Request Allocated
	   Cpus                 :                 1         1
	   Disk (KB)            :        1        1  20460088
	   Memory (MB)          :      424        1      4022
...
000 (4031466.032.000) 03/13 00:00:40 Job submitted from host: <192.168.1.109:9618?addrs=192.168.1.109-9618+[--1]-9618&noUDP&sock=3153_969b_4>
...
001 (4031466.032.000) 03/13 00:01:10 Job executing on host: <192.168.1.45:9618?addrs=192.168.1.45-9618+[--1]-9618&noUDP&sock=3341_bd3f_3>
...
006 (4031466.032.000) 03/13 00:01:19 Image size of job updated: 120172
	114  -  MemoryUsage of job (MB)
	115716  -  ResidentSetSize of job (KB)
...
006 (4031466.032.000) 03/13 00:06:20 Image size of job updated: 372228
	364  -  MemoryUsage of job (MB)
	372228  -  ResidentSetSize of job (KB)
...
006 (4031466.032.000) 03/13 00:11:20 Image size of job updated: 455548
	445  -  MemoryUsage of job (MB)
	455548  -  ResidentSetSize of job (KB)
...
006 (4031466.032.000) 03/13 00:21:21 Image size of job updated: 455564
	445  -  MemoryUsage of job (MB)
	455564  -  ResidentSetSize of job (KB)
...
006 (4031466.032.000) 03/13 00:26:22 Image size of job updated: 455972
	446  -  MemoryUsage of job (MB)
	455972  -  ResidentSetSize of job (KB)
...
006 (4031466.032.000) 03/13 00:41:23 Image size of job updated: 455984
	446  -  MemoryUsage of job (MB)
	455984  -  ResidentSetSize of job (KB)
...
006 (4031466.032.000) 03/13 00:51:23 Image size of job updated: 455988
	446  -  MemoryUsage of job (MB)
	455988  -  ResidentSetSize of job (KB)
...
006 (4031466.032.000) 03/13 00:56:04 Image size of job updated: 578048
	446  -  MemoryUsage of job (MB)
	455988  -  ResidentSetSize of job (KB)
...
005 (4031466.032.000) 03/13 00:56:04 Job terminated.
	(1) Normal termination (return value 0)
		Usr 0 00:17:43, Sys 0 00:01:48  -  Run Remote Usage
		Usr 0 00:00:00, Sys 0 00:00:00  -  Run Local Usage
		Usr 0 00:17:43, Sys 0 00:01:48  -  Total Remote Usage
		Usr 0 00:00:00, Sys 0 00:00:00  -  Total Local Usage
	0  -  Run Bytes Sent By Job
	0  -  Run Bytes Received By Job
	0  -  Total Bytes Sent By Job
	0  -  Total Bytes Received By Job
	Partitionable Resources :    Usage  Request Allocated
	   Cpus                 :                 1         1
	   Disk (KB)            :        1        1  20460088
	   Memory (MB)          :      446        1      4022
...
000 (4044172.032.000) 03/13 19:21:17 Job submitted from host: <192.168.1.109:9618?addrs=192.168.1.109-9618+[--1]-9618&noUDP&sock=3153_969b_4>
...
001 (4044172.032.000) 03/13 19:21:45 Job executing on host: <192.168.1.45:9618?addrs=192.168.1.45-9618+[--1]-9618&noUDP&sock=3341_bd3f_3>
...
006 (4044172.032.000) 03/13 19:21:53 Image size of job updated: 165192
	144  -  MemoryUsage of job (MB)
	147188  -  ResidentSetSize of job (KB)
...
006 (4044172.032.000) 03/13 19:26:53 Image size of job updated: 394344
	368  -  MemoryUsage of job (MB)
	376000  -  ResidentSetSize of job (KB)
...
006 (4044172.032.000) 03/13 19:31:54 Image size of job updated: 474984
	446  -  MemoryUsage of job (MB)
	456640  -  ResidentSetSize of job (KB)
...
006 (4044172.032.000) 03/13 19:41:54 Image size of job updated: 475004
	446  -  MemoryUsage of job (MB)
	456660  -  ResidentSetSize of job (KB)
...
006 (4044172.032.000) 03/13 19:46:55 Image size of job updated: 477440
	449  -  MemoryUsage of job (MB)
	459096  -  ResidentSetSize of job (KB)
...
006 (4044172.032.000) 03/13 20:01:57 Image size of job updated: 477440
	449  -  MemoryUsage of job (MB)
	459108  -  ResidentSetSize of job (KB)
...
006 (4044172.032.000) 03/13 20:11:58 Image size of job updated: 579228
	566  -  MemoryUsage of job (MB)
	579144  -  ResidentSetSize of job (KB)
...
005 (4044172.032.000) 03/13 20:13:40 Job terminated.
	(1) Normal termination (return value 0)
		Usr 0 00:19:41, Sys 0 00:02:08  -  Run Remote Usage
		Usr 0 00:00:00, Sys 0 00:00:00  -  Run Local Usage
		Usr 0 00:19:41, Sys 0 00:02:08  -  Total Remote Usage
		Usr 0 00:00:00, Sys 0 00:00:00  -  Total Local Usage
	0  -  Run Bytes Sent By Job
	0  -  Run Bytes Received By Job
	0  -  Total Bytes Sent By Job
	0  -  Total Bytes Received By Job
	Partitionable Resources :    Usage  Request Allocated
	   Cpus                 :                 1         1
	   Disk (KB)            :        1        1  20460088
	   Memory (MB)          :      566        1      4022
...
000 (4044175.032.000) 03/13 20:53:38 Job submitted from host: <192.168.1.109:9618?addrs=192.168.1.109-9618+[--1]-9618&noUDP&sock=3153_969b_4>
...
001 (4044175.032.000) 03/13 20:53:55 Job executing on host: <192.168.1.42:9618?addrs=192.168.1.42-9618+[--1]-9618&noUDP&sock=3360_3385_3>
...
006 (4044175.032.000) 03/13 20:54:04 Image size of job updated: 354536
	335  -  MemoryUsage of job (MB)
	342672  -  ResidentSetSize of job (KB)
...
006 (4044175.032.000) 03/13 20:59:05 Image size of job updated: 442980
	422  -  MemoryUsage of job (MB)
	431116  -  ResidentSetSize of job (KB)
...
006 (4044175.032.000) 03/13 21:04:05 Image size of job updated: 443048
	422  -  MemoryUsage of job (MB)
	431184  -  ResidentSetSize of job (KB)
...
005 (4044175.032.000) 03/13 21:07:33 Job terminated.
	(1) Normal termination (return value 0)
		Usr 0 00:11:50, Sys 0 00:01:26  -  Run Remote Usage
		Usr 0 00:00:00, Sys 0 00:00:00  -  Run Local Usage
		Usr 0 00:11:50, Sys 0 00:01:26  -  Total Remote Usage
		Usr 0 00:00:00, Sys 0 00:00:00  -  Total Local Usage
	0  -  Run Bytes Sent By Job
	0  -  Run Bytes Received By Job
	0  -  Total Bytes Sent By Job
	0  -  Total Bytes Received By Job
	Partitionable Resources :    Usage  Request Allocated
	   Cpus                 :                 1         1
	   Disk (KB)            :        1        1  20458262
	   Memory (MB)          :      422        1      4022
...
000 (4045912.032.000) 03/14 19:19:22 Job submitted from host: <192.168.1.109:9618?addrs=192.168.1.109-9618+[--1]-9618&noUDP&sock=3153_969b_4>
...
000 (4046521.032.000) 03/15 13:40:08 Job submitted from host: <192.168.1.109:9618?addrs=192.168.1.109-9618+[--1]-9618&noUDP&sock=3153_969b_4>
...
001 (4045912.032.000) 03/15 13:56:39 Job executing on host: <192.168.1.46:9618?addrs=192.168.1.46-9618+[--1]-9618&noUDP&sock=3272_2797_3>
...
006 (4045912.032.000) 03/15 13:56:47 Image size of job updated: 349688
	327  -  MemoryUsage of job (MB)
	333944  -  ResidentSetSize of job (KB)
...
009 (4046521.032.000) 03/15 13:56:54 Job was aborted by the user.
	via condor_rm (by user routray)
...
004 (4045912.032.000) 03/15 13:57:08 Job was evicted.
	(0) Job was not checkpointed.
		Usr 0 00:00:24, Sys 0 00:00:03  -  Run Remote Usage
		Usr 0 00:00:00, Sys 0 00:00:00  -  Run Local Usage
	0  -  Run Bytes Sent By Job
	0  -  Run Bytes Received By Job
	Partitionable Resources :    Usage  Request Allocated
	   Cpus                 :                 1         1
	   Disk (KB)            :        1        1  20459164
	   Memory (MB)          :      327        1      4022
...
009 (4045912.032.000) 03/15 13:57:09 Job was aborted by the user.
	via condor_rm (by user routray)
...
000 (4046522.032.000) 03/15 14:02:15 Job submitted from host: <192.168.1.109:9618?addrs=192.168.1.109-9618+[--1]-9618&noUDP&sock=3153_969b_4>
...
001 (4046522.032.000) 03/15 14:30:40 Job executing on host: <192.168.1.42:9618?addrs=192.168.1.42-9618+[--1]-9618&noUDP&sock=3360_3385_3>
...
006 (4046522.032.000) 03/15 14:30:49 Image size of job updated: 448492
	361  -  MemoryUsage of job (MB)
	369540  -  ResidentSetSize of job (KB)
...
006 (4046522.032.000) 03/15 14:35:50 Image size of job updated: 529004
	440  -  MemoryUsage of job (MB)
	450048  -  ResidentSetSize of job (KB)
...
006 (4046522.032.000) 03/15 14:40:51 Image size of job updated: 529004
	440  -  MemoryUsage of job (MB)
	450056  -  ResidentSetSize of job (KB)
...
006 (4046522.032.000) 03/15 14:45:51 Image size of job updated: 529004
	440  -  MemoryUsage of job (MB)
	450064  -  ResidentSetSize of job (KB)
...
005 (4046522.032.000) 03/15 14:47:43 Job terminated.
	(1) Normal termination (return value 0)
		Usr 0 00:15:00, Sys 0 00:01:48  -  Run Remote Usage
		Usr 0 00:00:00, Sys 0 00:00:00  -  Run Local Usage
		Usr 0 00:15:00, Sys 0 00:01:48  -  Total Remote Usage
		Usr 0 00:00:00, Sys 0 00:00:00  -  Total Local Usage
	0  -  Run Bytes Sent By Job
	0  -  Run Bytes Received By Job
	0  -  Total Bytes Sent By Job
	0  -  Total Bytes Received By Job
	Partitionable Resources :    Usage  Request Allocated
	   Cpus                 :                 1         1
	   Disk (KB)            :        1        1  20458262
	   Memory (MB)          :      440        1      4022
...
000 (4046529.032.000) 03/15 16:30:18 Job submitted from host: <192.168.1.109:9618?addrs=192.168.1.109-9618+[--1]-9618&noUDP&sock=3153_969b_4>
...
001 (4046529.032.000) 03/15 16:30:38 Job executing on host: <192.168.1.42:9618?addrs=192.168.1.42-9618+[--1]-9618&noUDP&sock=3360_3385_3>
...
006 (4046529.032.000) 03/15 16:30:47 Image size of job updated: 210260
	196  -  MemoryUsage of job (MB)
	199900  -  ResidentSetSize of job (KB)
...
006 (4046529.032.000) 03/15 16:35:47 Image size of job updated: 449180
	429  -  MemoryUsage of job (MB)
	438572  -  ResidentSetSize of job (KB)
...
006 (4046529.032.000) 03/15 16:40:47 Image size of job updated: 449272
	429  -  MemoryUsage of job (MB)
	438664  -  ResidentSetSize of job (KB)
...
006 (4046529.032.000) 03/15 16:46:57 Image size of job updated: 450568
	429  -  MemoryUsage of job (MB)
	438664  -  ResidentSetSize of job (KB)
...
005 (4046529.032.000) 03/15 16:47:20 Job terminated.
	(1) Normal termination (return value 0)
		Usr 0 00:14:26, Sys 0 00:01:31  -  Run Remote Usage
		Usr 0 00:00:00, Sys 0 00:00:00  -  Run Local Usage
		Usr 0 00:14:26, Sys 0 00:01:31  -  Total Remote Usage
		Usr 0 00:00:00, Sys 0 00:00:00  -  Total Local Usage
	0  -  Run Bytes Sent By Job
	0  -  Run Bytes Received By Job
	0  -  Total Bytes Sent By Job
	0  -  Total Bytes Received By Job
	Partitionable Resources :    Usage  Request Allocated
	   Cpus                 :                 1         1
	   Disk (KB)            :        1        1  20458262
	   Memory (MB)          :      429        1      4022
...
000 (4046534.032.000) 03/15 17:39:02 Job submitted from host: <192.168.1.109:9618?addrs=192.168.1.109-9618+[--1]-9618&noUDP&sock=3153_969b_4>
...
001 (4046534.032.000) 03/15 17:39:17 Job executing on host: <192.168.1.45:9618?addrs=192.168.1.45-9618+[--1]-9618&noUDP&sock=3341_bd3f_3>
...
006 (4046534.032.000) 03/15 17:39:25 Image size of job updated: 203712
	199  -  MemoryUsage of job (MB)
	203700  -  ResidentSetSize of job (KB)
...
006 (4046534.032.000) 03/15 17:44:25 Image size of job updated: 421052
	412  -  MemoryUsage of job (MB)
	420908  -  ResidentSetSize of job (KB)
...
006 (4046534.032.000) 03/15 17:49:26 Image size of job updated: 421372
	412  -  MemoryUsage of job (MB)
	421240  -  ResidentSetSize of job (KB)
...
006 (4046534.032.000) 03/15 17:54:27 Image size of job updated: 421448
	412  -  MemoryUsage of job (MB)
	421316  -  ResidentSetSize of job (KB)
...
006 (4046534.032.000) 03/15 18:02:16 Image size of job updated: 421512
	412  -  MemoryUsage of job (MB)
	421316  -  ResidentSetSize of job (KB)
...
005 (4046534.032.000) 03/15 18:02:16 Job terminated.
	(1) Normal termination (return value 0)
		Usr 0 00:20:25, Sys 0 00:01:54  -  Run Remote Usage
		Usr 0 00:00:00, Sys 0 00:00:00  -  Run Local Usage
		Usr 0 00:20:25, Sys 0 00:01:54  -  Total Remote Usage
		Usr 0 00:00:00, Sys 0 00:00:00  -  Total Local Usage
	0  -  Run Bytes Sent By Job
	0  -  Run Bytes Received By Job
	0  -  Total Bytes Sent By Job
	0  -  Total Bytes Received By Job
	Partitionable Resources :    Usage  Request Allocated
	   Cpus                 :                 1         1
	   Disk (KB)            :        1        1  20460088
	   Memory (MB)          :      412        1      4022
...
000 (4046570.032.000) 03/15 18:56:23 Job submitted from host: <192.168.1.109:9618?addrs=192.168.1.109-9618+[--1]-9618&noUDP&sock=3153_969b_4>
...
001 (4046570.032.000) 03/15 18:56:37 Job executing on host: <192.168.1.41:9618?addrs=192.168.1.41-9618+[--1]-9618&noUDP&sock=3368_a17e_3>
...
006 (4046570.032.000) 03/15 18:56:45 Image size of job updated: 147284
	144  -  MemoryUsage of job (MB)
	147232  -  ResidentSetSize of job (KB)
...
006 (4046570.032.000) 03/15 19:01:45 Image size of job updated: 329604
	322  -  MemoryUsage of job (MB)
	329552  -  ResidentSetSize of job (KB)
...
006 (4046570.032.000) 03/15 19:11:46 Image size of job updated: 331128
	324  -  MemoryUsage of job (MB)
	331060  -  ResidentSetSize of job (KB)
...
006 (4046570.032.000) 03/15 19:16:46 Image size of job updated: 331160
	324  -  MemoryUsage of job (MB)
	331092  -  ResidentSetSize of job (KB)
...
006 (4046570.032.000) 03/15 19:20:18 Image size of job updated: 782252
	324  -  MemoryUsage of job (MB)
	331092  -  ResidentSetSize of job (KB)
...
005 (4046570.032.000) 03/15 19:20:19 Job terminated.
	(1) Normal termination (return value 0)
		Usr 0 00:20:29, Sys 0 00:01:57  -  Run Remote Usage
		Usr 0 00:00:00, Sys 0 00:00:00  -  Run Local Usage
		Usr 0 00:20:29, Sys 0 00:01:57  -  Total Remote Usage
		Usr 0 00:00:00, Sys 0 00:00:00  -  Total Local Usage
	0  -  Run Bytes Sent By Job
	0  -  Run Bytes Received By Job
	0  -  Total Bytes Sent By Job
	0  -  Total Bytes Received By Job
	Partitionable Resources :    Usage  Request Allocated
	   Cpus                 :                 1         1
	   Disk (KB)            :        1        1  20458618
	   Memory (MB)          :      324        1      4022
...
