000 (4031466.399.000) 03/13 00:00:43 Job submitted from host: <192.168.1.109:9618?addrs=192.168.1.109-9618+[--1]-9618&noUDP&sock=3153_969b_4>
...
001 (4031466.399.000) 03/13 00:01:26 Job executing on host: <192.168.1.43:9618?addrs=192.168.1.43-9618+[--1]-9618&noUDP&sock=3360_24bc_3>
...
006 (4031466.399.000) 03/13 00:01:35 Image size of job updated: 48252
	44  -  MemoryUsage of job (MB)
	44980  -  ResidentSetSize of job (KB)
...
006 (4031466.399.000) 03/13 00:06:35 Image size of job updated: 338300
	330  -  MemoryUsage of job (MB)
	337680  -  ResidentSetSize of job (KB)
...
006 (4031466.399.000) 03/13 00:11:36 Image size of job updated: 421120
	411  -  MemoryUsage of job (MB)
	420500  -  ResidentSetSize of job (KB)
...
006 (4031466.399.000) 03/13 00:16:37 Image size of job updated: 422096
	412  -  MemoryUsage of job (MB)
	421476  -  ResidentSetSize of job (KB)
...
005 (4031466.399.000) 03/13 00:52:09 Job terminated.
	(1) Normal termination (return value 0)
		Usr 0 00:12:55, Sys 0 00:01:23  -  Run Remote Usage
		Usr 0 00:00:00, Sys 0 00:00:00  -  Run Local Usage
		Usr 0 00:12:55, Sys 0 00:01:23  -  Total Remote Usage
		Usr 0 00:00:00, Sys 0 00:00:00  -  Total Local Usage
	0  -  Run Bytes Sent By Job
	0  -  Run Bytes Received By Job
	0  -  Total Bytes Sent By Job
	0  -  Total Bytes Received By Job
	Partitionable Resources :    Usage  Request Allocated
	   Cpus                 :                 1         1
	   Disk (KB)            :        1        1  20458450
	   Memory (MB)          :      412        1      4022
...
000 (4044172.399.000) 03/13 19:21:22 Job submitted from host: <192.168.1.109:9618?addrs=192.168.1.109-9618+[--1]-9618&noUDP&sock=3153_969b_4>
...
001 (4044172.399.000) 03/13 19:22:02 Job executing on host: <192.168.1.44:9618?addrs=192.168.1.44-9618+[--1]-9618&noUDP&sock=3035_ca7b_3>
...
006 (4044172.399.000) 03/13 19:22:11 Image size of job updated: 111112
	109  -  MemoryUsage of job (MB)
	110960  -  ResidentSetSize of job (KB)
...
006 (4044172.399.000) 03/13 19:27:12 Image size of job updated: 221468
	217  -  MemoryUsage of job (MB)
	221468  -  ResidentSetSize of job (KB)
...
006 (4044172.399.000) 03/13 19:32:12 Image size of job updated: 349808
	342  -  MemoryUsage of job (MB)
	349808  -  ResidentSetSize of job (KB)
...
006 (4044172.399.000) 03/13 19:37:12 Image size of job updated: 350116
	342  -  MemoryUsage of job (MB)
	350116  -  ResidentSetSize of job (KB)
...
006 (4044172.399.000) 03/13 19:42:13 Image size of job updated: 350212
	343  -  MemoryUsage of job (MB)
	350212  -  ResidentSetSize of job (KB)
...
006 (4044172.399.000) 03/13 19:47:13 Image size of job updated: 350224
	343  -  MemoryUsage of job (MB)
	350224  -  ResidentSetSize of job (KB)
...
006 (4044172.399.000) 03/13 19:52:13 Image size of job updated: 350232
	343  -  MemoryUsage of job (MB)
	350232  -  ResidentSetSize of job (KB)
...
006 (4044172.399.000) 03/13 19:57:14 Image size of job updated: 350312
	343  -  MemoryUsage of job (MB)
	350312  -  ResidentSetSize of job (KB)
...
006 (4044172.399.000) 03/13 20:02:15 Image size of job updated: 350316
	343  -  MemoryUsage of job (MB)
	350316  -  ResidentSetSize of job (KB)
...
006 (4044172.399.000) 03/13 20:10:53 Image size of job updated: 350348
	343  -  MemoryUsage of job (MB)
	350316  -  ResidentSetSize of job (KB)
...
005 (4044172.399.000) 03/13 20:10:53 Job terminated.
	(1) Normal termination (return value 0)
		Usr 0 00:15:07, Sys 0 00:01:47  -  Run Remote Usage
		Usr 0 00:00:00, Sys 0 00:00:00  -  Run Local Usage
		Usr 0 00:15:07, Sys 0 00:01:47  -  Total Remote Usage
		Usr 0 00:00:00, Sys 0 00:00:00  -  Total Local Usage
	0  -  Run Bytes Sent By Job
	0  -  Run Bytes Received By Job
	0  -  Total Bytes Sent By Job
	0  -  Total Bytes Received By Job
	Partitionable Resources :    Usage  Request Allocated
	   Cpus                 :                 1         1
	   Disk (KB)            :        1        1  20458817
	   Memory (MB)          :      343        1      4022
...
000 (4046522.399.000) 03/15 14:02:20 Job submitted from host: <192.168.1.109:9618?addrs=192.168.1.109-9618+[--1]-9618&noUDP&sock=3153_969b_4>
...
001 (4046522.399.000) 03/15 15:26:07 Job executing on host: <192.168.1.49:9618?addrs=192.168.1.49-9618+[--1]-9618&noUDP&sock=3240_e427_3>
...
006 (4046522.399.000) 03/15 15:26:15 Image size of job updated: 412692
	326  -  MemoryUsage of job (MB)
	333668  -  ResidentSetSize of job (KB)
...
006 (4046522.399.000) 03/15 15:31:15 Image size of job updated: 421752
	412  -  MemoryUsage of job (MB)
	421664  -  ResidentSetSize of job (KB)
...
006 (4046522.399.000) 03/15 15:36:16 Image size of job updated: 421828
	412  -  MemoryUsage of job (MB)
	421708  -  ResidentSetSize of job (KB)
...
006 (4046522.399.000) 03/15 15:41:17 Image size of job updated: 421828
	412  -  MemoryUsage of job (MB)
	421724  -  ResidentSetSize of job (KB)
...
005 (4046522.399.000) 03/15 15:48:48 Job terminated.
	(1) Normal termination (return value 0)
		Usr 0 00:18:55, Sys 0 00:01:54  -  Run Remote Usage
		Usr 0 00:00:00, Sys 0 00:00:00  -  Run Local Usage
		Usr 0 00:18:55, Sys 0 00:01:54  -  Total Remote Usage
		Usr 0 00:00:00, Sys 0 00:00:00  -  Total Local Usage
	0  -  Run Bytes Sent By Job
	0  -  Run Bytes Received By Job
	0  -  Total Bytes Sent By Job
	0  -  Total Bytes Received By Job
	Partitionable Resources :    Usage  Request Allocated
	   Cpus                 :                 1         1
	   Disk (KB)            :        1        1  28491601
	   Memory (MB)          :      412        1      4020
...
