000 (4031466.512.000) 03/13 00:00:44 Job submitted from host: <192.168.1.109:9618?addrs=192.168.1.109-9618+[--1]-9618&noUDP&sock=3153_969b_4>
...
001 (4031466.512.000) 03/13 00:01:31 Job executing on host: <192.168.1.50:9618?addrs=192.168.1.50-9618+[--1]-9618&noUDP&sock=3247_5221_3>
...
006 (4031466.512.000) 03/13 00:01:40 Image size of job updated: 1540
	2  -  MemoryUsage of job (MB)
	1540  -  ResidentSetSize of job (KB)
...
006 (4031466.512.000) 03/13 00:06:40 Image size of job updated: 338256
	331  -  MemoryUsage of job (MB)
	338256  -  ResidentSetSize of job (KB)
...
006 (4031466.512.000) 03/13 00:11:41 Image size of job updated: 425904
	416  -  MemoryUsage of job (MB)
	425904  -  ResidentSetSize of job (KB)
...
006 (4031466.512.000) 03/13 00:16:42 Image size of job updated: 426088
	417  -  MemoryUsage of job (MB)
	426088  -  ResidentSetSize of job (KB)
...
006 (4031466.512.000) 03/13 00:26:42 Image size of job updated: 426236
	417  -  MemoryUsage of job (MB)
	426236  -  ResidentSetSize of job (KB)
...
006 (4031466.512.000) 03/13 00:31:43 Image size of job updated: 426576
	417  -  MemoryUsage of job (MB)
	426576  -  ResidentSetSize of job (KB)
...
006 (4031466.512.000) 03/13 00:41:44 Image size of job updated: 426584
	417  -  MemoryUsage of job (MB)
	426584  -  ResidentSetSize of job (KB)
...
006 (4031466.512.000) 03/13 00:43:07 Image size of job updated: 426604
	417  -  MemoryUsage of job (MB)
	426584  -  ResidentSetSize of job (KB)
...
005 (4031466.512.000) 03/13 00:43:07 Job terminated.
	(1) Normal termination (return value 0)
		Usr 0 00:13:12, Sys 0 00:01:16  -  Run Remote Usage
		Usr 0 00:00:00, Sys 0 00:00:00  -  Run Local Usage
		Usr 0 00:13:12, Sys 0 00:01:16  -  Total Remote Usage
		Usr 0 00:00:00, Sys 0 00:00:00  -  Total Local Usage
	0  -  Run Bytes Sent By Job
	0  -  Run Bytes Received By Job
	0  -  Total Bytes Sent By Job
	0  -  Total Bytes Received By Job
	Partitionable Resources :    Usage  Request Allocated
	   Cpus                 :                 1         1
	   Disk (KB)            :        1        1  28493273
	   Memory (MB)          :      417        1      4020
...
000 (4044172.512.000) 03/13 19:21:23 Job submitted from host: <192.168.1.109:9618?addrs=192.168.1.109-9618+[--1]-9618&noUDP&sock=3153_969b_4>
...
001 (4044172.512.000) 03/13 19:22:04 Job executing on host: <192.168.1.39:9618?addrs=192.168.1.39-9618+[--1]-9618&noUDP&sock=3239_16fe_3>
...
006 (4044172.512.000) 03/13 19:22:13 Image size of job updated: 76912
	70  -  MemoryUsage of job (MB)
	71656  -  ResidentSetSize of job (KB)
...
006 (4044172.512.000) 03/13 19:27:14 Image size of job updated: 343228
	336  -  MemoryUsage of job (MB)
	343228  -  ResidentSetSize of job (KB)
...
006 (4044172.512.000) 03/13 19:32:15 Image size of job updated: 433600
	424  -  MemoryUsage of job (MB)
	433600  -  ResidentSetSize of job (KB)
...
006 (4044172.512.000) 03/13 19:37:15 Image size of job updated: 433704
	424  -  MemoryUsage of job (MB)
	433704  -  ResidentSetSize of job (KB)
...
006 (4044172.512.000) 03/13 19:42:16 Image size of job updated: 434088
	424  -  MemoryUsage of job (MB)
	434088  -  ResidentSetSize of job (KB)
...
006 (4044172.512.000) 03/13 19:52:17 Image size of job updated: 434624
	425  -  MemoryUsage of job (MB)
	434624  -  ResidentSetSize of job (KB)
...
006 (4044172.512.000) 03/13 19:57:17 Image size of job updated: 434696
	425  -  MemoryUsage of job (MB)
	434696  -  ResidentSetSize of job (KB)
...
006 (4044172.512.000) 03/13 20:07:18 Image size of job updated: 434700
	425  -  MemoryUsage of job (MB)
	434700  -  ResidentSetSize of job (KB)
...
005 (4044172.512.000) 03/13 20:09:29 Job terminated.
	(1) Normal termination (return value 0)
		Usr 0 00:15:11, Sys 0 00:01:40  -  Run Remote Usage
		Usr 0 00:00:00, Sys 0 00:00:00  -  Run Local Usage
		Usr 0 00:15:11, Sys 0 00:01:40  -  Total Remote Usage
		Usr 0 00:00:00, Sys 0 00:00:00  -  Total Local Usage
	0  -  Run Bytes Sent By Job
	0  -  Run Bytes Received By Job
	0  -  Total Bytes Sent By Job
	0  -  Total Bytes Received By Job
	Partitionable Resources :    Usage  Request Allocated
	   Cpus                 :                 1         1
	   Disk (KB)            :        1        1  20460459
	   Memory (MB)          :      425        1      4022
...
000 (4046522.512.000) 03/15 14:02:21 Job submitted from host: <192.168.1.109:9618?addrs=192.168.1.109-9618+[--1]-9618&noUDP&sock=3153_969b_4>
...
001 (4046522.512.000) 03/15 15:33:14 Job executing on host: <192.168.1.51:9618?addrs=192.168.1.51-9618+[--1]-9618&noUDP&sock=3125_b25b_3>
...
006 (4046522.512.000) 03/15 15:33:22 Image size of job updated: 423848
	337  -  MemoryUsage of job (MB)
	344820  -  ResidentSetSize of job (KB)
...
006 (4046522.512.000) 03/15 15:38:22 Image size of job updated: 429936
	420  -  MemoryUsage of job (MB)
	429636  -  ResidentSetSize of job (KB)
...
006 (4046522.512.000) 03/15 15:43:23 Image size of job updated: 430516
	421  -  MemoryUsage of job (MB)
	430216  -  ResidentSetSize of job (KB)
...
006 (4046522.512.000) 03/15 15:48:23 Image size of job updated: 430964
	421  -  MemoryUsage of job (MB)
	430664  -  ResidentSetSize of job (KB)
...
005 (4046522.512.000) 03/15 15:52:41 Job terminated.
	(1) Normal termination (return value 0)
		Usr 0 00:15:33, Sys 0 00:01:37  -  Run Remote Usage
		Usr 0 00:00:00, Sys 0 00:00:00  -  Run Local Usage
		Usr 0 00:15:33, Sys 0 00:01:37  -  Total Remote Usage
		Usr 0 00:00:00, Sys 0 00:00:00  -  Total Local Usage
	0  -  Run Bytes Sent By Job
	0  -  Run Bytes Received By Job
	0  -  Total Bytes Sent By Job
	0  -  Total Bytes Received By Job
	Partitionable Resources :    Usage  Request Allocated
	   Cpus                 :                 1         1
	   Disk (KB)            :        1        1  28494197
	   Memory (MB)          :      421        1      4020
...
