000 (4031466.253.000) 03/13 00:00:42 Job submitted from host: <192.168.1.109:9618?addrs=192.168.1.109-9618+[--1]-9618&noUDP&sock=3153_969b_4>
...
001 (4031466.253.000) 03/13 00:01:21 Job executing on host: <192.168.1.41:9618?addrs=192.168.1.41-9618+[--1]-9618&noUDP&sock=3368_a17e_3>
...
006 (4031466.253.000) 03/13 00:01:30 Image size of job updated: 147512
	145  -  MemoryUsage of job (MB)
	147512  -  ResidentSetSize of job (KB)
...
006 (4031466.253.000) 03/13 00:06:31 Image size of job updated: 335868
	328  -  MemoryUsage of job (MB)
	335824  -  ResidentSetSize of job (KB)
...
006 (4031466.253.000) 03/13 00:11:31 Image size of job updated: 420448
	411  -  MemoryUsage of job (MB)
	420404  -  ResidentSetSize of job (KB)
...
006 (4031466.253.000) 03/13 00:21:32 Image size of job updated: 420844
	411  -  MemoryUsage of job (MB)
	420800  -  ResidentSetSize of job (KB)
...
006 (4031466.253.000) 03/13 00:26:33 Image size of job updated: 420904
	411  -  MemoryUsage of job (MB)
	420860  -  ResidentSetSize of job (KB)
...
006 (4031466.253.000) 03/13 00:31:33 Image size of job updated: 420912
	412  -  MemoryUsage of job (MB)
	420868  -  ResidentSetSize of job (KB)
...
006 (4031466.253.000) 03/13 00:42:44 Image size of job updated: 421004
	412  -  MemoryUsage of job (MB)
	420868  -  ResidentSetSize of job (KB)
...
005 (4031466.253.000) 03/13 00:42:44 Job terminated.
	(1) Normal termination (return value 0)
		Usr 0 00:08:51, Sys 0 00:00:52  -  Run Remote Usage
		Usr 0 00:00:00, Sys 0 00:00:00  -  Run Local Usage
		Usr 0 00:08:51, Sys 0 00:00:52  -  Total Remote Usage
		Usr 0 00:00:00, Sys 0 00:00:00  -  Total Local Usage
	0  -  Run Bytes Sent By Job
	0  -  Run Bytes Received By Job
	0  -  Total Bytes Sent By Job
	0  -  Total Bytes Received By Job
	Partitionable Resources :    Usage  Request Allocated
	   Cpus                 :                 1         1
	   Disk (KB)            :        1        1  20458618
	   Memory (MB)          :      412        1      4022
...
000 (4044172.253.000) 03/13 19:21:20 Job submitted from host: <192.168.1.109:9618?addrs=192.168.1.109-9618+[--1]-9618&noUDP&sock=3153_969b_4>
...
001 (4044172.253.000) 03/13 19:21:55 Job executing on host: <192.168.1.42:9618?addrs=192.168.1.42-9618+[--1]-9618&noUDP&sock=3360_3385_3>
...
006 (4044172.253.000) 03/13 19:22:03 Image size of job updated: 130780
	123  -  MemoryUsage of job (MB)
	125376  -  ResidentSetSize of job (KB)
...
006 (4044172.253.000) 03/13 19:27:03 Image size of job updated: 359912
	352  -  MemoryUsage of job (MB)
	359860  -  ResidentSetSize of job (KB)
...
006 (4044172.253.000) 03/13 19:32:04 Image size of job updated: 422992
	414  -  MemoryUsage of job (MB)
	422940  -  ResidentSetSize of job (KB)
...
006 (4044172.253.000) 03/13 19:42:04 Image size of job updated: 423048
	414  -  MemoryUsage of job (MB)
	422996  -  ResidentSetSize of job (KB)
...
006 (4044172.253.000) 03/13 19:47:05 Image size of job updated: 423052
	414  -  MemoryUsage of job (MB)
	423000  -  ResidentSetSize of job (KB)
...
006 (4044172.253.000) 03/13 19:52:06 Image size of job updated: 423232
	414  -  MemoryUsage of job (MB)
	423000  -  ResidentSetSize of job (KB)
...
005 (4044172.253.000) 03/13 19:59:32 Job terminated.
	(1) Normal termination (return value 0)
		Usr 0 00:09:42, Sys 0 00:01:12  -  Run Remote Usage
		Usr 0 00:00:00, Sys 0 00:00:00  -  Run Local Usage
		Usr 0 00:09:42, Sys 0 00:01:12  -  Total Remote Usage
		Usr 0 00:00:00, Sys 0 00:00:00  -  Total Local Usage
	0  -  Run Bytes Sent By Job
	0  -  Run Bytes Received By Job
	0  -  Total Bytes Sent By Job
	0  -  Total Bytes Received By Job
	Partitionable Resources :    Usage  Request Allocated
	   Cpus                 :                 1         1
	   Disk (KB)            :        1        1  20458262
	   Memory (MB)          :      414        1      4022
...
000 (4046522.253.000) 03/15 14:02:18 Job submitted from host: <192.168.1.109:9618?addrs=192.168.1.109-9618+[--1]-9618&noUDP&sock=3153_969b_4>
...
001 (4046522.253.000) 03/15 15:11:53 Job executing on host: <192.168.1.47:9618?addrs=192.168.1.47-9618+[--1]-9618&noUDP&sock=3245_a288_3>
...
006 (4046522.253.000) 03/15 15:12:01 Image size of job updated: 418044
	331  -  MemoryUsage of job (MB)
	338936  -  ResidentSetSize of job (KB)
...
006 (4046522.253.000) 03/15 15:17:01 Image size of job updated: 422564
	413  -  MemoryUsage of job (MB)
	422452  -  ResidentSetSize of job (KB)
...
006 (4046522.253.000) 03/15 15:22:02 Image size of job updated: 423004
	413  -  MemoryUsage of job (MB)
	422540  -  ResidentSetSize of job (KB)
...
006 (4046522.253.000) 03/15 15:27:24 Image size of job updated: 783500
	413  -  MemoryUsage of job (MB)
	422540  -  ResidentSetSize of job (KB)
...
005 (4046522.253.000) 03/15 15:27:24 Job terminated.
	(1) Normal termination (return value 0)
		Usr 0 00:13:52, Sys 0 00:01:16  -  Run Remote Usage
		Usr 0 00:00:00, Sys 0 00:00:00  -  Run Local Usage
		Usr 0 00:13:52, Sys 0 00:01:16  -  Total Remote Usage
		Usr 0 00:00:00, Sys 0 00:00:00  -  Total Local Usage
	0  -  Run Bytes Sent By Job
	0  -  Run Bytes Received By Job
	0  -  Total Bytes Sent By Job
	0  -  Total Bytes Received By Job
	Partitionable Resources :    Usage  Request Allocated
	   Cpus                 :                 1         1
	   Disk (KB)            :        1        1  28493856
	   Memory (MB)          :      413        1      4020
...
