000 (4031233.098.000) 03/12 14:28:35 Job submitted from host: <192.168.1.109:9618?addrs=192.168.1.109-9618+[--1]-9618&noUDP&sock=3153_969b_4>
...
001 (4031233.098.000) 03/12 14:28:50 Job executing on host: <192.168.1.64:9618?addrs=192.168.1.64-9618+[--1]-9618&noUDP&sock=3497_7c66_22>
...
006 (4031233.098.000) 03/12 14:28:59 Image size of job updated: 10496
	10  -  MemoryUsage of job (MB)
	9624  -  ResidentSetSize of job (KB)
...
006 (4031233.098.000) 03/12 14:34:00 Image size of job updated: 437624
	423  -  MemoryUsage of job (MB)
	432884  -  ResidentSetSize of job (KB)
...
006 (4031233.098.000) 03/12 14:39:00 Image size of job updated: 439052
	425  -  MemoryUsage of job (MB)
	434312  -  ResidentSetSize of job (KB)
...
004 (4031233.098.000) 03/12 14:54:07 Job was evicted.
	(0) Job was not checkpointed.
		Usr 0 00:22:41, Sys 0 00:01:58  -  Run Remote Usage
		Usr 0 00:00:00, Sys 0 00:00:00  -  Run Local Usage
	0  -  Run Bytes Sent By Job
	0  -  Run Bytes Received By Job
	Partitionable Resources :    Usage  Request Allocated
	   Cpus                 :                 1         1
	   Disk (KB)            :        1        1  22685211
	   Memory (MB)          :      425        1      4015
...
009 (4031233.098.000) 03/12 14:54:09 Job was aborted by the user.
	via condor_rm (by user routray)
...
000 (4031234.098.000) 03/12 15:03:14 Job submitted from host: <192.168.1.109:9618?addrs=192.168.1.109-9618+[--1]-9618&noUDP&sock=3153_969b_4>
...
001 (4031234.098.000) 03/12 15:03:41 Job executing on host: <192.168.1.65:9618?addrs=192.168.1.65-9618+[--1]-9618&noUDP&sock=3515_344b_35>
...
006 (4031234.098.000) 03/12 15:03:50 Image size of job updated: 149856
	145  -  MemoryUsage of job (MB)
	147864  -  ResidentSetSize of job (KB)
...
006 (4031234.098.000) 03/12 15:08:51 Image size of job updated: 443372
	433  -  MemoryUsage of job (MB)
	443272  -  ResidentSetSize of job (KB)
...
006 (4031234.098.000) 03/12 15:12:47 Image size of job updated: 788964
	433  -  MemoryUsage of job (MB)
	443272  -  ResidentSetSize of job (KB)
...
004 (4031234.098.000) 03/12 15:12:48 Job was evicted.
	(0) Job was not checkpointed.
		Usr 0 00:08:01, Sys 0 00:00:42  -  Run Remote Usage
		Usr 0 00:00:00, Sys 0 00:00:00  -  Run Local Usage
	0  -  Run Bytes Sent By Job
	0  -  Run Bytes Received By Job
	Partitionable Resources :    Usage  Request Allocated
	   Cpus                 :                 1         1
	   Disk (KB)            :        1        1  22684044
	   Memory (MB)          :      433        1      4015
...
009 (4031234.098.000) 03/12 15:12:51 Job was aborted by the user.
	via condor_rm (by user routray)
...
000 (4031235.098.000) 03/12 15:16:44 Job submitted from host: <192.168.1.109:9618?addrs=192.168.1.109-9618+[--1]-9618&noUDP&sock=3153_969b_4>
...
001 (4031235.098.000) 03/12 15:17:02 Job executing on host: <192.168.1.65:9618?addrs=192.168.1.65-9618+[--1]-9618&noUDP&sock=3515_344b_35>
...
006 (4031235.098.000) 03/12 15:17:11 Image size of job updated: 347448
	334  -  MemoryUsage of job (MB)
	341400  -  ResidentSetSize of job (KB)
...
006 (4031235.098.000) 03/12 15:22:12 Image size of job updated: 438876
	423  -  MemoryUsage of job (MB)
	432828  -  ResidentSetSize of job (KB)
...
006 (4031235.098.000) 03/12 15:37:13 Image size of job updated: 475496
	459  -  MemoryUsage of job (MB)
	469448  -  ResidentSetSize of job (KB)
...
005 (4031235.098.000) 03/12 15:50:41 Job terminated.
	(1) Normal termination (return value 0)
		Usr 0 00:30:48, Sys 0 00:02:40  -  Run Remote Usage
		Usr 0 00:00:00, Sys 0 00:00:00  -  Run Local Usage
		Usr 0 00:30:48, Sys 0 00:02:40  -  Total Remote Usage
		Usr 0 00:00:00, Sys 0 00:00:00  -  Total Local Usage
	0  -  Run Bytes Sent By Job
	0  -  Run Bytes Received By Job
	0  -  Total Bytes Sent By Job
	0  -  Total Bytes Received By Job
	Partitionable Resources :    Usage  Request Allocated
	   Cpus                 :                 1         1
	   Disk (KB)            :        1        1  22684044
	   Memory (MB)          :      459        1      4015
...
000 (4031461.098.000) 03/12 18:25:46 Job submitted from host: <192.168.1.109:9618?addrs=192.168.1.109-9618+[--1]-9618&noUDP&sock=3153_969b_4>
...
001 (4031461.098.000) 03/12 18:26:01 Job executing on host: <192.168.1.65:9618?addrs=192.168.1.65-9618+[--1]-9618&noUDP&sock=3515_344b_35>
...
006 (4031461.098.000) 03/12 18:26:10 Image size of job updated: 151524
	145  -  MemoryUsage of job (MB)
	147588  -  ResidentSetSize of job (KB)
...
006 (4031461.098.000) 03/12 18:31:11 Image size of job updated: 407716
	394  -  MemoryUsage of job (MB)
	403228  -  ResidentSetSize of job (KB)
...
006 (4031461.098.000) 03/12 18:36:11 Image size of job updated: 408960
	395  -  MemoryUsage of job (MB)
	404472  -  ResidentSetSize of job (KB)
...
006 (4031461.098.000) 03/12 18:46:13 Image size of job updated: 408964
	395  -  MemoryUsage of job (MB)
	404476  -  ResidentSetSize of job (KB)
...
006 (4031461.098.000) 03/12 18:51:13 Image size of job updated: 447784
	433  -  MemoryUsage of job (MB)
	443296  -  ResidentSetSize of job (KB)
...
005 (4031461.098.000) 03/12 18:57:49 Job terminated.
	(1) Normal termination (return value 0)
		Usr 0 00:28:34, Sys 0 00:02:44  -  Run Remote Usage
		Usr 0 00:00:00, Sys 0 00:00:00  -  Run Local Usage
		Usr 0 00:28:34, Sys 0 00:02:44  -  Total Remote Usage
		Usr 0 00:00:00, Sys 0 00:00:00  -  Total Local Usage
	0  -  Run Bytes Sent By Job
	0  -  Run Bytes Received By Job
	0  -  Total Bytes Sent By Job
	0  -  Total Bytes Received By Job
	Partitionable Resources :    Usage  Request Allocated
	   Cpus                 :                 1         1
	   Disk (KB)            :        1        1  22684044
	   Memory (MB)          :      433        1      4015
...
000 (4031462.098.000) 03/12 20:10:16 Job submitted from host: <192.168.1.109:9618?addrs=192.168.1.109-9618+[--1]-9618&noUDP&sock=3153_969b_4>
...
001 (4031462.098.000) 03/12 20:10:42 Job executing on host: <192.168.1.43:9618?addrs=192.168.1.43-9618+[--1]-9618&noUDP&sock=3360_24bc_3>
...
006 (4031462.098.000) 03/12 20:10:51 Image size of job updated: 98208
	90  -  MemoryUsage of job (MB)
	91332  -  ResidentSetSize of job (KB)
...
006 (4031462.098.000) 03/12 20:15:51 Image size of job updated: 403644
	386  -  MemoryUsage of job (MB)
	395056  -  ResidentSetSize of job (KB)
...
005 (4031462.098.000) 03/12 20:22:23 Job terminated.
	(1) Normal termination (return value 0)
		Usr 0 00:09:48, Sys 0 00:01:09  -  Run Remote Usage
		Usr 0 00:00:00, Sys 0 00:00:00  -  Run Local Usage
		Usr 0 00:09:48, Sys 0 00:01:09  -  Total Remote Usage
		Usr 0 00:00:00, Sys 0 00:00:00  -  Total Local Usage
	0  -  Run Bytes Sent By Job
	0  -  Run Bytes Received By Job
	0  -  Total Bytes Sent By Job
	0  -  Total Bytes Received By Job
	Partitionable Resources :    Usage  Request Allocated
	   Cpus                 :                 1         1
	   Disk (KB)            :        1        1  20458451
	   Memory (MB)          :      386        1      4022
...
000 (4031463.098.000) 03/12 21:35:10 Job submitted from host: <192.168.1.109:9618?addrs=192.168.1.109-9618+[--1]-9618&noUDP&sock=3153_969b_4>
...
001 (4031463.098.000) 03/12 21:35:44 Job executing on host: <192.168.1.53:9618?addrs=192.168.1.53-9618+[--1]-9618&noUDP&sock=3369_5fdf_35>
...
006 (4031463.098.000) 03/12 21:35:53 Image size of job updated: 40948
	36  -  MemoryUsage of job (MB)
	36152  -  ResidentSetSize of job (KB)
...
006 (4031463.098.000) 03/12 21:40:54 Image size of job updated: 458912
	442  -  MemoryUsage of job (MB)
	451608  -  ResidentSetSize of job (KB)
...
006 (4031463.098.000) 03/12 21:55:55 Image size of job updated: 459056
	442  -  MemoryUsage of job (MB)
	451752  -  ResidentSetSize of job (KB)
...
005 (4031463.098.000) 03/12 22:04:46 Job terminated.
	(1) Normal termination (return value 0)
		Usr 0 00:25:17, Sys 0 00:02:45  -  Run Remote Usage
		Usr 0 00:00:00, Sys 0 00:00:00  -  Run Local Usage
		Usr 0 00:25:17, Sys 0 00:02:45  -  Total Remote Usage
		Usr 0 00:00:00, Sys 0 00:00:00  -  Total Local Usage
	0  -  Run Bytes Sent By Job
	0  -  Run Bytes Received By Job
	0  -  Total Bytes Sent By Job
	0  -  Total Bytes Received By Job
	Partitionable Resources :    Usage  Request Allocated
	   Cpus                 :                 1         1
	   Disk (KB)            :        1        1  22662181
	   Memory (MB)          :      442        1      4001
...
000 (4031466.098.000) 03/13 00:00:40 Job submitted from host: <192.168.1.109:9618?addrs=192.168.1.109-9618+[--1]-9618&noUDP&sock=3153_969b_4>
...
001 (4031466.098.000) 03/13 00:01:11 Job executing on host: <192.168.1.53:9618?addrs=192.168.1.53-9618+[--1]-9618&noUDP&sock=3369_5fdf_35>
...
006 (4031466.098.000) 03/13 00:01:20 Image size of job updated: 105472
	96  -  MemoryUsage of job (MB)
	98176  -  ResidentSetSize of job (KB)
...
006 (4031466.098.000) 03/13 00:06:21 Image size of job updated: 415432
	406  -  MemoryUsage of job (MB)
	414988  -  ResidentSetSize of job (KB)
...
006 (4031466.098.000) 03/13 00:11:21 Image size of job updated: 416072
	406  -  MemoryUsage of job (MB)
	415628  -  ResidentSetSize of job (KB)
...
006 (4031466.098.000) 03/13 00:16:21 Image size of job updated: 416096
	406  -  MemoryUsage of job (MB)
	415652  -  ResidentSetSize of job (KB)
...
006 (4031466.098.000) 03/13 00:21:22 Image size of job updated: 416148
	406  -  MemoryUsage of job (MB)
	415704  -  ResidentSetSize of job (KB)
...
005 (4031466.098.000) 03/13 00:33:34 Job terminated.
	(1) Normal termination (return value 0)
		Usr 0 00:26:37, Sys 0 00:02:41  -  Run Remote Usage
		Usr 0 00:00:00, Sys 0 00:00:00  -  Run Local Usage
		Usr 0 00:26:37, Sys 0 00:02:41  -  Total Remote Usage
		Usr 0 00:00:00, Sys 0 00:00:00  -  Total Local Usage
	0  -  Run Bytes Sent By Job
	0  -  Run Bytes Received By Job
	0  -  Total Bytes Sent By Job
	0  -  Total Bytes Received By Job
	Partitionable Resources :    Usage  Request Allocated
	   Cpus                 :                 1         1
	   Disk (KB)            :        1        1  22662181
	   Memory (MB)          :      406        1      4001
...
000 (4044172.098.000) 03/13 19:21:18 Job submitted from host: <192.168.1.109:9618?addrs=192.168.1.109-9618+[--1]-9618&noUDP&sock=3153_969b_4>
...
001 (4044172.098.000) 03/13 19:21:46 Job executing on host: <192.168.1.63:9618?addrs=192.168.1.63-9618+[--1]-9618&noUDP&sock=3501_ea5f_33>
...
006 (4044172.098.000) 03/13 19:21:55 Image size of job updated: 147420
	144  -  MemoryUsage of job (MB)
	146636  -  ResidentSetSize of job (KB)
...
006 (4044172.098.000) 03/13 19:26:56 Image size of job updated: 419116
	409  -  MemoryUsage of job (MB)
	418732  -  ResidentSetSize of job (KB)
...
006 (4044172.098.000) 03/13 19:31:56 Image size of job updated: 421484
	412  -  MemoryUsage of job (MB)
	421100  -  ResidentSetSize of job (KB)
...
006 (4044172.098.000) 03/13 19:36:56 Image size of job updated: 421876
	412  -  MemoryUsage of job (MB)
	421492  -  ResidentSetSize of job (KB)
...
006 (4044172.098.000) 03/13 19:41:57 Image size of job updated: 458652
	448  -  MemoryUsage of job (MB)
	458268  -  ResidentSetSize of job (KB)
...
006 (4044172.098.000) 03/13 19:51:57 Image size of job updated: 458656
	448  -  MemoryUsage of job (MB)
	458272  -  ResidentSetSize of job (KB)
...
006 (4044172.098.000) 03/13 20:15:13 Image size of job updated: 782784
	448  -  MemoryUsage of job (MB)
	458272  -  ResidentSetSize of job (KB)
...
005 (4044172.098.000) 03/13 20:15:13 Job terminated.
	(1) Normal termination (return value 0)
		Usr 0 00:46:17, Sys 0 00:03:50  -  Run Remote Usage
		Usr 0 00:00:00, Sys 0 00:00:00  -  Run Local Usage
		Usr 0 00:46:17, Sys 0 00:03:50  -  Total Remote Usage
		Usr 0 00:00:00, Sys 0 00:00:00  -  Total Local Usage
	0  -  Run Bytes Sent By Job
	0  -  Run Bytes Received By Job
	0  -  Total Bytes Sent By Job
	0  -  Total Bytes Received By Job
	Partitionable Resources :    Usage  Request Allocated
	   Cpus                 :                 1         1
	   Disk (KB)            :        1        1  22685400
	   Memory (MB)          :      448        1      4015
...
000 (4046522.098.000) 03/15 14:02:15 Job submitted from host: <192.168.1.109:9618?addrs=192.168.1.109-9618+[--1]-9618&noUDP&sock=3153_969b_4>
...
001 (4046522.098.000) 03/15 14:49:49 Job executing on host: <192.168.1.57:9618?addrs=192.168.1.57-9618+[--1]-9618&noUDP&sock=3323_d284_32>
...
006 (4046522.098.000) 03/15 14:49:57 Image size of job updated: 416184
	330  -  MemoryUsage of job (MB)
	336988  -  ResidentSetSize of job (KB)
...
006 (4046522.098.000) 03/15 14:54:57 Image size of job updated: 504188
	416  -  MemoryUsage of job (MB)
	424980  -  ResidentSetSize of job (KB)
...
006 (4046522.098.000) 03/15 14:59:57 Image size of job updated: 504664
	416  -  MemoryUsage of job (MB)
	425456  -  ResidentSetSize of job (KB)
...
006 (4046522.098.000) 03/15 15:04:58 Image size of job updated: 504688
	416  -  MemoryUsage of job (MB)
	425480  -  ResidentSetSize of job (KB)
...
006 (4046522.098.000) 03/15 15:09:59 Image size of job updated: 504736
	416  -  MemoryUsage of job (MB)
	425528  -  ResidentSetSize of job (KB)
...
006 (4046522.098.000) 03/15 15:14:59 Image size of job updated: 504736
	435  -  MemoryUsage of job (MB)
	445204  -  ResidentSetSize of job (KB)
...
006 (4046522.098.000) 03/15 15:19:59 Image size of job updated: 504736
	454  -  MemoryUsage of job (MB)
	463948  -  ResidentSetSize of job (KB)
...
005 (4046522.098.000) 03/15 15:22:07 Job terminated.
	(1) Normal termination (return value 0)
		Usr 0 00:29:10, Sys 0 00:02:49  -  Run Remote Usage
		Usr 0 00:00:00, Sys 0 00:00:00  -  Run Local Usage
		Usr 0 00:29:10, Sys 0 00:02:49  -  Total Remote Usage
		Usr 0 00:00:00, Sys 0 00:00:00  -  Total Local Usage
	0  -  Run Bytes Sent By Job
	0  -  Run Bytes Received By Job
	0  -  Total Bytes Sent By Job
	0  -  Total Bytes Received By Job
	Partitionable Resources :    Usage  Request Allocated
	   Cpus                 :                 1         1
	   Disk (KB)            :        1        1  22661171
	   Memory (MB)          :      454        1      4001
...
000 (4046570.098.000) 03/15 18:56:24 Job submitted from host: <192.168.1.109:9618?addrs=192.168.1.109-9618+[--1]-9618&noUDP&sock=3153_969b_4>
...
001 (4046570.098.000) 03/15 18:56:39 Job executing on host: <192.168.1.41:9618?addrs=192.168.1.41-9618+[--1]-9618&noUDP&sock=3368_a17e_3>
...
006 (4046570.098.000) 03/15 18:56:48 Image size of job updated: 156936
	145  -  MemoryUsage of job (MB)
	148432  -  ResidentSetSize of job (KB)
...
006 (4046570.098.000) 03/15 19:01:48 Image size of job updated: 341220
	325  -  MemoryUsage of job (MB)
	332648  -  ResidentSetSize of job (KB)
...
006 (4046570.098.000) 03/15 19:11:50 Image size of job updated: 341220
	326  -  MemoryUsage of job (MB)
	332852  -  ResidentSetSize of job (KB)
...
006 (4046570.098.000) 03/15 19:16:50 Image size of job updated: 341220
	327  -  MemoryUsage of job (MB)
	334144  -  ResidentSetSize of job (KB)
...
005 (4046570.098.000) 03/15 19:22:58 Job terminated.
	(1) Normal termination (return value 0)
		Usr 0 00:22:58, Sys 0 00:02:09  -  Run Remote Usage
		Usr 0 00:00:00, Sys 0 00:00:00  -  Run Local Usage
		Usr 0 00:22:58, Sys 0 00:02:09  -  Total Remote Usage
		Usr 0 00:00:00, Sys 0 00:00:00  -  Total Local Usage
	0  -  Run Bytes Sent By Job
	0  -  Run Bytes Received By Job
	0  -  Total Bytes Sent By Job
	0  -  Total Bytes Received By Job
	Partitionable Resources :    Usage  Request Allocated
	   Cpus                 :                 1         1
	   Disk (KB)            :        1        1  20458618
	   Memory (MB)          :      327        1      4022
...
