000 (4031233.089.000) 03/12 14:28:35 Job submitted from host: <192.168.1.109:9618?addrs=192.168.1.109-9618+[--1]-9618&noUDP&sock=3153_969b_4>
...
001 (4031233.089.000) 03/12 14:28:50 Job executing on host: <192.168.1.64:9618?addrs=192.168.1.64-9618+[--1]-9618&noUDP&sock=3497_7c66_22>
...
006 (4031233.089.000) 03/12 14:28:59 Image size of job updated: 10692
	10  -  MemoryUsage of job (MB)
	9488  -  ResidentSetSize of job (KB)
...
006 (4031233.089.000) 03/12 14:34:00 Image size of job updated: 473232
	452  -  MemoryUsage of job (MB)
	461988  -  ResidentSetSize of job (KB)
...
006 (4031233.089.000) 03/12 14:39:00 Image size of job updated: 473308
	452  -  MemoryUsage of job (MB)
	462064  -  ResidentSetSize of job (KB)
...
006 (4031233.089.000) 03/12 14:49:01 Image size of job updated: 473320
	452  -  MemoryUsage of job (MB)
	462076  -  ResidentSetSize of job (KB)
...
006 (4031233.089.000) 03/12 14:54:02 Image size of job updated: 505916
	484  -  MemoryUsage of job (MB)
	494672  -  ResidentSetSize of job (KB)
...
004 (4031233.089.000) 03/12 14:54:07 Job was evicted.
	(0) Job was not checkpointed.
		Usr 0 00:22:31, Sys 0 00:02:08  -  Run Remote Usage
		Usr 0 00:00:00, Sys 0 00:00:00  -  Run Local Usage
	0  -  Run Bytes Sent By Job
	0  -  Run Bytes Received By Job
	Partitionable Resources :    Usage  Request Allocated
	   Cpus                 :                 1         1
	   Disk (KB)            :        1        1  22685211
	   Memory (MB)          :      484        1      4015
...
009 (4031233.089.000) 03/12 14:54:08 Job was aborted by the user.
	via condor_rm (by user routray)
...
000 (4031234.089.000) 03/12 15:03:14 Job submitted from host: <192.168.1.109:9618?addrs=192.168.1.109-9618+[--1]-9618&noUDP&sock=3153_969b_4>
...
001 (4031234.089.000) 03/12 15:03:41 Job executing on host: <192.168.1.44:9618?addrs=192.168.1.44-9618+[--1]-9618&noUDP&sock=3035_ca7b_3>
...
006 (4031234.089.000) 03/12 15:03:50 Image size of job updated: 175336
	161  -  MemoryUsage of job (MB)
	164224  -  ResidentSetSize of job (KB)
...
006 (4031234.089.000) 03/12 15:08:51 Image size of job updated: 337388
	330  -  MemoryUsage of job (MB)
	337144  -  ResidentSetSize of job (KB)
...
004 (4031234.089.000) 03/12 15:12:48 Job was evicted.
	(0) Job was not checkpointed.
		Usr 0 00:07:26, Sys 0 00:00:52  -  Run Remote Usage
		Usr 0 00:00:00, Sys 0 00:00:00  -  Run Local Usage
	0  -  Run Bytes Sent By Job
	0  -  Run Bytes Received By Job
	Partitionable Resources :    Usage  Request Allocated
	   Cpus                 :                 1         1
	   Disk (KB)            :        1        1  20458817
	   Memory (MB)          :      330        1      4022
...
009 (4031234.089.000) 03/12 15:12:52 Job was aborted by the user.
	via condor_rm (by user routray)
...
000 (4031235.089.000) 03/12 15:16:44 Job submitted from host: <192.168.1.109:9618?addrs=192.168.1.109-9618+[--1]-9618&noUDP&sock=3153_969b_4>
...
001 (4031235.089.000) 03/12 15:17:02 Job executing on host: <192.168.1.47:9618?addrs=192.168.1.47-9618+[--1]-9618&noUDP&sock=3245_a288_3>
...
006 (4031235.089.000) 03/12 15:17:10 Image size of job updated: 378292
	360  -  MemoryUsage of job (MB)
	368076  -  ResidentSetSize of job (KB)
...
006 (4031235.089.000) 03/12 15:22:10 Image size of job updated: 469740
	449  -  MemoryUsage of job (MB)
	459524  -  ResidentSetSize of job (KB)
...
006 (4031235.089.000) 03/12 15:27:11 Image size of job updated: 469744
	449  -  MemoryUsage of job (MB)
	459528  -  ResidentSetSize of job (KB)
...
006 (4031235.089.000) 03/12 15:32:12 Image size of job updated: 504084
	483  -  MemoryUsage of job (MB)
	493868  -  ResidentSetSize of job (KB)
...
005 (4031235.089.000) 03/12 15:45:05 Job terminated.
	(1) Normal termination (return value 0)
		Usr 0 00:25:39, Sys 0 00:02:13  -  Run Remote Usage
		Usr 0 00:00:00, Sys 0 00:00:00  -  Run Local Usage
		Usr 0 00:25:39, Sys 0 00:02:13  -  Total Remote Usage
		Usr 0 00:00:00, Sys 0 00:00:00  -  Total Local Usage
	0  -  Run Bytes Sent By Job
	0  -  Run Bytes Received By Job
	0  -  Total Bytes Sent By Job
	0  -  Total Bytes Received By Job
	Partitionable Resources :    Usage  Request Allocated
	   Cpus                 :                 1         1
	   Disk (KB)            :        1        1  28493856
	   Memory (MB)          :      483        1      4020
...
000 (4031450.089.000) 03/12 16:23:12 Job submitted from host: <192.168.1.109:9618?addrs=192.168.1.109-9618+[--1]-9618&noUDP&sock=3153_969b_4>
...
001 (4031450.089.000) 03/12 16:23:37 Job executing on host: <192.168.1.47:9618?addrs=192.168.1.47-9618+[--1]-9618&noUDP&sock=3245_a288_3>
...
006 (4031450.089.000) 03/12 16:23:46 Image size of job updated: 438432
	346  -  MemoryUsage of job (MB)
	354056  -  ResidentSetSize of job (KB)
...
006 (4031450.089.000) 03/12 16:28:46 Image size of job updated: 540556
	446  -  MemoryUsage of job (MB)
	456152  -  ResidentSetSize of job (KB)
...
006 (4031450.089.000) 03/12 16:33:46 Image size of job updated: 540560
	446  -  MemoryUsage of job (MB)
	456156  -  ResidentSetSize of job (KB)
...
005 (4031450.089.000) 03/12 16:41:53 Job terminated.
	(1) Normal termination (return value 0)
		Usr 0 00:16:26, Sys 0 00:01:28  -  Run Remote Usage
		Usr 0 00:00:00, Sys 0 00:00:00  -  Run Local Usage
		Usr 0 00:16:26, Sys 0 00:01:28  -  Total Remote Usage
		Usr 0 00:00:00, Sys 0 00:00:00  -  Total Local Usage
	0  -  Run Bytes Sent By Job
	0  -  Run Bytes Received By Job
	0  -  Total Bytes Sent By Job
	0  -  Total Bytes Received By Job
	Partitionable Resources :    Usage  Request Allocated
	   Cpus                 :                 1         1
	   Disk (KB)            :        1        1  28493856
	   Memory (MB)          :      446        1      4020
...
000 (4031461.089.000) 03/12 18:25:46 Job submitted from host: <192.168.1.109:9618?addrs=192.168.1.109-9618+[--1]-9618&noUDP&sock=3153_969b_4>
...
001 (4031461.089.000) 03/12 18:26:01 Job executing on host: <192.168.1.44:9618?addrs=192.168.1.44-9618+[--1]-9618&noUDP&sock=3035_ca7b_3>
...
006 (4031461.089.000) 03/12 18:26:09 Image size of job updated: 298740
	287  -  MemoryUsage of job (MB)
	293080  -  ResidentSetSize of job (KB)
...
006 (4031461.089.000) 03/12 18:31:09 Image size of job updated: 398072
	384  -  MemoryUsage of job (MB)
	392408  -  ResidentSetSize of job (KB)
...
005 (4031461.089.000) 03/12 18:39:31 Job terminated.
	(1) Normal termination (return value 0)
		Usr 0 00:11:32, Sys 0 00:01:20  -  Run Remote Usage
		Usr 0 00:00:00, Sys 0 00:00:00  -  Run Local Usage
		Usr 0 00:11:32, Sys 0 00:01:20  -  Total Remote Usage
		Usr 0 00:00:00, Sys 0 00:00:00  -  Total Local Usage
	0  -  Run Bytes Sent By Job
	0  -  Run Bytes Received By Job
	0  -  Total Bytes Sent By Job
	0  -  Total Bytes Received By Job
	Partitionable Resources :    Usage  Request Allocated
	   Cpus                 :                 1         1
	   Disk (KB)            :        1        1  20458817
	   Memory (MB)          :      384        1      4022
...
000 (4031462.089.000) 03/12 20:10:16 Job submitted from host: <192.168.1.109:9618?addrs=192.168.1.109-9618+[--1]-9618&noUDP&sock=3153_969b_4>
...
001 (4031462.089.000) 03/12 20:10:42 Job executing on host: <192.168.1.61:9618?addrs=192.168.1.61-9618+[--1]-9618&noUDP&sock=3335_bd3f_11>
...
006 (4031462.089.000) 03/12 20:10:51 Image size of job updated: 347400
	317  -  MemoryUsage of job (MB)
	324608  -  ResidentSetSize of job (KB)
...
006 (4031462.089.000) 03/12 20:15:52 Image size of job updated: 435708
	404  -  MemoryUsage of job (MB)
	412912  -  ResidentSetSize of job (KB)
...
006 (4031462.089.000) 03/12 20:20:52 Image size of job updated: 436284
	404  -  MemoryUsage of job (MB)
	413488  -  ResidentSetSize of job (KB)
...
006 (4031462.089.000) 03/12 20:35:54 Image size of job updated: 436288
	404  -  MemoryUsage of job (MB)
	413492  -  ResidentSetSize of job (KB)
...
005 (4031462.089.000) 03/12 20:41:58 Job terminated.
	(1) Normal termination (return value 0)
		Usr 0 00:28:14, Sys 0 00:02:33  -  Run Remote Usage
		Usr 0 00:00:00, Sys 0 00:00:00  -  Run Local Usage
		Usr 0 00:28:14, Sys 0 00:02:33  -  Total Remote Usage
		Usr 0 00:00:00, Sys 0 00:00:00  -  Total Local Usage
	0  -  Run Bytes Sent By Job
	0  -  Run Bytes Received By Job
	0  -  Total Bytes Sent By Job
	0  -  Total Bytes Received By Job
	Partitionable Resources :    Usage  Request Allocated
	   Cpus                 :                 1         1
	   Disk (KB)            :        1        1  22662096
	   Memory (MB)          :      404        1      4001
...
000 (4031463.089.000) 03/12 21:35:10 Job submitted from host: <192.168.1.109:9618?addrs=192.168.1.109-9618+[--1]-9618&noUDP&sock=3153_969b_4>
...
001 (4031463.089.000) 03/12 21:35:44 Job executing on host: <192.168.1.43:9618?addrs=192.168.1.43-9618+[--1]-9618&noUDP&sock=3360_24bc_3>
...
006 (4031463.089.000) 03/12 21:35:53 Image size of job updated: 43488
	36  -  MemoryUsage of job (MB)
	36236  -  ResidentSetSize of job (KB)
...
006 (4031463.089.000) 03/12 21:40:54 Image size of job updated: 446296
	424  -  MemoryUsage of job (MB)
	433920  -  ResidentSetSize of job (KB)
...
006 (4031463.089.000) 03/12 21:45:55 Image size of job updated: 446328
	424  -  MemoryUsage of job (MB)
	433952  -  ResidentSetSize of job (KB)
...
005 (4031463.089.000) 03/12 21:46:35 Job terminated.
	(1) Normal termination (return value 0)
		Usr 0 00:08:22, Sys 0 00:00:57  -  Run Remote Usage
		Usr 0 00:00:00, Sys 0 00:00:00  -  Run Local Usage
		Usr 0 00:08:22, Sys 0 00:00:57  -  Total Remote Usage
		Usr 0 00:00:00, Sys 0 00:00:00  -  Total Local Usage
	0  -  Run Bytes Sent By Job
	0  -  Run Bytes Received By Job
	0  -  Total Bytes Sent By Job
	0  -  Total Bytes Received By Job
	Partitionable Resources :    Usage  Request Allocated
	   Cpus                 :                 1         1
	   Disk (KB)            :        1        1  20458451
	   Memory (MB)          :      424        1      4022
...
000 (4031466.089.000) 03/13 00:00:40 Job submitted from host: <192.168.1.109:9618?addrs=192.168.1.109-9618+[--1]-9618&noUDP&sock=3153_969b_4>
...
001 (4031466.089.000) 03/13 00:01:11 Job executing on host: <192.168.1.43:9618?addrs=192.168.1.43-9618+[--1]-9618&noUDP&sock=3360_24bc_3>
...
006 (4031466.089.000) 03/13 00:01:20 Image size of job updated: 197896
	188  -  MemoryUsage of job (MB)
	191740  -  ResidentSetSize of job (KB)
...
006 (4031466.089.000) 03/13 00:06:21 Image size of job updated: 358516
	351  -  MemoryUsage of job (MB)
	358516  -  ResidentSetSize of job (KB)
...
006 (4031466.089.000) 03/13 00:11:22 Image size of job updated: 431772
	422  -  MemoryUsage of job (MB)
	431772  -  ResidentSetSize of job (KB)
...
006 (4031466.089.000) 03/13 00:16:22 Image size of job updated: 431944
	422  -  MemoryUsage of job (MB)
	431944  -  ResidentSetSize of job (KB)
...
006 (4031466.089.000) 03/13 00:26:24 Image size of job updated: 471900
	461  -  MemoryUsage of job (MB)
	471900  -  ResidentSetSize of job (KB)
...
005 (4031466.089.000) 03/13 00:49:23 Job terminated.
	(1) Normal termination (return value 0)
		Usr 0 00:10:30, Sys 0 00:01:12  -  Run Remote Usage
		Usr 0 00:00:00, Sys 0 00:00:00  -  Run Local Usage
		Usr 0 00:10:30, Sys 0 00:01:12  -  Total Remote Usage
		Usr 0 00:00:00, Sys 0 00:00:00  -  Total Local Usage
	0  -  Run Bytes Sent By Job
	0  -  Run Bytes Received By Job
	0  -  Total Bytes Sent By Job
	0  -  Total Bytes Received By Job
	Partitionable Resources :    Usage  Request Allocated
	   Cpus                 :                 1         1
	   Disk (KB)            :        1        1  20458451
	   Memory (MB)          :      461        1      4022
...
000 (4044172.089.000) 03/13 19:21:18 Job submitted from host: <192.168.1.109:9618?addrs=192.168.1.109-9618+[--1]-9618&noUDP&sock=3153_969b_4>
...
001 (4044172.089.000) 03/13 19:21:46 Job executing on host: <192.168.1.53:9618?addrs=192.168.1.53-9618+[--1]-9618&noUDP&sock=3369_5fdf_35>
...
006 (4044172.089.000) 03/13 19:21:54 Image size of job updated: 285272
	274  -  MemoryUsage of job (MB)
	280032  -  ResidentSetSize of job (KB)
...
006 (4044172.089.000) 03/13 19:26:54 Image size of job updated: 434340
	419  -  MemoryUsage of job (MB)
	428620  -  ResidentSetSize of job (KB)
...
006 (4044172.089.000) 03/13 19:31:55 Image size of job updated: 434616
	419  -  MemoryUsage of job (MB)
	428896  -  ResidentSetSize of job (KB)
...
006 (4044172.089.000) 03/13 19:41:56 Image size of job updated: 434664
	419  -  MemoryUsage of job (MB)
	428944  -  ResidentSetSize of job (KB)
...
006 (4044172.089.000) 03/13 19:46:57 Image size of job updated: 434668
	419  -  MemoryUsage of job (MB)
	428948  -  ResidentSetSize of job (KB)
...
005 (4044172.089.000) 03/13 19:56:22 Job terminated.
	(1) Normal termination (return value 0)
		Usr 0 00:29:05, Sys 0 00:03:01  -  Run Remote Usage
		Usr 0 00:00:00, Sys 0 00:00:00  -  Run Local Usage
		Usr 0 00:29:05, Sys 0 00:03:01  -  Total Remote Usage
		Usr 0 00:00:00, Sys 0 00:00:00  -  Total Local Usage
	0  -  Run Bytes Sent By Job
	0  -  Run Bytes Received By Job
	0  -  Total Bytes Sent By Job
	0  -  Total Bytes Received By Job
	Partitionable Resources :    Usage  Request Allocated
	   Cpus                 :                 1         1
	   Disk (KB)            :        1        1  22662182
	   Memory (MB)          :      419        1      4001
...
000 (4046522.089.000) 03/15 14:02:15 Job submitted from host: <192.168.1.109:9618?addrs=192.168.1.109-9618+[--1]-9618&noUDP&sock=3153_969b_4>
...
001 (4046522.089.000) 03/15 14:47:26 Job executing on host: <192.168.1.46:9618?addrs=192.168.1.46-9618+[--1]-9618&noUDP&sock=3272_2797_3>
...
006 (4046522.089.000) 03/15 14:47:35 Image size of job updated: 418472
	332  -  MemoryUsage of job (MB)
	339428  -  ResidentSetSize of job (KB)
...
006 (4046522.089.000) 03/15 14:52:36 Image size of job updated: 508264
	420  -  MemoryUsage of job (MB)
	429216  -  ResidentSetSize of job (KB)
...
006 (4046522.089.000) 03/15 14:57:36 Image size of job updated: 508264
	420  -  MemoryUsage of job (MB)
	429300  -  ResidentSetSize of job (KB)
...
005 (4046522.089.000) 03/15 15:00:21 Job terminated.
	(1) Normal termination (return value 0)
		Usr 0 00:11:20, Sys 0 00:01:23  -  Run Remote Usage
		Usr 0 00:00:00, Sys 0 00:00:00  -  Run Local Usage
		Usr 0 00:11:20, Sys 0 00:01:23  -  Total Remote Usage
		Usr 0 00:00:00, Sys 0 00:00:00  -  Total Local Usage
	0  -  Run Bytes Sent By Job
	0  -  Run Bytes Received By Job
	0  -  Total Bytes Sent By Job
	0  -  Total Bytes Received By Job
	Partitionable Resources :    Usage  Request Allocated
	   Cpus                 :                 1         1
	   Disk (KB)            :        1        1  20459164
	   Memory (MB)          :      420        1      4022
...
000 (4046570.089.000) 03/15 18:56:23 Job submitted from host: <192.168.1.109:9618?addrs=192.168.1.109-9618+[--1]-9618&noUDP&sock=3153_969b_4>
...
001 (4046570.089.000) 03/15 18:56:39 Job executing on host: <192.168.1.44:9618?addrs=192.168.1.44-9618+[--1]-9618&noUDP&sock=3035_ca7b_3>
...
006 (4046570.089.000) 03/15 18:56:48 Image size of job updated: 231504
	226  -  MemoryUsage of job (MB)
	230416  -  ResidentSetSize of job (KB)
...
006 (4046570.089.000) 03/15 19:01:49 Image size of job updated: 435260
	424  -  MemoryUsage of job (MB)
	434132  -  ResidentSetSize of job (KB)
...
006 (4046570.089.000) 03/15 19:06:50 Image size of job updated: 473000
	461  -  MemoryUsage of job (MB)
	471872  -  ResidentSetSize of job (KB)
...
006 (4046570.089.000) 03/15 19:11:50 Image size of job updated: 473016
	461  -  MemoryUsage of job (MB)
	471872  -  ResidentSetSize of job (KB)
...
005 (4046570.089.000) 03/15 19:11:55 Job terminated.
	(1) Normal termination (return value 0)
		Usr 0 00:12:50, Sys 0 00:01:31  -  Run Remote Usage
		Usr 0 00:00:00, Sys 0 00:00:00  -  Run Local Usage
		Usr 0 00:12:50, Sys 0 00:01:31  -  Total Remote Usage
		Usr 0 00:00:00, Sys 0 00:00:00  -  Total Local Usage
	0  -  Run Bytes Sent By Job
	0  -  Run Bytes Received By Job
	0  -  Total Bytes Sent By Job
	0  -  Total Bytes Received By Job
	Partitionable Resources :    Usage  Request Allocated
	   Cpus                 :                 1         1
	   Disk (KB)            :        1        1  20458817
	   Memory (MB)          :      461        1      4022
...
