000 (4031461.177.000) 03/12 18:25:47 Job submitted from host: <192.168.1.109:9618?addrs=192.168.1.109-9618+[--1]-9618&noUDP&sock=3153_969b_4>
...
001 (4031461.177.000) 03/12 18:26:04 Job executing on host: <192.168.1.49:9618?addrs=192.168.1.49-9618+[--1]-9618&noUDP&sock=3240_e427_3>
...
006 (4031461.177.000) 03/12 18:26:13 Image size of job updated: 155416
	147  -  MemoryUsage of job (MB)
	150052  -  ResidentSetSize of job (KB)
...
006 (4031461.177.000) 03/12 18:31:14 Image size of job updated: 439116
	424  -  MemoryUsage of job (MB)
	433564  -  ResidentSetSize of job (KB)
...
006 (4031461.177.000) 03/12 18:36:14 Image size of job updated: 439124
	424  -  MemoryUsage of job (MB)
	433572  -  ResidentSetSize of job (KB)
...
005 (4031461.177.000) 03/12 18:39:51 Job terminated.
	(1) Normal termination (return value 0)
		Usr 0 00:12:01, Sys 0 00:01:09  -  Run Remote Usage
		Usr 0 00:00:00, Sys 0 00:00:00  -  Run Local Usage
		Usr 0 00:12:01, Sys 0 00:01:09  -  Total Remote Usage
		Usr 0 00:00:00, Sys 0 00:00:00  -  Total Local Usage
	0  -  Run Bytes Sent By Job
	0  -  Run Bytes Received By Job
	0  -  Total Bytes Sent By Job
	0  -  Total Bytes Received By Job
	Partitionable Resources :    Usage  Request Allocated
	   Cpus                 :                 1         1
	   Disk (KB)            :        1        1  28491601
	   Memory (MB)          :      424        1      4020
...
000 (4031462.177.000) 03/12 20:10:17 Job submitted from host: <192.168.1.109:9618?addrs=192.168.1.109-9618+[--1]-9618&noUDP&sock=3153_969b_4>
...
001 (4031462.177.000) 03/12 20:10:46 Job executing on host: <192.168.1.67:9618?addrs=192.168.1.67-9618+[--1]-9618&noUDP&sock=3517_344b_38>
...
006 (4031462.177.000) 03/12 20:10:55 Image size of job updated: 97876
	92  -  MemoryUsage of job (MB)
	94180  -  ResidentSetSize of job (KB)
...
006 (4031462.177.000) 03/12 20:15:56 Image size of job updated: 480024
	465  -  MemoryUsage of job (MB)
	475892  -  ResidentSetSize of job (KB)
...
006 (4031462.177.000) 03/12 20:20:57 Image size of job updated: 514120
	499  -  MemoryUsage of job (MB)
	509988  -  ResidentSetSize of job (KB)
...
006 (4031462.177.000) 03/12 20:25:57 Image size of job updated: 515868
	500  -  MemoryUsage of job (MB)
	511736  -  ResidentSetSize of job (KB)
...
005 (4031462.177.000) 03/12 20:42:46 Job terminated.
	(1) Normal termination (return value 0)
		Usr 0 00:28:46, Sys 0 00:02:37  -  Run Remote Usage
		Usr 0 00:00:00, Sys 0 00:00:00  -  Run Local Usage
		Usr 0 00:28:46, Sys 0 00:02:37  -  Total Remote Usage
		Usr 0 00:00:00, Sys 0 00:00:00  -  Total Local Usage
	0  -  Run Bytes Sent By Job
	0  -  Run Bytes Received By Job
	0  -  Total Bytes Sent By Job
	0  -  Total Bytes Received By Job
	Partitionable Resources :    Usage  Request Allocated
	   Cpus                 :                 1         1
	   Disk (KB)            :        1        1  22682500
	   Memory (MB)          :      500        1      4015
...
000 (4031466.177.000) 03/13 00:00:41 Job submitted from host: <192.168.1.109:9618?addrs=192.168.1.109-9618+[--1]-9618&noUDP&sock=3153_969b_4>
...
001 (4031466.177.000) 03/13 00:01:15 Job executing on host: <192.168.1.39:9618?addrs=192.168.1.39-9618+[--1]-9618&noUDP&sock=3239_16fe_3>
...
006 (4031466.177.000) 03/13 00:01:24 Image size of job updated: 93804
	92  -  MemoryUsage of job (MB)
	93612  -  ResidentSetSize of job (KB)
...
006 (4031466.177.000) 03/13 00:06:24 Image size of job updated: 350304
	343  -  MemoryUsage of job (MB)
	350304  -  ResidentSetSize of job (KB)
...
006 (4031466.177.000) 03/13 00:11:24 Image size of job updated: 429920
	420  -  MemoryUsage of job (MB)
	429920  -  ResidentSetSize of job (KB)
...
006 (4031466.177.000) 03/13 00:16:25 Image size of job updated: 430052
	420  -  MemoryUsage of job (MB)
	430052  -  ResidentSetSize of job (KB)
...
006 (4031466.177.000) 03/13 00:21:26 Image size of job updated: 465708
	455  -  MemoryUsage of job (MB)
	465708  -  ResidentSetSize of job (KB)
...
005 (4031466.177.000) 03/13 00:43:35 Job terminated.
	(1) Normal termination (return value 0)
		Usr 0 00:09:46, Sys 0 00:01:02  -  Run Remote Usage
		Usr 0 00:00:00, Sys 0 00:00:00  -  Run Local Usage
		Usr 0 00:09:46, Sys 0 00:01:02  -  Total Remote Usage
		Usr 0 00:00:00, Sys 0 00:00:00  -  Total Local Usage
	0  -  Run Bytes Sent By Job
	0  -  Run Bytes Received By Job
	0  -  Total Bytes Sent By Job
	0  -  Total Bytes Received By Job
	Partitionable Resources :    Usage  Request Allocated
	   Cpus                 :                 1         1
	   Disk (KB)            :        1        1  20460460
	   Memory (MB)          :      455        1      4022
...
000 (4044172.177.000) 03/13 19:21:19 Job submitted from host: <192.168.1.109:9618?addrs=192.168.1.109-9618+[--1]-9618&noUDP&sock=3153_969b_4>
...
001 (4044172.177.000) 03/13 19:21:51 Job executing on host: <192.168.1.58:9618?addrs=192.168.1.58-9618+[--1]-9618&noUDP&sock=3319_c3bb_12>
...
006 (4044172.177.000) 03/13 19:21:59 Image size of job updated: 98164
	90  -  MemoryUsage of job (MB)
	91432  -  ResidentSetSize of job (KB)
...
006 (4044172.177.000) 03/13 19:26:59 Image size of job updated: 361960
	345  -  MemoryUsage of job (MB)
	352516  -  ResidentSetSize of job (KB)
...
006 (4044172.177.000) 03/13 19:31:59 Image size of job updated: 362168
	345  -  MemoryUsage of job (MB)
	352724  -  ResidentSetSize of job (KB)
...
006 (4044172.177.000) 03/13 19:37:00 Image size of job updated: 362184
	345  -  MemoryUsage of job (MB)
	352740  -  ResidentSetSize of job (KB)
...
006 (4044172.177.000) 03/13 19:42:01 Image size of job updated: 362188
	345  -  MemoryUsage of job (MB)
	352744  -  ResidentSetSize of job (KB)
...
005 (4044172.177.000) 03/13 19:52:47 Job terminated.
	(1) Normal termination (return value 0)
		Usr 0 00:26:07, Sys 0 00:02:35  -  Run Remote Usage
		Usr 0 00:00:00, Sys 0 00:00:00  -  Run Local Usage
		Usr 0 00:26:07, Sys 0 00:02:35  -  Total Remote Usage
		Usr 0 00:00:00, Sys 0 00:00:00  -  Total Local Usage
	0  -  Run Bytes Sent By Job
	0  -  Run Bytes Received By Job
	0  -  Total Bytes Sent By Job
	0  -  Total Bytes Received By Job
	Partitionable Resources :    Usage  Request Allocated
	   Cpus                 :                 1         1
	   Disk (KB)            :        1        1  22659269
	   Memory (MB)          :      345        1      4001
...
000 (4046522.177.000) 03/15 14:02:17 Job submitted from host: <192.168.1.109:9618?addrs=192.168.1.109-9618+[--1]-9618&noUDP&sock=3153_969b_4>
...
001 (4046522.177.000) 03/15 15:03:33 Job executing on host: <192.168.1.40:9618?addrs=192.168.1.40-9618+[--1]-9618&noUDP&sock=3366_a17e_3>
...
006 (4046522.177.000) 03/15 15:03:41 Image size of job updated: 243196
	161  -  MemoryUsage of job (MB)
	164228  -  ResidentSetSize of job (KB)
...
006 (4046522.177.000) 03/15 15:08:41 Image size of job updated: 326160
	319  -  MemoryUsage of job (MB)
	325728  -  ResidentSetSize of job (KB)
...
006 (4046522.177.000) 03/15 15:13:41 Image size of job updated: 326168
	319  -  MemoryUsage of job (MB)
	325736  -  ResidentSetSize of job (KB)
...
005 (4046522.177.000) 03/15 15:19:07 Job terminated.
	(1) Normal termination (return value 0)
		Usr 0 00:13:48, Sys 0 00:01:25  -  Run Remote Usage
		Usr 0 00:00:00, Sys 0 00:00:00  -  Run Local Usage
		Usr 0 00:13:48, Sys 0 00:01:25  -  Total Remote Usage
		Usr 0 00:00:00, Sys 0 00:00:00  -  Total Local Usage
	0  -  Run Bytes Sent By Job
	0  -  Run Bytes Received By Job
	0  -  Total Bytes Sent By Job
	0  -  Total Bytes Received By Job
	Partitionable Resources :    Usage  Request Allocated
	   Cpus                 :                 1         1
	   Disk (KB)            :        1        1  20457847
	   Memory (MB)          :      319        1      4022
...
