000 (4031466.345.000) 03/13 00:00:43 Job submitted from host: <192.168.1.109:9618?addrs=192.168.1.109-9618+[--1]-9618&noUDP&sock=3153_969b_4>
...
001 (4031466.345.000) 03/13 00:01:24 Job executing on host: <192.168.1.63:9618?addrs=192.168.1.63-9618+[--1]-9618&noUDP&sock=3501_ea5f_33>
...
006 (4031466.345.000) 03/13 00:01:33 Image size of job updated: 153376
	147  -  MemoryUsage of job (MB)
	150116  -  ResidentSetSize of job (KB)
...
006 (4031466.345.000) 03/13 00:06:34 Image size of job updated: 422860
	413  -  MemoryUsage of job (MB)
	422860  -  ResidentSetSize of job (KB)
...
005 (4031466.345.000) 03/13 00:45:52 Job terminated.
	(1) Normal termination (return value 0)
		Usr 0 00:37:35, Sys 0 00:03:03  -  Run Remote Usage
		Usr 0 00:00:00, Sys 0 00:00:00  -  Run Local Usage
		Usr 0 00:37:35, Sys 0 00:03:03  -  Total Remote Usage
		Usr 0 00:00:00, Sys 0 00:00:00  -  Total Local Usage
	0  -  Run Bytes Sent By Job
	0  -  Run Bytes Received By Job
	0  -  Total Bytes Sent By Job
	0  -  Total Bytes Received By Job
	Partitionable Resources :    Usage  Request Allocated
	   Cpus                 :                 1         1
	   Disk (KB)            :        1        1  22685400
	   Memory (MB)          :      413        1      4015
...
000 (4044172.345.000) 03/13 19:21:21 Job submitted from host: <192.168.1.109:9618?addrs=192.168.1.109-9618+[--1]-9618&noUDP&sock=3153_969b_4>
...
001 (4044172.345.000) 03/13 19:22:01 Job executing on host: <192.168.1.42:9618?addrs=192.168.1.42-9618+[--1]-9618&noUDP&sock=3360_3385_3>
...
006 (4044172.345.000) 03/13 19:22:10 Image size of job updated: 60876
	58  -  MemoryUsage of job (MB)
	58908  -  ResidentSetSize of job (KB)
...
006 (4044172.345.000) 03/13 19:27:10 Image size of job updated: 339044
	330  -  MemoryUsage of job (MB)
	336916  -  ResidentSetSize of job (KB)
...
006 (4044172.345.000) 03/13 19:32:11 Image size of job updated: 350880
	341  -  MemoryUsage of job (MB)
	348752  -  ResidentSetSize of job (KB)
...
006 (4044172.345.000) 03/13 19:37:12 Image size of job updated: 423324
	412  -  MemoryUsage of job (MB)
	421196  -  ResidentSetSize of job (KB)
...
006 (4044172.345.000) 03/13 19:42:12 Image size of job updated: 424540
	413  -  MemoryUsage of job (MB)
	422412  -  ResidentSetSize of job (KB)
...
006 (4044172.345.000) 03/13 19:57:14 Image size of job updated: 424540
	413  -  MemoryUsage of job (MB)
	422456  -  ResidentSetSize of job (KB)
...
005 (4044172.345.000) 03/13 20:09:02 Job terminated.
	(1) Normal termination (return value 0)
		Usr 0 00:13:23, Sys 0 00:01:30  -  Run Remote Usage
		Usr 0 00:00:00, Sys 0 00:00:00  -  Run Local Usage
		Usr 0 00:13:23, Sys 0 00:01:30  -  Total Remote Usage
		Usr 0 00:00:00, Sys 0 00:00:00  -  Total Local Usage
	0  -  Run Bytes Sent By Job
	0  -  Run Bytes Received By Job
	0  -  Total Bytes Sent By Job
	0  -  Total Bytes Received By Job
	Partitionable Resources :    Usage  Request Allocated
	   Cpus                 :                 1         1
	   Disk (KB)            :        1        1  20458261
	   Memory (MB)          :      413        1      4022
...
000 (4046522.345.000) 03/15 14:02:19 Job submitted from host: <192.168.1.109:9618?addrs=192.168.1.109-9618+[--1]-9618&noUDP&sock=3153_969b_4>
...
001 (4046522.345.000) 03/15 15:20:46 Job executing on host: <192.168.1.50:9618?addrs=192.168.1.50-9618+[--1]-9618&noUDP&sock=3247_5221_3>
...
006 (4046522.345.000) 03/15 15:20:55 Image size of job updated: 357144
	332  -  MemoryUsage of job (MB)
	339316  -  ResidentSetSize of job (KB)
...
006 (4046522.345.000) 03/15 15:25:56 Image size of job updated: 420140
	411  -  MemoryUsage of job (MB)
	419876  -  ResidentSetSize of job (KB)
...
006 (4046522.345.000) 03/15 15:30:57 Image size of job updated: 420140
	411  -  MemoryUsage of job (MB)
	419932  -  ResidentSetSize of job (KB)
...
006 (4046522.345.000) 03/15 15:35:57 Image size of job updated: 420140
	411  -  MemoryUsage of job (MB)
	419960  -  ResidentSetSize of job (KB)
...
005 (4046522.345.000) 03/15 15:43:31 Job terminated.
	(1) Normal termination (return value 0)
		Usr 0 00:19:27, Sys 0 00:01:47  -  Run Remote Usage
		Usr 0 00:00:00, Sys 0 00:00:00  -  Run Local Usage
		Usr 0 00:19:27, Sys 0 00:01:47  -  Total Remote Usage
		Usr 0 00:00:00, Sys 0 00:00:00  -  Total Local Usage
	0  -  Run Bytes Sent By Job
	0  -  Run Bytes Received By Job
	0  -  Total Bytes Sent By Job
	0  -  Total Bytes Received By Job
	Partitionable Resources :    Usage  Request Allocated
	   Cpus                 :                 1         1
	   Disk (KB)            :        1        1  28493273
	   Memory (MB)          :      411        1      4020
...
