000 (4031466.517.000) 03/13 00:00:44 Job submitted from host: <192.168.1.109:9618?addrs=192.168.1.109-9618+[--1]-9618&noUDP&sock=3153_969b_4>
...
001 (4031466.517.000) 03/13 00:01:30 Job executing on host: <192.168.1.39:9618?addrs=192.168.1.39-9618+[--1]-9618&noUDP&sock=3239_16fe_3>
...
006 (4031466.517.000) 03/13 00:01:39 Image size of job updated: 111864
	110  -  MemoryUsage of job (MB)
	111668  -  ResidentSetSize of job (KB)
...
006 (4031466.517.000) 03/13 00:06:40 Image size of job updated: 339348
	332  -  MemoryUsage of job (MB)
	339348  -  ResidentSetSize of job (KB)
...
006 (4031466.517.000) 03/13 00:11:41 Image size of job updated: 426752
	417  -  MemoryUsage of job (MB)
	426752  -  ResidentSetSize of job (KB)
...
006 (4031466.517.000) 03/13 00:16:41 Image size of job updated: 427304
	418  -  MemoryUsage of job (MB)
	427304  -  ResidentSetSize of job (KB)
...
006 (4031466.517.000) 03/13 00:51:53 Image size of job updated: 786264
	418  -  MemoryUsage of job (MB)
	427304  -  ResidentSetSize of job (KB)
...
005 (4031466.517.000) 03/13 00:51:53 Job terminated.
	(1) Normal termination (return value 0)
		Usr 0 00:14:06, Sys 0 00:01:23  -  Run Remote Usage
		Usr 0 00:00:00, Sys 0 00:00:00  -  Run Local Usage
		Usr 0 00:14:06, Sys 0 00:01:23  -  Total Remote Usage
		Usr 0 00:00:00, Sys 0 00:00:00  -  Total Local Usage
	0  -  Run Bytes Sent By Job
	0  -  Run Bytes Received By Job
	0  -  Total Bytes Sent By Job
	0  -  Total Bytes Received By Job
	Partitionable Resources :    Usage  Request Allocated
	   Cpus                 :                 1         1
	   Disk (KB)            :        1        1  20460460
	   Memory (MB)          :      418        1      4022
...
000 (4044172.517.000) 03/13 19:21:23 Job submitted from host: <192.168.1.109:9618?addrs=192.168.1.109-9618+[--1]-9618&noUDP&sock=3153_969b_4>
...
001 (4044172.517.000) 03/13 19:22:04 Job executing on host: <192.168.1.46:9618?addrs=192.168.1.46-9618+[--1]-9618&noUDP&sock=3272_2797_3>
...
006 (4044172.517.000) 03/13 19:22:13 Image size of job updated: 50960
	33  -  MemoryUsage of job (MB)
	33756  -  ResidentSetSize of job (KB)
...
006 (4044172.517.000) 03/13 19:27:14 Image size of job updated: 346084
	335  -  MemoryUsage of job (MB)
	342516  -  ResidentSetSize of job (KB)
...
006 (4044172.517.000) 03/13 19:32:14 Image size of job updated: 361116
	350  -  MemoryUsage of job (MB)
	357548  -  ResidentSetSize of job (KB)
...
006 (4044172.517.000) 03/13 19:37:14 Image size of job updated: 430460
	417  -  MemoryUsage of job (MB)
	426892  -  ResidentSetSize of job (KB)
...
006 (4044172.517.000) 03/13 19:42:15 Image size of job updated: 431128
	418  -  MemoryUsage of job (MB)
	427560  -  ResidentSetSize of job (KB)
...
006 (4044172.517.000) 03/13 19:52:15 Image size of job updated: 431140
	418  -  MemoryUsage of job (MB)
	427572  -  ResidentSetSize of job (KB)
...
006 (4044172.517.000) 03/13 19:57:16 Image size of job updated: 431144
	418  -  MemoryUsage of job (MB)
	427576  -  ResidentSetSize of job (KB)
...
006 (4044172.517.000) 03/13 20:07:17 Image size of job updated: 431172
	418  -  MemoryUsage of job (MB)
	427604  -  ResidentSetSize of job (KB)
...
005 (4044172.517.000) 03/13 20:12:01 Job terminated.
	(1) Normal termination (return value 0)
		Usr 0 00:14:50, Sys 0 00:01:43  -  Run Remote Usage
		Usr 0 00:00:00, Sys 0 00:00:00  -  Run Local Usage
		Usr 0 00:14:50, Sys 0 00:01:43  -  Total Remote Usage
		Usr 0 00:00:00, Sys 0 00:00:00  -  Total Local Usage
	0  -  Run Bytes Sent By Job
	0  -  Run Bytes Received By Job
	0  -  Total Bytes Sent By Job
	0  -  Total Bytes Received By Job
	Partitionable Resources :    Usage  Request Allocated
	   Cpus                 :                 1         1
	   Disk (KB)            :        1        1  20459164
	   Memory (MB)          :      418        1      4022
...
000 (4046522.517.000) 03/15 14:02:21 Job submitted from host: <192.168.1.109:9618?addrs=192.168.1.109-9618+[--1]-9618&noUDP&sock=3153_969b_4>
...
001 (4046522.517.000) 03/15 15:33:35 Job executing on host: <192.168.1.50:9618?addrs=192.168.1.50-9618+[--1]-9618&noUDP&sock=3247_5221_3>
...
006 (4046522.517.000) 03/15 15:33:44 Image size of job updated: 375852
	292  -  MemoryUsage of job (MB)
	298744  -  ResidentSetSize of job (KB)
...
006 (4046522.517.000) 03/15 15:38:44 Image size of job updated: 427480
	418  -  MemoryUsage of job (MB)
	427068  -  ResidentSetSize of job (KB)
...
006 (4046522.517.000) 03/15 15:43:44 Image size of job updated: 427852
	418  -  MemoryUsage of job (MB)
	427440  -  ResidentSetSize of job (KB)
...
006 (4046522.517.000) 03/15 15:48:45 Image size of job updated: 427856
	418  -  MemoryUsage of job (MB)
	427444  -  ResidentSetSize of job (KB)
...
006 (4046522.517.000) 03/15 15:53:46 Image size of job updated: 427856
	418  -  MemoryUsage of job (MB)
	427484  -  ResidentSetSize of job (KB)
...
005 (4046522.517.000) 03/15 15:55:14 Job terminated.
	(1) Normal termination (return value 0)
		Usr 0 00:17:12, Sys 0 00:01:41  -  Run Remote Usage
		Usr 0 00:00:00, Sys 0 00:00:00  -  Run Local Usage
		Usr 0 00:17:12, Sys 0 00:01:41  -  Total Remote Usage
		Usr 0 00:00:00, Sys 0 00:00:00  -  Total Local Usage
	0  -  Run Bytes Sent By Job
	0  -  Run Bytes Received By Job
	0  -  Total Bytes Sent By Job
	0  -  Total Bytes Received By Job
	Partitionable Resources :    Usage  Request Allocated
	   Cpus                 :                 1         1
	   Disk (KB)            :        1        1  28493273
	   Memory (MB)          :      418        1      4020
...
