000 (4031466.591.000) 03/13 00:00:45 Job submitted from host: <192.168.1.109:9618?addrs=192.168.1.109-9618+[--1]-9618&noUDP&sock=3153_969b_4>
...
001 (4031466.591.000) 03/13 00:53:13 Job executing on host: <192.168.1.42:9618?addrs=192.168.1.42-9618+[--1]-9618&noUDP&sock=3360_3385_3>
...
006 (4031466.591.000) 03/13 00:53:21 Image size of job updated: 399152
	349  -  MemoryUsage of job (MB)
	356528  -  ResidentSetSize of job (KB)
...
006 (4031466.591.000) 03/13 00:58:21 Image size of job updated: 481208
	429  -  MemoryUsage of job (MB)
	438584  -  ResidentSetSize of job (KB)
...
006 (4031466.591.000) 03/13 01:03:22 Image size of job updated: 481432
	429  -  MemoryUsage of job (MB)
	438808  -  ResidentSetSize of job (KB)
...
005 (4031466.591.000) 03/13 01:06:36 Job terminated.
	(1) Normal termination (return value 0)
		Usr 0 00:11:40, Sys 0 00:01:21  -  Run Remote Usage
		Usr 0 00:00:00, Sys 0 00:00:00  -  Run Local Usage
		Usr 0 00:11:40, Sys 0 00:01:21  -  Total Remote Usage
		Usr 0 00:00:00, Sys 0 00:00:00  -  Total Local Usage
	0  -  Run Bytes Sent By Job
	0  -  Run Bytes Received By Job
	0  -  Total Bytes Sent By Job
	0  -  Total Bytes Received By Job
	Partitionable Resources :    Usage  Request Allocated
	   Cpus                 :                 1         1
	   Disk (KB)            :        1        1  20458262
	   Memory (MB)          :      429        1      4022
...
000 (4044172.591.000) 03/13 19:21:23 Job submitted from host: <192.168.1.109:9618?addrs=192.168.1.109-9618+[--1]-9618&noUDP&sock=3153_969b_4>
...
001 (4044172.591.000) 03/13 19:52:45 Job executing on host: <192.168.1.49:9618?addrs=192.168.1.49-9618+[--1]-9618&noUDP&sock=3240_e427_3>
...
006 (4044172.591.000) 03/13 19:52:54 Image size of job updated: 9104
	9  -  MemoryUsage of job (MB)
	9104  -  ResidentSetSize of job (KB)
...
006 (4044172.591.000) 03/13 19:57:55 Image size of job updated: 346320
	339  -  MemoryUsage of job (MB)
	346320  -  ResidentSetSize of job (KB)
...
006 (4044172.591.000) 03/13 20:02:55 Image size of job updated: 439720
	430  -  MemoryUsage of job (MB)
	439720  -  ResidentSetSize of job (KB)
...
006 (4044172.591.000) 03/13 20:07:56 Image size of job updated: 439760
	430  -  MemoryUsage of job (MB)
	439760  -  ResidentSetSize of job (KB)
...
006 (4044172.591.000) 03/13 20:12:57 Image size of job updated: 440528
	430  -  MemoryUsage of job (MB)
	440056  -  ResidentSetSize of job (KB)
...
005 (4044172.591.000) 03/13 20:17:39 Job terminated.
	(1) Normal termination (return value 0)
		Usr 0 00:16:19, Sys 0 00:01:31  -  Run Remote Usage
		Usr 0 00:00:00, Sys 0 00:00:00  -  Run Local Usage
		Usr 0 00:16:19, Sys 0 00:01:31  -  Total Remote Usage
		Usr 0 00:00:00, Sys 0 00:00:00  -  Total Local Usage
	0  -  Run Bytes Sent By Job
	0  -  Run Bytes Received By Job
	0  -  Total Bytes Sent By Job
	0  -  Total Bytes Received By Job
	Partitionable Resources :    Usage  Request Allocated
	   Cpus                 :                 1         1
	   Disk (KB)            :        1        1  28491601
	   Memory (MB)          :      430        1      4020
...
000 (4046522.591.000) 03/15 14:02:21 Job submitted from host: <192.168.1.109:9618?addrs=192.168.1.109-9618+[--1]-9618&noUDP&sock=3153_969b_4>
...
001 (4046522.591.000) 03/15 15:36:38 Job executing on host: <192.168.1.41:9618?addrs=192.168.1.41-9618+[--1]-9618&noUDP&sock=3368_a17e_3>
...
006 (4046522.591.000) 03/15 15:36:47 Image size of job updated: 223048
	143  -  MemoryUsage of job (MB)
	146124  -  ResidentSetSize of job (KB)
...
006 (4046522.591.000) 03/15 15:41:48 Image size of job updated: 412816
	326  -  MemoryUsage of job (MB)
	333424  -  ResidentSetSize of job (KB)
...
006 (4046522.591.000) 03/15 15:46:49 Image size of job updated: 412844
	326  -  MemoryUsage of job (MB)
	333684  -  ResidentSetSize of job (KB)
...
006 (4046522.591.000) 03/15 15:51:49 Image size of job updated: 414496
	328  -  MemoryUsage of job (MB)
	335140  -  ResidentSetSize of job (KB)
...
005 (4046522.591.000) 03/15 15:55:25 Job terminated.
	(1) Normal termination (return value 0)
		Usr 0 00:15:43, Sys 0 00:01:40  -  Run Remote Usage
		Usr 0 00:00:00, Sys 0 00:00:00  -  Run Local Usage
		Usr 0 00:15:43, Sys 0 00:01:40  -  Total Remote Usage
		Usr 0 00:00:00, Sys 0 00:00:00  -  Total Local Usage
	0  -  Run Bytes Sent By Job
	0  -  Run Bytes Received By Job
	0  -  Total Bytes Sent By Job
	0  -  Total Bytes Received By Job
	Partitionable Resources :    Usage  Request Allocated
	   Cpus                 :                 1         1
	   Disk (KB)            :        1        1  20458619
	   Memory (MB)          :      328        1      4022
...
