000 (4031466.291.000) 03/13 00:00:42 Job submitted from host: <192.168.1.109:9618?addrs=192.168.1.109-9618+[--1]-9618&noUDP&sock=3153_969b_4>
...
001 (4031466.291.000) 03/13 00:01:22 Job executing on host: <192.168.1.51:9618?addrs=192.168.1.51-9618+[--1]-9618&noUDP&sock=3125_b25b_3>
...
006 (4031466.291.000) 03/13 00:01:31 Image size of job updated: 40860
	40  -  MemoryUsage of job (MB)
	40628  -  ResidentSetSize of job (KB)
...
006 (4031466.291.000) 03/13 00:06:32 Image size of job updated: 340088
	333  -  MemoryUsage of job (MB)
	340088  -  ResidentSetSize of job (KB)
...
006 (4031466.291.000) 03/13 00:11:33 Image size of job updated: 423024
	414  -  MemoryUsage of job (MB)
	423024  -  ResidentSetSize of job (KB)
...
006 (4031466.291.000) 03/13 00:16:33 Image size of job updated: 423444
	414  -  MemoryUsage of job (MB)
	423444  -  ResidentSetSize of job (KB)
...
006 (4031466.291.000) 03/13 00:21:33 Image size of job updated: 423452
	414  -  MemoryUsage of job (MB)
	423452  -  ResidentSetSize of job (KB)
...
006 (4031466.291.000) 03/13 00:26:34 Image size of job updated: 423456
	414  -  MemoryUsage of job (MB)
	423456  -  ResidentSetSize of job (KB)
...
006 (4031466.291.000) 03/13 00:31:34 Image size of job updated: 423624
	414  -  MemoryUsage of job (MB)
	423624  -  ResidentSetSize of job (KB)
...
006 (4031466.291.000) 03/13 00:36:34 Image size of job updated: 423628
	414  -  MemoryUsage of job (MB)
	423628  -  ResidentSetSize of job (KB)
...
006 (4031466.291.000) 03/13 00:46:43 Image size of job updated: 783480
	414  -  MemoryUsage of job (MB)
	423628  -  ResidentSetSize of job (KB)
...
005 (4031466.291.000) 03/13 00:46:43 Job terminated.
	(1) Normal termination (return value 0)
		Usr 0 00:16:30, Sys 0 00:01:31  -  Run Remote Usage
		Usr 0 00:00:00, Sys 0 00:00:00  -  Run Local Usage
		Usr 0 00:16:30, Sys 0 00:01:31  -  Total Remote Usage
		Usr 0 00:00:00, Sys 0 00:00:00  -  Total Local Usage
	0  -  Run Bytes Sent By Job
	0  -  Run Bytes Received By Job
	0  -  Total Bytes Sent By Job
	0  -  Total Bytes Received By Job
	Partitionable Resources :    Usage  Request Allocated
	   Cpus                 :                 1         1
	   Disk (KB)            :        1        1  28494197
	   Memory (MB)          :      414        1      4020
...
000 (4044172.291.000) 03/13 19:21:21 Job submitted from host: <192.168.1.109:9618?addrs=192.168.1.109-9618+[--1]-9618&noUDP&sock=3153_969b_4>
...
001 (4044172.291.000) 03/13 19:22:00 Job executing on host: <192.168.1.51:9618?addrs=192.168.1.51-9618+[--1]-9618&noUDP&sock=3125_b25b_3>
...
006 (4044172.291.000) 03/13 19:22:09 Image size of job updated: 113772
	110  -  MemoryUsage of job (MB)
	112580  -  ResidentSetSize of job (KB)
...
006 (4044172.291.000) 03/13 19:27:09 Image size of job updated: 334768
	327  -  MemoryUsage of job (MB)
	334768  -  ResidentSetSize of job (KB)
...
006 (4044172.291.000) 03/13 19:32:09 Image size of job updated: 424484
	415  -  MemoryUsage of job (MB)
	424484  -  ResidentSetSize of job (KB)
...
006 (4044172.291.000) 03/13 19:37:10 Image size of job updated: 424620
	415  -  MemoryUsage of job (MB)
	424620  -  ResidentSetSize of job (KB)
...
006 (4044172.291.000) 03/13 19:42:11 Image size of job updated: 424628
	415  -  MemoryUsage of job (MB)
	424628  -  ResidentSetSize of job (KB)
...
006 (4044172.291.000) 03/13 19:47:11 Image size of job updated: 424744
	415  -  MemoryUsage of job (MB)
	424744  -  ResidentSetSize of job (KB)
...
006 (4044172.291.000) 03/13 19:52:12 Image size of job updated: 424808
	415  -  MemoryUsage of job (MB)
	424808  -  ResidentSetSize of job (KB)
...
006 (4044172.291.000) 03/13 19:57:13 Image size of job updated: 424888
	415  -  MemoryUsage of job (MB)
	424812  -  ResidentSetSize of job (KB)
...
006 (4044172.291.000) 03/13 20:04:41 Image size of job updated: 783484
	415  -  MemoryUsage of job (MB)
	424812  -  ResidentSetSize of job (KB)
...
005 (4044172.291.000) 03/13 20:04:41 Job terminated.
	(1) Normal termination (return value 0)
		Usr 0 00:17:08, Sys 0 00:01:44  -  Run Remote Usage
		Usr 0 00:00:00, Sys 0 00:00:00  -  Run Local Usage
		Usr 0 00:17:08, Sys 0 00:01:44  -  Total Remote Usage
		Usr 0 00:00:00, Sys 0 00:00:00  -  Total Local Usage
	0  -  Run Bytes Sent By Job
	0  -  Run Bytes Received By Job
	0  -  Total Bytes Sent By Job
	0  -  Total Bytes Received By Job
	Partitionable Resources :    Usage  Request Allocated
	   Cpus                 :                 1         1
	   Disk (KB)            :        1        1  28494197
	   Memory (MB)          :      415        1      4020
...
000 (4046522.291.000) 03/15 14:02:18 Job submitted from host: <192.168.1.109:9618?addrs=192.168.1.109-9618+[--1]-9618&noUDP&sock=3153_969b_4>
...
001 (4046522.291.000) 03/15 15:15:56 Job executing on host: <192.168.1.43:9618?addrs=192.168.1.43-9618+[--1]-9618&noUDP&sock=3360_24bc_3>
...
006 (4046522.291.000) 03/15 15:16:04 Image size of job updated: 429528
	343  -  MemoryUsage of job (MB)
	350580  -  ResidentSetSize of job (KB)
...
006 (4046522.291.000) 03/15 15:21:04 Image size of job updated: 434080
	424  -  MemoryUsage of job (MB)
	433932  -  ResidentSetSize of job (KB)
...
006 (4046522.291.000) 03/15 15:26:05 Image size of job updated: 434208
	424  -  MemoryUsage of job (MB)
	433948  -  ResidentSetSize of job (KB)
...
006 (4046522.291.000) 03/15 15:31:05 Image size of job updated: 434308
	424  -  MemoryUsage of job (MB)
	434100  -  ResidentSetSize of job (KB)
...
005 (4046522.291.000) 03/15 15:41:24 Job terminated.
	(1) Normal termination (return value 0)
		Usr 0 00:21:31, Sys 0 00:02:15  -  Run Remote Usage
		Usr 0 00:00:00, Sys 0 00:00:00  -  Run Local Usage
		Usr 0 00:21:31, Sys 0 00:02:15  -  Total Remote Usage
		Usr 0 00:00:00, Sys 0 00:00:00  -  Total Local Usage
	0  -  Run Bytes Sent By Job
	0  -  Run Bytes Received By Job
	0  -  Total Bytes Sent By Job
	0  -  Total Bytes Received By Job
	Partitionable Resources :    Usage  Request Allocated
	   Cpus                 :                 1         1
	   Disk (KB)            :        1        1  20458451
	   Memory (MB)          :      424        1      4022
...
