000 (4031233.036.000) 03/12 14:28:34 Job submitted from host: <192.168.1.109:9618?addrs=192.168.1.109-9618+[--1]-9618&noUDP&sock=3153_969b_4>
...
001 (4031233.036.000) 03/12 14:28:47 Job executing on host: <192.168.1.61:9618?addrs=192.168.1.61-9618+[--1]-9618&noUDP&sock=3335_bd3f_11>
...
006 (4031233.036.000) 03/12 14:28:56 Image size of job updated: 50460
	36  -  MemoryUsage of job (MB)
	36484  -  ResidentSetSize of job (KB)
...
006 (4031233.036.000) 03/12 14:33:57 Image size of job updated: 485920
	455  -  MemoryUsage of job (MB)
	465692  -  ResidentSetSize of job (KB)
...
006 (4031233.036.000) 03/12 14:38:57 Image size of job updated: 486012
	455  -  MemoryUsage of job (MB)
	465784  -  ResidentSetSize of job (KB)
...
006 (4031233.036.000) 03/12 14:43:57 Image size of job updated: 486024
	455  -  MemoryUsage of job (MB)
	465796  -  ResidentSetSize of job (KB)
...
006 (4031233.036.000) 03/12 14:48:58 Image size of job updated: 486032
	455  -  MemoryUsage of job (MB)
	465804  -  ResidentSetSize of job (KB)
...
004 (4031233.036.000) 03/12 14:54:07 Job was evicted.
	(0) Job was not checkpointed.
		Usr 0 00:22:38, Sys 0 00:01:56  -  Run Remote Usage
		Usr 0 00:00:00, Sys 0 00:00:00  -  Run Local Usage
	0  -  Run Bytes Sent By Job
	0  -  Run Bytes Received By Job
	Partitionable Resources :    Usage  Request Allocated
	   Cpus                 :                 1         1
	   Disk (KB)            :        1        1  22662097
	   Memory (MB)          :      455        1      4001
...
009 (4031233.036.000) 03/12 14:54:07 Job was aborted by the user.
	via condor_rm (by user routray)
...
000 (4031234.036.000) 03/12 15:03:14 Job submitted from host: <192.168.1.109:9618?addrs=192.168.1.109-9618+[--1]-9618&noUDP&sock=3153_969b_4>
...
001 (4031234.036.000) 03/12 15:03:38 Job executing on host: <192.168.1.61:9618?addrs=192.168.1.61-9618+[--1]-9618&noUDP&sock=3335_bd3f_11>
...
006 (4031234.036.000) 03/12 15:03:47 Image size of job updated: 203380
	182  -  MemoryUsage of job (MB)
	185444  -  ResidentSetSize of job (KB)
...
006 (4031234.036.000) 03/12 15:08:48 Image size of job updated: 470168
	459  -  MemoryUsage of job (MB)
	469636  -  ResidentSetSize of job (KB)
...
004 (4031234.036.000) 03/12 15:12:47 Job was evicted.
	(0) Job was not checkpointed.
		Usr 0 00:08:02, Sys 0 00:00:44  -  Run Remote Usage
		Usr 0 00:00:00, Sys 0 00:00:00  -  Run Local Usage
	0  -  Run Bytes Sent By Job
	0  -  Run Bytes Received By Job
	Partitionable Resources :    Usage  Request Allocated
	   Cpus                 :                 1         1
	   Disk (KB)            :        1        1  22662097
	   Memory (MB)          :      459        1      4001
...
009 (4031234.036.000) 03/12 15:12:48 Job was aborted by the user.
	via condor_rm (by user routray)
...
000 (4031235.036.000) 03/12 15:16:44 Job submitted from host: <192.168.1.109:9618?addrs=192.168.1.109-9618+[--1]-9618&noUDP&sock=3153_969b_4>
...
001 (4031235.036.000) 03/12 15:16:59 Job executing on host: <192.168.1.51:9618?addrs=192.168.1.51-9618+[--1]-9618&noUDP&sock=3125_b25b_3>
...
006 (4031235.036.000) 03/12 15:17:08 Image size of job updated: 389828
	360  -  MemoryUsage of job (MB)
	368188  -  ResidentSetSize of job (KB)
...
006 (4031235.036.000) 03/12 15:22:09 Image size of job updated: 489488
	457  -  MemoryUsage of job (MB)
	467848  -  ResidentSetSize of job (KB)
...
006 (4031235.036.000) 03/12 15:27:09 Image size of job updated: 489496
	457  -  MemoryUsage of job (MB)
	467856  -  ResidentSetSize of job (KB)
...
005 (4031235.036.000) 03/12 15:33:31 Job terminated.
	(1) Normal termination (return value 0)
		Usr 0 00:14:49, Sys 0 00:01:26  -  Run Remote Usage
		Usr 0 00:00:00, Sys 0 00:00:00  -  Run Local Usage
		Usr 0 00:14:49, Sys 0 00:01:26  -  Total Remote Usage
		Usr 0 00:00:00, Sys 0 00:00:00  -  Total Local Usage
	0  -  Run Bytes Sent By Job
	0  -  Run Bytes Received By Job
	0  -  Total Bytes Sent By Job
	0  -  Total Bytes Received By Job
	Partitionable Resources :    Usage  Request Allocated
	   Cpus                 :                 1         1
	   Disk (KB)            :        1        1  28494198
	   Memory (MB)          :      457        1      4020
...
000 (4031450.036.000) 03/12 16:23:12 Job submitted from host: <192.168.1.109:9618?addrs=192.168.1.109-9618+[--1]-9618&noUDP&sock=3153_969b_4>
...
001 (4031450.036.000) 03/12 16:23:35 Job executing on host: <192.168.1.41:9618?addrs=192.168.1.41-9618+[--1]-9618&noUDP&sock=3368_a17e_3>
...
006 (4031450.036.000) 03/12 16:23:43 Image size of job updated: 160204
	146  -  MemoryUsage of job (MB)
	148780  -  ResidentSetSize of job (KB)
...
006 (4031450.036.000) 03/12 16:28:43 Image size of job updated: 346248
	327  -  MemoryUsage of job (MB)
	334696  -  ResidentSetSize of job (KB)
...
006 (4031450.036.000) 03/12 16:33:43 Image size of job updated: 346296
	327  -  MemoryUsage of job (MB)
	334744  -  ResidentSetSize of job (KB)
...
006 (4031450.036.000) 03/12 16:38:44 Image size of job updated: 346300
	327  -  MemoryUsage of job (MB)
	334748  -  ResidentSetSize of job (KB)
...
006 (4031450.036.000) 03/12 16:39:38 Image size of job updated: 820512
	327  -  MemoryUsage of job (MB)
	334748  -  ResidentSetSize of job (KB)
...
005 (4031450.036.000) 03/12 16:39:38 Job terminated.
	(1) Normal termination (return value 0)
		Usr 0 00:14:16, Sys 0 00:01:23  -  Run Remote Usage
		Usr 0 00:00:00, Sys 0 00:00:00  -  Run Local Usage
		Usr 0 00:14:16, Sys 0 00:01:23  -  Total Remote Usage
		Usr 0 00:00:00, Sys 0 00:00:00  -  Total Local Usage
	0  -  Run Bytes Sent By Job
	0  -  Run Bytes Received By Job
	0  -  Total Bytes Sent By Job
	0  -  Total Bytes Received By Job
	Partitionable Resources :    Usage  Request Allocated
	   Cpus                 :                 1         1
	   Disk (KB)            :        1        1  20458619
	   Memory (MB)          :      327        1      4022
...
000 (4031461.036.000) 03/12 18:25:46 Job submitted from host: <192.168.1.109:9618?addrs=192.168.1.109-9618+[--1]-9618&noUDP&sock=3153_969b_4>
...
001 (4031461.036.000) 03/12 18:26:00 Job executing on host: <192.168.1.45:9618?addrs=192.168.1.45-9618+[--1]-9618&noUDP&sock=3341_bd3f_3>
...
006 (4031461.036.000) 03/12 18:26:09 Image size of job updated: 99504
	96  -  MemoryUsage of job (MB)
	98168  -  ResidentSetSize of job (KB)
...
006 (4031461.036.000) 03/12 18:31:10 Image size of job updated: 413104
	403  -  MemoryUsage of job (MB)
	411744  -  ResidentSetSize of job (KB)
...
006 (4031461.036.000) 03/12 18:36:11 Image size of job updated: 413108
	403  -  MemoryUsage of job (MB)
	411748  -  ResidentSetSize of job (KB)
...
006 (4031461.036.000) 03/12 18:41:11 Image size of job updated: 413112
	403  -  MemoryUsage of job (MB)
	411752  -  ResidentSetSize of job (KB)
...
005 (4031461.036.000) 03/12 18:50:26 Job terminated.
	(1) Normal termination (return value 0)
		Usr 0 00:21:02, Sys 0 00:01:51  -  Run Remote Usage
		Usr 0 00:00:00, Sys 0 00:00:00  -  Run Local Usage
		Usr 0 00:21:02, Sys 0 00:01:51  -  Total Remote Usage
		Usr 0 00:00:00, Sys 0 00:00:00  -  Total Local Usage
	0  -  Run Bytes Sent By Job
	0  -  Run Bytes Received By Job
	0  -  Total Bytes Sent By Job
	0  -  Total Bytes Received By Job
	Partitionable Resources :    Usage  Request Allocated
	   Cpus                 :                 1         1
	   Disk (KB)            :        1        1  20460088
	   Memory (MB)          :      403        1      4022
...
000 (4031462.036.000) 03/12 20:10:16 Job submitted from host: <192.168.1.109:9618?addrs=192.168.1.109-9618+[--1]-9618&noUDP&sock=3153_969b_4>
...
001 (4031462.036.000) 03/12 20:10:42 Job executing on host: <192.168.1.45:9618?addrs=192.168.1.45-9618+[--1]-9618&noUDP&sock=3341_bd3f_3>
...
006 (4031462.036.000) 03/12 20:10:50 Image size of job updated: 124940
	122  -  MemoryUsage of job (MB)
	124224  -  ResidentSetSize of job (KB)
...
006 (4031462.036.000) 03/12 20:15:50 Image size of job updated: 390436
	381  -  MemoryUsage of job (MB)
	389704  -  ResidentSetSize of job (KB)
...
006 (4031462.036.000) 03/12 20:20:50 Image size of job updated: 391708
	382  -  MemoryUsage of job (MB)
	390976  -  ResidentSetSize of job (KB)
...
006 (4031462.036.000) 03/12 20:30:51 Image size of job updated: 391716
	382  -  MemoryUsage of job (MB)
	390984  -  ResidentSetSize of job (KB)
...
006 (4031462.036.000) 03/12 20:34:11 Image size of job updated: 761300
	382  -  MemoryUsage of job (MB)
	390984  -  ResidentSetSize of job (KB)
...
005 (4031462.036.000) 03/12 20:34:11 Job terminated.
	(1) Normal termination (return value 0)
		Usr 0 00:19:17, Sys 0 00:01:48  -  Run Remote Usage
		Usr 0 00:00:00, Sys 0 00:00:00  -  Run Local Usage
		Usr 0 00:19:17, Sys 0 00:01:48  -  Total Remote Usage
		Usr 0 00:00:00, Sys 0 00:00:00  -  Total Local Usage
	0  -  Run Bytes Sent By Job
	0  -  Run Bytes Received By Job
	0  -  Total Bytes Sent By Job
	0  -  Total Bytes Received By Job
	Partitionable Resources :    Usage  Request Allocated
	   Cpus                 :                 1         1
	   Disk (KB)            :        1        1  20460088
	   Memory (MB)          :      382        1      4022
...
000 (4031463.036.000) 03/12 21:35:08 Job submitted from host: <192.168.1.109:9618?addrs=192.168.1.109-9618+[--1]-9618&noUDP&sock=3153_969b_4>
...
001 (4031463.036.000) 03/12 21:35:43 Job executing on host: <192.168.1.45:9618?addrs=192.168.1.45-9618+[--1]-9618&noUDP&sock=3341_bd3f_3>
...
006 (4031463.036.000) 03/12 21:35:52 Image size of job updated: 4368
	5  -  MemoryUsage of job (MB)
	4368  -  ResidentSetSize of job (KB)
...
006 (4031463.036.000) 03/12 21:40:52 Image size of job updated: 440764
	429  -  MemoryUsage of job (MB)
	439028  -  ResidentSetSize of job (KB)
...
006 (4031463.036.000) 03/12 21:45:52 Image size of job updated: 441068
	430  -  MemoryUsage of job (MB)
	439332  -  ResidentSetSize of job (KB)
...
006 (4031463.036.000) 03/12 21:50:53 Image size of job updated: 441432
	430  -  MemoryUsage of job (MB)
	439696  -  ResidentSetSize of job (KB)
...
006 (4031463.036.000) 03/12 21:55:53 Image size of job updated: 441472
	430  -  MemoryUsage of job (MB)
	439736  -  ResidentSetSize of job (KB)
...
005 (4031463.036.000) 03/12 21:56:25 Job terminated.
	(1) Normal termination (return value 0)
		Usr 0 00:16:06, Sys 0 00:01:29  -  Run Remote Usage
		Usr 0 00:00:00, Sys 0 00:00:00  -  Run Local Usage
		Usr 0 00:16:06, Sys 0 00:01:29  -  Total Remote Usage
		Usr 0 00:00:00, Sys 0 00:00:00  -  Total Local Usage
	0  -  Run Bytes Sent By Job
	0  -  Run Bytes Received By Job
	0  -  Total Bytes Sent By Job
	0  -  Total Bytes Received By Job
	Partitionable Resources :    Usage  Request Allocated
	   Cpus                 :                 1         1
	   Disk (KB)            :        1        1  20460088
	   Memory (MB)          :      430        1      4022
...
000 (4031464.036.000) 03/12 22:37:43 Job submitted from host: <192.168.1.109:9618?addrs=192.168.1.109-9618+[--1]-9618&noUDP&sock=3153_969b_4>
...
001 (4031464.036.000) 03/12 22:37:50 Job executing on host: <192.168.1.45:9618?addrs=192.168.1.45-9618+[--1]-9618&noUDP&sock=3341_bd3f_3>
...
006 (4031464.036.000) 03/12 22:37:58 Image size of job updated: 96712
	94  -  MemoryUsage of job (MB)
	95608  -  ResidentSetSize of job (KB)
...
006 (4031464.036.000) 03/12 22:42:58 Image size of job updated: 439136
	428  -  MemoryUsage of job (MB)
	437520  -  ResidentSetSize of job (KB)
...
006 (4031464.036.000) 03/12 22:47:58 Image size of job updated: 439440
	428  -  MemoryUsage of job (MB)
	437824  -  ResidentSetSize of job (KB)
...
006 (4031464.036.000) 03/12 22:52:59 Image size of job updated: 439520
	428  -  MemoryUsage of job (MB)
	437904  -  ResidentSetSize of job (KB)
...
005 (4031464.036.000) 03/12 22:55:42 Job terminated.
	(1) Normal termination (return value 0)
		Usr 0 00:15:49, Sys 0 00:01:26  -  Run Remote Usage
		Usr 0 00:00:00, Sys 0 00:00:00  -  Run Local Usage
		Usr 0 00:15:49, Sys 0 00:01:26  -  Total Remote Usage
		Usr 0 00:00:00, Sys 0 00:00:00  -  Total Local Usage
	0  -  Run Bytes Sent By Job
	0  -  Run Bytes Received By Job
	0  -  Total Bytes Sent By Job
	0  -  Total Bytes Received By Job
	Partitionable Resources :    Usage  Request Allocated
	   Cpus                 :                 1         1
	   Disk (KB)            :        1        1  20460088
	   Memory (MB)          :      428        1      4022
...
000 (4031465.036.000) 03/12 23:18:12 Job submitted from host: <192.168.1.109:9618?addrs=192.168.1.109-9618+[--1]-9618&noUDP&sock=3153_969b_4>
...
001 (4031465.036.000) 03/12 23:18:17 Job executing on host: <192.168.1.45:9618?addrs=192.168.1.45-9618+[--1]-9618&noUDP&sock=3341_bd3f_3>
...
006 (4031465.036.000) 03/12 23:18:26 Image size of job updated: 149036
	145  -  MemoryUsage of job (MB)
	147972  -  ResidentSetSize of job (KB)
...
006 (4031465.036.000) 03/12 23:23:27 Image size of job updated: 455760
	445  -  MemoryUsage of job (MB)
	454660  -  ResidentSetSize of job (KB)
...
005 (4031465.036.000) 03/12 23:40:48 Job terminated.
	(1) Normal termination (return value 0)
		Usr 0 00:19:49, Sys 0 00:01:51  -  Run Remote Usage
		Usr 0 00:00:00, Sys 0 00:00:00  -  Run Local Usage
		Usr 0 00:19:49, Sys 0 00:01:51  -  Total Remote Usage
		Usr 0 00:00:00, Sys 0 00:00:00  -  Total Local Usage
	0  -  Run Bytes Sent By Job
	0  -  Run Bytes Received By Job
	0  -  Total Bytes Sent By Job
	0  -  Total Bytes Received By Job
	Partitionable Resources :    Usage  Request Allocated
	   Cpus                 :                 1         1
	   Disk (KB)            :        1        1  20460088
	   Memory (MB)          :      445        1      4022
...
000 (4031466.036.000) 03/13 00:00:40 Job submitted from host: <192.168.1.109:9618?addrs=192.168.1.109-9618+[--1]-9618&noUDP&sock=3153_969b_4>
...
001 (4031466.036.000) 03/13 00:01:10 Job executing on host: <192.168.1.45:9618?addrs=192.168.1.45-9618+[--1]-9618&noUDP&sock=3341_bd3f_3>
...
006 (4031466.036.000) 03/13 00:01:19 Image size of job updated: 117984
	113  -  MemoryUsage of job (MB)
	115236  -  ResidentSetSize of job (KB)
...
006 (4031466.036.000) 03/13 00:06:19 Image size of job updated: 369772
	362  -  MemoryUsage of job (MB)
	369772  -  ResidentSetSize of job (KB)
...
006 (4031466.036.000) 03/13 00:11:19 Image size of job updated: 453640
	444  -  MemoryUsage of job (MB)
	453640  -  ResidentSetSize of job (KB)
...
006 (4031466.036.000) 03/13 00:21:20 Image size of job updated: 454372
	444  -  MemoryUsage of job (MB)
	454372  -  ResidentSetSize of job (KB)
...
006 (4031466.036.000) 03/13 00:26:20 Image size of job updated: 454384
	444  -  MemoryUsage of job (MB)
	454384  -  ResidentSetSize of job (KB)
...
006 (4031466.036.000) 03/13 00:36:22 Image size of job updated: 454392
	444  -  MemoryUsage of job (MB)
	454392  -  ResidentSetSize of job (KB)
...
006 (4031466.036.000) 03/13 00:51:24 Image size of job updated: 574572
	562  -  MemoryUsage of job (MB)
	574572  -  ResidentSetSize of job (KB)
...
005 (4031466.036.000) 03/13 00:54:04 Job terminated.
	(1) Normal termination (return value 0)
		Usr 0 00:17:35, Sys 0 00:01:49  -  Run Remote Usage
		Usr 0 00:00:00, Sys 0 00:00:00  -  Run Local Usage
		Usr 0 00:17:35, Sys 0 00:01:49  -  Total Remote Usage
		Usr 0 00:00:00, Sys 0 00:00:00  -  Total Local Usage
	0  -  Run Bytes Sent By Job
	0  -  Run Bytes Received By Job
	0  -  Total Bytes Sent By Job
	0  -  Total Bytes Received By Job
	Partitionable Resources :    Usage  Request Allocated
	   Cpus                 :                 1         1
	   Disk (KB)            :        1        1  20460088
	   Memory (MB)          :      562        1      4022
...
000 (4044172.036.000) 03/13 19:21:17 Job submitted from host: <192.168.1.109:9618?addrs=192.168.1.109-9618+[--1]-9618&noUDP&sock=3153_969b_4>
...
001 (4044172.036.000) 03/13 19:21:45 Job executing on host: <192.168.1.45:9618?addrs=192.168.1.45-9618+[--1]-9618&noUDP&sock=3341_bd3f_3>
...
006 (4044172.036.000) 03/13 19:21:54 Image size of job updated: 156720
	145  -  MemoryUsage of job (MB)
	147536  -  ResidentSetSize of job (KB)
...
006 (4044172.036.000) 03/13 19:26:55 Image size of job updated: 383792
	366  -  MemoryUsage of job (MB)
	374364  -  ResidentSetSize of job (KB)
...
006 (4044172.036.000) 03/13 19:31:56 Image size of job updated: 461480
	442  -  MemoryUsage of job (MB)
	452052  -  ResidentSetSize of job (KB)
...
006 (4044172.036.000) 03/13 19:36:56 Image size of job updated: 463420
	444  -  MemoryUsage of job (MB)
	453992  -  ResidentSetSize of job (KB)
...
006 (4044172.036.000) 03/13 20:11:59 Image size of job updated: 574920
	562  -  MemoryUsage of job (MB)
	574692  -  ResidentSetSize of job (KB)
...
006 (4044172.036.000) 03/13 20:12:20 Image size of job updated: 934608
	562  -  MemoryUsage of job (MB)
	574692  -  ResidentSetSize of job (KB)
...
005 (4044172.036.000) 03/13 20:12:20 Job terminated.
	(1) Normal termination (return value 0)
		Usr 0 00:19:18, Sys 0 00:02:06  -  Run Remote Usage
		Usr 0 00:00:00, Sys 0 00:00:00  -  Run Local Usage
		Usr 0 00:19:18, Sys 0 00:02:06  -  Total Remote Usage
		Usr 0 00:00:00, Sys 0 00:00:00  -  Total Local Usage
	0  -  Run Bytes Sent By Job
	0  -  Run Bytes Received By Job
	0  -  Total Bytes Sent By Job
	0  -  Total Bytes Received By Job
	Partitionable Resources :    Usage  Request Allocated
	   Cpus                 :                 1         1
	   Disk (KB)            :        1        1  20460088
	   Memory (MB)          :      562        1      4022
...
000 (4044175.036.000) 03/13 20:53:38 Job submitted from host: <192.168.1.109:9618?addrs=192.168.1.109-9618+[--1]-9618&noUDP&sock=3153_969b_4>
...
001 (4044175.036.000) 03/13 20:53:56 Job executing on host: <192.168.1.41:9618?addrs=192.168.1.41-9618+[--1]-9618&noUDP&sock=3368_a17e_3>
...
006 (4044175.036.000) 03/13 20:54:04 Image size of job updated: 166700
	161  -  MemoryUsage of job (MB)
	164224  -  ResidentSetSize of job (KB)
...
006 (4044175.036.000) 03/13 20:59:04 Image size of job updated: 334156
	324  -  MemoryUsage of job (MB)
	331680  -  ResidentSetSize of job (KB)
...
006 (4044175.036.000) 03/13 21:04:04 Image size of job updated: 334220
	324  -  MemoryUsage of job (MB)
	331744  -  ResidentSetSize of job (KB)
...
006 (4044175.036.000) 03/13 21:09:05 Image size of job updated: 334336
	325  -  MemoryUsage of job (MB)
	331860  -  ResidentSetSize of job (KB)
...
006 (4044175.036.000) 03/13 21:10:51 Image size of job updated: 445644
	325  -  MemoryUsage of job (MB)
	331860  -  ResidentSetSize of job (KB)
...
005 (4044175.036.000) 03/13 21:10:51 Job terminated.
	(1) Normal termination (return value 0)
		Usr 0 00:14:50, Sys 0 00:01:42  -  Run Remote Usage
		Usr 0 00:00:00, Sys 0 00:00:00  -  Run Local Usage
		Usr 0 00:14:50, Sys 0 00:01:42  -  Total Remote Usage
		Usr 0 00:00:00, Sys 0 00:00:00  -  Total Local Usage
	0  -  Run Bytes Sent By Job
	0  -  Run Bytes Received By Job
	0  -  Total Bytes Sent By Job
	0  -  Total Bytes Received By Job
	Partitionable Resources :    Usage  Request Allocated
	   Cpus                 :                 1         1
	   Disk (KB)            :        1        1  20458619
	   Memory (MB)          :      325        1      4022
...
000 (4045912.036.000) 03/14 19:19:22 Job submitted from host: <192.168.1.109:9618?addrs=192.168.1.109-9618+[--1]-9618&noUDP&sock=3153_969b_4>
...
000 (4046521.036.000) 03/15 13:40:08 Job submitted from host: <192.168.1.109:9618?addrs=192.168.1.109-9618+[--1]-9618&noUDP&sock=3153_969b_4>
...
001 (4045912.036.000) 03/15 13:56:39 Job executing on host: <192.168.1.39:9618?addrs=192.168.1.39-9618+[--1]-9618&noUDP&sock=3239_16fe_3>
...
006 (4045912.036.000) 03/15 13:56:48 Image size of job updated: 349860
	333  -  MemoryUsage of job (MB)
	340792  -  ResidentSetSize of job (KB)
...
009 (4046521.036.000) 03/15 13:56:54 Job was aborted by the user.
	via condor_rm (by user routray)
...
006 (4045912.036.000) 03/15 13:57:09 Image size of job updated: 781216
	333  -  MemoryUsage of job (MB)
	340792  -  ResidentSetSize of job (KB)
...
004 (4045912.036.000) 03/15 13:57:09 Job was evicted.
	(0) Job was not checkpointed.
		Usr 0 00:00:23, Sys 0 00:00:03  -  Run Remote Usage
		Usr 0 00:00:00, Sys 0 00:00:00  -  Run Local Usage
	0  -  Run Bytes Sent By Job
	0  -  Run Bytes Received By Job
	Partitionable Resources :    Usage  Request Allocated
	   Cpus                 :                 1         1
	   Disk (KB)            :        1        1  20460459
	   Memory (MB)          :      333        1      4022
...
009 (4045912.036.000) 03/15 13:57:10 Job was aborted by the user.
	via condor_rm (by user routray)
...
000 (4046522.036.000) 03/15 14:02:15 Job submitted from host: <192.168.1.109:9618?addrs=192.168.1.109-9618+[--1]-9618&noUDP&sock=3153_969b_4>
...
001 (4046522.036.000) 03/15 14:31:49 Job executing on host: <192.168.1.53:9618?addrs=192.168.1.53-9618+[--1]-9618&noUDP&sock=3369_5fdf_35>
...
006 (4046522.036.000) 03/15 14:31:58 Image size of job updated: 246632
	161  -  MemoryUsage of job (MB)
	164236  -  ResidentSetSize of job (KB)
...
006 (4046522.036.000) 03/15 14:36:59 Image size of job updated: 415136
	325  -  MemoryUsage of job (MB)
	332716  -  ResidentSetSize of job (KB)
...
006 (4046522.036.000) 03/15 14:41:59 Image size of job updated: 415640
	326  -  MemoryUsage of job (MB)
	333220  -  ResidentSetSize of job (KB)
...
006 (4046522.036.000) 03/15 14:47:00 Image size of job updated: 415676
	326  -  MemoryUsage of job (MB)
	333256  -  ResidentSetSize of job (KB)
...
006 (4046522.036.000) 03/15 14:52:01 Image size of job updated: 415688
	326  -  MemoryUsage of job (MB)
	333268  -  ResidentSetSize of job (KB)
...
006 (4046522.036.000) 03/15 14:57:01 Image size of job updated: 415688
	326  -  MemoryUsage of job (MB)
	333288  -  ResidentSetSize of job (KB)
...
006 (4046522.036.000) 03/15 15:07:02 Image size of job updated: 415688
	326  -  MemoryUsage of job (MB)
	333292  -  ResidentSetSize of job (KB)
...
006 (4046522.036.000) 03/15 15:12:03 Image size of job updated: 415688
	326  -  MemoryUsage of job (MB)
	333296  -  ResidentSetSize of job (KB)
...
005 (4046522.036.000) 03/15 15:16:30 Job terminated.
	(1) Normal termination (return value 0)
		Usr 0 00:40:22, Sys 0 00:04:00  -  Run Remote Usage
		Usr 0 00:00:00, Sys 0 00:00:00  -  Run Local Usage
		Usr 0 00:40:22, Sys 0 00:04:00  -  Total Remote Usage
		Usr 0 00:00:00, Sys 0 00:00:00  -  Total Local Usage
	0  -  Run Bytes Sent By Job
	0  -  Run Bytes Received By Job
	0  -  Total Bytes Sent By Job
	0  -  Total Bytes Received By Job
	Partitionable Resources :    Usage  Request Allocated
	   Cpus                 :                 1         1
	   Disk (KB)            :        1        1  22662182
	   Memory (MB)          :      326        1      4001
...
000 (4046529.036.000) 03/15 16:30:18 Job submitted from host: <192.168.1.109:9618?addrs=192.168.1.109-9618+[--1]-9618&noUDP&sock=3153_969b_4>
...
001 (4046529.036.000) 03/15 16:30:39 Job executing on host: <192.168.1.52:9618?addrs=192.168.1.52-9618+[--1]-9618&noUDP&sock=3327_407d_36>
...
006 (4046529.036.000) 03/15 16:30:47 Image size of job updated: 105500
	91  -  MemoryUsage of job (MB)
	93024  -  ResidentSetSize of job (KB)
...
006 (4046529.036.000) 03/15 16:35:47 Image size of job updated: 467716
	443  -  MemoryUsage of job (MB)
	453352  -  ResidentSetSize of job (KB)
...
006 (4046529.036.000) 03/15 16:40:47 Image size of job updated: 497540
	472  -  MemoryUsage of job (MB)
	483176  -  ResidentSetSize of job (KB)
...
006 (4046529.036.000) 03/15 16:45:48 Image size of job updated: 497656
	472  -  MemoryUsage of job (MB)
	483292  -  ResidentSetSize of job (KB)
...
006 (4046529.036.000) 03/15 16:50:49 Image size of job updated: 499264
	474  -  MemoryUsage of job (MB)
	484900  -  ResidentSetSize of job (KB)
...
005 (4046529.036.000) 03/15 17:20:41 Job terminated.
	(1) Normal termination (return value 0)
		Usr 0 00:45:18, Sys 0 00:04:25  -  Run Remote Usage
		Usr 0 00:00:00, Sys 0 00:00:00  -  Run Local Usage
		Usr 0 00:45:18, Sys 0 00:04:25  -  Total Remote Usage
		Usr 0 00:00:00, Sys 0 00:00:00  -  Total Local Usage
	0  -  Run Bytes Sent By Job
	0  -  Run Bytes Received By Job
	0  -  Total Bytes Sent By Job
	0  -  Total Bytes Received By Job
	Partitionable Resources :    Usage  Request Allocated
	   Cpus                 :                 1         1
	   Disk (KB)            :        1        1  22661368
	   Memory (MB)          :      474        1      4001
...
000 (4046534.036.000) 03/15 17:39:02 Job submitted from host: <192.168.1.109:9618?addrs=192.168.1.109-9618+[--1]-9618&noUDP&sock=3153_969b_4>
...
001 (4046534.036.000) 03/15 17:39:15 Job executing on host: <192.168.1.41:9618?addrs=192.168.1.41-9618+[--1]-9618&noUDP&sock=3368_a17e_3>
...
006 (4046534.036.000) 03/15 17:39:23 Image size of job updated: 179576
	161  -  MemoryUsage of job (MB)
	164636  -  ResidentSetSize of job (KB)
...
006 (4046534.036.000) 03/15 17:44:23 Image size of job updated: 341428
	319  -  MemoryUsage of job (MB)
	326488  -  ResidentSetSize of job (KB)
...
006 (4046534.036.000) 03/15 17:49:24 Image size of job updated: 342424
	320  -  MemoryUsage of job (MB)
	327484  -  ResidentSetSize of job (KB)
...
005 (4046534.036.000) 03/15 17:52:06 Job terminated.
	(1) Normal termination (return value 0)
		Usr 0 00:11:18, Sys 0 00:01:16  -  Run Remote Usage
		Usr 0 00:00:00, Sys 0 00:00:00  -  Run Local Usage
		Usr 0 00:11:18, Sys 0 00:01:16  -  Total Remote Usage
		Usr 0 00:00:00, Sys 0 00:00:00  -  Total Local Usage
	0  -  Run Bytes Sent By Job
	0  -  Run Bytes Received By Job
	0  -  Total Bytes Sent By Job
	0  -  Total Bytes Received By Job
	Partitionable Resources :    Usage  Request Allocated
	   Cpus                 :                 1         1
	   Disk (KB)            :        1        1  20458619
	   Memory (MB)          :      320        1      4022
...
000 (4046570.036.000) 03/15 18:56:23 Job submitted from host: <192.168.1.109:9618?addrs=192.168.1.109-9618+[--1]-9618&noUDP&sock=3153_969b_4>
...
001 (4046570.036.000) 03/15 18:56:37 Job executing on host: <192.168.1.51:9618?addrs=192.168.1.51-9618+[--1]-9618&noUDP&sock=3125_b25b_3>
...
006 (4046570.036.000) 03/15 18:56:45 Image size of job updated: 100800
	93  -  MemoryUsage of job (MB)
	95036  -  ResidentSetSize of job (KB)
...
006 (4046570.036.000) 03/15 19:01:45 Image size of job updated: 443016
	427  -  MemoryUsage of job (MB)
	436272  -  ResidentSetSize of job (KB)
...
006 (4046570.036.000) 03/15 19:06:45 Image size of job updated: 443020
	427  -  MemoryUsage of job (MB)
	436276  -  ResidentSetSize of job (KB)
...
006 (4046570.036.000) 03/15 19:11:46 Image size of job updated: 443376
	427  -  MemoryUsage of job (MB)
	436632  -  ResidentSetSize of job (KB)
...
005 (4046570.036.000) 03/15 19:16:33 Job terminated.
	(1) Normal termination (return value 0)
		Usr 0 00:17:34, Sys 0 00:01:40  -  Run Remote Usage
		Usr 0 00:00:00, Sys 0 00:00:00  -  Run Local Usage
		Usr 0 00:17:34, Sys 0 00:01:40  -  Total Remote Usage
		Usr 0 00:00:00, Sys 0 00:00:00  -  Total Local Usage
	0  -  Run Bytes Sent By Job
	0  -  Run Bytes Received By Job
	0  -  Total Bytes Sent By Job
	0  -  Total Bytes Received By Job
	Partitionable Resources :    Usage  Request Allocated
	   Cpus                 :                 1         1
	   Disk (KB)            :        1        1  28494197
	   Memory (MB)          :      427        1      4020
...
