000 (4031233.133.000) 03/12 14:28:35 Job submitted from host: <192.168.1.109:9618?addrs=192.168.1.109-9618+[--1]-9618&noUDP&sock=3153_969b_4>
...
001 (4031233.133.000) 03/12 14:28:51 Job executing on host: <192.168.1.49:9618?addrs=192.168.1.49-9618+[--1]-9618&noUDP&sock=3240_e427_3>
...
006 (4031233.133.000) 03/12 14:29:00 Image size of job updated: 405964
	370  -  MemoryUsage of job (MB)
	378820  -  ResidentSetSize of job (KB)
...
006 (4031233.133.000) 03/12 14:34:01 Image size of job updated: 496048
	458  -  MemoryUsage of job (MB)
	468904  -  ResidentSetSize of job (KB)
...
006 (4031233.133.000) 03/12 14:39:01 Image size of job updated: 496052
	458  -  MemoryUsage of job (MB)
	468908  -  ResidentSetSize of job (KB)
...
005 (4031233.133.000) 03/12 14:43:55 Job terminated.
	(1) Normal termination (return value 0)
		Usr 0 00:13:25, Sys 0 00:01:17  -  Run Remote Usage
		Usr 0 00:00:00, Sys 0 00:00:00  -  Run Local Usage
		Usr 0 00:13:25, Sys 0 00:01:17  -  Total Remote Usage
		Usr 0 00:00:00, Sys 0 00:00:00  -  Total Local Usage
	0  -  Run Bytes Sent By Job
	0  -  Run Bytes Received By Job
	0  -  Total Bytes Sent By Job
	0  -  Total Bytes Received By Job
	Partitionable Resources :    Usage  Request Allocated
	   Cpus                 :                 1         1
	   Disk (KB)            :        1        1  28491601
	   Memory (MB)          :      458        1      4020
...
000 (4031234.133.000) 03/12 15:03:15 Job submitted from host: <192.168.1.109:9618?addrs=192.168.1.109-9618+[--1]-9618&noUDP&sock=3153_969b_4>
...
001 (4031234.133.000) 03/12 15:03:43 Job executing on host: <192.168.1.67:9618?addrs=192.168.1.67-9618+[--1]-9618&noUDP&sock=3517_344b_38>
...
006 (4031234.133.000) 03/12 15:03:51 Image size of job updated: 110280
	100  -  MemoryUsage of job (MB)
	101492  -  ResidentSetSize of job (KB)
...
006 (4031234.133.000) 03/12 15:08:51 Image size of job updated: 464012
	453  -  MemoryUsage of job (MB)
	463724  -  ResidentSetSize of job (KB)
...
004 (4031234.133.000) 03/12 15:12:49 Job was evicted.
	(0) Job was not checkpointed.
		Usr 0 00:07:57, Sys 0 00:00:43  -  Run Remote Usage
		Usr 0 00:00:00, Sys 0 00:00:00  -  Run Local Usage
	0  -  Run Bytes Sent By Job
	0  -  Run Bytes Received By Job
	Partitionable Resources :    Usage  Request Allocated
	   Cpus                 :                 1         1
	   Disk (KB)            :        1        1  22682500
	   Memory (MB)          :      453        1      4015
...
009 (4031234.133.000) 03/12 15:12:53 Job was aborted by the user.
	via condor_rm (by user routray)
...
000 (4031235.133.000) 03/12 15:16:44 Job submitted from host: <192.168.1.109:9618?addrs=192.168.1.109-9618+[--1]-9618&noUDP&sock=3153_969b_4>
...
001 (4031235.133.000) 03/12 15:17:03 Job executing on host: <192.168.1.67:9618?addrs=192.168.1.67-9618+[--1]-9618&noUDP&sock=3517_344b_38>
...
006 (4031235.133.000) 03/12 15:17:12 Image size of job updated: 379352
	366  -  MemoryUsage of job (MB)
	374008  -  ResidentSetSize of job (KB)
...
006 (4031235.133.000) 03/12 15:22:13 Image size of job updated: 474732
	459  -  MemoryUsage of job (MB)
	469380  -  ResidentSetSize of job (KB)
...
006 (4031235.133.000) 03/12 15:27:13 Image size of job updated: 474912
	459  -  MemoryUsage of job (MB)
	469560  -  ResidentSetSize of job (KB)
...
006 (4031235.133.000) 03/12 15:32:13 Image size of job updated: 474928
	459  -  MemoryUsage of job (MB)
	469576  -  ResidentSetSize of job (KB)
...
006 (4031235.133.000) 03/12 15:37:14 Image size of job updated: 508516
	492  -  MemoryUsage of job (MB)
	503164  -  ResidentSetSize of job (KB)
...
005 (4031235.133.000) 03/12 15:46:17 Job terminated.
	(1) Normal termination (return value 0)
		Usr 0 00:26:43, Sys 0 00:02:18  -  Run Remote Usage
		Usr 0 00:00:00, Sys 0 00:00:00  -  Run Local Usage
		Usr 0 00:26:43, Sys 0 00:02:18  -  Total Remote Usage
		Usr 0 00:00:00, Sys 0 00:00:00  -  Total Local Usage
	0  -  Run Bytes Sent By Job
	0  -  Run Bytes Received By Job
	0  -  Total Bytes Sent By Job
	0  -  Total Bytes Received By Job
	Partitionable Resources :    Usage  Request Allocated
	   Cpus                 :                 1         1
	   Disk (KB)            :        1        1  22682500
	   Memory (MB)          :      492        1      4015
...
000 (4031461.133.000) 03/12 18:25:46 Job submitted from host: <192.168.1.109:9618?addrs=192.168.1.109-9618+[--1]-9618&noUDP&sock=3153_969b_4>
...
001 (4031461.133.000) 03/12 18:26:03 Job executing on host: <192.168.1.66:9618?addrs=192.168.1.66-9618+[--1]-9618&noUDP&sock=3560_0345_33>
...
006 (4031461.133.000) 03/12 18:26:11 Image size of job updated: 152024
	145  -  MemoryUsage of job (MB)
	147844  -  ResidentSetSize of job (KB)
...
006 (4031461.133.000) 03/12 18:31:11 Image size of job updated: 472412
	458  -  MemoryUsage of job (MB)
	468144  -  ResidentSetSize of job (KB)
...
006 (4031461.133.000) 03/12 18:36:11 Image size of job updated: 472552
	458  -  MemoryUsage of job (MB)
	468284  -  ResidentSetSize of job (KB)
...
006 (4031461.133.000) 03/12 18:41:12 Image size of job updated: 472560
	458  -  MemoryUsage of job (MB)
	468292  -  ResidentSetSize of job (KB)
...
006 (4031461.133.000) 03/12 18:46:12 Image size of job updated: 492436
	477  -  MemoryUsage of job (MB)
	488168  -  ResidentSetSize of job (KB)
...
006 (4031461.133.000) 03/12 18:51:12 Image size of job updated: 493008
	478  -  MemoryUsage of job (MB)
	488740  -  ResidentSetSize of job (KB)
...
005 (4031461.133.000) 03/12 18:58:34 Job terminated.
	(1) Normal termination (return value 0)
		Usr 0 00:29:32, Sys 0 00:02:33  -  Run Remote Usage
		Usr 0 00:00:00, Sys 0 00:00:00  -  Run Local Usage
		Usr 0 00:29:32, Sys 0 00:02:33  -  Total Remote Usage
		Usr 0 00:00:00, Sys 0 00:00:00  -  Total Local Usage
	0  -  Run Bytes Sent By Job
	0  -  Run Bytes Received By Job
	0  -  Total Bytes Sent By Job
	0  -  Total Bytes Received By Job
	Partitionable Resources :    Usage  Request Allocated
	   Cpus                 :                 1         1
	   Disk (KB)            :        1        1  22684277
	   Memory (MB)          :      478        1      4015
...
000 (4031462.133.000) 03/12 20:10:16 Job submitted from host: <192.168.1.109:9618?addrs=192.168.1.109-9618+[--1]-9618&noUDP&sock=3153_969b_4>
...
001 (4031462.133.000) 03/12 20:10:44 Job executing on host: <192.168.1.66:9618?addrs=192.168.1.66-9618+[--1]-9618&noUDP&sock=3560_0345_33>
...
006 (4031462.133.000) 03/12 20:10:53 Image size of job updated: 122780
	110  -  MemoryUsage of job (MB)
	111752  -  ResidentSetSize of job (KB)
...
006 (4031462.133.000) 03/12 20:15:54 Image size of job updated: 399664
	379  -  MemoryUsage of job (MB)
	387632  -  ResidentSetSize of job (KB)
...
006 (4031462.133.000) 03/12 20:20:54 Image size of job updated: 400404
	380  -  MemoryUsage of job (MB)
	388372  -  ResidentSetSize of job (KB)
...
006 (4031462.133.000) 03/12 20:25:54 Image size of job updated: 400408
	380  -  MemoryUsage of job (MB)
	388376  -  ResidentSetSize of job (KB)
...
005 (4031462.133.000) 03/12 20:39:12 Job terminated.
	(1) Normal termination (return value 0)
		Usr 0 00:25:28, Sys 0 00:02:29  -  Run Remote Usage
		Usr 0 00:00:00, Sys 0 00:00:00  -  Run Local Usage
		Usr 0 00:25:28, Sys 0 00:02:29  -  Total Remote Usage
		Usr 0 00:00:00, Sys 0 00:00:00  -  Total Local Usage
	0  -  Run Bytes Sent By Job
	0  -  Run Bytes Received By Job
	0  -  Total Bytes Sent By Job
	0  -  Total Bytes Received By Job
	Partitionable Resources :    Usage  Request Allocated
	   Cpus                 :                 1         1
	   Disk (KB)            :        1        1  22684277
	   Memory (MB)          :      380        1      4015
...
000 (4031463.133.000) 03/12 21:35:12 Job submitted from host: <192.168.1.109:9618?addrs=192.168.1.109-9618+[--1]-9618&noUDP&sock=3153_969b_4>
...
001 (4031463.133.000) 03/12 21:35:46 Job executing on host: <192.168.1.54:9618?addrs=192.168.1.54-9618+[--1]-9618&noUDP&sock=3362_92b5_36>
...
006 (4031463.133.000) 03/12 21:35:54 Image size of job updated: 42924
	36  -  MemoryUsage of job (MB)
	36672  -  ResidentSetSize of job (KB)
...
006 (4031463.133.000) 03/12 21:40:54 Image size of job updated: 450556
	429  -  MemoryUsage of job (MB)
	438412  -  ResidentSetSize of job (KB)
...
006 (4031463.133.000) 03/12 21:50:56 Image size of job updated: 491052
	468  -  MemoryUsage of job (MB)
	478908  -  ResidentSetSize of job (KB)
...
005 (4031463.133.000) 03/12 22:02:36 Job terminated.
	(1) Normal termination (return value 0)
		Usr 0 00:23:36, Sys 0 00:02:19  -  Run Remote Usage
		Usr 0 00:00:00, Sys 0 00:00:00  -  Run Local Usage
		Usr 0 00:23:36, Sys 0 00:02:19  -  Total Remote Usage
		Usr 0 00:00:00, Sys 0 00:00:00  -  Total Local Usage
	0  -  Run Bytes Sent By Job
	0  -  Run Bytes Received By Job
	0  -  Total Bytes Sent By Job
	0  -  Total Bytes Received By Job
	Partitionable Resources :    Usage  Request Allocated
	   Cpus                 :                 1         1
	   Disk (KB)            :        1        1  22660606
	   Memory (MB)          :      468        1      4001
...
000 (4031466.133.000) 03/13 00:00:40 Job submitted from host: <192.168.1.109:9618?addrs=192.168.1.109-9618+[--1]-9618&noUDP&sock=3153_969b_4>
...
001 (4031466.133.000) 03/13 00:01:13 Job executing on host: <192.168.1.54:9618?addrs=192.168.1.54-9618+[--1]-9618&noUDP&sock=3362_92b5_36>
...
006 (4031466.133.000) 03/13 00:01:22 Image size of job updated: 220860
	209  -  MemoryUsage of job (MB)
	213828  -  ResidentSetSize of job (KB)
...
006 (4031466.133.000) 03/13 00:06:23 Image size of job updated: 446996
	437  -  MemoryUsage of job (MB)
	446828  -  ResidentSetSize of job (KB)
...
006 (4031466.133.000) 03/13 00:11:23 Image size of job updated: 447424
	437  -  MemoryUsage of job (MB)
	447256  -  ResidentSetSize of job (KB)
...
006 (4031466.133.000) 03/13 00:21:24 Image size of job updated: 447604
	437  -  MemoryUsage of job (MB)
	447436  -  ResidentSetSize of job (KB)
...
006 (4031466.133.000) 03/13 00:26:25 Image size of job updated: 448892
	439  -  MemoryUsage of job (MB)
	448724  -  ResidentSetSize of job (KB)
...
006 (4031466.133.000) 03/13 00:31:25 Image size of job updated: 481072
	470  -  MemoryUsage of job (MB)
	480904  -  ResidentSetSize of job (KB)
...
006 (4031466.133.000) 03/13 00:37:46 Image size of job updated: 481272
	470  -  MemoryUsage of job (MB)
	480904  -  ResidentSetSize of job (KB)
...
005 (4031466.133.000) 03/13 00:37:46 Job terminated.
	(1) Normal termination (return value 0)
		Usr 0 00:31:05, Sys 0 00:02:56  -  Run Remote Usage
		Usr 0 00:00:00, Sys 0 00:00:00  -  Run Local Usage
		Usr 0 00:31:05, Sys 0 00:02:56  -  Total Remote Usage
		Usr 0 00:00:00, Sys 0 00:00:00  -  Total Local Usage
	0  -  Run Bytes Sent By Job
	0  -  Run Bytes Received By Job
	0  -  Total Bytes Sent By Job
	0  -  Total Bytes Received By Job
	Partitionable Resources :    Usage  Request Allocated
	   Cpus                 :                 1         1
	   Disk (KB)            :        1        1  22660606
	   Memory (MB)          :      470        1      4001
...
000 (4044172.133.000) 03/13 19:21:19 Job submitted from host: <192.168.1.109:9618?addrs=192.168.1.109-9618+[--1]-9618&noUDP&sock=3153_969b_4>
...
001 (4044172.133.000) 03/13 19:21:48 Job executing on host: <192.168.1.44:9618?addrs=192.168.1.44-9618+[--1]-9618&noUDP&sock=3035_ca7b_3>
...
006 (4044172.133.000) 03/13 19:21:56 Image size of job updated: 148520
	144  -  MemoryUsage of job (MB)
	147152  -  ResidentSetSize of job (KB)
...
006 (4044172.133.000) 03/13 19:26:57 Image size of job updated: 446344
	436  -  MemoryUsage of job (MB)
	446336  -  ResidentSetSize of job (KB)
...
006 (4044172.133.000) 03/13 19:52:00 Image size of job updated: 446380
	436  -  MemoryUsage of job (MB)
	446372  -  ResidentSetSize of job (KB)
...
006 (4044172.133.000) 03/13 19:57:00 Image size of job updated: 446496
	437  -  MemoryUsage of job (MB)
	446488  -  ResidentSetSize of job (KB)
...
006 (4044172.133.000) 03/13 20:02:01 Image size of job updated: 446504
	437  -  MemoryUsage of job (MB)
	446496  -  ResidentSetSize of job (KB)
...
006 (4044172.133.000) 03/13 20:11:12 Image size of job updated: 810344
	437  -  MemoryUsage of job (MB)
	446496  -  ResidentSetSize of job (KB)
...
005 (4044172.133.000) 03/13 20:11:12 Job terminated.
	(1) Normal termination (return value 0)
		Usr 0 00:15:47, Sys 0 00:01:53  -  Run Remote Usage
		Usr 0 00:00:00, Sys 0 00:00:00  -  Run Local Usage
		Usr 0 00:15:47, Sys 0 00:01:53  -  Total Remote Usage
		Usr 0 00:00:00, Sys 0 00:00:00  -  Total Local Usage
	0  -  Run Bytes Sent By Job
	0  -  Run Bytes Received By Job
	0  -  Total Bytes Sent By Job
	0  -  Total Bytes Received By Job
	Partitionable Resources :    Usage  Request Allocated
	   Cpus                 :                 1         1
	   Disk (KB)            :        1        1  20458817
	   Memory (MB)          :      437        1      4022
...
000 (4046522.133.000) 03/15 14:02:16 Job submitted from host: <192.168.1.109:9618?addrs=192.168.1.109-9618+[--1]-9618&noUDP&sock=3153_969b_4>
...
001 (4046522.133.000) 03/15 14:56:15 Job executing on host: <192.168.1.49:9618?addrs=192.168.1.49-9618+[--1]-9618&noUDP&sock=3240_e427_3>
...
006 (4046522.133.000) 03/15 14:56:24 Image size of job updated: 441396
	354  -  MemoryUsage of job (MB)
	362304  -  ResidentSetSize of job (KB)
...
006 (4046522.133.000) 03/15 15:01:25 Image size of job updated: 446628
	436  -  MemoryUsage of job (MB)
	445508  -  ResidentSetSize of job (KB)
...
006 (4046522.133.000) 03/15 15:06:26 Image size of job updated: 446804
	436  -  MemoryUsage of job (MB)
	445772  -  ResidentSetSize of job (KB)
...
006 (4046522.133.000) 03/15 15:11:26 Image size of job updated: 446804
	436  -  MemoryUsage of job (MB)
	445796  -  ResidentSetSize of job (KB)
...
005 (4046522.133.000) 03/15 15:14:29 Job terminated.
	(1) Normal termination (return value 0)
		Usr 0 00:16:14, Sys 0 00:01:38  -  Run Remote Usage
		Usr 0 00:00:00, Sys 0 00:00:00  -  Run Local Usage
		Usr 0 00:16:14, Sys 0 00:01:38  -  Total Remote Usage
		Usr 0 00:00:00, Sys 0 00:00:00  -  Total Local Usage
	0  -  Run Bytes Sent By Job
	0  -  Run Bytes Received By Job
	0  -  Total Bytes Sent By Job
	0  -  Total Bytes Received By Job
	Partitionable Resources :    Usage  Request Allocated
	   Cpus                 :                 1         1
	   Disk (KB)            :        1        1  28491601
	   Memory (MB)          :      436        1      4020
...
000 (4046570.133.000) 03/15 18:56:24 Job submitted from host: <192.168.1.109:9618?addrs=192.168.1.109-9618+[--1]-9618&noUDP&sock=3153_969b_4>
...
001 (4046570.133.000) 03/15 18:56:41 Job executing on host: <192.168.1.64:9618?addrs=192.168.1.64-9618+[--1]-9618&noUDP&sock=3497_7c66_22>
...
006 (4046570.133.000) 03/15 18:56:49 Image size of job updated: 192128
	144  -  MemoryUsage of job (MB)
	147180  -  ResidentSetSize of job (KB)
...
006 (4046570.133.000) 03/15 19:01:49 Image size of job updated: 483900
	428  -  MemoryUsage of job (MB)
	437884  -  ResidentSetSize of job (KB)
...
006 (4046570.133.000) 03/15 19:06:49 Image size of job updated: 525160
	468  -  MemoryUsage of job (MB)
	479144  -  ResidentSetSize of job (KB)
...
005 (4046570.133.000) 03/15 19:27:51 Job terminated.
	(1) Normal termination (return value 0)
		Usr 0 00:28:08, Sys 0 00:02:37  -  Run Remote Usage
		Usr 0 00:00:00, Sys 0 00:00:00  -  Run Local Usage
		Usr 0 00:28:08, Sys 0 00:02:37  -  Total Remote Usage
		Usr 0 00:00:00, Sys 0 00:00:00  -  Total Local Usage
	0  -  Run Bytes Sent By Job
	0  -  Run Bytes Received By Job
	0  -  Total Bytes Sent By Job
	0  -  Total Bytes Received By Job
	Partitionable Resources :    Usage  Request Allocated
	   Cpus                 :                 1         1
	   Disk (KB)            :        1        1  22685211
	   Memory (MB)          :      468        1      4015
...
