000 (4031466.385.000) 03/13 00:00:43 Job submitted from host: <192.168.1.109:9618?addrs=192.168.1.109-9618+[--1]-9618&noUDP&sock=3153_969b_4>
...
001 (4031466.385.000) 03/13 00:01:25 Job executing on host: <192.168.1.64:9618?addrs=192.168.1.64-9618+[--1]-9618&noUDP&sock=3497_7c66_22>
...
006 (4031466.385.000) 03/13 00:01:34 Image size of job updated: 150720
	145  -  MemoryUsage of job (MB)
	148076  -  ResidentSetSize of job (KB)
...
006 (4031466.385.000) 03/13 00:06:34 Image size of job updated: 446008
	436  -  MemoryUsage of job (MB)
	446008  -  ResidentSetSize of job (KB)
...
006 (4031466.385.000) 03/13 00:11:34 Image size of job updated: 448100
	438  -  MemoryUsage of job (MB)
	448100  -  ResidentSetSize of job (KB)
...
006 (4031466.385.000) 03/13 00:55:47 Image size of job updated: 453036
	438  -  MemoryUsage of job (MB)
	448100  -  ResidentSetSize of job (KB)
...
005 (4031466.385.000) 03/13 00:55:48 Job terminated.
	(1) Normal termination (return value 0)
		Usr 0 00:47:02, Sys 0 00:03:39  -  Run Remote Usage
		Usr 0 00:00:00, Sys 0 00:00:00  -  Run Local Usage
		Usr 0 00:47:02, Sys 0 00:03:39  -  Total Remote Usage
		Usr 0 00:00:00, Sys 0 00:00:00  -  Total Local Usage
	0  -  Run Bytes Sent By Job
	0  -  Run Bytes Received By Job
	0  -  Total Bytes Sent By Job
	0  -  Total Bytes Received By Job
	Partitionable Resources :    Usage  Request Allocated
	   Cpus                 :                 1         1
	   Disk (KB)            :        1        1  22685211
	   Memory (MB)          :      438        1      4015
...
000 (4044172.385.000) 03/13 19:21:21 Job submitted from host: <192.168.1.109:9618?addrs=192.168.1.109-9618+[--1]-9618&noUDP&sock=3153_969b_4>
...
001 (4044172.385.000) 03/13 19:22:01 Job executing on host: <192.168.1.50:9618?addrs=192.168.1.50-9618+[--1]-9618&noUDP&sock=3247_5221_3>
...
006 (4044172.385.000) 03/13 19:22:10 Image size of job updated: 158500
	144  -  MemoryUsage of job (MB)
	146728  -  ResidentSetSize of job (KB)
...
006 (4044172.385.000) 03/13 19:27:11 Image size of job updated: 365508
	357  -  MemoryUsage of job (MB)
	365508  -  ResidentSetSize of job (KB)
...
006 (4044172.385.000) 03/13 19:32:11 Image size of job updated: 443812
	434  -  MemoryUsage of job (MB)
	443812  -  ResidentSetSize of job (KB)
...
006 (4044172.385.000) 03/13 19:37:11 Image size of job updated: 443944
	434  -  MemoryUsage of job (MB)
	443944  -  ResidentSetSize of job (KB)
...
006 (4044172.385.000) 03/13 19:42:12 Image size of job updated: 446316
	436  -  MemoryUsage of job (MB)
	446184  -  ResidentSetSize of job (KB)
...
006 (4044172.385.000) 03/13 19:47:13 Image size of job updated: 446532
	436  -  MemoryUsage of job (MB)
	446400  -  ResidentSetSize of job (KB)
...
006 (4044172.385.000) 03/13 19:52:13 Image size of job updated: 446916
	437  -  MemoryUsage of job (MB)
	446784  -  ResidentSetSize of job (KB)
...
006 (4044172.385.000) 03/13 19:57:14 Image size of job updated: 447016
	437  -  MemoryUsage of job (MB)
	446784  -  ResidentSetSize of job (KB)
...
006 (4044172.385.000) 03/13 20:02:15 Image size of job updated: 447020
	437  -  MemoryUsage of job (MB)
	446788  -  ResidentSetSize of job (KB)
...
005 (4044172.385.000) 03/13 20:02:37 Job terminated.
	(1) Normal termination (return value 0)
		Usr 0 00:20:48, Sys 0 00:02:03  -  Run Remote Usage
		Usr 0 00:00:00, Sys 0 00:00:00  -  Run Local Usage
		Usr 0 00:20:48, Sys 0 00:02:03  -  Total Remote Usage
		Usr 0 00:00:00, Sys 0 00:00:00  -  Total Local Usage
	0  -  Run Bytes Sent By Job
	0  -  Run Bytes Received By Job
	0  -  Total Bytes Sent By Job
	0  -  Total Bytes Received By Job
	Partitionable Resources :    Usage  Request Allocated
	   Cpus                 :                 1         1
	   Disk (KB)            :        1        1  28493273
	   Memory (MB)          :      437        1      4020
...
000 (4046522.385.000) 03/15 14:02:19 Job submitted from host: <192.168.1.109:9618?addrs=192.168.1.109-9618+[--1]-9618&noUDP&sock=3153_969b_4>
...
001 (4046522.385.000) 03/15 15:24:25 Job executing on host: <192.168.1.49:9618?addrs=192.168.1.49-9618+[--1]-9618&noUDP&sock=3240_e427_3>
...
006 (4046522.385.000) 03/15 15:24:33 Image size of job updated: 414104
	349  -  MemoryUsage of job (MB)
	356720  -  ResidentSetSize of job (KB)
...
006 (4046522.385.000) 03/15 15:29:33 Image size of job updated: 450440
	440  -  MemoryUsage of job (MB)
	450256  -  ResidentSetSize of job (KB)
...
006 (4046522.385.000) 03/15 15:34:34 Image size of job updated: 452340
	442  -  MemoryUsage of job (MB)
	452056  -  ResidentSetSize of job (KB)
...
006 (4046522.385.000) 03/15 15:39:35 Image size of job updated: 452468
	442  -  MemoryUsage of job (MB)
	452292  -  ResidentSetSize of job (KB)
...
006 (4046522.385.000) 03/15 15:44:35 Image size of job updated: 452864
	443  -  MemoryUsage of job (MB)
	452688  -  ResidentSetSize of job (KB)
...
006 (4046522.385.000) 03/15 15:49:35 Image size of job updated: 452904
	443  -  MemoryUsage of job (MB)
	452728  -  ResidentSetSize of job (KB)
...
006 (4046522.385.000) 03/15 15:49:57 Image size of job updated: 452948
	443  -  MemoryUsage of job (MB)
	452728  -  ResidentSetSize of job (KB)
...
005 (4046522.385.000) 03/15 15:49:57 Job terminated.
	(1) Normal termination (return value 0)
		Usr 0 00:21:23, Sys 0 00:02:00  -  Run Remote Usage
		Usr 0 00:00:00, Sys 0 00:00:00  -  Run Local Usage
		Usr 0 00:21:23, Sys 0 00:02:00  -  Total Remote Usage
		Usr 0 00:00:00, Sys 0 00:00:00  -  Total Local Usage
	0  -  Run Bytes Sent By Job
	0  -  Run Bytes Received By Job
	0  -  Total Bytes Sent By Job
	0  -  Total Bytes Received By Job
	Partitionable Resources :    Usage  Request Allocated
	   Cpus                 :                 1         1
	   Disk (KB)            :        1        1  28491601
	   Memory (MB)          :      443        1      4020
...
