000 (4031233.052.000) 03/12 14:28:34 Job submitted from host: <192.168.1.109:9618?addrs=192.168.1.109-9618+[--1]-9618&noUDP&sock=3153_969b_4>
...
001 (4031233.052.000) 03/12 14:28:49 Job executing on host: <192.168.1.62:9618?addrs=192.168.1.62-9618+[--1]-9618&noUDP&sock=2992_c8ab_24>
...
006 (4031233.052.000) 03/12 14:28:57 Image size of job updated: 106360
	88  -  MemoryUsage of job (MB)
	90096  -  ResidentSetSize of job (KB)
...
006 (4031233.052.000) 03/12 14:33:57 Image size of job updated: 464136
	433  -  MemoryUsage of job (MB)
	442468  -  ResidentSetSize of job (KB)
...
006 (4031233.052.000) 03/12 14:38:57 Image size of job updated: 464240
	433  -  MemoryUsage of job (MB)
	442572  -  ResidentSetSize of job (KB)
...
006 (4031233.052.000) 03/12 14:43:58 Image size of job updated: 464248
	433  -  MemoryUsage of job (MB)
	442580  -  ResidentSetSize of job (KB)
...
006 (4031233.052.000) 03/12 14:48:58 Image size of job updated: 464444
	433  -  MemoryUsage of job (MB)
	442776  -  ResidentSetSize of job (KB)
...
006 (4031233.052.000) 03/12 14:53:58 Image size of job updated: 502648
	470  -  MemoryUsage of job (MB)
	480980  -  ResidentSetSize of job (KB)
...
004 (4031233.052.000) 03/12 14:54:07 Job was evicted.
	(0) Job was not checkpointed.
		Usr 0 00:22:45, Sys 0 00:02:05  -  Run Remote Usage
		Usr 0 00:00:00, Sys 0 00:00:00  -  Run Local Usage
	0  -  Run Bytes Sent By Job
	0  -  Run Bytes Received By Job
	Partitionable Resources :    Usage  Request Allocated
	   Cpus                 :                 1         1
	   Disk (KB)            :        1        1  22663505
	   Memory (MB)          :      470        1      4001
...
009 (4031233.052.000) 03/12 14:54:07 Job was aborted by the user.
	via condor_rm (by user routray)
...
000 (4031234.052.000) 03/12 15:03:14 Job submitted from host: <192.168.1.109:9618?addrs=192.168.1.109-9618+[--1]-9618&noUDP&sock=3153_969b_4>
...
001 (4031234.052.000) 03/12 15:03:40 Job executing on host: <192.168.1.61:9618?addrs=192.168.1.61-9618+[--1]-9618&noUDP&sock=3335_bd3f_11>
...
006 (4031234.052.000) 03/12 15:03:48 Image size of job updated: 368632
	342  -  MemoryUsage of job (MB)
	349768  -  ResidentSetSize of job (KB)
...
006 (4031234.052.000) 03/12 15:08:48 Image size of job updated: 441532
	431  -  MemoryUsage of job (MB)
	441192  -  ResidentSetSize of job (KB)
...
004 (4031234.052.000) 03/12 15:12:47 Job was evicted.
	(0) Job was not checkpointed.
		Usr 0 00:08:11, Sys 0 00:00:45  -  Run Remote Usage
		Usr 0 00:00:00, Sys 0 00:00:00  -  Run Local Usage
	0  -  Run Bytes Sent By Job
	0  -  Run Bytes Received By Job
	Partitionable Resources :    Usage  Request Allocated
	   Cpus                 :                 1         1
	   Disk (KB)            :        1        1  22662096
	   Memory (MB)          :      431        1      4001
...
009 (4031234.052.000) 03/12 15:12:49 Job was aborted by the user.
	via condor_rm (by user routray)
...
000 (4031235.052.000) 03/12 15:16:44 Job submitted from host: <192.168.1.109:9618?addrs=192.168.1.109-9618+[--1]-9618&noUDP&sock=3153_969b_4>
...
001 (4031235.052.000) 03/12 15:17:00 Job executing on host: <192.168.1.51:9618?addrs=192.168.1.51-9618+[--1]-9618&noUDP&sock=3125_b25b_3>
...
006 (4031235.052.000) 03/12 15:17:09 Image size of job updated: 373356
	344  -  MemoryUsage of job (MB)
	351244  -  ResidentSetSize of job (KB)
...
006 (4031235.052.000) 03/12 15:22:09 Image size of job updated: 464348
	432  -  MemoryUsage of job (MB)
	442236  -  ResidentSetSize of job (KB)
...
006 (4031235.052.000) 03/12 15:27:09 Image size of job updated: 464352
	432  -  MemoryUsage of job (MB)
	442240  -  ResidentSetSize of job (KB)
...
005 (4031235.052.000) 03/12 15:35:29 Job terminated.
	(1) Normal termination (return value 0)
		Usr 0 00:16:41, Sys 0 00:01:36  -  Run Remote Usage
		Usr 0 00:00:00, Sys 0 00:00:00  -  Run Local Usage
		Usr 0 00:16:41, Sys 0 00:01:36  -  Total Remote Usage
		Usr 0 00:00:00, Sys 0 00:00:00  -  Total Local Usage
	0  -  Run Bytes Sent By Job
	0  -  Run Bytes Received By Job
	0  -  Total Bytes Sent By Job
	0  -  Total Bytes Received By Job
	Partitionable Resources :    Usage  Request Allocated
	   Cpus                 :                 1         1
	   Disk (KB)            :        1        1  28494197
	   Memory (MB)          :      432        1      4020
...
000 (4031450.052.000) 03/12 16:23:12 Job submitted from host: <192.168.1.109:9618?addrs=192.168.1.109-9618+[--1]-9618&noUDP&sock=3153_969b_4>
...
001 (4031450.052.000) 03/12 16:23:36 Job executing on host: <192.168.1.62:9618?addrs=192.168.1.62-9618+[--1]-9618&noUDP&sock=2992_c8ab_24>
...
006 (4031450.052.000) 03/12 16:23:45 Image size of job updated: 169156
	145  -  MemoryUsage of job (MB)
	147716  -  ResidentSetSize of job (KB)
...
006 (4031450.052.000) 03/12 16:28:46 Image size of job updated: 466076
	434  -  MemoryUsage of job (MB)
	444052  -  ResidentSetSize of job (KB)
...
006 (4031450.052.000) 03/12 16:33:46 Image size of job updated: 466344
	434  -  MemoryUsage of job (MB)
	444320  -  ResidentSetSize of job (KB)
...
006 (4031450.052.000) 03/12 16:38:46 Image size of job updated: 466352
	434  -  MemoryUsage of job (MB)
	444328  -  ResidentSetSize of job (KB)
...
006 (4031450.052.000) 03/12 16:48:48 Image size of job updated: 504192
	471  -  MemoryUsage of job (MB)
	482168  -  ResidentSetSize of job (KB)
...
005 (4031450.052.000) 03/12 16:56:00 Job terminated.
	(1) Normal termination (return value 0)
		Usr 0 00:29:16, Sys 0 00:02:43  -  Run Remote Usage
		Usr 0 00:00:00, Sys 0 00:00:00  -  Run Local Usage
		Usr 0 00:29:16, Sys 0 00:02:43  -  Total Remote Usage
		Usr 0 00:00:00, Sys 0 00:00:00  -  Total Local Usage
	0  -  Run Bytes Sent By Job
	0  -  Run Bytes Received By Job
	0  -  Total Bytes Sent By Job
	0  -  Total Bytes Received By Job
	Partitionable Resources :    Usage  Request Allocated
	   Cpus                 :                 1         1
	   Disk (KB)            :        1        1  22663505
	   Memory (MB)          :      471        1      4001
...
000 (4031461.052.000) 03/12 18:25:46 Job submitted from host: <192.168.1.109:9618?addrs=192.168.1.109-9618+[--1]-9618&noUDP&sock=3153_969b_4>
...
001 (4031461.052.000) 03/12 18:25:59 Job executing on host: <192.168.1.51:9618?addrs=192.168.1.51-9618+[--1]-9618&noUDP&sock=3125_b25b_3>
...
006 (4031461.052.000) 03/12 18:26:07 Image size of job updated: 130188
	127  -  MemoryUsage of job (MB)
	129700  -  ResidentSetSize of job (KB)
...
006 (4031461.052.000) 03/12 18:31:07 Image size of job updated: 438500
	428  -  MemoryUsage of job (MB)
	437668  -  ResidentSetSize of job (KB)
...
006 (4031461.052.000) 03/12 18:36:08 Image size of job updated: 438508
	428  -  MemoryUsage of job (MB)
	437676  -  ResidentSetSize of job (KB)
...
005 (4031461.052.000) 03/12 18:42:14 Job terminated.
	(1) Normal termination (return value 0)
		Usr 0 00:14:00, Sys 0 00:01:22  -  Run Remote Usage
		Usr 0 00:00:00, Sys 0 00:00:00  -  Run Local Usage
		Usr 0 00:14:00, Sys 0 00:01:22  -  Total Remote Usage
		Usr 0 00:00:00, Sys 0 00:00:00  -  Total Local Usage
	0  -  Run Bytes Sent By Job
	0  -  Run Bytes Received By Job
	0  -  Total Bytes Sent By Job
	0  -  Total Bytes Received By Job
	Partitionable Resources :    Usage  Request Allocated
	   Cpus                 :                 1         1
	   Disk (KB)            :        1        1  28494197
	   Memory (MB)          :      428        1      4020
...
000 (4031462.052.000) 03/12 20:10:16 Job submitted from host: <192.168.1.109:9618?addrs=192.168.1.109-9618+[--1]-9618&noUDP&sock=3153_969b_4>
...
001 (4031462.052.000) 03/12 20:10:40 Job executing on host: <192.168.1.41:9618?addrs=192.168.1.41-9618+[--1]-9618&noUDP&sock=3368_a17e_3>
...
006 (4031462.052.000) 03/12 20:10:49 Image size of job updated: 125496
	122  -  MemoryUsage of job (MB)
	124152  -  ResidentSetSize of job (KB)
...
006 (4031462.052.000) 03/12 20:15:49 Image size of job updated: 317436
	310  -  MemoryUsage of job (MB)
	317416  -  ResidentSetSize of job (KB)
...
006 (4031462.052.000) 03/12 20:20:49 Image size of job updated: 317496
	311  -  MemoryUsage of job (MB)
	317476  -  ResidentSetSize of job (KB)
...
006 (4031462.052.000) 03/12 20:25:14 Image size of job updated: 317524
	311  -  MemoryUsage of job (MB)
	317476  -  ResidentSetSize of job (KB)
...
005 (4031462.052.000) 03/12 20:25:14 Job terminated.
	(1) Normal termination (return value 0)
		Usr 0 00:12:23, Sys 0 00:01:19  -  Run Remote Usage
		Usr 0 00:00:00, Sys 0 00:00:00  -  Run Local Usage
		Usr 0 00:12:23, Sys 0 00:01:19  -  Total Remote Usage
		Usr 0 00:00:00, Sys 0 00:00:00  -  Total Local Usage
	0  -  Run Bytes Sent By Job
	0  -  Run Bytes Received By Job
	0  -  Total Bytes Sent By Job
	0  -  Total Bytes Received By Job
	Partitionable Resources :    Usage  Request Allocated
	   Cpus                 :                 1         1
	   Disk (KB)            :        1        1  20458619
	   Memory (MB)          :      311        1      4022
...
000 (4031463.052.000) 03/12 21:35:08 Job submitted from host: <192.168.1.109:9618?addrs=192.168.1.109-9618+[--1]-9618&noUDP&sock=3153_969b_4>
...
001 (4031463.052.000) 03/12 21:35:42 Job executing on host: <192.168.1.51:9618?addrs=192.168.1.51-9618+[--1]-9618&noUDP&sock=3125_b25b_3>
...
006 (4031463.052.000) 03/12 21:35:51 Image size of job updated: 6624
	7  -  MemoryUsage of job (MB)
	6408  -  ResidentSetSize of job (KB)
...
006 (4031463.052.000) 03/12 21:40:52 Image size of job updated: 441236
	419  -  MemoryUsage of job (MB)
	428520  -  ResidentSetSize of job (KB)
...
006 (4031463.052.000) 03/12 21:45:52 Image size of job updated: 441272
	419  -  MemoryUsage of job (MB)
	428556  -  ResidentSetSize of job (KB)
...
005 (4031463.052.000) 03/12 21:46:30 Job terminated.
	(1) Normal termination (return value 0)
		Usr 0 00:08:19, Sys 0 00:00:51  -  Run Remote Usage
		Usr 0 00:00:00, Sys 0 00:00:00  -  Run Local Usage
		Usr 0 00:08:19, Sys 0 00:00:51  -  Total Remote Usage
		Usr 0 00:00:00, Sys 0 00:00:00  -  Total Local Usage
	0  -  Run Bytes Sent By Job
	0  -  Run Bytes Received By Job
	0  -  Total Bytes Sent By Job
	0  -  Total Bytes Received By Job
	Partitionable Resources :    Usage  Request Allocated
	   Cpus                 :                 1         1
	   Disk (KB)            :        1        1  28494198
	   Memory (MB)          :      419        1      4020
...
000 (4031464.052.000) 03/12 22:37:43 Job submitted from host: <192.168.1.109:9618?addrs=192.168.1.109-9618+[--1]-9618&noUDP&sock=3153_969b_4>
...
001 (4031464.052.000) 03/12 22:37:48 Job executing on host: <192.168.1.61:9618?addrs=192.168.1.61-9618+[--1]-9618&noUDP&sock=3335_bd3f_11>
...
006 (4031464.052.000) 03/12 22:37:56 Image size of job updated: 383180
	348  -  MemoryUsage of job (MB)
	356016  -  ResidentSetSize of job (KB)
...
006 (4031464.052.000) 03/12 22:42:56 Image size of job updated: 471236
	434  -  MemoryUsage of job (MB)
	444048  -  ResidentSetSize of job (KB)
...
006 (4031464.052.000) 03/12 22:47:57 Image size of job updated: 504236
	466  -  MemoryUsage of job (MB)
	477048  -  ResidentSetSize of job (KB)
...
006 (4031464.052.000) 03/12 23:03:54 Image size of job updated: 506068
	466  -  MemoryUsage of job (MB)
	477048  -  ResidentSetSize of job (KB)
...
005 (4031464.052.000) 03/12 23:03:54 Job terminated.
	(1) Normal termination (return value 0)
		Usr 0 00:23:41, Sys 0 00:02:11  -  Run Remote Usage
		Usr 0 00:00:00, Sys 0 00:00:00  -  Run Local Usage
		Usr 0 00:23:41, Sys 0 00:02:11  -  Total Remote Usage
		Usr 0 00:00:00, Sys 0 00:00:00  -  Total Local Usage
	0  -  Run Bytes Sent By Job
	0  -  Run Bytes Received By Job
	0  -  Total Bytes Sent By Job
	0  -  Total Bytes Received By Job
	Partitionable Resources :    Usage  Request Allocated
	   Cpus                 :                 1         1
	   Disk (KB)            :        1        1  22662097
	   Memory (MB)          :      466        1      4001
...
000 (4031465.052.000) 03/12 23:18:12 Job submitted from host: <192.168.1.109:9618?addrs=192.168.1.109-9618+[--1]-9618&noUDP&sock=3153_969b_4>
...
001 (4031465.052.000) 03/12 23:18:16 Job executing on host: <192.168.1.61:9618?addrs=192.168.1.61-9618+[--1]-9618&noUDP&sock=3335_bd3f_11>
...
006 (4031465.052.000) 03/12 23:18:24 Image size of job updated: 166556
	145  -  MemoryUsage of job (MB)
	147692  -  ResidentSetSize of job (KB)
...
006 (4031465.052.000) 03/12 23:23:24 Image size of job updated: 451700
	422  -  MemoryUsage of job (MB)
	432012  -  ResidentSetSize of job (KB)
...
006 (4031465.052.000) 03/12 23:28:25 Image size of job updated: 451744
	422  -  MemoryUsage of job (MB)
	432056  -  ResidentSetSize of job (KB)
...
006 (4031465.052.000) 03/12 23:33:26 Image size of job updated: 488040
	458  -  MemoryUsage of job (MB)
	468352  -  ResidentSetSize of job (KB)
...
005 (4031465.052.000) 03/12 23:45:49 Job terminated.
	(1) Normal termination (return value 0)
		Usr 0 00:25:01, Sys 0 00:02:15  -  Run Remote Usage
		Usr 0 00:00:00, Sys 0 00:00:00  -  Run Local Usage
		Usr 0 00:25:01, Sys 0 00:02:15  -  Total Remote Usage
		Usr 0 00:00:00, Sys 0 00:00:00  -  Total Local Usage
	0  -  Run Bytes Sent By Job
	0  -  Run Bytes Received By Job
	0  -  Total Bytes Sent By Job
	0  -  Total Bytes Received By Job
	Partitionable Resources :    Usage  Request Allocated
	   Cpus                 :                 1         1
	   Disk (KB)            :        1        1  22662097
	   Memory (MB)          :      458        1      4001
...
000 (4031466.052.000) 03/13 00:00:40 Job submitted from host: <192.168.1.109:9618?addrs=192.168.1.109-9618+[--1]-9618&noUDP&sock=3153_969b_4>
...
001 (4031466.052.000) 03/13 00:01:10 Job executing on host: <192.168.1.51:9618?addrs=192.168.1.51-9618+[--1]-9618&noUDP&sock=3125_b25b_3>
...
006 (4031466.052.000) 03/13 00:01:18 Image size of job updated: 203860
	187  -  MemoryUsage of job (MB)
	191480  -  ResidentSetSize of job (KB)
...
006 (4031466.052.000) 03/13 00:06:18 Image size of job updated: 419116
	410  -  MemoryUsage of job (MB)
	419116  -  ResidentSetSize of job (KB)
...
006 (4031466.052.000) 03/13 00:11:18 Image size of job updated: 462964
	453  -  MemoryUsage of job (MB)
	462964  -  ResidentSetSize of job (KB)
...
006 (4031466.052.000) 03/13 00:16:19 Image size of job updated: 463628
	453  -  MemoryUsage of job (MB)
	463628  -  ResidentSetSize of job (KB)
...
006 (4031466.052.000) 03/13 00:39:51 Image size of job updated: 463668
	453  -  MemoryUsage of job (MB)
	463628  -  ResidentSetSize of job (KB)
...
005 (4031466.052.000) 03/13 00:39:51 Job terminated.
	(1) Normal termination (return value 0)
		Usr 0 00:11:08, Sys 0 00:01:04  -  Run Remote Usage
		Usr 0 00:00:00, Sys 0 00:00:00  -  Run Local Usage
		Usr 0 00:11:08, Sys 0 00:01:04  -  Total Remote Usage
		Usr 0 00:00:00, Sys 0 00:00:00  -  Total Local Usage
	0  -  Run Bytes Sent By Job
	0  -  Run Bytes Received By Job
	0  -  Total Bytes Sent By Job
	0  -  Total Bytes Received By Job
	Partitionable Resources :    Usage  Request Allocated
	   Cpus                 :                 1         1
	   Disk (KB)            :        1        1  28494198
	   Memory (MB)          :      453        1      4020
...
000 (4044172.052.000) 03/13 19:21:18 Job submitted from host: <192.168.1.109:9618?addrs=192.168.1.109-9618+[--1]-9618&noUDP&sock=3153_969b_4>
...
001 (4044172.052.000) 03/13 19:21:44 Job executing on host: <192.168.1.42:9618?addrs=192.168.1.42-9618+[--1]-9618&noUDP&sock=3360_3385_3>
...
006 (4044172.052.000) 03/13 19:21:53 Image size of job updated: 333224
	322  -  MemoryUsage of job (MB)
	329204  -  ResidentSetSize of job (KB)
...
006 (4044172.052.000) 03/13 19:26:54 Image size of job updated: 421440
	412  -  MemoryUsage of job (MB)
	421440  -  ResidentSetSize of job (KB)
...
005 (4044172.052.000) 03/13 20:03:41 Job terminated.
	(1) Normal termination (return value 0)
		Usr 0 00:11:35, Sys 0 00:01:24  -  Run Remote Usage
		Usr 0 00:00:00, Sys 0 00:00:00  -  Run Local Usage
		Usr 0 00:11:35, Sys 0 00:01:24  -  Total Remote Usage
		Usr 0 00:00:00, Sys 0 00:00:00  -  Total Local Usage
	0  -  Run Bytes Sent By Job
	0  -  Run Bytes Received By Job
	0  -  Total Bytes Sent By Job
	0  -  Total Bytes Received By Job
	Partitionable Resources :    Usage  Request Allocated
	   Cpus                 :                 1         1
	   Disk (KB)            :        1        1  20458262
	   Memory (MB)          :      412        1      4022
...
000 (4044175.052.000) 03/13 20:53:38 Job submitted from host: <192.168.1.109:9618?addrs=192.168.1.109-9618+[--1]-9618&noUDP&sock=3153_969b_4>
...
001 (4044175.052.000) 03/13 20:53:56 Job executing on host: <192.168.1.52:9618?addrs=192.168.1.52-9618+[--1]-9618&noUDP&sock=3327_407d_36>
...
006 (4044175.052.000) 03/13 20:54:05 Image size of job updated: 132292
	117  -  MemoryUsage of job (MB)
	119280  -  ResidentSetSize of job (KB)
...
006 (4044175.052.000) 03/13 20:59:06 Image size of job updated: 439776
	416  -  MemoryUsage of job (MB)
	425896  -  ResidentSetSize of job (KB)
...
006 (4044175.052.000) 03/13 21:14:08 Image size of job updated: 439776
	416  -  MemoryUsage of job (MB)
	425900  -  ResidentSetSize of job (KB)
...
006 (4044175.052.000) 03/13 21:19:08 Image size of job updated: 465828
	455  -  MemoryUsage of job (MB)
	465524  -  ResidentSetSize of job (KB)
...
006 (4044175.052.000) 03/13 21:37:17 Image size of job updated: 788644
	455  -  MemoryUsage of job (MB)
	465524  -  ResidentSetSize of job (KB)
...
005 (4044175.052.000) 03/13 21:37:17 Job terminated.
	(1) Normal termination (return value 0)
		Usr 0 00:39:14, Sys 0 00:03:50  -  Run Remote Usage
		Usr 0 00:00:00, Sys 0 00:00:00  -  Run Local Usage
		Usr 0 00:39:14, Sys 0 00:03:50  -  Total Remote Usage
		Usr 0 00:00:00, Sys 0 00:00:00  -  Total Local Usage
	0  -  Run Bytes Sent By Job
	0  -  Run Bytes Received By Job
	0  -  Total Bytes Sent By Job
	0  -  Total Bytes Received By Job
	Partitionable Resources :    Usage  Request Allocated
	   Cpus                 :                 1         1
	   Disk (KB)            :        1        1  22661368
	   Memory (MB)          :      455        1      4001
...
000 (4045912.052.000) 03/14 19:19:22 Job submitted from host: <192.168.1.109:9618?addrs=192.168.1.109-9618+[--1]-9618&noUDP&sock=3153_969b_4>
...
000 (4046521.052.000) 03/15 13:40:08 Job submitted from host: <192.168.1.109:9618?addrs=192.168.1.109-9618+[--1]-9618&noUDP&sock=3153_969b_4>
...
001 (4045912.052.000) 03/15 13:56:41 Job executing on host: <192.168.1.49:9618?addrs=192.168.1.49-9618+[--1]-9618&noUDP&sock=3240_e427_3>
...
006 (4045912.052.000) 03/15 13:56:49 Image size of job updated: 376896
	346  -  MemoryUsage of job (MB)
	354012  -  ResidentSetSize of job (KB)
...
009 (4046521.052.000) 03/15 13:56:54 Job was aborted by the user.
	via condor_rm (by user routray)
...
006 (4045912.052.000) 03/15 13:57:08 Image size of job updated: 790856
	346  -  MemoryUsage of job (MB)
	354012  -  ResidentSetSize of job (KB)
...
004 (4045912.052.000) 03/15 13:57:08 Job was evicted.
	(0) Job was not checkpointed.
		Usr 0 00:00:22, Sys 0 00:00:02  -  Run Remote Usage
		Usr 0 00:00:00, Sys 0 00:00:00  -  Run Local Usage
	0  -  Run Bytes Sent By Job
	0  -  Run Bytes Received By Job
	Partitionable Resources :    Usage  Request Allocated
	   Cpus                 :                 1         1
	   Disk (KB)            :        1        1  28491601
	   Memory (MB)          :      346        1      4020
...
009 (4045912.052.000) 03/15 13:57:10 Job was aborted by the user.
	via condor_rm (by user routray)
...
000 (4046522.052.000) 03/15 14:02:15 Job submitted from host: <192.168.1.109:9618?addrs=192.168.1.109-9618+[--1]-9618&noUDP&sock=3153_969b_4>
...
001 (4046522.052.000) 03/15 14:38:57 Job executing on host: <192.168.1.41:9618?addrs=192.168.1.41-9618+[--1]-9618&noUDP&sock=3368_a17e_3>
...
006 (4046522.052.000) 03/15 14:39:06 Image size of job updated: 243152
	161  -  MemoryUsage of job (MB)
	164232  -  ResidentSetSize of job (KB)
...
006 (4046522.052.000) 03/15 14:44:07 Image size of job updated: 323988
	316  -  MemoryUsage of job (MB)
	323484  -  ResidentSetSize of job (KB)
...
006 (4046522.052.000) 03/15 14:49:07 Image size of job updated: 325784
	318  -  MemoryUsage of job (MB)
	325204  -  ResidentSetSize of job (KB)
...
005 (4046522.052.000) 03/15 14:52:29 Job terminated.
	(1) Normal termination (return value 0)
		Usr 0 00:11:58, Sys 0 00:01:19  -  Run Remote Usage
		Usr 0 00:00:00, Sys 0 00:00:00  -  Run Local Usage
		Usr 0 00:11:58, Sys 0 00:01:19  -  Total Remote Usage
		Usr 0 00:00:00, Sys 0 00:00:00  -  Total Local Usage
	0  -  Run Bytes Sent By Job
	0  -  Run Bytes Received By Job
	0  -  Total Bytes Sent By Job
	0  -  Total Bytes Received By Job
	Partitionable Resources :    Usage  Request Allocated
	   Cpus                 :                 1         1
	   Disk (KB)            :        1        1  20458618
	   Memory (MB)          :      318        1      4022
...
000 (4046529.052.000) 03/15 16:30:18 Job submitted from host: <192.168.1.109:9618?addrs=192.168.1.109-9618+[--1]-9618&noUDP&sock=3153_969b_4>
...
001 (4046529.052.000) 03/15 16:30:39 Job executing on host: <192.168.1.61:9618?addrs=192.168.1.61-9618+[--1]-9618&noUDP&sock=3335_bd3f_11>
...
006 (4046529.052.000) 03/15 16:30:48 Image size of job updated: 355444
	334  -  MemoryUsage of job (MB)
	341548  -  ResidentSetSize of job (KB)
...
006 (4046529.052.000) 03/15 16:35:49 Image size of job updated: 445624
	422  -  MemoryUsage of job (MB)
	431728  -  ResidentSetSize of job (KB)
...
006 (4046529.052.000) 03/15 16:45:49 Image size of job updated: 445640
	422  -  MemoryUsage of job (MB)
	431744  -  ResidentSetSize of job (KB)
...
006 (4046529.052.000) 03/15 16:50:50 Image size of job updated: 445732
	422  -  MemoryUsage of job (MB)
	431836  -  ResidentSetSize of job (KB)
...
006 (4046529.052.000) 03/15 16:55:51 Image size of job updated: 479308
	455  -  MemoryUsage of job (MB)
	465412  -  ResidentSetSize of job (KB)
...
005 (4046529.052.000) 03/15 17:02:17 Job terminated.
	(1) Normal termination (return value 0)
		Usr 0 00:28:33, Sys 0 00:02:48  -  Run Remote Usage
		Usr 0 00:00:00, Sys 0 00:00:00  -  Run Local Usage
		Usr 0 00:28:33, Sys 0 00:02:48  -  Total Remote Usage
		Usr 0 00:00:00, Sys 0 00:00:00  -  Total Local Usage
	0  -  Run Bytes Sent By Job
	0  -  Run Bytes Received By Job
	0  -  Total Bytes Sent By Job
	0  -  Total Bytes Received By Job
	Partitionable Resources :    Usage  Request Allocated
	   Cpus                 :                 1         1
	   Disk (KB)            :        1        1  22662097
	   Memory (MB)          :      455        1      4001
...
000 (4046534.052.000) 03/15 17:39:02 Job submitted from host: <192.168.1.109:9618?addrs=192.168.1.109-9618+[--1]-9618&noUDP&sock=3153_969b_4>
...
001 (4046534.052.000) 03/15 17:39:16 Job executing on host: <192.168.1.42:9618?addrs=192.168.1.42-9618+[--1]-9618&noUDP&sock=3360_3385_3>
...
006 (4046534.052.000) 03/15 17:39:24 Image size of job updated: 104540
	92  -  MemoryUsage of job (MB)
	94092  -  ResidentSetSize of job (KB)
...
006 (4046534.052.000) 03/15 17:44:24 Image size of job updated: 451900
	429  -  MemoryUsage of job (MB)
	438616  -  ResidentSetSize of job (KB)
...
006 (4046534.052.000) 03/15 17:49:25 Image size of job updated: 492576
	469  -  MemoryUsage of job (MB)
	479292  -  ResidentSetSize of job (KB)
...
005 (4046534.052.000) 03/15 17:52:56 Job terminated.
	(1) Normal termination (return value 0)
		Usr 0 00:11:51, Sys 0 00:01:26  -  Run Remote Usage
		Usr 0 00:00:00, Sys 0 00:00:00  -  Run Local Usage
		Usr 0 00:11:51, Sys 0 00:01:26  -  Total Remote Usage
		Usr 0 00:00:00, Sys 0 00:00:00  -  Total Local Usage
	0  -  Run Bytes Sent By Job
	0  -  Run Bytes Received By Job
	0  -  Total Bytes Sent By Job
	0  -  Total Bytes Received By Job
	Partitionable Resources :    Usage  Request Allocated
	   Cpus                 :                 1         1
	   Disk (KB)            :        1        1  20458262
	   Memory (MB)          :      469        1      4022
...
000 (4046570.052.000) 03/15 18:56:23 Job submitted from host: <192.168.1.109:9618?addrs=192.168.1.109-9618+[--1]-9618&noUDP&sock=3153_969b_4>
...
001 (4046570.052.000) 03/15 18:56:38 Job executing on host: <192.168.1.42:9618?addrs=192.168.1.42-9618+[--1]-9618&noUDP&sock=3360_3385_3>
...
006 (4046570.052.000) 03/15 18:56:46 Image size of job updated: 131044
	128  -  MemoryUsage of job (MB)
	131004  -  ResidentSetSize of job (KB)
...
006 (4046570.052.000) 03/15 19:01:46 Image size of job updated: 422364
	413  -  MemoryUsage of job (MB)
	422248  -  ResidentSetSize of job (KB)
...
005 (4046570.052.000) 03/15 19:18:16 Job terminated.
	(1) Normal termination (return value 0)
		Usr 0 00:18:10, Sys 0 00:01:49  -  Run Remote Usage
		Usr 0 00:00:00, Sys 0 00:00:00  -  Run Local Usage
		Usr 0 00:18:10, Sys 0 00:01:49  -  Total Remote Usage
		Usr 0 00:00:00, Sys 0 00:00:00  -  Total Local Usage
	0  -  Run Bytes Sent By Job
	0  -  Run Bytes Received By Job
	0  -  Total Bytes Sent By Job
	0  -  Total Bytes Received By Job
	Partitionable Resources :    Usage  Request Allocated
	   Cpus                 :                 1         1
	   Disk (KB)            :        1        1  20458261
	   Memory (MB)          :      413        1      4022
...
