000 (4031466.378.000) 03/13 00:00:43 Job submitted from host: <192.168.1.109:9618?addrs=192.168.1.109-9618+[--1]-9618&noUDP&sock=3153_969b_4>
...
001 (4031466.378.000) 03/13 00:01:25 Job executing on host: <192.168.1.43:9618?addrs=192.168.1.43-9618+[--1]-9618&noUDP&sock=3360_24bc_3>
...
006 (4031466.378.000) 03/13 00:01:34 Image size of job updated: 95980
	89  -  MemoryUsage of job (MB)
	90760  -  ResidentSetSize of job (KB)
...
006 (4031466.378.000) 03/13 00:06:34 Image size of job updated: 348936
	341  -  MemoryUsage of job (MB)
	348936  -  ResidentSetSize of job (KB)
...
006 (4031466.378.000) 03/13 00:11:35 Image size of job updated: 432016
	422  -  MemoryUsage of job (MB)
	432016  -  ResidentSetSize of job (KB)
...
006 (4031466.378.000) 03/13 00:21:36 Image size of job updated: 432520
	423  -  MemoryUsage of job (MB)
	432520  -  ResidentSetSize of job (KB)
...
006 (4031466.378.000) 03/13 00:36:37 Image size of job updated: 433296
	424  -  MemoryUsage of job (MB)
	433296  -  ResidentSetSize of job (KB)
...
006 (4031466.378.000) 03/13 00:41:37 Image size of job updated: 433308
	424  -  MemoryUsage of job (MB)
	433308  -  ResidentSetSize of job (KB)
...
005 (4031466.378.000) 03/13 00:51:28 Job terminated.
	(1) Normal termination (return value 0)
		Usr 0 00:13:02, Sys 0 00:01:23  -  Run Remote Usage
		Usr 0 00:00:00, Sys 0 00:00:00  -  Run Local Usage
		Usr 0 00:13:02, Sys 0 00:01:23  -  Total Remote Usage
		Usr 0 00:00:00, Sys 0 00:00:00  -  Total Local Usage
	0  -  Run Bytes Sent By Job
	0  -  Run Bytes Received By Job
	0  -  Total Bytes Sent By Job
	0  -  Total Bytes Received By Job
	Partitionable Resources :    Usage  Request Allocated
	   Cpus                 :                 1         1
	   Disk (KB)            :        1        1  20458450
	   Memory (MB)          :      424        1      4022
...
000 (4044172.378.000) 03/13 19:21:21 Job submitted from host: <192.168.1.109:9618?addrs=192.168.1.109-9618+[--1]-9618&noUDP&sock=3153_969b_4>
...
001 (4044172.378.000) 03/13 19:22:01 Job executing on host: <192.168.1.44:9618?addrs=192.168.1.44-9618+[--1]-9618&noUDP&sock=3035_ca7b_3>
...
006 (4044172.378.000) 03/13 19:22:10 Image size of job updated: 106876
	105  -  MemoryUsage of job (MB)
	106716  -  ResidentSetSize of job (KB)
...
006 (4044172.378.000) 03/13 19:27:10 Image size of job updated: 360544
	353  -  MemoryUsage of job (MB)
	360544  -  ResidentSetSize of job (KB)
...
006 (4044172.378.000) 03/13 19:32:11 Image size of job updated: 437624
	428  -  MemoryUsage of job (MB)
	437624  -  ResidentSetSize of job (KB)
...
006 (4044172.378.000) 03/13 19:42:12 Image size of job updated: 437804
	428  -  MemoryUsage of job (MB)
	437804  -  ResidentSetSize of job (KB)
...
006 (4044172.378.000) 03/13 19:47:12 Image size of job updated: 437836
	428  -  MemoryUsage of job (MB)
	437836  -  ResidentSetSize of job (KB)
...
006 (4044172.378.000) 03/13 19:57:14 Image size of job updated: 438304
	429  -  MemoryUsage of job (MB)
	438304  -  ResidentSetSize of job (KB)
...
006 (4044172.378.000) 03/13 20:02:14 Image size of job updated: 438448
	429  -  MemoryUsage of job (MB)
	438448  -  ResidentSetSize of job (KB)
...
006 (4044172.378.000) 03/13 20:11:22 Image size of job updated: 438512
	429  -  MemoryUsage of job (MB)
	438448  -  ResidentSetSize of job (KB)
...
005 (4044172.378.000) 03/13 20:11:22 Job terminated.
	(1) Normal termination (return value 0)
		Usr 0 00:15:01, Sys 0 00:01:42  -  Run Remote Usage
		Usr 0 00:00:00, Sys 0 00:00:00  -  Run Local Usage
		Usr 0 00:15:01, Sys 0 00:01:42  -  Total Remote Usage
		Usr 0 00:00:00, Sys 0 00:00:00  -  Total Local Usage
	0  -  Run Bytes Sent By Job
	0  -  Run Bytes Received By Job
	0  -  Total Bytes Sent By Job
	0  -  Total Bytes Received By Job
	Partitionable Resources :    Usage  Request Allocated
	   Cpus                 :                 1         1
	   Disk (KB)            :        1        1  20458817
	   Memory (MB)          :      429        1      4022
...
000 (4046522.378.000) 03/15 14:02:19 Job submitted from host: <192.168.1.109:9618?addrs=192.168.1.109-9618+[--1]-9618&noUDP&sock=3153_969b_4>
...
001 (4046522.378.000) 03/15 15:23:44 Job executing on host: <192.168.1.63:9618?addrs=192.168.1.63-9618+[--1]-9618&noUDP&sock=3501_ea5f_33>
...
006 (4046522.378.000) 03/15 15:23:53 Image size of job updated: 422960
	336  -  MemoryUsage of job (MB)
	343876  -  ResidentSetSize of job (KB)
...
006 (4046522.378.000) 03/15 15:28:54 Image size of job updated: 435988
	425  -  MemoryUsage of job (MB)
	435028  -  ResidentSetSize of job (KB)
...
006 (4046522.378.000) 03/15 15:48:56 Image size of job updated: 436468
	426  -  MemoryUsage of job (MB)
	435508  -  ResidentSetSize of job (KB)
...
006 (4046522.378.000) 03/15 15:53:56 Image size of job updated: 436896
	426  -  MemoryUsage of job (MB)
	435936  -  ResidentSetSize of job (KB)
...
006 (4046522.378.000) 03/15 15:58:56 Image size of job updated: 436896
	426  -  MemoryUsage of job (MB)
	435948  -  ResidentSetSize of job (KB)
...
005 (4046522.378.000) 03/15 16:02:41 Job terminated.
	(1) Normal termination (return value 0)
		Usr 0 00:35:15, Sys 0 00:03:10  -  Run Remote Usage
		Usr 0 00:00:00, Sys 0 00:00:00  -  Run Local Usage
		Usr 0 00:35:15, Sys 0 00:03:10  -  Total Remote Usage
		Usr 0 00:00:00, Sys 0 00:00:00  -  Total Local Usage
	0  -  Run Bytes Sent By Job
	0  -  Run Bytes Received By Job
	0  -  Total Bytes Sent By Job
	0  -  Total Bytes Received By Job
	Partitionable Resources :    Usage  Request Allocated
	   Cpus                 :                 1         1
	   Disk (KB)            :        1        1  22685400
	   Memory (MB)          :      426        1      4015
...
