000 (4031233.144.000) 03/12 14:28:35 Job submitted from host: <192.168.1.109:9618?addrs=192.168.1.109-9618+[--1]-9618&noUDP&sock=3153_969b_4>
...
001 (4031233.144.000) 03/12 14:28:52 Job executing on host: <192.168.1.58:9618?addrs=192.168.1.58-9618+[--1]-9618&noUDP&sock=3319_c3bb_12>
...
006 (4031233.144.000) 03/12 14:29:00 Image size of job updated: 75356
	60  -  MemoryUsage of job (MB)
	61288  -  ResidentSetSize of job (KB)
...
006 (4031233.144.000) 03/12 14:34:00 Image size of job updated: 464524
	433  -  MemoryUsage of job (MB)
	443384  -  ResidentSetSize of job (KB)
...
006 (4031233.144.000) 03/12 14:39:01 Image size of job updated: 464576
	434  -  MemoryUsage of job (MB)
	443436  -  ResidentSetSize of job (KB)
...
006 (4031233.144.000) 03/12 14:49:02 Image size of job updated: 486132
	455  -  MemoryUsage of job (MB)
	464992  -  ResidentSetSize of job (KB)
...
006 (4031233.144.000) 03/12 14:54:02 Image size of job updated: 501448
	470  -  MemoryUsage of job (MB)
	480308  -  ResidentSetSize of job (KB)
...
004 (4031233.144.000) 03/12 14:54:07 Job was evicted.
	(0) Job was not checkpointed.
		Usr 0 00:22:42, Sys 0 00:02:06  -  Run Remote Usage
		Usr 0 00:00:00, Sys 0 00:00:00  -  Run Local Usage
	0  -  Run Bytes Sent By Job
	0  -  Run Bytes Received By Job
	Partitionable Resources :    Usage  Request Allocated
	   Cpus                 :                 1         1
	   Disk (KB)            :        1        1  22659268
	   Memory (MB)          :      470        1      4001
...
009 (4031233.144.000) 03/12 14:54:08 Job was aborted by the user.
	via condor_rm (by user routray)
...
000 (4031234.144.000) 03/12 15:03:15 Job submitted from host: <192.168.1.109:9618?addrs=192.168.1.109-9618+[--1]-9618&noUDP&sock=3153_969b_4>
...
001 (4031234.144.000) 03/12 15:03:43 Job executing on host: <192.168.1.67:9618?addrs=192.168.1.67-9618+[--1]-9618&noUDP&sock=3517_344b_38>
...
006 (4031234.144.000) 03/12 15:03:51 Image size of job updated: 117892
	104  -  MemoryUsage of job (MB)
	106496  -  ResidentSetSize of job (KB)
...
006 (4031234.144.000) 03/12 15:08:51 Image size of job updated: 446672
	437  -  MemoryUsage of job (MB)
	446472  -  ResidentSetSize of job (KB)
...
006 (4031234.144.000) 03/12 15:12:49 Image size of job updated: 797444
	437  -  MemoryUsage of job (MB)
	446472  -  ResidentSetSize of job (KB)
...
004 (4031234.144.000) 03/12 15:12:49 Job was evicted.
	(0) Job was not checkpointed.
		Usr 0 00:07:51, Sys 0 00:00:43  -  Run Remote Usage
		Usr 0 00:00:00, Sys 0 00:00:00  -  Run Local Usage
	0  -  Run Bytes Sent By Job
	0  -  Run Bytes Received By Job
	Partitionable Resources :    Usage  Request Allocated
	   Cpus                 :                 1         1
	   Disk (KB)            :        1        1  22682500
	   Memory (MB)          :      437        1      4015
...
009 (4031234.144.000) 03/12 15:12:53 Job was aborted by the user.
	via condor_rm (by user routray)
...
000 (4031235.144.000) 03/12 15:16:44 Job submitted from host: <192.168.1.109:9618?addrs=192.168.1.109-9618+[--1]-9618&noUDP&sock=3153_969b_4>
...
001 (4031235.144.000) 03/12 15:17:04 Job executing on host: <192.168.1.66:9618?addrs=192.168.1.66-9618+[--1]-9618&noUDP&sock=3560_0345_33>
...
006 (4031235.144.000) 03/12 15:17:12 Image size of job updated: 350540
	334  -  MemoryUsage of job (MB)
	341620  -  ResidentSetSize of job (KB)
...
006 (4031235.144.000) 03/12 15:22:12 Image size of job updated: 447616
	429  -  MemoryUsage of job (MB)
	438692  -  ResidentSetSize of job (KB)
...
006 (4031235.144.000) 03/12 15:27:12 Image size of job updated: 447660
	429  -  MemoryUsage of job (MB)
	438736  -  ResidentSetSize of job (KB)
...
006 (4031235.144.000) 03/12 15:37:13 Image size of job updated: 447664
	429  -  MemoryUsage of job (MB)
	438740  -  ResidentSetSize of job (KB)
...
006 (4031235.144.000) 03/12 15:42:13 Image size of job updated: 447676
	429  -  MemoryUsage of job (MB)
	438752  -  ResidentSetSize of job (KB)
...
005 (4031235.144.000) 03/12 15:44:50 Job terminated.
	(1) Normal termination (return value 0)
		Usr 0 00:25:12, Sys 0 00:02:21  -  Run Remote Usage
		Usr 0 00:00:00, Sys 0 00:00:00  -  Run Local Usage
		Usr 0 00:25:12, Sys 0 00:02:21  -  Total Remote Usage
		Usr 0 00:00:00, Sys 0 00:00:00  -  Total Local Usage
	0  -  Run Bytes Sent By Job
	0  -  Run Bytes Received By Job
	0  -  Total Bytes Sent By Job
	0  -  Total Bytes Received By Job
	Partitionable Resources :    Usage  Request Allocated
	   Cpus                 :                 1         1
	   Disk (KB)            :        1        1  22684277
	   Memory (MB)          :      429        1      4015
...
000 (4031461.144.000) 03/12 18:25:46 Job submitted from host: <192.168.1.109:9618?addrs=192.168.1.109-9618+[--1]-9618&noUDP&sock=3153_969b_4>
...
001 (4031461.144.000) 03/12 18:26:03 Job executing on host: <192.168.1.66:9618?addrs=192.168.1.66-9618+[--1]-9618&noUDP&sock=3560_0345_33>
...
006 (4031461.144.000) 03/12 18:26:12 Image size of job updated: 262752
	241  -  MemoryUsage of job (MB)
	246604  -  ResidentSetSize of job (KB)
...
006 (4031461.144.000) 03/12 18:31:13 Image size of job updated: 461328
	435  -  MemoryUsage of job (MB)
	445088  -  ResidentSetSize of job (KB)
...
006 (4031461.144.000) 03/12 18:36:14 Image size of job updated: 461900
	436  -  MemoryUsage of job (MB)
	445660  -  ResidentSetSize of job (KB)
...
006 (4031461.144.000) 03/12 18:41:14 Image size of job updated: 461924
	436  -  MemoryUsage of job (MB)
	445684  -  ResidentSetSize of job (KB)
...
006 (4031461.144.000) 03/12 18:46:14 Image size of job updated: 461928
	436  -  MemoryUsage of job (MB)
	445688  -  ResidentSetSize of job (KB)
...
006 (4031461.144.000) 03/12 18:51:15 Image size of job updated: 461932
	436  -  MemoryUsage of job (MB)
	445692  -  ResidentSetSize of job (KB)
...
006 (4031461.144.000) 03/12 18:56:15 Image size of job updated: 462008
	436  -  MemoryUsage of job (MB)
	445768  -  ResidentSetSize of job (KB)
...
005 (4031461.144.000) 03/12 18:56:43 Job terminated.
	(1) Normal termination (return value 0)
		Usr 0 00:27:41, Sys 0 00:02:30  -  Run Remote Usage
		Usr 0 00:00:00, Sys 0 00:00:00  -  Run Local Usage
		Usr 0 00:27:41, Sys 0 00:02:30  -  Total Remote Usage
		Usr 0 00:00:00, Sys 0 00:00:00  -  Total Local Usage
	0  -  Run Bytes Sent By Job
	0  -  Run Bytes Received By Job
	0  -  Total Bytes Sent By Job
	0  -  Total Bytes Received By Job
	Partitionable Resources :    Usage  Request Allocated
	   Cpus                 :                 1         1
	   Disk (KB)            :        1        1  22684277
	   Memory (MB)          :      436        1      4015
...
000 (4031462.144.000) 03/12 20:10:16 Job submitted from host: <192.168.1.109:9618?addrs=192.168.1.109-9618+[--1]-9618&noUDP&sock=3153_969b_4>
...
001 (4031462.144.000) 03/12 20:10:45 Job executing on host: <192.168.1.66:9618?addrs=192.168.1.66-9618+[--1]-9618&noUDP&sock=3560_0345_33>
...
006 (4031462.144.000) 03/12 20:10:53 Image size of job updated: 104876
	98  -  MemoryUsage of job (MB)
	99380  -  ResidentSetSize of job (KB)
...
006 (4031462.144.000) 03/12 20:15:53 Image size of job updated: 447208
	431  -  MemoryUsage of job (MB)
	440528  -  ResidentSetSize of job (KB)
...
005 (4031462.144.000) 03/12 20:17:12 Job terminated.
	(1) Normal termination (return value 0)
		Usr 0 00:05:22, Sys 0 00:00:30  -  Run Remote Usage
		Usr 0 00:00:00, Sys 0 00:00:00  -  Run Local Usage
		Usr 0 00:05:22, Sys 0 00:00:30  -  Total Remote Usage
		Usr 0 00:00:00, Sys 0 00:00:00  -  Total Local Usage
	0  -  Run Bytes Sent By Job
	0  -  Run Bytes Received By Job
	0  -  Total Bytes Sent By Job
	0  -  Total Bytes Received By Job
	Partitionable Resources :    Usage  Request Allocated
	   Cpus                 :                 1         1
	   Disk (KB)            :        1        1  22684277
	   Memory (MB)          :      431        1      4015
...
000 (4031463.144.000) 03/12 21:35:13 Job submitted from host: <192.168.1.109:9618?addrs=192.168.1.109-9618+[--1]-9618&noUDP&sock=3153_969b_4>
...
001 (4031463.144.000) 03/12 21:35:46 Job executing on host: <192.168.1.47:9618?addrs=192.168.1.47-9618+[--1]-9618&noUDP&sock=3245_a288_3>
...
006 (4031463.144.000) 03/12 21:35:55 Image size of job updated: 49560
	36  -  MemoryUsage of job (MB)
	36416  -  ResidentSetSize of job (KB)
...
006 (4031463.144.000) 03/12 21:40:56 Image size of job updated: 449956
	419  -  MemoryUsage of job (MB)
	428188  -  ResidentSetSize of job (KB)
...
005 (4031463.144.000) 03/12 21:45:53 Job terminated.
	(1) Normal termination (return value 0)
		Usr 0 00:08:15, Sys 0 00:00:49  -  Run Remote Usage
		Usr 0 00:00:00, Sys 0 00:00:00  -  Run Local Usage
		Usr 0 00:08:15, Sys 0 00:00:49  -  Total Remote Usage
		Usr 0 00:00:00, Sys 0 00:00:00  -  Total Local Usage
	0  -  Run Bytes Sent By Job
	0  -  Run Bytes Received By Job
	0  -  Total Bytes Sent By Job
	0  -  Total Bytes Received By Job
	Partitionable Resources :    Usage  Request Allocated
	   Cpus                 :                 1         1
	   Disk (KB)            :        1        1  28493856
	   Memory (MB)          :      419        1      4020
...
000 (4031466.144.000) 03/13 00:00:41 Job submitted from host: <192.168.1.109:9618?addrs=192.168.1.109-9618+[--1]-9618&noUDP&sock=3153_969b_4>
...
001 (4031466.144.000) 03/13 00:01:14 Job executing on host: <192.168.1.47:9618?addrs=192.168.1.47-9618+[--1]-9618&noUDP&sock=3245_a288_3>
...
006 (4031466.144.000) 03/13 00:01:22 Image size of job updated: 98760
	96  -  MemoryUsage of job (MB)
	98172  -  ResidentSetSize of job (KB)
...
006 (4031466.144.000) 03/13 00:06:22 Image size of job updated: 405696
	397  -  MemoryUsage of job (MB)
	405696  -  ResidentSetSize of job (KB)
...
006 (4031466.144.000) 03/13 00:11:23 Image size of job updated: 444888
	435  -  MemoryUsage of job (MB)
	444888  -  ResidentSetSize of job (KB)
...
006 (4031466.144.000) 03/13 00:16:24 Image size of job updated: 445224
	435  -  MemoryUsage of job (MB)
	445224  -  ResidentSetSize of job (KB)
...
006 (4031466.144.000) 03/13 00:21:24 Image size of job updated: 445240
	435  -  MemoryUsage of job (MB)
	445240  -  ResidentSetSize of job (KB)
...
006 (4031466.144.000) 03/13 00:26:24 Image size of job updated: 472800
	462  -  MemoryUsage of job (MB)
	472800  -  ResidentSetSize of job (KB)
...
006 (4031466.144.000) 03/13 00:31:25 Image size of job updated: 472876
	462  -  MemoryUsage of job (MB)
	472876  -  ResidentSetSize of job (KB)
...
006 (4031466.144.000) 03/13 00:45:07 Image size of job updated: 472888
	462  -  MemoryUsage of job (MB)
	472876  -  ResidentSetSize of job (KB)
...
005 (4031466.144.000) 03/13 00:45:07 Job terminated.
	(1) Normal termination (return value 0)
		Usr 0 00:14:57, Sys 0 00:01:26  -  Run Remote Usage
		Usr 0 00:00:00, Sys 0 00:00:00  -  Run Local Usage
		Usr 0 00:14:57, Sys 0 00:01:26  -  Total Remote Usage
		Usr 0 00:00:00, Sys 0 00:00:00  -  Total Local Usage
	0  -  Run Bytes Sent By Job
	0  -  Run Bytes Received By Job
	0  -  Total Bytes Sent By Job
	0  -  Total Bytes Received By Job
	Partitionable Resources :    Usage  Request Allocated
	   Cpus                 :                 1         1
	   Disk (KB)            :        1        1  28493856
	   Memory (MB)          :      462        1      4020
...
000 (4044172.144.000) 03/13 19:21:19 Job submitted from host: <192.168.1.109:9618?addrs=192.168.1.109-9618+[--1]-9618&noUDP&sock=3153_969b_4>
...
001 (4044172.144.000) 03/13 19:21:48 Job executing on host: <192.168.1.62:9618?addrs=192.168.1.62-9618+[--1]-9618&noUDP&sock=2992_c8ab_24>
...
006 (4044172.144.000) 03/13 19:21:57 Image size of job updated: 196284
	144  -  MemoryUsage of job (MB)
	146684  -  ResidentSetSize of job (KB)
...
006 (4044172.144.000) 03/13 19:26:58 Image size of job updated: 494128
	433  -  MemoryUsage of job (MB)
	443380  -  ResidentSetSize of job (KB)
...
006 (4044172.144.000) 03/13 19:47:00 Image size of job updated: 494724
	434  -  MemoryUsage of job (MB)
	443976  -  ResidentSetSize of job (KB)
...
006 (4044172.144.000) 03/13 20:02:02 Image size of job updated: 494724
	466  -  MemoryUsage of job (MB)
	476828  -  ResidentSetSize of job (KB)
...
005 (4044172.144.000) 03/13 20:02:25 Job terminated.
	(1) Normal termination (return value 0)
		Usr 0 00:34:41, Sys 0 00:03:27  -  Run Remote Usage
		Usr 0 00:00:00, Sys 0 00:00:00  -  Run Local Usage
		Usr 0 00:34:41, Sys 0 00:03:27  -  Total Remote Usage
		Usr 0 00:00:00, Sys 0 00:00:00  -  Total Local Usage
	0  -  Run Bytes Sent By Job
	0  -  Run Bytes Received By Job
	0  -  Total Bytes Sent By Job
	0  -  Total Bytes Received By Job
	Partitionable Resources :    Usage  Request Allocated
	   Cpus                 :                 1         1
	   Disk (KB)            :        1        1  22663504
	   Memory (MB)          :      466        1      4001
...
000 (4046522.144.000) 03/15 14:02:16 Job submitted from host: <192.168.1.109:9618?addrs=192.168.1.109-9618+[--1]-9618&noUDP&sock=3153_969b_4>
...
001 (4046522.144.000) 03/15 14:57:38 Job executing on host: <192.168.1.40:9618?addrs=192.168.1.40-9618+[--1]-9618&noUDP&sock=3366_a17e_3>
...
006 (4046522.144.000) 03/15 14:57:46 Image size of job updated: 243304
	161  -  MemoryUsage of job (MB)
	164240  -  ResidentSetSize of job (KB)
...
006 (4046522.144.000) 03/15 15:02:46 Image size of job updated: 330224
	322  -  MemoryUsage of job (MB)
	329424  -  ResidentSetSize of job (KB)
...
006 (4046522.144.000) 03/15 15:07:46 Image size of job updated: 330224
	323  -  MemoryUsage of job (MB)
	329852  -  ResidentSetSize of job (KB)
...
006 (4046522.144.000) 03/15 15:12:47 Image size of job updated: 333796
	326  -  MemoryUsage of job (MB)
	333448  -  ResidentSetSize of job (KB)
...
006 (4046522.144.000) 03/15 15:17:48 Image size of job updated: 334152
	326  -  MemoryUsage of job (MB)
	333572  -  ResidentSetSize of job (KB)
...
005 (4046522.144.000) 03/15 15:19:20 Job terminated.
	(1) Normal termination (return value 0)
		Usr 0 00:19:20, Sys 0 00:02:02  -  Run Remote Usage
		Usr 0 00:00:00, Sys 0 00:00:00  -  Run Local Usage
		Usr 0 00:19:20, Sys 0 00:02:02  -  Total Remote Usage
		Usr 0 00:00:00, Sys 0 00:00:00  -  Total Local Usage
	0  -  Run Bytes Sent By Job
	0  -  Run Bytes Received By Job
	0  -  Total Bytes Sent By Job
	0  -  Total Bytes Received By Job
	Partitionable Resources :    Usage  Request Allocated
	   Cpus                 :                 1         1
	   Disk (KB)            :        1        1  20457847
	   Memory (MB)          :      326        1      4022
...
000 (4046570.144.000) 03/15 18:56:24 Job submitted from host: <192.168.1.109:9618?addrs=192.168.1.109-9618+[--1]-9618&noUDP&sock=3153_969b_4>
...
001 (4046570.144.000) 03/15 18:56:41 Job executing on host: <192.168.1.40:9618?addrs=192.168.1.40-9618+[--1]-9618&noUDP&sock=3366_a17e_3>
...
006 (4046570.144.000) 03/15 18:56:49 Image size of job updated: 286856
	278  -  MemoryUsage of job (MB)
	283996  -  ResidentSetSize of job (KB)
...
006 (4046570.144.000) 03/15 19:01:49 Image size of job updated: 428196
	416  -  MemoryUsage of job (MB)
	425236  -  ResidentSetSize of job (KB)
...
006 (4046570.144.000) 03/15 19:06:50 Image size of job updated: 428320
	416  -  MemoryUsage of job (MB)
	425360  -  ResidentSetSize of job (KB)
...
006 (4046570.144.000) 03/15 19:11:50 Image size of job updated: 428332
	416  -  MemoryUsage of job (MB)
	425372  -  ResidentSetSize of job (KB)
...
005 (4046570.144.000) 03/15 19:12:06 Job terminated.
	(1) Normal termination (return value 0)
		Usr 0 00:13:04, Sys 0 00:01:26  -  Run Remote Usage
		Usr 0 00:00:00, Sys 0 00:00:00  -  Run Local Usage
		Usr 0 00:13:04, Sys 0 00:01:26  -  Total Remote Usage
		Usr 0 00:00:00, Sys 0 00:00:00  -  Total Local Usage
	0  -  Run Bytes Sent By Job
	0  -  Run Bytes Received By Job
	0  -  Total Bytes Sent By Job
	0  -  Total Bytes Received By Job
	Partitionable Resources :    Usage  Request Allocated
	   Cpus                 :                 1         1
	   Disk (KB)            :        1        1  20457847
	   Memory (MB)          :      416        1      4022
...
