000 (4031233.140.000) 03/12 14:28:35 Job submitted from host: <192.168.1.109:9618?addrs=192.168.1.109-9618+[--1]-9618&noUDP&sock=3153_969b_4>
...
001 (4031233.140.000) 03/12 14:28:52 Job executing on host: <192.168.1.39:9618?addrs=192.168.1.39-9618+[--1]-9618&noUDP&sock=3239_16fe_3>
...
006 (4031233.140.000) 03/12 14:29:00 Image size of job updated: 112384
	89  -  MemoryUsage of job (MB)
	90636  -  ResidentSetSize of job (KB)
...
006 (4031233.140.000) 03/12 14:34:00 Image size of job updated: 327224
	295  -  MemoryUsage of job (MB)
	301540  -  ResidentSetSize of job (KB)
...
006 (4031233.140.000) 03/12 14:39:01 Image size of job updated: 327228
	295  -  MemoryUsage of job (MB)
	301544  -  ResidentSetSize of job (KB)
...
006 (4031233.140.000) 03/12 14:44:02 Image size of job updated: 327288
	295  -  MemoryUsage of job (MB)
	301604  -  ResidentSetSize of job (KB)
...
005 (4031233.140.000) 03/12 14:48:22 Job terminated.
	(1) Normal termination (return value 0)
		Usr 0 00:17:04, Sys 0 00:01:33  -  Run Remote Usage
		Usr 0 00:00:00, Sys 0 00:00:00  -  Run Local Usage
		Usr 0 00:17:04, Sys 0 00:01:33  -  Total Remote Usage
		Usr 0 00:00:00, Sys 0 00:00:00  -  Total Local Usage
	0  -  Run Bytes Sent By Job
	0  -  Run Bytes Received By Job
	0  -  Total Bytes Sent By Job
	0  -  Total Bytes Received By Job
	Partitionable Resources :    Usage  Request Allocated
	   Cpus                 :                 1         1
	   Disk (KB)            :        1        1  20460460
	   Memory (MB)          :      295        1      4022
...
000 (4031234.140.000) 03/12 15:03:15 Job submitted from host: <192.168.1.109:9618?addrs=192.168.1.109-9618+[--1]-9618&noUDP&sock=3153_969b_4>
...
001 (4031234.140.000) 03/12 15:03:43 Job executing on host: <192.168.1.66:9618?addrs=192.168.1.66-9618+[--1]-9618&noUDP&sock=3560_0345_33>
...
006 (4031234.140.000) 03/12 15:03:51 Image size of job updated: 166288
	144  -  MemoryUsage of job (MB)
	147188  -  ResidentSetSize of job (KB)
...
006 (4031234.140.000) 03/12 15:08:51 Image size of job updated: 300572
	294  -  MemoryUsage of job (MB)
	300412  -  ResidentSetSize of job (KB)
...
006 (4031234.140.000) 03/12 15:12:48 Image size of job updated: 648972
	294  -  MemoryUsage of job (MB)
	300412  -  ResidentSetSize of job (KB)
...
004 (4031234.140.000) 03/12 15:12:48 Job was evicted.
	(0) Job was not checkpointed.
		Usr 0 00:07:48, Sys 0 00:00:41  -  Run Remote Usage
		Usr 0 00:00:00, Sys 0 00:00:00  -  Run Local Usage
	0  -  Run Bytes Sent By Job
	0  -  Run Bytes Received By Job
	Partitionable Resources :    Usage  Request Allocated
	   Cpus                 :                 1         1
	   Disk (KB)            :        1        1  22684277
	   Memory (MB)          :      294        1      4015
...
009 (4031234.140.000) 03/12 15:12:51 Job was aborted by the user.
	via condor_rm (by user routray)
...
000 (4031235.140.000) 03/12 15:16:44 Job submitted from host: <192.168.1.109:9618?addrs=192.168.1.109-9618+[--1]-9618&noUDP&sock=3153_969b_4>
...
001 (4031235.140.000) 03/12 15:17:03 Job executing on host: <192.168.1.66:9618?addrs=192.168.1.66-9618+[--1]-9618&noUDP&sock=3560_0345_33>
...
006 (4031235.140.000) 03/12 15:17:12 Image size of job updated: 211580
	192  -  MemoryUsage of job (MB)
	196368  -  ResidentSetSize of job (KB)
...
006 (4031235.140.000) 03/12 15:22:12 Image size of job updated: 315808
	294  -  MemoryUsage of job (MB)
	300596  -  ResidentSetSize of job (KB)
...
006 (4031235.140.000) 03/12 15:27:12 Image size of job updated: 315816
	294  -  MemoryUsage of job (MB)
	300604  -  ResidentSetSize of job (KB)
...
006 (4031235.140.000) 03/12 15:32:13 Image size of job updated: 315820
	294  -  MemoryUsage of job (MB)
	300608  -  ResidentSetSize of job (KB)
...
006 (4031235.140.000) 03/12 15:37:14 Image size of job updated: 315880
	294  -  MemoryUsage of job (MB)
	300668  -  ResidentSetSize of job (KB)
...
005 (4031235.140.000) 03/12 15:44:58 Job terminated.
	(1) Normal termination (return value 0)
		Usr 0 00:25:13, Sys 0 00:02:21  -  Run Remote Usage
		Usr 0 00:00:00, Sys 0 00:00:00  -  Run Local Usage
		Usr 0 00:25:13, Sys 0 00:02:21  -  Total Remote Usage
		Usr 0 00:00:00, Sys 0 00:00:00  -  Total Local Usage
	0  -  Run Bytes Sent By Job
	0  -  Run Bytes Received By Job
	0  -  Total Bytes Sent By Job
	0  -  Total Bytes Received By Job
	Partitionable Resources :    Usage  Request Allocated
	   Cpus                 :                 1         1
	   Disk (KB)            :        1        1  22684277
	   Memory (MB)          :      294        1      4015
...
000 (4031461.140.000) 03/12 18:25:46 Job submitted from host: <192.168.1.109:9618?addrs=192.168.1.109-9618+[--1]-9618&noUDP&sock=3153_969b_4>
...
001 (4031461.140.000) 03/12 18:26:03 Job executing on host: <192.168.1.50:9618?addrs=192.168.1.50-9618+[--1]-9618&noUDP&sock=3247_5221_3>
...
006 (4031461.140.000) 03/12 18:26:11 Image size of job updated: 236728
	219  -  MemoryUsage of job (MB)
	224232  -  ResidentSetSize of job (KB)
...
006 (4031461.140.000) 03/12 18:31:11 Image size of job updated: 470712
	448  -  MemoryUsage of job (MB)
	458208  -  ResidentSetSize of job (KB)
...
006 (4031461.140.000) 03/12 18:36:12 Image size of job updated: 470752
	448  -  MemoryUsage of job (MB)
	458248  -  ResidentSetSize of job (KB)
...
005 (4031461.140.000) 03/12 18:39:48 Job terminated.
	(1) Normal termination (return value 0)
		Usr 0 00:11:59, Sys 0 00:01:13  -  Run Remote Usage
		Usr 0 00:00:00, Sys 0 00:00:00  -  Run Local Usage
		Usr 0 00:11:59, Sys 0 00:01:13  -  Total Remote Usage
		Usr 0 00:00:00, Sys 0 00:00:00  -  Total Local Usage
	0  -  Run Bytes Sent By Job
	0  -  Run Bytes Received By Job
	0  -  Total Bytes Sent By Job
	0  -  Total Bytes Received By Job
	Partitionable Resources :    Usage  Request Allocated
	   Cpus                 :                 1         1
	   Disk (KB)            :        1        1  28493273
	   Memory (MB)          :      448        1      4020
...
000 (4031462.140.000) 03/12 20:10:16 Job submitted from host: <192.168.1.109:9618?addrs=192.168.1.109-9618+[--1]-9618&noUDP&sock=3153_969b_4>
...
001 (4031462.140.000) 03/12 20:10:45 Job executing on host: <192.168.1.64:9618?addrs=192.168.1.64-9618+[--1]-9618&noUDP&sock=3497_7c66_22>
...
006 (4031462.140.000) 03/12 20:10:53 Image size of job updated: 165216
	159  -  MemoryUsage of job (MB)
	162780  -  ResidentSetSize of job (KB)
...
006 (4031462.140.000) 03/12 20:15:53 Image size of job updated: 399832
	388  -  MemoryUsage of job (MB)
	397284  -  ResidentSetSize of job (KB)
...
006 (4031462.140.000) 03/12 20:20:53 Image size of job updated: 401024
	390  -  MemoryUsage of job (MB)
	398476  -  ResidentSetSize of job (KB)
...
006 (4031462.140.000) 03/12 20:40:56 Image size of job updated: 445932
	433  -  MemoryUsage of job (MB)
	443384  -  ResidentSetSize of job (KB)
...
005 (4031462.140.000) 03/12 20:41:57 Job terminated.
	(1) Normal termination (return value 0)
		Usr 0 00:28:14, Sys 0 00:02:30  -  Run Remote Usage
		Usr 0 00:00:00, Sys 0 00:00:00  -  Run Local Usage
		Usr 0 00:28:14, Sys 0 00:02:30  -  Total Remote Usage
		Usr 0 00:00:00, Sys 0 00:00:00  -  Total Local Usage
	0  -  Run Bytes Sent By Job
	0  -  Run Bytes Received By Job
	0  -  Total Bytes Sent By Job
	0  -  Total Bytes Received By Job
	Partitionable Resources :    Usage  Request Allocated
	   Cpus                 :                 1         1
	   Disk (KB)            :        1        1  22685211
	   Memory (MB)          :      433        1      4015
...
000 (4031463.140.000) 03/12 21:35:12 Job submitted from host: <192.168.1.109:9618?addrs=192.168.1.109-9618+[--1]-9618&noUDP&sock=3153_969b_4>
...
001 (4031463.140.000) 03/12 21:35:46 Job executing on host: <192.168.1.62:9618?addrs=192.168.1.62-9618+[--1]-9618&noUDP&sock=2992_c8ab_24>
...
006 (4031463.140.000) 03/12 21:35:55 Image size of job updated: 42948
	36  -  MemoryUsage of job (MB)
	36788  -  ResidentSetSize of job (KB)
...
006 (4031463.140.000) 03/12 21:40:56 Image size of job updated: 446932
	428  -  MemoryUsage of job (MB)
	437764  -  ResidentSetSize of job (KB)
...
006 (4031463.140.000) 03/12 21:50:57 Image size of job updated: 447076
	428  -  MemoryUsage of job (MB)
	437908  -  ResidentSetSize of job (KB)
...
006 (4031463.140.000) 03/12 21:55:57 Image size of job updated: 447104
	428  -  MemoryUsage of job (MB)
	437936  -  ResidentSetSize of job (KB)
...
006 (4031463.140.000) 03/12 22:00:58 Image size of job updated: 448408
	429  -  MemoryUsage of job (MB)
	439240  -  ResidentSetSize of job (KB)
...
005 (4031463.140.000) 03/12 22:03:46 Job terminated.
	(1) Normal termination (return value 0)
		Usr 0 00:24:44, Sys 0 00:02:18  -  Run Remote Usage
		Usr 0 00:00:00, Sys 0 00:00:00  -  Run Local Usage
		Usr 0 00:24:44, Sys 0 00:02:18  -  Total Remote Usage
		Usr 0 00:00:00, Sys 0 00:00:00  -  Total Local Usage
	0  -  Run Bytes Sent By Job
	0  -  Run Bytes Received By Job
	0  -  Total Bytes Sent By Job
	0  -  Total Bytes Received By Job
	Partitionable Resources :    Usage  Request Allocated
	   Cpus                 :                 1         1
	   Disk (KB)            :        1        1  22663504
	   Memory (MB)          :      429        1      4001
...
000 (4031466.140.000) 03/13 00:00:41 Job submitted from host: <192.168.1.109:9618?addrs=192.168.1.109-9618+[--1]-9618&noUDP&sock=3153_969b_4>
...
001 (4031466.140.000) 03/13 00:01:13 Job executing on host: <192.168.1.65:9618?addrs=192.168.1.65-9618+[--1]-9618&noUDP&sock=3515_344b_35>
...
006 (4031466.140.000) 03/13 00:01:22 Image size of job updated: 111300
	109  -  MemoryUsage of job (MB)
	110896  -  ResidentSetSize of job (KB)
...
006 (4031466.140.000) 03/13 00:06:22 Image size of job updated: 437336
	428  -  MemoryUsage of job (MB)
	437336  -  ResidentSetSize of job (KB)
...
006 (4031466.140.000) 03/13 00:11:22 Image size of job updated: 437364
	428  -  MemoryUsage of job (MB)
	437364  -  ResidentSetSize of job (KB)
...
006 (4031466.140.000) 03/13 00:16:23 Image size of job updated: 472896
	462  -  MemoryUsage of job (MB)
	472896  -  ResidentSetSize of job (KB)
...
005 (4031466.140.000) 03/13 00:54:09 Job terminated.
	(1) Normal termination (return value 0)
		Usr 0 00:45:55, Sys 0 00:03:37  -  Run Remote Usage
		Usr 0 00:00:00, Sys 0 00:00:00  -  Run Local Usage
		Usr 0 00:45:55, Sys 0 00:03:37  -  Total Remote Usage
		Usr 0 00:00:00, Sys 0 00:00:00  -  Total Local Usage
	0  -  Run Bytes Sent By Job
	0  -  Run Bytes Received By Job
	0  -  Total Bytes Sent By Job
	0  -  Total Bytes Received By Job
	Partitionable Resources :    Usage  Request Allocated
	   Cpus                 :                 1         1
	   Disk (KB)            :        1        1  22684044
	   Memory (MB)          :      462        1      4015
...
000 (4044172.140.000) 03/13 19:21:19 Job submitted from host: <192.168.1.109:9618?addrs=192.168.1.109-9618+[--1]-9618&noUDP&sock=3153_969b_4>
...
001 (4044172.140.000) 03/13 19:21:48 Job executing on host: <192.168.1.56:9618?addrs=192.168.1.56-9618+[--1]-9618&noUDP&sock=3336_bd3f_3>
...
006 (4044172.140.000) 03/13 19:21:57 Image size of job updated: 136496
	134  -  MemoryUsage of job (MB)
	136288  -  ResidentSetSize of job (KB)
...
006 (4044172.140.000) 03/13 19:26:58 Image size of job updated: 438312
	428  -  MemoryUsage of job (MB)
	438104  -  ResidentSetSize of job (KB)
...
006 (4044172.140.000) 03/13 19:31:58 Image size of job updated: 438324
	428  -  MemoryUsage of job (MB)
	438116  -  ResidentSetSize of job (KB)
...
006 (4044172.140.000) 03/13 19:36:58 Image size of job updated: 438352
	428  -  MemoryUsage of job (MB)
	438144  -  ResidentSetSize of job (KB)
...
006 (4044172.140.000) 03/13 19:47:00 Image size of job updated: 475288
	463  -  MemoryUsage of job (MB)
	474020  -  ResidentSetSize of job (KB)
...
005 (4044172.140.000) 03/13 19:59:50 Job terminated.
	(1) Normal termination (return value 0)
		Usr 0 00:32:33, Sys 0 00:03:02  -  Run Remote Usage
		Usr 0 00:00:00, Sys 0 00:00:00  -  Run Local Usage
		Usr 0 00:32:33, Sys 0 00:03:02  -  Total Remote Usage
		Usr 0 00:00:00, Sys 0 00:00:00  -  Total Local Usage
	0  -  Run Bytes Sent By Job
	0  -  Run Bytes Received By Job
	0  -  Total Bytes Sent By Job
	0  -  Total Bytes Received By Job
	Partitionable Resources :    Usage  Request Allocated
	   Cpus                 :                 1         1
	   Disk (KB)            :        1        1  22662681
	   Memory (MB)          :      463        1      4001
...
000 (4046522.140.000) 03/15 14:02:16 Job submitted from host: <192.168.1.109:9618?addrs=192.168.1.109-9618+[--1]-9618&noUDP&sock=3153_969b_4>
...
001 (4046522.140.000) 03/15 14:57:16 Job executing on host: <192.168.1.63:9618?addrs=192.168.1.63-9618+[--1]-9618&noUDP&sock=3501_ea5f_33>
...
006 (4046522.140.000) 03/15 14:57:25 Image size of job updated: 431952
	345  -  MemoryUsage of job (MB)
	352480  -  ResidentSetSize of job (KB)
...
006 (4046522.140.000) 03/15 15:02:26 Image size of job updated: 513092
	424  -  MemoryUsage of job (MB)
	433620  -  ResidentSetSize of job (KB)
...
006 (4046522.140.000) 03/15 15:12:27 Image size of job updated: 513092
	424  -  MemoryUsage of job (MB)
	433636  -  ResidentSetSize of job (KB)
...
006 (4046522.140.000) 03/15 15:17:27 Image size of job updated: 513092
	424  -  MemoryUsage of job (MB)
	433640  -  ResidentSetSize of job (KB)
...
006 (4046522.140.000) 03/15 15:22:28 Image size of job updated: 513092
	424  -  MemoryUsage of job (MB)
	433644  -  ResidentSetSize of job (KB)
...
006 (4046522.140.000) 03/15 15:37:29 Image size of job updated: 513092
	424  -  MemoryUsage of job (MB)
	433648  -  ResidentSetSize of job (KB)
...
005 (4046522.140.000) 03/15 15:38:34 Job terminated.
	(1) Normal termination (return value 0)
		Usr 0 00:37:34, Sys 0 00:03:20  -  Run Remote Usage
		Usr 0 00:00:00, Sys 0 00:00:00  -  Run Local Usage
		Usr 0 00:37:34, Sys 0 00:03:20  -  Total Remote Usage
		Usr 0 00:00:00, Sys 0 00:00:00  -  Total Local Usage
	0  -  Run Bytes Sent By Job
	0  -  Run Bytes Received By Job
	0  -  Total Bytes Sent By Job
	0  -  Total Bytes Received By Job
	Partitionable Resources :    Usage  Request Allocated
	   Cpus                 :                 1         1
	   Disk (KB)            :        1        1  22685400
	   Memory (MB)          :      424        1      4015
...
000 (4046570.140.000) 03/15 18:56:24 Job submitted from host: <192.168.1.109:9618?addrs=192.168.1.109-9618+[--1]-9618&noUDP&sock=3153_969b_4>
...
001 (4046570.140.000) 03/15 18:56:41 Job executing on host: <192.168.1.41:9618?addrs=192.168.1.41-9618+[--1]-9618&noUDP&sock=3368_a17e_3>
...
006 (4046570.140.000) 03/15 18:56:49 Image size of job updated: 168292
	146  -  MemoryUsage of job (MB)
	148512  -  ResidentSetSize of job (KB)
...
006 (4046570.140.000) 03/15 19:01:49 Image size of job updated: 355392
	327  -  MemoryUsage of job (MB)
	334648  -  ResidentSetSize of job (KB)
...
006 (4046570.140.000) 03/15 19:06:50 Image size of job updated: 355468
	327  -  MemoryUsage of job (MB)
	334724  -  ResidentSetSize of job (KB)
...
006 (4046570.140.000) 03/15 19:11:51 Image size of job updated: 355468
	328  -  MemoryUsage of job (MB)
	335204  -  ResidentSetSize of job (KB)
...
006 (4046570.140.000) 03/15 19:21:52 Image size of job updated: 355468
	328  -  MemoryUsage of job (MB)
	335208  -  ResidentSetSize of job (KB)
...
005 (4046570.140.000) 03/15 19:23:21 Job terminated.
	(1) Normal termination (return value 0)
		Usr 0 00:23:07, Sys 0 00:02:09  -  Run Remote Usage
		Usr 0 00:00:00, Sys 0 00:00:00  -  Run Local Usage
		Usr 0 00:23:07, Sys 0 00:02:09  -  Total Remote Usage
		Usr 0 00:00:00, Sys 0 00:00:00  -  Total Local Usage
	0  -  Run Bytes Sent By Job
	0  -  Run Bytes Received By Job
	0  -  Total Bytes Sent By Job
	0  -  Total Bytes Received By Job
	Partitionable Resources :    Usage  Request Allocated
	   Cpus                 :                 1         1
	   Disk (KB)            :        1        1  20458618
	   Memory (MB)          :      328        1      4022
...
