000 (4031233.059.000) 03/12 14:28:35 Job submitted from host: <192.168.1.109:9618?addrs=192.168.1.109-9618+[--1]-9618&noUDP&sock=3153_969b_4>
...
001 (4031233.059.000) 03/12 14:28:49 Job executing on host: <192.168.1.61:9618?addrs=192.168.1.61-9618+[--1]-9618&noUDP&sock=3335_bd3f_11>
...
006 (4031233.059.000) 03/12 14:28:58 Image size of job updated: 55748
	44  -  MemoryUsage of job (MB)
	44112  -  ResidentSetSize of job (KB)
...
006 (4031233.059.000) 03/12 14:33:59 Image size of job updated: 468448
	436  -  MemoryUsage of job (MB)
	445988  -  ResidentSetSize of job (KB)
...
006 (4031233.059.000) 03/12 14:39:00 Image size of job updated: 469644
	437  -  MemoryUsage of job (MB)
	447184  -  ResidentSetSize of job (KB)
...
006 (4031233.059.000) 03/12 14:49:00 Image size of job updated: 469648
	437  -  MemoryUsage of job (MB)
	447188  -  ResidentSetSize of job (KB)
...
004 (4031233.059.000) 03/12 14:54:07 Job was evicted.
	(0) Job was not checkpointed.
		Usr 0 00:22:46, Sys 0 00:02:05  -  Run Remote Usage
		Usr 0 00:00:00, Sys 0 00:00:00  -  Run Local Usage
	0  -  Run Bytes Sent By Job
	0  -  Run Bytes Received By Job
	Partitionable Resources :    Usage  Request Allocated
	   Cpus                 :                 1         1
	   Disk (KB)            :        1        1  22662096
	   Memory (MB)          :      437        1      4001
...
009 (4031233.059.000) 03/12 14:54:08 Job was aborted by the user.
	via condor_rm (by user routray)
...
000 (4031234.059.000) 03/12 15:03:14 Job submitted from host: <192.168.1.109:9618?addrs=192.168.1.109-9618+[--1]-9618&noUDP&sock=3153_969b_4>
...
001 (4031234.059.000) 03/12 15:03:40 Job executing on host: <192.168.1.40:9618?addrs=192.168.1.40-9618+[--1]-9618&noUDP&sock=3366_a17e_3>
...
006 (4031234.059.000) 03/12 15:03:49 Image size of job updated: 203820
	193  -  MemoryUsage of job (MB)
	197164  -  ResidentSetSize of job (KB)
...
006 (4031234.059.000) 03/12 15:08:50 Image size of job updated: 352504
	345  -  MemoryUsage of job (MB)
	352384  -  ResidentSetSize of job (KB)
...
006 (4031234.059.000) 03/12 15:12:47 Image size of job updated: 798228
	345  -  MemoryUsage of job (MB)
	352384  -  ResidentSetSize of job (KB)
...
004 (4031234.059.000) 03/12 15:12:48 Job was evicted.
	(0) Job was not checkpointed.
		Usr 0 00:07:53, Sys 0 00:00:50  -  Run Remote Usage
		Usr 0 00:00:00, Sys 0 00:00:00  -  Run Local Usage
	0  -  Run Bytes Sent By Job
	0  -  Run Bytes Received By Job
	Partitionable Resources :    Usage  Request Allocated
	   Cpus                 :                 1         1
	   Disk (KB)            :        1        1  20457847
	   Memory (MB)          :      345        1      4022
...
009 (4031234.059.000) 03/12 15:12:51 Job was aborted by the user.
	via condor_rm (by user routray)
...
000 (4031235.059.000) 03/12 15:16:44 Job submitted from host: <192.168.1.109:9618?addrs=192.168.1.109-9618+[--1]-9618&noUDP&sock=3153_969b_4>
...
001 (4031235.059.000) 03/12 15:17:01 Job executing on host: <192.168.1.50:9618?addrs=192.168.1.50-9618+[--1]-9618&noUDP&sock=3247_5221_3>
...
006 (4031235.059.000) 03/12 15:17:09 Image size of job updated: 360428
	342  -  MemoryUsage of job (MB)
	349828  -  ResidentSetSize of job (KB)
...
006 (4031235.059.000) 03/12 15:22:09 Image size of job updated: 457412
	437  -  MemoryUsage of job (MB)
	446812  -  ResidentSetSize of job (KB)
...
006 (4031235.059.000) 03/12 15:32:11 Image size of job updated: 457416
	437  -  MemoryUsage of job (MB)
	446816  -  ResidentSetSize of job (KB)
...
005 (4031235.059.000) 03/12 15:36:29 Job terminated.
	(1) Normal termination (return value 0)
		Usr 0 00:17:24, Sys 0 00:01:46  -  Run Remote Usage
		Usr 0 00:00:00, Sys 0 00:00:00  -  Run Local Usage
		Usr 0 00:17:24, Sys 0 00:01:46  -  Total Remote Usage
		Usr 0 00:00:00, Sys 0 00:00:00  -  Total Local Usage
	0  -  Run Bytes Sent By Job
	0  -  Run Bytes Received By Job
	0  -  Total Bytes Sent By Job
	0  -  Total Bytes Received By Job
	Partitionable Resources :    Usage  Request Allocated
	   Cpus                 :                 1         1
	   Disk (KB)            :        1        1  28493273
	   Memory (MB)          :      437        1      4020
...
000 (4031450.059.000) 03/12 16:23:12 Job submitted from host: <192.168.1.109:9618?addrs=192.168.1.109-9618+[--1]-9618&noUDP&sock=3153_969b_4>
...
001 (4031450.059.000) 03/12 16:23:36 Job executing on host: <192.168.1.40:9618?addrs=192.168.1.40-9618+[--1]-9618&noUDP&sock=3366_a17e_3>
...
006 (4031450.059.000) 03/12 16:23:45 Image size of job updated: 177364
	147  -  MemoryUsage of job (MB)
	150336  -  ResidentSetSize of job (KB)
...
006 (4031450.059.000) 03/12 16:28:45 Image size of job updated: 364140
	330  -  MemoryUsage of job (MB)
	336972  -  ResidentSetSize of job (KB)
...
006 (4031450.059.000) 03/12 16:33:46 Image size of job updated: 364244
	330  -  MemoryUsage of job (MB)
	337076  -  ResidentSetSize of job (KB)
...
006 (4031450.059.000) 03/12 16:38:47 Image size of job updated: 364248
	330  -  MemoryUsage of job (MB)
	337080  -  ResidentSetSize of job (KB)
...
005 (4031450.059.000) 03/12 16:39:54 Job terminated.
	(1) Normal termination (return value 0)
		Usr 0 00:14:25, Sys 0 00:01:27  -  Run Remote Usage
		Usr 0 00:00:00, Sys 0 00:00:00  -  Run Local Usage
		Usr 0 00:14:25, Sys 0 00:01:27  -  Total Remote Usage
		Usr 0 00:00:00, Sys 0 00:00:00  -  Total Local Usage
	0  -  Run Bytes Sent By Job
	0  -  Run Bytes Received By Job
	0  -  Total Bytes Sent By Job
	0  -  Total Bytes Received By Job
	Partitionable Resources :    Usage  Request Allocated
	   Cpus                 :                 1         1
	   Disk (KB)            :        1        1  20457847
	   Memory (MB)          :      330        1      4022
...
000 (4031461.059.000) 03/12 18:25:46 Job submitted from host: <192.168.1.109:9618?addrs=192.168.1.109-9618+[--1]-9618&noUDP&sock=3153_969b_4>
...
001 (4031461.059.000) 03/12 18:25:59 Job executing on host: <192.168.1.44:9618?addrs=192.168.1.44-9618+[--1]-9618&noUDP&sock=3035_ca7b_3>
...
006 (4031461.059.000) 03/12 18:26:08 Image size of job updated: 256896
	247  -  MemoryUsage of job (MB)
	252404  -  ResidentSetSize of job (KB)
...
006 (4031461.059.000) 03/12 18:31:09 Image size of job updated: 374624
	362  -  MemoryUsage of job (MB)
	370108  -  ResidentSetSize of job (KB)
...
006 (4031461.059.000) 03/12 18:36:10 Image size of job updated: 450864
	436  -  MemoryUsage of job (MB)
	446348  -  ResidentSetSize of job (KB)
...
005 (4031461.059.000) 03/12 18:38:43 Job terminated.
	(1) Normal termination (return value 0)
		Usr 0 00:10:51, Sys 0 00:01:18  -  Run Remote Usage
		Usr 0 00:00:00, Sys 0 00:00:00  -  Run Local Usage
		Usr 0 00:10:51, Sys 0 00:01:18  -  Total Remote Usage
		Usr 0 00:00:00, Sys 0 00:00:00  -  Total Local Usage
	0  -  Run Bytes Sent By Job
	0  -  Run Bytes Received By Job
	0  -  Total Bytes Sent By Job
	0  -  Total Bytes Received By Job
	Partitionable Resources :    Usage  Request Allocated
	   Cpus                 :                 1         1
	   Disk (KB)            :        1        1  20458817
	   Memory (MB)          :      436        1      4022
...
000 (4031462.059.000) 03/12 20:10:16 Job submitted from host: <192.168.1.109:9618?addrs=192.168.1.109-9618+[--1]-9618&noUDP&sock=3153_969b_4>
...
001 (4031462.059.000) 03/12 20:10:41 Job executing on host: <192.168.1.51:9618?addrs=192.168.1.51-9618+[--1]-9618&noUDP&sock=3125_b25b_3>
...
006 (4031462.059.000) 03/12 20:10:49 Image size of job updated: 328640
	315  -  MemoryUsage of job (MB)
	322336  -  ResidentSetSize of job (KB)
...
006 (4031462.059.000) 03/12 20:15:49 Image size of job updated: 412264
	397  -  MemoryUsage of job (MB)
	405956  -  ResidentSetSize of job (KB)
...
006 (4031462.059.000) 03/12 20:20:50 Image size of job updated: 412280
	397  -  MemoryUsage of job (MB)
	405972  -  ResidentSetSize of job (KB)
...
005 (4031462.059.000) 03/12 20:23:20 Job terminated.
	(1) Normal termination (return value 0)
		Usr 0 00:10:27, Sys 0 00:01:05  -  Run Remote Usage
		Usr 0 00:00:00, Sys 0 00:00:00  -  Run Local Usage
		Usr 0 00:10:27, Sys 0 00:01:05  -  Total Remote Usage
		Usr 0 00:00:00, Sys 0 00:00:00  -  Total Local Usage
	0  -  Run Bytes Sent By Job
	0  -  Run Bytes Received By Job
	0  -  Total Bytes Sent By Job
	0  -  Total Bytes Received By Job
	Partitionable Resources :    Usage  Request Allocated
	   Cpus                 :                 1         1
	   Disk (KB)            :        1        1  28494197
	   Memory (MB)          :      397        1      4020
...
000 (4031463.059.000) 03/12 21:35:09 Job submitted from host: <192.168.1.109:9618?addrs=192.168.1.109-9618+[--1]-9618&noUDP&sock=3153_969b_4>
...
001 (4031463.059.000) 03/12 21:35:43 Job executing on host: <192.168.1.41:9618?addrs=192.168.1.41-9618+[--1]-9618&noUDP&sock=3368_a17e_3>
...
006 (4031463.059.000) 03/12 21:35:51 Image size of job updated: 4368
	5  -  MemoryUsage of job (MB)
	4364  -  ResidentSetSize of job (KB)
...
006 (4031463.059.000) 03/12 21:40:51 Image size of job updated: 438096
	418  -  MemoryUsage of job (MB)
	427824  -  ResidentSetSize of job (KB)
...
005 (4031463.059.000) 03/12 21:44:08 Job terminated.
	(1) Normal termination (return value 0)
		Usr 0 00:06:18, Sys 0 00:00:41  -  Run Remote Usage
		Usr 0 00:00:00, Sys 0 00:00:00  -  Run Local Usage
		Usr 0 00:06:18, Sys 0 00:00:41  -  Total Remote Usage
		Usr 0 00:00:00, Sys 0 00:00:00  -  Total Local Usage
	0  -  Run Bytes Sent By Job
	0  -  Run Bytes Received By Job
	0  -  Total Bytes Sent By Job
	0  -  Total Bytes Received By Job
	Partitionable Resources :    Usage  Request Allocated
	   Cpus                 :                 1         1
	   Disk (KB)            :        1        1  20458619
	   Memory (MB)          :      418        1      4022
...
000 (4031464.059.000) 03/12 22:37:43 Job submitted from host: <192.168.1.109:9618?addrs=192.168.1.109-9618+[--1]-9618&noUDP&sock=3153_969b_4>
...
001 (4031464.059.000) 03/12 22:37:48 Job executing on host: <192.168.1.51:9618?addrs=192.168.1.51-9618+[--1]-9618&noUDP&sock=3125_b25b_3>
...
006 (4031464.059.000) 03/12 22:37:57 Image size of job updated: 372624
	345  -  MemoryUsage of job (MB)
	352768  -  ResidentSetSize of job (KB)
...
006 (4031464.059.000) 03/12 22:42:58 Image size of job updated: 458992
	429  -  MemoryUsage of job (MB)
	439136  -  ResidentSetSize of job (KB)
...
005 (4031464.059.000) 03/12 22:47:42 Job terminated.
	(1) Normal termination (return value 0)
		Usr 0 00:08:38, Sys 0 00:00:55  -  Run Remote Usage
		Usr 0 00:00:00, Sys 0 00:00:00  -  Run Local Usage
		Usr 0 00:08:38, Sys 0 00:00:55  -  Total Remote Usage
		Usr 0 00:00:00, Sys 0 00:00:00  -  Total Local Usage
	0  -  Run Bytes Sent By Job
	0  -  Run Bytes Received By Job
	0  -  Total Bytes Sent By Job
	0  -  Total Bytes Received By Job
	Partitionable Resources :    Usage  Request Allocated
	   Cpus                 :                 1         1
	   Disk (KB)            :        1        1  28494197
	   Memory (MB)          :      429        1      4020
...
000 (4031465.059.000) 03/12 23:18:12 Job submitted from host: <192.168.1.109:9618?addrs=192.168.1.109-9618+[--1]-9618&noUDP&sock=3153_969b_4>
...
001 (4031465.059.000) 03/12 23:18:16 Job executing on host: <192.168.1.44:9618?addrs=192.168.1.44-9618+[--1]-9618&noUDP&sock=3035_ca7b_3>
...
006 (4031465.059.000) 03/12 23:18:25 Image size of job updated: 301512
	266  -  MemoryUsage of job (MB)
	271412  -  ResidentSetSize of job (KB)
...
006 (4031465.059.000) 03/12 23:23:26 Image size of job updated: 483352
	442  -  MemoryUsage of job (MB)
	452504  -  ResidentSetSize of job (KB)
...
006 (4031465.059.000) 03/12 23:28:26 Image size of job updated: 483372
	442  -  MemoryUsage of job (MB)
	452524  -  ResidentSetSize of job (KB)
...
005 (4031465.059.000) 03/12 23:30:52 Job terminated.
	(1) Normal termination (return value 0)
		Usr 0 00:10:54, Sys 0 00:01:16  -  Run Remote Usage
		Usr 0 00:00:00, Sys 0 00:00:00  -  Run Local Usage
		Usr 0 00:10:54, Sys 0 00:01:16  -  Total Remote Usage
		Usr 0 00:00:00, Sys 0 00:00:00  -  Total Local Usage
	0  -  Run Bytes Sent By Job
	0  -  Run Bytes Received By Job
	0  -  Total Bytes Sent By Job
	0  -  Total Bytes Received By Job
	Partitionable Resources :    Usage  Request Allocated
	   Cpus                 :                 1         1
	   Disk (KB)            :        1        1  20458817
	   Memory (MB)          :      442        1      4022
...
000 (4031466.059.000) 03/13 00:00:40 Job submitted from host: <192.168.1.109:9618?addrs=192.168.1.109-9618+[--1]-9618&noUDP&sock=3153_969b_4>
...
001 (4031466.059.000) 03/13 00:01:10 Job executing on host: <192.168.1.41:9618?addrs=192.168.1.41-9618+[--1]-9618&noUDP&sock=3368_a17e_3>
...
006 (4031466.059.000) 03/13 00:01:18 Image size of job updated: 125188
	116  -  MemoryUsage of job (MB)
	118360  -  ResidentSetSize of job (KB)
...
006 (4031466.059.000) 03/13 00:06:18 Image size of job updated: 416880
	408  -  MemoryUsage of job (MB)
	416880  -  ResidentSetSize of job (KB)
...
006 (4031466.059.000) 03/13 00:43:41 Image size of job updated: 776964
	408  -  MemoryUsage of job (MB)
	416880  -  ResidentSetSize of job (KB)
...
005 (4031466.059.000) 03/13 00:43:41 Job terminated.
	(1) Normal termination (return value 0)
		Usr 0 00:10:49, Sys 0 00:01:10  -  Run Remote Usage
		Usr 0 00:00:00, Sys 0 00:00:00  -  Run Local Usage
		Usr 0 00:10:49, Sys 0 00:01:10  -  Total Remote Usage
		Usr 0 00:00:00, Sys 0 00:00:00  -  Total Local Usage
	0  -  Run Bytes Sent By Job
	0  -  Run Bytes Received By Job
	0  -  Total Bytes Sent By Job
	0  -  Total Bytes Received By Job
	Partitionable Resources :    Usage  Request Allocated
	   Cpus                 :                 1         1
	   Disk (KB)            :        1        1  20458619
	   Memory (MB)          :      408        1      4022
...
000 (4044172.059.000) 03/13 19:21:18 Job submitted from host: <192.168.1.109:9618?addrs=192.168.1.109-9618+[--1]-9618&noUDP&sock=3153_969b_4>
...
001 (4044172.059.000) 03/13 19:21:45 Job executing on host: <192.168.1.41:9618?addrs=192.168.1.41-9618+[--1]-9618&noUDP&sock=3368_a17e_3>
...
006 (4044172.059.000) 03/13 19:21:53 Image size of job updated: 174820
	161  -  MemoryUsage of job (MB)
	164256  -  ResidentSetSize of job (KB)
...
006 (4044172.059.000) 03/13 19:26:53 Image size of job updated: 322152
	314  -  MemoryUsage of job (MB)
	320692  -  ResidentSetSize of job (KB)
...
006 (4044172.059.000) 03/13 19:31:53 Image size of job updated: 322888
	314  -  MemoryUsage of job (MB)
	321428  -  ResidentSetSize of job (KB)
...
006 (4044172.059.000) 03/13 19:36:54 Image size of job updated: 322928
	314  -  MemoryUsage of job (MB)
	321468  -  ResidentSetSize of job (KB)
...
006 (4044172.059.000) 03/13 19:41:54 Image size of job updated: 323032
	315  -  MemoryUsage of job (MB)
	321572  -  ResidentSetSize of job (KB)
...
005 (4044172.059.000) 03/13 20:00:23 Job terminated.
	(1) Normal termination (return value 0)
		Usr 0 00:12:33, Sys 0 00:01:21  -  Run Remote Usage
		Usr 0 00:00:00, Sys 0 00:00:00  -  Run Local Usage
		Usr 0 00:12:33, Sys 0 00:01:21  -  Total Remote Usage
		Usr 0 00:00:00, Sys 0 00:00:00  -  Total Local Usage
	0  -  Run Bytes Sent By Job
	0  -  Run Bytes Received By Job
	0  -  Total Bytes Sent By Job
	0  -  Total Bytes Received By Job
	Partitionable Resources :    Usage  Request Allocated
	   Cpus                 :                 1         1
	   Disk (KB)            :        1        1  20458619
	   Memory (MB)          :      315        1      4022
...
000 (4044175.059.000) 03/13 20:53:38 Job submitted from host: <192.168.1.109:9618?addrs=192.168.1.109-9618+[--1]-9618&noUDP&sock=3153_969b_4>
...
001 (4044175.059.000) 03/13 20:53:57 Job executing on host: <192.168.1.61:9618?addrs=192.168.1.61-9618+[--1]-9618&noUDP&sock=3335_bd3f_11>
...
006 (4044175.059.000) 03/13 20:54:05 Image size of job updated: 160452
	144  -  MemoryUsage of job (MB)
	147188  -  ResidentSetSize of job (KB)
...
006 (4044175.059.000) 03/13 20:59:05 Image size of job updated: 460664
	437  -  MemoryUsage of job (MB)
	447028  -  ResidentSetSize of job (KB)
...
006 (4044175.059.000) 03/13 21:04:06 Image size of job updated: 460680
	437  -  MemoryUsage of job (MB)
	447044  -  ResidentSetSize of job (KB)
...
006 (4044175.059.000) 03/13 21:09:07 Image size of job updated: 496612
	472  -  MemoryUsage of job (MB)
	482976  -  ResidentSetSize of job (KB)
...
006 (4044175.059.000) 03/13 21:33:09 Image size of job updated: 924872
	472  -  MemoryUsage of job (MB)
	482976  -  ResidentSetSize of job (KB)
...
005 (4044175.059.000) 03/13 21:33:09 Job terminated.
	(1) Normal termination (return value 0)
		Usr 0 00:35:39, Sys 0 00:03:15  -  Run Remote Usage
		Usr 0 00:00:00, Sys 0 00:00:00  -  Run Local Usage
		Usr 0 00:35:39, Sys 0 00:03:15  -  Total Remote Usage
		Usr 0 00:00:00, Sys 0 00:00:00  -  Total Local Usage
	0  -  Run Bytes Sent By Job
	0  -  Run Bytes Received By Job
	0  -  Total Bytes Sent By Job
	0  -  Total Bytes Received By Job
	Partitionable Resources :    Usage  Request Allocated
	   Cpus                 :                 1         1
	   Disk (KB)            :        1        1  22662097
	   Memory (MB)          :      472        1      4001
...
000 (4045912.059.000) 03/14 19:19:22 Job submitted from host: <192.168.1.109:9618?addrs=192.168.1.109-9618+[--1]-9618&noUDP&sock=3153_969b_4>
...
000 (4046521.059.000) 03/15 13:40:08 Job submitted from host: <192.168.1.109:9618?addrs=192.168.1.109-9618+[--1]-9618&noUDP&sock=3153_969b_4>
...
009 (4046521.059.000) 03/15 13:56:54 Job was aborted by the user.
	via condor_rm (by user routray)
...
001 (4045912.059.000) 03/15 13:57:03 Job executing on host: <192.168.1.41:9618?addrs=192.168.1.41-9618+[--1]-9618&noUDP&sock=3368_a17e_3>
...
006 (4045912.059.000) 03/15 13:57:08 Image size of job updated: 147900
	142  -  MemoryUsage of job (MB)
	145068  -  ResidentSetSize of job (KB)
...
004 (4045912.059.000) 03/15 13:57:08 Job was evicted.
	(0) Job was not checkpointed.
		Usr 0 00:00:01, Sys 0 00:00:01  -  Run Remote Usage
		Usr 0 00:00:00, Sys 0 00:00:00  -  Run Local Usage
	0  -  Run Bytes Sent By Job
	0  -  Run Bytes Received By Job
	Partitionable Resources :    Usage  Request Allocated
	   Cpus                 :                 1         1
	   Disk (KB)            :        1        1  20458618
	   Memory (MB)          :      142        1      4022
...
009 (4045912.059.000) 03/15 13:57:10 Job was aborted by the user.
	via condor_rm (by user routray)
...
000 (4046522.059.000) 03/15 14:02:15 Job submitted from host: <192.168.1.109:9618?addrs=192.168.1.109-9618+[--1]-9618&noUDP&sock=3153_969b_4>
...
001 (4046522.059.000) 03/15 14:40:59 Job executing on host: <192.168.1.43:9618?addrs=192.168.1.43-9618+[--1]-9618&noUDP&sock=3360_24bc_3>
...
006 (4046522.059.000) 03/15 14:41:08 Image size of job updated: 409264
	323  -  MemoryUsage of job (MB)
	330288  -  ResidentSetSize of job (KB)
...
006 (4046522.059.000) 03/15 14:46:09 Image size of job updated: 417652
	407  -  MemoryUsage of job (MB)
	416288  -  ResidentSetSize of job (KB)
...
006 (4046522.059.000) 03/15 14:51:10 Image size of job updated: 417652
	407  -  MemoryUsage of job (MB)
	416336  -  ResidentSetSize of job (KB)
...
005 (4046522.059.000) 03/15 14:53:52 Job terminated.
	(1) Normal termination (return value 0)
		Usr 0 00:11:19, Sys 0 00:01:19  -  Run Remote Usage
		Usr 0 00:00:00, Sys 0 00:00:00  -  Run Local Usage
		Usr 0 00:11:19, Sys 0 00:01:19  -  Total Remote Usage
		Usr 0 00:00:00, Sys 0 00:00:00  -  Total Local Usage
	0  -  Run Bytes Sent By Job
	0  -  Run Bytes Received By Job
	0  -  Total Bytes Sent By Job
	0  -  Total Bytes Received By Job
	Partitionable Resources :    Usage  Request Allocated
	   Cpus                 :                 1         1
	   Disk (KB)            :        1        1  20458450
	   Memory (MB)          :      407        1      4022
...
000 (4046529.059.000) 03/15 16:30:18 Job submitted from host: <192.168.1.109:9618?addrs=192.168.1.109-9618+[--1]-9618&noUDP&sock=3153_969b_4>
...
001 (4046529.059.000) 03/15 16:30:40 Job executing on host: <192.168.1.40:9618?addrs=192.168.1.40-9618+[--1]-9618&noUDP&sock=3366_a17e_3>
...
006 (4046529.059.000) 03/15 16:30:48 Image size of job updated: 131100
	111  -  MemoryUsage of job (MB)
	112720  -  ResidentSetSize of job (KB)
...
006 (4046529.059.000) 03/15 16:35:48 Image size of job updated: 476340
	444  -  MemoryUsage of job (MB)
	454260  -  ResidentSetSize of job (KB)
...
006 (4046529.059.000) 03/15 16:40:48 Image size of job updated: 505876
	473  -  MemoryUsage of job (MB)
	483796  -  ResidentSetSize of job (KB)
...
005 (4046529.059.000) 03/15 16:46:22 Job terminated.
	(1) Normal termination (return value 0)
		Usr 0 00:13:55, Sys 0 00:01:26  -  Run Remote Usage
		Usr 0 00:00:00, Sys 0 00:00:00  -  Run Local Usage
		Usr 0 00:13:55, Sys 0 00:01:26  -  Total Remote Usage
		Usr 0 00:00:00, Sys 0 00:00:00  -  Total Local Usage
	0  -  Run Bytes Sent By Job
	0  -  Run Bytes Received By Job
	0  -  Total Bytes Sent By Job
	0  -  Total Bytes Received By Job
	Partitionable Resources :    Usage  Request Allocated
	   Cpus                 :                 1         1
	   Disk (KB)            :        1        1  20457847
	   Memory (MB)          :      473        1      4022
...
000 (4046534.059.000) 03/15 17:39:02 Job submitted from host: <192.168.1.109:9618?addrs=192.168.1.109-9618+[--1]-9618&noUDP&sock=3153_969b_4>
...
001 (4046534.059.000) 03/15 17:39:16 Job executing on host: <192.168.1.51:9618?addrs=192.168.1.51-9618+[--1]-9618&noUDP&sock=3125_b25b_3>
...
006 (4046534.059.000) 03/15 17:39:25 Image size of job updated: 192460
	163  -  MemoryUsage of job (MB)
	166648  -  ResidentSetSize of job (KB)
...
006 (4046534.059.000) 03/15 17:44:26 Image size of job updated: 465100
	429  -  MemoryUsage of job (MB)
	438748  -  ResidentSetSize of job (KB)
...
006 (4046534.059.000) 03/15 17:49:26 Image size of job updated: 465580
	429  -  MemoryUsage of job (MB)
	439228  -  ResidentSetSize of job (KB)
...
005 (4046534.059.000) 03/15 17:52:30 Job terminated.
	(1) Normal termination (return value 0)
		Usr 0 00:11:32, Sys 0 00:01:18  -  Run Remote Usage
		Usr 0 00:00:00, Sys 0 00:00:00  -  Run Local Usage
		Usr 0 00:11:32, Sys 0 00:01:18  -  Total Remote Usage
		Usr 0 00:00:00, Sys 0 00:00:00  -  Total Local Usage
	0  -  Run Bytes Sent By Job
	0  -  Run Bytes Received By Job
	0  -  Total Bytes Sent By Job
	0  -  Total Bytes Received By Job
	Partitionable Resources :    Usage  Request Allocated
	   Cpus                 :                 1         1
	   Disk (KB)            :        1        1  28494197
	   Memory (MB)          :      429        1      4020
...
000 (4046570.059.000) 03/15 18:56:23 Job submitted from host: <192.168.1.109:9618?addrs=192.168.1.109-9618+[--1]-9618&noUDP&sock=3153_969b_4>
...
001 (4046570.059.000) 03/15 18:56:38 Job executing on host: <192.168.1.44:9618?addrs=192.168.1.44-9618+[--1]-9618&noUDP&sock=3035_ca7b_3>
...
006 (4046570.059.000) 03/15 18:56:47 Image size of job updated: 154564
	151  -  MemoryUsage of job (MB)
	154236  -  ResidentSetSize of job (KB)
...
006 (4046570.059.000) 03/15 19:01:48 Image size of job updated: 366860
	358  -  MemoryUsage of job (MB)
	366496  -  ResidentSetSize of job (KB)
...
006 (4046570.059.000) 03/15 19:06:49 Image size of job updated: 367784
	359  -  MemoryUsage of job (MB)
	367420  -  ResidentSetSize of job (KB)
...
005 (4046570.059.000) 03/15 19:07:42 Job terminated.
	(1) Normal termination (return value 0)
		Usr 0 00:09:05, Sys 0 00:01:03  -  Run Remote Usage
		Usr 0 00:00:00, Sys 0 00:00:00  -  Run Local Usage
		Usr 0 00:09:05, Sys 0 00:01:03  -  Total Remote Usage
		Usr 0 00:00:00, Sys 0 00:00:00  -  Total Local Usage
	0  -  Run Bytes Sent By Job
	0  -  Run Bytes Received By Job
	0  -  Total Bytes Sent By Job
	0  -  Total Bytes Received By Job
	Partitionable Resources :    Usage  Request Allocated
	   Cpus                 :                 1         1
	   Disk (KB)            :        1        1  20458817
	   Memory (MB)          :      359        1      4022
...
