000 (4031466.540.000) 03/13 00:00:44 Job submitted from host: <192.168.1.109:9618?addrs=192.168.1.109-9618+[--1]-9618&noUDP&sock=3153_969b_4>
...
001 (4031466.540.000) 03/13 00:01:30 Job executing on host: <192.168.1.49:9618?addrs=192.168.1.49-9618+[--1]-9618&noUDP&sock=3240_e427_3>
...
006 (4031466.540.000) 03/13 00:01:39 Image size of job updated: 113000
	111  -  MemoryUsage of job (MB)
	112668  -  ResidentSetSize of job (KB)
...
006 (4031466.540.000) 03/13 00:06:39 Image size of job updated: 364800
	357  -  MemoryUsage of job (MB)
	364800  -  ResidentSetSize of job (KB)
...
006 (4031466.540.000) 03/13 00:11:39 Image size of job updated: 447796
	438  -  MemoryUsage of job (MB)
	447796  -  ResidentSetSize of job (KB)
...
006 (4031466.540.000) 03/13 00:26:40 Image size of job updated: 447804
	438  -  MemoryUsage of job (MB)
	447804  -  ResidentSetSize of job (KB)
...
006 (4031466.540.000) 03/13 00:31:41 Image size of job updated: 448144
	438  -  MemoryUsage of job (MB)
	448144  -  ResidentSetSize of job (KB)
...
006 (4031466.540.000) 03/13 00:36:42 Image size of job updated: 448440
	438  -  MemoryUsage of job (MB)
	448440  -  ResidentSetSize of job (KB)
...
006 (4031466.540.000) 03/13 00:41:42 Image size of job updated: 448696
	439  -  MemoryUsage of job (MB)
	448696  -  ResidentSetSize of job (KB)
...
006 (4031466.540.000) 03/13 00:44:19 Image size of job updated: 448712
	439  -  MemoryUsage of job (MB)
	448696  -  ResidentSetSize of job (KB)
...
005 (4031466.540.000) 03/13 00:44:19 Job terminated.
	(1) Normal termination (return value 0)
		Usr 0 00:16:01, Sys 0 00:01:32  -  Run Remote Usage
		Usr 0 00:00:00, Sys 0 00:00:00  -  Run Local Usage
		Usr 0 00:16:01, Sys 0 00:01:32  -  Total Remote Usage
		Usr 0 00:00:00, Sys 0 00:00:00  -  Total Local Usage
	0  -  Run Bytes Sent By Job
	0  -  Run Bytes Received By Job
	0  -  Total Bytes Sent By Job
	0  -  Total Bytes Received By Job
	Partitionable Resources :    Usage  Request Allocated
	   Cpus                 :                 1         1
	   Disk (KB)            :        1        1  28491601
	   Memory (MB)          :      439        1      4020
...
000 (4044172.540.000) 03/13 19:21:23 Job submitted from host: <192.168.1.109:9618?addrs=192.168.1.109-9618+[--1]-9618&noUDP&sock=3153_969b_4>
...
001 (4044172.540.000) 03/13 19:22:05 Job executing on host: <192.168.1.39:9618?addrs=192.168.1.39-9618+[--1]-9618&noUDP&sock=3239_16fe_3>
...
006 (4044172.540.000) 03/13 19:22:14 Image size of job updated: 708
	1  -  MemoryUsage of job (MB)
	708  -  ResidentSetSize of job (KB)
...
006 (4044172.540.000) 03/13 19:27:14 Image size of job updated: 360424
	352  -  MemoryUsage of job (MB)
	359688  -  ResidentSetSize of job (KB)
...
006 (4044172.540.000) 03/13 19:32:15 Image size of job updated: 447388
	437  -  MemoryUsage of job (MB)
	446652  -  ResidentSetSize of job (KB)
...
006 (4044172.540.000) 03/13 20:11:40 Image size of job updated: 805488
	437  -  MemoryUsage of job (MB)
	446652  -  ResidentSetSize of job (KB)
...
005 (4044172.540.000) 03/13 20:11:40 Job terminated.
	(1) Normal termination (return value 0)
		Usr 0 00:18:26, Sys 0 00:01:54  -  Run Remote Usage
		Usr 0 00:00:00, Sys 0 00:00:00  -  Run Local Usage
		Usr 0 00:18:26, Sys 0 00:01:54  -  Total Remote Usage
		Usr 0 00:00:00, Sys 0 00:00:00  -  Total Local Usage
	0  -  Run Bytes Sent By Job
	0  -  Run Bytes Received By Job
	0  -  Total Bytes Sent By Job
	0  -  Total Bytes Received By Job
	Partitionable Resources :    Usage  Request Allocated
	   Cpus                 :                 1         1
	   Disk (KB)            :        1        1  20460459
	   Memory (MB)          :      437        1      4022
...
000 (4046522.540.000) 03/15 14:02:21 Job submitted from host: <192.168.1.109:9618?addrs=192.168.1.109-9618+[--1]-9618&noUDP&sock=3153_969b_4>
...
001 (4046522.540.000) 03/15 15:34:36 Job executing on host: <192.168.1.43:9618?addrs=192.168.1.43-9618+[--1]-9618&noUDP&sock=3360_24bc_3>
...
006 (4046522.540.000) 03/15 15:34:45 Image size of job updated: 394256
	310  -  MemoryUsage of job (MB)
	316872  -  ResidentSetSize of job (KB)
...
006 (4046522.540.000) 03/15 15:39:46 Image size of job updated: 440512
	431  -  MemoryUsage of job (MB)
	440348  -  ResidentSetSize of job (KB)
...
006 (4046522.540.000) 03/15 15:49:47 Image size of job updated: 441352
	431  -  MemoryUsage of job (MB)
	441188  -  ResidentSetSize of job (KB)
...
006 (4046522.540.000) 03/15 15:54:02 Image size of job updated: 441696
	431  -  MemoryUsage of job (MB)
	441188  -  ResidentSetSize of job (KB)
...
005 (4046522.540.000) 03/15 15:54:02 Job terminated.
	(1) Normal termination (return value 0)
		Usr 0 00:15:05, Sys 0 00:01:42  -  Run Remote Usage
		Usr 0 00:00:00, Sys 0 00:00:00  -  Run Local Usage
		Usr 0 00:15:05, Sys 0 00:01:42  -  Total Remote Usage
		Usr 0 00:00:00, Sys 0 00:00:00  -  Total Local Usage
	0  -  Run Bytes Sent By Job
	0  -  Run Bytes Received By Job
	0  -  Total Bytes Sent By Job
	0  -  Total Bytes Received By Job
	Partitionable Resources :    Usage  Request Allocated
	   Cpus                 :                 1         1
	   Disk (KB)            :        1        1  20458451
	   Memory (MB)          :      431        1      4022
...
