000 (4031466.328.000) 03/13 00:00:43 Job submitted from host: <192.168.1.109:9618?addrs=192.168.1.109-9618+[--1]-9618&noUDP&sock=3153_969b_4>
...
001 (4031466.328.000) 03/13 00:01:24 Job executing on host: <192.168.1.42:9618?addrs=192.168.1.42-9618+[--1]-9618&noUDP&sock=3360_3385_3>
...
006 (4031466.328.000) 03/13 00:01:32 Image size of job updated: 61372
	58  -  MemoryUsage of job (MB)
	58912  -  ResidentSetSize of job (KB)
...
006 (4031466.328.000) 03/13 00:06:32 Image size of job updated: 338940
	331  -  MemoryUsage of job (MB)
	338644  -  ResidentSetSize of job (KB)
...
006 (4031466.328.000) 03/13 00:11:33 Image size of job updated: 366428
	358  -  MemoryUsage of job (MB)
	366132  -  ResidentSetSize of job (KB)
...
006 (4031466.328.000) 03/13 00:16:33 Image size of job updated: 423332
	414  -  MemoryUsage of job (MB)
	423036  -  ResidentSetSize of job (KB)
...
006 (4031466.328.000) 03/13 00:21:33 Image size of job updated: 424572
	415  -  MemoryUsage of job (MB)
	424276  -  ResidentSetSize of job (KB)
...
006 (4031466.328.000) 03/13 00:36:34 Image size of job updated: 424580
	415  -  MemoryUsage of job (MB)
	424284  -  ResidentSetSize of job (KB)
...
006 (4031466.328.000) 03/13 00:41:35 Image size of job updated: 424596
	415  -  MemoryUsage of job (MB)
	424300  -  ResidentSetSize of job (KB)
...
006 (4031466.328.000) 03/13 00:46:36 Image size of job updated: 424620
	415  -  MemoryUsage of job (MB)
	424324  -  ResidentSetSize of job (KB)
...
005 (4031466.328.000) 03/13 00:50:02 Job terminated.
	(1) Normal termination (return value 0)
		Usr 0 00:11:37, Sys 0 00:01:20  -  Run Remote Usage
		Usr 0 00:00:00, Sys 0 00:00:00  -  Run Local Usage
		Usr 0 00:11:37, Sys 0 00:01:20  -  Total Remote Usage
		Usr 0 00:00:00, Sys 0 00:00:00  -  Total Local Usage
	0  -  Run Bytes Sent By Job
	0  -  Run Bytes Received By Job
	0  -  Total Bytes Sent By Job
	0  -  Total Bytes Received By Job
	Partitionable Resources :    Usage  Request Allocated
	   Cpus                 :                 1         1
	   Disk (KB)            :        1        1  20458261
	   Memory (MB)          :      415        1      4022
...
000 (4044172.328.000) 03/13 19:21:21 Job submitted from host: <192.168.1.109:9618?addrs=192.168.1.109-9618+[--1]-9618&noUDP&sock=3153_969b_4>
...
001 (4044172.328.000) 03/13 19:22:01 Job executing on host: <192.168.1.41:9618?addrs=192.168.1.41-9618+[--1]-9618&noUDP&sock=3368_a17e_3>
...
006 (4044172.328.000) 03/13 19:22:10 Image size of job updated: 106144
	101  -  MemoryUsage of job (MB)
	102440  -  ResidentSetSize of job (KB)
...
006 (4044172.328.000) 03/13 19:27:10 Image size of job updated: 251940
	244  -  MemoryUsage of job (MB)
	249444  -  ResidentSetSize of job (KB)
...
006 (4044172.328.000) 03/13 19:32:11 Image size of job updated: 373004
	362  -  MemoryUsage of job (MB)
	370508  -  ResidentSetSize of job (KB)
...
006 (4044172.328.000) 03/13 19:42:11 Image size of job updated: 373108
	362  -  MemoryUsage of job (MB)
	370612  -  ResidentSetSize of job (KB)
...
006 (4044172.328.000) 03/13 19:52:13 Image size of job updated: 373144
	362  -  MemoryUsage of job (MB)
	370648  -  ResidentSetSize of job (KB)
...
006 (4044172.328.000) 03/13 19:57:13 Image size of job updated: 373196
	363  -  MemoryUsage of job (MB)
	370700  -  ResidentSetSize of job (KB)
...
006 (4044172.328.000) 03/13 20:02:13 Image size of job updated: 373200
	363  -  MemoryUsage of job (MB)
	370704  -  ResidentSetSize of job (KB)
...
005 (4044172.328.000) 03/13 20:06:00 Job terminated.
	(1) Normal termination (return value 0)
		Usr 0 00:14:13, Sys 0 00:01:34  -  Run Remote Usage
		Usr 0 00:00:00, Sys 0 00:00:00  -  Run Local Usage
		Usr 0 00:14:13, Sys 0 00:01:34  -  Total Remote Usage
		Usr 0 00:00:00, Sys 0 00:00:00  -  Total Local Usage
	0  -  Run Bytes Sent By Job
	0  -  Run Bytes Received By Job
	0  -  Total Bytes Sent By Job
	0  -  Total Bytes Received By Job
	Partitionable Resources :    Usage  Request Allocated
	   Cpus                 :                 1         1
	   Disk (KB)            :        1        1  20458618
	   Memory (MB)          :      363        1      4022
...
000 (4046522.328.000) 03/15 14:02:19 Job submitted from host: <192.168.1.109:9618?addrs=192.168.1.109-9618+[--1]-9618&noUDP&sock=3153_969b_4>
...
001 (4046522.328.000) 03/15 15:19:20 Job executing on host: <192.168.1.45:9618?addrs=192.168.1.45-9618+[--1]-9618&noUDP&sock=3341_bd3f_3>
...
006 (4046522.328.000) 03/15 15:19:28 Image size of job updated: 415944
	330  -  MemoryUsage of job (MB)
	337000  -  ResidentSetSize of job (KB)
...
006 (4046522.328.000) 03/15 15:24:28 Image size of job updated: 419912
	410  -  MemoryUsage of job (MB)
	419368  -  ResidentSetSize of job (KB)
...
006 (4046522.328.000) 03/15 15:29:28 Image size of job updated: 419980
	410  -  MemoryUsage of job (MB)
	419380  -  ResidentSetSize of job (KB)
...
006 (4046522.328.000) 03/15 15:34:29 Image size of job updated: 419980
	410  -  MemoryUsage of job (MB)
	419404  -  ResidentSetSize of job (KB)
...
006 (4046522.328.000) 03/15 15:39:29 Image size of job updated: 419980
	410  -  MemoryUsage of job (MB)
	419444  -  ResidentSetSize of job (KB)
...
006 (4046522.328.000) 03/15 15:40:53 Image size of job updated: 778508
	410  -  MemoryUsage of job (MB)
	419444  -  ResidentSetSize of job (KB)
...
005 (4046522.328.000) 03/15 15:40:53 Job terminated.
	(1) Normal termination (return value 0)
		Usr 0 00:18:19, Sys 0 00:01:53  -  Run Remote Usage
		Usr 0 00:00:00, Sys 0 00:00:00  -  Run Local Usage
		Usr 0 00:18:19, Sys 0 00:01:53  -  Total Remote Usage
		Usr 0 00:00:00, Sys 0 00:00:00  -  Total Local Usage
	0  -  Run Bytes Sent By Job
	0  -  Run Bytes Received By Job
	0  -  Total Bytes Sent By Job
	0  -  Total Bytes Received By Job
	Partitionable Resources :    Usage  Request Allocated
	   Cpus                 :                 1         1
	   Disk (KB)            :        1        1  20460088
	   Memory (MB)          :      410        1      4022
...
