000 (4031466.239.000) 03/13 00:00:42 Job submitted from host: <192.168.1.109:9618?addrs=192.168.1.109-9618+[--1]-9618&noUDP&sock=3153_969b_4>
...
001 (4031466.239.000) 03/13 00:01:20 Job executing on host: <192.168.1.67:9618?addrs=192.168.1.67-9618+[--1]-9618&noUDP&sock=3517_344b_38>
...
006 (4031466.239.000) 03/13 00:01:29 Image size of job updated: 176888
	153  -  MemoryUsage of job (MB)
	156376  -  ResidentSetSize of job (KB)
...
006 (4031466.239.000) 03/13 00:06:30 Image size of job updated: 434364
	425  -  MemoryUsage of job (MB)
	434364  -  ResidentSetSize of job (KB)
...
006 (4031466.239.000) 03/13 00:11:30 Image size of job updated: 434548
	425  -  MemoryUsage of job (MB)
	434548  -  ResidentSetSize of job (KB)
...
006 (4031466.239.000) 03/13 00:16:30 Image size of job updated: 434552
	425  -  MemoryUsage of job (MB)
	434552  -  ResidentSetSize of job (KB)
...
006 (4031466.239.000) 03/13 00:26:32 Image size of job updated: 434580
	425  -  MemoryUsage of job (MB)
	434580  -  ResidentSetSize of job (KB)
...
006 (4031466.239.000) 03/13 00:31:32 Image size of job updated: 434596
	425  -  MemoryUsage of job (MB)
	434596  -  ResidentSetSize of job (KB)
...
006 (4031466.239.000) 03/13 00:36:33 Image size of job updated: 434928
	425  -  MemoryUsage of job (MB)
	434928  -  ResidentSetSize of job (KB)
...
005 (4031466.239.000) 03/13 00:42:18 Job terminated.
	(1) Normal termination (return value 0)
		Usr 0 00:34:58, Sys 0 00:02:40  -  Run Remote Usage
		Usr 0 00:00:00, Sys 0 00:00:00  -  Run Local Usage
		Usr 0 00:34:58, Sys 0 00:02:40  -  Total Remote Usage
		Usr 0 00:00:00, Sys 0 00:00:00  -  Total Local Usage
	0  -  Run Bytes Sent By Job
	0  -  Run Bytes Received By Job
	0  -  Total Bytes Sent By Job
	0  -  Total Bytes Received By Job
	Partitionable Resources :    Usage  Request Allocated
	   Cpus                 :                 1         1
	   Disk (KB)            :        1        1  22682500
	   Memory (MB)          :      425        1      4015
...
000 (4044172.239.000) 03/13 19:21:20 Job submitted from host: <192.168.1.109:9618?addrs=192.168.1.109-9618+[--1]-9618&noUDP&sock=3153_969b_4>
...
001 (4044172.239.000) 03/13 19:21:54 Job executing on host: <192.168.1.58:9618?addrs=192.168.1.58-9618+[--1]-9618&noUDP&sock=3319_c3bb_12>
...
006 (4044172.239.000) 03/13 19:22:03 Image size of job updated: 155280
	144  -  MemoryUsage of job (MB)
	146700  -  ResidentSetSize of job (KB)
...
006 (4044172.239.000) 03/13 19:27:04 Image size of job updated: 359732
	343  -  MemoryUsage of job (MB)
	350604  -  ResidentSetSize of job (KB)
...
006 (4044172.239.000) 03/13 19:32:04 Image size of job updated: 360352
	343  -  MemoryUsage of job (MB)
	351224  -  ResidentSetSize of job (KB)
...
006 (4044172.239.000) 03/13 19:37:05 Image size of job updated: 360360
	343  -  MemoryUsage of job (MB)
	351232  -  ResidentSetSize of job (KB)
...
006 (4044172.239.000) 03/13 19:42:06 Image size of job updated: 360508
	344  -  MemoryUsage of job (MB)
	351380  -  ResidentSetSize of job (KB)
...
006 (4044172.239.000) 03/13 19:47:06 Image size of job updated: 361628
	345  -  MemoryUsage of job (MB)
	352500  -  ResidentSetSize of job (KB)
...
005 (4044172.239.000) 03/13 19:51:36 Job terminated.
	(1) Normal termination (return value 0)
		Usr 0 00:25:29, Sys 0 00:02:28  -  Run Remote Usage
		Usr 0 00:00:00, Sys 0 00:00:00  -  Run Local Usage
		Usr 0 00:25:29, Sys 0 00:02:28  -  Total Remote Usage
		Usr 0 00:00:00, Sys 0 00:00:00  -  Total Local Usage
	0  -  Run Bytes Sent By Job
	0  -  Run Bytes Received By Job
	0  -  Total Bytes Sent By Job
	0  -  Total Bytes Received By Job
	Partitionable Resources :    Usage  Request Allocated
	   Cpus                 :                 1         1
	   Disk (KB)            :        1        1  22659268
	   Memory (MB)          :      345        1      4001
...
000 (4046522.239.000) 03/15 14:02:17 Job submitted from host: <192.168.1.109:9618?addrs=192.168.1.109-9618+[--1]-9618&noUDP&sock=3153_969b_4>
...
001 (4046522.239.000) 03/15 15:11:30 Job executing on host: <192.168.1.45:9618?addrs=192.168.1.45-9618+[--1]-9618&noUDP&sock=3341_bd3f_3>
...
006 (4046522.239.000) 03/15 15:11:39 Image size of job updated: 433472
	347  -  MemoryUsage of job (MB)
	354564  -  ResidentSetSize of job (KB)
...
006 (4046522.239.000) 03/15 15:16:40 Image size of job updated: 434960
	424  -  MemoryUsage of job (MB)
	434136  -  ResidentSetSize of job (KB)
...
006 (4046522.239.000) 03/15 15:21:40 Image size of job updated: 434960
	425  -  MemoryUsage of job (MB)
	434184  -  ResidentSetSize of job (KB)
...
006 (4046522.239.000) 03/15 15:26:40 Image size of job updated: 434960
	425  -  MemoryUsage of job (MB)
	434528  -  ResidentSetSize of job (KB)
...
005 (4046522.239.000) 03/15 15:27:17 Job terminated.
	(1) Normal termination (return value 0)
		Usr 0 00:13:54, Sys 0 00:01:27  -  Run Remote Usage
		Usr 0 00:00:00, Sys 0 00:00:00  -  Run Local Usage
		Usr 0 00:13:54, Sys 0 00:01:27  -  Total Remote Usage
		Usr 0 00:00:00, Sys 0 00:00:00  -  Total Local Usage
	0  -  Run Bytes Sent By Job
	0  -  Run Bytes Received By Job
	0  -  Total Bytes Sent By Job
	0  -  Total Bytes Received By Job
	Partitionable Resources :    Usage  Request Allocated
	   Cpus                 :                 1         1
	   Disk (KB)            :        1        1  20460088
	   Memory (MB)          :      425        1      4022
...
