000 (4031466.271.000) 03/13 00:00:42 Job submitted from host: <192.168.1.109:9618?addrs=192.168.1.109-9618+[--1]-9618&noUDP&sock=3153_969b_4>
...
001 (4031466.271.000) 03/13 00:01:22 Job executing on host: <192.168.1.42:9618?addrs=192.168.1.42-9618+[--1]-9618&noUDP&sock=3360_3385_3>
...
006 (4031466.271.000) 03/13 00:01:30 Image size of job updated: 117008
	110  -  MemoryUsage of job (MB)
	112336  -  ResidentSetSize of job (KB)
...
006 (4031466.271.000) 03/13 00:06:30 Image size of job updated: 352804
	345  -  MemoryUsage of job (MB)
	352804  -  ResidentSetSize of job (KB)
...
006 (4031466.271.000) 03/13 00:11:31 Image size of job updated: 438348
	429  -  MemoryUsage of job (MB)
	438348  -  ResidentSetSize of job (KB)
...
006 (4031466.271.000) 03/13 00:16:31 Image size of job updated: 438892
	429  -  MemoryUsage of job (MB)
	438892  -  ResidentSetSize of job (KB)
...
006 (4031466.271.000) 03/13 00:21:31 Image size of job updated: 439084
	429  -  MemoryUsage of job (MB)
	439084  -  ResidentSetSize of job (KB)
...
006 (4031466.271.000) 03/13 00:31:32 Image size of job updated: 439088
	429  -  MemoryUsage of job (MB)
	439088  -  ResidentSetSize of job (KB)
...
006 (4031466.271.000) 03/13 00:36:32 Image size of job updated: 439144
	429  -  MemoryUsage of job (MB)
	439144  -  ResidentSetSize of job (KB)
...
005 (4031466.271.000) 03/13 00:40:42 Job terminated.
	(1) Normal termination (return value 0)
		Usr 0 00:08:15, Sys 0 00:00:52  -  Run Remote Usage
		Usr 0 00:00:00, Sys 0 00:00:00  -  Run Local Usage
		Usr 0 00:08:15, Sys 0 00:00:52  -  Total Remote Usage
		Usr 0 00:00:00, Sys 0 00:00:00  -  Total Local Usage
	0  -  Run Bytes Sent By Job
	0  -  Run Bytes Received By Job
	0  -  Total Bytes Sent By Job
	0  -  Total Bytes Received By Job
	Partitionable Resources :    Usage  Request Allocated
	   Cpus                 :                 1         1
	   Disk (KB)            :        1        1  20458262
	   Memory (MB)          :      429        1      4022
...
000 (4044172.271.000) 03/13 19:21:20 Job submitted from host: <192.168.1.109:9618?addrs=192.168.1.109-9618+[--1]-9618&noUDP&sock=3153_969b_4>
...
001 (4044172.271.000) 03/13 19:21:55 Job executing on host: <192.168.1.42:9618?addrs=192.168.1.42-9618+[--1]-9618&noUDP&sock=3360_3385_3>
...
006 (4044172.271.000) 03/13 19:22:04 Image size of job updated: 148160
	144  -  MemoryUsage of job (MB)
	146620  -  ResidentSetSize of job (KB)
...
006 (4044172.271.000) 03/13 19:27:05 Image size of job updated: 352428
	343  -  MemoryUsage of job (MB)
	351080  -  ResidentSetSize of job (KB)
...
006 (4044172.271.000) 03/13 19:32:06 Image size of job updated: 435776
	425  -  MemoryUsage of job (MB)
	434428  -  ResidentSetSize of job (KB)
...
006 (4044172.271.000) 03/13 19:37:07 Image size of job updated: 436112
	425  -  MemoryUsage of job (MB)
	434764  -  ResidentSetSize of job (KB)
...
006 (4044172.271.000) 03/13 19:42:07 Image size of job updated: 436312
	425  -  MemoryUsage of job (MB)
	434964  -  ResidentSetSize of job (KB)
...
006 (4044172.271.000) 03/13 19:52:08 Image size of job updated: 436312
	425  -  MemoryUsage of job (MB)
	434976  -  ResidentSetSize of job (KB)
...
006 (4044172.271.000) 03/13 19:57:08 Image size of job updated: 436312
	425  -  MemoryUsage of job (MB)
	435064  -  ResidentSetSize of job (KB)
...
005 (4044172.271.000) 03/13 19:58:52 Job terminated.
	(1) Normal termination (return value 0)
		Usr 0 00:08:50, Sys 0 00:01:03  -  Run Remote Usage
		Usr 0 00:00:00, Sys 0 00:00:00  -  Run Local Usage
		Usr 0 00:08:50, Sys 0 00:01:03  -  Total Remote Usage
		Usr 0 00:00:00, Sys 0 00:00:00  -  Total Local Usage
	0  -  Run Bytes Sent By Job
	0  -  Run Bytes Received By Job
	0  -  Total Bytes Sent By Job
	0  -  Total Bytes Received By Job
	Partitionable Resources :    Usage  Request Allocated
	   Cpus                 :                 1         1
	   Disk (KB)            :        1        1  20458261
	   Memory (MB)          :      425        1      4022
...
000 (4046522.271.000) 03/15 14:02:18 Job submitted from host: <192.168.1.109:9618?addrs=192.168.1.109-9618+[--1]-9618&noUDP&sock=3153_969b_4>
...
001 (4046522.271.000) 03/15 15:13:32 Job executing on host: <192.168.1.46:9618?addrs=192.168.1.46-9618+[--1]-9618&noUDP&sock=3272_2797_3>
...
006 (4046522.271.000) 03/15 15:13:41 Image size of job updated: 427252
	340  -  MemoryUsage of job (MB)
	347996  -  ResidentSetSize of job (KB)
...
006 (4046522.271.000) 03/15 15:18:41 Image size of job updated: 434580
	424  -  MemoryUsage of job (MB)
	434024  -  ResidentSetSize of job (KB)
...
006 (4046522.271.000) 03/15 15:23:41 Image size of job updated: 434612
	424  -  MemoryUsage of job (MB)
	434104  -  ResidentSetSize of job (KB)
...
005 (4046522.271.000) 03/15 15:26:26 Job terminated.
	(1) Normal termination (return value 0)
		Usr 0 00:11:17, Sys 0 00:01:15  -  Run Remote Usage
		Usr 0 00:00:00, Sys 0 00:00:00  -  Run Local Usage
		Usr 0 00:11:17, Sys 0 00:01:15  -  Total Remote Usage
		Usr 0 00:00:00, Sys 0 00:00:00  -  Total Local Usage
	0  -  Run Bytes Sent By Job
	0  -  Run Bytes Received By Job
	0  -  Total Bytes Sent By Job
	0  -  Total Bytes Received By Job
	Partitionable Resources :    Usage  Request Allocated
	   Cpus                 :                 1         1
	   Disk (KB)            :        1        1  20459164
	   Memory (MB)          :      424        1      4022
...
