000 (4031466.433.000) 03/13 00:00:44 Job submitted from host: <192.168.1.109:9618?addrs=192.168.1.109-9618+[--1]-9618&noUDP&sock=3153_969b_4>
...
001 (4031466.433.000) 03/13 00:01:26 Job executing on host: <192.168.1.63:9618?addrs=192.168.1.63-9618+[--1]-9618&noUDP&sock=3501_ea5f_33>
...
006 (4031466.433.000) 03/13 00:01:35 Image size of job updated: 163700
	145  -  MemoryUsage of job (MB)
	147768  -  ResidentSetSize of job (KB)
...
006 (4031466.433.000) 03/13 00:06:35 Image size of job updated: 419164
	410  -  MemoryUsage of job (MB)
	419164  -  ResidentSetSize of job (KB)
...
006 (4031466.433.000) 03/13 00:16:37 Image size of job updated: 419312
	410  -  MemoryUsage of job (MB)
	419312  -  ResidentSetSize of job (KB)
...
006 (4031466.433.000) 03/13 00:21:37 Image size of job updated: 419348
	410  -  MemoryUsage of job (MB)
	419348  -  ResidentSetSize of job (KB)
...
006 (4031466.433.000) 03/13 00:26:37 Image size of job updated: 419352
	410  -  MemoryUsage of job (MB)
	419352  -  ResidentSetSize of job (KB)
...
006 (4031466.433.000) 03/13 00:31:38 Image size of job updated: 419424
	410  -  MemoryUsage of job (MB)
	419424  -  ResidentSetSize of job (KB)
...
006 (4031466.433.000) 03/13 00:46:40 Image size of job updated: 419428
	410  -  MemoryUsage of job (MB)
	419428  -  ResidentSetSize of job (KB)
...
005 (4031466.433.000) 03/13 00:51:21 Job terminated.
	(1) Normal termination (return value 0)
		Usr 0 00:42:57, Sys 0 00:03:16  -  Run Remote Usage
		Usr 0 00:00:00, Sys 0 00:00:00  -  Run Local Usage
		Usr 0 00:42:57, Sys 0 00:03:16  -  Total Remote Usage
		Usr 0 00:00:00, Sys 0 00:00:00  -  Total Local Usage
	0  -  Run Bytes Sent By Job
	0  -  Run Bytes Received By Job
	0  -  Total Bytes Sent By Job
	0  -  Total Bytes Received By Job
	Partitionable Resources :    Usage  Request Allocated
	   Cpus                 :                 1         1
	   Disk (KB)            :        1        1  22685399
	   Memory (MB)          :      410        1      4015
...
000 (4044172.433.000) 03/13 19:21:22 Job submitted from host: <192.168.1.109:9618?addrs=192.168.1.109-9618+[--1]-9618&noUDP&sock=3153_969b_4>
...
001 (4044172.433.000) 03/13 19:22:02 Job executing on host: <192.168.1.46:9618?addrs=192.168.1.46-9618+[--1]-9618&noUDP&sock=3272_2797_3>
...
006 (4044172.433.000) 03/13 19:22:10 Image size of job updated: 117124
	109  -  MemoryUsage of job (MB)
	111240  -  ResidentSetSize of job (KB)
...
006 (4044172.433.000) 03/13 19:27:10 Image size of job updated: 342956
	335  -  MemoryUsage of job (MB)
	342956  -  ResidentSetSize of job (KB)
...
006 (4044172.433.000) 03/13 19:32:11 Image size of job updated: 373788
	366  -  MemoryUsage of job (MB)
	373788  -  ResidentSetSize of job (KB)
...
006 (4044172.433.000) 03/13 19:37:12 Image size of job updated: 426568
	417  -  MemoryUsage of job (MB)
	426568  -  ResidentSetSize of job (KB)
...
006 (4044172.433.000) 03/13 19:57:14 Image size of job updated: 426572
	417  -  MemoryUsage of job (MB)
	426572  -  ResidentSetSize of job (KB)
...
006 (4044172.433.000) 03/13 20:02:14 Image size of job updated: 426640
	417  -  MemoryUsage of job (MB)
	426640  -  ResidentSetSize of job (KB)
...
006 (4044172.433.000) 03/13 20:12:15 Image size of job updated: 426692
	417  -  MemoryUsage of job (MB)
	426644  -  ResidentSetSize of job (KB)
...
005 (4044172.433.000) 03/13 20:12:38 Job terminated.
	(1) Normal termination (return value 0)
		Usr 0 00:14:58, Sys 0 00:01:40  -  Run Remote Usage
		Usr 0 00:00:00, Sys 0 00:00:00  -  Run Local Usage
		Usr 0 00:14:58, Sys 0 00:01:40  -  Total Remote Usage
		Usr 0 00:00:00, Sys 0 00:00:00  -  Total Local Usage
	0  -  Run Bytes Sent By Job
	0  -  Run Bytes Received By Job
	0  -  Total Bytes Sent By Job
	0  -  Total Bytes Received By Job
	Partitionable Resources :    Usage  Request Allocated
	   Cpus                 :                 1         1
	   Disk (KB)            :        1        1  20459164
	   Memory (MB)          :      417        1      4022
...
000 (4046522.433.000) 03/15 14:02:20 Job submitted from host: <192.168.1.109:9618?addrs=192.168.1.109-9618+[--1]-9618&noUDP&sock=3153_969b_4>
...
001 (4046522.433.000) 03/15 15:28:50 Job executing on host: <192.168.1.39:9618?addrs=192.168.1.39-9618+[--1]-9618&noUDP&sock=3239_16fe_3>
...
006 (4046522.433.000) 03/15 15:28:58 Image size of job updated: 424244
	338  -  MemoryUsage of job (MB)
	345212  -  ResidentSetSize of job (KB)
...
006 (4046522.433.000) 03/15 15:33:58 Image size of job updated: 428232
	418  -  MemoryUsage of job (MB)
	428012  -  ResidentSetSize of job (KB)
...
006 (4046522.433.000) 03/15 15:38:58 Image size of job updated: 428232
	418  -  MemoryUsage of job (MB)
	428024  -  ResidentSetSize of job (KB)
...
006 (4046522.433.000) 03/15 15:43:59 Image size of job updated: 428232
	419  -  MemoryUsage of job (MB)
	428088  -  ResidentSetSize of job (KB)
...
006 (4046522.433.000) 03/15 15:49:00 Image size of job updated: 428232
	419  -  MemoryUsage of job (MB)
	428092  -  ResidentSetSize of job (KB)
...
005 (4046522.433.000) 03/15 15:51:15 Job terminated.
	(1) Normal termination (return value 0)
		Usr 0 00:16:54, Sys 0 00:01:46  -  Run Remote Usage
		Usr 0 00:00:00, Sys 0 00:00:00  -  Run Local Usage
		Usr 0 00:16:54, Sys 0 00:01:46  -  Total Remote Usage
		Usr 0 00:00:00, Sys 0 00:00:00  -  Total Local Usage
	0  -  Run Bytes Sent By Job
	0  -  Run Bytes Received By Job
	0  -  Total Bytes Sent By Job
	0  -  Total Bytes Received By Job
	Partitionable Resources :    Usage  Request Allocated
	   Cpus                 :                 1         1
	   Disk (KB)            :        1        1  20460460
	   Memory (MB)          :      419        1      4022
...
