000 (4031466.551.000) 03/13 00:00:44 Job submitted from host: <192.168.1.109:9618?addrs=192.168.1.109-9618+[--1]-9618&noUDP&sock=3153_969b_4>
...
001 (4031466.551.000) 03/13 00:01:36 Job executing on host: <192.168.1.46:9618?addrs=192.168.1.46-9618+[--1]-9618&noUDP&sock=3272_2797_3>
...
006 (4031466.551.000) 03/13 00:01:46 Image size of job updated: 45156
	44  -  MemoryUsage of job (MB)
	44988  -  ResidentSetSize of job (KB)
...
006 (4031466.551.000) 03/13 00:06:47 Image size of job updated: 361500
	353  -  MemoryUsage of job (MB)
	361232  -  ResidentSetSize of job (KB)
...
006 (4031466.551.000) 03/13 00:11:48 Image size of job updated: 439840
	430  -  MemoryUsage of job (MB)
	439572  -  ResidentSetSize of job (KB)
...
006 (4031466.551.000) 03/13 00:16:48 Image size of job updated: 440048
	430  -  MemoryUsage of job (MB)
	439780  -  ResidentSetSize of job (KB)
...
006 (4031466.551.000) 03/13 00:21:49 Image size of job updated: 442444
	432  -  MemoryUsage of job (MB)
	442176  -  ResidentSetSize of job (KB)
...
006 (4031466.551.000) 03/13 00:36:50 Image size of job updated: 442480
	432  -  MemoryUsage of job (MB)
	442212  -  ResidentSetSize of job (KB)
...
006 (4031466.551.000) 03/13 00:41:51 Image size of job updated: 442520
	432  -  MemoryUsage of job (MB)
	442252  -  ResidentSetSize of job (KB)
...
006 (4031466.551.000) 03/13 00:46:52 Image size of job updated: 442548
	432  -  MemoryUsage of job (MB)
	442280  -  ResidentSetSize of job (KB)
...
005 (4031466.551.000) 03/13 00:55:55 Job terminated.
	(1) Normal termination (return value 0)
		Usr 0 00:16:47, Sys 0 00:01:44  -  Run Remote Usage
		Usr 0 00:00:00, Sys 0 00:00:00  -  Run Local Usage
		Usr 0 00:16:47, Sys 0 00:01:44  -  Total Remote Usage
		Usr 0 00:00:00, Sys 0 00:00:00  -  Total Local Usage
	0  -  Run Bytes Sent By Job
	0  -  Run Bytes Received By Job
	0  -  Total Bytes Sent By Job
	0  -  Total Bytes Received By Job
	Partitionable Resources :    Usage  Request Allocated
	   Cpus                 :                 1         1
	   Disk (KB)            :        1        1  20459164
	   Memory (MB)          :      432        1      4022
...
000 (4044172.551.000) 03/13 19:21:23 Job submitted from host: <192.168.1.109:9618?addrs=192.168.1.109-9618+[--1]-9618&noUDP&sock=3153_969b_4>
...
001 (4044172.551.000) 03/13 19:22:05 Job executing on host: <192.168.1.39:9618?addrs=192.168.1.39-9618+[--1]-9618&noUDP&sock=3239_16fe_3>
...
006 (4044172.551.000) 03/13 19:22:15 Image size of job updated: 18964
	19  -  MemoryUsage of job (MB)
	18964  -  ResidentSetSize of job (KB)
...
006 (4044172.551.000) 03/13 19:27:15 Image size of job updated: 365796
	352  -  MemoryUsage of job (MB)
	360284  -  ResidentSetSize of job (KB)
...
006 (4044172.551.000) 03/13 19:32:16 Image size of job updated: 441596
	426  -  MemoryUsage of job (MB)
	436084  -  ResidentSetSize of job (KB)
...
006 (4044172.551.000) 03/13 20:02:20 Image size of job updated: 441612
	426  -  MemoryUsage of job (MB)
	436100  -  ResidentSetSize of job (KB)
...
006 (4044172.551.000) 03/13 20:12:21 Image size of job updated: 441612
	426  -  MemoryUsage of job (MB)
	436104  -  ResidentSetSize of job (KB)
...
005 (4044172.551.000) 03/13 20:14:15 Job terminated.
	(1) Normal termination (return value 0)
		Usr 0 00:19:36, Sys 0 00:02:04  -  Run Remote Usage
		Usr 0 00:00:00, Sys 0 00:00:00  -  Run Local Usage
		Usr 0 00:19:36, Sys 0 00:02:04  -  Total Remote Usage
		Usr 0 00:00:00, Sys 0 00:00:00  -  Total Local Usage
	0  -  Run Bytes Sent By Job
	0  -  Run Bytes Received By Job
	0  -  Total Bytes Sent By Job
	0  -  Total Bytes Received By Job
	Partitionable Resources :    Usage  Request Allocated
	   Cpus                 :                 1         1
	   Disk (KB)            :        1        1  20460460
	   Memory (MB)          :      426        1      4022
...
000 (4046522.551.000) 03/15 14:02:21 Job submitted from host: <192.168.1.109:9618?addrs=192.168.1.109-9618+[--1]-9618&noUDP&sock=3153_969b_4>
...
001 (4046522.551.000) 03/15 15:34:40 Job executing on host: <192.168.1.40:9618?addrs=192.168.1.40-9618+[--1]-9618&noUDP&sock=3366_a17e_3>
...
006 (4046522.551.000) 03/15 15:34:49 Image size of job updated: 180824
	110  -  MemoryUsage of job (MB)
	112336  -  ResidentSetSize of job (KB)
...
006 (4046522.551.000) 03/15 15:39:50 Image size of job updated: 436744
	427  -  MemoryUsage of job (MB)
	436528  -  ResidentSetSize of job (KB)
...
006 (4046522.551.000) 03/15 15:49:51 Image size of job updated: 436760
	427  -  MemoryUsage of job (MB)
	436544  -  ResidentSetSize of job (KB)
...
006 (4046522.551.000) 03/15 15:57:39 Image size of job updated: 436764
	427  -  MemoryUsage of job (MB)
	436544  -  ResidentSetSize of job (KB)
...
005 (4046522.551.000) 03/15 15:57:39 Job terminated.
	(1) Normal termination (return value 0)
		Usr 0 00:17:50, Sys 0 00:01:57  -  Run Remote Usage
		Usr 0 00:00:00, Sys 0 00:00:00  -  Run Local Usage
		Usr 0 00:17:50, Sys 0 00:01:57  -  Total Remote Usage
		Usr 0 00:00:00, Sys 0 00:00:00  -  Total Local Usage
	0  -  Run Bytes Sent By Job
	0  -  Run Bytes Received By Job
	0  -  Total Bytes Sent By Job
	0  -  Total Bytes Received By Job
	Partitionable Resources :    Usage  Request Allocated
	   Cpus                 :                 1         1
	   Disk (KB)            :        1        1  20457847
	   Memory (MB)          :      427        1      4022
...
