000 (4031466.475.000) 03/13 00:00:44 Job submitted from host: <192.168.1.109:9618?addrs=192.168.1.109-9618+[--1]-9618&noUDP&sock=3153_969b_4>
...
001 (4031466.475.000) 03/13 00:01:28 Job executing on host: <192.168.1.66:9618?addrs=192.168.1.66-9618+[--1]-9618&noUDP&sock=3560_0345_33>
...
006 (4031466.475.000) 03/13 00:01:37 Image size of job updated: 154468
	149  -  MemoryUsage of job (MB)
	152152  -  ResidentSetSize of job (KB)
...
006 (4031466.475.000) 03/13 00:06:37 Image size of job updated: 428332
	419  -  MemoryUsage of job (MB)
	428332  -  ResidentSetSize of job (KB)
...
006 (4031466.475.000) 03/13 00:11:37 Image size of job updated: 428408
	419  -  MemoryUsage of job (MB)
	428408  -  ResidentSetSize of job (KB)
...
006 (4031466.475.000) 03/13 00:16:39 Image size of job updated: 428736
	419  -  MemoryUsage of job (MB)
	428736  -  ResidentSetSize of job (KB)
...
006 (4031466.475.000) 03/13 00:21:39 Image size of job updated: 428740
	419  -  MemoryUsage of job (MB)
	428740  -  ResidentSetSize of job (KB)
...
006 (4031466.475.000) 03/13 00:26:39 Image size of job updated: 428768
	419  -  MemoryUsage of job (MB)
	428768  -  ResidentSetSize of job (KB)
...
006 (4031466.475.000) 03/13 00:31:40 Image size of job updated: 428824
	419  -  MemoryUsage of job (MB)
	428824  -  ResidentSetSize of job (KB)
...
006 (4031466.475.000) 03/13 00:46:42 Image size of job updated: 428828
	419  -  MemoryUsage of job (MB)
	428828  -  ResidentSetSize of job (KB)
...
006 (4031466.475.000) 03/13 00:51:56 Image size of job updated: 786556
	419  -  MemoryUsage of job (MB)
	428828  -  ResidentSetSize of job (KB)
...
005 (4031466.475.000) 03/13 00:51:56 Job terminated.
	(1) Normal termination (return value 0)
		Usr 0 00:42:36, Sys 0 00:03:15  -  Run Remote Usage
		Usr 0 00:00:00, Sys 0 00:00:00  -  Run Local Usage
		Usr 0 00:42:36, Sys 0 00:03:15  -  Total Remote Usage
		Usr 0 00:00:00, Sys 0 00:00:00  -  Total Local Usage
	0  -  Run Bytes Sent By Job
	0  -  Run Bytes Received By Job
	0  -  Total Bytes Sent By Job
	0  -  Total Bytes Received By Job
	Partitionable Resources :    Usage  Request Allocated
	   Cpus                 :                 1         1
	   Disk (KB)            :        1        1  22684277
	   Memory (MB)          :      419        1      4015
...
000 (4044172.475.000) 03/13 19:21:22 Job submitted from host: <192.168.1.109:9618?addrs=192.168.1.109-9618+[--1]-9618&noUDP&sock=3153_969b_4>
...
001 (4044172.475.000) 03/13 19:22:02 Job executing on host: <192.168.1.46:9618?addrs=192.168.1.46-9618+[--1]-9618&noUDP&sock=3272_2797_3>
...
006 (4044172.475.000) 03/13 19:22:11 Image size of job updated: 112404
	110  -  MemoryUsage of job (MB)
	112404  -  ResidentSetSize of job (KB)
...
006 (4044172.475.000) 03/13 19:27:11 Image size of job updated: 342396
	335  -  MemoryUsage of job (MB)
	342396  -  ResidentSetSize of job (KB)
...
006 (4044172.475.000) 03/13 19:32:12 Image size of job updated: 360340
	352  -  MemoryUsage of job (MB)
	360340  -  ResidentSetSize of job (KB)
...
006 (4044172.475.000) 03/13 19:37:13 Image size of job updated: 429120
	420  -  MemoryUsage of job (MB)
	429120  -  ResidentSetSize of job (KB)
...
006 (4044172.475.000) 03/13 19:42:13 Image size of job updated: 429416
	420  -  MemoryUsage of job (MB)
	429416  -  ResidentSetSize of job (KB)
...
006 (4044172.475.000) 03/13 19:47:13 Image size of job updated: 429436
	420  -  MemoryUsage of job (MB)
	429436  -  ResidentSetSize of job (KB)
...
006 (4044172.475.000) 03/13 19:57:15 Image size of job updated: 429456
	420  -  MemoryUsage of job (MB)
	429456  -  ResidentSetSize of job (KB)
...
006 (4044172.475.000) 03/13 20:02:15 Image size of job updated: 429504
	420  -  MemoryUsage of job (MB)
	429504  -  ResidentSetSize of job (KB)
...
006 (4044172.475.000) 03/13 20:11:54 Image size of job updated: 786556
	420  -  MemoryUsage of job (MB)
	429504  -  ResidentSetSize of job (KB)
...
005 (4044172.475.000) 03/13 20:11:55 Job terminated.
	(1) Normal termination (return value 0)
		Usr 0 00:15:04, Sys 0 00:01:42  -  Run Remote Usage
		Usr 0 00:00:00, Sys 0 00:00:00  -  Run Local Usage
		Usr 0 00:15:04, Sys 0 00:01:42  -  Total Remote Usage
		Usr 0 00:00:00, Sys 0 00:00:00  -  Total Local Usage
	0  -  Run Bytes Sent By Job
	0  -  Run Bytes Received By Job
	0  -  Total Bytes Sent By Job
	0  -  Total Bytes Received By Job
	Partitionable Resources :    Usage  Request Allocated
	   Cpus                 :                 1         1
	   Disk (KB)            :        1        1  20459164
	   Memory (MB)          :      420        1      4022
...
000 (4046522.475.000) 03/15 14:02:20 Job submitted from host: <192.168.1.109:9618?addrs=192.168.1.109-9618+[--1]-9618&noUDP&sock=3153_969b_4>
...
001 (4046522.475.000) 03/15 15:31:32 Job executing on host: <192.168.1.39:9618?addrs=192.168.1.39-9618+[--1]-9618&noUDP&sock=3239_16fe_3>
...
006 (4046522.475.000) 03/15 15:31:41 Image size of job updated: 412172
	333  -  MemoryUsage of job (MB)
	340196  -  ResidentSetSize of job (KB)
...
006 (4046522.475.000) 03/15 15:36:42 Image size of job updated: 426776
	417  -  MemoryUsage of job (MB)
	426700  -  ResidentSetSize of job (KB)
...
006 (4046522.475.000) 03/15 15:41:42 Image size of job updated: 427200
	417  -  MemoryUsage of job (MB)
	426996  -  ResidentSetSize of job (KB)
...
006 (4046522.475.000) 03/15 15:46:43 Image size of job updated: 427244
	418  -  MemoryUsage of job (MB)
	427048  -  ResidentSetSize of job (KB)
...
006 (4046522.475.000) 03/15 15:51:44 Image size of job updated: 427248
	418  -  MemoryUsage of job (MB)
	427052  -  ResidentSetSize of job (KB)
...
005 (4046522.475.000) 03/15 15:53:24 Job terminated.
	(1) Normal termination (return value 0)
		Usr 0 00:16:32, Sys 0 00:01:45  -  Run Remote Usage
		Usr 0 00:00:00, Sys 0 00:00:00  -  Run Local Usage
		Usr 0 00:16:32, Sys 0 00:01:45  -  Total Remote Usage
		Usr 0 00:00:00, Sys 0 00:00:00  -  Total Local Usage
	0  -  Run Bytes Sent By Job
	0  -  Run Bytes Received By Job
	0  -  Total Bytes Sent By Job
	0  -  Total Bytes Received By Job
	Partitionable Resources :    Usage  Request Allocated
	   Cpus                 :                 1         1
	   Disk (KB)            :        1        1  20460460
	   Memory (MB)          :      418        1      4022
...
