000 (4031466.493.000) 03/13 00:00:44 Job submitted from host: <192.168.1.109:9618?addrs=192.168.1.109-9618+[--1]-9618&noUDP&sock=3153_969b_4>
...
001 (4031466.493.000) 03/13 00:01:29 Job executing on host: <192.168.1.47:9618?addrs=192.168.1.47-9618+[--1]-9618&noUDP&sock=3245_a288_3>
...
006 (4031466.493.000) 03/13 00:01:38 Image size of job updated: 147536
	145  -  MemoryUsage of job (MB)
	147536  -  ResidentSetSize of job (KB)
...
006 (4031466.493.000) 03/13 00:06:39 Image size of job updated: 339268
	331  -  MemoryUsage of job (MB)
	338832  -  ResidentSetSize of job (KB)
...
006 (4031466.493.000) 03/13 00:11:39 Image size of job updated: 422120
	412  -  MemoryUsage of job (MB)
	421684  -  ResidentSetSize of job (KB)
...
006 (4031466.493.000) 03/13 00:16:39 Image size of job updated: 422744
	413  -  MemoryUsage of job (MB)
	422308  -  ResidentSetSize of job (KB)
...
006 (4031466.493.000) 03/13 00:26:41 Image size of job updated: 422748
	413  -  MemoryUsage of job (MB)
	422312  -  ResidentSetSize of job (KB)
...
006 (4031466.493.000) 03/13 00:31:41 Image size of job updated: 422752
	413  -  MemoryUsage of job (MB)
	422316  -  ResidentSetSize of job (KB)
...
006 (4031466.493.000) 03/13 00:36:42 Image size of job updated: 422756
	413  -  MemoryUsage of job (MB)
	422320  -  ResidentSetSize of job (KB)
...
006 (4031466.493.000) 03/13 00:46:03 Image size of job updated: 783608
	413  -  MemoryUsage of job (MB)
	422320  -  ResidentSetSize of job (KB)
...
005 (4031466.493.000) 03/13 00:46:03 Job terminated.
	(1) Normal termination (return value 0)
		Usr 0 00:13:15, Sys 0 00:01:16  -  Run Remote Usage
		Usr 0 00:00:00, Sys 0 00:00:00  -  Run Local Usage
		Usr 0 00:13:15, Sys 0 00:01:16  -  Total Remote Usage
		Usr 0 00:00:00, Sys 0 00:00:00  -  Total Local Usage
	0  -  Run Bytes Sent By Job
	0  -  Run Bytes Received By Job
	0  -  Total Bytes Sent By Job
	0  -  Total Bytes Received By Job
	Partitionable Resources :    Usage  Request Allocated
	   Cpus                 :                 1         1
	   Disk (KB)            :        1        1  28493856
	   Memory (MB)          :      413        1      4020
...
000 (4044172.493.000) 03/13 19:21:22 Job submitted from host: <192.168.1.109:9618?addrs=192.168.1.109-9618+[--1]-9618&noUDP&sock=3153_969b_4>
...
001 (4044172.493.000) 03/13 19:22:03 Job executing on host: <192.168.1.39:9618?addrs=192.168.1.39-9618+[--1]-9618&noUDP&sock=3239_16fe_3>
...
006 (4044172.493.000) 03/13 19:22:12 Image size of job updated: 110116
	105  -  MemoryUsage of job (MB)
	106804  -  ResidentSetSize of job (KB)
...
006 (4044172.493.000) 03/13 19:27:13 Image size of job updated: 335044
	328  -  MemoryUsage of job (MB)
	335044  -  ResidentSetSize of job (KB)
...
006 (4044172.493.000) 03/13 19:32:13 Image size of job updated: 422072
	413  -  MemoryUsage of job (MB)
	422072  -  ResidentSetSize of job (KB)
...
006 (4044172.493.000) 03/13 19:42:14 Image size of job updated: 422424
	413  -  MemoryUsage of job (MB)
	422424  -  ResidentSetSize of job (KB)
...
006 (4044172.493.000) 03/13 19:47:15 Image size of job updated: 422428
	413  -  MemoryUsage of job (MB)
	422428  -  ResidentSetSize of job (KB)
...
006 (4044172.493.000) 03/13 19:57:16 Image size of job updated: 422432
	413  -  MemoryUsage of job (MB)
	422432  -  ResidentSetSize of job (KB)
...
006 (4044172.493.000) 03/13 20:02:17 Image size of job updated: 422436
	413  -  MemoryUsage of job (MB)
	422436  -  ResidentSetSize of job (KB)
...
006 (4044172.493.000) 03/13 20:11:49 Image size of job updated: 783376
	413  -  MemoryUsage of job (MB)
	422436  -  ResidentSetSize of job (KB)
...
005 (4044172.493.000) 03/13 20:11:49 Job terminated.
	(1) Normal termination (return value 0)
		Usr 0 00:16:45, Sys 0 00:01:43  -  Run Remote Usage
		Usr 0 00:00:00, Sys 0 00:00:00  -  Run Local Usage
		Usr 0 00:16:45, Sys 0 00:01:43  -  Total Remote Usage
		Usr 0 00:00:00, Sys 0 00:00:00  -  Total Local Usage
	0  -  Run Bytes Sent By Job
	0  -  Run Bytes Received By Job
	0  -  Total Bytes Sent By Job
	0  -  Total Bytes Received By Job
	Partitionable Resources :    Usage  Request Allocated
	   Cpus                 :                 1         1
	   Disk (KB)            :        1        1  20460459
	   Memory (MB)          :      413        1      4022
...
000 (4046522.493.000) 03/15 14:02:21 Job submitted from host: <192.168.1.109:9618?addrs=192.168.1.109-9618+[--1]-9618&noUDP&sock=3153_969b_4>
...
001 (4046522.493.000) 03/15 15:32:33 Job executing on host: <192.168.1.44:9618?addrs=192.168.1.44-9618+[--1]-9618&noUDP&sock=3035_ca7b_3>
...
006 (4046522.493.000) 03/15 15:32:42 Image size of job updated: 243280
	161  -  MemoryUsage of job (MB)
	164252  -  ResidentSetSize of job (KB)
...
006 (4046522.493.000) 03/15 15:37:43 Image size of job updated: 324256
	317  -  MemoryUsage of job (MB)
	324056  -  ResidentSetSize of job (KB)
...
006 (4046522.493.000) 03/15 15:42:44 Image size of job updated: 324400
	317  -  MemoryUsage of job (MB)
	324324  -  ResidentSetSize of job (KB)
...
006 (4046522.493.000) 03/15 15:47:44 Image size of job updated: 324400
	317  -  MemoryUsage of job (MB)
	324336  -  ResidentSetSize of job (KB)
...
006 (4046522.493.000) 03/15 15:51:29 Image size of job updated: 324568
	317  -  MemoryUsage of job (MB)
	324336  -  ResidentSetSize of job (KB)
...
005 (4046522.493.000) 03/15 15:51:29 Job terminated.
	(1) Normal termination (return value 0)
		Usr 0 00:15:10, Sys 0 00:01:43  -  Run Remote Usage
		Usr 0 00:00:00, Sys 0 00:00:00  -  Run Local Usage
		Usr 0 00:15:10, Sys 0 00:01:43  -  Total Remote Usage
		Usr 0 00:00:00, Sys 0 00:00:00  -  Total Local Usage
	0  -  Run Bytes Sent By Job
	0  -  Run Bytes Received By Job
	0  -  Total Bytes Sent By Job
	0  -  Total Bytes Received By Job
	Partitionable Resources :    Usage  Request Allocated
	   Cpus                 :                 1         1
	   Disk (KB)            :        1        1  20458817
	   Memory (MB)          :      317        1      4022
...
