000 (4031466.459.000) 03/13 00:00:44 Job submitted from host: <192.168.1.109:9618?addrs=192.168.1.109-9618+[--1]-9618&noUDP&sock=3153_969b_4>
...
001 (4031466.459.000) 03/13 00:01:28 Job executing on host: <192.168.1.46:9618?addrs=192.168.1.46-9618+[--1]-9618&noUDP&sock=3272_2797_3>
...
006 (4031466.459.000) 03/13 00:01:37 Image size of job updated: 51008
	44  -  MemoryUsage of job (MB)
	44668  -  ResidentSetSize of job (KB)
...
006 (4031466.459.000) 03/13 00:06:37 Image size of job updated: 340948
	333  -  MemoryUsage of job (MB)
	340948  -  ResidentSetSize of job (KB)
...
006 (4031466.459.000) 03/13 00:11:38 Image size of job updated: 425908
	416  -  MemoryUsage of job (MB)
	425908  -  ResidentSetSize of job (KB)
...
006 (4031466.459.000) 03/13 00:21:39 Image size of job updated: 425972
	416  -  MemoryUsage of job (MB)
	425972  -  ResidentSetSize of job (KB)
...
006 (4031466.459.000) 03/13 00:31:41 Image size of job updated: 425976
	416  -  MemoryUsage of job (MB)
	425976  -  ResidentSetSize of job (KB)
...
006 (4031466.459.000) 03/13 00:36:41 Image size of job updated: 425988
	417  -  MemoryUsage of job (MB)
	425988  -  ResidentSetSize of job (KB)
...
006 (4031466.459.000) 03/13 00:41:41 Image size of job updated: 426032
	417  -  MemoryUsage of job (MB)
	426032  -  ResidentSetSize of job (KB)
...
006 (4031466.459.000) 03/13 00:55:55 Image size of job updated: 790532
	417  -  MemoryUsage of job (MB)
	426032  -  ResidentSetSize of job (KB)
...
005 (4031466.459.000) 03/13 00:55:56 Job terminated.
	(1) Normal termination (return value 0)
		Usr 0 00:16:09, Sys 0 00:01:37  -  Run Remote Usage
		Usr 0 00:00:00, Sys 0 00:00:00  -  Run Local Usage
		Usr 0 00:16:09, Sys 0 00:01:37  -  Total Remote Usage
		Usr 0 00:00:00, Sys 0 00:00:00  -  Total Local Usage
	0  -  Run Bytes Sent By Job
	0  -  Run Bytes Received By Job
	0  -  Total Bytes Sent By Job
	0  -  Total Bytes Received By Job
	Partitionable Resources :    Usage  Request Allocated
	   Cpus                 :                 1         1
	   Disk (KB)            :        1        1  20459164
	   Memory (MB)          :      417        1      4022
...
000 (4044172.459.000) 03/13 19:21:22 Job submitted from host: <192.168.1.109:9618?addrs=192.168.1.109-9618+[--1]-9618&noUDP&sock=3153_969b_4>
...
001 (4044172.459.000) 03/13 19:22:03 Job executing on host: <192.168.1.43:9618?addrs=192.168.1.43-9618+[--1]-9618&noUDP&sock=3360_24bc_3>
...
006 (4044172.459.000) 03/13 19:22:11 Image size of job updated: 1608
	2  -  MemoryUsage of job (MB)
	1540  -  ResidentSetSize of job (KB)
...
006 (4044172.459.000) 03/13 19:27:11 Image size of job updated: 402668
	349  -  MemoryUsage of job (MB)
	357284  -  ResidentSetSize of job (KB)
...
006 (4044172.459.000) 03/13 19:32:12 Image size of job updated: 420724
	367  -  MemoryUsage of job (MB)
	375340  -  ResidentSetSize of job (KB)
...
006 (4044172.459.000) 03/13 19:37:12 Image size of job updated: 485396
	430  -  MemoryUsage of job (MB)
	440012  -  ResidentSetSize of job (KB)
...
006 (4044172.459.000) 03/13 19:42:12 Image size of job updated: 486036
	431  -  MemoryUsage of job (MB)
	440652  -  ResidentSetSize of job (KB)
...
006 (4044172.459.000) 03/13 19:52:14 Image size of job updated: 486040
	431  -  MemoryUsage of job (MB)
	440656  -  ResidentSetSize of job (KB)
...
006 (4044172.459.000) 03/13 19:57:14 Image size of job updated: 486052
	431  -  MemoryUsage of job (MB)
	440668  -  ResidentSetSize of job (KB)
...
006 (4044172.459.000) 03/13 20:02:15 Image size of job updated: 486120
	431  -  MemoryUsage of job (MB)
	440732  -  ResidentSetSize of job (KB)
...
005 (4044172.459.000) 03/13 20:12:56 Job terminated.
	(1) Normal termination (return value 0)
		Usr 0 00:15:45, Sys 0 00:01:50  -  Run Remote Usage
		Usr 0 00:00:00, Sys 0 00:00:00  -  Run Local Usage
		Usr 0 00:15:45, Sys 0 00:01:50  -  Total Remote Usage
		Usr 0 00:00:00, Sys 0 00:00:00  -  Total Local Usage
	0  -  Run Bytes Sent By Job
	0  -  Run Bytes Received By Job
	0  -  Total Bytes Sent By Job
	0  -  Total Bytes Received By Job
	Partitionable Resources :    Usage  Request Allocated
	   Cpus                 :                 1         1
	   Disk (KB)            :        1        1  20458450
	   Memory (MB)          :      431        1      4022
...
000 (4046522.459.000) 03/15 14:02:20 Job submitted from host: <192.168.1.109:9618?addrs=192.168.1.109-9618+[--1]-9618&noUDP&sock=3153_969b_4>
...
001 (4046522.459.000) 03/15 15:30:31 Job executing on host: <192.168.1.50:9618?addrs=192.168.1.50-9618+[--1]-9618&noUDP&sock=3247_5221_3>
...
006 (4046522.459.000) 03/15 15:30:40 Image size of job updated: 392376
	336  -  MemoryUsage of job (MB)
	343976  -  ResidentSetSize of job (KB)
...
006 (4046522.459.000) 03/15 15:35:41 Image size of job updated: 430508
	421  -  MemoryUsage of job (MB)
	430352  -  ResidentSetSize of job (KB)
...
006 (4046522.459.000) 03/15 15:40:41 Image size of job updated: 430552
	421  -  MemoryUsage of job (MB)
	430384  -  ResidentSetSize of job (KB)
...
006 (4046522.459.000) 03/15 15:45:41 Image size of job updated: 430604
	421  -  MemoryUsage of job (MB)
	430436  -  ResidentSetSize of job (KB)
...
006 (4046522.459.000) 03/15 15:55:15 Image size of job updated: 790912
	421  -  MemoryUsage of job (MB)
	430436  -  ResidentSetSize of job (KB)
...
005 (4046522.459.000) 03/15 15:55:15 Job terminated.
	(1) Normal termination (return value 0)
		Usr 0 00:20:28, Sys 0 00:02:01  -  Run Remote Usage
		Usr 0 00:00:00, Sys 0 00:00:00  -  Run Local Usage
		Usr 0 00:20:28, Sys 0 00:02:01  -  Total Remote Usage
		Usr 0 00:00:00, Sys 0 00:00:00  -  Total Local Usage
	0  -  Run Bytes Sent By Job
	0  -  Run Bytes Received By Job
	0  -  Total Bytes Sent By Job
	0  -  Total Bytes Received By Job
	Partitionable Resources :    Usage  Request Allocated
	   Cpus                 :                 1         1
	   Disk (KB)            :        1        1  28493273
	   Memory (MB)          :      421        1      4020
...
