000 (4031233.000.000) 03/12 14:28:34 Job submitted from host: <192.168.1.109:9618?addrs=192.168.1.109-9618+[--1]-9618&noUDP&sock=3153_969b_4>
...
001 (4031233.000.000) 03/12 14:28:49 Job executing on host: <192.168.1.45:9618?addrs=192.168.1.45-9618+[--1]-9618&noUDP&sock=3341_bd3f_3>
...
006 (4031233.000.000) 03/12 14:28:58 Image size of job updated: 1544
	2  -  MemoryUsage of job (MB)
	1544  -  ResidentSetSize of job (KB)
...
006 (4031233.000.000) 03/12 14:33:58 Image size of job updated: 165848
	161  -  MemoryUsage of job (MB)
	164160  -  ResidentSetSize of job (KB)
...
006 (4031233.000.000) 03/12 14:38:58 Image size of job updated: 340748
	332  -  MemoryUsage of job (MB)
	339060  -  ResidentSetSize of job (KB)
...
006 (4031233.000.000) 03/12 14:43:59 Image size of job updated: 340856
	332  -  MemoryUsage of job (MB)
	339168  -  ResidentSetSize of job (KB)
...
006 (4031233.000.000) 03/12 14:48:59 Image size of job updated: 340860
	332  -  MemoryUsage of job (MB)
	339172  -  ResidentSetSize of job (KB)
...
006 (4031233.000.000) 03/12 14:53:59 Image size of job updated: 340876
	332  -  MemoryUsage of job (MB)
	339188  -  ResidentSetSize of job (KB)
...
004 (4031233.000.000) 03/12 14:54:12 Job was evicted.
	(0) Job was not checkpointed.
		Usr 0 00:13:49, Sys 0 00:01:15  -  Run Remote Usage
		Usr 0 00:00:00, Sys 0 00:00:00  -  Run Local Usage
	0  -  Run Bytes Sent By Job
	0  -  Run Bytes Received By Job
	Partitionable Resources :    Usage  Request Allocated
	   Cpus                 :                 1         1
	   Disk (KB)            :        1        1  20460089
	   Memory (MB)          :      332        1      4022
...
009 (4031233.000.000) 03/12 14:54:13 Job was aborted by the user.
	via condor_rm (by user routray)
...
000 (4031234.000.000) 03/12 15:03:14 Job submitted from host: <192.168.1.109:9618?addrs=192.168.1.109-9618+[--1]-9618&noUDP&sock=3153_969b_4>
...
001 (4031234.000.000) 03/12 15:03:37 Job executing on host: <192.168.1.45:9618?addrs=192.168.1.45-9618+[--1]-9618&noUDP&sock=3341_bd3f_3>
...
006 (4031234.000.000) 03/12 15:03:45 Image size of job updated: 64088
	60  -  MemoryUsage of job (MB)
	61208  -  ResidentSetSize of job (KB)
...
006 (4031234.000.000) 03/12 15:08:45 Image size of job updated: 470528
	460  -  MemoryUsage of job (MB)
	470492  -  ResidentSetSize of job (KB)
...
006 (4031234.000.000) 03/12 15:12:50 Image size of job updated: 822672
	460  -  MemoryUsage of job (MB)
	470492  -  ResidentSetSize of job (KB)
...
004 (4031234.000.000) 03/12 15:12:50 Job was evicted.
	(0) Job was not checkpointed.
		Usr 0 00:07:17, Sys 0 00:00:39  -  Run Remote Usage
		Usr 0 00:00:00, Sys 0 00:00:00  -  Run Local Usage
	0  -  Run Bytes Sent By Job
	0  -  Run Bytes Received By Job
	Partitionable Resources :    Usage  Request Allocated
	   Cpus                 :                 1         1
	   Disk (KB)            :        1        1  20460089
	   Memory (MB)          :      460        1      4022
...
009 (4031234.000.000) 03/12 15:12:54 Job was aborted by the user.
	via condor_rm (by user routray)
...
000 (4031235.000.000) 03/12 15:16:44 Job submitted from host: <192.168.1.109:9618?addrs=192.168.1.109-9618+[--1]-9618&noUDP&sock=3153_969b_4>
...
001 (4031235.000.000) 03/12 15:16:57 Job executing on host: <192.168.1.45:9618?addrs=192.168.1.45-9618+[--1]-9618&noUDP&sock=3341_bd3f_3>
...
006 (4031235.000.000) 03/12 15:17:06 Image size of job updated: 121968
	119  -  MemoryUsage of job (MB)
	121144  -  ResidentSetSize of job (KB)
...
006 (4031235.000.000) 03/12 15:22:06 Image size of job updated: 465944
	455  -  MemoryUsage of job (MB)
	465120  -  ResidentSetSize of job (KB)
...
005 (4031235.000.000) 03/12 15:40:36 Job terminated.
	(1) Normal termination (return value 0)
		Usr 0 00:21:29, Sys 0 00:01:54  -  Run Remote Usage
		Usr 0 00:00:00, Sys 0 00:00:00  -  Run Local Usage
		Usr 0 00:21:29, Sys 0 00:01:54  -  Total Remote Usage
		Usr 0 00:00:00, Sys 0 00:00:00  -  Total Local Usage
	0  -  Run Bytes Sent By Job
	0  -  Run Bytes Received By Job
	0  -  Total Bytes Sent By Job
	0  -  Total Bytes Received By Job
	Partitionable Resources :    Usage  Request Allocated
	   Cpus                 :                 1         1
	   Disk (KB)            :        1        1  20460089
	   Memory (MB)          :      455        1      4022
...
000 (4031450.000.000) 03/12 16:23:12 Job submitted from host: <192.168.1.109:9618?addrs=192.168.1.109-9618+[--1]-9618&noUDP&sock=3153_969b_4>
...
001 (4031450.000.000) 03/12 16:23:34 Job executing on host: <192.168.1.45:9618?addrs=192.168.1.45-9618+[--1]-9618&noUDP&sock=3341_bd3f_3>
...
006 (4031450.000.000) 03/12 16:23:42 Image size of job updated: 65568
	64  -  MemoryUsage of job (MB)
	65144  -  ResidentSetSize of job (KB)
...
006 (4031450.000.000) 03/12 16:28:42 Image size of job updated: 460504
	449  -  MemoryUsage of job (MB)
	459660  -  ResidentSetSize of job (KB)
...
006 (4031450.000.000) 03/12 16:33:43 Image size of job updated: 460508
	449  -  MemoryUsage of job (MB)
	459664  -  ResidentSetSize of job (KB)
...
005 (4031450.000.000) 03/12 16:48:19 Job terminated.
	(1) Normal termination (return value 0)
		Usr 0 00:21:44, Sys 0 00:01:59  -  Run Remote Usage
		Usr 0 00:00:00, Sys 0 00:00:00  -  Run Local Usage
		Usr 0 00:21:44, Sys 0 00:01:59  -  Total Remote Usage
		Usr 0 00:00:00, Sys 0 00:00:00  -  Total Local Usage
	0  -  Run Bytes Sent By Job
	0  -  Run Bytes Received By Job
	0  -  Total Bytes Sent By Job
	0  -  Total Bytes Received By Job
	Partitionable Resources :    Usage  Request Allocated
	   Cpus                 :                 1         1
	   Disk (KB)            :        1        1  20460089
	   Memory (MB)          :      449        1      4022
...
000 (4031461.000.000) 03/12 18:25:46 Job submitted from host: <192.168.1.109:9618?addrs=192.168.1.109-9618+[--1]-9618&noUDP&sock=3153_969b_4>
...
001 (4031461.000.000) 03/12 18:25:56 Job executing on host: <192.168.1.45:9618?addrs=192.168.1.45-9618+[--1]-9618&noUDP&sock=3341_bd3f_3>
...
006 (4031461.000.000) 03/12 18:26:05 Image size of job updated: 44600
	42  -  MemoryUsage of job (MB)
	42924  -  ResidentSetSize of job (KB)
...
005 (4031461.000.000) 03/12 18:26:43 Job terminated.
	(1) Normal termination (return value 0)
		Usr 0 00:00:21, Sys 0 00:00:03  -  Run Remote Usage
		Usr 0 00:00:00, Sys 0 00:00:00  -  Run Local Usage
		Usr 0 00:00:21, Sys 0 00:00:03  -  Total Remote Usage
		Usr 0 00:00:00, Sys 0 00:00:00  -  Total Local Usage
	0  -  Run Bytes Sent By Job
	0  -  Run Bytes Received By Job
	0  -  Total Bytes Sent By Job
	0  -  Total Bytes Received By Job
	Partitionable Resources :    Usage  Request Allocated
	   Cpus                 :                 1         1
	   Disk (KB)            :        1        1  20460089
	   Memory (MB)          :       42        1      4022
...
000 (4031462.000.000) 03/12 20:10:16 Job submitted from host: <192.168.1.109:9618?addrs=192.168.1.109-9618+[--1]-9618&noUDP&sock=3153_969b_4>
...
001 (4031462.000.000) 03/12 20:10:38 Job executing on host: <192.168.1.45:9618?addrs=192.168.1.45-9618+[--1]-9618&noUDP&sock=3341_bd3f_3>
...
006 (4031462.000.000) 03/12 20:10:47 Image size of job updated: 78144
	76  -  MemoryUsage of job (MB)
	77144  -  ResidentSetSize of job (KB)
...
006 (4031462.000.000) 03/12 20:15:48 Image size of job updated: 426548
	416  -  MemoryUsage of job (MB)
	425148  -  ResidentSetSize of job (KB)
...
006 (4031462.000.000) 03/12 20:20:48 Image size of job updated: 427056
	416  -  MemoryUsage of job (MB)
	425656  -  ResidentSetSize of job (KB)
...
006 (4031462.000.000) 03/12 20:30:49 Image size of job updated: 427060
	416  -  MemoryUsage of job (MB)
	425660  -  ResidentSetSize of job (KB)
...
005 (4031462.000.000) 03/12 20:34:35 Job terminated.
	(1) Normal termination (return value 0)
		Usr 0 00:20:04, Sys 0 00:01:51  -  Run Remote Usage
		Usr 0 00:00:00, Sys 0 00:00:00  -  Run Local Usage
		Usr 0 00:20:04, Sys 0 00:01:51  -  Total Remote Usage
		Usr 0 00:00:00, Sys 0 00:00:00  -  Total Local Usage
	0  -  Run Bytes Sent By Job
	0  -  Run Bytes Received By Job
	0  -  Total Bytes Sent By Job
	0  -  Total Bytes Received By Job
	Partitionable Resources :    Usage  Request Allocated
	   Cpus                 :                 1         1
	   Disk (KB)            :        1        1  20460089
	   Memory (MB)          :      416        1      4022
...
000 (4031463.000.000) 03/12 21:35:07 Job submitted from host: <192.168.1.109:9618?addrs=192.168.1.109-9618+[--1]-9618&noUDP&sock=3153_969b_4>
...
001 (4031463.000.000) 03/12 21:35:40 Job executing on host: <192.168.1.45:9618?addrs=192.168.1.45-9618+[--1]-9618&noUDP&sock=3341_bd3f_3>
...
006 (4031463.000.000) 03/12 21:35:49 Image size of job updated: 4184
	5  -  MemoryUsage of job (MB)
	4184  -  ResidentSetSize of job (KB)
...
006 (4031463.000.000) 03/12 21:40:50 Image size of job updated: 450400
	435  -  MemoryUsage of job (MB)
	445428  -  ResidentSetSize of job (KB)
...
006 (4031463.000.000) 03/12 21:45:50 Image size of job updated: 451952
	437  -  MemoryUsage of job (MB)
	446980  -  ResidentSetSize of job (KB)
...
006 (4031463.000.000) 03/12 21:55:52 Image size of job updated: 451956
	437  -  MemoryUsage of job (MB)
	446984  -  ResidentSetSize of job (KB)
...
006 (4031463.000.000) 03/12 22:00:52 Image size of job updated: 490016
	474  -  MemoryUsage of job (MB)
	485044  -  ResidentSetSize of job (KB)
...
006 (4031463.000.000) 03/12 22:05:52 Image size of job updated: 490756
	475  -  MemoryUsage of job (MB)
	485780  -  ResidentSetSize of job (KB)
...
006 (4031463.000.000) 03/12 22:10:53 Image size of job updated: 608068
	594  -  MemoryUsage of job (MB)
	607968  -  ResidentSetSize of job (KB)
...
005 (4031463.000.000) 03/12 22:15:05 Job terminated.
	(1) Normal termination (return value 0)
		Usr 0 00:32:50, Sys 0 00:03:31  -  Run Remote Usage
		Usr 0 00:00:00, Sys 0 00:00:00  -  Run Local Usage
		Usr 0 00:32:50, Sys 0 00:03:31  -  Total Remote Usage
		Usr 0 00:00:00, Sys 0 00:00:00  -  Total Local Usage
	0  -  Run Bytes Sent By Job
	0  -  Run Bytes Received By Job
	0  -  Total Bytes Sent By Job
	0  -  Total Bytes Received By Job
	Partitionable Resources :    Usage  Request Allocated
	   Cpus                 :                 1         1
	   Disk (KB)            :        1        1  20460089
	   Memory (MB)          :      594        1      4022
...
000 (4031464.000.000) 03/12 22:37:43 Job submitted from host: <192.168.1.109:9618?addrs=192.168.1.109-9618+[--1]-9618&noUDP&sock=3153_969b_4>
...
001 (4031464.000.000) 03/12 22:37:46 Job executing on host: <192.168.1.45:9618?addrs=192.168.1.45-9618+[--1]-9618&noUDP&sock=3341_bd3f_3>
...
006 (4031464.000.000) 03/12 22:37:54 Image size of job updated: 38048
	37  -  MemoryUsage of job (MB)
	37348  -  ResidentSetSize of job (KB)
...
006 (4031464.000.000) 03/12 22:42:54 Image size of job updated: 449608
	439  -  MemoryUsage of job (MB)
	449044  -  ResidentSetSize of job (KB)
...
006 (4031464.000.000) 03/12 22:47:55 Image size of job updated: 449624
	439  -  MemoryUsage of job (MB)
	449060  -  ResidentSetSize of job (KB)
...
006 (4031464.000.000) 03/12 22:52:56 Image size of job updated: 449676
	439  -  MemoryUsage of job (MB)
	449112  -  ResidentSetSize of job (KB)
...
006 (4031464.000.000) 03/12 22:57:56 Image size of job updated: 449680
	439  -  MemoryUsage of job (MB)
	449116  -  ResidentSetSize of job (KB)
...
005 (4031464.000.000) 03/12 23:00:11 Job terminated.
	(1) Normal termination (return value 0)
		Usr 0 00:19:54, Sys 0 00:01:51  -  Run Remote Usage
		Usr 0 00:00:00, Sys 0 00:00:00  -  Run Local Usage
		Usr 0 00:19:54, Sys 0 00:01:51  -  Total Remote Usage
		Usr 0 00:00:00, Sys 0 00:00:00  -  Total Local Usage
	0  -  Run Bytes Sent By Job
	0  -  Run Bytes Received By Job
	0  -  Total Bytes Sent By Job
	0  -  Total Bytes Received By Job
	Partitionable Resources :    Usage  Request Allocated
	   Cpus                 :                 1         1
	   Disk (KB)            :        1        1  20460089
	   Memory (MB)          :      439        1      4022
...
000 (4031465.000.000) 03/12 23:18:12 Job submitted from host: <192.168.1.109:9618?addrs=192.168.1.109-9618+[--1]-9618&noUDP&sock=3153_969b_4>
...
001 (4031465.000.000) 03/12 23:18:14 Job executing on host: <192.168.1.45:9618?addrs=192.168.1.45-9618+[--1]-9618&noUDP&sock=3341_bd3f_3>
...
006 (4031465.000.000) 03/12 23:18:22 Image size of job updated: 59396
	58  -  MemoryUsage of job (MB)
	58964  -  ResidentSetSize of job (KB)
...
006 (4031465.000.000) 03/12 23:23:22 Image size of job updated: 438848
	420  -  MemoryUsage of job (MB)
	429964  -  ResidentSetSize of job (KB)
...
006 (4031465.000.000) 03/12 23:28:23 Image size of job updated: 439108
	421  -  MemoryUsage of job (MB)
	430224  -  ResidentSetSize of job (KB)
...
006 (4031465.000.000) 03/12 23:33:24 Image size of job updated: 439228
	421  -  MemoryUsage of job (MB)
	430344  -  ResidentSetSize of job (KB)
...
005 (4031465.000.000) 03/12 23:37:36 Job terminated.
	(1) Normal termination (return value 0)
		Usr 0 00:16:50, Sys 0 00:01:30  -  Run Remote Usage
		Usr 0 00:00:00, Sys 0 00:00:00  -  Run Local Usage
		Usr 0 00:16:50, Sys 0 00:01:30  -  Total Remote Usage
		Usr 0 00:00:00, Sys 0 00:00:00  -  Total Local Usage
	0  -  Run Bytes Sent By Job
	0  -  Run Bytes Received By Job
	0  -  Total Bytes Sent By Job
	0  -  Total Bytes Received By Job
	Partitionable Resources :    Usage  Request Allocated
	   Cpus                 :                 1         1
	   Disk (KB)            :        1        1  20460089
	   Memory (MB)          :      421        1      4022
...
000 (4031466.000.000) 03/13 00:00:40 Job submitted from host: <192.168.1.109:9618?addrs=192.168.1.109-9618+[--1]-9618&noUDP&sock=3153_969b_4>
...
001 (4031466.000.000) 03/13 00:01:07 Job executing on host: <192.168.1.45:9618?addrs=192.168.1.45-9618+[--1]-9618&noUDP&sock=3341_bd3f_3>
...
006 (4031466.000.000) 03/13 00:01:16 Image size of job updated: 64808
	63  -  MemoryUsage of job (MB)
	63620  -  ResidentSetSize of job (KB)
...
006 (4031466.000.000) 03/13 00:06:17 Image size of job updated: 347400
	340  -  MemoryUsage of job (MB)
	347400  -  ResidentSetSize of job (KB)
...
006 (4031466.000.000) 03/13 00:11:18 Image size of job updated: 433720
	424  -  MemoryUsage of job (MB)
	433720  -  ResidentSetSize of job (KB)
...
006 (4031466.000.000) 03/13 00:16:18 Image size of job updated: 434256
	425  -  MemoryUsage of job (MB)
	434256  -  ResidentSetSize of job (KB)
...
006 (4031466.000.000) 03/13 00:21:18 Image size of job updated: 434448
	425  -  MemoryUsage of job (MB)
	434448  -  ResidentSetSize of job (KB)
...
006 (4031466.000.000) 03/13 00:26:19 Image size of job updated: 434456
	425  -  MemoryUsage of job (MB)
	434456  -  ResidentSetSize of job (KB)
...
006 (4031466.000.000) 03/13 00:31:19 Image size of job updated: 434472
	425  -  MemoryUsage of job (MB)
	434472  -  ResidentSetSize of job (KB)
...
006 (4031466.000.000) 03/13 00:36:19 Image size of job updated: 434564
	425  -  MemoryUsage of job (MB)
	434564  -  ResidentSetSize of job (KB)
...
006 (4031466.000.000) 03/13 00:41:20 Image size of job updated: 434568
	425  -  MemoryUsage of job (MB)
	434568  -  ResidentSetSize of job (KB)
...
005 (4031466.000.000) 03/13 00:49:41 Job terminated.
	(1) Normal termination (return value 0)
		Usr 0 00:12:01, Sys 0 00:01:18  -  Run Remote Usage
		Usr 0 00:00:00, Sys 0 00:00:00  -  Run Local Usage
		Usr 0 00:12:01, Sys 0 00:01:18  -  Total Remote Usage
		Usr 0 00:00:00, Sys 0 00:00:00  -  Total Local Usage
	0  -  Run Bytes Sent By Job
	0  -  Run Bytes Received By Job
	0  -  Total Bytes Sent By Job
	0  -  Total Bytes Received By Job
	Partitionable Resources :    Usage  Request Allocated
	   Cpus                 :                 1         1
	   Disk (KB)            :        1        1  20460089
	   Memory (MB)          :      425        1      4022
...
000 (4044172.000.000) 03/13 19:21:17 Job submitted from host: <192.168.1.109:9618?addrs=192.168.1.109-9618+[--1]-9618&noUDP&sock=3153_969b_4>
...
001 (4044172.000.000) 03/13 19:21:42 Job executing on host: <192.168.1.45:9618?addrs=192.168.1.45-9618+[--1]-9618&noUDP&sock=3341_bd3f_3>
...
006 (4044172.000.000) 03/13 19:21:50 Image size of job updated: 93668
	92  -  MemoryUsage of job (MB)
	93664  -  ResidentSetSize of job (KB)
...
006 (4044172.000.000) 03/13 19:26:50 Image size of job updated: 348780
	341  -  MemoryUsage of job (MB)
	348640  -  ResidentSetSize of job (KB)
...
006 (4044172.000.000) 03/13 19:31:50 Image size of job updated: 432680
	423  -  MemoryUsage of job (MB)
	432540  -  ResidentSetSize of job (KB)
...
006 (4044172.000.000) 03/13 19:36:51 Image size of job updated: 433452
	424  -  MemoryUsage of job (MB)
	433312  -  ResidentSetSize of job (KB)
...
006 (4044172.000.000) 03/13 19:56:53 Image size of job updated: 469648
	459  -  MemoryUsage of job (MB)
	469648  -  ResidentSetSize of job (KB)
...
006 (4044172.000.000) 03/13 20:01:53 Image size of job updated: 472848
	462  -  MemoryUsage of job (MB)
	472848  -  ResidentSetSize of job (KB)
...
005 (4044172.000.000) 03/13 20:07:00 Job terminated.
	(1) Normal termination (return value 0)
		Usr 0 00:14:03, Sys 0 00:01:34  -  Run Remote Usage
		Usr 0 00:00:00, Sys 0 00:00:00  -  Run Local Usage
		Usr 0 00:14:03, Sys 0 00:01:34  -  Total Remote Usage
		Usr 0 00:00:00, Sys 0 00:00:00  -  Total Local Usage
	0  -  Run Bytes Sent By Job
	0  -  Run Bytes Received By Job
	0  -  Total Bytes Sent By Job
	0  -  Total Bytes Received By Job
	Partitionable Resources :    Usage  Request Allocated
	   Cpus                 :                 1         1
	   Disk (KB)            :        1        1  20460089
	   Memory (MB)          :      462        1      4022
...
000 (4044175.000.000) 03/13 20:53:38 Job submitted from host: <192.168.1.109:9618?addrs=192.168.1.109-9618+[--1]-9618&noUDP&sock=3153_969b_4>
...
001 (4044175.000.000) 03/13 20:53:54 Job executing on host: <192.168.1.45:9618?addrs=192.168.1.45-9618+[--1]-9618&noUDP&sock=3341_bd3f_3>
...
006 (4044175.000.000) 03/13 20:54:03 Image size of job updated: 180916
	177  -  MemoryUsage of job (MB)
	180916  -  ResidentSetSize of job (KB)
...
006 (4044175.000.000) 03/13 20:59:04 Image size of job updated: 427540
	418  -  MemoryUsage of job (MB)
	427216  -  ResidentSetSize of job (KB)
...
006 (4044175.000.000) 03/13 21:04:04 Image size of job updated: 427540
	418  -  MemoryUsage of job (MB)
	427432  -  ResidentSetSize of job (KB)
...
006 (4044175.000.000) 03/13 21:09:04 Image size of job updated: 427596
	418  -  MemoryUsage of job (MB)
	427496  -  ResidentSetSize of job (KB)
...
006 (4044175.000.000) 03/13 21:14:05 Image size of job updated: 427644
	418  -  MemoryUsage of job (MB)
	427524  -  ResidentSetSize of job (KB)
...
005 (4044175.000.000) 03/13 21:16:49 Job terminated.
	(1) Normal termination (return value 0)
		Usr 0 00:19:39, Sys 0 00:01:59  -  Run Remote Usage
		Usr 0 00:00:00, Sys 0 00:00:00  -  Run Local Usage
		Usr 0 00:19:39, Sys 0 00:01:59  -  Total Remote Usage
		Usr 0 00:00:00, Sys 0 00:00:00  -  Total Local Usage
	0  -  Run Bytes Sent By Job
	0  -  Run Bytes Received By Job
	0  -  Total Bytes Sent By Job
	0  -  Total Bytes Received By Job
	Partitionable Resources :    Usage  Request Allocated
	   Cpus                 :                 1         1
	   Disk (KB)            :        1        1  20460088
	   Memory (MB)          :      418        1      4022
...
000 (4045912.000.000) 03/14 19:19:22 Job submitted from host: <192.168.1.109:9618?addrs=192.168.1.109-9618+[--1]-9618&noUDP&sock=3153_969b_4>
...
000 (4046521.000.000) 03/15 13:40:07 Job submitted from host: <192.168.1.109:9618?addrs=192.168.1.109-9618+[--1]-9618&noUDP&sock=3153_969b_4>
...
001 (4045912.000.000) 03/15 13:56:37 Job executing on host: <192.168.1.47:9618?addrs=192.168.1.47-9618+[--1]-9618&noUDP&sock=3245_a288_3>
...
006 (4045912.000.000) 03/15 13:56:45 Image size of job updated: 373548
	363  -  MemoryUsage of job (MB)
	371156  -  ResidentSetSize of job (KB)
...
009 (4046521.000.000) 03/15 13:56:54 Job was aborted by the user.
	via condor_rm (by user routray)
...
006 (4045912.000.000) 03/15 13:57:08 Image size of job updated: 800184
	363  -  MemoryUsage of job (MB)
	371156  -  ResidentSetSize of job (KB)
...
004 (4045912.000.000) 03/15 13:57:08 Job was evicted.
	(0) Job was not checkpointed.
		Usr 0 00:00:24, Sys 0 00:00:03  -  Run Remote Usage
		Usr 0 00:00:00, Sys 0 00:00:00  -  Run Local Usage
	0  -  Run Bytes Sent By Job
	0  -  Run Bytes Received By Job
	Partitionable Resources :    Usage  Request Allocated
	   Cpus                 :                 1         1
	   Disk (KB)            :        1        1  28493856
	   Memory (MB)          :      363        1      4020
...
009 (4045912.000.000) 03/15 13:57:08 Job was aborted by the user.
	via condor_rm (by user routray)
...
000 (4046522.000.000) 03/15 14:02:14 Job submitted from host: <192.168.1.109:9618?addrs=192.168.1.109-9618+[--1]-9618&noUDP&sock=3153_969b_4>
...
001 (4046522.000.000) 03/15 14:08:49 Job executing on host: <192.168.1.40:9618?addrs=192.168.1.40-9618+[--1]-9618&noUDP&sock=3366_a17e_3>
...
006 (4046522.000.000) 03/15 14:08:58 Image size of job updated: 247108
	161  -  MemoryUsage of job (MB)
	164652  -  ResidentSetSize of job (KB)
...
006 (4046522.000.000) 03/15 14:13:59 Image size of job updated: 330872
	320  -  MemoryUsage of job (MB)
	326992  -  ResidentSetSize of job (KB)
...
006 (4046522.000.000) 03/15 14:19:00 Image size of job updated: 331640
	321  -  MemoryUsage of job (MB)
	327760  -  ResidentSetSize of job (KB)
...
005 (4046522.000.000) 03/15 14:23:43 Job terminated.
	(1) Normal termination (return value 0)
		Usr 0 00:13:21, Sys 0 00:01:25  -  Run Remote Usage
		Usr 0 00:00:00, Sys 0 00:00:00  -  Run Local Usage
		Usr 0 00:13:21, Sys 0 00:01:25  -  Total Remote Usage
		Usr 0 00:00:00, Sys 0 00:00:00  -  Total Local Usage
	0  -  Run Bytes Sent By Job
	0  -  Run Bytes Received By Job
	0  -  Total Bytes Sent By Job
	0  -  Total Bytes Received By Job
	Partitionable Resources :    Usage  Request Allocated
	   Cpus                 :                 1         1
	   Disk (KB)            :        1        1  20457847
	   Memory (MB)          :      321        1      4022
...
000 (4046529.000.000) 03/15 16:30:18 Job submitted from host: <192.168.1.109:9618?addrs=192.168.1.109-9618+[--1]-9618&noUDP&sock=3153_969b_4>
...
001 (4046529.000.000) 03/15 16:30:37 Job executing on host: <192.168.1.45:9618?addrs=192.168.1.45-9618+[--1]-9618&noUDP&sock=3341_bd3f_3>
...
006 (4046529.000.000) 03/15 16:30:46 Image size of job updated: 290924
	284  -  MemoryUsage of job (MB)
	290164  -  ResidentSetSize of job (KB)
...
006 (4046529.000.000) 03/15 16:35:47 Image size of job updated: 435892
	426  -  MemoryUsage of job (MB)
	435688  -  ResidentSetSize of job (KB)
...
006 (4046529.000.000) 03/15 16:45:48 Image size of job updated: 435892
	426  -  MemoryUsage of job (MB)
	435736  -  ResidentSetSize of job (KB)
...
006 (4046529.000.000) 03/15 16:50:49 Image size of job updated: 435892
	426  -  MemoryUsage of job (MB)
	435772  -  ResidentSetSize of job (KB)
...
006 (4046529.000.000) 03/15 16:55:50 Image size of job updated: 436136
	426  -  MemoryUsage of job (MB)
	435772  -  ResidentSetSize of job (KB)
...
005 (4046529.000.000) 03/15 16:57:33 Job terminated.
	(1) Normal termination (return value 0)
		Usr 0 00:23:43, Sys 0 00:02:09  -  Run Remote Usage
		Usr 0 00:00:00, Sys 0 00:00:00  -  Run Local Usage
		Usr 0 00:23:43, Sys 0 00:02:09  -  Total Remote Usage
		Usr 0 00:00:00, Sys 0 00:00:00  -  Total Local Usage
	0  -  Run Bytes Sent By Job
	0  -  Run Bytes Received By Job
	0  -  Total Bytes Sent By Job
	0  -  Total Bytes Received By Job
	Partitionable Resources :    Usage  Request Allocated
	   Cpus                 :                 1         1
	   Disk (KB)            :        1        1  20460088
	   Memory (MB)          :      426        1      4022
...
000 (4046534.000.000) 03/15 17:39:02 Job submitted from host: <192.168.1.109:9618?addrs=192.168.1.109-9618+[--1]-9618&noUDP&sock=3153_969b_4>
...
001 (4046534.000.000) 03/15 17:39:13 Job executing on host: <192.168.1.45:9618?addrs=192.168.1.45-9618+[--1]-9618&noUDP&sock=3341_bd3f_3>
...
006 (4046534.000.000) 03/15 17:39:22 Image size of job updated: 141700
	139  -  MemoryUsage of job (MB)
	141600  -  ResidentSetSize of job (KB)
...
006 (4046534.000.000) 03/15 17:44:22 Image size of job updated: 452788
	443  -  MemoryUsage of job (MB)
	452772  -  ResidentSetSize of job (KB)
...
006 (4046534.000.000) 03/15 18:08:21 Image size of job updated: 574936
	443  -  MemoryUsage of job (MB)
	452772  -  ResidentSetSize of job (KB)
...
005 (4046534.000.000) 03/15 18:08:21 Job terminated.
	(1) Normal termination (return value 0)
		Usr 0 00:26:08, Sys 0 00:02:30  -  Run Remote Usage
		Usr 0 00:00:00, Sys 0 00:00:00  -  Run Local Usage
		Usr 0 00:26:08, Sys 0 00:02:30  -  Total Remote Usage
		Usr 0 00:00:00, Sys 0 00:00:00  -  Total Local Usage
	0  -  Run Bytes Sent By Job
	0  -  Run Bytes Received By Job
	0  -  Total Bytes Sent By Job
	0  -  Total Bytes Received By Job
	Partitionable Resources :    Usage  Request Allocated
	   Cpus                 :                 1         1
	   Disk (KB)            :        1        1  20460089
	   Memory (MB)          :      443        1      4022
...
000 (4046570.000.000) 03/15 18:56:23 Job submitted from host: <192.168.1.109:9618?addrs=192.168.1.109-9618+[--1]-9618&noUDP&sock=3153_969b_4>
...
001 (4046570.000.000) 03/15 18:56:35 Job executing on host: <192.168.1.39:9618?addrs=192.168.1.39-9618+[--1]-9618&noUDP&sock=3239_16fe_3>
...
006 (4046570.000.000) 03/15 18:56:44 Image size of job updated: 393456
	341  -  MemoryUsage of job (MB)
	348756  -  ResidentSetSize of job (KB)
...
006 (4046570.000.000) 03/15 19:01:45 Image size of job updated: 487960
	433  -  MemoryUsage of job (MB)
	443256  -  ResidentSetSize of job (KB)
...
006 (4046570.000.000) 03/15 19:06:46 Image size of job updated: 488036
	433  -  MemoryUsage of job (MB)
	443332  -  ResidentSetSize of job (KB)
...
006 (4046570.000.000) 03/15 19:11:46 Image size of job updated: 527416
	472  -  MemoryUsage of job (MB)
	482712  -  ResidentSetSize of job (KB)
...
005 (4046570.000.000) 03/15 19:25:19 Job terminated.
	(1) Normal termination (return value 0)
		Usr 0 00:25:06, Sys 0 00:02:48  -  Run Remote Usage
		Usr 0 00:00:00, Sys 0 00:00:00  -  Run Local Usage
		Usr 0 00:25:06, Sys 0 00:02:48  -  Total Remote Usage
		Usr 0 00:00:00, Sys 0 00:00:00  -  Total Local Usage
	0  -  Run Bytes Sent By Job
	0  -  Run Bytes Received By Job
	0  -  Total Bytes Sent By Job
	0  -  Total Bytes Received By Job
	Partitionable Resources :    Usage  Request Allocated
	   Cpus                 :                 1         1
	   Disk (KB)            :        1        1  20460460
	   Memory (MB)          :      472        1      4022
...
