000 (4031233.058.000) 03/12 14:28:35 Job submitted from host: <192.168.1.109:9618?addrs=192.168.1.109-9618+[--1]-9618&noUDP&sock=3153_969b_4>
...
001 (4031233.058.000) 03/12 14:28:49 Job executing on host: <192.168.1.40:9618?addrs=192.168.1.40-9618+[--1]-9618&noUDP&sock=3366_a17e_3>
...
006 (4031233.058.000) 03/12 14:28:58 Image size of job updated: 170244
	161  -  MemoryUsage of job (MB)
	164664  -  ResidentSetSize of job (KB)
...
006 (4031233.058.000) 03/12 14:33:59 Image size of job updated: 338372
	325  -  MemoryUsage of job (MB)
	332792  -  ResidentSetSize of job (KB)
...
006 (4031233.058.000) 03/12 14:39:00 Image size of job updated: 338384
	326  -  MemoryUsage of job (MB)
	332804  -  ResidentSetSize of job (KB)
...
006 (4031233.058.000) 03/12 14:44:00 Image size of job updated: 338388
	326  -  MemoryUsage of job (MB)
	332808  -  ResidentSetSize of job (KB)
...
005 (4031233.058.000) 03/12 14:50:09 Job terminated.
	(1) Normal termination (return value 0)
		Usr 0 00:18:50, Sys 0 00:01:53  -  Run Remote Usage
		Usr 0 00:00:00, Sys 0 00:00:00  -  Run Local Usage
		Usr 0 00:18:50, Sys 0 00:01:53  -  Total Remote Usage
		Usr 0 00:00:00, Sys 0 00:00:00  -  Total Local Usage
	0  -  Run Bytes Sent By Job
	0  -  Run Bytes Received By Job
	0  -  Total Bytes Sent By Job
	0  -  Total Bytes Received By Job
	Partitionable Resources :    Usage  Request Allocated
	   Cpus                 :                 1         1
	   Disk (KB)            :        1        1  20457847
	   Memory (MB)          :      326        1      4022
...
000 (4031234.058.000) 03/12 15:03:14 Job submitted from host: <192.168.1.109:9618?addrs=192.168.1.109-9618+[--1]-9618&noUDP&sock=3153_969b_4>
...
001 (4031234.058.000) 03/12 15:03:40 Job executing on host: <192.168.1.53:9618?addrs=192.168.1.53-9618+[--1]-9618&noUDP&sock=3369_5fdf_35>
...
006 (4031234.058.000) 03/12 15:03:49 Image size of job updated: 438156
	346  -  MemoryUsage of job (MB)
	353752  -  ResidentSetSize of job (KB)
...
006 (4031234.058.000) 03/12 15:08:50 Image size of job updated: 448684
	437  -  MemoryUsage of job (MB)
	446756  -  ResidentSetSize of job (KB)
...
004 (4031234.058.000) 03/12 15:12:48 Job was evicted.
	(0) Job was not checkpointed.
		Usr 0 00:08:08, Sys 0 00:00:48  -  Run Remote Usage
		Usr 0 00:00:00, Sys 0 00:00:00  -  Run Local Usage
	0  -  Run Bytes Sent By Job
	0  -  Run Bytes Received By Job
	Partitionable Resources :    Usage  Request Allocated
	   Cpus                 :                 1         1
	   Disk (KB)            :        1        1  22662182
	   Memory (MB)          :      437        1      4001
...
009 (4031234.058.000) 03/12 15:12:51 Job was aborted by the user.
	via condor_rm (by user routray)
...
000 (4031235.058.000) 03/12 15:16:44 Job submitted from host: <192.168.1.109:9618?addrs=192.168.1.109-9618+[--1]-9618&noUDP&sock=3153_969b_4>
...
001 (4031235.058.000) 03/12 15:17:01 Job executing on host: <192.168.1.44:9618?addrs=192.168.1.44-9618+[--1]-9618&noUDP&sock=3035_ca7b_3>
...
006 (4031235.058.000) 03/12 15:17:09 Image size of job updated: 169796
	161  -  MemoryUsage of job (MB)
	164636  -  ResidentSetSize of job (KB)
...
006 (4031235.058.000) 03/12 15:22:09 Image size of job updated: 338584
	326  -  MemoryUsage of job (MB)
	333424  -  ResidentSetSize of job (KB)
...
006 (4031235.058.000) 03/12 15:27:10 Image size of job updated: 338596
	326  -  MemoryUsage of job (MB)
	333436  -  ResidentSetSize of job (KB)
...
005 (4031235.058.000) 03/12 15:36:14 Job terminated.
	(1) Normal termination (return value 0)
		Usr 0 00:16:57, Sys 0 00:01:59  -  Run Remote Usage
		Usr 0 00:00:00, Sys 0 00:00:00  -  Run Local Usage
		Usr 0 00:16:57, Sys 0 00:01:59  -  Total Remote Usage
		Usr 0 00:00:00, Sys 0 00:00:00  -  Total Local Usage
	0  -  Run Bytes Sent By Job
	0  -  Run Bytes Received By Job
	0  -  Total Bytes Sent By Job
	0  -  Total Bytes Received By Job
	Partitionable Resources :    Usage  Request Allocated
	   Cpus                 :                 1         1
	   Disk (KB)            :        1        1  20458817
	   Memory (MB)          :      326        1      4022
...
000 (4031450.058.000) 03/12 16:23:12 Job submitted from host: <192.168.1.109:9618?addrs=192.168.1.109-9618+[--1]-9618&noUDP&sock=3153_969b_4>
...
001 (4031450.058.000) 03/12 16:23:36 Job executing on host: <192.168.1.41:9618?addrs=192.168.1.41-9618+[--1]-9618&noUDP&sock=3368_a17e_3>
...
006 (4031450.058.000) 03/12 16:23:45 Image size of job updated: 180744
	161  -  MemoryUsage of job (MB)
	164704  -  ResidentSetSize of job (KB)
...
006 (4031450.058.000) 03/12 16:28:46 Image size of job updated: 353548
	330  -  MemoryUsage of job (MB)
	337508  -  ResidentSetSize of job (KB)
...
006 (4031450.058.000) 03/12 16:33:46 Image size of job updated: 353564
	330  -  MemoryUsage of job (MB)
	337524  -  ResidentSetSize of job (KB)
...
005 (4031450.058.000) 03/12 16:38:23 Job terminated.
	(1) Normal termination (return value 0)
		Usr 0 00:13:00, Sys 0 00:01:23  -  Run Remote Usage
		Usr 0 00:00:00, Sys 0 00:00:00  -  Run Local Usage
		Usr 0 00:13:00, Sys 0 00:01:23  -  Total Remote Usage
		Usr 0 00:00:00, Sys 0 00:00:00  -  Total Local Usage
	0  -  Run Bytes Sent By Job
	0  -  Run Bytes Received By Job
	0  -  Total Bytes Sent By Job
	0  -  Total Bytes Received By Job
	Partitionable Resources :    Usage  Request Allocated
	   Cpus                 :                 1         1
	   Disk (KB)            :        1        1  20458618
	   Memory (MB)          :      330        1      4022
...
000 (4031461.058.000) 03/12 18:25:46 Job submitted from host: <192.168.1.109:9618?addrs=192.168.1.109-9618+[--1]-9618&noUDP&sock=3153_969b_4>
...
001 (4031461.058.000) 03/12 18:25:59 Job executing on host: <192.168.1.61:9618?addrs=192.168.1.61-9618+[--1]-9618&noUDP&sock=3335_bd3f_11>
...
006 (4031461.058.000) 03/12 18:26:07 Image size of job updated: 283564
	255  -  MemoryUsage of job (MB)
	260476  -  ResidentSetSize of job (KB)
...
006 (4031461.058.000) 03/12 18:31:07 Image size of job updated: 430360
	398  -  MemoryUsage of job (MB)
	407216  -  ResidentSetSize of job (KB)
...
006 (4031461.058.000) 03/12 18:36:08 Image size of job updated: 430416
	398  -  MemoryUsage of job (MB)
	407272  -  ResidentSetSize of job (KB)
...
006 (4031461.058.000) 03/12 18:41:08 Image size of job updated: 430420
	398  -  MemoryUsage of job (MB)
	407276  -  ResidentSetSize of job (KB)
...
006 (4031461.058.000) 03/12 18:46:08 Image size of job updated: 430428
	398  -  MemoryUsage of job (MB)
	407284  -  ResidentSetSize of job (KB)
...
006 (4031461.058.000) 03/12 18:51:10 Image size of job updated: 430440
	398  -  MemoryUsage of job (MB)
	407296  -  ResidentSetSize of job (KB)
...
005 (4031461.058.000) 03/12 18:59:20 Job terminated.
	(1) Normal termination (return value 0)
		Usr 0 00:29:57, Sys 0 00:02:52  -  Run Remote Usage
		Usr 0 00:00:00, Sys 0 00:00:00  -  Run Local Usage
		Usr 0 00:29:57, Sys 0 00:02:52  -  Total Remote Usage
		Usr 0 00:00:00, Sys 0 00:00:00  -  Total Local Usage
	0  -  Run Bytes Sent By Job
	0  -  Run Bytes Received By Job
	0  -  Total Bytes Sent By Job
	0  -  Total Bytes Received By Job
	Partitionable Resources :    Usage  Request Allocated
	   Cpus                 :                 1         1
	   Disk (KB)            :        1        1  22662097
	   Memory (MB)          :      398        1      4001
...
000 (4031462.058.000) 03/12 20:10:16 Job submitted from host: <192.168.1.109:9618?addrs=192.168.1.109-9618+[--1]-9618&noUDP&sock=3153_969b_4>
...
001 (4031462.058.000) 03/12 20:10:41 Job executing on host: <192.168.1.44:9618?addrs=192.168.1.44-9618+[--1]-9618&noUDP&sock=3035_ca7b_3>
...
006 (4031462.058.000) 03/12 20:10:50 Image size of job updated: 215256
	208  -  MemoryUsage of job (MB)
	212208  -  ResidentSetSize of job (KB)
...
006 (4031462.058.000) 03/12 20:15:51 Image size of job updated: 390204
	379  -  MemoryUsage of job (MB)
	387096  -  ResidentSetSize of job (KB)
...
006 (4031462.058.000) 03/12 20:20:52 Image size of job updated: 390208
	379  -  MemoryUsage of job (MB)
	387108  -  ResidentSetSize of job (KB)
...
005 (4031462.058.000) 03/12 20:22:14 Job terminated.
	(1) Normal termination (return value 0)
		Usr 0 00:09:49, Sys 0 00:01:09  -  Run Remote Usage
		Usr 0 00:00:00, Sys 0 00:00:00  -  Run Local Usage
		Usr 0 00:09:49, Sys 0 00:01:09  -  Total Remote Usage
		Usr 0 00:00:00, Sys 0 00:00:00  -  Total Local Usage
	0  -  Run Bytes Sent By Job
	0  -  Run Bytes Received By Job
	0  -  Total Bytes Sent By Job
	0  -  Total Bytes Received By Job
	Partitionable Resources :    Usage  Request Allocated
	   Cpus                 :                 1         1
	   Disk (KB)            :        1        1  20458817
	   Memory (MB)          :      379        1      4022
...
000 (4031463.058.000) 03/12 21:35:09 Job submitted from host: <192.168.1.109:9618?addrs=192.168.1.109-9618+[--1]-9618&noUDP&sock=3153_969b_4>
...
001 (4031463.058.000) 03/12 21:35:43 Job executing on host: <192.168.1.42:9618?addrs=192.168.1.42-9618+[--1]-9618&noUDP&sock=3360_3385_3>
...
006 (4031463.058.000) 03/12 21:35:51 Image size of job updated: 4476
	5  -  MemoryUsage of job (MB)
	4420  -  ResidentSetSize of job (KB)
...
006 (4031463.058.000) 03/12 21:40:51 Image size of job updated: 437884
	419  -  MemoryUsage of job (MB)
	428992  -  ResidentSetSize of job (KB)
...
005 (4031463.058.000) 03/12 21:46:16 Job terminated.
	(1) Normal termination (return value 0)
		Usr 0 00:08:05, Sys 0 00:00:55  -  Run Remote Usage
		Usr 0 00:00:00, Sys 0 00:00:00  -  Run Local Usage
		Usr 0 00:08:05, Sys 0 00:00:55  -  Total Remote Usage
		Usr 0 00:00:00, Sys 0 00:00:00  -  Total Local Usage
	0  -  Run Bytes Sent By Job
	0  -  Run Bytes Received By Job
	0  -  Total Bytes Sent By Job
	0  -  Total Bytes Received By Job
	Partitionable Resources :    Usage  Request Allocated
	   Cpus                 :                 1         1
	   Disk (KB)            :        1        1  20458262
	   Memory (MB)          :      419        1      4022
...
000 (4031464.058.000) 03/12 22:37:43 Job submitted from host: <192.168.1.109:9618?addrs=192.168.1.109-9618+[--1]-9618&noUDP&sock=3153_969b_4>
...
001 (4031464.058.000) 03/12 22:37:48 Job executing on host: <192.168.1.44:9618?addrs=192.168.1.44-9618+[--1]-9618&noUDP&sock=3035_ca7b_3>
...
006 (4031464.058.000) 03/12 22:37:57 Image size of job updated: 439352
	347  -  MemoryUsage of job (MB)
	354980  -  ResidentSetSize of job (KB)
...
006 (4031464.058.000) 03/12 22:42:58 Image size of job updated: 520144
	426  -  MemoryUsage of job (MB)
	435744  -  ResidentSetSize of job (KB)
...
006 (4031464.058.000) 03/12 22:46:54 Image size of job updated: 553536
	426  -  MemoryUsage of job (MB)
	435744  -  ResidentSetSize of job (KB)
...
005 (4031464.058.000) 03/12 22:46:54 Job terminated.
	(1) Normal termination (return value 0)
		Usr 0 00:07:59, Sys 0 00:00:50  -  Run Remote Usage
		Usr 0 00:00:00, Sys 0 00:00:00  -  Run Local Usage
		Usr 0 00:07:59, Sys 0 00:00:50  -  Total Remote Usage
		Usr 0 00:00:00, Sys 0 00:00:00  -  Total Local Usage
	0  -  Run Bytes Sent By Job
	0  -  Run Bytes Received By Job
	0  -  Total Bytes Sent By Job
	0  -  Total Bytes Received By Job
	Partitionable Resources :    Usage  Request Allocated
	   Cpus                 :                 1         1
	   Disk (KB)            :        1        1  20458817
	   Memory (MB)          :      426        1      4022
...
000 (4031465.058.000) 03/12 23:18:12 Job submitted from host: <192.168.1.109:9618?addrs=192.168.1.109-9618+[--1]-9618&noUDP&sock=3153_969b_4>
...
001 (4031465.058.000) 03/12 23:18:16 Job executing on host: <192.168.1.62:9618?addrs=192.168.1.62-9618+[--1]-9618&noUDP&sock=2992_c8ab_24>
...
006 (4031465.058.000) 03/12 23:18:25 Image size of job updated: 383284
	345  -  MemoryUsage of job (MB)
	352576  -  ResidentSetSize of job (KB)
...
006 (4031465.058.000) 03/12 23:23:26 Image size of job updated: 475532
	435  -  MemoryUsage of job (MB)
	444824  -  ResidentSetSize of job (KB)
...
006 (4031465.058.000) 03/12 23:28:26 Image size of job updated: 509376
	468  -  MemoryUsage of job (MB)
	478668  -  ResidentSetSize of job (KB)
...
006 (4031465.058.000) 03/12 23:48:28 Image size of job updated: 511192
	470  -  MemoryUsage of job (MB)
	480484  -  ResidentSetSize of job (KB)
...
005 (4031465.058.000) 03/12 23:52:25 Job terminated.
	(1) Normal termination (return value 0)
		Usr 0 00:31:00, Sys 0 00:02:49  -  Run Remote Usage
		Usr 0 00:00:00, Sys 0 00:00:00  -  Run Local Usage
		Usr 0 00:31:00, Sys 0 00:02:49  -  Total Remote Usage
		Usr 0 00:00:00, Sys 0 00:00:00  -  Total Local Usage
	0  -  Run Bytes Sent By Job
	0  -  Run Bytes Received By Job
	0  -  Total Bytes Sent By Job
	0  -  Total Bytes Received By Job
	Partitionable Resources :    Usage  Request Allocated
	   Cpus                 :                 1         1
	   Disk (KB)            :        1        1  22663505
	   Memory (MB)          :      470        1      4001
...
000 (4031466.058.000) 03/13 00:00:40 Job submitted from host: <192.168.1.109:9618?addrs=192.168.1.109-9618+[--1]-9618&noUDP&sock=3153_969b_4>
...
001 (4031466.058.000) 03/13 00:01:10 Job executing on host: <192.168.1.42:9618?addrs=192.168.1.42-9618+[--1]-9618&noUDP&sock=3360_3385_3>
...
006 (4031466.058.000) 03/13 00:01:18 Image size of job updated: 295160
	282  -  MemoryUsage of job (MB)
	288140  -  ResidentSetSize of job (KB)
...
006 (4031466.058.000) 03/13 00:06:18 Image size of job updated: 421696
	412  -  MemoryUsage of job (MB)
	421696  -  ResidentSetSize of job (KB)
...
006 (4031466.058.000) 03/13 00:16:20 Image size of job updated: 422060
	413  -  MemoryUsage of job (MB)
	422060  -  ResidentSetSize of job (KB)
...
006 (4031466.058.000) 03/13 00:21:20 Image size of job updated: 422068
	413  -  MemoryUsage of job (MB)
	422068  -  ResidentSetSize of job (KB)
...
006 (4031466.058.000) 03/13 00:26:21 Image size of job updated: 422120
	413  -  MemoryUsage of job (MB)
	422120  -  ResidentSetSize of job (KB)
...
006 (4031466.058.000) 03/13 00:31:22 Image size of job updated: 422128
	413  -  MemoryUsage of job (MB)
	422128  -  ResidentSetSize of job (KB)
...
006 (4031466.058.000) 03/13 00:36:22 Image size of job updated: 422228
	413  -  MemoryUsage of job (MB)
	422228  -  ResidentSetSize of job (KB)
...
006 (4031466.058.000) 03/13 00:41:22 Image size of job updated: 460060
	450  -  MemoryUsage of job (MB)
	460060  -  ResidentSetSize of job (KB)
...
006 (4031466.058.000) 03/13 00:45:58 Image size of job updated: 785244
	450  -  MemoryUsage of job (MB)
	460060  -  ResidentSetSize of job (KB)
...
005 (4031466.058.000) 03/13 00:45:58 Job terminated.
	(1) Normal termination (return value 0)
		Usr 0 00:09:05, Sys 0 00:01:02  -  Run Remote Usage
		Usr 0 00:00:00, Sys 0 00:00:00  -  Run Local Usage
		Usr 0 00:09:05, Sys 0 00:01:02  -  Total Remote Usage
		Usr 0 00:00:00, Sys 0 00:00:00  -  Total Local Usage
	0  -  Run Bytes Sent By Job
	0  -  Run Bytes Received By Job
	0  -  Total Bytes Sent By Job
	0  -  Total Bytes Received By Job
	Partitionable Resources :    Usage  Request Allocated
	   Cpus                 :                 1         1
	   Disk (KB)            :        1        1  20458262
	   Memory (MB)          :      450        1      4022
...
000 (4044172.058.000) 03/13 19:21:18 Job submitted from host: <192.168.1.109:9618?addrs=192.168.1.109-9618+[--1]-9618&noUDP&sock=3153_969b_4>
...
001 (4044172.058.000) 03/13 19:21:44 Job executing on host: <192.168.1.42:9618?addrs=192.168.1.42-9618+[--1]-9618&noUDP&sock=3360_3385_3>
...
006 (4044172.058.000) 03/13 19:21:53 Image size of job updated: 344356
	333  -  MemoryUsage of job (MB)
	340420  -  ResidentSetSize of job (KB)
...
006 (4044172.058.000) 03/13 19:26:53 Image size of job updated: 425436
	415  -  MemoryUsage of job (MB)
	424312  -  ResidentSetSize of job (KB)
...
006 (4044172.058.000) 03/13 19:31:53 Image size of job updated: 426148
	416  -  MemoryUsage of job (MB)
	425024  -  ResidentSetSize of job (KB)
...
006 (4044172.058.000) 03/13 19:36:54 Image size of job updated: 426156
	416  -  MemoryUsage of job (MB)
	425032  -  ResidentSetSize of job (KB)
...
006 (4044172.058.000) 03/13 19:41:55 Image size of job updated: 426208
	416  -  MemoryUsage of job (MB)
	425084  -  ResidentSetSize of job (KB)
...
006 (4044172.058.000) 03/13 19:46:55 Image size of job updated: 426228
	416  -  MemoryUsage of job (MB)
	425104  -  ResidentSetSize of job (KB)
...
006 (4044172.058.000) 03/13 19:51:56 Image size of job updated: 426228
	416  -  MemoryUsage of job (MB)
	425116  -  ResidentSetSize of job (KB)
...
005 (4044172.058.000) 03/13 20:01:50 Job terminated.
	(1) Normal termination (return value 0)
		Usr 0 00:10:14, Sys 0 00:01:17  -  Run Remote Usage
		Usr 0 00:00:00, Sys 0 00:00:00  -  Run Local Usage
		Usr 0 00:10:14, Sys 0 00:01:17  -  Total Remote Usage
		Usr 0 00:00:00, Sys 0 00:00:00  -  Total Local Usage
	0  -  Run Bytes Sent By Job
	0  -  Run Bytes Received By Job
	0  -  Total Bytes Sent By Job
	0  -  Total Bytes Received By Job
	Partitionable Resources :    Usage  Request Allocated
	   Cpus                 :                 1         1
	   Disk (KB)            :        1        1  20458262
	   Memory (MB)          :      416        1      4022
...
000 (4044175.058.000) 03/13 20:53:38 Job submitted from host: <192.168.1.109:9618?addrs=192.168.1.109-9618+[--1]-9618&noUDP&sock=3153_969b_4>
...
001 (4044175.058.000) 03/13 20:53:57 Job executing on host: <192.168.1.43:9618?addrs=192.168.1.43-9618+[--1]-9618&noUDP&sock=3360_24bc_3>
...
006 (4044175.058.000) 03/13 20:54:05 Image size of job updated: 366244
	355  -  MemoryUsage of job (MB)
	362652  -  ResidentSetSize of job (KB)
...
006 (4044175.058.000) 03/13 20:59:05 Image size of job updated: 449372
	436  -  MemoryUsage of job (MB)
	445756  -  ResidentSetSize of job (KB)
...
005 (4044175.058.000) 03/13 21:10:09 Job terminated.
	(1) Normal termination (return value 0)
		Usr 0 00:14:11, Sys 0 00:01:38  -  Run Remote Usage
		Usr 0 00:00:00, Sys 0 00:00:00  -  Run Local Usage
		Usr 0 00:14:11, Sys 0 00:01:38  -  Total Remote Usage
		Usr 0 00:00:00, Sys 0 00:00:00  -  Total Local Usage
	0  -  Run Bytes Sent By Job
	0  -  Run Bytes Received By Job
	0  -  Total Bytes Sent By Job
	0  -  Total Bytes Received By Job
	Partitionable Resources :    Usage  Request Allocated
	   Cpus                 :                 1         1
	   Disk (KB)            :        1        1  20458451
	   Memory (MB)          :      436        1      4022
...
000 (4045912.058.000) 03/14 19:19:22 Job submitted from host: <192.168.1.109:9618?addrs=192.168.1.109-9618+[--1]-9618&noUDP&sock=3153_969b_4>
...
000 (4046521.058.000) 03/15 13:40:08 Job submitted from host: <192.168.1.109:9618?addrs=192.168.1.109-9618+[--1]-9618&noUDP&sock=3153_969b_4>
...
009 (4046521.058.000) 03/15 13:56:54 Job was aborted by the user.
	via condor_rm (by user routray)
...
001 (4045912.058.000) 03/15 13:57:03 Job executing on host: <192.168.1.50:9618?addrs=192.168.1.50-9618+[--1]-9618&noUDP&sock=3247_5221_3>
...
006 (4045912.058.000) 03/15 13:57:08 Image size of job updated: 338172
	330  -  MemoryUsage of job (MB)
	337400  -  ResidentSetSize of job (KB)
...
004 (4045912.058.000) 03/15 13:57:08 Job was evicted.
	(0) Job was not checkpointed.
		Usr 0 00:00:02, Sys 0 00:00:00  -  Run Remote Usage
		Usr 0 00:00:00, Sys 0 00:00:00  -  Run Local Usage
	0  -  Run Bytes Sent By Job
	0  -  Run Bytes Received By Job
	Partitionable Resources :    Usage  Request Allocated
	   Cpus                 :                 1         1
	   Disk (KB)            :        1        1  28493273
	   Memory (MB)          :      330        1      4020
...
009 (4045912.058.000) 03/15 13:57:10 Job was aborted by the user.
	via condor_rm (by user routray)
...
000 (4046522.058.000) 03/15 14:02:15 Job submitted from host: <192.168.1.109:9618?addrs=192.168.1.109-9618+[--1]-9618&noUDP&sock=3153_969b_4>
...
001 (4046522.058.000) 03/15 14:40:41 Job executing on host: <192.168.1.47:9618?addrs=192.168.1.47-9618+[--1]-9618&noUDP&sock=3245_a288_3>
...
006 (4046522.058.000) 03/15 14:40:50 Image size of job updated: 399632
	332  -  MemoryUsage of job (MB)
	339236  -  ResidentSetSize of job (KB)
...
006 (4046522.058.000) 03/15 14:45:51 Image size of job updated: 424060
	413  -  MemoryUsage of job (MB)
	422536  -  ResidentSetSize of job (KB)
...
006 (4046522.058.000) 03/15 14:50:51 Image size of job updated: 424060
	413  -  MemoryUsage of job (MB)
	422608  -  ResidentSetSize of job (KB)
...
005 (4046522.058.000) 03/15 14:53:33 Job terminated.
	(1) Normal termination (return value 0)
		Usr 0 00:11:24, Sys 0 00:01:12  -  Run Remote Usage
		Usr 0 00:00:00, Sys 0 00:00:00  -  Run Local Usage
		Usr 0 00:11:24, Sys 0 00:01:12  -  Total Remote Usage
		Usr 0 00:00:00, Sys 0 00:00:00  -  Total Local Usage
	0  -  Run Bytes Sent By Job
	0  -  Run Bytes Received By Job
	0  -  Total Bytes Sent By Job
	0  -  Total Bytes Received By Job
	Partitionable Resources :    Usage  Request Allocated
	   Cpus                 :                 1         1
	   Disk (KB)            :        1        1  28493856
	   Memory (MB)          :      413        1      4020
...
000 (4046529.058.000) 03/15 16:30:18 Job submitted from host: <192.168.1.109:9618?addrs=192.168.1.109-9618+[--1]-9618&noUDP&sock=3153_969b_4>
...
001 (4046529.058.000) 03/15 16:30:40 Job executing on host: <192.168.1.41:9618?addrs=192.168.1.41-9618+[--1]-9618&noUDP&sock=3368_a17e_3>
...
006 (4046529.058.000) 03/15 16:30:48 Image size of job updated: 169208
	161  -  MemoryUsage of job (MB)
	164240  -  ResidentSetSize of job (KB)
...
006 (4046529.058.000) 03/15 16:35:48 Image size of job updated: 334880
	323  -  MemoryUsage of job (MB)
	329884  -  ResidentSetSize of job (KB)
...
006 (4046529.058.000) 03/15 16:40:48 Image size of job updated: 334896
	323  -  MemoryUsage of job (MB)
	329900  -  ResidentSetSize of job (KB)
...
006 (4046529.058.000) 03/15 16:45:49 Image size of job updated: 334900
	323  -  MemoryUsage of job (MB)
	329904  -  ResidentSetSize of job (KB)
...
005 (4046529.058.000) 03/15 16:47:20 Job terminated.
	(1) Normal termination (return value 0)
		Usr 0 00:14:26, Sys 0 00:01:31  -  Run Remote Usage
		Usr 0 00:00:00, Sys 0 00:00:00  -  Run Local Usage
		Usr 0 00:14:26, Sys 0 00:01:31  -  Total Remote Usage
		Usr 0 00:00:00, Sys 0 00:00:00  -  Total Local Usage
	0  -  Run Bytes Sent By Job
	0  -  Run Bytes Received By Job
	0  -  Total Bytes Sent By Job
	0  -  Total Bytes Received By Job
	Partitionable Resources :    Usage  Request Allocated
	   Cpus                 :                 1         1
	   Disk (KB)            :        1        1  20458619
	   Memory (MB)          :      323        1      4022
...
000 (4046534.058.000) 03/15 17:39:02 Job submitted from host: <192.168.1.109:9618?addrs=192.168.1.109-9618+[--1]-9618&noUDP&sock=3153_969b_4>
...
001 (4046534.058.000) 03/15 17:39:16 Job executing on host: <192.168.1.52:9618?addrs=192.168.1.52-9618+[--1]-9618&noUDP&sock=3327_407d_36>
...
006 (4046534.058.000) 03/15 17:39:25 Image size of job updated: 216624
	188  -  MemoryUsage of job (MB)
	191652  -  ResidentSetSize of job (KB)
...
006 (4046534.058.000) 03/15 17:44:26 Image size of job updated: 466096
	430  -  MemoryUsage of job (MB)
	440040  -  ResidentSetSize of job (KB)
...
006 (4046534.058.000) 03/15 17:49:27 Image size of job updated: 498228
	462  -  MemoryUsage of job (MB)
	472172  -  ResidentSetSize of job (KB)
...
005 (4046534.058.000) 03/15 18:24:14 Job terminated.
	(1) Normal termination (return value 0)
		Usr 0 00:40:46, Sys 0 00:03:53  -  Run Remote Usage
		Usr 0 00:00:00, Sys 0 00:00:00  -  Run Local Usage
		Usr 0 00:40:46, Sys 0 00:03:53  -  Total Remote Usage
		Usr 0 00:00:00, Sys 0 00:00:00  -  Total Local Usage
	0  -  Run Bytes Sent By Job
	0  -  Run Bytes Received By Job
	0  -  Total Bytes Sent By Job
	0  -  Total Bytes Received By Job
	Partitionable Resources :    Usage  Request Allocated
	   Cpus                 :                 1         1
	   Disk (KB)            :        1        1  22661368
	   Memory (MB)          :      462        1      4001
...
000 (4046570.058.000) 03/15 18:56:23 Job submitted from host: <192.168.1.109:9618?addrs=192.168.1.109-9618+[--1]-9618&noUDP&sock=3153_969b_4>
...
001 (4046570.058.000) 03/15 18:56:38 Job executing on host: <192.168.1.43:9618?addrs=192.168.1.43-9618+[--1]-9618&noUDP&sock=3360_24bc_3>
...
006 (4046570.058.000) 03/15 18:56:46 Image size of job updated: 216176
	204  -  MemoryUsage of job (MB)
	208128  -  ResidentSetSize of job (KB)
...
006 (4046570.058.000) 03/15 19:01:46 Image size of job updated: 441852
	424  -  MemoryUsage of job (MB)
	433704  -  ResidentSetSize of job (KB)
...
005 (4046570.058.000) 03/15 19:12:39 Job terminated.
	(1) Normal termination (return value 0)
		Usr 0 00:13:14, Sys 0 00:01:29  -  Run Remote Usage
		Usr 0 00:00:00, Sys 0 00:00:00  -  Run Local Usage
		Usr 0 00:13:14, Sys 0 00:01:29  -  Total Remote Usage
		Usr 0 00:00:00, Sys 0 00:00:00  -  Total Local Usage
	0  -  Run Bytes Sent By Job
	0  -  Run Bytes Received By Job
	0  -  Total Bytes Sent By Job
	0  -  Total Bytes Received By Job
	Partitionable Resources :    Usage  Request Allocated
	   Cpus                 :                 1         1
	   Disk (KB)            :        1        1  20458450
	   Memory (MB)          :      424        1      4022
...
