000 (4031466.296.000) 03/13 00:00:42 Job submitted from host: <192.168.1.109:9618?addrs=192.168.1.109-9618+[--1]-9618&noUDP&sock=3153_969b_4>
...
001 (4031466.296.000) 03/13 00:01:22 Job executing on host: <192.168.1.42:9618?addrs=192.168.1.42-9618+[--1]-9618&noUDP&sock=3360_3385_3>
...
006 (4031466.296.000) 03/13 00:01:31 Image size of job updated: 92200
	90  -  MemoryUsage of job (MB)
	92128  -  ResidentSetSize of job (KB)
...
006 (4031466.296.000) 03/13 00:06:32 Image size of job updated: 352412
	345  -  MemoryUsage of job (MB)
	352412  -  ResidentSetSize of job (KB)
...
006 (4031466.296.000) 03/13 00:11:32 Image size of job updated: 380260
	372  -  MemoryUsage of job (MB)
	380260  -  ResidentSetSize of job (KB)
...
006 (4031466.296.000) 03/13 00:16:32 Image size of job updated: 433924
	424  -  MemoryUsage of job (MB)
	433924  -  ResidentSetSize of job (KB)
...
006 (4031466.296.000) 03/13 00:36:35 Image size of job updated: 434080
	424  -  MemoryUsage of job (MB)
	434080  -  ResidentSetSize of job (KB)
...
006 (4031466.296.000) 03/13 00:41:36 Image size of job updated: 434152
	424  -  MemoryUsage of job (MB)
	434152  -  ResidentSetSize of job (KB)
...
006 (4031466.296.000) 03/13 00:51:36 Image size of job updated: 434156
	424  -  MemoryUsage of job (MB)
	434156  -  ResidentSetSize of job (KB)
...
006 (4031466.296.000) 03/13 00:53:13 Image size of job updated: 795332
	424  -  MemoryUsage of job (MB)
	434156  -  ResidentSetSize of job (KB)
...
005 (4031466.296.000) 03/13 00:53:13 Job terminated.
	(1) Normal termination (return value 0)
		Usr 0 00:14:19, Sys 0 00:01:30  -  Run Remote Usage
		Usr 0 00:00:00, Sys 0 00:00:00  -  Run Local Usage
		Usr 0 00:14:19, Sys 0 00:01:30  -  Total Remote Usage
		Usr 0 00:00:00, Sys 0 00:00:00  -  Total Local Usage
	0  -  Run Bytes Sent By Job
	0  -  Run Bytes Received By Job
	0  -  Total Bytes Sent By Job
	0  -  Total Bytes Received By Job
	Partitionable Resources :    Usage  Request Allocated
	   Cpus                 :                 1         1
	   Disk (KB)            :        1        1  20458261
	   Memory (MB)          :      424        1      4022
...
000 (4044172.296.000) 03/13 19:21:21 Job submitted from host: <192.168.1.109:9618?addrs=192.168.1.109-9618+[--1]-9618&noUDP&sock=3153_969b_4>
...
001 (4044172.296.000) 03/13 19:22:01 Job executing on host: <192.168.1.41:9618?addrs=192.168.1.41-9618+[--1]-9618&noUDP&sock=3368_a17e_3>
...
006 (4044172.296.000) 03/13 19:22:10 Image size of job updated: 60772
	58  -  MemoryUsage of job (MB)
	58908  -  ResidentSetSize of job (KB)
...
006 (4044172.296.000) 03/13 19:27:10 Image size of job updated: 167584
	161  -  MemoryUsage of job (MB)
	164628  -  ResidentSetSize of job (KB)
...
006 (4044172.296.000) 03/13 19:32:11 Image size of job updated: 261536
	253  -  MemoryUsage of job (MB)
	258580  -  ResidentSetSize of job (KB)
...
006 (4044172.296.000) 03/13 19:37:12 Image size of job updated: 331168
	321  -  MemoryUsage of job (MB)
	328212  -  ResidentSetSize of job (KB)
...
006 (4044172.296.000) 03/13 19:42:12 Image size of job updated: 331296
	321  -  MemoryUsage of job (MB)
	328340  -  ResidentSetSize of job (KB)
...
006 (4044172.296.000) 03/13 19:47:13 Image size of job updated: 331328
	321  -  MemoryUsage of job (MB)
	328372  -  ResidentSetSize of job (KB)
...
006 (4044172.296.000) 03/13 19:52:14 Image size of job updated: 331332
	321  -  MemoryUsage of job (MB)
	328376  -  ResidentSetSize of job (KB)
...
006 (4044172.296.000) 03/13 19:57:14 Image size of job updated: 332380
	322  -  MemoryUsage of job (MB)
	329424  -  ResidentSetSize of job (KB)
...
006 (4044172.296.000) 03/13 20:02:14 Image size of job updated: 332496
	322  -  MemoryUsage of job (MB)
	329540  -  ResidentSetSize of job (KB)
...
006 (4044172.296.000) 03/13 20:07:15 Image size of job updated: 332500
	322  -  MemoryUsage of job (MB)
	329540  -  ResidentSetSize of job (KB)
...
005 (4044172.296.000) 03/13 20:09:43 Job terminated.
	(1) Normal termination (return value 0)
		Usr 0 00:17:04, Sys 0 00:01:55  -  Run Remote Usage
		Usr 0 00:00:00, Sys 0 00:00:00  -  Run Local Usage
		Usr 0 00:17:04, Sys 0 00:01:55  -  Total Remote Usage
		Usr 0 00:00:00, Sys 0 00:00:00  -  Total Local Usage
	0  -  Run Bytes Sent By Job
	0  -  Run Bytes Received By Job
	0  -  Total Bytes Sent By Job
	0  -  Total Bytes Received By Job
	Partitionable Resources :    Usage  Request Allocated
	   Cpus                 :                 1         1
	   Disk (KB)            :        1        1  20458618
	   Memory (MB)          :      322        1      4022
...
000 (4046522.296.000) 03/15 14:02:18 Job submitted from host: <192.168.1.109:9618?addrs=192.168.1.109-9618+[--1]-9618&noUDP&sock=3153_969b_4>
...
001 (4046522.296.000) 03/15 15:16:37 Job executing on host: <192.168.1.42:9618?addrs=192.168.1.42-9618+[--1]-9618&noUDP&sock=3360_3385_3>
...
006 (4046522.296.000) 03/15 15:16:45 Image size of job updated: 382580
	343  -  MemoryUsage of job (MB)
	350952  -  ResidentSetSize of job (KB)
...
006 (4046522.296.000) 03/15 15:21:45 Image size of job updated: 433784
	424  -  MemoryUsage of job (MB)
	433700  -  ResidentSetSize of job (KB)
...
006 (4046522.296.000) 03/15 15:26:46 Image size of job updated: 434068
	424  -  MemoryUsage of job (MB)
	433712  -  ResidentSetSize of job (KB)
...
006 (4046522.296.000) 03/15 15:31:47 Image size of job updated: 434068
	424  -  MemoryUsage of job (MB)
	433896  -  ResidentSetSize of job (KB)
...
006 (4046522.296.000) 03/15 15:36:47 Image size of job updated: 434068
	424  -  MemoryUsage of job (MB)
	433928  -  ResidentSetSize of job (KB)
...
006 (4046522.296.000) 03/15 15:41:48 Image size of job updated: 434068
	424  -  MemoryUsage of job (MB)
	433944  -  ResidentSetSize of job (KB)
...
005 (4046522.296.000) 03/15 15:41:49 Job terminated.
	(1) Normal termination (return value 0)
		Usr 0 00:21:14, Sys 0 00:02:06  -  Run Remote Usage
		Usr 0 00:00:00, Sys 0 00:00:00  -  Run Local Usage
		Usr 0 00:21:14, Sys 0 00:02:06  -  Total Remote Usage
		Usr 0 00:00:00, Sys 0 00:00:00  -  Total Local Usage
	0  -  Run Bytes Sent By Job
	0  -  Run Bytes Received By Job
	0  -  Total Bytes Sent By Job
	0  -  Total Bytes Received By Job
	Partitionable Resources :    Usage  Request Allocated
	   Cpus                 :                 1         1
	   Disk (KB)            :        1        1  20458262
	   Memory (MB)          :      424        1      4022
...
