000 (4031233.115.000) 03/12 14:28:35 Job submitted from host: <192.168.1.109:9618?addrs=192.168.1.109-9618+[--1]-9618&noUDP&sock=3153_969b_4>
...
001 (4031233.115.000) 03/12 14:28:51 Job executing on host: <192.168.1.64:9618?addrs=192.168.1.64-9618+[--1]-9618&noUDP&sock=3497_7c66_22>
...
006 (4031233.115.000) 03/12 14:28:59 Image size of job updated: 10428
	10  -  MemoryUsage of job (MB)
	9320  -  ResidentSetSize of job (KB)
...
006 (4031233.115.000) 03/12 14:34:00 Image size of job updated: 458236
	439  -  MemoryUsage of job (MB)
	448700  -  ResidentSetSize of job (KB)
...
006 (4031233.115.000) 03/12 14:39:01 Image size of job updated: 458716
	439  -  MemoryUsage of job (MB)
	449180  -  ResidentSetSize of job (KB)
...
006 (4031233.115.000) 03/12 14:49:01 Image size of job updated: 458744
	439  -  MemoryUsage of job (MB)
	449208  -  ResidentSetSize of job (KB)
...
004 (4031233.115.000) 03/12 14:54:07 Job was evicted.
	(0) Job was not checkpointed.
		Usr 0 00:22:38, Sys 0 00:02:02  -  Run Remote Usage
		Usr 0 00:00:00, Sys 0 00:00:00  -  Run Local Usage
	0  -  Run Bytes Sent By Job
	0  -  Run Bytes Received By Job
	Partitionable Resources :    Usage  Request Allocated
	   Cpus                 :                 1         1
	   Disk (KB)            :        1        1  22685211
	   Memory (MB)          :      439        1      4015
...
009 (4031233.115.000) 03/12 14:54:08 Job was aborted by the user.
	via condor_rm (by user routray)
...
000 (4031234.115.000) 03/12 15:03:15 Job submitted from host: <192.168.1.109:9618?addrs=192.168.1.109-9618+[--1]-9618&noUDP&sock=3153_969b_4>
...
001 (4031234.115.000) 03/12 15:03:42 Job executing on host: <192.168.1.65:9618?addrs=192.168.1.65-9618+[--1]-9618&noUDP&sock=3515_344b_35>
...
006 (4031234.115.000) 03/12 15:03:50 Image size of job updated: 165920
	144  -  MemoryUsage of job (MB)
	146864  -  ResidentSetSize of job (KB)
...
006 (4031234.115.000) 03/12 15:08:50 Image size of job updated: 446464
	436  -  MemoryUsage of job (MB)
	446300  -  ResidentSetSize of job (KB)
...
004 (4031234.115.000) 03/12 15:12:47 Job was evicted.
	(0) Job was not checkpointed.
		Usr 0 00:07:58, Sys 0 00:00:45  -  Run Remote Usage
		Usr 0 00:00:00, Sys 0 00:00:00  -  Run Local Usage
	0  -  Run Bytes Sent By Job
	0  -  Run Bytes Received By Job
	Partitionable Resources :    Usage  Request Allocated
	   Cpus                 :                 1         1
	   Disk (KB)            :        1        1  22684044
	   Memory (MB)          :      436        1      4015
...
009 (4031234.115.000) 03/12 15:12:50 Job was aborted by the user.
	via condor_rm (by user routray)
...
000 (4031235.115.000) 03/12 15:16:44 Job submitted from host: <192.168.1.109:9618?addrs=192.168.1.109-9618+[--1]-9618&noUDP&sock=3153_969b_4>
...
001 (4031235.115.000) 03/12 15:17:03 Job executing on host: <192.168.1.58:9618?addrs=192.168.1.58-9618+[--1]-9618&noUDP&sock=3319_c3bb_12>
...
006 (4031235.115.000) 03/12 15:17:11 Image size of job updated: 370516
	340  -  MemoryUsage of job (MB)
	347888  -  ResidentSetSize of job (KB)
...
006 (4031235.115.000) 03/12 15:22:11 Image size of job updated: 462492
	430  -  MemoryUsage of job (MB)
	439864  -  ResidentSetSize of job (KB)
...
006 (4031235.115.000) 03/12 15:27:11 Image size of job updated: 462528
	430  -  MemoryUsage of job (MB)
	439900  -  ResidentSetSize of job (KB)
...
006 (4031235.115.000) 03/12 15:32:12 Image size of job updated: 462584
	430  -  MemoryUsage of job (MB)
	439956  -  ResidentSetSize of job (KB)
...
006 (4031235.115.000) 03/12 15:37:12 Image size of job updated: 501248
	468  -  MemoryUsage of job (MB)
	478620  -  ResidentSetSize of job (KB)
...
006 (4031235.115.000) 03/12 15:42:12 Image size of job updated: 503160
	470  -  MemoryUsage of job (MB)
	480532  -  ResidentSetSize of job (KB)
...
005 (4031235.115.000) 03/12 15:49:52 Job terminated.
	(1) Normal termination (return value 0)
		Usr 0 00:29:43, Sys 0 00:02:48  -  Run Remote Usage
		Usr 0 00:00:00, Sys 0 00:00:00  -  Run Local Usage
		Usr 0 00:29:43, Sys 0 00:02:48  -  Total Remote Usage
		Usr 0 00:00:00, Sys 0 00:00:00  -  Total Local Usage
	0  -  Run Bytes Sent By Job
	0  -  Run Bytes Received By Job
	0  -  Total Bytes Sent By Job
	0  -  Total Bytes Received By Job
	Partitionable Resources :    Usage  Request Allocated
	   Cpus                 :                 1         1
	   Disk (KB)            :        1        1  22659268
	   Memory (MB)          :      470        1      4001
...
000 (4031461.115.000) 03/12 18:25:46 Job submitted from host: <192.168.1.109:9618?addrs=192.168.1.109-9618+[--1]-9618&noUDP&sock=3153_969b_4>
...
001 (4031461.115.000) 03/12 18:26:02 Job executing on host: <192.168.1.46:9618?addrs=192.168.1.46-9618+[--1]-9618&noUDP&sock=3272_2797_3>
...
006 (4031461.115.000) 03/12 18:26:11 Image size of job updated: 186524
	177  -  MemoryUsage of job (MB)
	181032  -  ResidentSetSize of job (KB)
...
006 (4031461.115.000) 03/12 18:31:12 Image size of job updated: 466000
	450  -  MemoryUsage of job (MB)
	460504  -  ResidentSetSize of job (KB)
...
006 (4031461.115.000) 03/12 18:36:13 Image size of job updated: 466012
	450  -  MemoryUsage of job (MB)
	460516  -  ResidentSetSize of job (KB)
...
005 (4031461.115.000) 03/12 18:40:23 Job terminated.
	(1) Normal termination (return value 0)
		Usr 0 00:11:56, Sys 0 00:01:20  -  Run Remote Usage
		Usr 0 00:00:00, Sys 0 00:00:00  -  Run Local Usage
		Usr 0 00:11:56, Sys 0 00:01:20  -  Total Remote Usage
		Usr 0 00:00:00, Sys 0 00:00:00  -  Total Local Usage
	0  -  Run Bytes Sent By Job
	0  -  Run Bytes Received By Job
	0  -  Total Bytes Sent By Job
	0  -  Total Bytes Received By Job
	Partitionable Resources :    Usage  Request Allocated
	   Cpus                 :                 1         1
	   Disk (KB)            :        1        1  20459165
	   Memory (MB)          :      450        1      4022
...
000 (4031462.115.000) 03/12 20:10:16 Job submitted from host: <192.168.1.109:9618?addrs=192.168.1.109-9618+[--1]-9618&noUDP&sock=3153_969b_4>
...
001 (4031462.115.000) 03/12 20:10:43 Job executing on host: <192.168.1.46:9618?addrs=192.168.1.46-9618+[--1]-9618&noUDP&sock=3272_2797_3>
...
006 (4031462.115.000) 03/12 20:10:52 Image size of job updated: 209300
	203  -  MemoryUsage of job (MB)
	207872  -  ResidentSetSize of job (KB)
...
006 (4031462.115.000) 03/12 20:15:53 Image size of job updated: 400688
	390  -  MemoryUsage of job (MB)
	399196  -  ResidentSetSize of job (KB)
...
006 (4031462.115.000) 03/12 20:20:53 Image size of job updated: 400692
	390  -  MemoryUsage of job (MB)
	399200  -  ResidentSetSize of job (KB)
...
005 (4031462.115.000) 03/12 20:23:05 Job terminated.
	(1) Normal termination (return value 0)
		Usr 0 00:10:32, Sys 0 00:01:11  -  Run Remote Usage
		Usr 0 00:00:00, Sys 0 00:00:00  -  Run Local Usage
		Usr 0 00:10:32, Sys 0 00:01:11  -  Total Remote Usage
		Usr 0 00:00:00, Sys 0 00:00:00  -  Total Local Usage
	0  -  Run Bytes Sent By Job
	0  -  Run Bytes Received By Job
	0  -  Total Bytes Sent By Job
	0  -  Total Bytes Received By Job
	Partitionable Resources :    Usage  Request Allocated
	   Cpus                 :                 1         1
	   Disk (KB)            :        1        1  20459165
	   Memory (MB)          :      390        1      4022
...
000 (4031463.115.000) 03/12 21:35:11 Job submitted from host: <192.168.1.109:9618?addrs=192.168.1.109-9618+[--1]-9618&noUDP&sock=3153_969b_4>
...
001 (4031463.115.000) 03/12 21:35:45 Job executing on host: <192.168.1.62:9618?addrs=192.168.1.62-9618+[--1]-9618&noUDP&sock=2992_c8ab_24>
...
006 (4031463.115.000) 03/12 21:35:54 Image size of job updated: 42764
	36  -  MemoryUsage of job (MB)
	36668  -  ResidentSetSize of job (KB)
...
006 (4031463.115.000) 03/12 21:40:55 Image size of job updated: 435416
	417  -  MemoryUsage of job (MB)
	426032  -  ResidentSetSize of job (KB)
...
006 (4031463.115.000) 03/12 21:45:56 Image size of job updated: 437212
	418  -  MemoryUsage of job (MB)
	427828  -  ResidentSetSize of job (KB)
...
006 (4031463.115.000) 03/12 21:50:56 Image size of job updated: 437256
	418  -  MemoryUsage of job (MB)
	427872  -  ResidentSetSize of job (KB)
...
006 (4031463.115.000) 03/12 21:55:57 Image size of job updated: 437260
	418  -  MemoryUsage of job (MB)
	427876  -  ResidentSetSize of job (KB)
...
005 (4031463.115.000) 03/12 22:00:50 Job terminated.
	(1) Normal termination (return value 0)
		Usr 0 00:22:05, Sys 0 00:02:06  -  Run Remote Usage
		Usr 0 00:00:00, Sys 0 00:00:00  -  Run Local Usage
		Usr 0 00:22:05, Sys 0 00:02:06  -  Total Remote Usage
		Usr 0 00:00:00, Sys 0 00:00:00  -  Total Local Usage
	0  -  Run Bytes Sent By Job
	0  -  Run Bytes Received By Job
	0  -  Total Bytes Sent By Job
	0  -  Total Bytes Received By Job
	Partitionable Resources :    Usage  Request Allocated
	   Cpus                 :                 1         1
	   Disk (KB)            :        1        1  22663505
	   Memory (MB)          :      418        1      4001
...
000 (4031466.115.000) 03/13 00:00:40 Job submitted from host: <192.168.1.109:9618?addrs=192.168.1.109-9618+[--1]-9618&noUDP&sock=3153_969b_4>
...
001 (4031466.115.000) 03/13 00:01:12 Job executing on host: <192.168.1.62:9618?addrs=192.168.1.62-9618+[--1]-9618&noUDP&sock=2992_c8ab_24>
...
006 (4031466.115.000) 03/13 00:01:21 Image size of job updated: 209036
	201  -  MemoryUsage of job (MB)
	205588  -  ResidentSetSize of job (KB)
...
006 (4031466.115.000) 03/13 00:06:22 Image size of job updated: 419352
	410  -  MemoryUsage of job (MB)
	419120  -  ResidentSetSize of job (KB)
...
006 (4031466.115.000) 03/13 00:11:22 Image size of job updated: 455560
	445  -  MemoryUsage of job (MB)
	455328  -  ResidentSetSize of job (KB)
...
006 (4031466.115.000) 03/13 00:26:24 Image size of job updated: 455596
	445  -  MemoryUsage of job (MB)
	455328  -  ResidentSetSize of job (KB)
...
005 (4031466.115.000) 03/13 00:27:06 Job terminated.
	(1) Normal termination (return value 0)
		Usr 0 00:21:26, Sys 0 00:02:05  -  Run Remote Usage
		Usr 0 00:00:00, Sys 0 00:00:00  -  Run Local Usage
		Usr 0 00:21:26, Sys 0 00:02:05  -  Total Remote Usage
		Usr 0 00:00:00, Sys 0 00:00:00  -  Total Local Usage
	0  -  Run Bytes Sent By Job
	0  -  Run Bytes Received By Job
	0  -  Total Bytes Sent By Job
	0  -  Total Bytes Received By Job
	Partitionable Resources :    Usage  Request Allocated
	   Cpus                 :                 1         1
	   Disk (KB)            :        1        1  22663505
	   Memory (MB)          :      445        1      4001
...
000 (4044172.115.000) 03/13 19:21:18 Job submitted from host: <192.168.1.109:9618?addrs=192.168.1.109-9618+[--1]-9618&noUDP&sock=3153_969b_4>
...
001 (4044172.115.000) 03/13 19:21:47 Job executing on host: <192.168.1.40:9618?addrs=192.168.1.40-9618+[--1]-9618&noUDP&sock=3366_a17e_3>
...
006 (4044172.115.000) 03/13 19:21:56 Image size of job updated: 335000
	327  -  MemoryUsage of job (MB)
	334684  -  ResidentSetSize of job (KB)
...
006 (4044172.115.000) 03/13 19:26:57 Image size of job updated: 424528
	415  -  MemoryUsage of job (MB)
	424528  -  ResidentSetSize of job (KB)
...
005 (4044172.115.000) 03/13 20:02:43 Job terminated.
	(1) Normal termination (return value 0)
		Usr 0 00:12:16, Sys 0 00:01:21  -  Run Remote Usage
		Usr 0 00:00:00, Sys 0 00:00:00  -  Run Local Usage
		Usr 0 00:12:16, Sys 0 00:01:21  -  Total Remote Usage
		Usr 0 00:00:00, Sys 0 00:00:00  -  Total Local Usage
	0  -  Run Bytes Sent By Job
	0  -  Run Bytes Received By Job
	0  -  Total Bytes Sent By Job
	0  -  Total Bytes Received By Job
	Partitionable Resources :    Usage  Request Allocated
	   Cpus                 :                 1         1
	   Disk (KB)            :        1        1  20457847
	   Memory (MB)          :      415        1      4022
...
000 (4046522.115.000) 03/15 14:02:15 Job submitted from host: <192.168.1.109:9618?addrs=192.168.1.109-9618+[--1]-9618&noUDP&sock=3153_969b_4>
...
001 (4046522.115.000) 03/15 14:52:52 Job executing on host: <192.168.1.44:9618?addrs=192.168.1.44-9618+[--1]-9618&noUDP&sock=3035_ca7b_3>
...
006 (4046522.115.000) 03/15 14:53:00 Image size of job updated: 243612
	161  -  MemoryUsage of job (MB)
	164240  -  ResidentSetSize of job (KB)
...
006 (4046522.115.000) 03/15 14:58:00 Image size of job updated: 322124
	315  -  MemoryUsage of job (MB)
	321688  -  ResidentSetSize of job (KB)
...
006 (4046522.115.000) 03/15 15:03:01 Image size of job updated: 322124
	315  -  MemoryUsage of job (MB)
	321748  -  ResidentSetSize of job (KB)
...
005 (4046522.115.000) 03/15 15:07:40 Job terminated.
	(1) Normal termination (return value 0)
		Usr 0 00:13:05, Sys 0 00:01:27  -  Run Remote Usage
		Usr 0 00:00:00, Sys 0 00:00:00  -  Run Local Usage
		Usr 0 00:13:05, Sys 0 00:01:27  -  Total Remote Usage
		Usr 0 00:00:00, Sys 0 00:00:00  -  Total Local Usage
	0  -  Run Bytes Sent By Job
	0  -  Run Bytes Received By Job
	0  -  Total Bytes Sent By Job
	0  -  Total Bytes Received By Job
	Partitionable Resources :    Usage  Request Allocated
	   Cpus                 :                 1         1
	   Disk (KB)            :        1        1  20458817
	   Memory (MB)          :      315        1      4022
...
000 (4046570.115.000) 03/15 18:56:24 Job submitted from host: <192.168.1.109:9618?addrs=192.168.1.109-9618+[--1]-9618&noUDP&sock=3153_969b_4>
...
001 (4046570.115.000) 03/15 18:56:40 Job executing on host: <192.168.1.42:9618?addrs=192.168.1.42-9618+[--1]-9618&noUDP&sock=3360_3385_3>
...
006 (4046570.115.000) 03/15 18:56:48 Image size of job updated: 146720
	144  -  MemoryUsage of job (MB)
	146652  -  ResidentSetSize of job (KB)
...
006 (4046570.115.000) 03/15 19:01:48 Image size of job updated: 421448
	412  -  MemoryUsage of job (MB)
	421380  -  ResidentSetSize of job (KB)
...
006 (4046570.115.000) 03/15 19:06:49 Image size of job updated: 421824
	412  -  MemoryUsage of job (MB)
	421756  -  ResidentSetSize of job (KB)
...
006 (4046570.115.000) 03/15 19:11:49 Image size of job updated: 421880
	412  -  MemoryUsage of job (MB)
	421812  -  ResidentSetSize of job (KB)
...
006 (4046570.115.000) 03/15 19:16:49 Image size of job updated: 421932
	412  -  MemoryUsage of job (MB)
	421816  -  ResidentSetSize of job (KB)
...
005 (4046570.115.000) 03/15 19:18:26 Job terminated.
	(1) Normal termination (return value 0)
		Usr 0 00:18:33, Sys 0 00:01:51  -  Run Remote Usage
		Usr 0 00:00:00, Sys 0 00:00:00  -  Run Local Usage
		Usr 0 00:18:33, Sys 0 00:01:51  -  Total Remote Usage
		Usr 0 00:00:00, Sys 0 00:00:00  -  Total Local Usage
	0  -  Run Bytes Sent By Job
	0  -  Run Bytes Received By Job
	0  -  Total Bytes Sent By Job
	0  -  Total Bytes Received By Job
	Partitionable Resources :    Usage  Request Allocated
	   Cpus                 :                 1         1
	   Disk (KB)            :        1        1  20458262
	   Memory (MB)          :      412        1      4022
...
