000 (4031466.524.000) 03/13 00:00:44 Job submitted from host: <192.168.1.109:9618?addrs=192.168.1.109-9618+[--1]-9618&noUDP&sock=3153_969b_4>
...
001 (4031466.524.000) 03/13 00:01:30 Job executing on host: <192.168.1.49:9618?addrs=192.168.1.49-9618+[--1]-9618&noUDP&sock=3240_e427_3>
...
006 (4031466.524.000) 03/13 00:01:39 Image size of job updated: 147968
	145  -  MemoryUsage of job (MB)
	147612  -  ResidentSetSize of job (KB)
...
006 (4031466.524.000) 03/13 00:06:40 Image size of job updated: 350844
	343  -  MemoryUsage of job (MB)
	350844  -  ResidentSetSize of job (KB)
...
006 (4031466.524.000) 03/13 00:11:40 Image size of job updated: 435508
	426  -  MemoryUsage of job (MB)
	435508  -  ResidentSetSize of job (KB)
...
006 (4031466.524.000) 03/13 00:31:41 Image size of job updated: 435512
	426  -  MemoryUsage of job (MB)
	435512  -  ResidentSetSize of job (KB)
...
006 (4031466.524.000) 03/13 00:36:42 Image size of job updated: 435524
	426  -  MemoryUsage of job (MB)
	435524  -  ResidentSetSize of job (KB)
...
006 (4031466.524.000) 03/13 00:41:43 Image size of job updated: 435528
	426  -  MemoryUsage of job (MB)
	435528  -  ResidentSetSize of job (KB)
...
006 (4031466.524.000) 03/13 00:43:15 Image size of job updated: 435552
	426  -  MemoryUsage of job (MB)
	435528  -  ResidentSetSize of job (KB)
...
005 (4031466.524.000) 03/13 00:43:15 Job terminated.
	(1) Normal termination (return value 0)
		Usr 0 00:14:51, Sys 0 00:01:23  -  Run Remote Usage
		Usr 0 00:00:00, Sys 0 00:00:00  -  Run Local Usage
		Usr 0 00:14:51, Sys 0 00:01:23  -  Total Remote Usage
		Usr 0 00:00:00, Sys 0 00:00:00  -  Total Local Usage
	0  -  Run Bytes Sent By Job
	0  -  Run Bytes Received By Job
	0  -  Total Bytes Sent By Job
	0  -  Total Bytes Received By Job
	Partitionable Resources :    Usage  Request Allocated
	   Cpus                 :                 1         1
	   Disk (KB)            :        1        1  28491601
	   Memory (MB)          :      426        1      4020
...
000 (4044172.524.000) 03/13 19:21:23 Job submitted from host: <192.168.1.109:9618?addrs=192.168.1.109-9618+[--1]-9618&noUDP&sock=3153_969b_4>
...
001 (4044172.524.000) 03/13 19:22:04 Job executing on host: <192.168.1.47:9618?addrs=192.168.1.47-9618+[--1]-9618&noUDP&sock=3245_a288_3>
...
006 (4044172.524.000) 03/13 19:22:13 Image size of job updated: 73700
	37  -  MemoryUsage of job (MB)
	37328  -  ResidentSetSize of job (KB)
...
006 (4044172.524.000) 03/13 19:27:14 Image size of job updated: 371744
	345  -  MemoryUsage of job (MB)
	352532  -  ResidentSetSize of job (KB)
...
006 (4044172.524.000) 03/13 19:32:14 Image size of job updated: 453568
	425  -  MemoryUsage of job (MB)
	434356  -  ResidentSetSize of job (KB)
...
006 (4044172.524.000) 03/13 19:37:14 Image size of job updated: 454436
	426  -  MemoryUsage of job (MB)
	435224  -  ResidentSetSize of job (KB)
...
006 (4044172.524.000) 03/13 19:47:16 Image size of job updated: 454484
	426  -  MemoryUsage of job (MB)
	435272  -  ResidentSetSize of job (KB)
...
006 (4044172.524.000) 03/13 19:57:17 Image size of job updated: 454500
	426  -  MemoryUsage of job (MB)
	435288  -  ResidentSetSize of job (KB)
...
005 (4044172.524.000) 03/13 20:02:51 Job terminated.
	(1) Normal termination (return value 0)
		Usr 0 00:19:37, Sys 0 00:01:59  -  Run Remote Usage
		Usr 0 00:00:00, Sys 0 00:00:00  -  Run Local Usage
		Usr 0 00:19:37, Sys 0 00:01:59  -  Total Remote Usage
		Usr 0 00:00:00, Sys 0 00:00:00  -  Total Local Usage
	0  -  Run Bytes Sent By Job
	0  -  Run Bytes Received By Job
	0  -  Total Bytes Sent By Job
	0  -  Total Bytes Received By Job
	Partitionable Resources :    Usage  Request Allocated
	   Cpus                 :                 1         1
	   Disk (KB)            :        1        1  28493856
	   Memory (MB)          :      426        1      4020
...
000 (4046522.524.000) 03/15 14:02:21 Job submitted from host: <192.168.1.109:9618?addrs=192.168.1.109-9618+[--1]-9618&noUDP&sock=3153_969b_4>
...
001 (4046522.524.000) 03/15 15:33:55 Job executing on host: <192.168.1.50:9618?addrs=192.168.1.50-9618+[--1]-9618&noUDP&sock=3247_5221_3>
...
006 (4046522.524.000) 03/15 15:34:03 Image size of job updated: 358752
	344  -  MemoryUsage of job (MB)
	351596  -  ResidentSetSize of job (KB)
...
006 (4046522.524.000) 03/15 15:39:03 Image size of job updated: 438168
	428  -  MemoryUsage of job (MB)
	437932  -  ResidentSetSize of job (KB)
...
006 (4046522.524.000) 03/15 15:44:04 Image size of job updated: 439008
	429  -  MemoryUsage of job (MB)
	438772  -  ResidentSetSize of job (KB)
...
006 (4046522.524.000) 03/15 15:49:04 Image size of job updated: 439056
	429  -  MemoryUsage of job (MB)
	438820  -  ResidentSetSize of job (KB)
...
006 (4046522.524.000) 03/15 15:54:04 Image size of job updated: 439064
	429  -  MemoryUsage of job (MB)
	438832  -  ResidentSetSize of job (KB)
...
006 (4046522.524.000) 03/15 15:56:49 Image size of job updated: 439068
	429  -  MemoryUsage of job (MB)
	438832  -  ResidentSetSize of job (KB)
...
005 (4046522.524.000) 03/15 15:56:50 Job terminated.
	(1) Normal termination (return value 0)
		Usr 0 00:18:58, Sys 0 00:01:52  -  Run Remote Usage
		Usr 0 00:00:00, Sys 0 00:00:00  -  Run Local Usage
		Usr 0 00:18:58, Sys 0 00:01:52  -  Total Remote Usage
		Usr 0 00:00:00, Sys 0 00:00:00  -  Total Local Usage
	0  -  Run Bytes Sent By Job
	0  -  Run Bytes Received By Job
	0  -  Total Bytes Sent By Job
	0  -  Total Bytes Received By Job
	Partitionable Resources :    Usage  Request Allocated
	   Cpus                 :                 1         1
	   Disk (KB)            :        1        1  28493273
	   Memory (MB)          :      429        1      4020
...
