000 (4031466.348.000) 03/13 00:00:43 Job submitted from host: <192.168.1.109:9618?addrs=192.168.1.109-9618+[--1]-9618&noUDP&sock=3153_969b_4>
...
001 (4031466.348.000) 03/13 00:01:24 Job executing on host: <192.168.1.42:9618?addrs=192.168.1.42-9618+[--1]-9618&noUDP&sock=3360_3385_3>
...
006 (4031466.348.000) 03/13 00:01:33 Image size of job updated: 60912
	58  -  MemoryUsage of job (MB)
	58912  -  ResidentSetSize of job (KB)
...
006 (4031466.348.000) 03/13 00:06:33 Image size of job updated: 345176
	338  -  MemoryUsage of job (MB)
	345176  -  ResidentSetSize of job (KB)
...
006 (4031466.348.000) 03/13 00:11:34 Image size of job updated: 428424
	419  -  MemoryUsage of job (MB)
	428424  -  ResidentSetSize of job (KB)
...
006 (4031466.348.000) 03/13 00:21:34 Image size of job updated: 428540
	419  -  MemoryUsage of job (MB)
	428540  -  ResidentSetSize of job (KB)
...
006 (4031466.348.000) 03/13 00:36:36 Image size of job updated: 428560
	419  -  MemoryUsage of job (MB)
	428560  -  ResidentSetSize of job (KB)
...
006 (4031466.348.000) 03/13 00:41:36 Image size of job updated: 428564
	419  -  MemoryUsage of job (MB)
	428564  -  ResidentSetSize of job (KB)
...
006 (4031466.348.000) 03/13 00:53:51 Image size of job updated: 428584
	419  -  MemoryUsage of job (MB)
	428564  -  ResidentSetSize of job (KB)
...
005 (4031466.348.000) 03/13 00:53:51 Job terminated.
	(1) Normal termination (return value 0)
		Usr 0 00:15:38, Sys 0 00:01:35  -  Run Remote Usage
		Usr 0 00:00:00, Sys 0 00:00:00  -  Run Local Usage
		Usr 0 00:15:38, Sys 0 00:01:35  -  Total Remote Usage
		Usr 0 00:00:00, Sys 0 00:00:00  -  Total Local Usage
	0  -  Run Bytes Sent By Job
	0  -  Run Bytes Received By Job
	0  -  Total Bytes Sent By Job
	0  -  Total Bytes Received By Job
	Partitionable Resources :    Usage  Request Allocated
	   Cpus                 :                 1         1
	   Disk (KB)            :        1        1  20458261
	   Memory (MB)          :      419        1      4022
...
000 (4044172.348.000) 03/13 19:21:21 Job submitted from host: <192.168.1.109:9618?addrs=192.168.1.109-9618+[--1]-9618&noUDP&sock=3153_969b_4>
...
001 (4044172.348.000) 03/13 19:22:01 Job executing on host: <192.168.1.46:9618?addrs=192.168.1.46-9618+[--1]-9618&noUDP&sock=3272_2797_3>
...
006 (4044172.348.000) 03/13 19:22:09 Image size of job updated: 147496
	145  -  MemoryUsage of job (MB)
	147496  -  ResidentSetSize of job (KB)
...
006 (4044172.348.000) 03/13 19:27:09 Image size of job updated: 402644
	394  -  MemoryUsage of job (MB)
	402644  -  ResidentSetSize of job (KB)
...
006 (4044172.348.000) 03/13 19:32:10 Image size of job updated: 435904
	426  -  MemoryUsage of job (MB)
	435904  -  ResidentSetSize of job (KB)
...
006 (4044172.348.000) 03/13 19:37:11 Image size of job updated: 437704
	428  -  MemoryUsage of job (MB)
	437704  -  ResidentSetSize of job (KB)
...
006 (4044172.348.000) 03/13 19:52:12 Image size of job updated: 437712
	428  -  MemoryUsage of job (MB)
	437712  -  ResidentSetSize of job (KB)
...
006 (4044172.348.000) 03/13 19:57:12 Image size of job updated: 437724
	428  -  MemoryUsage of job (MB)
	437724  -  ResidentSetSize of job (KB)
...
006 (4044172.348.000) 03/13 20:10:38 Image size of job updated: 793236
	428  -  MemoryUsage of job (MB)
	437724  -  ResidentSetSize of job (KB)
...
005 (4044172.348.000) 03/13 20:10:38 Job terminated.
	(1) Normal termination (return value 0)
		Usr 0 00:16:46, Sys 0 00:01:56  -  Run Remote Usage
		Usr 0 00:00:00, Sys 0 00:00:00  -  Run Local Usage
		Usr 0 00:16:46, Sys 0 00:01:56  -  Total Remote Usage
		Usr 0 00:00:00, Sys 0 00:00:00  -  Total Local Usage
	0  -  Run Bytes Sent By Job
	0  -  Run Bytes Received By Job
	0  -  Total Bytes Sent By Job
	0  -  Total Bytes Received By Job
	Partitionable Resources :    Usage  Request Allocated
	   Cpus                 :                 1         1
	   Disk (KB)            :        1        1  20459165
	   Memory (MB)          :      428        1      4022
...
000 (4046522.348.000) 03/15 14:02:19 Job submitted from host: <192.168.1.109:9618?addrs=192.168.1.109-9618+[--1]-9618&noUDP&sock=3153_969b_4>
...
001 (4046522.348.000) 03/15 15:21:01 Job executing on host: <192.168.1.40:9618?addrs=192.168.1.40-9618+[--1]-9618&noUDP&sock=3366_a17e_3>
...
006 (4046522.348.000) 03/15 15:21:10 Image size of job updated: 243492
	161  -  MemoryUsage of job (MB)
	164684  -  ResidentSetSize of job (KB)
...
006 (4046522.348.000) 03/15 15:26:11 Image size of job updated: 326768
	319  -  MemoryUsage of job (MB)
	326540  -  ResidentSetSize of job (KB)
...
006 (4046522.348.000) 03/15 15:31:11 Image size of job updated: 327272
	320  -  MemoryUsage of job (MB)
	326772  -  ResidentSetSize of job (KB)
...
006 (4046522.348.000) 03/15 15:36:11 Image size of job updated: 327272
	320  -  MemoryUsage of job (MB)
	326832  -  ResidentSetSize of job (KB)
...
006 (4046522.348.000) 03/15 15:41:12 Image size of job updated: 327272
	320  -  MemoryUsage of job (MB)
	326840  -  ResidentSetSize of job (KB)
...
006 (4046522.348.000) 03/15 15:46:12 Image size of job updated: 327272
	320  -  MemoryUsage of job (MB)
	326844  -  ResidentSetSize of job (KB)
...
005 (4046522.348.000) 03/15 15:47:44 Job terminated.
	(1) Normal termination (return value 0)
		Usr 0 00:22:00, Sys 0 00:02:07  -  Run Remote Usage
		Usr 0 00:00:00, Sys 0 00:00:00  -  Run Local Usage
		Usr 0 00:22:00, Sys 0 00:02:07  -  Total Remote Usage
		Usr 0 00:00:00, Sys 0 00:00:00  -  Total Local Usage
	0  -  Run Bytes Sent By Job
	0  -  Run Bytes Received By Job
	0  -  Total Bytes Sent By Job
	0  -  Total Bytes Received By Job
	Partitionable Resources :    Usage  Request Allocated
	   Cpus                 :                 1         1
	   Disk (KB)            :        1        1  20457847
	   Memory (MB)          :      320        1      4022
...
