000 (4031466.303.000) 03/13 00:00:42 Job submitted from host: <192.168.1.109:9618?addrs=192.168.1.109-9618+[--1]-9618&noUDP&sock=3153_969b_4>
...
001 (4031466.303.000) 03/13 00:01:23 Job executing on host: <192.168.1.43:9618?addrs=192.168.1.43-9618+[--1]-9618&noUDP&sock=3360_24bc_3>
...
006 (4031466.303.000) 03/13 00:01:31 Image size of job updated: 61704
	58  -  MemoryUsage of job (MB)
	58440  -  ResidentSetSize of job (KB)
...
006 (4031466.303.000) 03/13 00:06:31 Image size of job updated: 341704
	334  -  MemoryUsage of job (MB)
	341704  -  ResidentSetSize of job (KB)
...
006 (4031466.303.000) 03/13 00:11:32 Image size of job updated: 425352
	416  -  MemoryUsage of job (MB)
	425352  -  ResidentSetSize of job (KB)
...
006 (4031466.303.000) 03/13 00:16:32 Image size of job updated: 425364
	416  -  MemoryUsage of job (MB)
	425364  -  ResidentSetSize of job (KB)
...
006 (4031466.303.000) 03/13 00:21:32 Image size of job updated: 425700
	416  -  MemoryUsage of job (MB)
	425700  -  ResidentSetSize of job (KB)
...
006 (4031466.303.000) 03/13 00:31:34 Image size of job updated: 425708
	416  -  MemoryUsage of job (MB)
	425708  -  ResidentSetSize of job (KB)
...
006 (4031466.303.000) 03/13 00:36:34 Image size of job updated: 425792
	416  -  MemoryUsage of job (MB)
	425792  -  ResidentSetSize of job (KB)
...
006 (4031466.303.000) 03/13 00:41:35 Image size of job updated: 425808
	416  -  MemoryUsage of job (MB)
	425808  -  ResidentSetSize of job (KB)
...
006 (4031466.303.000) 03/13 00:51:36 Image size of job updated: 425812
	416  -  MemoryUsage of job (MB)
	425812  -  ResidentSetSize of job (KB)
...
006 (4031466.303.000) 03/13 00:53:14 Image size of job updated: 783560
	416  -  MemoryUsage of job (MB)
	425812  -  ResidentSetSize of job (KB)
...
005 (4031466.303.000) 03/13 00:53:14 Job terminated.
	(1) Normal termination (return value 0)
		Usr 0 00:13:01, Sys 0 00:01:22  -  Run Remote Usage
		Usr 0 00:00:00, Sys 0 00:00:00  -  Run Local Usage
		Usr 0 00:13:01, Sys 0 00:01:22  -  Total Remote Usage
		Usr 0 00:00:00, Sys 0 00:00:00  -  Total Local Usage
	0  -  Run Bytes Sent By Job
	0  -  Run Bytes Received By Job
	0  -  Total Bytes Sent By Job
	0  -  Total Bytes Received By Job
	Partitionable Resources :    Usage  Request Allocated
	   Cpus                 :                 1         1
	   Disk (KB)            :        1        1  20458450
	   Memory (MB)          :      416        1      4022
...
000 (4044172.303.000) 03/13 19:21:21 Job submitted from host: <192.168.1.109:9618?addrs=192.168.1.109-9618+[--1]-9618&noUDP&sock=3153_969b_4>
...
001 (4044172.303.000) 03/13 19:21:59 Job executing on host: <192.168.1.44:9618?addrs=192.168.1.44-9618+[--1]-9618&noUDP&sock=3035_ca7b_3>
...
006 (4044172.303.000) 03/13 19:22:08 Image size of job updated: 147804
	144  -  MemoryUsage of job (MB)
	146904  -  ResidentSetSize of job (KB)
...
006 (4044172.303.000) 03/13 19:27:08 Image size of job updated: 370748
	363  -  MemoryUsage of job (MB)
	370748  -  ResidentSetSize of job (KB)
...
006 (4044172.303.000) 03/13 19:32:08 Image size of job updated: 424836
	415  -  MemoryUsage of job (MB)
	424836  -  ResidentSetSize of job (KB)
...
006 (4044172.303.000) 03/13 19:37:09 Image size of job updated: 425172
	416  -  MemoryUsage of job (MB)
	425172  -  ResidentSetSize of job (KB)
...
006 (4044172.303.000) 03/13 19:42:09 Image size of job updated: 425176
	416  -  MemoryUsage of job (MB)
	425176  -  ResidentSetSize of job (KB)
...
006 (4044172.303.000) 03/13 19:47:09 Image size of job updated: 425192
	416  -  MemoryUsage of job (MB)
	425192  -  ResidentSetSize of job (KB)
...
006 (4044172.303.000) 03/13 19:52:10 Image size of job updated: 425292
	416  -  MemoryUsage of job (MB)
	425292  -  ResidentSetSize of job (KB)
...
006 (4044172.303.000) 03/13 19:57:11 Image size of job updated: 425316
	416  -  MemoryUsage of job (MB)
	425316  -  ResidentSetSize of job (KB)
...
006 (4044172.303.000) 03/13 20:07:12 Image size of job updated: 425320
	416  -  MemoryUsage of job (MB)
	425320  -  ResidentSetSize of job (KB)
...
006 (4044172.303.000) 03/13 20:09:44 Image size of job updated: 783584
	416  -  MemoryUsage of job (MB)
	425320  -  ResidentSetSize of job (KB)
...
005 (4044172.303.000) 03/13 20:09:45 Job terminated.
	(1) Normal termination (return value 0)
		Usr 0 00:13:36, Sys 0 00:01:36  -  Run Remote Usage
		Usr 0 00:00:00, Sys 0 00:00:00  -  Run Local Usage
		Usr 0 00:13:36, Sys 0 00:01:36  -  Total Remote Usage
		Usr 0 00:00:00, Sys 0 00:00:00  -  Total Local Usage
	0  -  Run Bytes Sent By Job
	0  -  Run Bytes Received By Job
	0  -  Total Bytes Sent By Job
	0  -  Total Bytes Received By Job
	Partitionable Resources :    Usage  Request Allocated
	   Cpus                 :                 1         1
	   Disk (KB)            :        1        1  20458817
	   Memory (MB)          :      416        1      4022
...
000 (4046522.303.000) 03/15 14:02:18 Job submitted from host: <192.168.1.109:9618?addrs=192.168.1.109-9618+[--1]-9618&noUDP&sock=3153_969b_4>
...
001 (4046522.303.000) 03/15 15:16:56 Job executing on host: <192.168.1.65:9618?addrs=192.168.1.65-9618+[--1]-9618&noUDP&sock=3515_344b_35>
...
006 (4046522.303.000) 03/15 15:17:05 Image size of job updated: 422624
	336  -  MemoryUsage of job (MB)
	343528  -  ResidentSetSize of job (KB)
...
006 (4046522.303.000) 03/15 15:22:06 Image size of job updated: 425180
	415  -  MemoryUsage of job (MB)
	424444  -  ResidentSetSize of job (KB)
...
006 (4046522.303.000) 03/15 15:57:09 Image size of job updated: 464868
	454  -  MemoryUsage of job (MB)
	464128  -  ResidentSetSize of job (KB)
...
005 (4046522.303.000) 03/15 15:57:33 Job terminated.
	(1) Normal termination (return value 0)
		Usr 0 00:36:40, Sys 0 00:03:19  -  Run Remote Usage
		Usr 0 00:00:00, Sys 0 00:00:00  -  Run Local Usage
		Usr 0 00:36:40, Sys 0 00:03:19  -  Total Remote Usage
		Usr 0 00:00:00, Sys 0 00:00:00  -  Total Local Usage
	0  -  Run Bytes Sent By Job
	0  -  Run Bytes Received By Job
	0  -  Total Bytes Sent By Job
	0  -  Total Bytes Received By Job
	Partitionable Resources :    Usage  Request Allocated
	   Cpus                 :                 1         1
	   Disk (KB)            :        1        1  22684044
	   Memory (MB)          :      454        1      4015
...
