000 (4031466.469.000) 03/13 00:00:44 Job submitted from host: <192.168.1.109:9618?addrs=192.168.1.109-9618+[--1]-9618&noUDP&sock=3153_969b_4>
...
001 (4031466.469.000) 03/13 00:01:29 Job executing on host: <192.168.1.64:9618?addrs=192.168.1.64-9618+[--1]-9618&noUDP&sock=3497_7c66_22>
...
006 (4031466.469.000) 03/13 00:01:38 Image size of job updated: 173872
	147  -  MemoryUsage of job (MB)
	149884  -  ResidentSetSize of job (KB)
...
006 (4031466.469.000) 03/13 00:06:39 Image size of job updated: 422172
	413  -  MemoryUsage of job (MB)
	422172  -  ResidentSetSize of job (KB)
...
006 (4031466.469.000) 03/13 00:11:40 Image size of job updated: 422440
	413  -  MemoryUsage of job (MB)
	422440  -  ResidentSetSize of job (KB)
...
005 (4031466.469.000) 03/13 00:44:45 Job terminated.
	(1) Normal termination (return value 0)
		Usr 0 00:36:51, Sys 0 00:02:54  -  Run Remote Usage
		Usr 0 00:00:00, Sys 0 00:00:00  -  Run Local Usage
		Usr 0 00:36:51, Sys 0 00:02:54  -  Total Remote Usage
		Usr 0 00:00:00, Sys 0 00:00:00  -  Total Local Usage
	0  -  Run Bytes Sent By Job
	0  -  Run Bytes Received By Job
	0  -  Total Bytes Sent By Job
	0  -  Total Bytes Received By Job
	Partitionable Resources :    Usage  Request Allocated
	   Cpus                 :                 1         1
	   Disk (KB)            :        1        1  22685211
	   Memory (MB)          :      413        1      4015
...
000 (4044172.469.000) 03/13 19:21:22 Job submitted from host: <192.168.1.109:9618?addrs=192.168.1.109-9618+[--1]-9618&noUDP&sock=3153_969b_4>
...
001 (4044172.469.000) 03/13 19:22:02 Job executing on host: <192.168.1.47:9618?addrs=192.168.1.47-9618+[--1]-9618&noUDP&sock=3245_a288_3>
...
006 (4044172.469.000) 03/13 19:22:11 Image size of job updated: 147740
	143  -  MemoryUsage of job (MB)
	145536  -  ResidentSetSize of job (KB)
...
006 (4044172.469.000) 03/13 19:27:12 Image size of job updated: 339924
	332  -  MemoryUsage of job (MB)
	339924  -  ResidentSetSize of job (KB)
...
006 (4044172.469.000) 03/13 19:32:12 Image size of job updated: 422400
	413  -  MemoryUsage of job (MB)
	422400  -  ResidentSetSize of job (KB)
...
006 (4044172.469.000) 03/13 19:37:13 Image size of job updated: 422748
	413  -  MemoryUsage of job (MB)
	422748  -  ResidentSetSize of job (KB)
...
005 (4044172.469.000) 03/13 19:58:30 Job terminated.
	(1) Normal termination (return value 0)
		Usr 0 00:16:28, Sys 0 00:01:36  -  Run Remote Usage
		Usr 0 00:00:00, Sys 0 00:00:00  -  Run Local Usage
		Usr 0 00:16:28, Sys 0 00:01:36  -  Total Remote Usage
		Usr 0 00:00:00, Sys 0 00:00:00  -  Total Local Usage
	0  -  Run Bytes Sent By Job
	0  -  Run Bytes Received By Job
	0  -  Total Bytes Sent By Job
	0  -  Total Bytes Received By Job
	Partitionable Resources :    Usage  Request Allocated
	   Cpus                 :                 1         1
	   Disk (KB)            :        1        1  28493856
	   Memory (MB)          :      413        1      4020
...
000 (4046522.469.000) 03/15 14:02:20 Job submitted from host: <192.168.1.109:9618?addrs=192.168.1.109-9618+[--1]-9618&noUDP&sock=3153_969b_4>
...
001 (4046522.469.000) 03/15 15:31:12 Job executing on host: <192.168.1.41:9618?addrs=192.168.1.41-9618+[--1]-9618&noUDP&sock=3368_a17e_3>
...
006 (4046522.469.000) 03/15 15:31:20 Image size of job updated: 225320
	145  -  MemoryUsage of job (MB)
	148200  -  ResidentSetSize of job (KB)
...
006 (4046522.469.000) 03/15 15:36:20 Image size of job updated: 322556
	315  -  MemoryUsage of job (MB)
	321932  -  ResidentSetSize of job (KB)
...
006 (4046522.469.000) 03/15 15:41:21 Image size of job updated: 322676
	315  -  MemoryUsage of job (MB)
	322492  -  ResidentSetSize of job (KB)
...
006 (4046522.469.000) 03/15 15:46:22 Image size of job updated: 322704
	315  -  MemoryUsage of job (MB)
	322520  -  ResidentSetSize of job (KB)
...
005 (4046522.469.000) 03/15 15:49:00 Job terminated.
	(1) Normal termination (return value 0)
		Usr 0 00:15:07, Sys 0 00:01:30  -  Run Remote Usage
		Usr 0 00:00:00, Sys 0 00:00:00  -  Run Local Usage
		Usr 0 00:15:07, Sys 0 00:01:30  -  Total Remote Usage
		Usr 0 00:00:00, Sys 0 00:00:00  -  Total Local Usage
	0  -  Run Bytes Sent By Job
	0  -  Run Bytes Received By Job
	0  -  Total Bytes Sent By Job
	0  -  Total Bytes Received By Job
	Partitionable Resources :    Usage  Request Allocated
	   Cpus                 :                 1         1
	   Disk (KB)            :        1        1  20458618
	   Memory (MB)          :      315        1      4022
...
