000 (4031466.331.000) 03/13 00:00:43 Job submitted from host: <192.168.1.109:9618?addrs=192.168.1.109-9618+[--1]-9618&noUDP&sock=3153_969b_4>
...
001 (4031466.331.000) 03/13 00:01:24 Job executing on host: <192.168.1.41:9618?addrs=192.168.1.41-9618+[--1]-9618&noUDP&sock=3368_a17e_3>
...
006 (4031466.331.000) 03/13 00:01:33 Image size of job updated: 109028
	105  -  MemoryUsage of job (MB)
	106820  -  ResidentSetSize of job (KB)
...
006 (4031466.331.000) 03/13 00:06:34 Image size of job updated: 355516
	348  -  MemoryUsage of job (MB)
	355516  -  ResidentSetSize of job (KB)
...
006 (4031466.331.000) 03/13 00:11:34 Image size of job updated: 404484
	396  -  MemoryUsage of job (MB)
	404484  -  ResidentSetSize of job (KB)
...
006 (4031466.331.000) 03/13 00:16:34 Image size of job updated: 437756
	428  -  MemoryUsage of job (MB)
	437756  -  ResidentSetSize of job (KB)
...
006 (4031466.331.000) 03/13 00:21:35 Image size of job updated: 438228
	428  -  MemoryUsage of job (MB)
	438228  -  ResidentSetSize of job (KB)
...
006 (4031466.331.000) 03/13 00:36:36 Image size of job updated: 438236
	428  -  MemoryUsage of job (MB)
	438236  -  ResidentSetSize of job (KB)
...
006 (4031466.331.000) 03/13 00:52:46 Image size of job updated: 801300
	428  -  MemoryUsage of job (MB)
	438236  -  ResidentSetSize of job (KB)
...
005 (4031466.331.000) 03/13 00:52:47 Job terminated.
	(1) Normal termination (return value 0)
		Usr 0 00:16:34, Sys 0 00:01:40  -  Run Remote Usage
		Usr 0 00:00:00, Sys 0 00:00:00  -  Run Local Usage
		Usr 0 00:16:34, Sys 0 00:01:40  -  Total Remote Usage
		Usr 0 00:00:00, Sys 0 00:00:00  -  Total Local Usage
	0  -  Run Bytes Sent By Job
	0  -  Run Bytes Received By Job
	0  -  Total Bytes Sent By Job
	0  -  Total Bytes Received By Job
	Partitionable Resources :    Usage  Request Allocated
	   Cpus                 :                 1         1
	   Disk (KB)            :        1        1  20458618
	   Memory (MB)          :      428        1      4022
...
000 (4044172.331.000) 03/13 19:21:21 Job submitted from host: <192.168.1.109:9618?addrs=192.168.1.109-9618+[--1]-9618&noUDP&sock=3153_969b_4>
...
001 (4044172.331.000) 03/13 19:22:01 Job executing on host: <192.168.1.40:9618?addrs=192.168.1.40-9618+[--1]-9618&noUDP&sock=3366_a17e_3>
...
006 (4044172.331.000) 03/13 19:22:10 Image size of job updated: 112980
	110  -  MemoryUsage of job (MB)
	112012  -  ResidentSetSize of job (KB)
...
006 (4044172.331.000) 03/13 19:27:10 Image size of job updated: 354556
	347  -  MemoryUsage of job (MB)
	354476  -  ResidentSetSize of job (KB)
...
006 (4044172.331.000) 03/13 19:32:11 Image size of job updated: 440316
	430  -  MemoryUsage of job (MB)
	440236  -  ResidentSetSize of job (KB)
...
006 (4044172.331.000) 03/13 19:37:12 Image size of job updated: 440456
	431  -  MemoryUsage of job (MB)
	440376  -  ResidentSetSize of job (KB)
...
006 (4044172.331.000) 03/13 19:42:12 Image size of job updated: 440792
	431  -  MemoryUsage of job (MB)
	440712  -  ResidentSetSize of job (KB)
...
006 (4044172.331.000) 03/13 19:57:14 Image size of job updated: 440808
	431  -  MemoryUsage of job (MB)
	440728  -  ResidentSetSize of job (KB)
...
006 (4044172.331.000) 03/13 20:02:14 Image size of job updated: 440836
	431  -  MemoryUsage of job (MB)
	440756  -  ResidentSetSize of job (KB)
...
005 (4044172.331.000) 03/13 20:10:35 Job terminated.
	(1) Normal termination (return value 0)
		Usr 0 00:17:09, Sys 0 00:01:46  -  Run Remote Usage
		Usr 0 00:00:00, Sys 0 00:00:00  -  Run Local Usage
		Usr 0 00:17:09, Sys 0 00:01:46  -  Total Remote Usage
		Usr 0 00:00:00, Sys 0 00:00:00  -  Total Local Usage
	0  -  Run Bytes Sent By Job
	0  -  Run Bytes Received By Job
	0  -  Total Bytes Sent By Job
	0  -  Total Bytes Received By Job
	Partitionable Resources :    Usage  Request Allocated
	   Cpus                 :                 1         1
	   Disk (KB)            :        1        1  20457847
	   Memory (MB)          :      431        1      4022
...
000 (4046522.331.000) 03/15 14:02:19 Job submitted from host: <192.168.1.109:9618?addrs=192.168.1.109-9618+[--1]-9618&noUDP&sock=3153_969b_4>
...
001 (4046522.331.000) 03/15 15:19:20 Job executing on host: <192.168.1.40:9618?addrs=192.168.1.40-9618+[--1]-9618&noUDP&sock=3366_a17e_3>
...
006 (4046522.331.000) 03/15 15:19:28 Image size of job updated: 243348
	161  -  MemoryUsage of job (MB)
	164252  -  ResidentSetSize of job (KB)
...
006 (4046522.331.000) 03/15 15:24:28 Image size of job updated: 330068
	323  -  MemoryUsage of job (MB)
	329760  -  ResidentSetSize of job (KB)
...
006 (4046522.331.000) 03/15 15:29:29 Image size of job updated: 330076
	323  -  MemoryUsage of job (MB)
	329816  -  ResidentSetSize of job (KB)
...
006 (4046522.331.000) 03/15 15:34:30 Image size of job updated: 330256
	323  -  MemoryUsage of job (MB)
	329880  -  ResidentSetSize of job (KB)
...
006 (4046522.331.000) 03/15 15:39:30 Image size of job updated: 330256
	323  -  MemoryUsage of job (MB)
	329884  -  ResidentSetSize of job (KB)
...
005 (4046522.331.000) 03/15 15:46:37 Job terminated.
	(1) Normal termination (return value 0)
		Usr 0 00:22:09, Sys 0 00:02:04  -  Run Remote Usage
		Usr 0 00:00:00, Sys 0 00:00:00  -  Run Local Usage
		Usr 0 00:22:09, Sys 0 00:02:04  -  Total Remote Usage
		Usr 0 00:00:00, Sys 0 00:00:00  -  Total Local Usage
	0  -  Run Bytes Sent By Job
	0  -  Run Bytes Received By Job
	0  -  Total Bytes Sent By Job
	0  -  Total Bytes Received By Job
	Partitionable Resources :    Usage  Request Allocated
	   Cpus                 :                 1         1
	   Disk (KB)            :        1        1  20457847
	   Memory (MB)          :      323        1      4022
...
