000 (4031466.309.000) 03/13 00:00:42 Job submitted from host: <192.168.1.109:9618?addrs=192.168.1.109-9618+[--1]-9618&noUDP&sock=3153_969b_4>
...
001 (4031466.309.000) 03/13 00:01:23 Job executing on host: <192.168.1.42:9618?addrs=192.168.1.42-9618+[--1]-9618&noUDP&sock=3360_3385_3>
...
006 (4031466.309.000) 03/13 00:01:32 Image size of job updated: 107332
	105  -  MemoryUsage of job (MB)
	106764  -  ResidentSetSize of job (KB)
...
006 (4031466.309.000) 03/13 00:06:32 Image size of job updated: 336276
	329  -  MemoryUsage of job (MB)
	336276  -  ResidentSetSize of job (KB)
...
006 (4031466.309.000) 03/13 00:11:33 Image size of job updated: 423476
	414  -  MemoryUsage of job (MB)
	423476  -  ResidentSetSize of job (KB)
...
006 (4031466.309.000) 03/13 00:21:34 Image size of job updated: 423688
	414  -  MemoryUsage of job (MB)
	423688  -  ResidentSetSize of job (KB)
...
006 (4031466.309.000) 03/13 00:26:34 Image size of job updated: 423692
	414  -  MemoryUsage of job (MB)
	423692  -  ResidentSetSize of job (KB)
...
006 (4031466.309.000) 03/13 00:36:36 Image size of job updated: 423740
	414  -  MemoryUsage of job (MB)
	423740  -  ResidentSetSize of job (KB)
...
006 (4031466.309.000) 03/13 00:41:36 Image size of job updated: 423748
	414  -  MemoryUsage of job (MB)
	423748  -  ResidentSetSize of job (KB)
...
006 (4031466.309.000) 03/13 00:46:37 Image size of job updated: 423752
	414  -  MemoryUsage of job (MB)
	423752  -  ResidentSetSize of job (KB)
...
006 (4031466.309.000) 03/13 00:51:38 Image size of job updated: 423772
	414  -  MemoryUsage of job (MB)
	423772  -  ResidentSetSize of job (KB)
...
006 (4031466.309.000) 03/13 00:52:31 Image size of job updated: 782644
	414  -  MemoryUsage of job (MB)
	423772  -  ResidentSetSize of job (KB)
...
005 (4031466.309.000) 03/13 00:52:31 Job terminated.
	(1) Normal termination (return value 0)
		Usr 0 00:13:30, Sys 0 00:01:26  -  Run Remote Usage
		Usr 0 00:00:00, Sys 0 00:00:00  -  Run Local Usage
		Usr 0 00:13:30, Sys 0 00:01:26  -  Total Remote Usage
		Usr 0 00:00:00, Sys 0 00:00:00  -  Total Local Usage
	0  -  Run Bytes Sent By Job
	0  -  Run Bytes Received By Job
	0  -  Total Bytes Sent By Job
	0  -  Total Bytes Received By Job
	Partitionable Resources :    Usage  Request Allocated
	   Cpus                 :                 1         1
	   Disk (KB)            :        1        1  20458261
	   Memory (MB)          :      414        1      4022
...
000 (4044172.309.000) 03/13 19:21:21 Job submitted from host: <192.168.1.109:9618?addrs=192.168.1.109-9618+[--1]-9618&noUDP&sock=3153_969b_4>
...
001 (4044172.309.000) 03/13 19:22:01 Job executing on host: <192.168.1.42:9618?addrs=192.168.1.42-9618+[--1]-9618&noUDP&sock=3360_3385_3>
...
006 (4044172.309.000) 03/13 19:22:09 Image size of job updated: 123016
	110  -  MemoryUsage of job (MB)
	111744  -  ResidentSetSize of job (KB)
...
006 (4044172.309.000) 03/13 19:27:09 Image size of job updated: 351668
	332  -  MemoryUsage of job (MB)
	339472  -  ResidentSetSize of job (KB)
...
006 (4044172.309.000) 03/13 19:32:10 Image size of job updated: 437168
	416  -  MemoryUsage of job (MB)
	424972  -  ResidentSetSize of job (KB)
...
006 (4044172.309.000) 03/13 19:37:10 Image size of job updated: 438156
	416  -  MemoryUsage of job (MB)
	425960  -  ResidentSetSize of job (KB)
...
005 (4044172.309.000) 03/13 20:09:37 Job terminated.
	(1) Normal termination (return value 0)
		Usr 0 00:14:51, Sys 0 00:01:45  -  Run Remote Usage
		Usr 0 00:00:00, Sys 0 00:00:00  -  Run Local Usage
		Usr 0 00:14:51, Sys 0 00:01:45  -  Total Remote Usage
		Usr 0 00:00:00, Sys 0 00:00:00  -  Total Local Usage
	0  -  Run Bytes Sent By Job
	0  -  Run Bytes Received By Job
	0  -  Total Bytes Sent By Job
	0  -  Total Bytes Received By Job
	Partitionable Resources :    Usage  Request Allocated
	   Cpus                 :                 1         1
	   Disk (KB)            :        1        1  20458262
	   Memory (MB)          :      416        1      4022
...
000 (4046522.309.000) 03/15 14:02:18 Job submitted from host: <192.168.1.109:9618?addrs=192.168.1.109-9618+[--1]-9618&noUDP&sock=3153_969b_4>
...
001 (4046522.309.000) 03/15 15:17:37 Job executing on host: <192.168.1.65:9618?addrs=192.168.1.65-9618+[--1]-9618&noUDP&sock=3515_344b_35>
...
006 (4046522.309.000) 03/15 15:17:46 Image size of job updated: 422304
	336  -  MemoryUsage of job (MB)
	343244  -  ResidentSetSize of job (KB)
...
006 (4046522.309.000) 03/15 15:22:47 Image size of job updated: 428816
	419  -  MemoryUsage of job (MB)
	428216  -  ResidentSetSize of job (KB)
...
006 (4046522.309.000) 03/15 15:58:43 Image size of job updated: 782800
	419  -  MemoryUsage of job (MB)
	428216  -  ResidentSetSize of job (KB)
...
005 (4046522.309.000) 03/15 15:58:45 Job terminated.
	(1) Normal termination (return value 0)
		Usr 0 00:37:02, Sys 0 00:03:14  -  Run Remote Usage
		Usr 0 00:00:00, Sys 0 00:00:00  -  Run Local Usage
		Usr 0 00:37:02, Sys 0 00:03:14  -  Total Remote Usage
		Usr 0 00:00:00, Sys 0 00:00:00  -  Total Local Usage
	0  -  Run Bytes Sent By Job
	0  -  Run Bytes Received By Job
	0  -  Total Bytes Sent By Job
	0  -  Total Bytes Received By Job
	Partitionable Resources :    Usage  Request Allocated
	   Cpus                 :                 1         1
	   Disk (KB)            :        1        1  22684044
	   Memory (MB)          :      419        1      4015
...
