000 (4031466.281.000) 03/13 00:00:42 Job submitted from host: <192.168.1.109:9618?addrs=192.168.1.109-9618+[--1]-9618&noUDP&sock=3153_969b_4>
...
001 (4031466.281.000) 03/13 00:01:22 Job executing on host: <192.168.1.42:9618?addrs=192.168.1.42-9618+[--1]-9618&noUDP&sock=3360_3385_3>
...
006 (4031466.281.000) 03/13 00:01:30 Image size of job updated: 71852
	70  -  MemoryUsage of job (MB)
	71664  -  ResidentSetSize of job (KB)
...
006 (4031466.281.000) 03/13 00:06:30 Image size of job updated: 348164
	341  -  MemoryUsage of job (MB)
	348164  -  ResidentSetSize of job (KB)
...
006 (4031466.281.000) 03/13 00:11:31 Image size of job updated: 430384
	421  -  MemoryUsage of job (MB)
	430384  -  ResidentSetSize of job (KB)
...
006 (4031466.281.000) 03/13 00:21:31 Image size of job updated: 430424
	421  -  MemoryUsage of job (MB)
	430424  -  ResidentSetSize of job (KB)
...
006 (4031466.281.000) 03/13 00:31:33 Image size of job updated: 430428
	421  -  MemoryUsage of job (MB)
	430428  -  ResidentSetSize of job (KB)
...
006 (4031466.281.000) 03/13 00:36:33 Image size of job updated: 430512
	421  -  MemoryUsage of job (MB)
	430512  -  ResidentSetSize of job (KB)
...
006 (4031466.281.000) 03/13 00:41:34 Image size of job updated: 430528
	421  -  MemoryUsage of job (MB)
	430528  -  ResidentSetSize of job (KB)
...
006 (4031466.281.000) 03/13 00:51:35 Image size of job updated: 430540
	421  -  MemoryUsage of job (MB)
	430540  -  ResidentSetSize of job (KB)
...
005 (4031466.281.000) 03/13 00:52:56 Job terminated.
	(1) Normal termination (return value 0)
		Usr 0 00:13:42, Sys 0 00:01:25  -  Run Remote Usage
		Usr 0 00:00:00, Sys 0 00:00:00  -  Run Local Usage
		Usr 0 00:13:42, Sys 0 00:01:25  -  Total Remote Usage
		Usr 0 00:00:00, Sys 0 00:00:00  -  Total Local Usage
	0  -  Run Bytes Sent By Job
	0  -  Run Bytes Received By Job
	0  -  Total Bytes Sent By Job
	0  -  Total Bytes Received By Job
	Partitionable Resources :    Usage  Request Allocated
	   Cpus                 :                 1         1
	   Disk (KB)            :        1        1  20458262
	   Memory (MB)          :      421        1      4022
...
000 (4044172.281.000) 03/13 19:21:20 Job submitted from host: <192.168.1.109:9618?addrs=192.168.1.109-9618+[--1]-9618&noUDP&sock=3153_969b_4>
...
001 (4044172.281.000) 03/13 19:21:56 Job executing on host: <192.168.1.42:9618?addrs=192.168.1.42-9618+[--1]-9618&noUDP&sock=3360_3385_3>
...
006 (4044172.281.000) 03/13 19:22:04 Image size of job updated: 105572
	95  -  MemoryUsage of job (MB)
	97072  -  ResidentSetSize of job (KB)
...
006 (4044172.281.000) 03/13 19:27:04 Image size of job updated: 360644
	341  -  MemoryUsage of job (MB)
	348176  -  ResidentSetSize of job (KB)
...
006 (4044172.281.000) 03/13 19:32:05 Image size of job updated: 443368
	421  -  MemoryUsage of job (MB)
	430900  -  ResidentSetSize of job (KB)
...
006 (4044172.281.000) 03/13 19:37:06 Image size of job updated: 444868
	423  -  MemoryUsage of job (MB)
	432400  -  ResidentSetSize of job (KB)
...
005 (4044172.281.000) 03/13 20:09:22 Job terminated.
	(1) Normal termination (return value 0)
		Usr 0 00:15:02, Sys 0 00:01:47  -  Run Remote Usage
		Usr 0 00:00:00, Sys 0 00:00:00  -  Run Local Usage
		Usr 0 00:15:02, Sys 0 00:01:47  -  Total Remote Usage
		Usr 0 00:00:00, Sys 0 00:00:00  -  Total Local Usage
	0  -  Run Bytes Sent By Job
	0  -  Run Bytes Received By Job
	0  -  Total Bytes Sent By Job
	0  -  Total Bytes Received By Job
	Partitionable Resources :    Usage  Request Allocated
	   Cpus                 :                 1         1
	   Disk (KB)            :        1        1  20458262
	   Memory (MB)          :      423        1      4022
...
000 (4046522.281.000) 03/15 14:02:18 Job submitted from host: <192.168.1.109:9618?addrs=192.168.1.109-9618+[--1]-9618&noUDP&sock=3153_969b_4>
...
001 (4046522.281.000) 03/15 15:14:54 Job executing on host: <192.168.1.66:9618?addrs=192.168.1.66-9618+[--1]-9618&noUDP&sock=3560_0345_33>
...
006 (4046522.281.000) 03/15 15:15:03 Image size of job updated: 422728
	336  -  MemoryUsage of job (MB)
	343504  -  ResidentSetSize of job (KB)
...
006 (4046522.281.000) 03/15 15:20:04 Image size of job updated: 505956
	417  -  MemoryUsage of job (MB)
	426588  -  ResidentSetSize of job (KB)
...
006 (4046522.281.000) 03/15 15:30:05 Image size of job updated: 505956
	417  -  MemoryUsage of job (MB)
	426608  -  ResidentSetSize of job (KB)
...
006 (4046522.281.000) 03/15 15:35:05 Image size of job updated: 505956
	417  -  MemoryUsage of job (MB)
	426684  -  ResidentSetSize of job (KB)
...
006 (4046522.281.000) 03/15 15:40:06 Image size of job updated: 505956
	417  -  MemoryUsage of job (MB)
	426688  -  ResidentSetSize of job (KB)
...
006 (4046522.281.000) 03/15 15:45:06 Image size of job updated: 505956
	417  -  MemoryUsage of job (MB)
	426700  -  ResidentSetSize of job (KB)
...
006 (4046522.281.000) 03/15 15:50:06 Image size of job updated: 505956
	417  -  MemoryUsage of job (MB)
	426708  -  ResidentSetSize of job (KB)
...
006 (4046522.281.000) 03/15 15:55:07 Image size of job updated: 505956
	444  -  MemoryUsage of job (MB)
	453856  -  ResidentSetSize of job (KB)
...
005 (4046522.281.000) 03/15 15:55:15 Job terminated.
	(1) Normal termination (return value 0)
		Usr 0 00:36:33, Sys 0 00:03:09  -  Run Remote Usage
		Usr 0 00:00:00, Sys 0 00:00:00  -  Run Local Usage
		Usr 0 00:36:33, Sys 0 00:03:09  -  Total Remote Usage
		Usr 0 00:00:00, Sys 0 00:00:00  -  Total Local Usage
	0  -  Run Bytes Sent By Job
	0  -  Run Bytes Received By Job
	0  -  Total Bytes Sent By Job
	0  -  Total Bytes Received By Job
	Partitionable Resources :    Usage  Request Allocated
	   Cpus                 :                 1         1
	   Disk (KB)            :        1        1  22684277
	   Memory (MB)          :      444        1      4015
...
