000 (4031466.396.000) 03/13 00:00:43 Job submitted from host: <192.168.1.109:9618?addrs=192.168.1.109-9618+[--1]-9618&noUDP&sock=3153_969b_4>
...
001 (4031466.396.000) 03/13 00:01:26 Job executing on host: <192.168.1.40:9618?addrs=192.168.1.40-9618+[--1]-9618&noUDP&sock=3366_a17e_3>
...
006 (4031466.396.000) 03/13 00:01:35 Image size of job updated: 150820
	144  -  MemoryUsage of job (MB)
	146692  -  ResidentSetSize of job (KB)
...
006 (4031466.396.000) 03/13 00:06:36 Image size of job updated: 351932
	344  -  MemoryUsage of job (MB)
	351932  -  ResidentSetSize of job (KB)
...
006 (4031466.396.000) 03/13 00:11:36 Image size of job updated: 443944
	434  -  MemoryUsage of job (MB)
	443944  -  ResidentSetSize of job (KB)
...
006 (4031466.396.000) 03/13 00:21:37 Image size of job updated: 444392
	434  -  MemoryUsage of job (MB)
	444392  -  ResidentSetSize of job (KB)
...
006 (4031466.396.000) 03/13 00:51:40 Image size of job updated: 444520
	435  -  MemoryUsage of job (MB)
	444520  -  ResidentSetSize of job (KB)
...
006 (4031466.396.000) 03/13 00:55:39 Image size of job updated: 805304
	435  -  MemoryUsage of job (MB)
	444520  -  ResidentSetSize of job (KB)
...
005 (4031466.396.000) 03/13 00:55:39 Job terminated.
	(1) Normal termination (return value 0)
		Usr 0 00:17:01, Sys 0 00:01:40  -  Run Remote Usage
		Usr 0 00:00:00, Sys 0 00:00:00  -  Run Local Usage
		Usr 0 00:17:01, Sys 0 00:01:40  -  Total Remote Usage
		Usr 0 00:00:00, Sys 0 00:00:00  -  Total Local Usage
	0  -  Run Bytes Sent By Job
	0  -  Run Bytes Received By Job
	0  -  Total Bytes Sent By Job
	0  -  Total Bytes Received By Job
	Partitionable Resources :    Usage  Request Allocated
	   Cpus                 :                 1         1
	   Disk (KB)            :        1        1  20457847
	   Memory (MB)          :      435        1      4022
...
000 (4044172.396.000) 03/13 19:21:22 Job submitted from host: <192.168.1.109:9618?addrs=192.168.1.109-9618+[--1]-9618&noUDP&sock=3153_969b_4>
...
001 (4044172.396.000) 03/13 19:22:01 Job executing on host: <192.168.1.43:9618?addrs=192.168.1.43-9618+[--1]-9618&noUDP&sock=3360_24bc_3>
...
006 (4044172.396.000) 03/13 19:22:11 Image size of job updated: 10184
	10  -  MemoryUsage of job (MB)
	10040  -  ResidentSetSize of job (KB)
...
006 (4044172.396.000) 03/13 19:27:12 Image size of job updated: 349568
	342  -  MemoryUsage of job (MB)
	349568  -  ResidentSetSize of job (KB)
...
006 (4044172.396.000) 03/13 19:32:13 Image size of job updated: 370420
	362  -  MemoryUsage of job (MB)
	370420  -  ResidentSetSize of job (KB)
...
006 (4044172.396.000) 03/13 19:37:13 Image size of job updated: 439140
	429  -  MemoryUsage of job (MB)
	439140  -  ResidentSetSize of job (KB)
...
006 (4044172.396.000) 03/13 19:47:14 Image size of job updated: 439204
	429  -  MemoryUsage of job (MB)
	439204  -  ResidentSetSize of job (KB)
...
006 (4044172.396.000) 03/13 20:02:16 Image size of job updated: 439360
	430  -  MemoryUsage of job (MB)
	439360  -  ResidentSetSize of job (KB)
...
006 (4044172.396.000) 03/13 20:07:17 Image size of job updated: 439364
	430  -  MemoryUsage of job (MB)
	439364  -  ResidentSetSize of job (KB)
...
006 (4044172.396.000) 03/13 20:12:17 Image size of job updated: 439456
	430  -  MemoryUsage of job (MB)
	439368  -  ResidentSetSize of job (KB)
...
006 (4044172.396.000) 03/13 20:13:57 Image size of job updated: 440904
	430  -  MemoryUsage of job (MB)
	439368  -  ResidentSetSize of job (KB)
...
005 (4044172.396.000) 03/13 20:13:58 Job terminated.
	(1) Normal termination (return value 0)
		Usr 0 00:17:13, Sys 0 00:01:57  -  Run Remote Usage
		Usr 0 00:00:00, Sys 0 00:00:00  -  Run Local Usage
		Usr 0 00:17:13, Sys 0 00:01:57  -  Total Remote Usage
		Usr 0 00:00:00, Sys 0 00:00:00  -  Total Local Usage
	0  -  Run Bytes Sent By Job
	0  -  Run Bytes Received By Job
	0  -  Total Bytes Sent By Job
	0  -  Total Bytes Received By Job
	Partitionable Resources :    Usage  Request Allocated
	   Cpus                 :                 1         1
	   Disk (KB)            :        1        1  20458450
	   Memory (MB)          :      430        1      4022
...
000 (4046522.396.000) 03/15 14:02:20 Job submitted from host: <192.168.1.109:9618?addrs=192.168.1.109-9618+[--1]-9618&noUDP&sock=3153_969b_4>
...
001 (4046522.396.000) 03/15 15:26:07 Job executing on host: <192.168.1.42:9618?addrs=192.168.1.42-9618+[--1]-9618&noUDP&sock=3360_3385_3>
...
006 (4046522.396.000) 03/15 15:26:15 Image size of job updated: 244140
	162  -  MemoryUsage of job (MB)
	165072  -  ResidentSetSize of job (KB)
...
006 (4046522.396.000) 03/15 15:31:15 Image size of job updated: 333468
	323  -  MemoryUsage of job (MB)
	330588  -  ResidentSetSize of job (KB)
...
006 (4046522.396.000) 03/15 15:36:16 Image size of job updated: 333468
	324  -  MemoryUsage of job (MB)
	331024  -  ResidentSetSize of job (KB)
...
006 (4046522.396.000) 03/15 15:41:17 Image size of job updated: 333468
	324  -  MemoryUsage of job (MB)
	331040  -  ResidentSetSize of job (KB)
...
006 (4046522.396.000) 03/15 15:46:17 Image size of job updated: 333468
	324  -  MemoryUsage of job (MB)
	331580  -  ResidentSetSize of job (KB)
...
005 (4046522.396.000) 03/15 15:51:39 Job terminated.
	(1) Normal termination (return value 0)
		Usr 0 00:21:06, Sys 0 00:02:08  -  Run Remote Usage
		Usr 0 00:00:00, Sys 0 00:00:00  -  Run Local Usage
		Usr 0 00:21:06, Sys 0 00:02:08  -  Total Remote Usage
		Usr 0 00:00:00, Sys 0 00:00:00  -  Total Local Usage
	0  -  Run Bytes Sent By Job
	0  -  Run Bytes Received By Job
	0  -  Total Bytes Sent By Job
	0  -  Total Bytes Received By Job
	Partitionable Resources :    Usage  Request Allocated
	   Cpus                 :                 1         1
	   Disk (KB)            :        1        1  20458262
	   Memory (MB)          :      324        1      4022
...
