000 (4031233.045.000) 03/12 14:28:34 Job submitted from host: <192.168.1.109:9618?addrs=192.168.1.109-9618+[--1]-9618&noUDP&sock=3153_969b_4>
...
001 (4031233.045.000) 03/12 14:28:48 Job executing on host: <192.168.1.51:9618?addrs=192.168.1.51-9618+[--1]-9618&noUDP&sock=3125_b25b_3>
...
006 (4031233.045.000) 03/12 14:28:56 Image size of job updated: 127040
	116  -  MemoryUsage of job (MB)
	117960  -  ResidentSetSize of job (KB)
...
006 (4031233.045.000) 03/12 14:33:56 Image size of job updated: 477096
	455  -  MemoryUsage of job (MB)
	465048  -  ResidentSetSize of job (KB)
...
006 (4031233.045.000) 03/12 14:43:57 Image size of job updated: 477096
	455  -  MemoryUsage of job (MB)
	465052  -  ResidentSetSize of job (KB)
...
005 (4031233.045.000) 03/12 14:47:44 Job terminated.
	(1) Normal termination (return value 0)
		Usr 0 00:16:37, Sys 0 00:01:39  -  Run Remote Usage
		Usr 0 00:00:00, Sys 0 00:00:00  -  Run Local Usage
		Usr 0 00:16:37, Sys 0 00:01:39  -  Total Remote Usage
		Usr 0 00:00:00, Sys 0 00:00:00  -  Total Local Usage
	0  -  Run Bytes Sent By Job
	0  -  Run Bytes Received By Job
	0  -  Total Bytes Sent By Job
	0  -  Total Bytes Received By Job
	Partitionable Resources :    Usage  Request Allocated
	   Cpus                 :                 1         1
	   Disk (KB)            :        1        1  28494197
	   Memory (MB)          :      455        1      4020
...
000 (4031234.045.000) 03/12 15:03:14 Job submitted from host: <192.168.1.109:9618?addrs=192.168.1.109-9618+[--1]-9618&noUDP&sock=3153_969b_4>
...
001 (4031234.045.000) 03/12 15:03:39 Job executing on host: <192.168.1.44:9618?addrs=192.168.1.44-9618+[--1]-9618&noUDP&sock=3035_ca7b_3>
...
006 (4031234.045.000) 03/12 15:03:48 Image size of job updated: 168772
	161  -  MemoryUsage of job (MB)
	164664  -  ResidentSetSize of job (KB)
...
006 (4031234.045.000) 03/12 15:08:49 Image size of job updated: 340124
	333  -  MemoryUsage of job (MB)
	339984  -  ResidentSetSize of job (KB)
...
006 (4031234.045.000) 03/12 15:12:48 Image size of job updated: 822332
	333  -  MemoryUsage of job (MB)
	339984  -  ResidentSetSize of job (KB)
...
004 (4031234.045.000) 03/12 15:12:48 Job was evicted.
	(0) Job was not checkpointed.
		Usr 0 00:07:44, Sys 0 00:00:54  -  Run Remote Usage
		Usr 0 00:00:00, Sys 0 00:00:00  -  Run Local Usage
	0  -  Run Bytes Sent By Job
	0  -  Run Bytes Received By Job
	Partitionable Resources :    Usage  Request Allocated
	   Cpus                 :                 1         1
	   Disk (KB)            :        1        1  20458817
	   Memory (MB)          :      333        1      4022
...
009 (4031234.045.000) 03/12 15:12:52 Job was aborted by the user.
	via condor_rm (by user routray)
...
000 (4031235.045.000) 03/12 15:16:44 Job submitted from host: <192.168.1.109:9618?addrs=192.168.1.109-9618+[--1]-9618&noUDP&sock=3153_969b_4>
...
001 (4031235.045.000) 03/12 15:17:00 Job executing on host: <192.168.1.54:9618?addrs=192.168.1.54-9618+[--1]-9618&noUDP&sock=3362_92b5_36>
...
006 (4031235.045.000) 03/12 15:17:08 Image size of job updated: 415028
	363  -  MemoryUsage of job (MB)
	371016  -  ResidentSetSize of job (KB)
...
006 (4031235.045.000) 03/12 15:22:08 Image size of job updated: 512344
	458  -  MemoryUsage of job (MB)
	468312  -  ResidentSetSize of job (KB)
...
006 (4031235.045.000) 03/12 15:27:09 Image size of job updated: 512448
	458  -  MemoryUsage of job (MB)
	468416  -  ResidentSetSize of job (KB)
...
006 (4031235.045.000) 03/12 15:32:09 Image size of job updated: 512464
	458  -  MemoryUsage of job (MB)
	468432  -  ResidentSetSize of job (KB)
...
006 (4031235.045.000) 03/12 15:42:10 Image size of job updated: 540880
	486  -  MemoryUsage of job (MB)
	496848  -  ResidentSetSize of job (KB)
...
006 (4031235.045.000) 03/12 15:47:11 Image size of job updated: 545476
	490  -  MemoryUsage of job (MB)
	501444  -  ResidentSetSize of job (KB)
...
006 (4031235.045.000) 03/12 16:03:20 Image size of job updated: 667504
	490  -  MemoryUsage of job (MB)
	501444  -  ResidentSetSize of job (KB)
...
005 (4031235.045.000) 03/12 16:03:20 Job terminated.
	(1) Normal termination (return value 0)
		Usr 0 00:42:08, Sys 0 00:03:59  -  Run Remote Usage
		Usr 0 00:00:00, Sys 0 00:00:00  -  Run Local Usage
		Usr 0 00:42:08, Sys 0 00:03:59  -  Total Remote Usage
		Usr 0 00:00:00, Sys 0 00:00:00  -  Total Local Usage
	0  -  Run Bytes Sent By Job
	0  -  Run Bytes Received By Job
	0  -  Total Bytes Sent By Job
	0  -  Total Bytes Received By Job
	Partitionable Resources :    Usage  Request Allocated
	   Cpus                 :                 1         1
	   Disk (KB)            :        1        1  22660606
	   Memory (MB)          :      490        1      4001
...
000 (4031450.045.000) 03/12 16:23:12 Job submitted from host: <192.168.1.109:9618?addrs=192.168.1.109-9618+[--1]-9618&noUDP&sock=3153_969b_4>
...
001 (4031450.045.000) 03/12 16:23:35 Job executing on host: <192.168.1.42:9618?addrs=192.168.1.42-9618+[--1]-9618&noUDP&sock=3360_3385_3>
...
006 (4031450.045.000) 03/12 16:23:44 Image size of job updated: 396112
	359  -  MemoryUsage of job (MB)
	366932  -  ResidentSetSize of job (KB)
...
006 (4031450.045.000) 03/12 16:28:44 Image size of job updated: 489636
	450  -  MemoryUsage of job (MB)
	460432  -  ResidentSetSize of job (KB)
...
006 (4031450.045.000) 03/12 16:33:44 Image size of job updated: 489640
	450  -  MemoryUsage of job (MB)
	460436  -  ResidentSetSize of job (KB)
...
006 (4031450.045.000) 03/12 16:38:45 Image size of job updated: 489644
	450  -  MemoryUsage of job (MB)
	460440  -  ResidentSetSize of job (KB)
...
005 (4031450.045.000) 03/12 16:45:57 Job terminated.
	(1) Normal termination (return value 0)
		Usr 0 00:20:07, Sys 0 00:01:52  -  Run Remote Usage
		Usr 0 00:00:00, Sys 0 00:00:00  -  Run Local Usage
		Usr 0 00:20:07, Sys 0 00:01:52  -  Total Remote Usage
		Usr 0 00:00:00, Sys 0 00:00:00  -  Total Local Usage
	0  -  Run Bytes Sent By Job
	0  -  Run Bytes Received By Job
	0  -  Total Bytes Sent By Job
	0  -  Total Bytes Received By Job
	Partitionable Resources :    Usage  Request Allocated
	   Cpus                 :                 1         1
	   Disk (KB)            :        1        1  20458262
	   Memory (MB)          :      450        1      4022
...
000 (4031461.045.000) 03/12 18:25:46 Job submitted from host: <192.168.1.109:9618?addrs=192.168.1.109-9618+[--1]-9618&noUDP&sock=3153_969b_4>
...
001 (4031461.045.000) 03/12 18:25:58 Job executing on host: <192.168.1.42:9618?addrs=192.168.1.42-9618+[--1]-9618&noUDP&sock=3360_3385_3>
...
006 (4031461.045.000) 03/12 18:26:07 Image size of job updated: 166644
	161  -  MemoryUsage of job (MB)
	164300  -  ResidentSetSize of job (KB)
...
006 (4031461.045.000) 03/12 18:31:08 Image size of job updated: 338528
	330  -  MemoryUsage of job (MB)
	337276  -  ResidentSetSize of job (KB)
...
006 (4031461.045.000) 03/12 18:36:09 Image size of job updated: 338684
	330  -  MemoryUsage of job (MB)
	337432  -  ResidentSetSize of job (KB)
...
006 (4031461.045.000) 03/12 18:41:09 Image size of job updated: 338688
	330  -  MemoryUsage of job (MB)
	337436  -  ResidentSetSize of job (KB)
...
006 (4031461.045.000) 03/12 18:46:09 Image size of job updated: 338696
	330  -  MemoryUsage of job (MB)
	337444  -  ResidentSetSize of job (KB)
...
005 (4031461.045.000) 03/12 18:47:43 Job terminated.
	(1) Normal termination (return value 0)
		Usr 0 00:19:32, Sys 0 00:01:52  -  Run Remote Usage
		Usr 0 00:00:00, Sys 0 00:00:00  -  Run Local Usage
		Usr 0 00:19:32, Sys 0 00:01:52  -  Total Remote Usage
		Usr 0 00:00:00, Sys 0 00:00:00  -  Total Local Usage
	0  -  Run Bytes Sent By Job
	0  -  Run Bytes Received By Job
	0  -  Total Bytes Sent By Job
	0  -  Total Bytes Received By Job
	Partitionable Resources :    Usage  Request Allocated
	   Cpus                 :                 1         1
	   Disk (KB)            :        1        1  20458262
	   Memory (MB)          :      330        1      4022
...
000 (4031462.045.000) 03/12 20:10:16 Job submitted from host: <192.168.1.109:9618?addrs=192.168.1.109-9618+[--1]-9618&noUDP&sock=3153_969b_4>
...
001 (4031462.045.000) 03/12 20:10:40 Job executing on host: <192.168.1.41:9618?addrs=192.168.1.41-9618+[--1]-9618&noUDP&sock=3368_a17e_3>
...
006 (4031462.045.000) 03/12 20:10:48 Image size of job updated: 103112
	100  -  MemoryUsage of job (MB)
	102084  -  ResidentSetSize of job (KB)
...
006 (4031462.045.000) 03/12 20:15:48 Image size of job updated: 319360
	312  -  MemoryUsage of job (MB)
	318648  -  ResidentSetSize of job (KB)
...
006 (4031462.045.000) 03/12 20:20:49 Image size of job updated: 320436
	313  -  MemoryUsage of job (MB)
	319724  -  ResidentSetSize of job (KB)
...
005 (4031462.045.000) 03/12 20:24:55 Job terminated.
	(1) Normal termination (return value 0)
		Usr 0 00:11:58, Sys 0 00:01:19  -  Run Remote Usage
		Usr 0 00:00:00, Sys 0 00:00:00  -  Run Local Usage
		Usr 0 00:11:58, Sys 0 00:01:19  -  Total Remote Usage
		Usr 0 00:00:00, Sys 0 00:00:00  -  Total Local Usage
	0  -  Run Bytes Sent By Job
	0  -  Run Bytes Received By Job
	0  -  Total Bytes Sent By Job
	0  -  Total Bytes Received By Job
	Partitionable Resources :    Usage  Request Allocated
	   Cpus                 :                 1         1
	   Disk (KB)            :        1        1  20458619
	   Memory (MB)          :      313        1      4022
...
000 (4031463.045.000) 03/12 21:35:08 Job submitted from host: <192.168.1.109:9618?addrs=192.168.1.109-9618+[--1]-9618&noUDP&sock=3153_969b_4>
...
001 (4031463.045.000) 03/12 21:35:42 Job executing on host: <192.168.1.42:9618?addrs=192.168.1.42-9618+[--1]-9618&noUDP&sock=3360_3385_3>
...
006 (4031463.045.000) 03/12 21:35:51 Image size of job updated: 5564
	6  -  MemoryUsage of job (MB)
	5416  -  ResidentSetSize of job (KB)
...
006 (4031463.045.000) 03/12 21:40:52 Image size of job updated: 434344
	416  -  MemoryUsage of job (MB)
	425744  -  ResidentSetSize of job (KB)
...
005 (4031463.045.000) 03/12 21:45:38 Job terminated.
	(1) Normal termination (return value 0)
		Usr 0 00:07:36, Sys 0 00:00:53  -  Run Remote Usage
		Usr 0 00:00:00, Sys 0 00:00:00  -  Run Local Usage
		Usr 0 00:07:36, Sys 0 00:00:53  -  Total Remote Usage
		Usr 0 00:00:00, Sys 0 00:00:00  -  Total Local Usage
	0  -  Run Bytes Sent By Job
	0  -  Run Bytes Received By Job
	0  -  Total Bytes Sent By Job
	0  -  Total Bytes Received By Job
	Partitionable Resources :    Usage  Request Allocated
	   Cpus                 :                 1         1
	   Disk (KB)            :        1        1  20458262
	   Memory (MB)          :      416        1      4022
...
000 (4031464.045.000) 03/12 22:37:43 Job submitted from host: <192.168.1.109:9618?addrs=192.168.1.109-9618+[--1]-9618&noUDP&sock=3153_969b_4>
...
001 (4031464.045.000) 03/12 22:37:47 Job executing on host: <192.168.1.51:9618?addrs=192.168.1.51-9618+[--1]-9618&noUDP&sock=3125_b25b_3>
...
006 (4031464.045.000) 03/12 22:37:56 Image size of job updated: 161980
	145  -  MemoryUsage of job (MB)
	147840  -  ResidentSetSize of job (KB)
...
006 (4031464.045.000) 03/12 22:42:56 Image size of job updated: 436440
	412  -  MemoryUsage of job (MB)
	421700  -  ResidentSetSize of job (KB)
...
005 (4031464.045.000) 03/12 22:47:56 Job terminated.
	(1) Normal termination (return value 0)
		Usr 0 00:08:55, Sys 0 00:00:54  -  Run Remote Usage
		Usr 0 00:00:00, Sys 0 00:00:00  -  Run Local Usage
		Usr 0 00:08:55, Sys 0 00:00:54  -  Total Remote Usage
		Usr 0 00:00:00, Sys 0 00:00:00  -  Total Local Usage
	0  -  Run Bytes Sent By Job
	0  -  Run Bytes Received By Job
	0  -  Total Bytes Sent By Job
	0  -  Total Bytes Received By Job
	Partitionable Resources :    Usage  Request Allocated
	   Cpus                 :                 1         1
	   Disk (KB)            :        1        1  28494198
	   Memory (MB)          :      412        1      4020
...
000 (4031465.045.000) 03/12 23:18:12 Job submitted from host: <192.168.1.109:9618?addrs=192.168.1.109-9618+[--1]-9618&noUDP&sock=3153_969b_4>
...
001 (4031465.045.000) 03/12 23:18:15 Job executing on host: <192.168.1.51:9618?addrs=192.168.1.51-9618+[--1]-9618&noUDP&sock=3125_b25b_3>
...
006 (4031465.045.000) 03/12 23:18:24 Image size of job updated: 251424
	235  -  MemoryUsage of job (MB)
	240528  -  ResidentSetSize of job (KB)
...
006 (4031465.045.000) 03/12 23:23:25 Image size of job updated: 441108
	421  -  MemoryUsage of job (MB)
	430212  -  ResidentSetSize of job (KB)
...
006 (4031465.045.000) 03/12 23:28:25 Image size of job updated: 441184
	421  -  MemoryUsage of job (MB)
	430288  -  ResidentSetSize of job (KB)
...
005 (4031465.045.000) 03/12 23:31:24 Job terminated.
	(1) Normal termination (return value 0)
		Usr 0 00:11:33, Sys 0 00:01:08  -  Run Remote Usage
		Usr 0 00:00:00, Sys 0 00:00:00  -  Run Local Usage
		Usr 0 00:11:33, Sys 0 00:01:08  -  Total Remote Usage
		Usr 0 00:00:00, Sys 0 00:00:00  -  Total Local Usage
	0  -  Run Bytes Sent By Job
	0  -  Run Bytes Received By Job
	0  -  Total Bytes Sent By Job
	0  -  Total Bytes Received By Job
	Partitionable Resources :    Usage  Request Allocated
	   Cpus                 :                 1         1
	   Disk (KB)            :        1        1  28494198
	   Memory (MB)          :      421        1      4020
...
000 (4031466.045.000) 03/13 00:00:40 Job submitted from host: <192.168.1.109:9618?addrs=192.168.1.109-9618+[--1]-9618&noUDP&sock=3153_969b_4>
...
001 (4031466.045.000) 03/13 00:01:09 Job executing on host: <192.168.1.42:9618?addrs=192.168.1.42-9618+[--1]-9618&noUDP&sock=3360_3385_3>
...
006 (4031466.045.000) 03/13 00:01:18 Image size of job updated: 384240
	364  -  MemoryUsage of job (MB)
	372140  -  ResidentSetSize of job (KB)
...
006 (4031466.045.000) 03/13 00:06:19 Image size of job updated: 454236
	444  -  MemoryUsage of job (MB)
	454236  -  ResidentSetSize of job (KB)
...
006 (4031466.045.000) 03/13 00:21:20 Image size of job updated: 454280
	444  -  MemoryUsage of job (MB)
	454280  -  ResidentSetSize of job (KB)
...
006 (4031466.045.000) 03/13 00:26:21 Image size of job updated: 487004
	476  -  MemoryUsage of job (MB)
	487004  -  ResidentSetSize of job (KB)
...
006 (4031466.045.000) 03/13 00:51:23 Image size of job updated: 608936
	595  -  MemoryUsage of job (MB)
	608936  -  ResidentSetSize of job (KB)
...
006 (4031466.045.000) 03/13 00:52:58 Image size of job updated: 936688
	595  -  MemoryUsage of job (MB)
	608936  -  ResidentSetSize of job (KB)
...
005 (4031466.045.000) 03/13 00:52:58 Job terminated.
	(1) Normal termination (return value 0)
		Usr 0 00:16:46, Sys 0 00:01:48  -  Run Remote Usage
		Usr 0 00:00:00, Sys 0 00:00:00  -  Run Local Usage
		Usr 0 00:16:46, Sys 0 00:01:48  -  Total Remote Usage
		Usr 0 00:00:00, Sys 0 00:00:00  -  Total Local Usage
	0  -  Run Bytes Sent By Job
	0  -  Run Bytes Received By Job
	0  -  Total Bytes Sent By Job
	0  -  Total Bytes Received By Job
	Partitionable Resources :    Usage  Request Allocated
	   Cpus                 :                 1         1
	   Disk (KB)            :        1        1  20458262
	   Memory (MB)          :      595        1      4022
...
000 (4044172.045.000) 03/13 19:21:17 Job submitted from host: <192.168.1.109:9618?addrs=192.168.1.109-9618+[--1]-9618&noUDP&sock=3153_969b_4>
...
001 (4044172.045.000) 03/13 19:21:44 Job executing on host: <192.168.1.51:9618?addrs=192.168.1.51-9618+[--1]-9618&noUDP&sock=3125_b25b_3>
...
006 (4044172.045.000) 03/13 19:21:52 Image size of job updated: 132368
	122  -  MemoryUsage of job (MB)
	124252  -  ResidentSetSize of job (KB)
...
006 (4044172.045.000) 03/13 19:26:52 Image size of job updated: 457212
	447  -  MemoryUsage of job (MB)
	457204  -  ResidentSetSize of job (KB)
...
006 (4044172.045.000) 03/13 19:31:53 Image size of job updated: 457228
	447  -  MemoryUsage of job (MB)
	457220  -  ResidentSetSize of job (KB)
...
006 (4044172.045.000) 03/13 19:36:54 Image size of job updated: 457352
	447  -  MemoryUsage of job (MB)
	457344  -  ResidentSetSize of job (KB)
...
006 (4044172.045.000) 03/13 19:46:54 Image size of job updated: 457404
	447  -  MemoryUsage of job (MB)
	457396  -  ResidentSetSize of job (KB)
...
006 (4044172.045.000) 03/13 19:51:55 Image size of job updated: 457444
	447  -  MemoryUsage of job (MB)
	457436  -  ResidentSetSize of job (KB)
...
006 (4044172.045.000) 03/13 19:56:55 Image size of job updated: 457808
	447  -  MemoryUsage of job (MB)
	457600  -  ResidentSetSize of job (KB)
...
006 (4044172.045.000) 03/13 20:01:55 Image size of job updated: 611692
	598  -  MemoryUsage of job (MB)
	611480  -  ResidentSetSize of job (KB)
...
006 (4044172.045.000) 03/13 20:04:41 Image size of job updated: 936688
	598  -  MemoryUsage of job (MB)
	611480  -  ResidentSetSize of job (KB)
...
005 (4044172.045.000) 03/13 20:04:41 Job terminated.
	(1) Normal termination (return value 0)
		Usr 0 00:20:00, Sys 0 00:02:00  -  Run Remote Usage
		Usr 0 00:00:00, Sys 0 00:00:00  -  Run Local Usage
		Usr 0 00:20:00, Sys 0 00:02:00  -  Total Remote Usage
		Usr 0 00:00:00, Sys 0 00:00:00  -  Total Local Usage
	0  -  Run Bytes Sent By Job
	0  -  Run Bytes Received By Job
	0  -  Total Bytes Sent By Job
	0  -  Total Bytes Received By Job
	Partitionable Resources :    Usage  Request Allocated
	   Cpus                 :                 1         1
	   Disk (KB)            :        1        1  28494198
	   Memory (MB)          :      598        1      4020
...
000 (4044175.045.000) 03/13 20:53:38 Job submitted from host: <192.168.1.109:9618?addrs=192.168.1.109-9618+[--1]-9618&noUDP&sock=3153_969b_4>
...
001 (4044175.045.000) 03/13 20:53:56 Job executing on host: <192.168.1.52:9618?addrs=192.168.1.52-9618+[--1]-9618&noUDP&sock=3327_407d_36>
...
006 (4044175.045.000) 03/13 20:54:05 Image size of job updated: 121464
	109  -  MemoryUsage of job (MB)
	111048  -  ResidentSetSize of job (KB)
...
006 (4044175.045.000) 03/13 20:59:06 Image size of job updated: 447896
	424  -  MemoryUsage of job (MB)
	433440  -  ResidentSetSize of job (KB)
...
006 (4044175.045.000) 03/13 21:04:07 Image size of job updated: 485020
	460  -  MemoryUsage of job (MB)
	470564  -  ResidentSetSize of job (KB)
...
006 (4044175.045.000) 03/13 21:24:09 Image size of job updated: 485020
	460  -  MemoryUsage of job (MB)
	470592  -  ResidentSetSize of job (KB)
...
006 (4044175.045.000) 03/13 21:41:48 Image size of job updated: 794756
	460  -  MemoryUsage of job (MB)
	470592  -  ResidentSetSize of job (KB)
...
005 (4044175.045.000) 03/13 21:41:48 Job terminated.
	(1) Normal termination (return value 0)
		Usr 0 00:43:23, Sys 0 00:04:08  -  Run Remote Usage
		Usr 0 00:00:00, Sys 0 00:00:00  -  Run Local Usage
		Usr 0 00:43:23, Sys 0 00:04:08  -  Total Remote Usage
		Usr 0 00:00:00, Sys 0 00:00:00  -  Total Local Usage
	0  -  Run Bytes Sent By Job
	0  -  Run Bytes Received By Job
	0  -  Total Bytes Sent By Job
	0  -  Total Bytes Received By Job
	Partitionable Resources :    Usage  Request Allocated
	   Cpus                 :                 1         1
	   Disk (KB)            :        1        1  22661368
	   Memory (MB)          :      460        1      4001
...
000 (4045912.045.000) 03/14 19:19:22 Job submitted from host: <192.168.1.109:9618?addrs=192.168.1.109-9618+[--1]-9618&noUDP&sock=3153_969b_4>
...
000 (4046521.045.000) 03/15 13:40:08 Job submitted from host: <192.168.1.109:9618?addrs=192.168.1.109-9618+[--1]-9618&noUDP&sock=3153_969b_4>
...
001 (4045912.045.000) 03/15 13:56:40 Job executing on host: <192.168.1.47:9618?addrs=192.168.1.47-9618+[--1]-9618&noUDP&sock=3245_a288_3>
...
006 (4045912.045.000) 03/15 13:56:49 Image size of job updated: 365184
	336  -  MemoryUsage of job (MB)
	344064  -  ResidentSetSize of job (KB)
...
009 (4046521.045.000) 03/15 13:56:54 Job was aborted by the user.
	via condor_rm (by user routray)
...
006 (4045912.045.000) 03/15 13:57:08 Image size of job updated: 779216
	336  -  MemoryUsage of job (MB)
	344064  -  ResidentSetSize of job (KB)
...
004 (4045912.045.000) 03/15 13:57:08 Job was evicted.
	(0) Job was not checkpointed.
		Usr 0 00:00:22, Sys 0 00:00:03  -  Run Remote Usage
		Usr 0 00:00:00, Sys 0 00:00:00  -  Run Local Usage
	0  -  Run Bytes Sent By Job
	0  -  Run Bytes Received By Job
	Partitionable Resources :    Usage  Request Allocated
	   Cpus                 :                 1         1
	   Disk (KB)            :        1        1  28493856
	   Memory (MB)          :      336        1      4020
...
009 (4045912.045.000) 03/15 13:57:09 Job was aborted by the user.
	via condor_rm (by user routray)
...
000 (4046522.045.000) 03/15 14:02:15 Job submitted from host: <192.168.1.109:9618?addrs=192.168.1.109-9618+[--1]-9618&noUDP&sock=3153_969b_4>
...
001 (4046522.045.000) 03/15 14:36:57 Job executing on host: <192.168.1.51:9618?addrs=192.168.1.51-9618+[--1]-9618&noUDP&sock=3125_b25b_3>
...
006 (4046522.045.000) 03/15 14:37:06 Image size of job updated: 458324
	371  -  MemoryUsage of job (MB)
	379164  -  ResidentSetSize of job (KB)
...
006 (4046522.045.000) 03/15 14:42:07 Image size of job updated: 460480
	449  -  MemoryUsage of job (MB)
	459288  -  ResidentSetSize of job (KB)
...
006 (4046522.045.000) 03/15 14:47:07 Image size of job updated: 460480
	449  -  MemoryUsage of job (MB)
	459332  -  ResidentSetSize of job (KB)
...
006 (4046522.045.000) 03/15 14:52:07 Image size of job updated: 460612
	449  -  MemoryUsage of job (MB)
	459400  -  ResidentSetSize of job (KB)
...
006 (4046522.045.000) 03/15 14:56:33 Image size of job updated: 582712
	449  -  MemoryUsage of job (MB)
	459400  -  ResidentSetSize of job (KB)
...
005 (4046522.045.000) 03/15 14:56:33 Job terminated.
	(1) Normal termination (return value 0)
		Usr 0 00:17:32, Sys 0 00:01:48  -  Run Remote Usage
		Usr 0 00:00:00, Sys 0 00:00:00  -  Run Local Usage
		Usr 0 00:17:32, Sys 0 00:01:48  -  Total Remote Usage
		Usr 0 00:00:00, Sys 0 00:00:00  -  Total Local Usage
	0  -  Run Bytes Sent By Job
	0  -  Run Bytes Received By Job
	0  -  Total Bytes Sent By Job
	0  -  Total Bytes Received By Job
	Partitionable Resources :    Usage  Request Allocated
	   Cpus                 :                 1         1
	   Disk (KB)            :        1        1  28494197
	   Memory (MB)          :      449        1      4020
...
000 (4046529.045.000) 03/15 16:30:18 Job submitted from host: <192.168.1.109:9618?addrs=192.168.1.109-9618+[--1]-9618&noUDP&sock=3153_969b_4>
...
001 (4046529.045.000) 03/15 16:30:39 Job executing on host: <192.168.1.52:9618?addrs=192.168.1.52-9618+[--1]-9618&noUDP&sock=3327_407d_36>
...
006 (4046529.045.000) 03/15 16:30:48 Image size of job updated: 134288
	122  -  MemoryUsage of job (MB)
	124496  -  ResidentSetSize of job (KB)
...
006 (4046529.045.000) 03/15 16:35:49 Image size of job updated: 441008
	421  -  MemoryUsage of job (MB)
	430428  -  ResidentSetSize of job (KB)
...
006 (4046529.045.000) 03/15 17:00:52 Image size of job updated: 482024
	461  -  MemoryUsage of job (MB)
	471444  -  ResidentSetSize of job (KB)
...
005 (4046529.045.000) 03/15 17:16:52 Job terminated.
	(1) Normal termination (return value 0)
		Usr 0 00:41:53, Sys 0 00:04:01  -  Run Remote Usage
		Usr 0 00:00:00, Sys 0 00:00:00  -  Run Local Usage
		Usr 0 00:41:53, Sys 0 00:04:01  -  Total Remote Usage
		Usr 0 00:00:00, Sys 0 00:00:00  -  Total Local Usage
	0  -  Run Bytes Sent By Job
	0  -  Run Bytes Received By Job
	0  -  Total Bytes Sent By Job
	0  -  Total Bytes Received By Job
	Partitionable Resources :    Usage  Request Allocated
	   Cpus                 :                 1         1
	   Disk (KB)            :        1        1  22661368
	   Memory (MB)          :      461        1      4001
...
000 (4046534.045.000) 03/15 17:39:02 Job submitted from host: <192.168.1.109:9618?addrs=192.168.1.109-9618+[--1]-9618&noUDP&sock=3153_969b_4>
...
001 (4046534.045.000) 03/15 17:39:16 Job executing on host: <192.168.1.51:9618?addrs=192.168.1.51-9618+[--1]-9618&noUDP&sock=3125_b25b_3>
...
006 (4046534.045.000) 03/15 17:39:24 Image size of job updated: 110168
	100  -  MemoryUsage of job (MB)
	102388  -  ResidentSetSize of job (KB)
...
006 (4046534.045.000) 03/15 17:44:24 Image size of job updated: 431364
	412  -  MemoryUsage of job (MB)
	421780  -  ResidentSetSize of job (KB)
...
006 (4046534.045.000) 03/15 17:49:25 Image size of job updated: 431436
	412  -  MemoryUsage of job (MB)
	421852  -  ResidentSetSize of job (KB)
...
005 (4046534.045.000) 03/15 17:52:21 Job terminated.
	(1) Normal termination (return value 0)
		Usr 0 00:11:29, Sys 0 00:01:17  -  Run Remote Usage
		Usr 0 00:00:00, Sys 0 00:00:00  -  Run Local Usage
		Usr 0 00:11:29, Sys 0 00:01:17  -  Total Remote Usage
		Usr 0 00:00:00, Sys 0 00:00:00  -  Total Local Usage
	0  -  Run Bytes Sent By Job
	0  -  Run Bytes Received By Job
	0  -  Total Bytes Sent By Job
	0  -  Total Bytes Received By Job
	Partitionable Resources :    Usage  Request Allocated
	   Cpus                 :                 1         1
	   Disk (KB)            :        1        1  28494198
	   Memory (MB)          :      412        1      4020
...
000 (4046570.045.000) 03/15 18:56:23 Job submitted from host: <192.168.1.109:9618?addrs=192.168.1.109-9618+[--1]-9618&noUDP&sock=3153_969b_4>
...
001 (4046570.045.000) 03/15 18:56:37 Job executing on host: <192.168.1.43:9618?addrs=192.168.1.43-9618+[--1]-9618&noUDP&sock=3360_24bc_3>
...
006 (4046570.045.000) 03/15 18:56:46 Image size of job updated: 214816
	210  -  MemoryUsage of job (MB)
	214208  -  ResidentSetSize of job (KB)
...
006 (4046570.045.000) 03/15 19:01:47 Image size of job updated: 421208
	411  -  MemoryUsage of job (MB)
	420548  -  ResidentSetSize of job (KB)
...
006 (4046570.045.000) 03/15 19:06:48 Image size of job updated: 421360
	411  -  MemoryUsage of job (MB)
	420700  -  ResidentSetSize of job (KB)
...
006 (4046570.045.000) 03/15 19:11:48 Image size of job updated: 421376
	411  -  MemoryUsage of job (MB)
	420716  -  ResidentSetSize of job (KB)
...
005 (4046570.045.000) 03/15 19:12:21 Job terminated.
	(1) Normal termination (return value 0)
		Usr 0 00:13:08, Sys 0 00:01:30  -  Run Remote Usage
		Usr 0 00:00:00, Sys 0 00:00:00  -  Run Local Usage
		Usr 0 00:13:08, Sys 0 00:01:30  -  Total Remote Usage
		Usr 0 00:00:00, Sys 0 00:00:00  -  Total Local Usage
	0  -  Run Bytes Sent By Job
	0  -  Run Bytes Received By Job
	0  -  Total Bytes Sent By Job
	0  -  Total Bytes Received By Job
	Partitionable Resources :    Usage  Request Allocated
	   Cpus                 :                 1         1
	   Disk (KB)            :        1        1  20458450
	   Memory (MB)          :      411        1      4022
...
