000 (4031466.502.000) 03/13 00:00:44 Job submitted from host: <192.168.1.109:9618?addrs=192.168.1.109-9618+[--1]-9618&noUDP&sock=3153_969b_4>
...
001 (4031466.502.000) 03/13 00:01:29 Job executing on host: <192.168.1.46:9618?addrs=192.168.1.46-9618+[--1]-9618&noUDP&sock=3272_2797_3>
...
006 (4031466.502.000) 03/13 00:01:38 Image size of job updated: 1560
	2  -  MemoryUsage of job (MB)
	1544  -  ResidentSetSize of job (KB)
...
006 (4031466.502.000) 03/13 00:06:38 Image size of job updated: 340212
	333  -  MemoryUsage of job (MB)
	340212  -  ResidentSetSize of job (KB)
...
006 (4031466.502.000) 03/13 00:11:38 Image size of job updated: 425656
	416  -  MemoryUsage of job (MB)
	425656  -  ResidentSetSize of job (KB)
...
005 (4031466.502.000) 03/13 00:46:59 Job terminated.
	(1) Normal termination (return value 0)
		Usr 0 00:08:28, Sys 0 00:01:00  -  Run Remote Usage
		Usr 0 00:00:00, Sys 0 00:00:00  -  Run Local Usage
		Usr 0 00:08:28, Sys 0 00:01:00  -  Total Remote Usage
		Usr 0 00:00:00, Sys 0 00:00:00  -  Total Local Usage
	0  -  Run Bytes Sent By Job
	0  -  Run Bytes Received By Job
	0  -  Total Bytes Sent By Job
	0  -  Total Bytes Received By Job
	Partitionable Resources :    Usage  Request Allocated
	   Cpus                 :                 1         1
	   Disk (KB)            :        1        1  20459164
	   Memory (MB)          :      416        1      4022
...
000 (4044172.502.000) 03/13 19:21:22 Job submitted from host: <192.168.1.109:9618?addrs=192.168.1.109-9618+[--1]-9618&noUDP&sock=3153_969b_4>
...
001 (4044172.502.000) 03/13 19:22:03 Job executing on host: <192.168.1.49:9618?addrs=192.168.1.49-9618+[--1]-9618&noUDP&sock=3240_e427_3>
...
006 (4044172.502.000) 03/13 19:22:12 Image size of job updated: 147928
	145  -  MemoryUsage of job (MB)
	147928  -  ResidentSetSize of job (KB)
...
006 (4044172.502.000) 03/13 19:27:12 Image size of job updated: 425396
	416  -  MemoryUsage of job (MB)
	425396  -  ResidentSetSize of job (KB)
...
005 (4044172.502.000) 03/13 19:54:24 Job terminated.
	(1) Normal termination (return value 0)
		Usr 0 00:13:55, Sys 0 00:01:20  -  Run Remote Usage
		Usr 0 00:00:00, Sys 0 00:00:00  -  Run Local Usage
		Usr 0 00:13:55, Sys 0 00:01:20  -  Total Remote Usage
		Usr 0 00:00:00, Sys 0 00:00:00  -  Total Local Usage
	0  -  Run Bytes Sent By Job
	0  -  Run Bytes Received By Job
	0  -  Total Bytes Sent By Job
	0  -  Total Bytes Received By Job
	Partitionable Resources :    Usage  Request Allocated
	   Cpus                 :                 1         1
	   Disk (KB)            :        1        1  28491601
	   Memory (MB)          :      416        1      4020
...
000 (4046522.502.000) 03/15 14:02:21 Job submitted from host: <192.168.1.109:9618?addrs=192.168.1.109-9618+[--1]-9618&noUDP&sock=3153_969b_4>
...
001 (4046522.502.000) 03/15 15:32:33 Job executing on host: <192.168.1.39:9618?addrs=192.168.1.39-9618+[--1]-9618&noUDP&sock=3239_16fe_3>
...
006 (4046522.502.000) 03/15 15:32:42 Image size of job updated: 365800
	333  -  MemoryUsage of job (MB)
	340480  -  ResidentSetSize of job (KB)
...
006 (4046522.502.000) 03/15 15:37:43 Image size of job updated: 418876
	409  -  MemoryUsage of job (MB)
	418172  -  ResidentSetSize of job (KB)
...
006 (4046522.502.000) 03/15 15:42:43 Image size of job updated: 419844
	410  -  MemoryUsage of job (MB)
	419140  -  ResidentSetSize of job (KB)
...
006 (4046522.502.000) 03/15 15:50:41 Image size of job updated: 777420
	410  -  MemoryUsage of job (MB)
	419140  -  ResidentSetSize of job (KB)
...
005 (4046522.502.000) 03/15 15:50:41 Job terminated.
	(1) Normal termination (return value 0)
		Usr 0 00:13:17, Sys 0 00:01:23  -  Run Remote Usage
		Usr 0 00:00:00, Sys 0 00:00:00  -  Run Local Usage
		Usr 0 00:13:17, Sys 0 00:01:23  -  Total Remote Usage
		Usr 0 00:00:00, Sys 0 00:00:00  -  Total Local Usage
	0  -  Run Bytes Sent By Job
	0  -  Run Bytes Received By Job
	0  -  Total Bytes Sent By Job
	0  -  Total Bytes Received By Job
	Partitionable Resources :    Usage  Request Allocated
	   Cpus                 :                 1         1
	   Disk (KB)            :        1        1  20460459
	   Memory (MB)          :      410        1      4022
...
