000 (4031233.009.000) 03/12 14:28:34 Job submitted from host: <192.168.1.109:9618?addrs=192.168.1.109-9618+[--1]-9618&noUDP&sock=3153_969b_4>
...
001 (4031233.009.000) 03/12 14:28:49 Job executing on host: <192.168.1.45:9618?addrs=192.168.1.45-9618+[--1]-9618&noUDP&sock=3341_bd3f_3>
...
006 (4031233.009.000) 03/12 14:28:58 Image size of job updated: 1548
	2  -  MemoryUsage of job (MB)
	1548  -  ResidentSetSize of job (KB)
...
006 (4031233.009.000) 03/12 14:33:58 Image size of job updated: 167108
	161  -  MemoryUsage of job (MB)
	164688  -  ResidentSetSize of job (KB)
...
006 (4031233.009.000) 03/12 14:38:58 Image size of job updated: 341472
	332  -  MemoryUsage of job (MB)
	339052  -  ResidentSetSize of job (KB)
...
006 (4031233.009.000) 03/12 14:43:59 Image size of job updated: 342172
	332  -  MemoryUsage of job (MB)
	339752  -  ResidentSetSize of job (KB)
...
006 (4031233.009.000) 03/12 14:48:59 Image size of job updated: 342188
	332  -  MemoryUsage of job (MB)
	339768  -  ResidentSetSize of job (KB)
...
006 (4031233.009.000) 03/12 14:53:59 Image size of job updated: 342192
	332  -  MemoryUsage of job (MB)
	339772  -  ResidentSetSize of job (KB)
...
004 (4031233.009.000) 03/12 14:54:12 Job was evicted.
	(0) Job was not checkpointed.
		Usr 0 00:14:02, Sys 0 00:01:16  -  Run Remote Usage
		Usr 0 00:00:00, Sys 0 00:00:00  -  Run Local Usage
	0  -  Run Bytes Sent By Job
	0  -  Run Bytes Received By Job
	Partitionable Resources :    Usage  Request Allocated
	   Cpus                 :                 1         1
	   Disk (KB)            :        1        1  20460088
	   Memory (MB)          :      332        1      4022
...
009 (4031233.009.000) 03/12 14:54:13 Job was aborted by the user.
	via condor_rm (by user routray)
...
000 (4031234.009.000) 03/12 15:03:14 Job submitted from host: <192.168.1.109:9618?addrs=192.168.1.109-9618+[--1]-9618&noUDP&sock=3153_969b_4>
...
001 (4031234.009.000) 03/12 15:03:38 Job executing on host: <192.168.1.45:9618?addrs=192.168.1.45-9618+[--1]-9618&noUDP&sock=3341_bd3f_3>
...
006 (4031234.009.000) 03/12 15:03:46 Image size of job updated: 90944
	88  -  MemoryUsage of job (MB)
	90112  -  ResidentSetSize of job (KB)
...
006 (4031234.009.000) 03/12 15:08:46 Image size of job updated: 467064
	457  -  MemoryUsage of job (MB)
	467028  -  ResidentSetSize of job (KB)
...
006 (4031234.009.000) 03/12 15:12:50 Image size of job updated: 817648
	457  -  MemoryUsage of job (MB)
	467028  -  ResidentSetSize of job (KB)
...
004 (4031234.009.000) 03/12 15:12:50 Job was evicted.
	(0) Job was not checkpointed.
		Usr 0 00:07:08, Sys 0 00:00:39  -  Run Remote Usage
		Usr 0 00:00:00, Sys 0 00:00:00  -  Run Local Usage
	0  -  Run Bytes Sent By Job
	0  -  Run Bytes Received By Job
	Partitionable Resources :    Usage  Request Allocated
	   Cpus                 :                 1         1
	   Disk (KB)            :        1        1  20460088
	   Memory (MB)          :      457        1      4022
...
009 (4031234.009.000) 03/12 15:12:55 Job was aborted by the user.
	via condor_rm (by user routray)
...
000 (4031235.009.000) 03/12 15:16:44 Job submitted from host: <192.168.1.109:9618?addrs=192.168.1.109-9618+[--1]-9618&noUDP&sock=3153_969b_4>
...
001 (4031235.009.000) 03/12 15:16:58 Job executing on host: <192.168.1.45:9618?addrs=192.168.1.45-9618+[--1]-9618&noUDP&sock=3341_bd3f_3>
...
006 (4031235.009.000) 03/12 15:17:07 Image size of job updated: 370392
	362  -  MemoryUsage of job (MB)
	370072  -  ResidentSetSize of job (KB)
...
006 (4031235.009.000) 03/12 15:22:08 Image size of job updated: 464432
	454  -  MemoryUsage of job (MB)
	464112  -  ResidentSetSize of job (KB)
...
006 (4031235.009.000) 03/12 15:27:08 Image size of job updated: 464464
	454  -  MemoryUsage of job (MB)
	464144  -  ResidentSetSize of job (KB)
...
006 (4031235.009.000) 03/12 15:37:09 Image size of job updated: 464468
	454  -  MemoryUsage of job (MB)
	464148  -  ResidentSetSize of job (KB)
...
006 (4031235.009.000) 03/12 15:42:09 Image size of job updated: 464472
	454  -  MemoryUsage of job (MB)
	464152  -  ResidentSetSize of job (KB)
...
006 (4031235.009.000) 03/12 15:51:54 Image size of job updated: 584144
	454  -  MemoryUsage of job (MB)
	464152  -  ResidentSetSize of job (KB)
...
005 (4031235.009.000) 03/12 15:51:54 Job terminated.
	(1) Normal termination (return value 0)
		Usr 0 00:31:36, Sys 0 00:02:49  -  Run Remote Usage
		Usr 0 00:00:00, Sys 0 00:00:00  -  Run Local Usage
		Usr 0 00:31:36, Sys 0 00:02:49  -  Total Remote Usage
		Usr 0 00:00:00, Sys 0 00:00:00  -  Total Local Usage
	0  -  Run Bytes Sent By Job
	0  -  Run Bytes Received By Job
	0  -  Total Bytes Sent By Job
	0  -  Total Bytes Received By Job
	Partitionable Resources :    Usage  Request Allocated
	   Cpus                 :                 1         1
	   Disk (KB)            :        1        1  20460088
	   Memory (MB)          :      454        1      4022
...
000 (4031450.009.000) 03/12 16:23:12 Job submitted from host: <192.168.1.109:9618?addrs=192.168.1.109-9618+[--1]-9618&noUDP&sock=3153_969b_4>
...
001 (4031450.009.000) 03/12 16:23:34 Job executing on host: <192.168.1.45:9618?addrs=192.168.1.45-9618+[--1]-9618&noUDP&sock=3341_bd3f_3>
...
006 (4031450.009.000) 03/12 16:23:43 Image size of job updated: 107124
	105  -  MemoryUsage of job (MB)
	106864  -  ResidentSetSize of job (KB)
...
006 (4031450.009.000) 03/12 16:28:44 Image size of job updated: 459940
	449  -  MemoryUsage of job (MB)
	459660  -  ResidentSetSize of job (KB)
...
006 (4031450.009.000) 03/12 16:47:23 Image size of job updated: 827220
	449  -  MemoryUsage of job (MB)
	459660  -  ResidentSetSize of job (KB)
...
005 (4031450.009.000) 03/12 16:47:23 Job terminated.
	(1) Normal termination (return value 0)
		Usr 0 00:21:02, Sys 0 00:01:54  -  Run Remote Usage
		Usr 0 00:00:00, Sys 0 00:00:00  -  Run Local Usage
		Usr 0 00:21:02, Sys 0 00:01:54  -  Total Remote Usage
		Usr 0 00:00:00, Sys 0 00:00:00  -  Total Local Usage
	0  -  Run Bytes Sent By Job
	0  -  Run Bytes Received By Job
	0  -  Total Bytes Sent By Job
	0  -  Total Bytes Received By Job
	Partitionable Resources :    Usage  Request Allocated
	   Cpus                 :                 1         1
	   Disk (KB)            :        1        1  20460088
	   Memory (MB)          :      449        1      4022
...
000 (4031461.009.000) 03/12 18:25:46 Job submitted from host: <192.168.1.109:9618?addrs=192.168.1.109-9618+[--1]-9618&noUDP&sock=3153_969b_4>
...
001 (4031461.009.000) 03/12 18:25:57 Job executing on host: <192.168.1.45:9618?addrs=192.168.1.45-9618+[--1]-9618&noUDP&sock=3341_bd3f_3>
...
006 (4031461.009.000) 03/12 18:26:05 Image size of job updated: 43348
	42  -  MemoryUsage of job (MB)
	42148  -  ResidentSetSize of job (KB)
...
006 (4031461.009.000) 03/12 18:31:05 Image size of job updated: 438572
	427  -  MemoryUsage of job (MB)
	436872  -  ResidentSetSize of job (KB)
...
006 (4031461.009.000) 03/12 18:36:06 Image size of job updated: 439640
	428  -  MemoryUsage of job (MB)
	437940  -  ResidentSetSize of job (KB)
...
006 (4031461.009.000) 03/12 18:46:06 Image size of job updated: 439660
	428  -  MemoryUsage of job (MB)
	437960  -  ResidentSetSize of job (KB)
...
005 (4031461.009.000) 03/12 18:51:10 Job terminated.
	(1) Normal termination (return value 0)
		Usr 0 00:21:24, Sys 0 00:01:55  -  Run Remote Usage
		Usr 0 00:00:00, Sys 0 00:00:00  -  Run Local Usage
		Usr 0 00:21:24, Sys 0 00:01:55  -  Total Remote Usage
		Usr 0 00:00:00, Sys 0 00:00:00  -  Total Local Usage
	0  -  Run Bytes Sent By Job
	0  -  Run Bytes Received By Job
	0  -  Total Bytes Sent By Job
	0  -  Total Bytes Received By Job
	Partitionable Resources :    Usage  Request Allocated
	   Cpus                 :                 1         1
	   Disk (KB)            :        1        1  20460088
	   Memory (MB)          :      428        1      4022
...
000 (4031462.009.000) 03/12 20:10:16 Job submitted from host: <192.168.1.109:9618?addrs=192.168.1.109-9618+[--1]-9618&noUDP&sock=3153_969b_4>
...
001 (4031462.009.000) 03/12 20:10:39 Job executing on host: <192.168.1.45:9618?addrs=192.168.1.45-9618+[--1]-9618&noUDP&sock=3341_bd3f_3>
...
006 (4031462.009.000) 03/12 20:10:47 Image size of job updated: 64372
	62  -  MemoryUsage of job (MB)
	63028  -  ResidentSetSize of job (KB)
...
006 (4031462.009.000) 03/12 20:15:47 Image size of job updated: 410580
	399  -  MemoryUsage of job (MB)
	408436  -  ResidentSetSize of job (KB)
...
006 (4031462.009.000) 03/12 20:30:49 Image size of job updated: 410596
	399  -  MemoryUsage of job (MB)
	408452  -  ResidentSetSize of job (KB)
...
005 (4031462.009.000) 03/12 20:33:28 Job terminated.
	(1) Normal termination (return value 0)
		Usr 0 00:18:55, Sys 0 00:01:47  -  Run Remote Usage
		Usr 0 00:00:00, Sys 0 00:00:00  -  Run Local Usage
		Usr 0 00:18:55, Sys 0 00:01:47  -  Total Remote Usage
		Usr 0 00:00:00, Sys 0 00:00:00  -  Total Local Usage
	0  -  Run Bytes Sent By Job
	0  -  Run Bytes Received By Job
	0  -  Total Bytes Sent By Job
	0  -  Total Bytes Received By Job
	Partitionable Resources :    Usage  Request Allocated
	   Cpus                 :                 1         1
	   Disk (KB)            :        1        1  20460088
	   Memory (MB)          :      399        1      4022
...
000 (4031463.009.000) 03/12 21:35:07 Job submitted from host: <192.168.1.109:9618?addrs=192.168.1.109-9618+[--1]-9618&noUDP&sock=3153_969b_4>
...
001 (4031463.009.000) 03/12 21:35:41 Job executing on host: <192.168.1.45:9618?addrs=192.168.1.45-9618+[--1]-9618&noUDP&sock=3341_bd3f_3>
...
006 (4031463.009.000) 03/12 21:35:49 Image size of job updated: 4120
	5  -  MemoryUsage of job (MB)
	4116  -  ResidentSetSize of job (KB)
...
006 (4031463.009.000) 03/12 21:40:49 Image size of job updated: 446540
	435  -  MemoryUsage of job (MB)
	444572  -  ResidentSetSize of job (KB)
...
006 (4031463.009.000) 03/12 21:45:50 Image size of job updated: 447732
	436  -  MemoryUsage of job (MB)
	445764  -  ResidentSetSize of job (KB)
...
006 (4031463.009.000) 03/12 21:55:51 Image size of job updated: 447816
	436  -  MemoryUsage of job (MB)
	445848  -  ResidentSetSize of job (KB)
...
006 (4031463.009.000) 03/12 22:08:33 Image size of job updated: 454252
	436  -  MemoryUsage of job (MB)
	445848  -  ResidentSetSize of job (KB)
...
005 (4031463.009.000) 03/12 22:08:33 Job terminated.
	(1) Normal termination (return value 0)
		Usr 0 00:27:15, Sys 0 00:02:46  -  Run Remote Usage
		Usr 0 00:00:00, Sys 0 00:00:00  -  Run Local Usage
		Usr 0 00:27:15, Sys 0 00:02:46  -  Total Remote Usage
		Usr 0 00:00:00, Sys 0 00:00:00  -  Total Local Usage
	0  -  Run Bytes Sent By Job
	0  -  Run Bytes Received By Job
	0  -  Total Bytes Sent By Job
	0  -  Total Bytes Received By Job
	Partitionable Resources :    Usage  Request Allocated
	   Cpus                 :                 1         1
	   Disk (KB)            :        1        1  20460088
	   Memory (MB)          :      436        1      4022
...
000 (4031464.009.000) 03/12 22:37:43 Job submitted from host: <192.168.1.109:9618?addrs=192.168.1.109-9618+[--1]-9618&noUDP&sock=3153_969b_4>
...
001 (4031464.009.000) 03/12 22:37:46 Job executing on host: <192.168.1.45:9618?addrs=192.168.1.45-9618+[--1]-9618&noUDP&sock=3341_bd3f_3>
...
006 (4031464.009.000) 03/12 22:37:55 Image size of job updated: 45940
	44  -  MemoryUsage of job (MB)
	45004  -  ResidentSetSize of job (KB)
...
006 (4031464.009.000) 03/12 22:42:56 Image size of job updated: 452268
	441  -  MemoryUsage of job (MB)
	450764  -  ResidentSetSize of job (KB)
...
006 (4031464.009.000) 03/12 22:47:56 Image size of job updated: 452392
	441  -  MemoryUsage of job (MB)
	450888  -  ResidentSetSize of job (KB)
...
006 (4031464.009.000) 03/12 22:52:57 Image size of job updated: 452404
	441  -  MemoryUsage of job (MB)
	450900  -  ResidentSetSize of job (KB)
...
005 (4031464.009.000) 03/12 22:57:47 Job terminated.
	(1) Normal termination (return value 0)
		Usr 0 00:17:36, Sys 0 00:01:39  -  Run Remote Usage
		Usr 0 00:00:00, Sys 0 00:00:00  -  Run Local Usage
		Usr 0 00:17:36, Sys 0 00:01:39  -  Total Remote Usage
		Usr 0 00:00:00, Sys 0 00:00:00  -  Total Local Usage
	0  -  Run Bytes Sent By Job
	0  -  Run Bytes Received By Job
	0  -  Total Bytes Sent By Job
	0  -  Total Bytes Received By Job
	Partitionable Resources :    Usage  Request Allocated
	   Cpus                 :                 1         1
	   Disk (KB)            :        1        1  20460088
	   Memory (MB)          :      441        1      4022
...
000 (4031465.009.000) 03/12 23:18:12 Job submitted from host: <192.168.1.109:9618?addrs=192.168.1.109-9618+[--1]-9618&noUDP&sock=3153_969b_4>
...
001 (4031465.009.000) 03/12 23:18:14 Job executing on host: <192.168.1.45:9618?addrs=192.168.1.45-9618+[--1]-9618&noUDP&sock=3341_bd3f_3>
...
006 (4031465.009.000) 03/12 23:18:23 Image size of job updated: 99364
	97  -  MemoryUsage of job (MB)
	98608  -  ResidentSetSize of job (KB)
...
006 (4031465.009.000) 03/12 23:23:24 Image size of job updated: 430428
	417  -  MemoryUsage of job (MB)
	426748  -  ResidentSetSize of job (KB)
...
006 (4031465.009.000) 03/12 23:28:24 Image size of job updated: 467360
	453  -  MemoryUsage of job (MB)
	463680  -  ResidentSetSize of job (KB)
...
006 (4031465.009.000) 03/12 23:33:25 Image size of job updated: 468976
	455  -  MemoryUsage of job (MB)
	465296  -  ResidentSetSize of job (KB)
...
005 (4031465.009.000) 03/12 23:35:58 Job terminated.
	(1) Normal termination (return value 0)
		Usr 0 00:15:26, Sys 0 00:01:26  -  Run Remote Usage
		Usr 0 00:00:00, Sys 0 00:00:00  -  Run Local Usage
		Usr 0 00:15:26, Sys 0 00:01:26  -  Total Remote Usage
		Usr 0 00:00:00, Sys 0 00:00:00  -  Total Local Usage
	0  -  Run Bytes Sent By Job
	0  -  Run Bytes Received By Job
	0  -  Total Bytes Sent By Job
	0  -  Total Bytes Received By Job
	Partitionable Resources :    Usage  Request Allocated
	   Cpus                 :                 1         1
	   Disk (KB)            :        1        1  20460088
	   Memory (MB)          :      455        1      4022
...
000 (4031466.009.000) 03/13 00:00:40 Job submitted from host: <192.168.1.109:9618?addrs=192.168.1.109-9618+[--1]-9618&noUDP&sock=3153_969b_4>
...
001 (4031466.009.000) 03/13 00:01:08 Job executing on host: <192.168.1.45:9618?addrs=192.168.1.45-9618+[--1]-9618&noUDP&sock=3341_bd3f_3>
...
006 (4031466.009.000) 03/13 00:01:16 Image size of job updated: 59916
	58  -  MemoryUsage of job (MB)
	58956  -  ResidentSetSize of job (KB)
...
006 (4031466.009.000) 03/13 00:06:16 Image size of job updated: 349612
	342  -  MemoryUsage of job (MB)
	349612  -  ResidentSetSize of job (KB)
...
006 (4031466.009.000) 03/13 00:11:16 Image size of job updated: 435456
	426  -  MemoryUsage of job (MB)
	435456  -  ResidentSetSize of job (KB)
...
006 (4031466.009.000) 03/13 00:16:17 Image size of job updated: 435808
	426  -  MemoryUsage of job (MB)
	435808  -  ResidentSetSize of job (KB)
...
006 (4031466.009.000) 03/13 00:21:17 Image size of job updated: 436448
	427  -  MemoryUsage of job (MB)
	436448  -  ResidentSetSize of job (KB)
...
006 (4031466.009.000) 03/13 00:31:18 Image size of job updated: 436460
	427  -  MemoryUsage of job (MB)
	436460  -  ResidentSetSize of job (KB)
...
005 (4031466.009.000) 03/13 00:33:42 Job terminated.
	(1) Normal termination (return value 0)
		Usr 0 00:05:31, Sys 0 00:00:39  -  Run Remote Usage
		Usr 0 00:00:00, Sys 0 00:00:00  -  Run Local Usage
		Usr 0 00:05:31, Sys 0 00:00:39  -  Total Remote Usage
		Usr 0 00:00:00, Sys 0 00:00:00  -  Total Local Usage
	0  -  Run Bytes Sent By Job
	0  -  Run Bytes Received By Job
	0  -  Total Bytes Sent By Job
	0  -  Total Bytes Received By Job
	Partitionable Resources :    Usage  Request Allocated
	   Cpus                 :                 1         1
	   Disk (KB)            :        1        1  20460088
	   Memory (MB)          :      427        1      4022
...
000 (4044172.009.000) 03/13 19:21:17 Job submitted from host: <192.168.1.109:9618?addrs=192.168.1.109-9618+[--1]-9618&noUDP&sock=3153_969b_4>
...
001 (4044172.009.000) 03/13 19:21:42 Job executing on host: <192.168.1.45:9618?addrs=192.168.1.45-9618+[--1]-9618&noUDP&sock=3341_bd3f_3>
...
006 (4044172.009.000) 03/13 19:21:51 Image size of job updated: 112516
	110  -  MemoryUsage of job (MB)
	112380  -  ResidentSetSize of job (KB)
...
006 (4044172.009.000) 03/13 19:26:52 Image size of job updated: 335208
	328  -  MemoryUsage of job (MB)
	335068  -  ResidentSetSize of job (KB)
...
006 (4044172.009.000) 03/13 19:31:52 Image size of job updated: 428752
	419  -  MemoryUsage of job (MB)
	428612  -  ResidentSetSize of job (KB)
...
006 (4044172.009.000) 03/13 19:36:52 Image size of job updated: 429056
	419  -  MemoryUsage of job (MB)
	428916  -  ResidentSetSize of job (KB)
...
006 (4044172.009.000) 03/13 19:41:53 Image size of job updated: 429252
	420  -  MemoryUsage of job (MB)
	429112  -  ResidentSetSize of job (KB)
...
006 (4044172.009.000) 03/13 19:46:53 Image size of job updated: 429272
	420  -  MemoryUsage of job (MB)
	429132  -  ResidentSetSize of job (KB)
...
006 (4044172.009.000) 03/13 19:51:03 Image size of job updated: 429312
	420  -  MemoryUsage of job (MB)
	429132  -  ResidentSetSize of job (KB)
...
005 (4044172.009.000) 03/13 19:51:03 Job terminated.
	(1) Normal termination (return value 0)
		Usr 0 00:06:33, Sys 0 00:00:49  -  Run Remote Usage
		Usr 0 00:00:00, Sys 0 00:00:00  -  Run Local Usage
		Usr 0 00:06:33, Sys 0 00:00:49  -  Total Remote Usage
		Usr 0 00:00:00, Sys 0 00:00:00  -  Total Local Usage
	0  -  Run Bytes Sent By Job
	0  -  Run Bytes Received By Job
	0  -  Total Bytes Sent By Job
	0  -  Total Bytes Received By Job
	Partitionable Resources :    Usage  Request Allocated
	   Cpus                 :                 1         1
	   Disk (KB)            :        1        1  20460088
	   Memory (MB)          :      420        1      4022
...
000 (4044175.009.000) 03/13 20:53:38 Job submitted from host: <192.168.1.109:9618?addrs=192.168.1.109-9618+[--1]-9618&noUDP&sock=3153_969b_4>
...
001 (4044175.009.000) 03/13 20:53:55 Job executing on host: <192.168.1.45:9618?addrs=192.168.1.45-9618+[--1]-9618&noUDP&sock=3341_bd3f_3>
...
006 (4044175.009.000) 03/13 20:54:03 Image size of job updated: 157940
	153  -  MemoryUsage of job (MB)
	156468  -  ResidentSetSize of job (KB)
...
006 (4044175.009.000) 03/13 20:59:03 Image size of job updated: 429548
	420  -  MemoryUsage of job (MB)
	429460  -  ResidentSetSize of job (KB)
...
006 (4044175.009.000) 03/13 21:04:04 Image size of job updated: 430056
	420  -  MemoryUsage of job (MB)
	430024  -  ResidentSetSize of job (KB)
...
006 (4044175.009.000) 03/13 21:09:04 Image size of job updated: 430184
	420  -  MemoryUsage of job (MB)
	430056  -  ResidentSetSize of job (KB)
...
006 (4044175.009.000) 03/13 21:14:04 Image size of job updated: 430200
	420  -  MemoryUsage of job (MB)
	430056  -  ResidentSetSize of job (KB)
...
005 (4044175.009.000) 03/13 21:15:23 Job terminated.
	(1) Normal termination (return value 0)
		Usr 0 00:18:35, Sys 0 00:01:51  -  Run Remote Usage
		Usr 0 00:00:00, Sys 0 00:00:00  -  Run Local Usage
		Usr 0 00:18:35, Sys 0 00:01:51  -  Total Remote Usage
		Usr 0 00:00:00, Sys 0 00:00:00  -  Total Local Usage
	0  -  Run Bytes Sent By Job
	0  -  Run Bytes Received By Job
	0  -  Total Bytes Sent By Job
	0  -  Total Bytes Received By Job
	Partitionable Resources :    Usage  Request Allocated
	   Cpus                 :                 1         1
	   Disk (KB)            :        1        1  20460088
	   Memory (MB)          :      420        1      4022
...
000 (4045912.009.000) 03/14 19:19:22 Job submitted from host: <192.168.1.109:9618?addrs=192.168.1.109-9618+[--1]-9618&noUDP&sock=3153_969b_4>
...
000 (4046521.009.000) 03/15 13:40:07 Job submitted from host: <192.168.1.109:9618?addrs=192.168.1.109-9618+[--1]-9618&noUDP&sock=3153_969b_4>
...
001 (4045912.009.000) 03/15 13:56:37 Job executing on host: <192.168.1.46:9618?addrs=192.168.1.46-9618+[--1]-9618&noUDP&sock=3272_2797_3>
...
006 (4045912.009.000) 03/15 13:56:45 Image size of job updated: 370620
	360  -  MemoryUsage of job (MB)
	368152  -  ResidentSetSize of job (KB)
...
009 (4046521.009.000) 03/15 13:56:54 Job was aborted by the user.
	via condor_rm (by user routray)
...
006 (4045912.009.000) 03/15 13:57:08 Image size of job updated: 800644
	360  -  MemoryUsage of job (MB)
	368152  -  ResidentSetSize of job (KB)
...
004 (4045912.009.000) 03/15 13:57:08 Job was evicted.
	(0) Job was not checkpointed.
		Usr 0 00:00:24, Sys 0 00:00:03  -  Run Remote Usage
		Usr 0 00:00:00, Sys 0 00:00:00  -  Run Local Usage
	0  -  Run Bytes Sent By Job
	0  -  Run Bytes Received By Job
	Partitionable Resources :    Usage  Request Allocated
	   Cpus                 :                 1         1
	   Disk (KB)            :        1        1  20459164
	   Memory (MB)          :      360        1      4022
...
009 (4045912.009.000) 03/15 13:57:09 Job was aborted by the user.
	via condor_rm (by user routray)
...
000 (4046522.009.000) 03/15 14:02:14 Job submitted from host: <192.168.1.109:9618?addrs=192.168.1.109-9618+[--1]-9618&noUDP&sock=3153_969b_4>
...
001 (4046522.009.000) 03/15 14:17:17 Job executing on host: <192.168.1.46:9618?addrs=192.168.1.46-9618+[--1]-9618&noUDP&sock=3272_2797_3>
...
006 (4046522.009.000) 03/15 14:17:25 Image size of job updated: 427220
	337  -  MemoryUsage of job (MB)
	344692  -  ResidentSetSize of job (KB)
...
006 (4046522.009.000) 03/15 14:22:25 Image size of job updated: 517148
	425  -  MemoryUsage of job (MB)
	434612  -  ResidentSetSize of job (KB)
...
005 (4046522.009.000) 03/15 14:24:33 Job terminated.
	(1) Normal termination (return value 0)
		Usr 0 00:06:24, Sys 0 00:00:45  -  Run Remote Usage
		Usr 0 00:00:00, Sys 0 00:00:00  -  Run Local Usage
		Usr 0 00:06:24, Sys 0 00:00:45  -  Total Remote Usage
		Usr 0 00:00:00, Sys 0 00:00:00  -  Total Local Usage
	0  -  Run Bytes Sent By Job
	0  -  Run Bytes Received By Job
	0  -  Total Bytes Sent By Job
	0  -  Total Bytes Received By Job
	Partitionable Resources :    Usage  Request Allocated
	   Cpus                 :                 1         1
	   Disk (KB)            :        1        1  20459164
	   Memory (MB)          :      425        1      4022
...
000 (4046529.009.000) 03/15 16:30:18 Job submitted from host: <192.168.1.109:9618?addrs=192.168.1.109-9618+[--1]-9618&noUDP&sock=3153_969b_4>
...
001 (4046529.009.000) 03/15 16:30:38 Job executing on host: <192.168.1.45:9618?addrs=192.168.1.45-9618+[--1]-9618&noUDP&sock=3341_bd3f_3>
...
006 (4046529.009.000) 03/15 16:30:47 Image size of job updated: 345808
	337  -  MemoryUsage of job (MB)
	344800  -  ResidentSetSize of job (KB)
...
006 (4046529.009.000) 03/15 16:35:48 Image size of job updated: 433568
	424  -  MemoryUsage of job (MB)
	433504  -  ResidentSetSize of job (KB)
...
006 (4046529.009.000) 03/15 16:40:49 Image size of job updated: 433860
	424  -  MemoryUsage of job (MB)
	433504  -  ResidentSetSize of job (KB)
...
005 (4046529.009.000) 03/15 16:56:00 Job terminated.
	(1) Normal termination (return value 0)
		Usr 0 00:22:29, Sys 0 00:02:03  -  Run Remote Usage
		Usr 0 00:00:00, Sys 0 00:00:00  -  Run Local Usage
		Usr 0 00:22:29, Sys 0 00:02:03  -  Total Remote Usage
		Usr 0 00:00:00, Sys 0 00:00:00  -  Total Local Usage
	0  -  Run Bytes Sent By Job
	0  -  Run Bytes Received By Job
	0  -  Total Bytes Sent By Job
	0  -  Total Bytes Received By Job
	Partitionable Resources :    Usage  Request Allocated
	   Cpus                 :                 1         1
	   Disk (KB)            :        1        1  20460088
	   Memory (MB)          :      424        1      4022
...
000 (4046534.009.000) 03/15 17:39:02 Job submitted from host: <192.168.1.109:9618?addrs=192.168.1.109-9618+[--1]-9618&noUDP&sock=3153_969b_4>
...
001 (4046534.009.000) 03/15 17:39:14 Job executing on host: <192.168.1.45:9618?addrs=192.168.1.45-9618+[--1]-9618&noUDP&sock=3341_bd3f_3>
...
006 (4046534.009.000) 03/15 17:39:23 Image size of job updated: 211920
	207  -  MemoryUsage of job (MB)
	211920  -  ResidentSetSize of job (KB)
...
006 (4046534.009.000) 03/15 17:44:24 Image size of job updated: 452444
	442  -  MemoryUsage of job (MB)
	452412  -  ResidentSetSize of job (KB)
...
005 (4046534.009.000) 03/15 18:05:00 Job terminated.
	(1) Normal termination (return value 0)
		Usr 0 00:22:58, Sys 0 00:02:11  -  Run Remote Usage
		Usr 0 00:00:00, Sys 0 00:00:00  -  Run Local Usage
		Usr 0 00:22:58, Sys 0 00:02:11  -  Total Remote Usage
		Usr 0 00:00:00, Sys 0 00:00:00  -  Total Local Usage
	0  -  Run Bytes Sent By Job
	0  -  Run Bytes Received By Job
	0  -  Total Bytes Sent By Job
	0  -  Total Bytes Received By Job
	Partitionable Resources :    Usage  Request Allocated
	   Cpus                 :                 1         1
	   Disk (KB)            :        1        1  20460088
	   Memory (MB)          :      442        1      4022
...
000 (4046570.009.000) 03/15 18:56:23 Job submitted from host: <192.168.1.109:9618?addrs=192.168.1.109-9618+[--1]-9618&noUDP&sock=3153_969b_4>
...
001 (4046570.009.000) 03/15 18:56:35 Job executing on host: <192.168.1.67:9618?addrs=192.168.1.67-9618+[--1]-9618&noUDP&sock=3517_344b_38>
...
006 (4046570.009.000) 03/15 18:56:45 Image size of job updated: 376448
	339  -  MemoryUsage of job (MB)
	347004  -  ResidentSetSize of job (KB)
...
006 (4046570.009.000) 03/15 19:01:45 Image size of job updated: 473548
	434  -  MemoryUsage of job (MB)
	444104  -  ResidentSetSize of job (KB)
...
006 (4046570.009.000) 03/15 19:06:45 Image size of job updated: 474924
	436  -  MemoryUsage of job (MB)
	445480  -  ResidentSetSize of job (KB)
...
006 (4046570.009.000) 03/15 19:16:47 Image size of job updated: 478608
	467  -  MemoryUsage of job (MB)
	477760  -  ResidentSetSize of job (KB)
...
006 (4046570.009.000) 03/15 19:21:47 Image size of job updated: 478752
	467  -  MemoryUsage of job (MB)
	477904  -  ResidentSetSize of job (KB)
...
006 (4046570.009.000) 03/15 19:36:48 Image size of job updated: 481068
	469  -  MemoryUsage of job (MB)
	480220  -  ResidentSetSize of job (KB)
...
006 (4046570.009.000) 03/15 19:41:48 Image size of job updated: 481636
	469  -  MemoryUsage of job (MB)
	480220  -  ResidentSetSize of job (KB)
...
005 (4046570.009.000) 03/15 19:46:30 Job terminated.
	(1) Normal termination (return value 0)
		Usr 0 00:45:01, Sys 0 00:04:24  -  Run Remote Usage
		Usr 0 00:00:00, Sys 0 00:00:00  -  Run Local Usage
		Usr 0 00:45:01, Sys 0 00:04:24  -  Total Remote Usage
		Usr 0 00:00:00, Sys 0 00:00:00  -  Total Local Usage
	0  -  Run Bytes Sent By Job
	0  -  Run Bytes Received By Job
	0  -  Total Bytes Sent By Job
	0  -  Total Bytes Received By Job
	Partitionable Resources :    Usage  Request Allocated
	   Cpus                 :                 1         1
	   Disk (KB)            :        1        1  22682500
	   Memory (MB)          :      469        1      4015
...
