000 (4031466.440.000) 03/13 00:00:44 Job submitted from host: <192.168.1.109:9618?addrs=192.168.1.109-9618+[--1]-9618&noUDP&sock=3153_969b_4>
...
001 (4031466.440.000) 03/13 00:01:27 Job executing on host: <192.168.1.40:9618?addrs=192.168.1.40-9618+[--1]-9618&noUDP&sock=3366_a17e_3>
...
006 (4031466.440.000) 03/13 00:01:36 Image size of job updated: 148844
	145  -  MemoryUsage of job (MB)
	147892  -  ResidentSetSize of job (KB)
...
006 (4031466.440.000) 03/13 00:06:37 Image size of job updated: 359892
	352  -  MemoryUsage of job (MB)
	359892  -  ResidentSetSize of job (KB)
...
006 (4031466.440.000) 03/13 00:11:37 Image size of job updated: 443228
	433  -  MemoryUsage of job (MB)
	443228  -  ResidentSetSize of job (KB)
...
006 (4031466.440.000) 03/13 00:16:38 Image size of job updated: 443360
	433  -  MemoryUsage of job (MB)
	443360  -  ResidentSetSize of job (KB)
...
006 (4031466.440.000) 03/13 00:21:39 Image size of job updated: 443516
	434  -  MemoryUsage of job (MB)
	443516  -  ResidentSetSize of job (KB)
...
006 (4031466.440.000) 03/13 00:26:39 Image size of job updated: 443556
	434  -  MemoryUsage of job (MB)
	443556  -  ResidentSetSize of job (KB)
...
006 (4031466.440.000) 03/13 00:31:39 Image size of job updated: 443592
	434  -  MemoryUsage of job (MB)
	443592  -  ResidentSetSize of job (KB)
...
006 (4031466.440.000) 03/13 00:36:40 Image size of job updated: 443660
	434  -  MemoryUsage of job (MB)
	443660  -  ResidentSetSize of job (KB)
...
006 (4031466.440.000) 03/13 00:41:40 Image size of job updated: 443664
	434  -  MemoryUsage of job (MB)
	443664  -  ResidentSetSize of job (KB)
...
005 (4031466.440.000) 03/13 00:56:07 Job terminated.
	(1) Normal termination (return value 0)
		Usr 0 00:16:19, Sys 0 00:01:37  -  Run Remote Usage
		Usr 0 00:00:00, Sys 0 00:00:00  -  Run Local Usage
		Usr 0 00:16:19, Sys 0 00:01:37  -  Total Remote Usage
		Usr 0 00:00:00, Sys 0 00:00:00  -  Total Local Usage
	0  -  Run Bytes Sent By Job
	0  -  Run Bytes Received By Job
	0  -  Total Bytes Sent By Job
	0  -  Total Bytes Received By Job
	Partitionable Resources :    Usage  Request Allocated
	   Cpus                 :                 1         1
	   Disk (KB)            :        1        1  20457847
	   Memory (MB)          :      434        1      4022
...
000 (4044172.440.000) 03/13 19:21:22 Job submitted from host: <192.168.1.109:9618?addrs=192.168.1.109-9618+[--1]-9618&noUDP&sock=3153_969b_4>
...
001 (4044172.440.000) 03/13 19:22:01 Job executing on host: <192.168.1.65:9618?addrs=192.168.1.65-9618+[--1]-9618&noUDP&sock=3515_344b_35>
...
006 (4044172.440.000) 03/13 19:22:10 Image size of job updated: 147848
	145  -  MemoryUsage of job (MB)
	147848  -  ResidentSetSize of job (KB)
...
006 (4044172.440.000) 03/13 19:27:10 Image size of job updated: 405432
	396  -  MemoryUsage of job (MB)
	405432  -  ResidentSetSize of job (KB)
...
006 (4044172.440.000) 03/13 19:32:10 Image size of job updated: 447516
	438  -  MemoryUsage of job (MB)
	447516  -  ResidentSetSize of job (KB)
...
006 (4044172.440.000) 03/13 19:37:11 Image size of job updated: 447696
	438  -  MemoryUsage of job (MB)
	447696  -  ResidentSetSize of job (KB)
...
006 (4044172.440.000) 03/13 19:42:12 Image size of job updated: 447724
	438  -  MemoryUsage of job (MB)
	447724  -  ResidentSetSize of job (KB)
...
006 (4044172.440.000) 03/13 19:52:13 Image size of job updated: 447732
	438  -  MemoryUsage of job (MB)
	447732  -  ResidentSetSize of job (KB)
...
006 (4044172.440.000) 03/13 19:57:14 Image size of job updated: 447880
	438  -  MemoryUsage of job (MB)
	447732  -  ResidentSetSize of job (KB)
...
006 (4044172.440.000) 03/13 20:02:14 Image size of job updated: 447884
	438  -  MemoryUsage of job (MB)
	447736  -  ResidentSetSize of job (KB)
...
006 (4044172.440.000) 03/13 20:17:15 Image size of job updated: 457040
	447  -  MemoryUsage of job (MB)
	456896  -  ResidentSetSize of job (KB)
...
006 (4044172.440.000) 03/13 20:22:15 Image size of job updated: 481628
	471  -  MemoryUsage of job (MB)
	481484  -  ResidentSetSize of job (KB)
...
005 (4044172.440.000) 03/13 20:23:56 Job terminated.
	(1) Normal termination (return value 0)
		Usr 0 00:54:10, Sys 0 00:04:27  -  Run Remote Usage
		Usr 0 00:00:00, Sys 0 00:00:00  -  Run Local Usage
		Usr 0 00:54:10, Sys 0 00:04:27  -  Total Remote Usage
		Usr 0 00:00:00, Sys 0 00:00:00  -  Total Local Usage
	0  -  Run Bytes Sent By Job
	0  -  Run Bytes Received By Job
	0  -  Total Bytes Sent By Job
	0  -  Total Bytes Received By Job
	Partitionable Resources :    Usage  Request Allocated
	   Cpus                 :                 1         1
	   Disk (KB)            :        1        1  22684044
	   Memory (MB)          :      471        1      4015
...
000 (4046522.440.000) 03/15 14:02:20 Job submitted from host: <192.168.1.109:9618?addrs=192.168.1.109-9618+[--1]-9618&noUDP&sock=3153_969b_4>
...
001 (4046522.440.000) 03/15 15:29:10 Job executing on host: <192.168.1.47:9618?addrs=192.168.1.47-9618+[--1]-9618&noUDP&sock=3245_a288_3>
...
006 (4046522.440.000) 03/15 15:29:19 Image size of job updated: 422248
	336  -  MemoryUsage of job (MB)
	343256  -  ResidentSetSize of job (KB)
...
006 (4046522.440.000) 03/15 15:34:20 Image size of job updated: 436812
	427  -  MemoryUsage of job (MB)
	436700  -  ResidentSetSize of job (KB)
...
006 (4046522.440.000) 03/15 15:39:20 Image size of job updated: 436936
	427  -  MemoryUsage of job (MB)
	436848  -  ResidentSetSize of job (KB)
...
006 (4046522.440.000) 03/15 15:44:20 Image size of job updated: 436948
	427  -  MemoryUsage of job (MB)
	436860  -  ResidentSetSize of job (KB)
...
006 (4046522.440.000) 03/15 15:49:21 Image size of job updated: 436952
	427  -  MemoryUsage of job (MB)
	436864  -  ResidentSetSize of job (KB)
...
006 (4046522.440.000) 03/15 15:54:21 Image size of job updated: 438896
	429  -  MemoryUsage of job (MB)
	438808  -  ResidentSetSize of job (KB)
...
006 (4046522.440.000) 03/15 15:56:31 Image size of job updated: 470520
	429  -  MemoryUsage of job (MB)
	438808  -  ResidentSetSize of job (KB)
...
005 (4046522.440.000) 03/15 15:56:31 Job terminated.
	(1) Normal termination (return value 0)
		Usr 0 00:22:07, Sys 0 00:02:02  -  Run Remote Usage
		Usr 0 00:00:00, Sys 0 00:00:00  -  Run Local Usage
		Usr 0 00:22:07, Sys 0 00:02:02  -  Total Remote Usage
		Usr 0 00:00:00, Sys 0 00:00:00  -  Total Local Usage
	0  -  Run Bytes Sent By Job
	0  -  Run Bytes Received By Job
	0  -  Total Bytes Sent By Job
	0  -  Total Bytes Received By Job
	Partitionable Resources :    Usage  Request Allocated
	   Cpus                 :                 1         1
	   Disk (KB)            :        1        1  28493856
	   Memory (MB)          :      429        1      4020
...
