000 (4031466.541.000) 03/13 00:00:44 Job submitted from host: <192.168.1.109:9618?addrs=192.168.1.109-9618+[--1]-9618&noUDP&sock=3153_969b_4>
...
001 (4031466.541.000) 03/13 00:01:30 Job executing on host: <192.168.1.49:9618?addrs=192.168.1.49-9618+[--1]-9618&noUDP&sock=3240_e427_3>
...
006 (4031466.541.000) 03/13 00:01:39 Image size of job updated: 151484
	147  -  MemoryUsage of job (MB)
	149776  -  ResidentSetSize of job (KB)
...
006 (4031466.541.000) 03/13 00:06:39 Image size of job updated: 373584
	365  -  MemoryUsage of job (MB)
	373584  -  ResidentSetSize of job (KB)
...
006 (4031466.541.000) 03/13 00:11:40 Image size of job updated: 445752
	436  -  MemoryUsage of job (MB)
	445752  -  ResidentSetSize of job (KB)
...
005 (4031466.541.000) 03/13 00:46:58 Job terminated.
	(1) Normal termination (return value 0)
		Usr 0 00:18:10, Sys 0 00:01:36  -  Run Remote Usage
		Usr 0 00:00:00, Sys 0 00:00:00  -  Run Local Usage
		Usr 0 00:18:10, Sys 0 00:01:36  -  Total Remote Usage
		Usr 0 00:00:00, Sys 0 00:00:00  -  Total Local Usage
	0  -  Run Bytes Sent By Job
	0  -  Run Bytes Received By Job
	0  -  Total Bytes Sent By Job
	0  -  Total Bytes Received By Job
	Partitionable Resources :    Usage  Request Allocated
	   Cpus                 :                 1         1
	   Disk (KB)            :        1        1  28491601
	   Memory (MB)          :      436        1      4020
...
000 (4044172.541.000) 03/13 19:21:23 Job submitted from host: <192.168.1.109:9618?addrs=192.168.1.109-9618+[--1]-9618&noUDP&sock=3153_969b_4>
...
001 (4044172.541.000) 03/13 19:22:05 Job executing on host: <192.168.1.39:9618?addrs=192.168.1.39-9618+[--1]-9618&noUDP&sock=3239_16fe_3>
...
006 (4044172.541.000) 03/13 19:22:15 Image size of job updated: 18964
	19  -  MemoryUsage of job (MB)
	18964  -  ResidentSetSize of job (KB)
...
006 (4044172.541.000) 03/13 19:27:15 Image size of job updated: 360920
	353  -  MemoryUsage of job (MB)
	360832  -  ResidentSetSize of job (KB)
...
006 (4044172.541.000) 03/13 19:32:16 Image size of job updated: 444068
	434  -  MemoryUsage of job (MB)
	443980  -  ResidentSetSize of job (KB)
...
006 (4044172.541.000) 03/13 19:42:17 Image size of job updated: 444588
	435  -  MemoryUsage of job (MB)
	444500  -  ResidentSetSize of job (KB)
...
006 (4044172.541.000) 03/13 19:47:18 Image size of job updated: 444620
	435  -  MemoryUsage of job (MB)
	444532  -  ResidentSetSize of job (KB)
...
006 (4044172.541.000) 03/13 20:12:20 Image size of job updated: 444736
	435  -  MemoryUsage of job (MB)
	444532  -  ResidentSetSize of job (KB)
...
006 (4044172.541.000) 03/13 20:13:28 Image size of job updated: 805808
	435  -  MemoryUsage of job (MB)
	444532  -  ResidentSetSize of job (KB)
...
005 (4044172.541.000) 03/13 20:13:28 Job terminated.
	(1) Normal termination (return value 0)
		Usr 0 00:19:08, Sys 0 00:02:01  -  Run Remote Usage
		Usr 0 00:00:00, Sys 0 00:00:00  -  Run Local Usage
		Usr 0 00:19:08, Sys 0 00:02:01  -  Total Remote Usage
		Usr 0 00:00:00, Sys 0 00:00:00  -  Total Local Usage
	0  -  Run Bytes Sent By Job
	0  -  Run Bytes Received By Job
	0  -  Total Bytes Sent By Job
	0  -  Total Bytes Received By Job
	Partitionable Resources :    Usage  Request Allocated
	   Cpus                 :                 1         1
	   Disk (KB)            :        1        1  20460459
	   Memory (MB)          :      435        1      4022
...
000 (4046522.541.000) 03/15 14:02:21 Job submitted from host: <192.168.1.109:9618?addrs=192.168.1.109-9618+[--1]-9618&noUDP&sock=3153_969b_4>
...
001 (4046522.541.000) 03/15 15:34:35 Job executing on host: <192.168.1.40:9618?addrs=192.168.1.40-9618+[--1]-9618&noUDP&sock=3366_a17e_3>
...
006 (4046522.541.000) 03/15 15:34:44 Image size of job updated: 148868
	145  -  MemoryUsage of job (MB)
	147976  -  ResidentSetSize of job (KB)
...
006 (4046522.541.000) 03/15 15:39:44 Image size of job updated: 439944
	430  -  MemoryUsage of job (MB)
	439764  -  ResidentSetSize of job (KB)
...
006 (4046522.541.000) 03/15 15:58:04 Image size of job updated: 445628
	430  -  MemoryUsage of job (MB)
	439764  -  ResidentSetSize of job (KB)
...
005 (4046522.541.000) 03/15 15:58:09 Job terminated.
	(1) Normal termination (return value 0)
		Usr 0 00:18:13, Sys 0 00:01:53  -  Run Remote Usage
		Usr 0 00:00:00, Sys 0 00:00:00  -  Run Local Usage
		Usr 0 00:18:13, Sys 0 00:01:53  -  Total Remote Usage
		Usr 0 00:00:00, Sys 0 00:00:00  -  Total Local Usage
	0  -  Run Bytes Sent By Job
	0  -  Run Bytes Received By Job
	0  -  Total Bytes Sent By Job
	0  -  Total Bytes Received By Job
	Partitionable Resources :    Usage  Request Allocated
	   Cpus                 :                 1         1
	   Disk (KB)            :        1        1  20457847
	   Memory (MB)          :      430        1      4022
...
