000 (4031233.071.000) 03/12 14:28:35 Job submitted from host: <192.168.1.109:9618?addrs=192.168.1.109-9618+[--1]-9618&noUDP&sock=3153_969b_4>
...
001 (4031233.071.000) 03/12 14:28:50 Job executing on host: <192.168.1.63:9618?addrs=192.168.1.63-9618+[--1]-9618&noUDP&sock=3501_ea5f_33>
...
006 (4031233.071.000) 03/12 14:28:58 Image size of job updated: 31796
	28  -  MemoryUsage of job (MB)
	28032  -  ResidentSetSize of job (KB)
...
006 (4031233.071.000) 03/12 14:33:58 Image size of job updated: 484556
	459  -  MemoryUsage of job (MB)
	469600  -  ResidentSetSize of job (KB)
...
006 (4031233.071.000) 03/12 14:38:59 Image size of job updated: 520816
	495  -  MemoryUsage of job (MB)
	505860  -  ResidentSetSize of job (KB)
...
004 (4031233.071.000) 03/12 14:54:07 Job was evicted.
	(0) Job was not checkpointed.
		Usr 0 00:22:38, Sys 0 00:02:06  -  Run Remote Usage
		Usr 0 00:00:00, Sys 0 00:00:00  -  Run Local Usage
	0  -  Run Bytes Sent By Job
	0  -  Run Bytes Received By Job
	Partitionable Resources :    Usage  Request Allocated
	   Cpus                 :                 1         1
	   Disk (KB)            :        1        1  22685400
	   Memory (MB)          :      495        1      4015
...
009 (4031233.071.000) 03/12 14:54:07 Job was aborted by the user.
	via condor_rm (by user routray)
...
000 (4031234.071.000) 03/12 15:03:14 Job submitted from host: <192.168.1.109:9618?addrs=192.168.1.109-9618+[--1]-9618&noUDP&sock=3153_969b_4>
...
001 (4031234.071.000) 03/12 15:03:41 Job executing on host: <192.168.1.50:9618?addrs=192.168.1.50-9618+[--1]-9618&noUDP&sock=3247_5221_3>
...
006 (4031234.071.000) 03/12 15:03:49 Image size of job updated: 377736
	365  -  MemoryUsage of job (MB)
	372940  -  ResidentSetSize of job (KB)
...
006 (4031234.071.000) 03/12 15:08:49 Image size of job updated: 471044
	460  -  MemoryUsage of job (MB)
	470576  -  ResidentSetSize of job (KB)
...
004 (4031234.071.000) 03/12 15:12:48 Job was evicted.
	(0) Job was not checkpointed.
		Usr 0 00:08:01, Sys 0 00:00:44  -  Run Remote Usage
		Usr 0 00:00:00, Sys 0 00:00:00  -  Run Local Usage
	0  -  Run Bytes Sent By Job
	0  -  Run Bytes Received By Job
	Partitionable Resources :    Usage  Request Allocated
	   Cpus                 :                 1         1
	   Disk (KB)            :        1        1  28493273
	   Memory (MB)          :      460        1      4020
...
009 (4031234.071.000) 03/12 15:12:51 Job was aborted by the user.
	via condor_rm (by user routray)
...
000 (4031235.071.000) 03/12 15:16:44 Job submitted from host: <192.168.1.109:9618?addrs=192.168.1.109-9618+[--1]-9618&noUDP&sock=3153_969b_4>
...
001 (4031235.071.000) 03/12 15:17:01 Job executing on host: <192.168.1.64:9618?addrs=192.168.1.64-9618+[--1]-9618&noUDP&sock=3497_7c66_22>
...
006 (4031235.071.000) 03/12 15:17:10 Image size of job updated: 372260
	363  -  MemoryUsage of job (MB)
	371008  -  ResidentSetSize of job (KB)
...
006 (4031235.071.000) 03/12 15:22:11 Image size of job updated: 471700
	460  -  MemoryUsage of job (MB)
	470448  -  ResidentSetSize of job (KB)
...
006 (4031235.071.000) 03/12 15:32:12 Image size of job updated: 471704
	460  -  MemoryUsage of job (MB)
	470452  -  ResidentSetSize of job (KB)
...
006 (4031235.071.000) 03/12 15:47:14 Image size of job updated: 502096
	490  -  MemoryUsage of job (MB)
	500844  -  ResidentSetSize of job (KB)
...
006 (4031235.071.000) 03/12 15:52:14 Image size of job updated: 504408
	492  -  MemoryUsage of job (MB)
	503156  -  ResidentSetSize of job (KB)
...
006 (4031235.071.000) 03/12 15:57:15 Image size of job updated: 626136
	611  -  MemoryUsage of job (MB)
	624864  -  ResidentSetSize of job (KB)
...
005 (4031235.071.000) 03/12 15:57:44 Job terminated.
	(1) Normal termination (return value 0)
		Usr 0 00:37:13, Sys 0 00:03:18  -  Run Remote Usage
		Usr 0 00:00:00, Sys 0 00:00:00  -  Run Local Usage
		Usr 0 00:37:13, Sys 0 00:03:18  -  Total Remote Usage
		Usr 0 00:00:00, Sys 0 00:00:00  -  Total Local Usage
	0  -  Run Bytes Sent By Job
	0  -  Run Bytes Received By Job
	0  -  Total Bytes Sent By Job
	0  -  Total Bytes Received By Job
	Partitionable Resources :    Usage  Request Allocated
	   Cpus                 :                 1         1
	   Disk (KB)            :        1        1  22685211
	   Memory (MB)          :      611        1      4015
...
000 (4031450.071.000) 03/12 16:23:12 Job submitted from host: <192.168.1.109:9618?addrs=192.168.1.109-9618+[--1]-9618&noUDP&sock=3153_969b_4>
...
001 (4031450.071.000) 03/12 16:23:37 Job executing on host: <192.168.1.46:9618?addrs=192.168.1.46-9618+[--1]-9618&noUDP&sock=3272_2797_3>
...
006 (4031450.071.000) 03/12 16:23:45 Image size of job updated: 128176
	110  -  MemoryUsage of job (MB)
	112380  -  ResidentSetSize of job (KB)
...
006 (4031450.071.000) 03/12 16:28:45 Image size of job updated: 475612
	447  -  MemoryUsage of job (MB)
	457108  -  ResidentSetSize of job (KB)
...
006 (4031450.071.000) 03/12 16:33:46 Image size of job updated: 509800
	480  -  MemoryUsage of job (MB)
	491296  -  ResidentSetSize of job (KB)
...
005 (4031450.071.000) 03/12 16:36:43 Job terminated.
	(1) Normal termination (return value 0)
		Usr 0 00:11:26, Sys 0 00:01:12  -  Run Remote Usage
		Usr 0 00:00:00, Sys 0 00:00:00  -  Run Local Usage
		Usr 0 00:11:26, Sys 0 00:01:12  -  Total Remote Usage
		Usr 0 00:00:00, Sys 0 00:00:00  -  Total Local Usage
	0  -  Run Bytes Sent By Job
	0  -  Run Bytes Received By Job
	0  -  Total Bytes Sent By Job
	0  -  Total Bytes Received By Job
	Partitionable Resources :    Usage  Request Allocated
	   Cpus                 :                 1         1
	   Disk (KB)            :        1        1  20459165
	   Memory (MB)          :      480        1      4022
...
000 (4031461.071.000) 03/12 18:25:46 Job submitted from host: <192.168.1.109:9618?addrs=192.168.1.109-9618+[--1]-9618&noUDP&sock=3153_969b_4>
...
001 (4031461.071.000) 03/12 18:26:00 Job executing on host: <192.168.1.61:9618?addrs=192.168.1.61-9618+[--1]-9618&noUDP&sock=3335_bd3f_11>
...
006 (4031461.071.000) 03/12 18:26:08 Image size of job updated: 363668
	336  -  MemoryUsage of job (MB)
	343156  -  ResidentSetSize of job (KB)
...
006 (4031461.071.000) 03/12 18:31:08 Image size of job updated: 453000
	423  -  MemoryUsage of job (MB)
	432468  -  ResidentSetSize of job (KB)
...
006 (4031461.071.000) 03/12 18:36:09 Image size of job updated: 453104
	423  -  MemoryUsage of job (MB)
	432572  -  ResidentSetSize of job (KB)
...
006 (4031461.071.000) 03/12 18:41:10 Image size of job updated: 453112
	423  -  MemoryUsage of job (MB)
	432580  -  ResidentSetSize of job (KB)
...
006 (4031461.071.000) 03/12 18:46:10 Image size of job updated: 453116
	423  -  MemoryUsage of job (MB)
	432584  -  ResidentSetSize of job (KB)
...
006 (4031461.071.000) 03/12 18:56:12 Image size of job updated: 453212
	423  -  MemoryUsage of job (MB)
	432680  -  ResidentSetSize of job (KB)
...
005 (4031461.071.000) 03/12 18:58:11 Job terminated.
	(1) Normal termination (return value 0)
		Usr 0 00:29:05, Sys 0 00:02:42  -  Run Remote Usage
		Usr 0 00:00:00, Sys 0 00:00:00  -  Run Local Usage
		Usr 0 00:29:05, Sys 0 00:02:42  -  Total Remote Usage
		Usr 0 00:00:00, Sys 0 00:00:00  -  Total Local Usage
	0  -  Run Bytes Sent By Job
	0  -  Run Bytes Received By Job
	0  -  Total Bytes Sent By Job
	0  -  Total Bytes Received By Job
	Partitionable Resources :    Usage  Request Allocated
	   Cpus                 :                 1         1
	   Disk (KB)            :        1        1  22662096
	   Memory (MB)          :      423        1      4001
...
000 (4031462.071.000) 03/12 20:10:16 Job submitted from host: <192.168.1.109:9618?addrs=192.168.1.109-9618+[--1]-9618&noUDP&sock=3153_969b_4>
...
001 (4031462.071.000) 03/12 20:10:41 Job executing on host: <192.168.1.44:9618?addrs=192.168.1.44-9618+[--1]-9618&noUDP&sock=3035_ca7b_3>
...
006 (4031462.071.000) 03/12 20:10:50 Image size of job updated: 221016
	210  -  MemoryUsage of job (MB)
	214116  -  ResidentSetSize of job (KB)
...
006 (4031462.071.000) 03/12 20:15:50 Image size of job updated: 489312
	471  -  MemoryUsage of job (MB)
	482208  -  ResidentSetSize of job (KB)
...
005 (4031462.071.000) 03/12 20:24:00 Job terminated.
	(1) Normal termination (return value 0)
		Usr 0 00:11:18, Sys 0 00:01:20  -  Run Remote Usage
		Usr 0 00:00:00, Sys 0 00:00:00  -  Run Local Usage
		Usr 0 00:11:18, Sys 0 00:01:20  -  Total Remote Usage
		Usr 0 00:00:00, Sys 0 00:00:00  -  Total Local Usage
	0  -  Run Bytes Sent By Job
	0  -  Run Bytes Received By Job
	0  -  Total Bytes Sent By Job
	0  -  Total Bytes Received By Job
	Partitionable Resources :    Usage  Request Allocated
	   Cpus                 :                 1         1
	   Disk (KB)            :        1        1  20458817
	   Memory (MB)          :      471        1      4022
...
000 (4031463.071.000) 03/12 21:35:09 Job submitted from host: <192.168.1.109:9618?addrs=192.168.1.109-9618+[--1]-9618&noUDP&sock=3153_969b_4>
...
001 (4031463.071.000) 03/12 21:35:43 Job executing on host: <192.168.1.61:9618?addrs=192.168.1.61-9618+[--1]-9618&noUDP&sock=3335_bd3f_11>
...
006 (4031463.071.000) 03/12 21:35:52 Image size of job updated: 40404
	36  -  MemoryUsage of job (MB)
	36140  -  ResidentSetSize of job (KB)
...
006 (4031463.071.000) 03/12 21:40:53 Image size of job updated: 441504
	420  -  MemoryUsage of job (MB)
	430048  -  ResidentSetSize of job (KB)
...
006 (4031463.071.000) 03/12 21:45:53 Image size of job updated: 441532
	420  -  MemoryUsage of job (MB)
	430076  -  ResidentSetSize of job (KB)
...
006 (4031463.071.000) 03/12 21:50:53 Image size of job updated: 441728
	421  -  MemoryUsage of job (MB)
	430272  -  ResidentSetSize of job (KB)
...
006 (4031463.071.000) 03/12 21:55:55 Image size of job updated: 478592
	457  -  MemoryUsage of job (MB)
	467136  -  ResidentSetSize of job (KB)
...
005 (4031463.071.000) 03/12 22:00:37 Job terminated.
	(1) Normal termination (return value 0)
		Usr 0 00:21:38, Sys 0 00:02:09  -  Run Remote Usage
		Usr 0 00:00:00, Sys 0 00:00:00  -  Run Local Usage
		Usr 0 00:21:38, Sys 0 00:02:09  -  Total Remote Usage
		Usr 0 00:00:00, Sys 0 00:00:00  -  Total Local Usage
	0  -  Run Bytes Sent By Job
	0  -  Run Bytes Received By Job
	0  -  Total Bytes Sent By Job
	0  -  Total Bytes Received By Job
	Partitionable Resources :    Usage  Request Allocated
	   Cpus                 :                 1         1
	   Disk (KB)            :        1        1  22662097
	   Memory (MB)          :      457        1      4001
...
000 (4031465.071.000) 03/12 23:18:12 Job submitted from host: <192.168.1.109:9618?addrs=192.168.1.109-9618+[--1]-9618&noUDP&sock=3153_969b_4>
...
001 (4031465.071.000) 03/12 23:18:17 Job executing on host: <192.168.1.53:9618?addrs=192.168.1.53-9618+[--1]-9618&noUDP&sock=3369_5fdf_35>
...
006 (4031465.071.000) 03/12 23:18:25 Image size of job updated: 408724
	358  -  MemoryUsage of job (MB)
	365780  -  ResidentSetSize of job (KB)
...
006 (4031465.071.000) 03/12 23:23:25 Image size of job updated: 490668
	438  -  MemoryUsage of job (MB)
	447700  -  ResidentSetSize of job (KB)
...
006 (4031465.071.000) 03/12 23:33:27 Image size of job updated: 526200
	472  -  MemoryUsage of job (MB)
	483232  -  ResidentSetSize of job (KB)
...
006 (4031465.071.000) 03/12 23:53:29 Image size of job updated: 648048
	591  -  MemoryUsage of job (MB)
	605004  -  ResidentSetSize of job (KB)
...
005 (4031465.071.000) 03/12 23:54:44 Job terminated.
	(1) Normal termination (return value 0)
		Usr 0 00:32:58, Sys 0 00:03:12  -  Run Remote Usage
		Usr 0 00:00:00, Sys 0 00:00:00  -  Run Local Usage
		Usr 0 00:32:58, Sys 0 00:03:12  -  Total Remote Usage
		Usr 0 00:00:00, Sys 0 00:00:00  -  Total Local Usage
	0  -  Run Bytes Sent By Job
	0  -  Run Bytes Received By Job
	0  -  Total Bytes Sent By Job
	0  -  Total Bytes Received By Job
	Partitionable Resources :    Usage  Request Allocated
	   Cpus                 :                 1         1
	   Disk (KB)            :        1        1  22662182
	   Memory (MB)          :      591        1      4001
...
000 (4031466.071.000) 03/13 00:00:40 Job submitted from host: <192.168.1.109:9618?addrs=192.168.1.109-9618+[--1]-9618&noUDP&sock=3153_969b_4>
...
001 (4031466.071.000) 03/13 00:01:10 Job executing on host: <192.168.1.61:9618?addrs=192.168.1.61-9618+[--1]-9618&noUDP&sock=3335_bd3f_11>
...
006 (4031466.071.000) 03/13 00:01:19 Image size of job updated: 169668
	157  -  MemoryUsage of job (MB)
	160400  -  ResidentSetSize of job (KB)
...
006 (4031466.071.000) 03/13 00:06:20 Image size of job updated: 425084
	415  -  MemoryUsage of job (MB)
	424868  -  ResidentSetSize of job (KB)
...
006 (4031466.071.000) 03/13 00:11:20 Image size of job updated: 425440
	416  -  MemoryUsage of job (MB)
	425224  -  ResidentSetSize of job (KB)
...
006 (4031466.071.000) 03/13 00:16:20 Image size of job updated: 425448
	416  -  MemoryUsage of job (MB)
	425232  -  ResidentSetSize of job (KB)
...
006 (4031466.071.000) 03/13 00:21:21 Image size of job updated: 425712
	416  -  MemoryUsage of job (MB)
	425496  -  ResidentSetSize of job (KB)
...
006 (4031466.071.000) 03/13 00:26:21 Image size of job updated: 425916
	416  -  MemoryUsage of job (MB)
	425700  -  ResidentSetSize of job (KB)
...
006 (4031466.071.000) 03/13 00:30:23 Image size of job updated: 426008
	416  -  MemoryUsage of job (MB)
	425700  -  ResidentSetSize of job (KB)
...
005 (4031466.071.000) 03/13 00:30:23 Job terminated.
	(1) Normal termination (return value 0)
		Usr 0 00:24:56, Sys 0 00:02:15  -  Run Remote Usage
		Usr 0 00:00:00, Sys 0 00:00:00  -  Run Local Usage
		Usr 0 00:24:56, Sys 0 00:02:15  -  Total Remote Usage
		Usr 0 00:00:00, Sys 0 00:00:00  -  Total Local Usage
	0  -  Run Bytes Sent By Job
	0  -  Run Bytes Received By Job
	0  -  Total Bytes Sent By Job
	0  -  Total Bytes Received By Job
	Partitionable Resources :    Usage  Request Allocated
	   Cpus                 :                 1         1
	   Disk (KB)            :        1        1  22662097
	   Memory (MB)          :      416        1      4001
...
000 (4044172.071.000) 03/13 19:21:18 Job submitted from host: <192.168.1.109:9618?addrs=192.168.1.109-9618+[--1]-9618&noUDP&sock=3153_969b_4>
...
001 (4044172.071.000) 03/13 19:21:45 Job executing on host: <192.168.1.61:9618?addrs=192.168.1.61-9618+[--1]-9618&noUDP&sock=3335_bd3f_11>
...
006 (4044172.071.000) 03/13 19:21:54 Image size of job updated: 159388
	145  -  MemoryUsage of job (MB)
	147904  -  ResidentSetSize of job (KB)
...
006 (4044172.071.000) 03/13 19:26:55 Image size of job updated: 437616
	416  -  MemoryUsage of job (MB)
	425764  -  ResidentSetSize of job (KB)
...
006 (4044172.071.000) 03/13 19:31:56 Image size of job updated: 438388
	417  -  MemoryUsage of job (MB)
	426536  -  ResidentSetSize of job (KB)
...
006 (4044172.071.000) 03/13 19:41:57 Image size of job updated: 438712
	417  -  MemoryUsage of job (MB)
	426860  -  ResidentSetSize of job (KB)
...
006 (4044172.071.000) 03/13 19:46:58 Image size of job updated: 449232
	428  -  MemoryUsage of job (MB)
	437380  -  ResidentSetSize of job (KB)
...
006 (4044172.071.000) 03/13 19:51:58 Image size of job updated: 474928
	453  -  MemoryUsage of job (MB)
	463076  -  ResidentSetSize of job (KB)
...
005 (4044172.071.000) 03/13 19:54:54 Job terminated.
	(1) Normal termination (return value 0)
		Usr 0 00:28:34, Sys 0 00:02:47  -  Run Remote Usage
		Usr 0 00:00:00, Sys 0 00:00:00  -  Run Local Usage
		Usr 0 00:28:34, Sys 0 00:02:47  -  Total Remote Usage
		Usr 0 00:00:00, Sys 0 00:00:00  -  Total Local Usage
	0  -  Run Bytes Sent By Job
	0  -  Run Bytes Received By Job
	0  -  Total Bytes Sent By Job
	0  -  Total Bytes Received By Job
	Partitionable Resources :    Usage  Request Allocated
	   Cpus                 :                 1         1
	   Disk (KB)            :        1        1  22662097
	   Memory (MB)          :      453        1      4001
...
000 (4044175.071.000) 03/13 20:53:38 Job submitted from host: <192.168.1.109:9618?addrs=192.168.1.109-9618+[--1]-9618&noUDP&sock=3153_969b_4>
...
001 (4044175.071.000) 03/13 20:53:57 Job executing on host: <192.168.1.44:9618?addrs=192.168.1.44-9618+[--1]-9618&noUDP&sock=3035_ca7b_3>
...
006 (4044175.071.000) 03/13 20:54:06 Image size of job updated: 387796
	356  -  MemoryUsage of job (MB)
	363572  -  ResidentSetSize of job (KB)
...
006 (4044175.071.000) 03/13 20:59:07 Image size of job updated: 469348
	435  -  MemoryUsage of job (MB)
	445116  -  ResidentSetSize of job (KB)
...
006 (4044175.071.000) 03/13 21:04:07 Image size of job updated: 507996
	473  -  MemoryUsage of job (MB)
	483764  -  ResidentSetSize of job (KB)
...
005 (4044175.071.000) 03/13 21:09:54 Job terminated.
	(1) Normal termination (return value 0)
		Usr 0 00:13:59, Sys 0 00:01:35  -  Run Remote Usage
		Usr 0 00:00:00, Sys 0 00:00:00  -  Run Local Usage
		Usr 0 00:13:59, Sys 0 00:01:35  -  Total Remote Usage
		Usr 0 00:00:00, Sys 0 00:00:00  -  Total Local Usage
	0  -  Run Bytes Sent By Job
	0  -  Run Bytes Received By Job
	0  -  Total Bytes Sent By Job
	0  -  Total Bytes Received By Job
	Partitionable Resources :    Usage  Request Allocated
	   Cpus                 :                 1         1
	   Disk (KB)            :        1        1  20458817
	   Memory (MB)          :      473        1      4022
...
000 (4046522.071.000) 03/15 14:02:15 Job submitted from host: <192.168.1.109:9618?addrs=192.168.1.109-9618+[--1]-9618&noUDP&sock=3153_969b_4>
...
001 (4046522.071.000) 03/15 14:42:40 Job executing on host: <192.168.1.40:9618?addrs=192.168.1.40-9618+[--1]-9618&noUDP&sock=3366_a17e_3>
...
006 (4046522.071.000) 03/15 14:42:49 Image size of job updated: 243344
	161  -  MemoryUsage of job (MB)
	164240  -  ResidentSetSize of job (KB)
...
006 (4046522.071.000) 03/15 14:47:50 Image size of job updated: 323560
	316  -  MemoryUsage of job (MB)
	323440  -  ResidentSetSize of job (KB)
...
006 (4046522.071.000) 03/15 14:52:50 Image size of job updated: 325180
	318  -  MemoryUsage of job (MB)
	324788  -  ResidentSetSize of job (KB)
...
006 (4046522.071.000) 03/15 14:57:37 Image size of job updated: 782940
	318  -  MemoryUsage of job (MB)
	324788  -  ResidentSetSize of job (KB)
...
005 (4046522.071.000) 03/15 14:57:37 Job terminated.
	(1) Normal termination (return value 0)
		Usr 0 00:13:21, Sys 0 00:01:24  -  Run Remote Usage
		Usr 0 00:00:00, Sys 0 00:00:00  -  Run Local Usage
		Usr 0 00:13:21, Sys 0 00:01:24  -  Total Remote Usage
		Usr 0 00:00:00, Sys 0 00:00:00  -  Total Local Usage
	0  -  Run Bytes Sent By Job
	0  -  Run Bytes Received By Job
	0  -  Total Bytes Sent By Job
	0  -  Total Bytes Received By Job
	Partitionable Resources :    Usage  Request Allocated
	   Cpus                 :                 1         1
	   Disk (KB)            :        1        1  20457847
	   Memory (MB)          :      318        1      4022
...
000 (4046529.071.000) 03/15 16:30:18 Job submitted from host: <192.168.1.109:9618?addrs=192.168.1.109-9618+[--1]-9618&noUDP&sock=3153_969b_4>
...
001 (4046529.071.000) 03/15 16:30:40 Job executing on host: <192.168.1.40:9618?addrs=192.168.1.40-9618+[--1]-9618&noUDP&sock=3366_a17e_3>
...
006 (4046529.071.000) 03/15 16:30:49 Image size of job updated: 404432
	357  -  MemoryUsage of job (MB)
	365268  -  ResidentSetSize of job (KB)
...
006 (4046529.071.000) 03/15 16:35:51 Image size of job updated: 487572
	438  -  MemoryUsage of job (MB)
	448164  -  ResidentSetSize of job (KB)
...
006 (4046529.071.000) 03/15 16:40:51 Image size of job updated: 487632
	438  -  MemoryUsage of job (MB)
	448224  -  ResidentSetSize of job (KB)
...
006 (4046529.071.000) 03/15 16:45:51 Image size of job updated: 522468
	472  -  MemoryUsage of job (MB)
	483060  -  ResidentSetSize of job (KB)
...
005 (4046529.071.000) 03/15 16:46:16 Job terminated.
	(1) Normal termination (return value 0)
		Usr 0 00:13:44, Sys 0 00:01:31  -  Run Remote Usage
		Usr 0 00:00:00, Sys 0 00:00:00  -  Run Local Usage
		Usr 0 00:13:44, Sys 0 00:01:31  -  Total Remote Usage
		Usr 0 00:00:00, Sys 0 00:00:00  -  Total Local Usage
	0  -  Run Bytes Sent By Job
	0  -  Run Bytes Received By Job
	0  -  Total Bytes Sent By Job
	0  -  Total Bytes Received By Job
	Partitionable Resources :    Usage  Request Allocated
	   Cpus                 :                 1         1
	   Disk (KB)            :        1        1  20457847
	   Memory (MB)          :      472        1      4022
...
000 (4046570.071.000) 03/15 18:56:23 Job submitted from host: <192.168.1.109:9618?addrs=192.168.1.109-9618+[--1]-9618&noUDP&sock=3153_969b_4>
...
001 (4046570.071.000) 03/15 18:56:39 Job executing on host: <192.168.1.43:9618?addrs=192.168.1.43-9618+[--1]-9618&noUDP&sock=3360_24bc_3>
...
006 (4046570.071.000) 03/15 18:56:47 Image size of job updated: 180392
	175  -  MemoryUsage of job (MB)
	179080  -  ResidentSetSize of job (KB)
...
006 (4046570.071.000) 03/15 19:01:47 Image size of job updated: 425092
	414  -  MemoryUsage of job (MB)
	423724  -  ResidentSetSize of job (KB)
...
006 (4046570.071.000) 03/15 19:06:47 Image size of job updated: 425220
	414  -  MemoryUsage of job (MB)
	423852  -  ResidentSetSize of job (KB)
...
006 (4046570.071.000) 03/15 19:11:48 Image size of job updated: 469016
	457  -  MemoryUsage of job (MB)
	467648  -  ResidentSetSize of job (KB)
...
005 (4046570.071.000) 03/15 19:13:05 Job terminated.
	(1) Normal termination (return value 0)
		Usr 0 00:13:41, Sys 0 00:01:36  -  Run Remote Usage
		Usr 0 00:00:00, Sys 0 00:00:00  -  Run Local Usage
		Usr 0 00:13:41, Sys 0 00:01:36  -  Total Remote Usage
		Usr 0 00:00:00, Sys 0 00:00:00  -  Total Local Usage
	0  -  Run Bytes Sent By Job
	0  -  Run Bytes Received By Job
	0  -  Total Bytes Sent By Job
	0  -  Total Bytes Received By Job
	Partitionable Resources :    Usage  Request Allocated
	   Cpus                 :                 1         1
	   Disk (KB)            :        1        1  20458450
	   Memory (MB)          :      457        1      4022
...
