000 (4031466.498.000) 03/13 00:00:44 Job submitted from host: <192.168.1.109:9618?addrs=192.168.1.109-9618+[--1]-9618&noUDP&sock=3153_969b_4>
...
001 (4031466.498.000) 03/13 00:01:29 Job executing on host: <192.168.1.39:9618?addrs=192.168.1.39-9618+[--1]-9618&noUDP&sock=3239_16fe_3>
...
006 (4031466.498.000) 03/13 00:01:38 Image size of job updated: 147228
	144  -  MemoryUsage of job (MB)
	147228  -  ResidentSetSize of job (KB)
...
006 (4031466.498.000) 03/13 00:06:39 Image size of job updated: 382216
	373  -  MemoryUsage of job (MB)
	381936  -  ResidentSetSize of job (KB)
...
006 (4031466.498.000) 03/13 00:11:39 Image size of job updated: 453960
	444  -  MemoryUsage of job (MB)
	453680  -  ResidentSetSize of job (KB)
...
006 (4031466.498.000) 03/13 00:36:42 Image size of job updated: 454748
	444  -  MemoryUsage of job (MB)
	454468  -  ResidentSetSize of job (KB)
...
006 (4031466.498.000) 03/13 00:41:42 Image size of job updated: 455184
	445  -  MemoryUsage of job (MB)
	454904  -  ResidentSetSize of job (KB)
...
005 (4031466.498.000) 03/13 00:52:16 Job terminated.
	(1) Normal termination (return value 0)
		Usr 0 00:16:53, Sys 0 00:01:40  -  Run Remote Usage
		Usr 0 00:00:00, Sys 0 00:00:00  -  Run Local Usage
		Usr 0 00:16:53, Sys 0 00:01:40  -  Total Remote Usage
		Usr 0 00:00:00, Sys 0 00:00:00  -  Total Local Usage
	0  -  Run Bytes Sent By Job
	0  -  Run Bytes Received By Job
	0  -  Total Bytes Sent By Job
	0  -  Total Bytes Received By Job
	Partitionable Resources :    Usage  Request Allocated
	   Cpus                 :                 1         1
	   Disk (KB)            :        1        1  20460459
	   Memory (MB)          :      445        1      4022
...
000 (4044172.498.000) 03/13 19:21:22 Job submitted from host: <192.168.1.109:9618?addrs=192.168.1.109-9618+[--1]-9618&noUDP&sock=3153_969b_4>
...
001 (4044172.498.000) 03/13 19:22:03 Job executing on host: <192.168.1.46:9618?addrs=192.168.1.46-9618+[--1]-9618&noUDP&sock=3272_2797_3>
...
006 (4044172.498.000) 03/13 19:22:12 Image size of job updated: 63972
	62  -  MemoryUsage of job (MB)
	62952  -  ResidentSetSize of job (KB)
...
006 (4044172.498.000) 03/13 19:27:12 Image size of job updated: 370384
	359  -  MemoryUsage of job (MB)
	366636  -  ResidentSetSize of job (KB)
...
006 (4044172.498.000) 03/13 19:32:12 Image size of job updated: 454320
	441  -  MemoryUsage of job (MB)
	450572  -  ResidentSetSize of job (KB)
...
006 (4044172.498.000) 03/13 20:02:15 Image size of job updated: 454952
	441  -  MemoryUsage of job (MB)
	451204  -  ResidentSetSize of job (KB)
...
006 (4044172.498.000) 03/13 20:07:16 Image size of job updated: 455124
	441  -  MemoryUsage of job (MB)
	451376  -  ResidentSetSize of job (KB)
...
006 (4044172.498.000) 03/13 20:12:17 Image size of job updated: 455124
	442  -  MemoryUsage of job (MB)
	451588  -  ResidentSetSize of job (KB)
...
005 (4044172.498.000) 03/13 20:13:32 Job terminated.
	(1) Normal termination (return value 0)
		Usr 0 00:17:22, Sys 0 00:01:54  -  Run Remote Usage
		Usr 0 00:00:00, Sys 0 00:00:00  -  Run Local Usage
		Usr 0 00:17:22, Sys 0 00:01:54  -  Total Remote Usage
		Usr 0 00:00:00, Sys 0 00:00:00  -  Total Local Usage
	0  -  Run Bytes Sent By Job
	0  -  Run Bytes Received By Job
	0  -  Total Bytes Sent By Job
	0  -  Total Bytes Received By Job
	Partitionable Resources :    Usage  Request Allocated
	   Cpus                 :                 1         1
	   Disk (KB)            :        1        1  20459164
	   Memory (MB)          :      442        1      4022
...
000 (4046522.498.000) 03/15 14:02:21 Job submitted from host: <192.168.1.109:9618?addrs=192.168.1.109-9618+[--1]-9618&noUDP&sock=3153_969b_4>
...
001 (4046522.498.000) 03/15 15:32:33 Job executing on host: <192.168.1.43:9618?addrs=192.168.1.43-9618+[--1]-9618&noUDP&sock=3360_24bc_3>
...
006 (4046522.498.000) 03/15 15:32:42 Image size of job updated: 444068
	357  -  MemoryUsage of job (MB)
	365160  -  ResidentSetSize of job (KB)
...
006 (4046522.498.000) 03/15 15:37:43 Image size of job updated: 452740
	442  -  MemoryUsage of job (MB)
	452376  -  ResidentSetSize of job (KB)
...
006 (4046522.498.000) 03/15 15:42:43 Image size of job updated: 453052
	443  -  MemoryUsage of job (MB)
	452688  -  ResidentSetSize of job (KB)
...
006 (4046522.498.000) 03/15 15:47:43 Image size of job updated: 454728
	444  -  MemoryUsage of job (MB)
	454364  -  ResidentSetSize of job (KB)
...
006 (4046522.498.000) 03/15 15:52:44 Image size of job updated: 455736
	445  -  MemoryUsage of job (MB)
	455372  -  ResidentSetSize of job (KB)
...
006 (4046522.498.000) 03/15 15:53:24 Image size of job updated: 470588
	445  -  MemoryUsage of job (MB)
	455372  -  ResidentSetSize of job (KB)
...
005 (4046522.498.000) 03/15 15:53:24 Job terminated.
	(1) Normal termination (return value 0)
		Usr 0 00:16:39, Sys 0 00:01:53  -  Run Remote Usage
		Usr 0 00:00:00, Sys 0 00:00:00  -  Run Local Usage
		Usr 0 00:16:39, Sys 0 00:01:53  -  Total Remote Usage
		Usr 0 00:00:00, Sys 0 00:00:00  -  Total Local Usage
	0  -  Run Bytes Sent By Job
	0  -  Run Bytes Received By Job
	0  -  Total Bytes Sent By Job
	0  -  Total Bytes Received By Job
	Partitionable Resources :    Usage  Request Allocated
	   Cpus                 :                 1         1
	   Disk (KB)            :        1        1  20458450
	   Memory (MB)          :      445        1      4022
...
