000 (4031466.408.000) 03/13 00:00:44 Job submitted from host: <192.168.1.109:9618?addrs=192.168.1.109-9618+[--1]-9618&noUDP&sock=3153_969b_4>
...
001 (4031466.408.000) 03/13 00:01:26 Job executing on host: <192.168.1.50:9618?addrs=192.168.1.50-9618+[--1]-9618&noUDP&sock=3247_5221_3>
...
006 (4031466.408.000) 03/13 00:01:35 Image size of job updated: 151796
	110  -  MemoryUsage of job (MB)
	112060  -  ResidentSetSize of job (KB)
...
006 (4031466.408.000) 03/13 00:06:35 Image size of job updated: 363356
	355  -  MemoryUsage of job (MB)
	363356  -  ResidentSetSize of job (KB)
...
006 (4031466.408.000) 03/13 00:11:35 Image size of job updated: 436024
	426  -  MemoryUsage of job (MB)
	436024  -  ResidentSetSize of job (KB)
...
006 (4031466.408.000) 03/13 00:16:36 Image size of job updated: 437588
	428  -  MemoryUsage of job (MB)
	437588  -  ResidentSetSize of job (KB)
...
006 (4031466.408.000) 03/13 00:21:37 Image size of job updated: 437592
	428  -  MemoryUsage of job (MB)
	437592  -  ResidentSetSize of job (KB)
...
006 (4031466.408.000) 03/13 00:26:37 Image size of job updated: 437664
	428  -  MemoryUsage of job (MB)
	437664  -  ResidentSetSize of job (KB)
...
006 (4031466.408.000) 03/13 00:44:19 Image size of job updated: 796396
	428  -  MemoryUsage of job (MB)
	437664  -  ResidentSetSize of job (KB)
...
005 (4031466.408.000) 03/13 00:44:19 Job terminated.
	(1) Normal termination (return value 0)
		Usr 0 00:15:13, Sys 0 00:01:20  -  Run Remote Usage
		Usr 0 00:00:00, Sys 0 00:00:00  -  Run Local Usage
		Usr 0 00:15:13, Sys 0 00:01:20  -  Total Remote Usage
		Usr 0 00:00:00, Sys 0 00:00:00  -  Total Local Usage
	0  -  Run Bytes Sent By Job
	0  -  Run Bytes Received By Job
	0  -  Total Bytes Sent By Job
	0  -  Total Bytes Received By Job
	Partitionable Resources :    Usage  Request Allocated
	   Cpus                 :                 1         1
	   Disk (KB)            :        1        1  28493273
	   Memory (MB)          :      428        1      4020
...
000 (4044172.408.000) 03/13 19:21:22 Job submitted from host: <192.168.1.109:9618?addrs=192.168.1.109-9618+[--1]-9618&noUDP&sock=3153_969b_4>
...
001 (4044172.408.000) 03/13 19:22:01 Job executing on host: <192.168.1.63:9618?addrs=192.168.1.63-9618+[--1]-9618&noUDP&sock=3501_ea5f_33>
...
006 (4044172.408.000) 03/13 19:22:09 Image size of job updated: 161420
	145  -  MemoryUsage of job (MB)
	147932  -  ResidentSetSize of job (KB)
...
006 (4044172.408.000) 03/13 19:27:10 Image size of job updated: 374644
	353  -  MemoryUsage of job (MB)
	361048  -  ResidentSetSize of job (KB)
...
006 (4044172.408.000) 03/13 19:32:11 Image size of job updated: 448064
	425  -  MemoryUsage of job (MB)
	434468  -  ResidentSetSize of job (KB)
...
006 (4044172.408.000) 03/13 19:47:12 Image size of job updated: 448104
	425  -  MemoryUsage of job (MB)
	434508  -  ResidentSetSize of job (KB)
...
006 (4044172.408.000) 03/13 19:52:12 Image size of job updated: 448124
	425  -  MemoryUsage of job (MB)
	434528  -  ResidentSetSize of job (KB)
...
005 (4044172.408.000) 03/13 20:18:56 Job terminated.
	(1) Normal termination (return value 0)
		Usr 0 00:49:10, Sys 0 00:04:00  -  Run Remote Usage
		Usr 0 00:00:00, Sys 0 00:00:00  -  Run Local Usage
		Usr 0 00:49:10, Sys 0 00:04:00  -  Total Remote Usage
		Usr 0 00:00:00, Sys 0 00:00:00  -  Total Local Usage
	0  -  Run Bytes Sent By Job
	0  -  Run Bytes Received By Job
	0  -  Total Bytes Sent By Job
	0  -  Total Bytes Received By Job
	Partitionable Resources :    Usage  Request Allocated
	   Cpus                 :                 1         1
	   Disk (KB)            :        1        1  22685399
	   Memory (MB)          :      425        1      4015
...
000 (4046522.408.000) 03/15 14:02:20 Job submitted from host: <192.168.1.109:9618?addrs=192.168.1.109-9618+[--1]-9618&noUDP&sock=3153_969b_4>
...
001 (4046522.408.000) 03/15 15:27:08 Job executing on host: <192.168.1.40:9618?addrs=192.168.1.40-9618+[--1]-9618&noUDP&sock=3366_a17e_3>
...
006 (4046522.408.000) 03/15 15:27:16 Image size of job updated: 243648
	161  -  MemoryUsage of job (MB)
	164692  -  ResidentSetSize of job (KB)
...
006 (4046522.408.000) 03/15 15:32:16 Image size of job updated: 327544
	320  -  MemoryUsage of job (MB)
	326972  -  ResidentSetSize of job (KB)
...
006 (4046522.408.000) 03/15 15:37:16 Image size of job updated: 327660
	320  -  MemoryUsage of job (MB)
	327476  -  ResidentSetSize of job (KB)
...
006 (4046522.408.000) 03/15 15:42:17 Image size of job updated: 327900
	321  -  MemoryUsage of job (MB)
	327708  -  ResidentSetSize of job (KB)
...
006 (4046522.408.000) 03/15 15:51:05 Image size of job updated: 376460
	321  -  MemoryUsage of job (MB)
	327708  -  ResidentSetSize of job (KB)
...
005 (4046522.408.000) 03/15 15:51:05 Job terminated.
	(1) Normal termination (return value 0)
		Usr 0 00:19:11, Sys 0 00:01:54  -  Run Remote Usage
		Usr 0 00:00:00, Sys 0 00:00:00  -  Run Local Usage
		Usr 0 00:19:11, Sys 0 00:01:54  -  Total Remote Usage
		Usr 0 00:00:00, Sys 0 00:00:00  -  Total Local Usage
	0  -  Run Bytes Sent By Job
	0  -  Run Bytes Received By Job
	0  -  Total Bytes Sent By Job
	0  -  Total Bytes Received By Job
	Partitionable Resources :    Usage  Request Allocated
	   Cpus                 :                 1         1
	   Disk (KB)            :        1        1  20457847
	   Memory (MB)          :      321        1      4022
...
