000 (4031466.573.000) 03/13 00:00:45 Job submitted from host: <192.168.1.109:9618?addrs=192.168.1.109-9618+[--1]-9618&noUDP&sock=3153_969b_4>
...
001 (4031466.573.000) 03/13 00:01:32 Job executing on host: <192.168.1.47:9618?addrs=192.168.1.47-9618+[--1]-9618&noUDP&sock=3245_a288_3>
...
006 (4031466.573.000) 03/13 00:01:40 Image size of job updated: 138044
	110  -  MemoryUsage of job (MB)
	112012  -  ResidentSetSize of job (KB)
...
006 (4031466.573.000) 03/13 00:06:40 Image size of job updated: 364088
	356  -  MemoryUsage of job (MB)
	364088  -  ResidentSetSize of job (KB)
...
006 (4031466.573.000) 03/13 00:11:41 Image size of job updated: 451364
	441  -  MemoryUsage of job (MB)
	451364  -  ResidentSetSize of job (KB)
...
006 (4031466.573.000) 03/13 00:16:42 Image size of job updated: 453988
	444  -  MemoryUsage of job (MB)
	453988  -  ResidentSetSize of job (KB)
...
006 (4031466.573.000) 03/13 00:31:44 Image size of job updated: 454004
	444  -  MemoryUsage of job (MB)
	454004  -  ResidentSetSize of job (KB)
...
006 (4031466.573.000) 03/13 00:36:44 Image size of job updated: 454496
	444  -  MemoryUsage of job (MB)
	454496  -  ResidentSetSize of job (KB)
...
006 (4031466.573.000) 03/13 00:48:52 Image size of job updated: 811080
	444  -  MemoryUsage of job (MB)
	454496  -  ResidentSetSize of job (KB)
...
005 (4031466.573.000) 03/13 00:48:52 Job terminated.
	(1) Normal termination (return value 0)
		Usr 0 00:17:51, Sys 0 00:01:42  -  Run Remote Usage
		Usr 0 00:00:00, Sys 0 00:00:00  -  Run Local Usage
		Usr 0 00:17:51, Sys 0 00:01:42  -  Total Remote Usage
		Usr 0 00:00:00, Sys 0 00:00:00  -  Total Local Usage
	0  -  Run Bytes Sent By Job
	0  -  Run Bytes Received By Job
	0  -  Total Bytes Sent By Job
	0  -  Total Bytes Received By Job
	Partitionable Resources :    Usage  Request Allocated
	   Cpus                 :                 1         1
	   Disk (KB)            :        1        1  28493856
	   Memory (MB)          :      444        1      4020
...
000 (4044172.573.000) 03/13 19:21:23 Job submitted from host: <192.168.1.109:9618?addrs=192.168.1.109-9618+[--1]-9618&noUDP&sock=3153_969b_4>
...
001 (4044172.573.000) 03/13 19:22:13 Job executing on host: <192.168.1.39:9618?addrs=192.168.1.39-9618+[--1]-9618&noUDP&sock=3239_16fe_3>
...
006 (4044172.573.000) 03/13 19:22:22 Image size of job updated: 70224
	53  -  MemoryUsage of job (MB)
	53924  -  ResidentSetSize of job (KB)
...
006 (4044172.573.000) 03/13 19:27:22 Image size of job updated: 402788
	363  -  MemoryUsage of job (MB)
	371708  -  ResidentSetSize of job (KB)
...
006 (4044172.573.000) 03/13 19:32:24 Image size of job updated: 428368
	388  -  MemoryUsage of job (MB)
	397288  -  ResidentSetSize of job (KB)
...
006 (4044172.573.000) 03/13 19:37:24 Image size of job updated: 482080
	441  -  MemoryUsage of job (MB)
	451000  -  ResidentSetSize of job (KB)
...
006 (4044172.573.000) 03/13 19:42:24 Image size of job updated: 482224
	441  -  MemoryUsage of job (MB)
	451144  -  ResidentSetSize of job (KB)
...
006 (4044172.573.000) 03/13 19:47:25 Image size of job updated: 482504
	441  -  MemoryUsage of job (MB)
	451424  -  ResidentSetSize of job (KB)
...
006 (4044172.573.000) 03/13 19:57:26 Image size of job updated: 482832
	442  -  MemoryUsage of job (MB)
	451752  -  ResidentSetSize of job (KB)
...
006 (4044172.573.000) 03/13 20:02:26 Image size of job updated: 482940
	442  -  MemoryUsage of job (MB)
	451860  -  ResidentSetSize of job (KB)
...
005 (4044172.573.000) 03/13 20:13:20 Job terminated.
	(1) Normal termination (return value 0)
		Usr 0 00:19:10, Sys 0 00:01:59  -  Run Remote Usage
		Usr 0 00:00:00, Sys 0 00:00:00  -  Run Local Usage
		Usr 0 00:19:10, Sys 0 00:01:59  -  Total Remote Usage
		Usr 0 00:00:00, Sys 0 00:00:00  -  Total Local Usage
	0  -  Run Bytes Sent By Job
	0  -  Run Bytes Received By Job
	0  -  Total Bytes Sent By Job
	0  -  Total Bytes Received By Job
	Partitionable Resources :    Usage  Request Allocated
	   Cpus                 :                 1         1
	   Disk (KB)            :        1        1  20460459
	   Memory (MB)          :      442        1      4022
...
000 (4046522.573.000) 03/15 14:02:21 Job submitted from host: <192.168.1.109:9618?addrs=192.168.1.109-9618+[--1]-9618&noUDP&sock=3153_969b_4>
...
001 (4046522.573.000) 03/15 15:35:37 Job executing on host: <192.168.1.51:9618?addrs=192.168.1.51-9618+[--1]-9618&noUDP&sock=3125_b25b_3>
...
006 (4046522.573.000) 03/15 15:35:45 Image size of job updated: 392244
	308  -  MemoryUsage of job (MB)
	315128  -  ResidentSetSize of job (KB)
...
006 (4046522.573.000) 03/15 15:40:45 Image size of job updated: 447668
	437  -  MemoryUsage of job (MB)
	447316  -  ResidentSetSize of job (KB)
...
006 (4046522.573.000) 03/15 15:45:46 Image size of job updated: 447724
	437  -  MemoryUsage of job (MB)
	447408  -  ResidentSetSize of job (KB)
...
006 (4046522.573.000) 03/15 15:50:46 Image size of job updated: 448200
	438  -  MemoryUsage of job (MB)
	447884  -  ResidentSetSize of job (KB)
...
006 (4046522.573.000) 03/15 15:57:04 Image size of job updated: 448884
	438  -  MemoryUsage of job (MB)
	447884  -  ResidentSetSize of job (KB)
...
005 (4046522.573.000) 03/15 15:57:04 Job terminated.
	(1) Normal termination (return value 0)
		Usr 0 00:17:24, Sys 0 00:01:45  -  Run Remote Usage
		Usr 0 00:00:00, Sys 0 00:00:00  -  Run Local Usage
		Usr 0 00:17:24, Sys 0 00:01:45  -  Total Remote Usage
		Usr 0 00:00:00, Sys 0 00:00:00  -  Total Local Usage
	0  -  Run Bytes Sent By Job
	0  -  Run Bytes Received By Job
	0  -  Total Bytes Sent By Job
	0  -  Total Bytes Received By Job
	Partitionable Resources :    Usage  Request Allocated
	   Cpus                 :                 1         1
	   Disk (KB)            :        1        1  28494197
	   Memory (MB)          :      438        1      4020
...
