000 (4031466.254.000) 03/13 00:00:42 Job submitted from host: <192.168.1.109:9618?addrs=192.168.1.109-9618+[--1]-9618&noUDP&sock=3153_969b_4>
...
001 (4031466.254.000) 03/13 00:01:21 Job executing on host: <192.168.1.41:9618?addrs=192.168.1.41-9618+[--1]-9618&noUDP&sock=3368_a17e_3>
...
006 (4031466.254.000) 03/13 00:01:30 Image size of job updated: 147144
	144  -  MemoryUsage of job (MB)
	147144  -  ResidentSetSize of job (KB)
...
006 (4031466.254.000) 03/13 00:06:31 Image size of job updated: 358092
	350  -  MemoryUsage of job (MB)
	358092  -  ResidentSetSize of job (KB)
...
006 (4031466.254.000) 03/13 00:11:31 Image size of job updated: 435344
	426  -  MemoryUsage of job (MB)
	435344  -  ResidentSetSize of job (KB)
...
006 (4031466.254.000) 03/13 00:16:31 Image size of job updated: 436068
	426  -  MemoryUsage of job (MB)
	436068  -  ResidentSetSize of job (KB)
...
006 (4031466.254.000) 03/13 00:21:32 Image size of job updated: 436096
	426  -  MemoryUsage of job (MB)
	436096  -  ResidentSetSize of job (KB)
...
006 (4031466.254.000) 03/13 00:26:33 Image size of job updated: 436100
	426  -  MemoryUsage of job (MB)
	436100  -  ResidentSetSize of job (KB)
...
006 (4031466.254.000) 03/13 00:31:33 Image size of job updated: 436112
	426  -  MemoryUsage of job (MB)
	436112  -  ResidentSetSize of job (KB)
...
006 (4031466.254.000) 03/13 00:36:34 Image size of job updated: 436140
	426  -  MemoryUsage of job (MB)
	436140  -  ResidentSetSize of job (KB)
...
006 (4031466.254.000) 03/13 00:41:35 Image size of job updated: 436148
	426  -  MemoryUsage of job (MB)
	436148  -  ResidentSetSize of job (KB)
...
006 (4031466.254.000) 03/13 00:51:18 Image size of job updated: 787912
	426  -  MemoryUsage of job (MB)
	436148  -  ResidentSetSize of job (KB)
...
005 (4031466.254.000) 03/13 00:51:18 Job terminated.
	(1) Normal termination (return value 0)
		Usr 0 00:15:37, Sys 0 00:01:29  -  Run Remote Usage
		Usr 0 00:00:00, Sys 0 00:00:00  -  Run Local Usage
		Usr 0 00:15:37, Sys 0 00:01:29  -  Total Remote Usage
		Usr 0 00:00:00, Sys 0 00:00:00  -  Total Local Usage
	0  -  Run Bytes Sent By Job
	0  -  Run Bytes Received By Job
	0  -  Total Bytes Sent By Job
	0  -  Total Bytes Received By Job
	Partitionable Resources :    Usage  Request Allocated
	   Cpus                 :                 1         1
	   Disk (KB)            :        1        1  20458618
	   Memory (MB)          :      426        1      4022
...
000 (4044172.254.000) 03/13 19:21:20 Job submitted from host: <192.168.1.109:9618?addrs=192.168.1.109-9618+[--1]-9618&noUDP&sock=3153_969b_4>
...
001 (4044172.254.000) 03/13 19:21:55 Job executing on host: <192.168.1.41:9618?addrs=192.168.1.41-9618+[--1]-9618&noUDP&sock=3368_a17e_3>
...
006 (4044172.254.000) 03/13 19:22:04 Image size of job updated: 112564
	108  -  MemoryUsage of job (MB)
	110584  -  ResidentSetSize of job (KB)
...
006 (4044172.254.000) 03/13 19:27:05 Image size of job updated: 165968
	161  -  MemoryUsage of job (MB)
	164276  -  ResidentSetSize of job (KB)
...
006 (4044172.254.000) 03/13 19:32:05 Image size of job updated: 329160
	320  -  MemoryUsage of job (MB)
	327468  -  ResidentSetSize of job (KB)
...
006 (4044172.254.000) 03/13 19:37:05 Image size of job updated: 329408
	321  -  MemoryUsage of job (MB)
	327716  -  ResidentSetSize of job (KB)
...
006 (4044172.254.000) 03/13 19:42:06 Image size of job updated: 329664
	321  -  MemoryUsage of job (MB)
	327972  -  ResidentSetSize of job (KB)
...
006 (4044172.254.000) 03/13 19:47:07 Image size of job updated: 329692
	321  -  MemoryUsage of job (MB)
	328000  -  ResidentSetSize of job (KB)
...
006 (4044172.254.000) 03/13 19:52:07 Image size of job updated: 329840
	321  -  MemoryUsage of job (MB)
	328148  -  ResidentSetSize of job (KB)
...
006 (4044172.254.000) 03/13 19:57:08 Image size of job updated: 329996
	321  -  MemoryUsage of job (MB)
	328304  -  ResidentSetSize of job (KB)
...
006 (4044172.254.000) 03/13 20:02:09 Image size of job updated: 330008
	321  -  MemoryUsage of job (MB)
	328316  -  ResidentSetSize of job (KB)
...
006 (4044172.254.000) 03/13 20:07:09 Image size of job updated: 330044
	321  -  MemoryUsage of job (MB)
	328352  -  ResidentSetSize of job (KB)
...
005 (4044172.254.000) 03/13 20:08:57 Job terminated.
	(1) Normal termination (return value 0)
		Usr 0 00:16:27, Sys 0 00:01:50  -  Run Remote Usage
		Usr 0 00:00:00, Sys 0 00:00:00  -  Run Local Usage
		Usr 0 00:16:27, Sys 0 00:01:50  -  Total Remote Usage
		Usr 0 00:00:00, Sys 0 00:00:00  -  Total Local Usage
	0  -  Run Bytes Sent By Job
	0  -  Run Bytes Received By Job
	0  -  Total Bytes Sent By Job
	0  -  Total Bytes Received By Job
	Partitionable Resources :    Usage  Request Allocated
	   Cpus                 :                 1         1
	   Disk (KB)            :        1        1  20458618
	   Memory (MB)          :      321        1      4022
...
000 (4046522.254.000) 03/15 14:02:18 Job submitted from host: <192.168.1.109:9618?addrs=192.168.1.109-9618+[--1]-9618&noUDP&sock=3153_969b_4>
...
001 (4046522.254.000) 03/15 15:11:55 Job executing on host: <192.168.1.51:9618?addrs=192.168.1.51-9618+[--1]-9618&noUDP&sock=3125_b25b_3>
...
006 (4046522.254.000) 03/15 15:12:03 Image size of job updated: 429692
	343  -  MemoryUsage of job (MB)
	351164  -  ResidentSetSize of job (KB)
...
006 (4046522.254.000) 03/15 15:17:03 Image size of job updated: 436104
	426  -  MemoryUsage of job (MB)
	435336  -  ResidentSetSize of job (KB)
...
006 (4046522.254.000) 03/15 15:22:04 Image size of job updated: 436104
	426  -  MemoryUsage of job (MB)
	435344  -  ResidentSetSize of job (KB)
...
006 (4046522.254.000) 03/15 15:27:04 Image size of job updated: 436104
	426  -  MemoryUsage of job (MB)
	435388  -  ResidentSetSize of job (KB)
...
005 (4046522.254.000) 03/15 15:34:03 Job terminated.
	(1) Normal termination (return value 0)
		Usr 0 00:19:47, Sys 0 00:01:53  -  Run Remote Usage
		Usr 0 00:00:00, Sys 0 00:00:00  -  Run Local Usage
		Usr 0 00:19:47, Sys 0 00:01:53  -  Total Remote Usage
		Usr 0 00:00:00, Sys 0 00:00:00  -  Total Local Usage
	0  -  Run Bytes Sent By Job
	0  -  Run Bytes Received By Job
	0  -  Total Bytes Sent By Job
	0  -  Total Bytes Received By Job
	Partitionable Resources :    Usage  Request Allocated
	   Cpus                 :                 1         1
	   Disk (KB)            :        1        1  28494197
	   Memory (MB)          :      426        1      4020
...
