000 (4031466.451.000) 03/13 00:00:44 Job submitted from host: <192.168.1.109:9618?addrs=192.168.1.109-9618+[--1]-9618&noUDP&sock=3153_969b_4>
...
001 (4031466.451.000) 03/13 00:01:28 Job executing on host: <192.168.1.47:9618?addrs=192.168.1.47-9618+[--1]-9618&noUDP&sock=3245_a288_3>
...
006 (4031466.451.000) 03/13 00:01:37 Image size of job updated: 148008
	145  -  MemoryUsage of job (MB)
	148008  -  ResidentSetSize of job (KB)
...
006 (4031466.451.000) 03/13 00:06:38 Image size of job updated: 365312
	357  -  MemoryUsage of job (MB)
	365312  -  ResidentSetSize of job (KB)
...
006 (4031466.451.000) 03/13 00:11:38 Image size of job updated: 440768
	431  -  MemoryUsage of job (MB)
	440768  -  ResidentSetSize of job (KB)
...
006 (4031466.451.000) 03/13 00:31:39 Image size of job updated: 440972
	431  -  MemoryUsage of job (MB)
	440972  -  ResidentSetSize of job (KB)
...
006 (4031466.451.000) 03/13 00:36:40 Image size of job updated: 441000
	431  -  MemoryUsage of job (MB)
	441000  -  ResidentSetSize of job (KB)
...
006 (4031466.451.000) 03/13 00:46:45 Image size of job updated: 805580
	431  -  MemoryUsage of job (MB)
	441000  -  ResidentSetSize of job (KB)
...
005 (4031466.451.000) 03/13 00:46:45 Job terminated.
	(1) Normal termination (return value 0)
		Usr 0 00:15:19, Sys 0 00:01:24  -  Run Remote Usage
		Usr 0 00:00:00, Sys 0 00:00:00  -  Run Local Usage
		Usr 0 00:15:19, Sys 0 00:01:24  -  Total Remote Usage
		Usr 0 00:00:00, Sys 0 00:00:00  -  Total Local Usage
	0  -  Run Bytes Sent By Job
	0  -  Run Bytes Received By Job
	0  -  Total Bytes Sent By Job
	0  -  Total Bytes Received By Job
	Partitionable Resources :    Usage  Request Allocated
	   Cpus                 :                 1         1
	   Disk (KB)            :        1        1  28493856
	   Memory (MB)          :      431        1      4020
...
000 (4044172.451.000) 03/13 19:21:22 Job submitted from host: <192.168.1.109:9618?addrs=192.168.1.109-9618+[--1]-9618&noUDP&sock=3153_969b_4>
...
001 (4044172.451.000) 03/13 19:22:02 Job executing on host: <192.168.1.39:9618?addrs=192.168.1.39-9618+[--1]-9618&noUDP&sock=3239_16fe_3>
...
006 (4044172.451.000) 03/13 19:22:10 Image size of job updated: 160224
	144  -  MemoryUsage of job (MB)
	147092  -  ResidentSetSize of job (KB)
...
006 (4044172.451.000) 03/13 19:27:10 Image size of job updated: 383048
	375  -  MemoryUsage of job (MB)
	383044  -  ResidentSetSize of job (KB)
...
006 (4044172.451.000) 03/13 19:32:10 Image size of job updated: 440808
	431  -  MemoryUsage of job (MB)
	440804  -  ResidentSetSize of job (KB)
...
006 (4044172.451.000) 03/13 19:52:11 Image size of job updated: 440944
	431  -  MemoryUsage of job (MB)
	440940  -  ResidentSetSize of job (KB)
...
006 (4044172.451.000) 03/13 19:57:12 Image size of job updated: 441052
	431  -  MemoryUsage of job (MB)
	441048  -  ResidentSetSize of job (KB)
...
006 (4044172.451.000) 03/13 20:11:19 Image size of job updated: 441108
	431  -  MemoryUsage of job (MB)
	441048  -  ResidentSetSize of job (KB)
...
005 (4044172.451.000) 03/13 20:11:19 Job terminated.
	(1) Normal termination (return value 0)
		Usr 0 00:18:00, Sys 0 00:02:02  -  Run Remote Usage
		Usr 0 00:00:00, Sys 0 00:00:00  -  Run Local Usage
		Usr 0 00:18:00, Sys 0 00:02:02  -  Total Remote Usage
		Usr 0 00:00:00, Sys 0 00:00:00  -  Total Local Usage
	0  -  Run Bytes Sent By Job
	0  -  Run Bytes Received By Job
	0  -  Total Bytes Sent By Job
	0  -  Total Bytes Received By Job
	Partitionable Resources :    Usage  Request Allocated
	   Cpus                 :                 1         1
	   Disk (KB)            :        1        1  20460460
	   Memory (MB)          :      431        1      4022
...
000 (4046522.451.000) 03/15 14:02:20 Job submitted from host: <192.168.1.109:9618?addrs=192.168.1.109-9618+[--1]-9618&noUDP&sock=3153_969b_4>
...
001 (4046522.451.000) 03/15 15:30:11 Job executing on host: <192.168.1.45:9618?addrs=192.168.1.45-9618+[--1]-9618&noUDP&sock=3341_bd3f_3>
...
006 (4046522.451.000) 03/15 15:30:20 Image size of job updated: 389760
	347  -  MemoryUsage of job (MB)
	355000  -  ResidentSetSize of job (KB)
...
006 (4046522.451.000) 03/15 15:35:21 Image size of job updated: 444300
	434  -  MemoryUsage of job (MB)
	443880  -  ResidentSetSize of job (KB)
...
006 (4046522.451.000) 03/15 15:40:21 Image size of job updated: 444788
	435  -  MemoryUsage of job (MB)
	444448  -  ResidentSetSize of job (KB)
...
006 (4046522.451.000) 03/15 15:45:21 Image size of job updated: 445144
	435  -  MemoryUsage of job (MB)
	444804  -  ResidentSetSize of job (KB)
...
005 (4046522.451.000) 03/15 15:51:03 Job terminated.
	(1) Normal termination (return value 0)
		Usr 0 00:16:34, Sys 0 00:01:50  -  Run Remote Usage
		Usr 0 00:00:00, Sys 0 00:00:00  -  Run Local Usage
		Usr 0 00:16:34, Sys 0 00:01:50  -  Total Remote Usage
		Usr 0 00:00:00, Sys 0 00:00:00  -  Total Local Usage
	0  -  Run Bytes Sent By Job
	0  -  Run Bytes Received By Job
	0  -  Total Bytes Sent By Job
	0  -  Total Bytes Received By Job
	Partitionable Resources :    Usage  Request Allocated
	   Cpus                 :                 1         1
	   Disk (KB)            :        1        1  20460088
	   Memory (MB)          :      435        1      4022
...
