000 (4031233.002.000) 03/12 14:28:34 Job submitted from host: <192.168.1.109:9618?addrs=192.168.1.109-9618+[--1]-9618&noUDP&sock=3153_969b_4>
...
001 (4031233.002.000) 03/12 14:28:49 Job executing on host: <192.168.1.45:9618?addrs=192.168.1.45-9618+[--1]-9618&noUDP&sock=3341_bd3f_3>
...
006 (4031233.002.000) 03/12 14:28:58 Image size of job updated: 1568
	2  -  MemoryUsage of job (MB)
	1544  -  ResidentSetSize of job (KB)
...
006 (4031233.002.000) 03/12 14:33:58 Image size of job updated: 166928
	161  -  MemoryUsage of job (MB)
	164228  -  ResidentSetSize of job (KB)
...
006 (4031233.002.000) 03/12 14:38:58 Image size of job updated: 339340
	329  -  MemoryUsage of job (MB)
	336640  -  ResidentSetSize of job (KB)
...
006 (4031233.002.000) 03/12 14:48:59 Image size of job updated: 339360
	329  -  MemoryUsage of job (MB)
	336660  -  ResidentSetSize of job (KB)
...
004 (4031233.002.000) 03/12 14:54:12 Job was evicted.
	(0) Job was not checkpointed.
		Usr 0 00:14:31, Sys 0 00:01:20  -  Run Remote Usage
		Usr 0 00:00:00, Sys 0 00:00:00  -  Run Local Usage
	0  -  Run Bytes Sent By Job
	0  -  Run Bytes Received By Job
	Partitionable Resources :    Usage  Request Allocated
	   Cpus                 :                 1         1
	   Disk (KB)            :        1        1  20460089
	   Memory (MB)          :      329        1      4022
...
009 (4031233.002.000) 03/12 14:54:13 Job was aborted by the user.
	via condor_rm (by user routray)
...
000 (4031234.002.000) 03/12 15:03:14 Job submitted from host: <192.168.1.109:9618?addrs=192.168.1.109-9618+[--1]-9618&noUDP&sock=3153_969b_4>
...
001 (4031234.002.000) 03/12 15:03:37 Job executing on host: <192.168.1.45:9618?addrs=192.168.1.45-9618+[--1]-9618&noUDP&sock=3341_bd3f_3>
...
006 (4031234.002.000) 03/12 15:03:45 Image size of job updated: 62484
	60  -  MemoryUsage of job (MB)
	61204  -  ResidentSetSize of job (KB)
...
006 (4031234.002.000) 03/12 15:08:45 Image size of job updated: 462848
	452  -  MemoryUsage of job (MB)
	462808  -  ResidentSetSize of job (KB)
...
006 (4031234.002.000) 03/12 15:12:50 Image size of job updated: 813584
	452  -  MemoryUsage of job (MB)
	462808  -  ResidentSetSize of job (KB)
...
004 (4031234.002.000) 03/12 15:12:50 Job was evicted.
	(0) Job was not checkpointed.
		Usr 0 00:07:12, Sys 0 00:00:39  -  Run Remote Usage
		Usr 0 00:00:00, Sys 0 00:00:00  -  Run Local Usage
	0  -  Run Bytes Sent By Job
	0  -  Run Bytes Received By Job
	Partitionable Resources :    Usage  Request Allocated
	   Cpus                 :                 1         1
	   Disk (KB)            :        1        1  20460089
	   Memory (MB)          :      452        1      4022
...
009 (4031234.002.000) 03/12 15:12:54 Job was aborted by the user.
	via condor_rm (by user routray)
...
000 (4031235.002.000) 03/12 15:16:44 Job submitted from host: <192.168.1.109:9618?addrs=192.168.1.109-9618+[--1]-9618&noUDP&sock=3153_969b_4>
...
001 (4031235.002.000) 03/12 15:16:58 Job executing on host: <192.168.1.45:9618?addrs=192.168.1.45-9618+[--1]-9618&noUDP&sock=3341_bd3f_3>
...
006 (4031235.002.000) 03/12 15:17:06 Image size of job updated: 133376
	128  -  MemoryUsage of job (MB)
	130960  -  ResidentSetSize of job (KB)
...
006 (4031235.002.000) 03/12 15:22:06 Image size of job updated: 460396
	447  -  MemoryUsage of job (MB)
	457484  -  ResidentSetSize of job (KB)
...
006 (4031235.002.000) 03/12 15:27:06 Image size of job updated: 460496
	447  -  MemoryUsage of job (MB)
	457584  -  ResidentSetSize of job (KB)
...
006 (4031235.002.000) 03/12 15:47:08 Image size of job updated: 460500
	447  -  MemoryUsage of job (MB)
	457588  -  ResidentSetSize of job (KB)
...
005 (4031235.002.000) 03/12 15:52:31 Job terminated.
	(1) Normal termination (return value 0)
		Usr 0 00:32:31, Sys 0 00:02:47  -  Run Remote Usage
		Usr 0 00:00:00, Sys 0 00:00:00  -  Run Local Usage
		Usr 0 00:32:31, Sys 0 00:02:47  -  Total Remote Usage
		Usr 0 00:00:00, Sys 0 00:00:00  -  Total Local Usage
	0  -  Run Bytes Sent By Job
	0  -  Run Bytes Received By Job
	0  -  Total Bytes Sent By Job
	0  -  Total Bytes Received By Job
	Partitionable Resources :    Usage  Request Allocated
	   Cpus                 :                 1         1
	   Disk (KB)            :        1        1  20460089
	   Memory (MB)          :      447        1      4022
...
000 (4031450.002.000) 03/12 16:23:12 Job submitted from host: <192.168.1.109:9618?addrs=192.168.1.109-9618+[--1]-9618&noUDP&sock=3153_969b_4>
...
001 (4031450.002.000) 03/12 16:23:34 Job executing on host: <192.168.1.45:9618?addrs=192.168.1.45-9618+[--1]-9618&noUDP&sock=3341_bd3f_3>
...
006 (4031450.002.000) 03/12 16:23:42 Image size of job updated: 65720
	65  -  MemoryUsage of job (MB)
	65580  -  ResidentSetSize of job (KB)
...
006 (4031450.002.000) 03/12 16:28:42 Image size of job updated: 456168
	446  -  MemoryUsage of job (MB)
	455856  -  ResidentSetSize of job (KB)
...
006 (4031450.002.000) 03/12 16:47:13 Image size of job updated: 827040
	446  -  MemoryUsage of job (MB)
	455856  -  ResidentSetSize of job (KB)
...
005 (4031450.002.000) 03/12 16:47:13 Job terminated.
	(1) Normal termination (return value 0)
		Usr 0 00:20:47, Sys 0 00:01:53  -  Run Remote Usage
		Usr 0 00:00:00, Sys 0 00:00:00  -  Run Local Usage
		Usr 0 00:20:47, Sys 0 00:01:53  -  Total Remote Usage
		Usr 0 00:00:00, Sys 0 00:00:00  -  Total Local Usage
	0  -  Run Bytes Sent By Job
	0  -  Run Bytes Received By Job
	0  -  Total Bytes Sent By Job
	0  -  Total Bytes Received By Job
	Partitionable Resources :    Usage  Request Allocated
	   Cpus                 :                 1         1
	   Disk (KB)            :        1        1  20460089
	   Memory (MB)          :      446        1      4022
...
000 (4031461.002.000) 03/12 18:25:46 Job submitted from host: <192.168.1.109:9618?addrs=192.168.1.109-9618+[--1]-9618&noUDP&sock=3153_969b_4>
...
001 (4031461.002.000) 03/12 18:25:56 Job executing on host: <192.168.1.45:9618?addrs=192.168.1.45-9618+[--1]-9618&noUDP&sock=3341_bd3f_3>
...
006 (4031461.002.000) 03/12 18:26:05 Image size of job updated: 45544
	42  -  MemoryUsage of job (MB)
	42916  -  ResidentSetSize of job (KB)
...
006 (4031461.002.000) 03/12 18:31:06 Image size of job updated: 468132
	450  -  MemoryUsage of job (MB)
	460712  -  ResidentSetSize of job (KB)
...
006 (4031461.002.000) 03/12 18:51:08 Image size of job updated: 468200
	450  -  MemoryUsage of job (MB)
	460780  -  ResidentSetSize of job (KB)
...
005 (4031461.002.000) 03/12 18:52:14 Job terminated.
	(1) Normal termination (return value 0)
		Usr 0 00:22:20, Sys 0 00:02:03  -  Run Remote Usage
		Usr 0 00:00:00, Sys 0 00:00:00  -  Run Local Usage
		Usr 0 00:22:20, Sys 0 00:02:03  -  Total Remote Usage
		Usr 0 00:00:00, Sys 0 00:00:00  -  Total Local Usage
	0  -  Run Bytes Sent By Job
	0  -  Run Bytes Received By Job
	0  -  Total Bytes Sent By Job
	0  -  Total Bytes Received By Job
	Partitionable Resources :    Usage  Request Allocated
	   Cpus                 :                 1         1
	   Disk (KB)            :        1        1  20460089
	   Memory (MB)          :      450        1      4022
...
000 (4031462.002.000) 03/12 20:10:16 Job submitted from host: <192.168.1.109:9618?addrs=192.168.1.109-9618+[--1]-9618&noUDP&sock=3153_969b_4>
...
001 (4031462.002.000) 03/12 20:10:38 Job executing on host: <192.168.1.45:9618?addrs=192.168.1.45-9618+[--1]-9618&noUDP&sock=3341_bd3f_3>
...
006 (4031462.002.000) 03/12 20:10:47 Image size of job updated: 83620
	79  -  MemoryUsage of job (MB)
	79976  -  ResidentSetSize of job (KB)
...
006 (4031462.002.000) 03/12 20:15:48 Image size of job updated: 392920
	380  -  MemoryUsage of job (MB)
	388488  -  ResidentSetSize of job (KB)
...
006 (4031462.002.000) 03/12 20:20:48 Image size of job updated: 392956
	380  -  MemoryUsage of job (MB)
	388524  -  ResidentSetSize of job (KB)
...
006 (4031462.002.000) 03/12 20:25:48 Image size of job updated: 392960
	380  -  MemoryUsage of job (MB)
	388528  -  ResidentSetSize of job (KB)
...
005 (4031462.002.000) 03/12 20:32:37 Job terminated.
	(1) Normal termination (return value 0)
		Usr 0 00:18:40, Sys 0 00:01:41  -  Run Remote Usage
		Usr 0 00:00:00, Sys 0 00:00:00  -  Run Local Usage
		Usr 0 00:18:40, Sys 0 00:01:41  -  Total Remote Usage
		Usr 0 00:00:00, Sys 0 00:00:00  -  Total Local Usage
	0  -  Run Bytes Sent By Job
	0  -  Run Bytes Received By Job
	0  -  Total Bytes Sent By Job
	0  -  Total Bytes Received By Job
	Partitionable Resources :    Usage  Request Allocated
	   Cpus                 :                 1         1
	   Disk (KB)            :        1        1  20460089
	   Memory (MB)          :      380        1      4022
...
000 (4031463.002.000) 03/12 21:35:07 Job submitted from host: <192.168.1.109:9618?addrs=192.168.1.109-9618+[--1]-9618&noUDP&sock=3153_969b_4>
...
001 (4031463.002.000) 03/12 21:35:40 Job executing on host: <192.168.1.45:9618?addrs=192.168.1.45-9618+[--1]-9618&noUDP&sock=3341_bd3f_3>
...
006 (4031463.002.000) 03/12 21:35:49 Image size of job updated: 4200
	5  -  MemoryUsage of job (MB)
	4184  -  ResidentSetSize of job (KB)
...
006 (4031463.002.000) 03/12 21:40:50 Image size of job updated: 441740
	430  -  MemoryUsage of job (MB)
	439936  -  ResidentSetSize of job (KB)
...
006 (4031463.002.000) 03/12 21:45:50 Image size of job updated: 442480
	431  -  MemoryUsage of job (MB)
	440676  -  ResidentSetSize of job (KB)
...
006 (4031463.002.000) 03/12 22:00:52 Image size of job updated: 442496
	431  -  MemoryUsage of job (MB)
	440692  -  ResidentSetSize of job (KB)
...
006 (4031463.002.000) 03/12 22:05:52 Image size of job updated: 442508
	431  -  MemoryUsage of job (MB)
	440696  -  ResidentSetSize of job (KB)
...
006 (4031463.002.000) 03/12 22:15:54 Image size of job updated: 563104
	550  -  MemoryUsage of job (MB)
	562888  -  ResidentSetSize of job (KB)
...
006 (4031463.002.000) 03/12 22:16:38 Image size of job updated: 567980
	550  -  MemoryUsage of job (MB)
	562888  -  ResidentSetSize of job (KB)
...
005 (4031463.002.000) 03/12 22:16:38 Job terminated.
	(1) Normal termination (return value 0)
		Usr 0 00:34:33, Sys 0 00:03:31  -  Run Remote Usage
		Usr 0 00:00:00, Sys 0 00:00:00  -  Run Local Usage
		Usr 0 00:34:33, Sys 0 00:03:31  -  Total Remote Usage
		Usr 0 00:00:00, Sys 0 00:00:00  -  Total Local Usage
	0  -  Run Bytes Sent By Job
	0  -  Run Bytes Received By Job
	0  -  Total Bytes Sent By Job
	0  -  Total Bytes Received By Job
	Partitionable Resources :    Usage  Request Allocated
	   Cpus                 :                 1         1
	   Disk (KB)            :        1        1  20460089
	   Memory (MB)          :      550        1      4022
...
000 (4031464.002.000) 03/12 22:37:43 Job submitted from host: <192.168.1.109:9618?addrs=192.168.1.109-9618+[--1]-9618&noUDP&sock=3153_969b_4>
...
001 (4031464.002.000) 03/12 22:37:46 Job executing on host: <192.168.1.45:9618?addrs=192.168.1.45-9618+[--1]-9618&noUDP&sock=3341_bd3f_3>
...
006 (4031464.002.000) 03/12 22:37:54 Image size of job updated: 37928
	37  -  MemoryUsage of job (MB)
	37348  -  ResidentSetSize of job (KB)
...
006 (4031464.002.000) 03/12 22:42:54 Image size of job updated: 454600
	444  -  MemoryUsage of job (MB)
	453908  -  ResidentSetSize of job (KB)
...
006 (4031464.002.000) 03/12 22:47:55 Image size of job updated: 454724
	444  -  MemoryUsage of job (MB)
	454032  -  ResidentSetSize of job (KB)
...
006 (4031464.002.000) 03/12 22:52:56 Image size of job updated: 454744
	444  -  MemoryUsage of job (MB)
	454052  -  ResidentSetSize of job (KB)
...
006 (4031464.002.000) 03/12 22:57:56 Image size of job updated: 454748
	444  -  MemoryUsage of job (MB)
	454056  -  ResidentSetSize of job (KB)
...
006 (4031464.002.000) 03/12 22:59:27 Image size of job updated: 810976
	444  -  MemoryUsage of job (MB)
	454056  -  ResidentSetSize of job (KB)
...
005 (4031464.002.000) 03/12 22:59:27 Job terminated.
	(1) Normal termination (return value 0)
		Usr 0 00:19:08, Sys 0 00:01:49  -  Run Remote Usage
		Usr 0 00:00:00, Sys 0 00:00:00  -  Run Local Usage
		Usr 0 00:19:08, Sys 0 00:01:49  -  Total Remote Usage
		Usr 0 00:00:00, Sys 0 00:00:00  -  Total Local Usage
	0  -  Run Bytes Sent By Job
	0  -  Run Bytes Received By Job
	0  -  Total Bytes Sent By Job
	0  -  Total Bytes Received By Job
	Partitionable Resources :    Usage  Request Allocated
	   Cpus                 :                 1         1
	   Disk (KB)            :        1        1  20460089
	   Memory (MB)          :      444        1      4022
...
000 (4031465.002.000) 03/12 23:18:12 Job submitted from host: <192.168.1.109:9618?addrs=192.168.1.109-9618+[--1]-9618&noUDP&sock=3153_969b_4>
...
001 (4031465.002.000) 03/12 23:18:14 Job executing on host: <192.168.1.45:9618?addrs=192.168.1.45-9618+[--1]-9618&noUDP&sock=3341_bd3f_3>
...
006 (4031465.002.000) 03/12 23:18:22 Image size of job updated: 59032
	58  -  MemoryUsage of job (MB)
	58960  -  ResidentSetSize of job (KB)
...
006 (4031465.002.000) 03/12 23:23:22 Image size of job updated: 433504
	424  -  MemoryUsage of job (MB)
	433208  -  ResidentSetSize of job (KB)
...
006 (4031465.002.000) 03/12 23:28:23 Image size of job updated: 433620
	424  -  MemoryUsage of job (MB)
	433324  -  ResidentSetSize of job (KB)
...
006 (4031465.002.000) 03/12 23:33:24 Image size of job updated: 433744
	424  -  MemoryUsage of job (MB)
	433448  -  ResidentSetSize of job (KB)
...
005 (4031465.002.000) 03/12 23:36:26 Job terminated.
	(1) Normal termination (return value 0)
		Usr 0 00:15:46, Sys 0 00:01:29  -  Run Remote Usage
		Usr 0 00:00:00, Sys 0 00:00:00  -  Run Local Usage
		Usr 0 00:15:46, Sys 0 00:01:29  -  Total Remote Usage
		Usr 0 00:00:00, Sys 0 00:00:00  -  Total Local Usage
	0  -  Run Bytes Sent By Job
	0  -  Run Bytes Received By Job
	0  -  Total Bytes Sent By Job
	0  -  Total Bytes Received By Job
	Partitionable Resources :    Usage  Request Allocated
	   Cpus                 :                 1         1
	   Disk (KB)            :        1        1  20460089
	   Memory (MB)          :      424        1      4022
...
000 (4031466.002.000) 03/13 00:00:40 Job submitted from host: <192.168.1.109:9618?addrs=192.168.1.109-9618+[--1]-9618&noUDP&sock=3153_969b_4>
...
001 (4031466.002.000) 03/13 00:01:07 Job executing on host: <192.168.1.45:9618?addrs=192.168.1.45-9618+[--1]-9618&noUDP&sock=3341_bd3f_3>
...
006 (4031466.002.000) 03/13 00:01:16 Image size of job updated: 64840
	63  -  MemoryUsage of job (MB)
	63900  -  ResidentSetSize of job (KB)
...
006 (4031466.002.000) 03/13 00:06:17 Image size of job updated: 349184
	341  -  MemoryUsage of job (MB)
	348604  -  ResidentSetSize of job (KB)
...
006 (4031466.002.000) 03/13 00:11:18 Image size of job updated: 428592
	418  -  MemoryUsage of job (MB)
	428012  -  ResidentSetSize of job (KB)
...
006 (4031466.002.000) 03/13 00:21:18 Image size of job updated: 429896
	420  -  MemoryUsage of job (MB)
	429316  -  ResidentSetSize of job (KB)
...
006 (4031466.002.000) 03/13 00:26:19 Image size of job updated: 429900
	420  -  MemoryUsage of job (MB)
	429320  -  ResidentSetSize of job (KB)
...
006 (4031466.002.000) 03/13 00:36:19 Image size of job updated: 429904
	420  -  MemoryUsage of job (MB)
	429324  -  ResidentSetSize of job (KB)
...
006 (4031466.002.000) 03/13 00:41:20 Image size of job updated: 430240
	420  -  MemoryUsage of job (MB)
	429336  -  ResidentSetSize of job (KB)
...
005 (4031466.002.000) 03/13 00:50:36 Job terminated.
	(1) Normal termination (return value 0)
		Usr 0 00:11:50, Sys 0 00:01:16  -  Run Remote Usage
		Usr 0 00:00:00, Sys 0 00:00:00  -  Run Local Usage
		Usr 0 00:11:50, Sys 0 00:01:16  -  Total Remote Usage
		Usr 0 00:00:00, Sys 0 00:00:00  -  Total Local Usage
	0  -  Run Bytes Sent By Job
	0  -  Run Bytes Received By Job
	0  -  Total Bytes Sent By Job
	0  -  Total Bytes Received By Job
	Partitionable Resources :    Usage  Request Allocated
	   Cpus                 :                 1         1
	   Disk (KB)            :        1        1  20460089
	   Memory (MB)          :      420        1      4022
...
000 (4044172.002.000) 03/13 19:21:17 Job submitted from host: <192.168.1.109:9618?addrs=192.168.1.109-9618+[--1]-9618&noUDP&sock=3153_969b_4>
...
001 (4044172.002.000) 03/13 19:21:42 Job executing on host: <192.168.1.45:9618?addrs=192.168.1.45-9618+[--1]-9618&noUDP&sock=3341_bd3f_3>
...
006 (4044172.002.000) 03/13 19:21:50 Image size of job updated: 93928
	92  -  MemoryUsage of job (MB)
	93924  -  ResidentSetSize of job (KB)
...
006 (4044172.002.000) 03/13 19:26:50 Image size of job updated: 346632
	339  -  MemoryUsage of job (MB)
	346608  -  ResidentSetSize of job (KB)
...
006 (4044172.002.000) 03/13 19:31:50 Image size of job updated: 429520
	420  -  MemoryUsage of job (MB)
	429496  -  ResidentSetSize of job (KB)
...
006 (4044172.002.000) 03/13 19:36:51 Image size of job updated: 460336
	450  -  MemoryUsage of job (MB)
	460312  -  ResidentSetSize of job (KB)
...
006 (4044172.002.000) 03/13 19:41:51 Image size of job updated: 464624
	454  -  MemoryUsage of job (MB)
	464600  -  ResidentSetSize of job (KB)
...
006 (4044172.002.000) 03/13 19:51:52 Image size of job updated: 464628
	454  -  MemoryUsage of job (MB)
	464604  -  ResidentSetSize of job (KB)
...
005 (4044172.002.000) 03/13 20:08:41 Job terminated.
	(1) Normal termination (return value 0)
		Usr 0 00:14:23, Sys 0 00:01:36  -  Run Remote Usage
		Usr 0 00:00:00, Sys 0 00:00:00  -  Run Local Usage
		Usr 0 00:14:23, Sys 0 00:01:36  -  Total Remote Usage
		Usr 0 00:00:00, Sys 0 00:00:00  -  Total Local Usage
	0  -  Run Bytes Sent By Job
	0  -  Run Bytes Received By Job
	0  -  Total Bytes Sent By Job
	0  -  Total Bytes Received By Job
	Partitionable Resources :    Usage  Request Allocated
	   Cpus                 :                 1         1
	   Disk (KB)            :        1        1  20460089
	   Memory (MB)          :      454        1      4022
...
000 (4044175.002.000) 03/13 20:53:38 Job submitted from host: <192.168.1.109:9618?addrs=192.168.1.109-9618+[--1]-9618&noUDP&sock=3153_969b_4>
...
001 (4044175.002.000) 03/13 20:53:54 Job executing on host: <192.168.1.45:9618?addrs=192.168.1.45-9618+[--1]-9618&noUDP&sock=3341_bd3f_3>
...
006 (4044175.002.000) 03/13 20:54:03 Image size of job updated: 323544
	314  -  MemoryUsage of job (MB)
	321236  -  ResidentSetSize of job (KB)
...
006 (4044175.002.000) 03/13 20:59:04 Image size of job updated: 428296
	419  -  MemoryUsage of job (MB)
	428160  -  ResidentSetSize of job (KB)
...
006 (4044175.002.000) 03/13 21:04:04 Image size of job updated: 428740
	419  -  MemoryUsage of job (MB)
	428708  -  ResidentSetSize of job (KB)
...
006 (4044175.002.000) 03/13 21:09:04 Image size of job updated: 429036
	419  -  MemoryUsage of job (MB)
	428848  -  ResidentSetSize of job (KB)
...
006 (4044175.002.000) 03/13 21:14:05 Image size of job updated: 429036
	419  -  MemoryUsage of job (MB)
	428876  -  ResidentSetSize of job (KB)
...
005 (4044175.002.000) 03/13 21:16:04 Job terminated.
	(1) Normal termination (return value 0)
		Usr 0 00:19:13, Sys 0 00:01:57  -  Run Remote Usage
		Usr 0 00:00:00, Sys 0 00:00:00  -  Run Local Usage
		Usr 0 00:19:13, Sys 0 00:01:57  -  Total Remote Usage
		Usr 0 00:00:00, Sys 0 00:00:00  -  Total Local Usage
	0  -  Run Bytes Sent By Job
	0  -  Run Bytes Received By Job
	0  -  Total Bytes Sent By Job
	0  -  Total Bytes Received By Job
	Partitionable Resources :    Usage  Request Allocated
	   Cpus                 :                 1         1
	   Disk (KB)            :        1        1  20460088
	   Memory (MB)          :      419        1      4022
...
000 (4045912.002.000) 03/14 19:19:22 Job submitted from host: <192.168.1.109:9618?addrs=192.168.1.109-9618+[--1]-9618&noUDP&sock=3153_969b_4>
...
000 (4046521.002.000) 03/15 13:40:07 Job submitted from host: <192.168.1.109:9618?addrs=192.168.1.109-9618+[--1]-9618&noUDP&sock=3153_969b_4>
...
001 (4045912.002.000) 03/15 13:56:36 Job executing on host: <192.168.1.44:9618?addrs=192.168.1.44-9618+[--1]-9618&noUDP&sock=3035_ca7b_3>
...
006 (4045912.002.000) 03/15 13:56:45 Image size of job updated: 424048
	361  -  MemoryUsage of job (MB)
	368880  -  ResidentSetSize of job (KB)
...
009 (4046521.002.000) 03/15 13:56:54 Job was aborted by the user.
	via condor_rm (by user routray)
...
004 (4045912.002.000) 03/15 13:57:08 Job was evicted.
	(0) Job was not checkpointed.
		Usr 0 00:00:25, Sys 0 00:00:04  -  Run Remote Usage
		Usr 0 00:00:00, Sys 0 00:00:00  -  Run Local Usage
	0  -  Run Bytes Sent By Job
	0  -  Run Bytes Received By Job
	Partitionable Resources :    Usage  Request Allocated
	   Cpus                 :                 1         1
	   Disk (KB)            :        1        1  20458817
	   Memory (MB)          :      361        1      4022
...
009 (4045912.002.000) 03/15 13:57:08 Job was aborted by the user.
	via condor_rm (by user routray)
...
000 (4046522.002.000) 03/15 14:02:14 Job submitted from host: <192.168.1.109:9618?addrs=192.168.1.109-9618+[--1]-9618&noUDP&sock=3153_969b_4>
...
001 (4046522.002.000) 03/15 14:10:10 Job executing on host: <192.168.1.43:9618?addrs=192.168.1.43-9618+[--1]-9618&noUDP&sock=3360_24bc_3>
...
006 (4046522.002.000) 03/15 14:10:19 Image size of job updated: 423724
	334  -  MemoryUsage of job (MB)
	341420  -  ResidentSetSize of job (KB)
...
006 (4046522.002.000) 03/15 14:15:20 Image size of job updated: 428584
	417  -  MemoryUsage of job (MB)
	426888  -  ResidentSetSize of job (KB)
...
006 (4046522.002.000) 03/15 14:20:20 Image size of job updated: 428624
	417  -  MemoryUsage of job (MB)
	426912  -  ResidentSetSize of job (KB)
...
005 (4046522.002.000) 03/15 14:22:55 Job terminated.
	(1) Normal termination (return value 0)
		Usr 0 00:11:21, Sys 0 00:01:14  -  Run Remote Usage
		Usr 0 00:00:00, Sys 0 00:00:00  -  Run Local Usage
		Usr 0 00:11:21, Sys 0 00:01:14  -  Total Remote Usage
		Usr 0 00:00:00, Sys 0 00:00:00  -  Total Local Usage
	0  -  Run Bytes Sent By Job
	0  -  Run Bytes Received By Job
	0  -  Total Bytes Sent By Job
	0  -  Total Bytes Received By Job
	Partitionable Resources :    Usage  Request Allocated
	   Cpus                 :                 1         1
	   Disk (KB)            :        1        1  20458450
	   Memory (MB)          :      417        1      4022
...
000 (4046529.002.000) 03/15 16:30:18 Job submitted from host: <192.168.1.109:9618?addrs=192.168.1.109-9618+[--1]-9618&noUDP&sock=3153_969b_4>
...
001 (4046529.002.000) 03/15 16:30:37 Job executing on host: <192.168.1.45:9618?addrs=192.168.1.45-9618+[--1]-9618&noUDP&sock=3341_bd3f_3>
...
006 (4046529.002.000) 03/15 16:30:46 Image size of job updated: 340704
	332  -  MemoryUsage of job (MB)
	339292  -  ResidentSetSize of job (KB)
...
006 (4046529.002.000) 03/15 16:35:47 Image size of job updated: 431612
	422  -  MemoryUsage of job (MB)
	431440  -  ResidentSetSize of job (KB)
...
006 (4046529.002.000) 03/15 16:40:48 Image size of job updated: 431660
	422  -  MemoryUsage of job (MB)
	431440  -  ResidentSetSize of job (KB)
...
006 (4046529.002.000) 03/15 16:45:48 Image size of job updated: 431660
	422  -  MemoryUsage of job (MB)
	431508  -  ResidentSetSize of job (KB)
...
006 (4046529.002.000) 03/15 16:50:49 Image size of job updated: 431784
	422  -  MemoryUsage of job (MB)
	431568  -  ResidentSetSize of job (KB)
...
006 (4046529.002.000) 03/15 16:55:50 Image size of job updated: 431952
	422  -  MemoryUsage of job (MB)
	431568  -  ResidentSetSize of job (KB)
...
006 (4046529.002.000) 03/15 16:56:41 Image size of job updated: 788888
	422  -  MemoryUsage of job (MB)
	431568  -  ResidentSetSize of job (KB)
...
005 (4046529.002.000) 03/15 16:56:41 Job terminated.
	(1) Normal termination (return value 0)
		Usr 0 00:22:55, Sys 0 00:02:11  -  Run Remote Usage
		Usr 0 00:00:00, Sys 0 00:00:00  -  Run Local Usage
		Usr 0 00:22:55, Sys 0 00:02:11  -  Total Remote Usage
		Usr 0 00:00:00, Sys 0 00:00:00  -  Total Local Usage
	0  -  Run Bytes Sent By Job
	0  -  Run Bytes Received By Job
	0  -  Total Bytes Sent By Job
	0  -  Total Bytes Received By Job
	Partitionable Resources :    Usage  Request Allocated
	   Cpus                 :                 1         1
	   Disk (KB)            :        1        1  20460088
	   Memory (MB)          :      422        1      4022
...
000 (4046534.002.000) 03/15 17:39:02 Job submitted from host: <192.168.1.109:9618?addrs=192.168.1.109-9618+[--1]-9618&noUDP&sock=3153_969b_4>
...
001 (4046534.002.000) 03/15 17:39:13 Job executing on host: <192.168.1.45:9618?addrs=192.168.1.45-9618+[--1]-9618&noUDP&sock=3341_bd3f_3>
...
006 (4046534.002.000) 03/15 17:39:22 Image size of job updated: 142860
	140  -  MemoryUsage of job (MB)
	142348  -  ResidentSetSize of job (KB)
...
006 (4046534.002.000) 03/15 17:44:22 Image size of job updated: 451468
	441  -  MemoryUsage of job (MB)
	451448  -  ResidentSetSize of job (KB)
...
006 (4046534.002.000) 03/15 17:54:23 Image size of job updated: 480816
	470  -  MemoryUsage of job (MB)
	480780  -  ResidentSetSize of job (KB)
...
006 (4046534.002.000) 03/15 17:59:24 Image size of job updated: 483712
	473  -  MemoryUsage of job (MB)
	483692  -  ResidentSetSize of job (KB)
...
006 (4046534.002.000) 03/15 18:04:24 Image size of job updated: 483724
	473  -  MemoryUsage of job (MB)
	483692  -  ResidentSetSize of job (KB)
...
006 (4046534.002.000) 03/15 18:06:27 Image size of job updated: 933164
	473  -  MemoryUsage of job (MB)
	483692  -  ResidentSetSize of job (KB)
...
005 (4046534.002.000) 03/15 18:06:27 Job terminated.
	(1) Normal termination (return value 0)
		Usr 0 00:24:09, Sys 0 00:02:29  -  Run Remote Usage
		Usr 0 00:00:00, Sys 0 00:00:00  -  Run Local Usage
		Usr 0 00:24:09, Sys 0 00:02:29  -  Total Remote Usage
		Usr 0 00:00:00, Sys 0 00:00:00  -  Total Local Usage
	0  -  Run Bytes Sent By Job
	0  -  Run Bytes Received By Job
	0  -  Total Bytes Sent By Job
	0  -  Total Bytes Received By Job
	Partitionable Resources :    Usage  Request Allocated
	   Cpus                 :                 1         1
	   Disk (KB)            :        1        1  20460088
	   Memory (MB)          :      473        1      4022
...
000 (4046570.002.000) 03/15 18:56:23 Job submitted from host: <192.168.1.109:9618?addrs=192.168.1.109-9618+[--1]-9618&noUDP&sock=3153_969b_4>
...
001 (4046570.002.000) 03/15 18:56:35 Job executing on host: <192.168.1.57:9618?addrs=192.168.1.57-9618+[--1]-9618&noUDP&sock=3323_d284_32>
...
006 (4046570.002.000) 03/15 18:56:44 Image size of job updated: 426480
	335  -  MemoryUsage of job (MB)
	342112  -  ResidentSetSize of job (KB)
...
006 (4046570.002.000) 03/15 19:01:45 Image size of job updated: 539540
	445  -  MemoryUsage of job (MB)
	455148  -  ResidentSetSize of job (KB)
...
006 (4046570.002.000) 03/15 19:06:46 Image size of job updated: 566428
	471  -  MemoryUsage of job (MB)
	482036  -  ResidentSetSize of job (KB)
...
006 (4046570.002.000) 03/15 20:06:52 Image size of job updated: 609960
	591  -  MemoryUsage of job (MB)
	604224  -  ResidentSetSize of job (KB)
...
005 (4046570.002.000) 03/15 20:12:00 Job terminated.
	(1) Normal termination (return value 0)
		Usr 0 01:08:42, Sys 0 00:06:13  -  Run Remote Usage
		Usr 0 00:00:00, Sys 0 00:00:00  -  Run Local Usage
		Usr 0 01:08:42, Sys 0 00:06:13  -  Total Remote Usage
		Usr 0 00:00:00, Sys 0 00:00:00  -  Total Local Usage
	0  -  Run Bytes Sent By Job
	0  -  Run Bytes Received By Job
	0  -  Total Bytes Sent By Job
	0  -  Total Bytes Received By Job
	Partitionable Resources :    Usage  Request Allocated
	   Cpus                 :                 1         1
	   Disk (KB)            :        1        1  22661171
	   Memory (MB)          :      591        1      4001
...
