000 (4031466.468.000) 03/13 00:00:44 Job submitted from host: <192.168.1.109:9618?addrs=192.168.1.109-9618+[--1]-9618&noUDP&sock=3153_969b_4>
...
001 (4031466.468.000) 03/13 00:01:32 Job executing on host: <192.168.1.44:9618?addrs=192.168.1.44-9618+[--1]-9618&noUDP&sock=3035_ca7b_3>
...
006 (4031466.468.000) 03/13 00:01:40 Image size of job updated: 9080
	9  -  MemoryUsage of job (MB)
	8980  -  ResidentSetSize of job (KB)
...
006 (4031466.468.000) 03/13 00:06:40 Image size of job updated: 207720
	203  -  MemoryUsage of job (MB)
	207720  -  ResidentSetSize of job (KB)
...
006 (4031466.468.000) 03/13 00:11:41 Image size of job updated: 273324
	267  -  MemoryUsage of job (MB)
	273324  -  ResidentSetSize of job (KB)
...
006 (4031466.468.000) 03/13 00:16:41 Image size of job updated: 349656
	342  -  MemoryUsage of job (MB)
	349656  -  ResidentSetSize of job (KB)
...
006 (4031466.468.000) 03/13 00:21:41 Image size of job updated: 349680
	342  -  MemoryUsage of job (MB)
	349680  -  ResidentSetSize of job (KB)
...
006 (4031466.468.000) 03/13 00:26:42 Image size of job updated: 349724
	342  -  MemoryUsage of job (MB)
	349724  -  ResidentSetSize of job (KB)
...
006 (4031466.468.000) 03/13 00:31:43 Image size of job updated: 349768
	342  -  MemoryUsage of job (MB)
	349768  -  ResidentSetSize of job (KB)
...
006 (4031466.468.000) 03/13 00:36:43 Image size of job updated: 350192
	342  -  MemoryUsage of job (MB)
	350192  -  ResidentSetSize of job (KB)
...
006 (4031466.468.000) 03/13 00:41:43 Image size of job updated: 350196
	342  -  MemoryUsage of job (MB)
	350196  -  ResidentSetSize of job (KB)
...
006 (4031466.468.000) 03/13 00:46:44 Image size of job updated: 350240
	343  -  MemoryUsage of job (MB)
	350240  -  ResidentSetSize of job (KB)
...
006 (4031466.468.000) 03/13 00:52:46 Image size of job updated: 446648
	343  -  MemoryUsage of job (MB)
	350240  -  ResidentSetSize of job (KB)
...
005 (4031466.468.000) 03/13 00:52:46 Job terminated.
	(1) Normal termination (return value 0)
		Usr 0 00:13:57, Sys 0 00:01:26  -  Run Remote Usage
		Usr 0 00:00:00, Sys 0 00:00:00  -  Run Local Usage
		Usr 0 00:13:57, Sys 0 00:01:26  -  Total Remote Usage
		Usr 0 00:00:00, Sys 0 00:00:00  -  Total Local Usage
	0  -  Run Bytes Sent By Job
	0  -  Run Bytes Received By Job
	0  -  Total Bytes Sent By Job
	0  -  Total Bytes Received By Job
	Partitionable Resources :    Usage  Request Allocated
	   Cpus                 :                 1         1
	   Disk (KB)            :        1        1  20458817
	   Memory (MB)          :      343        1      4022
...
000 (4044172.468.000) 03/13 19:21:22 Job submitted from host: <192.168.1.109:9618?addrs=192.168.1.109-9618+[--1]-9618&noUDP&sock=3153_969b_4>
...
001 (4044172.468.000) 03/13 19:22:02 Job executing on host: <192.168.1.47:9618?addrs=192.168.1.47-9618+[--1]-9618&noUDP&sock=3245_a288_3>
...
006 (4044172.468.000) 03/13 19:22:12 Image size of job updated: 146372
	143  -  MemoryUsage of job (MB)
	145740  -  ResidentSetSize of job (KB)
...
006 (4044172.468.000) 03/13 19:27:12 Image size of job updated: 332112
	325  -  MemoryUsage of job (MB)
	332112  -  ResidentSetSize of job (KB)
...
006 (4044172.468.000) 03/13 19:32:12 Image size of job updated: 418948
	410  -  MemoryUsage of job (MB)
	418948  -  ResidentSetSize of job (KB)
...
006 (4044172.468.000) 03/13 19:37:13 Image size of job updated: 419548
	410  -  MemoryUsage of job (MB)
	419548  -  ResidentSetSize of job (KB)
...
006 (4044172.468.000) 03/13 19:42:14 Image size of job updated: 419552
	410  -  MemoryUsage of job (MB)
	419552  -  ResidentSetSize of job (KB)
...
006 (4044172.468.000) 03/13 19:47:14 Image size of job updated: 419692
	410  -  MemoryUsage of job (MB)
	419692  -  ResidentSetSize of job (KB)
...
006 (4044172.468.000) 03/13 19:52:14 Image size of job updated: 419704
	410  -  MemoryUsage of job (MB)
	419704  -  ResidentSetSize of job (KB)
...
006 (4044172.468.000) 03/13 20:02:39 Image size of job updated: 782748
	410  -  MemoryUsage of job (MB)
	419704  -  ResidentSetSize of job (KB)
...
005 (4044172.468.000) 03/13 20:02:40 Job terminated.
	(1) Normal termination (return value 0)
		Usr 0 00:19:46, Sys 0 00:01:55  -  Run Remote Usage
		Usr 0 00:00:00, Sys 0 00:00:00  -  Run Local Usage
		Usr 0 00:19:46, Sys 0 00:01:55  -  Total Remote Usage
		Usr 0 00:00:00, Sys 0 00:00:00  -  Total Local Usage
	0  -  Run Bytes Sent By Job
	0  -  Run Bytes Received By Job
	0  -  Total Bytes Sent By Job
	0  -  Total Bytes Received By Job
	Partitionable Resources :    Usage  Request Allocated
	   Cpus                 :                 1         1
	   Disk (KB)            :        1        1  28493856
	   Memory (MB)          :      410        1      4020
...
000 (4046522.468.000) 03/15 14:02:20 Job submitted from host: <192.168.1.109:9618?addrs=192.168.1.109-9618+[--1]-9618&noUDP&sock=3153_969b_4>
...
001 (4046522.468.000) 03/15 15:31:12 Job executing on host: <192.168.1.47:9618?addrs=192.168.1.47-9618+[--1]-9618&noUDP&sock=3245_a288_3>
...
006 (4046522.468.000) 03/15 15:31:20 Image size of job updated: 408912
	323  -  MemoryUsage of job (MB)
	329848  -  ResidentSetSize of job (KB)
...
006 (4046522.468.000) 03/15 15:36:20 Image size of job updated: 419960
	410  -  MemoryUsage of job (MB)
	419772  -  ResidentSetSize of job (KB)
...
006 (4046522.468.000) 03/15 15:41:21 Image size of job updated: 420004
	410  -  MemoryUsage of job (MB)
	419824  -  ResidentSetSize of job (KB)
...
006 (4046522.468.000) 03/15 15:46:22 Image size of job updated: 420192
	411  -  MemoryUsage of job (MB)
	420012  -  ResidentSetSize of job (KB)
...
006 (4046522.468.000) 03/15 15:51:22 Image size of job updated: 420212
	411  -  MemoryUsage of job (MB)
	420032  -  ResidentSetSize of job (KB)
...
006 (4046522.468.000) 03/15 15:54:07 Image size of job updated: 782748
	411  -  MemoryUsage of job (MB)
	420032  -  ResidentSetSize of job (KB)
...
005 (4046522.468.000) 03/15 15:54:07 Job terminated.
	(1) Normal termination (return value 0)
		Usr 0 00:18:22, Sys 0 00:01:48  -  Run Remote Usage
		Usr 0 00:00:00, Sys 0 00:00:00  -  Run Local Usage
		Usr 0 00:18:22, Sys 0 00:01:48  -  Total Remote Usage
		Usr 0 00:00:00, Sys 0 00:00:00  -  Total Local Usage
	0  -  Run Bytes Sent By Job
	0  -  Run Bytes Received By Job
	0  -  Total Bytes Sent By Job
	0  -  Total Bytes Received By Job
	Partitionable Resources :    Usage  Request Allocated
	   Cpus                 :                 1         1
	   Disk (KB)            :        1        1  28493856
	   Memory (MB)          :      411        1      4020
...
