000 (4031466.488.000) 03/13 00:00:44 Job submitted from host: <192.168.1.109:9618?addrs=192.168.1.109-9618+[--1]-9618&noUDP&sock=3153_969b_4>
...
001 (4031466.488.000) 03/13 00:01:32 Job executing on host: <192.168.1.44:9618?addrs=192.168.1.44-9618+[--1]-9618&noUDP&sock=3035_ca7b_3>
...
006 (4031466.488.000) 03/13 00:01:40 Image size of job updated: 9108
	9  -  MemoryUsage of job (MB)
	8972  -  ResidentSetSize of job (KB)
...
006 (4031466.488.000) 03/13 00:06:40 Image size of job updated: 195700
	192  -  MemoryUsage of job (MB)
	195612  -  ResidentSetSize of job (KB)
...
006 (4031466.488.000) 03/13 00:11:41 Image size of job updated: 234440
	229  -  MemoryUsage of job (MB)
	234352  -  ResidentSetSize of job (KB)
...
006 (4031466.488.000) 03/13 00:16:41 Image size of job updated: 344028
	336  -  MemoryUsage of job (MB)
	343940  -  ResidentSetSize of job (KB)
...
006 (4031466.488.000) 03/13 00:21:41 Image size of job updated: 345060
	337  -  MemoryUsage of job (MB)
	344972  -  ResidentSetSize of job (KB)
...
006 (4031466.488.000) 03/13 00:26:42 Image size of job updated: 345216
	338  -  MemoryUsage of job (MB)
	345128  -  ResidentSetSize of job (KB)
...
006 (4031466.488.000) 03/13 00:31:43 Image size of job updated: 345300
	338  -  MemoryUsage of job (MB)
	345212  -  ResidentSetSize of job (KB)
...
006 (4031466.488.000) 03/13 00:36:43 Image size of job updated: 345472
	338  -  MemoryUsage of job (MB)
	345384  -  ResidentSetSize of job (KB)
...
006 (4031466.488.000) 03/13 00:41:43 Image size of job updated: 345520
	338  -  MemoryUsage of job (MB)
	345388  -  ResidentSetSize of job (KB)
...
006 (4031466.488.000) 03/13 00:46:44 Image size of job updated: 345528
	338  -  MemoryUsage of job (MB)
	345440  -  ResidentSetSize of job (KB)
...
006 (4031466.488.000) 03/13 00:51:44 Image size of job updated: 345740
	338  -  MemoryUsage of job (MB)
	345652  -  ResidentSetSize of job (KB)
...
006 (4031466.488.000) 03/13 00:51:59 Image size of job updated: 789128
	338  -  MemoryUsage of job (MB)
	345652  -  ResidentSetSize of job (KB)
...
005 (4031466.488.000) 03/13 00:51:59 Job terminated.
	(1) Normal termination (return value 0)
		Usr 0 00:11:47, Sys 0 00:01:18  -  Run Remote Usage
		Usr 0 00:00:00, Sys 0 00:00:00  -  Run Local Usage
		Usr 0 00:11:47, Sys 0 00:01:18  -  Total Remote Usage
		Usr 0 00:00:00, Sys 0 00:00:00  -  Total Local Usage
	0  -  Run Bytes Sent By Job
	0  -  Run Bytes Received By Job
	0  -  Total Bytes Sent By Job
	0  -  Total Bytes Received By Job
	Partitionable Resources :    Usage  Request Allocated
	   Cpus                 :                 1         1
	   Disk (KB)            :        1        1  20458817
	   Memory (MB)          :      338        1      4022
...
000 (4044172.488.000) 03/13 19:21:22 Job submitted from host: <192.168.1.109:9618?addrs=192.168.1.109-9618+[--1]-9618&noUDP&sock=3153_969b_4>
...
001 (4044172.488.000) 03/13 19:22:03 Job executing on host: <192.168.1.47:9618?addrs=192.168.1.47-9618+[--1]-9618&noUDP&sock=3245_a288_3>
...
006 (4044172.488.000) 03/13 19:22:12 Image size of job updated: 118564
	109  -  MemoryUsage of job (MB)
	111348  -  ResidentSetSize of job (KB)
...
006 (4044172.488.000) 03/13 19:27:13 Image size of job updated: 345648
	338  -  MemoryUsage of job (MB)
	345648  -  ResidentSetSize of job (KB)
...
006 (4044172.488.000) 03/13 19:32:14 Image size of job updated: 428952
	419  -  MemoryUsage of job (MB)
	428952  -  ResidentSetSize of job (KB)
...
005 (4044172.488.000) 03/13 20:00:59 Job terminated.
	(1) Normal termination (return value 0)
		Usr 0 00:16:49, Sys 0 00:01:35  -  Run Remote Usage
		Usr 0 00:00:00, Sys 0 00:00:00  -  Run Local Usage
		Usr 0 00:16:49, Sys 0 00:01:35  -  Total Remote Usage
		Usr 0 00:00:00, Sys 0 00:00:00  -  Total Local Usage
	0  -  Run Bytes Sent By Job
	0  -  Run Bytes Received By Job
	0  -  Total Bytes Sent By Job
	0  -  Total Bytes Received By Job
	Partitionable Resources :    Usage  Request Allocated
	   Cpus                 :                 1         1
	   Disk (KB)            :        1        1  28493856
	   Memory (MB)          :      419        1      4020
...
000 (4046522.488.000) 03/15 14:02:21 Job submitted from host: <192.168.1.109:9618?addrs=192.168.1.109-9618+[--1]-9618&noUDP&sock=3153_969b_4>
...
001 (4046522.488.000) 03/15 15:31:52 Job executing on host: <192.168.1.47:9618?addrs=192.168.1.47-9618+[--1]-9618&noUDP&sock=3245_a288_3>
...
006 (4046522.488.000) 03/15 15:32:01 Image size of job updated: 351540
	344  -  MemoryUsage of job (MB)
	351236  -  ResidentSetSize of job (KB)
...
006 (4046522.488.000) 03/15 15:37:01 Image size of job updated: 432912
	423  -  MemoryUsage of job (MB)
	432712  -  ResidentSetSize of job (KB)
...
006 (4046522.488.000) 03/15 15:42:01 Image size of job updated: 433672
	424  -  MemoryUsage of job (MB)
	433472  -  ResidentSetSize of job (KB)
...
006 (4046522.488.000) 03/15 15:47:02 Image size of job updated: 433732
	424  -  MemoryUsage of job (MB)
	433532  -  ResidentSetSize of job (KB)
...
006 (4046522.488.000) 03/15 15:52:02 Image size of job updated: 433804
	424  -  MemoryUsage of job (MB)
	433604  -  ResidentSetSize of job (KB)
...
005 (4046522.488.000) 03/15 15:52:47 Job terminated.
	(1) Normal termination (return value 0)
		Usr 0 00:16:16, Sys 0 00:01:38  -  Run Remote Usage
		Usr 0 00:00:00, Sys 0 00:00:00  -  Run Local Usage
		Usr 0 00:16:16, Sys 0 00:01:38  -  Total Remote Usage
		Usr 0 00:00:00, Sys 0 00:00:00  -  Total Local Usage
	0  -  Run Bytes Sent By Job
	0  -  Run Bytes Received By Job
	0  -  Total Bytes Sent By Job
	0  -  Total Bytes Received By Job
	Partitionable Resources :    Usage  Request Allocated
	   Cpus                 :                 1         1
	   Disk (KB)            :        1        1  28493856
	   Memory (MB)          :      424        1      4020
...
