000 (4031466.414.000) 03/13 00:00:44 Job submitted from host: <192.168.1.109:9618?addrs=192.168.1.109-9618+[--1]-9618&noUDP&sock=3153_969b_4>
...
001 (4031466.414.000) 03/13 00:01:26 Job executing on host: <192.168.1.46:9618?addrs=192.168.1.46-9618+[--1]-9618&noUDP&sock=3272_2797_3>
...
006 (4031466.414.000) 03/13 00:01:35 Image size of job updated: 117160
	109  -  MemoryUsage of job (MB)
	111560  -  ResidentSetSize of job (KB)
...
006 (4031466.414.000) 03/13 00:06:35 Image size of job updated: 345504
	338  -  MemoryUsage of job (MB)
	345504  -  ResidentSetSize of job (KB)
...
006 (4031466.414.000) 03/13 00:11:35 Image size of job updated: 423992
	415  -  MemoryUsage of job (MB)
	423992  -  ResidentSetSize of job (KB)
...
006 (4031466.414.000) 03/13 00:16:36 Image size of job updated: 424612
	415  -  MemoryUsage of job (MB)
	424612  -  ResidentSetSize of job (KB)
...
006 (4031466.414.000) 03/13 00:31:38 Image size of job updated: 424700
	415  -  MemoryUsage of job (MB)
	424700  -  ResidentSetSize of job (KB)
...
006 (4031466.414.000) 03/13 00:36:39 Image size of job updated: 424928
	415  -  MemoryUsage of job (MB)
	424928  -  ResidentSetSize of job (KB)
...
006 (4031466.414.000) 03/13 00:46:39 Image size of job updated: 425168
	416  -  MemoryUsage of job (MB)
	425168  -  ResidentSetSize of job (KB)
...
005 (4031466.414.000) 03/13 00:47:39 Job terminated.
	(1) Normal termination (return value 0)
		Usr 0 00:10:52, Sys 0 00:01:14  -  Run Remote Usage
		Usr 0 00:00:00, Sys 0 00:00:00  -  Run Local Usage
		Usr 0 00:10:52, Sys 0 00:01:14  -  Total Remote Usage
		Usr 0 00:00:00, Sys 0 00:00:00  -  Total Local Usage
	0  -  Run Bytes Sent By Job
	0  -  Run Bytes Received By Job
	0  -  Total Bytes Sent By Job
	0  -  Total Bytes Received By Job
	Partitionable Resources :    Usage  Request Allocated
	   Cpus                 :                 1         1
	   Disk (KB)            :        1        1  20459164
	   Memory (MB)          :      416        1      4022
...
000 (4044172.414.000) 03/13 19:21:22 Job submitted from host: <192.168.1.109:9618?addrs=192.168.1.109-9618+[--1]-9618&noUDP&sock=3153_969b_4>
...
001 (4044172.414.000) 03/13 19:22:01 Job executing on host: <192.168.1.40:9618?addrs=192.168.1.40-9618+[--1]-9618&noUDP&sock=3366_a17e_3>
...
006 (4044172.414.000) 03/13 19:22:11 Image size of job updated: 63420
	62  -  MemoryUsage of job (MB)
	62956  -  ResidentSetSize of job (KB)
...
006 (4044172.414.000) 03/13 19:27:12 Image size of job updated: 347220
	339  -  MemoryUsage of job (MB)
	346756  -  ResidentSetSize of job (KB)
...
006 (4044172.414.000) 03/13 19:32:13 Image size of job updated: 429636
	420  -  MemoryUsage of job (MB)
	429172  -  ResidentSetSize of job (KB)
...
006 (4044172.414.000) 03/13 19:37:13 Image size of job updated: 430668
	421  -  MemoryUsage of job (MB)
	430204  -  ResidentSetSize of job (KB)
...
005 (4044172.414.000) 03/13 20:06:51 Job terminated.
	(1) Normal termination (return value 0)
		Usr 0 00:13:57, Sys 0 00:01:31  -  Run Remote Usage
		Usr 0 00:00:00, Sys 0 00:00:00  -  Run Local Usage
		Usr 0 00:13:57, Sys 0 00:01:31  -  Total Remote Usage
		Usr 0 00:00:00, Sys 0 00:00:00  -  Total Local Usage
	0  -  Run Bytes Sent By Job
	0  -  Run Bytes Received By Job
	0  -  Total Bytes Sent By Job
	0  -  Total Bytes Received By Job
	Partitionable Resources :    Usage  Request Allocated
	   Cpus                 :                 1         1
	   Disk (KB)            :        1        1  20457847
	   Memory (MB)          :      421        1      4022
...
000 (4046522.414.000) 03/15 14:02:20 Job submitted from host: <192.168.1.109:9618?addrs=192.168.1.109-9618+[--1]-9618&noUDP&sock=3153_969b_4>
...
001 (4046522.414.000) 03/15 15:27:48 Job executing on host: <192.168.1.44:9618?addrs=192.168.1.44-9618+[--1]-9618&noUDP&sock=3035_ca7b_3>
...
006 (4046522.414.000) 03/15 15:27:57 Image size of job updated: 243648
	161  -  MemoryUsage of job (MB)
	164700  -  ResidentSetSize of job (KB)
...
006 (4046522.414.000) 03/15 15:32:57 Image size of job updated: 329248
	322  -  MemoryUsage of job (MB)
	328788  -  ResidentSetSize of job (KB)
...
006 (4046522.414.000) 03/15 15:37:57 Image size of job updated: 329248
	322  -  MemoryUsage of job (MB)
	328796  -  ResidentSetSize of job (KB)
...
006 (4046522.414.000) 03/15 15:42:58 Image size of job updated: 329248
	322  -  MemoryUsage of job (MB)
	329184  -  ResidentSetSize of job (KB)
...
006 (4046522.414.000) 03/15 15:47:59 Image size of job updated: 331616
	324  -  MemoryUsage of job (MB)
	331368  -  ResidentSetSize of job (KB)
...
006 (4046522.414.000) 03/15 15:48:18 Image size of job updated: 784908
	324  -  MemoryUsage of job (MB)
	331368  -  ResidentSetSize of job (KB)
...
005 (4046522.414.000) 03/15 15:48:18 Job terminated.
	(1) Normal termination (return value 0)
		Usr 0 00:17:16, Sys 0 00:01:48  -  Run Remote Usage
		Usr 0 00:00:00, Sys 0 00:00:00  -  Run Local Usage
		Usr 0 00:17:16, Sys 0 00:01:48  -  Total Remote Usage
		Usr 0 00:00:00, Sys 0 00:00:00  -  Total Local Usage
	0  -  Run Bytes Sent By Job
	0  -  Run Bytes Received By Job
	0  -  Total Bytes Sent By Job
	0  -  Total Bytes Received By Job
	Partitionable Resources :    Usage  Request Allocated
	   Cpus                 :                 1         1
	   Disk (KB)            :        1        1  20458817
	   Memory (MB)          :      324        1      4022
...
