000 (4031466.231.000) 03/13 00:00:41 Job submitted from host: <192.168.1.109:9618?addrs=192.168.1.109-9618+[--1]-9618&noUDP&sock=3153_969b_4>
...
001 (4031466.231.000) 03/13 00:01:20 Job executing on host: <192.168.1.67:9618?addrs=192.168.1.67-9618+[--1]-9618&noUDP&sock=3517_344b_38>
...
006 (4031466.231.000) 03/13 00:01:28 Image size of job updated: 152712
	145  -  MemoryUsage of job (MB)
	147924  -  ResidentSetSize of job (KB)
...
006 (4031466.231.000) 03/13 00:06:28 Image size of job updated: 417612
	408  -  MemoryUsage of job (MB)
	417504  -  ResidentSetSize of job (KB)
...
006 (4031466.231.000) 03/13 00:36:32 Image size of job updated: 460404
	450  -  MemoryUsage of job (MB)
	460296  -  ResidentSetSize of job (KB)
...
006 (4031466.231.000) 03/13 00:41:32 Image size of job updated: 461652
	451  -  MemoryUsage of job (MB)
	461544  -  ResidentSetSize of job (KB)
...
006 (4031466.231.000) 03/13 00:57:46 Image size of job updated: 461704
	451  -  MemoryUsage of job (MB)
	461544  -  ResidentSetSize of job (KB)
...
005 (4031466.231.000) 03/13 00:57:46 Job terminated.
	(1) Normal termination (return value 0)
		Usr 0 00:49:30, Sys 0 00:03:58  -  Run Remote Usage
		Usr 0 00:00:00, Sys 0 00:00:00  -  Run Local Usage
		Usr 0 00:49:30, Sys 0 00:03:58  -  Total Remote Usage
		Usr 0 00:00:00, Sys 0 00:00:00  -  Total Local Usage
	0  -  Run Bytes Sent By Job
	0  -  Run Bytes Received By Job
	0  -  Total Bytes Sent By Job
	0  -  Total Bytes Received By Job
	Partitionable Resources :    Usage  Request Allocated
	   Cpus                 :                 1         1
	   Disk (KB)            :        1        1  22682500
	   Memory (MB)          :      451        1      4015
...
000 (4044172.231.000) 03/13 19:21:20 Job submitted from host: <192.168.1.109:9618?addrs=192.168.1.109-9618+[--1]-9618&noUDP&sock=3153_969b_4>
...
001 (4044172.231.000) 03/13 19:21:54 Job executing on host: <192.168.1.39:9618?addrs=192.168.1.39-9618+[--1]-9618&noUDP&sock=3239_16fe_3>
...
006 (4044172.231.000) 03/13 19:22:03 Image size of job updated: 250684
	244  -  MemoryUsage of job (MB)
	249220  -  ResidentSetSize of job (KB)
...
006 (4044172.231.000) 03/13 19:27:04 Image size of job updated: 421388
	411  -  MemoryUsage of job (MB)
	420752  -  ResidentSetSize of job (KB)
...
006 (4044172.231.000) 03/13 20:02:07 Image size of job updated: 421392
	411  -  MemoryUsage of job (MB)
	420756  -  ResidentSetSize of job (KB)
...
006 (4044172.231.000) 03/13 20:12:08 Image size of job updated: 421392
	411  -  MemoryUsage of job (MB)
	420760  -  ResidentSetSize of job (KB)
...
005 (4044172.231.000) 03/13 20:12:59 Job terminated.
	(1) Normal termination (return value 0)
		Usr 0 00:19:15, Sys 0 00:01:59  -  Run Remote Usage
		Usr 0 00:00:00, Sys 0 00:00:00  -  Run Local Usage
		Usr 0 00:19:15, Sys 0 00:01:59  -  Total Remote Usage
		Usr 0 00:00:00, Sys 0 00:00:00  -  Total Local Usage
	0  -  Run Bytes Sent By Job
	0  -  Run Bytes Received By Job
	0  -  Total Bytes Sent By Job
	0  -  Total Bytes Received By Job
	Partitionable Resources :    Usage  Request Allocated
	   Cpus                 :                 1         1
	   Disk (KB)            :        1        1  20460460
	   Memory (MB)          :      411        1      4022
...
000 (4046522.231.000) 03/15 14:02:17 Job submitted from host: <192.168.1.109:9618?addrs=192.168.1.109-9618+[--1]-9618&noUDP&sock=3153_969b_4>
...
001 (4046522.231.000) 03/15 15:10:29 Job executing on host: <192.168.1.42:9618?addrs=192.168.1.42-9618+[--1]-9618&noUDP&sock=3360_3385_3>
...
006 (4046522.231.000) 03/15 15:10:38 Image size of job updated: 410184
	324  -  MemoryUsage of job (MB)
	331260  -  ResidentSetSize of job (KB)
...
006 (4046522.231.000) 03/15 15:15:39 Image size of job updated: 416600
	407  -  MemoryUsage of job (MB)
	416012  -  ResidentSetSize of job (KB)
...
006 (4046522.231.000) 03/15 15:20:39 Image size of job updated: 416600
	407  -  MemoryUsage of job (MB)
	416284  -  ResidentSetSize of job (KB)
...
006 (4046522.231.000) 03/15 15:30:40 Image size of job updated: 416600
	407  -  MemoryUsage of job (MB)
	416296  -  ResidentSetSize of job (KB)
...
006 (4046522.231.000) 03/15 15:35:41 Image size of job updated: 416600
	407  -  MemoryUsage of job (MB)
	416300  -  ResidentSetSize of job (KB)
...
005 (4046522.231.000) 03/15 15:37:24 Job terminated.
	(1) Normal termination (return value 0)
		Usr 0 00:23:26, Sys 0 00:02:19  -  Run Remote Usage
		Usr 0 00:00:00, Sys 0 00:00:00  -  Run Local Usage
		Usr 0 00:23:26, Sys 0 00:02:19  -  Total Remote Usage
		Usr 0 00:00:00, Sys 0 00:00:00  -  Total Local Usage
	0  -  Run Bytes Sent By Job
	0  -  Run Bytes Received By Job
	0  -  Total Bytes Sent By Job
	0  -  Total Bytes Received By Job
	Partitionable Resources :    Usage  Request Allocated
	   Cpus                 :                 1         1
	   Disk (KB)            :        1        1  20458261
	   Memory (MB)          :      407        1      4022
...
