000 (4031466.290.000) 03/13 00:00:42 Job submitted from host: <192.168.1.109:9618?addrs=192.168.1.109-9618+[--1]-9618&noUDP&sock=3153_969b_4>
...
001 (4031466.290.000) 03/13 00:01:22 Job executing on host: <192.168.1.44:9618?addrs=192.168.1.44-9618+[--1]-9618&noUDP&sock=3035_ca7b_3>
...
006 (4031466.290.000) 03/13 00:01:30 Image size of job updated: 112784
	110  -  MemoryUsage of job (MB)
	112488  -  ResidentSetSize of job (KB)
...
006 (4031466.290.000) 03/13 00:06:30 Image size of job updated: 360712
	353  -  MemoryUsage of job (MB)
	360712  -  ResidentSetSize of job (KB)
...
006 (4031466.290.000) 03/13 00:11:31 Image size of job updated: 443224
	433  -  MemoryUsage of job (MB)
	443224  -  ResidentSetSize of job (KB)
...
006 (4031466.290.000) 03/13 00:16:31 Image size of job updated: 443664
	434  -  MemoryUsage of job (MB)
	443664  -  ResidentSetSize of job (KB)
...
006 (4031466.290.000) 03/13 00:21:31 Image size of job updated: 445180
	435  -  MemoryUsage of job (MB)
	445180  -  ResidentSetSize of job (KB)
...
006 (4031466.290.000) 03/13 00:31:33 Image size of job updated: 445188
	435  -  MemoryUsage of job (MB)
	445188  -  ResidentSetSize of job (KB)
...
006 (4031466.290.000) 03/13 00:36:33 Image size of job updated: 445192
	435  -  MemoryUsage of job (MB)
	445192  -  ResidentSetSize of job (KB)
...
006 (4031466.290.000) 03/13 00:53:48 Image size of job updated: 742048
	435  -  MemoryUsage of job (MB)
	445192  -  ResidentSetSize of job (KB)
...
005 (4031466.290.000) 03/13 00:53:48 Job terminated.
	(1) Normal termination (return value 0)
		Usr 0 00:16:20, Sys 0 00:01:42  -  Run Remote Usage
		Usr 0 00:00:00, Sys 0 00:00:00  -  Run Local Usage
		Usr 0 00:16:20, Sys 0 00:01:42  -  Total Remote Usage
		Usr 0 00:00:00, Sys 0 00:00:00  -  Total Local Usage
	0  -  Run Bytes Sent By Job
	0  -  Run Bytes Received By Job
	0  -  Total Bytes Sent By Job
	0  -  Total Bytes Received By Job
	Partitionable Resources :    Usage  Request Allocated
	   Cpus                 :                 1         1
	   Disk (KB)            :        1        1  20458817
	   Memory (MB)          :      435        1      4022
...
000 (4044172.290.000) 03/13 19:21:21 Job submitted from host: <192.168.1.109:9618?addrs=192.168.1.109-9618+[--1]-9618&noUDP&sock=3153_969b_4>
...
001 (4044172.290.000) 03/13 19:21:57 Job executing on host: <192.168.1.51:9618?addrs=192.168.1.51-9618+[--1]-9618&noUDP&sock=3125_b25b_3>
...
006 (4044172.290.000) 03/13 19:22:08 Image size of job updated: 116152
	110  -  MemoryUsage of job (MB)
	112372  -  ResidentSetSize of job (KB)
...
006 (4044172.290.000) 03/13 19:27:08 Image size of job updated: 357364
	349  -  MemoryUsage of job (MB)
	356844  -  ResidentSetSize of job (KB)
...
006 (4044172.290.000) 03/13 19:32:08 Image size of job updated: 444584
	434  -  MemoryUsage of job (MB)
	444064  -  ResidentSetSize of job (KB)
...
006 (4044172.290.000) 03/13 19:37:09 Image size of job updated: 444604
	434  -  MemoryUsage of job (MB)
	444084  -  ResidentSetSize of job (KB)
...
006 (4044172.290.000) 03/13 19:42:09 Image size of job updated: 446008
	436  -  MemoryUsage of job (MB)
	445488  -  ResidentSetSize of job (KB)
...
006 (4044172.290.000) 03/13 19:47:09 Image size of job updated: 446016
	436  -  MemoryUsage of job (MB)
	445496  -  ResidentSetSize of job (KB)
...
006 (4044172.290.000) 03/13 19:52:10 Image size of job updated: 446024
	436  -  MemoryUsage of job (MB)
	445504  -  ResidentSetSize of job (KB)
...
005 (4044172.290.000) 03/13 20:05:45 Job terminated.
	(1) Normal termination (return value 0)
		Usr 0 00:18:33, Sys 0 00:01:51  -  Run Remote Usage
		Usr 0 00:00:00, Sys 0 00:00:00  -  Run Local Usage
		Usr 0 00:18:33, Sys 0 00:01:51  -  Total Remote Usage
		Usr 0 00:00:00, Sys 0 00:00:00  -  Total Local Usage
	0  -  Run Bytes Sent By Job
	0  -  Run Bytes Received By Job
	0  -  Total Bytes Sent By Job
	0  -  Total Bytes Received By Job
	Partitionable Resources :    Usage  Request Allocated
	   Cpus                 :                 1         1
	   Disk (KB)            :        1        1  28494197
	   Memory (MB)          :      436        1      4020
...
000 (4046522.290.000) 03/15 14:02:18 Job submitted from host: <192.168.1.109:9618?addrs=192.168.1.109-9618+[--1]-9618&noUDP&sock=3153_969b_4>
...
001 (4046522.290.000) 03/15 15:15:56 Job executing on host: <192.168.1.42:9618?addrs=192.168.1.42-9618+[--1]-9618&noUDP&sock=3360_3385_3>
...
006 (4046522.290.000) 03/15 15:16:05 Image size of job updated: 442208
	355  -  MemoryUsage of job (MB)
	363208  -  ResidentSetSize of job (KB)
...
006 (4046522.290.000) 03/15 15:21:06 Image size of job updated: 450984
	441  -  MemoryUsage of job (MB)
	450720  -  ResidentSetSize of job (KB)
...
006 (4046522.290.000) 03/15 15:26:07 Image size of job updated: 450984
	441  -  MemoryUsage of job (MB)
	450740  -  ResidentSetSize of job (KB)
...
006 (4046522.290.000) 03/15 15:31:07 Image size of job updated: 450984
	441  -  MemoryUsage of job (MB)
	450748  -  ResidentSetSize of job (KB)
...
006 (4046522.290.000) 03/15 15:36:07 Image size of job updated: 450984
	441  -  MemoryUsage of job (MB)
	450752  -  ResidentSetSize of job (KB)
...
005 (4046522.290.000) 03/15 15:43:18 Job terminated.
	(1) Normal termination (return value 0)
		Usr 0 00:23:20, Sys 0 00:02:19  -  Run Remote Usage
		Usr 0 00:00:00, Sys 0 00:00:00  -  Run Local Usage
		Usr 0 00:23:20, Sys 0 00:02:19  -  Total Remote Usage
		Usr 0 00:00:00, Sys 0 00:00:00  -  Total Local Usage
	0  -  Run Bytes Sent By Job
	0  -  Run Bytes Received By Job
	0  -  Total Bytes Sent By Job
	0  -  Total Bytes Received By Job
	Partitionable Resources :    Usage  Request Allocated
	   Cpus                 :                 1         1
	   Disk (KB)            :        1        1  20458262
	   Memory (MB)          :      441        1      4022
...
