000 (4031466.448.000) 03/13 00:00:44 Job submitted from host: <192.168.1.109:9618?addrs=192.168.1.109-9618+[--1]-9618&noUDP&sock=3153_969b_4>
...
001 (4031466.448.000) 03/13 00:01:28 Job executing on host: <192.168.1.64:9618?addrs=192.168.1.64-9618+[--1]-9618&noUDP&sock=3497_7c66_22>
...
006 (4031466.448.000) 03/13 00:01:37 Image size of job updated: 152572
	147  -  MemoryUsage of job (MB)
	150196  -  ResidentSetSize of job (KB)
...
006 (4031466.448.000) 03/13 00:06:38 Image size of job updated: 427472
	418  -  MemoryUsage of job (MB)
	427472  -  ResidentSetSize of job (KB)
...
005 (4031466.448.000) 03/13 00:51:42 Job terminated.
	(1) Normal termination (return value 0)
		Usr 0 00:42:39, Sys 0 00:03:27  -  Run Remote Usage
		Usr 0 00:00:00, Sys 0 00:00:00  -  Run Local Usage
		Usr 0 00:42:39, Sys 0 00:03:27  -  Total Remote Usage
		Usr 0 00:00:00, Sys 0 00:00:00  -  Total Local Usage
	0  -  Run Bytes Sent By Job
	0  -  Run Bytes Received By Job
	0  -  Total Bytes Sent By Job
	0  -  Total Bytes Received By Job
	Partitionable Resources :    Usage  Request Allocated
	   Cpus                 :                 1         1
	   Disk (KB)            :        1        1  22685211
	   Memory (MB)          :      418        1      4015
...
000 (4044172.448.000) 03/13 19:21:22 Job submitted from host: <192.168.1.109:9618?addrs=192.168.1.109-9618+[--1]-9618&noUDP&sock=3153_969b_4>
...
001 (4044172.448.000) 03/13 19:22:02 Job executing on host: <192.168.1.47:9618?addrs=192.168.1.47-9618+[--1]-9618&noUDP&sock=3245_a288_3>
...
006 (4044172.448.000) 03/13 19:22:10 Image size of job updated: 152072
	145  -  MemoryUsage of job (MB)
	147500  -  ResidentSetSize of job (KB)
...
006 (4044172.448.000) 03/13 19:27:10 Image size of job updated: 425580
	416  -  MemoryUsage of job (MB)
	425504  -  ResidentSetSize of job (KB)
...
005 (4044172.448.000) 03/13 20:02:23 Job terminated.
	(1) Normal termination (return value 0)
		Usr 0 00:18:49, Sys 0 00:01:48  -  Run Remote Usage
		Usr 0 00:00:00, Sys 0 00:00:00  -  Run Local Usage
		Usr 0 00:18:49, Sys 0 00:01:48  -  Total Remote Usage
		Usr 0 00:00:00, Sys 0 00:00:00  -  Total Local Usage
	0  -  Run Bytes Sent By Job
	0  -  Run Bytes Received By Job
	0  -  Total Bytes Sent By Job
	0  -  Total Bytes Received By Job
	Partitionable Resources :    Usage  Request Allocated
	   Cpus                 :                 1         1
	   Disk (KB)            :        1        1  28493856
	   Memory (MB)          :      416        1      4020
...
000 (4046522.448.000) 03/15 14:02:20 Job submitted from host: <192.168.1.109:9618?addrs=192.168.1.109-9618+[--1]-9618&noUDP&sock=3153_969b_4>
...
001 (4046522.448.000) 03/15 15:29:50 Job executing on host: <192.168.1.40:9618?addrs=192.168.1.40-9618+[--1]-9618&noUDP&sock=3366_a17e_3>
...
006 (4046522.448.000) 03/15 15:29:59 Image size of job updated: 243304
	161  -  MemoryUsage of job (MB)
	164248  -  ResidentSetSize of job (KB)
...
006 (4046522.448.000) 03/15 15:34:59 Image size of job updated: 326356
	319  -  MemoryUsage of job (MB)
	326356  -  ResidentSetSize of job (KB)
...
006 (4046522.448.000) 03/15 15:39:59 Image size of job updated: 326512
	319  -  MemoryUsage of job (MB)
	326444  -  ResidentSetSize of job (KB)
...
006 (4046522.448.000) 03/15 15:45:00 Image size of job updated: 326972
	320  -  MemoryUsage of job (MB)
	326908  -  ResidentSetSize of job (KB)
...
006 (4046522.448.000) 03/15 15:50:01 Image size of job updated: 326984
	320  -  MemoryUsage of job (MB)
	326920  -  ResidentSetSize of job (KB)
...
006 (4046522.448.000) 03/15 15:52:38 Image size of job updated: 327584
	320  -  MemoryUsage of job (MB)
	326920  -  ResidentSetSize of job (KB)
...
005 (4046522.448.000) 03/15 15:52:38 Job terminated.
	(1) Normal termination (return value 0)
		Usr 0 00:17:48, Sys 0 00:01:46  -  Run Remote Usage
		Usr 0 00:00:00, Sys 0 00:00:00  -  Run Local Usage
		Usr 0 00:17:48, Sys 0 00:01:46  -  Total Remote Usage
		Usr 0 00:00:00, Sys 0 00:00:00  -  Total Local Usage
	0  -  Run Bytes Sent By Job
	0  -  Run Bytes Received By Job
	0  -  Total Bytes Sent By Job
	0  -  Total Bytes Received By Job
	Partitionable Resources :    Usage  Request Allocated
	   Cpus                 :                 1         1
	   Disk (KB)            :        1        1  20457847
	   Memory (MB)          :      320        1      4022
...
