000 (4031466.323.000) 03/13 00:00:42 Job submitted from host: <192.168.1.109:9618?addrs=192.168.1.109-9618+[--1]-9618&noUDP&sock=3153_969b_4>
...
001 (4031466.323.000) 03/13 00:01:24 Job executing on host: <192.168.1.51:9618?addrs=192.168.1.51-9618+[--1]-9618&noUDP&sock=3125_b25b_3>
...
006 (4031466.323.000) 03/13 00:01:32 Image size of job updated: 38072
	37  -  MemoryUsage of job (MB)
	37332  -  ResidentSetSize of job (KB)
...
006 (4031466.323.000) 03/13 00:06:32 Image size of job updated: 345192
	338  -  MemoryUsage of job (MB)
	345192  -  ResidentSetSize of job (KB)
...
006 (4031466.323.000) 03/13 00:11:33 Image size of job updated: 430960
	421  -  MemoryUsage of job (MB)
	430960  -  ResidentSetSize of job (KB)
...
006 (4031466.323.000) 03/13 00:16:33 Image size of job updated: 431700
	422  -  MemoryUsage of job (MB)
	431700  -  ResidentSetSize of job (KB)
...
006 (4031466.323.000) 03/13 00:21:33 Image size of job updated: 431708
	422  -  MemoryUsage of job (MB)
	431708  -  ResidentSetSize of job (KB)
...
006 (4031466.323.000) 03/13 00:31:35 Image size of job updated: 432220
	423  -  MemoryUsage of job (MB)
	432220  -  ResidentSetSize of job (KB)
...
006 (4031466.323.000) 03/13 00:36:35 Image size of job updated: 432252
	423  -  MemoryUsage of job (MB)
	432252  -  ResidentSetSize of job (KB)
...
006 (4031466.323.000) 03/13 00:45:21 Image size of job updated: 432260
	423  -  MemoryUsage of job (MB)
	432252  -  ResidentSetSize of job (KB)
...
005 (4031466.323.000) 03/13 00:45:21 Job terminated.
	(1) Normal termination (return value 0)
		Usr 0 00:14:57, Sys 0 00:01:23  -  Run Remote Usage
		Usr 0 00:00:00, Sys 0 00:00:00  -  Run Local Usage
		Usr 0 00:14:57, Sys 0 00:01:23  -  Total Remote Usage
		Usr 0 00:00:00, Sys 0 00:00:00  -  Total Local Usage
	0  -  Run Bytes Sent By Job
	0  -  Run Bytes Received By Job
	0  -  Total Bytes Sent By Job
	0  -  Total Bytes Received By Job
	Partitionable Resources :    Usage  Request Allocated
	   Cpus                 :                 1         1
	   Disk (KB)            :        1        1  28494197
	   Memory (MB)          :      423        1      4020
...
000 (4044172.323.000) 03/13 19:21:21 Job submitted from host: <192.168.1.109:9618?addrs=192.168.1.109-9618+[--1]-9618&noUDP&sock=3153_969b_4>
...
001 (4044172.323.000) 03/13 19:22:01 Job executing on host: <192.168.1.51:9618?addrs=192.168.1.51-9618+[--1]-9618&noUDP&sock=3125_b25b_3>
...
006 (4044172.323.000) 03/13 19:22:10 Image size of job updated: 113508
	109  -  MemoryUsage of job (MB)
	111056  -  ResidentSetSize of job (KB)
...
006 (4044172.323.000) 03/13 19:27:11 Image size of job updated: 353384
	346  -  MemoryUsage of job (MB)
	353384  -  ResidentSetSize of job (KB)
...
006 (4044172.323.000) 03/13 19:32:12 Image size of job updated: 434176
	424  -  MemoryUsage of job (MB)
	434176  -  ResidentSetSize of job (KB)
...
005 (4044172.323.000) 03/13 20:04:02 Job terminated.
	(1) Normal termination (return value 0)
		Usr 0 00:15:18, Sys 0 00:01:36  -  Run Remote Usage
		Usr 0 00:00:00, Sys 0 00:00:00  -  Run Local Usage
		Usr 0 00:15:18, Sys 0 00:01:36  -  Total Remote Usage
		Usr 0 00:00:00, Sys 0 00:00:00  -  Total Local Usage
	0  -  Run Bytes Sent By Job
	0  -  Run Bytes Received By Job
	0  -  Total Bytes Sent By Job
	0  -  Total Bytes Received By Job
	Partitionable Resources :    Usage  Request Allocated
	   Cpus                 :                 1         1
	   Disk (KB)            :        1        1  28494197
	   Memory (MB)          :      424        1      4020
...
000 (4046522.323.000) 03/15 14:02:19 Job submitted from host: <192.168.1.109:9618?addrs=192.168.1.109-9618+[--1]-9618&noUDP&sock=3153_969b_4>
...
001 (4046522.323.000) 03/15 15:18:39 Job executing on host: <192.168.1.50:9618?addrs=192.168.1.50-9618+[--1]-9618&noUDP&sock=3247_5221_3>
...
006 (4046522.323.000) 03/15 15:18:47 Image size of job updated: 430444
	344  -  MemoryUsage of job (MB)
	351416  -  ResidentSetSize of job (KB)
...
006 (4046522.323.000) 03/15 15:23:47 Image size of job updated: 437012
	427  -  MemoryUsage of job (MB)
	436824  -  ResidentSetSize of job (KB)
...
006 (4046522.323.000) 03/15 15:28:48 Image size of job updated: 437236
	427  -  MemoryUsage of job (MB)
	436828  -  ResidentSetSize of job (KB)
...
006 (4046522.323.000) 03/15 15:33:48 Image size of job updated: 437364
	427  -  MemoryUsage of job (MB)
	437184  -  ResidentSetSize of job (KB)
...
006 (4046522.323.000) 03/15 15:38:48 Image size of job updated: 437364
	427  -  MemoryUsage of job (MB)
	437212  -  ResidentSetSize of job (KB)
...
006 (4046522.323.000) 03/15 15:43:50 Image size of job updated: 451520
	441  -  MemoryUsage of job (MB)
	451368  -  ResidentSetSize of job (KB)
...
005 (4046522.323.000) 03/15 15:43:51 Job terminated.
	(1) Normal termination (return value 0)
		Usr 0 00:21:42, Sys 0 00:02:01  -  Run Remote Usage
		Usr 0 00:00:00, Sys 0 00:00:00  -  Run Local Usage
		Usr 0 00:21:42, Sys 0 00:02:01  -  Total Remote Usage
		Usr 0 00:00:00, Sys 0 00:00:00  -  Total Local Usage
	0  -  Run Bytes Sent By Job
	0  -  Run Bytes Received By Job
	0  -  Total Bytes Sent By Job
	0  -  Total Bytes Received By Job
	Partitionable Resources :    Usage  Request Allocated
	   Cpus                 :                 1         1
	   Disk (KB)            :        1        1  28493273
	   Memory (MB)          :      441        1      4020
...
