000 (4031466.230.000) 03/13 00:00:41 Job submitted from host: <192.168.1.109:9618?addrs=192.168.1.109-9618+[--1]-9618&noUDP&sock=3153_969b_4>
...
001 (4031466.230.000) 03/13 00:01:20 Job executing on host: <192.168.1.39:9618?addrs=192.168.1.39-9618+[--1]-9618&noUDP&sock=3239_16fe_3>
...
006 (4031466.230.000) 03/13 00:01:28 Image size of job updated: 172040
	144  -  MemoryUsage of job (MB)
	147268  -  ResidentSetSize of job (KB)
...
006 (4031466.230.000) 03/13 00:06:28 Image size of job updated: 438412
	429  -  MemoryUsage of job (MB)
	438412  -  ResidentSetSize of job (KB)
...
006 (4031466.230.000) 03/13 00:16:30 Image size of job updated: 438568
	429  -  MemoryUsage of job (MB)
	438568  -  ResidentSetSize of job (KB)
...
006 (4031466.230.000) 03/13 00:21:30 Image size of job updated: 438596
	429  -  MemoryUsage of job (MB)
	438596  -  ResidentSetSize of job (KB)
...
006 (4031466.230.000) 03/13 00:31:32 Image size of job updated: 438672
	429  -  MemoryUsage of job (MB)
	438672  -  ResidentSetSize of job (KB)
...
006 (4031466.230.000) 03/13 00:36:32 Image size of job updated: 438784
	429  -  MemoryUsage of job (MB)
	438784  -  ResidentSetSize of job (KB)
...
006 (4031466.230.000) 03/13 00:41:32 Image size of job updated: 438812
	429  -  MemoryUsage of job (MB)
	438812  -  ResidentSetSize of job (KB)
...
006 (4031466.230.000) 03/13 00:46:33 Image size of job updated: 474700
	464  -  MemoryUsage of job (MB)
	474700  -  ResidentSetSize of job (KB)
...
006 (4031466.230.000) 03/13 00:51:36 Image size of job updated: 795704
	464  -  MemoryUsage of job (MB)
	474700  -  ResidentSetSize of job (KB)
...
005 (4031466.230.000) 03/13 00:51:36 Job terminated.
	(1) Normal termination (return value 0)
		Usr 0 00:15:22, Sys 0 00:01:31  -  Run Remote Usage
		Usr 0 00:00:00, Sys 0 00:00:00  -  Run Local Usage
		Usr 0 00:15:22, Sys 0 00:01:31  -  Total Remote Usage
		Usr 0 00:00:00, Sys 0 00:00:00  -  Total Local Usage
	0  -  Run Bytes Sent By Job
	0  -  Run Bytes Received By Job
	0  -  Total Bytes Sent By Job
	0  -  Total Bytes Received By Job
	Partitionable Resources :    Usage  Request Allocated
	   Cpus                 :                 1         1
	   Disk (KB)            :        1        1  20460460
	   Memory (MB)          :      464        1      4022
...
000 (4044172.230.000) 03/13 19:21:20 Job submitted from host: <192.168.1.109:9618?addrs=192.168.1.109-9618+[--1]-9618&noUDP&sock=3153_969b_4>
...
001 (4044172.230.000) 03/13 19:21:54 Job executing on host: <192.168.1.57:9618?addrs=192.168.1.57-9618+[--1]-9618&noUDP&sock=3323_d284_32>
...
006 (4044172.230.000) 03/13 19:22:03 Image size of job updated: 176328
	144  -  MemoryUsage of job (MB)
	147368  -  ResidentSetSize of job (KB)
...
006 (4044172.230.000) 03/13 19:27:04 Image size of job updated: 466300
	427  -  MemoryUsage of job (MB)
	436612  -  ResidentSetSize of job (KB)
...
006 (4044172.230.000) 03/13 19:47:07 Image size of job updated: 466300
	427  -  MemoryUsage of job (MB)
	436724  -  ResidentSetSize of job (KB)
...
006 (4044172.230.000) 03/13 19:57:07 Image size of job updated: 466300
	435  -  MemoryUsage of job (MB)
	444776  -  ResidentSetSize of job (KB)
...
005 (4044172.230.000) 03/13 20:01:08 Job terminated.
	(1) Normal termination (return value 0)
		Usr 0 00:32:54, Sys 0 00:03:10  -  Run Remote Usage
		Usr 0 00:00:00, Sys 0 00:00:00  -  Run Local Usage
		Usr 0 00:32:54, Sys 0 00:03:10  -  Total Remote Usage
		Usr 0 00:00:00, Sys 0 00:00:00  -  Total Local Usage
	0  -  Run Bytes Sent By Job
	0  -  Run Bytes Received By Job
	0  -  Total Bytes Sent By Job
	0  -  Total Bytes Received By Job
	Partitionable Resources :    Usage  Request Allocated
	   Cpus                 :                 1         1
	   Disk (KB)            :        1        1  22661171
	   Memory (MB)          :      435        1      4001
...
000 (4046522.230.000) 03/15 14:02:17 Job submitted from host: <192.168.1.109:9618?addrs=192.168.1.109-9618+[--1]-9618&noUDP&sock=3153_969b_4>
...
001 (4046522.230.000) 03/15 15:10:22 Job executing on host: <192.168.1.40:9618?addrs=192.168.1.40-9618+[--1]-9618&noUDP&sock=3366_a17e_3>
...
006 (4046522.230.000) 03/15 15:10:30 Image size of job updated: 243240
	161  -  MemoryUsage of job (MB)
	164292  -  ResidentSetSize of job (KB)
...
006 (4046522.230.000) 03/15 15:15:30 Image size of job updated: 328568
	321  -  MemoryUsage of job (MB)
	328272  -  ResidentSetSize of job (KB)
...
006 (4046522.230.000) 03/15 15:20:30 Image size of job updated: 328868
	321  -  MemoryUsage of job (MB)
	328316  -  ResidentSetSize of job (KB)
...
006 (4046522.230.000) 03/15 15:25:31 Image size of job updated: 329532
	322  -  MemoryUsage of job (MB)
	329232  -  ResidentSetSize of job (KB)
...
006 (4046522.230.000) 03/15 15:30:31 Image size of job updated: 329616
	322  -  MemoryUsage of job (MB)
	329272  -  ResidentSetSize of job (KB)
...
005 (4046522.230.000) 03/15 15:34:22 Job terminated.
	(1) Normal termination (return value 0)
		Usr 0 00:21:22, Sys 0 00:02:06  -  Run Remote Usage
		Usr 0 00:00:00, Sys 0 00:00:00  -  Run Local Usage
		Usr 0 00:21:22, Sys 0 00:02:06  -  Total Remote Usage
		Usr 0 00:00:00, Sys 0 00:00:00  -  Total Local Usage
	0  -  Run Bytes Sent By Job
	0  -  Run Bytes Received By Job
	0  -  Total Bytes Sent By Job
	0  -  Total Bytes Received By Job
	Partitionable Resources :    Usage  Request Allocated
	   Cpus                 :                 1         1
	   Disk (KB)            :        1        1  20457847
	   Memory (MB)          :      322        1      4022
...
