000 (4031461.173.000) 03/12 18:25:47 Job submitted from host: <192.168.1.109:9618?addrs=192.168.1.109-9618+[--1]-9618&noUDP&sock=3153_969b_4>
...
001 (4031461.173.000) 03/12 18:26:04 Job executing on host: <192.168.1.47:9618?addrs=192.168.1.47-9618+[--1]-9618&noUDP&sock=3245_a288_3>
...
006 (4031461.173.000) 03/12 18:26:13 Image size of job updated: 320580
	294  -  MemoryUsage of job (MB)
	300560  -  ResidentSetSize of job (KB)
...
006 (4031461.173.000) 03/12 18:31:14 Image size of job updated: 476452
	446  -  MemoryUsage of job (MB)
	456288  -  ResidentSetSize of job (KB)
...
006 (4031461.173.000) 03/12 18:36:15 Image size of job updated: 476456
	446  -  MemoryUsage of job (MB)
	456292  -  ResidentSetSize of job (KB)
...
005 (4031461.173.000) 03/12 18:39:01 Job terminated.
	(1) Normal termination (return value 0)
		Usr 0 00:11:12, Sys 0 00:01:08  -  Run Remote Usage
		Usr 0 00:00:00, Sys 0 00:00:00  -  Run Local Usage
		Usr 0 00:11:12, Sys 0 00:01:08  -  Total Remote Usage
		Usr 0 00:00:00, Sys 0 00:00:00  -  Total Local Usage
	0  -  Run Bytes Sent By Job
	0  -  Run Bytes Received By Job
	0  -  Total Bytes Sent By Job
	0  -  Total Bytes Received By Job
	Partitionable Resources :    Usage  Request Allocated
	   Cpus                 :                 1         1
	   Disk (KB)            :        1        1  28493856
	   Memory (MB)          :      446        1      4020
...
000 (4031462.173.000) 03/12 20:10:17 Job submitted from host: <192.168.1.109:9618?addrs=192.168.1.109-9618+[--1]-9618&noUDP&sock=3153_969b_4>
...
001 (4031462.173.000) 03/12 20:10:46 Job executing on host: <192.168.1.64:9618?addrs=192.168.1.64-9618+[--1]-9618&noUDP&sock=3497_7c66_22>
...
006 (4031462.173.000) 03/12 20:10:54 Image size of job updated: 386640
	326  -  MemoryUsage of job (MB)
	333620  -  ResidentSetSize of job (KB)
...
006 (4031462.173.000) 03/12 20:15:54 Image size of job updated: 528584
	464  -  MemoryUsage of job (MB)
	474328  -  ResidentSetSize of job (KB)
...
006 (4031462.173.000) 03/12 20:20:55 Image size of job updated: 530384
	465  -  MemoryUsage of job (MB)
	476128  -  ResidentSetSize of job (KB)
...
006 (4031462.173.000) 03/12 20:45:17 Image size of job updated: 552616
	465  -  MemoryUsage of job (MB)
	476128  -  ResidentSetSize of job (KB)
...
005 (4031462.173.000) 03/12 20:45:17 Job terminated.
	(1) Normal termination (return value 0)
		Usr 0 00:31:16, Sys 0 00:02:48  -  Run Remote Usage
		Usr 0 00:00:00, Sys 0 00:00:00  -  Run Local Usage
		Usr 0 00:31:16, Sys 0 00:02:48  -  Total Remote Usage
		Usr 0 00:00:00, Sys 0 00:00:00  -  Total Local Usage
	0  -  Run Bytes Sent By Job
	0  -  Run Bytes Received By Job
	0  -  Total Bytes Sent By Job
	0  -  Total Bytes Received By Job
	Partitionable Resources :    Usage  Request Allocated
	   Cpus                 :                 1         1
	   Disk (KB)            :        1        1  22685211
	   Memory (MB)          :      465        1      4015
...
000 (4031466.173.000) 03/13 00:00:41 Job submitted from host: <192.168.1.109:9618?addrs=192.168.1.109-9618+[--1]-9618&noUDP&sock=3153_969b_4>
...
001 (4031466.173.000) 03/13 00:01:15 Job executing on host: <192.168.1.58:9618?addrs=192.168.1.58-9618+[--1]-9618&noUDP&sock=3319_c3bb_12>
...
006 (4031466.173.000) 03/13 00:01:24 Image size of job updated: 97900
	86  -  MemoryUsage of job (MB)
	87692  -  ResidentSetSize of job (KB)
...
006 (4031466.173.000) 03/13 00:06:25 Image size of job updated: 422112
	413  -  MemoryUsage of job (MB)
	421912  -  ResidentSetSize of job (KB)
...
006 (4031466.173.000) 03/13 00:11:25 Image size of job updated: 422360
	413  -  MemoryUsage of job (MB)
	422156  -  ResidentSetSize of job (KB)
...
006 (4031466.173.000) 03/13 00:16:26 Image size of job updated: 445672
	435  -  MemoryUsage of job (MB)
	445188  -  ResidentSetSize of job (KB)
...
006 (4031466.173.000) 03/13 00:21:26 Image size of job updated: 460636
	450  -  MemoryUsage of job (MB)
	460152  -  ResidentSetSize of job (KB)
...
005 (4031466.173.000) 03/13 00:32:27 Job terminated.
	(1) Normal termination (return value 0)
		Usr 0 00:25:46, Sys 0 00:02:30  -  Run Remote Usage
		Usr 0 00:00:00, Sys 0 00:00:00  -  Run Local Usage
		Usr 0 00:25:46, Sys 0 00:02:30  -  Total Remote Usage
		Usr 0 00:00:00, Sys 0 00:00:00  -  Total Local Usage
	0  -  Run Bytes Sent By Job
	0  -  Run Bytes Received By Job
	0  -  Total Bytes Sent By Job
	0  -  Total Bytes Received By Job
	Partitionable Resources :    Usage  Request Allocated
	   Cpus                 :                 1         1
	   Disk (KB)            :        1        1  22659269
	   Memory (MB)          :      450        1      4001
...
000 (4044172.173.000) 03/13 19:21:19 Job submitted from host: <192.168.1.109:9618?addrs=192.168.1.109-9618+[--1]-9618&noUDP&sock=3153_969b_4>
...
001 (4044172.173.000) 03/13 19:21:50 Job executing on host: <192.168.1.50:9618?addrs=192.168.1.50-9618+[--1]-9618&noUDP&sock=3247_5221_3>
...
006 (4044172.173.000) 03/13 19:21:59 Image size of job updated: 160372
	153  -  MemoryUsage of job (MB)
	156412  -  ResidentSetSize of job (KB)
...
006 (4044172.173.000) 03/13 19:27:00 Image size of job updated: 423480
	414  -  MemoryUsage of job (MB)
	423480  -  ResidentSetSize of job (KB)
...
006 (4044172.173.000) 03/13 19:37:01 Image size of job updated: 423488
	414  -  MemoryUsage of job (MB)
	423488  -  ResidentSetSize of job (KB)
...
006 (4044172.173.000) 03/13 19:42:02 Image size of job updated: 423560
	414  -  MemoryUsage of job (MB)
	423496  -  ResidentSetSize of job (KB)
...
006 (4044172.173.000) 03/13 19:47:02 Image size of job updated: 423588
	414  -  MemoryUsage of job (MB)
	423524  -  ResidentSetSize of job (KB)
...
006 (4044172.173.000) 03/13 19:52:02 Image size of job updated: 423592
	414  -  MemoryUsage of job (MB)
	423528  -  ResidentSetSize of job (KB)
...
005 (4044172.173.000) 03/13 19:59:00 Job terminated.
	(1) Normal termination (return value 0)
		Usr 0 00:19:02, Sys 0 00:01:49  -  Run Remote Usage
		Usr 0 00:00:00, Sys 0 00:00:00  -  Run Local Usage
		Usr 0 00:19:02, Sys 0 00:01:49  -  Total Remote Usage
		Usr 0 00:00:00, Sys 0 00:00:00  -  Total Local Usage
	0  -  Run Bytes Sent By Job
	0  -  Run Bytes Received By Job
	0  -  Total Bytes Sent By Job
	0  -  Total Bytes Received By Job
	Partitionable Resources :    Usage  Request Allocated
	   Cpus                 :                 1         1
	   Disk (KB)            :        1        1  28493273
	   Memory (MB)          :      414        1      4020
...
000 (4046522.173.000) 03/15 14:02:16 Job submitted from host: <192.168.1.109:9618?addrs=192.168.1.109-9618+[--1]-9618&noUDP&sock=3153_969b_4>
...
001 (4046522.173.000) 03/15 15:02:41 Job executing on host: <192.168.1.42:9618?addrs=192.168.1.42-9618+[--1]-9618&noUDP&sock=3360_3385_3>
...
006 (4046522.173.000) 03/15 15:02:50 Image size of job updated: 424164
	338  -  MemoryUsage of job (MB)
	345100  -  ResidentSetSize of job (KB)
...
006 (4046522.173.000) 03/15 15:07:50 Image size of job updated: 426992
	417  -  MemoryUsage of job (MB)
	426764  -  ResidentSetSize of job (KB)
...
006 (4046522.173.000) 03/15 15:12:50 Image size of job updated: 427248
	417  -  MemoryUsage of job (MB)
	426848  -  ResidentSetSize of job (KB)
...
005 (4046522.173.000) 03/15 15:21:19 Job terminated.
	(1) Normal termination (return value 0)
		Usr 0 00:16:23, Sys 0 00:01:50  -  Run Remote Usage
		Usr 0 00:00:00, Sys 0 00:00:00  -  Run Local Usage
		Usr 0 00:16:23, Sys 0 00:01:50  -  Total Remote Usage
		Usr 0 00:00:00, Sys 0 00:00:00  -  Total Local Usage
	0  -  Run Bytes Sent By Job
	0  -  Run Bytes Received By Job
	0  -  Total Bytes Sent By Job
	0  -  Total Bytes Received By Job
	Partitionable Resources :    Usage  Request Allocated
	   Cpus                 :                 1         1
	   Disk (KB)            :        1        1  20458262
	   Memory (MB)          :      417        1      4022
...
