000 (4031466.508.000) 03/13 00:00:44 Job submitted from host: <192.168.1.109:9618?addrs=192.168.1.109-9618+[--1]-9618&noUDP&sock=3153_969b_4>
...
001 (4031466.508.000) 03/13 00:01:29 Job executing on host: <192.168.1.49:9618?addrs=192.168.1.49-9618+[--1]-9618&noUDP&sock=3240_e427_3>
...
006 (4031466.508.000) 03/13 00:01:38 Image size of job updated: 151552
	145  -  MemoryUsage of job (MB)
	147876  -  ResidentSetSize of job (KB)
...
006 (4031466.508.000) 03/13 00:06:38 Image size of job updated: 348304
	341  -  MemoryUsage of job (MB)
	348304  -  ResidentSetSize of job (KB)
...
006 (4031466.508.000) 03/13 00:11:39 Image size of job updated: 426436
	417  -  MemoryUsage of job (MB)
	426436  -  ResidentSetSize of job (KB)
...
006 (4031466.508.000) 03/13 00:16:40 Image size of job updated: 426820
	417  -  MemoryUsage of job (MB)
	426820  -  ResidentSetSize of job (KB)
...
006 (4031466.508.000) 03/13 00:21:40 Image size of job updated: 426824
	417  -  MemoryUsage of job (MB)
	426824  -  ResidentSetSize of job (KB)
...
006 (4031466.508.000) 03/13 00:26:40 Image size of job updated: 426836
	417  -  MemoryUsage of job (MB)
	426836  -  ResidentSetSize of job (KB)
...
006 (4031466.508.000) 03/13 00:31:41 Image size of job updated: 426852
	417  -  MemoryUsage of job (MB)
	426852  -  ResidentSetSize of job (KB)
...
006 (4031466.508.000) 03/13 00:36:41 Image size of job updated: 426856
	417  -  MemoryUsage of job (MB)
	426856  -  ResidentSetSize of job (KB)
...
006 (4031466.508.000) 03/13 00:41:41 Image size of job updated: 426868
	417  -  MemoryUsage of job (MB)
	426868  -  ResidentSetSize of job (KB)
...
006 (4031466.508.000) 03/13 00:45:32 Image size of job updated: 447528
	417  -  MemoryUsage of job (MB)
	426868  -  ResidentSetSize of job (KB)
...
005 (4031466.508.000) 03/13 00:45:32 Job terminated.
	(1) Normal termination (return value 0)
		Usr 0 00:15:46, Sys 0 00:01:31  -  Run Remote Usage
		Usr 0 00:00:00, Sys 0 00:00:00  -  Run Local Usage
		Usr 0 00:15:46, Sys 0 00:01:31  -  Total Remote Usage
		Usr 0 00:00:00, Sys 0 00:00:00  -  Total Local Usage
	0  -  Run Bytes Sent By Job
	0  -  Run Bytes Received By Job
	0  -  Total Bytes Sent By Job
	0  -  Total Bytes Received By Job
	Partitionable Resources :    Usage  Request Allocated
	   Cpus                 :                 1         1
	   Disk (KB)            :        1        1  28491601
	   Memory (MB)          :      417        1      4020
...
000 (4044172.508.000) 03/13 19:21:23 Job submitted from host: <192.168.1.109:9618?addrs=192.168.1.109-9618+[--1]-9618&noUDP&sock=3153_969b_4>
...
001 (4044172.508.000) 03/13 19:22:04 Job executing on host: <192.168.1.47:9618?addrs=192.168.1.47-9618+[--1]-9618&noUDP&sock=3245_a288_3>
...
006 (4044172.508.000) 03/13 19:22:12 Image size of job updated: 93864
	89  -  MemoryUsage of job (MB)
	90760  -  ResidentSetSize of job (KB)
...
006 (4044172.508.000) 03/13 19:27:12 Image size of job updated: 340028
	333  -  MemoryUsage of job (MB)
	340028  -  ResidentSetSize of job (KB)
...
006 (4044172.508.000) 03/13 19:32:13 Image size of job updated: 425320
	416  -  MemoryUsage of job (MB)
	425320  -  ResidentSetSize of job (KB)
...
006 (4044172.508.000) 03/13 19:37:14 Image size of job updated: 426000
	417  -  MemoryUsage of job (MB)
	426000  -  ResidentSetSize of job (KB)
...
006 (4044172.508.000) 03/13 19:42:14 Image size of job updated: 426016
	417  -  MemoryUsage of job (MB)
	426016  -  ResidentSetSize of job (KB)
...
006 (4044172.508.000) 03/13 19:47:14 Image size of job updated: 426024
	417  -  MemoryUsage of job (MB)
	426024  -  ResidentSetSize of job (KB)
...
006 (4044172.508.000) 03/13 19:57:15 Image size of job updated: 426028
	417  -  MemoryUsage of job (MB)
	426028  -  ResidentSetSize of job (KB)
...
006 (4044172.508.000) 03/13 20:02:15 Image size of job updated: 426040
	417  -  MemoryUsage of job (MB)
	426040  -  ResidentSetSize of job (KB)
...
005 (4044172.508.000) 03/13 20:03:52 Job terminated.
	(1) Normal termination (return value 0)
		Usr 0 00:19:08, Sys 0 00:01:49  -  Run Remote Usage
		Usr 0 00:00:00, Sys 0 00:00:00  -  Run Local Usage
		Usr 0 00:19:08, Sys 0 00:01:49  -  Total Remote Usage
		Usr 0 00:00:00, Sys 0 00:00:00  -  Total Local Usage
	0  -  Run Bytes Sent By Job
	0  -  Run Bytes Received By Job
	0  -  Total Bytes Sent By Job
	0  -  Total Bytes Received By Job
	Partitionable Resources :    Usage  Request Allocated
	   Cpus                 :                 1         1
	   Disk (KB)            :        1        1  28493856
	   Memory (MB)          :      417        1      4020
...
000 (4046522.508.000) 03/15 14:02:21 Job submitted from host: <192.168.1.109:9618?addrs=192.168.1.109-9618+[--1]-9618&noUDP&sock=3153_969b_4>
...
001 (4046522.508.000) 03/15 15:32:54 Job executing on host: <192.168.1.46:9618?addrs=192.168.1.46-9618+[--1]-9618&noUDP&sock=3272_2797_3>
...
006 (4046522.508.000) 03/15 15:33:02 Image size of job updated: 382136
	335  -  MemoryUsage of job (MB)
	342080  -  ResidentSetSize of job (KB)
...
006 (4046522.508.000) 03/15 15:38:02 Image size of job updated: 430468
	420  -  MemoryUsage of job (MB)
	429908  -  ResidentSetSize of job (KB)
...
006 (4046522.508.000) 03/15 15:43:03 Image size of job updated: 430504
	420  -  MemoryUsage of job (MB)
	429944  -  ResidentSetSize of job (KB)
...
006 (4046522.508.000) 03/15 15:48:04 Image size of job updated: 430524
	420  -  MemoryUsage of job (MB)
	429964  -  ResidentSetSize of job (KB)
...
005 (4046522.508.000) 03/15 15:51:52 Job terminated.
	(1) Normal termination (return value 0)
		Usr 0 00:14:44, Sys 0 00:01:44  -  Run Remote Usage
		Usr 0 00:00:00, Sys 0 00:00:00  -  Run Local Usage
		Usr 0 00:14:44, Sys 0 00:01:44  -  Total Remote Usage
		Usr 0 00:00:00, Sys 0 00:00:00  -  Total Local Usage
	0  -  Run Bytes Sent By Job
	0  -  Run Bytes Received By Job
	0  -  Total Bytes Sent By Job
	0  -  Total Bytes Received By Job
	Partitionable Resources :    Usage  Request Allocated
	   Cpus                 :                 1         1
	   Disk (KB)            :        1        1  20459164
	   Memory (MB)          :      420        1      4022
...
