000 (4031466.409.000) 03/13 00:00:44 Job submitted from host: <192.168.1.109:9618?addrs=192.168.1.109-9618+[--1]-9618&noUDP&sock=3153_969b_4>
...
001 (4031466.409.000) 03/13 00:01:26 Job executing on host: <192.168.1.50:9618?addrs=192.168.1.50-9618+[--1]-9618&noUDP&sock=3247_5221_3>
...
006 (4031466.409.000) 03/13 00:01:35 Image size of job updated: 113128
	109  -  MemoryUsage of job (MB)
	111040  -  ResidentSetSize of job (KB)
...
006 (4031466.409.000) 03/13 00:06:35 Image size of job updated: 364180
	356  -  MemoryUsage of job (MB)
	363668  -  ResidentSetSize of job (KB)
...
006 (4031466.409.000) 03/13 00:11:35 Image size of job updated: 421948
	412  -  MemoryUsage of job (MB)
	421436  -  ResidentSetSize of job (KB)
...
006 (4031466.409.000) 03/13 00:16:36 Image size of job updated: 422312
	412  -  MemoryUsage of job (MB)
	421800  -  ResidentSetSize of job (KB)
...
006 (4031466.409.000) 03/13 00:21:37 Image size of job updated: 422320
	412  -  MemoryUsage of job (MB)
	421808  -  ResidentSetSize of job (KB)
...
006 (4031466.409.000) 03/13 00:26:37 Image size of job updated: 422424
	413  -  MemoryUsage of job (MB)
	421912  -  ResidentSetSize of job (KB)
...
006 (4031466.409.000) 03/13 00:31:38 Image size of job updated: 422440
	413  -  MemoryUsage of job (MB)
	421928  -  ResidentSetSize of job (KB)
...
005 (4031466.409.000) 03/13 00:44:56 Job terminated.
	(1) Normal termination (return value 0)
		Usr 0 00:15:00, Sys 0 00:01:24  -  Run Remote Usage
		Usr 0 00:00:00, Sys 0 00:00:00  -  Run Local Usage
		Usr 0 00:15:00, Sys 0 00:01:24  -  Total Remote Usage
		Usr 0 00:00:00, Sys 0 00:00:00  -  Total Local Usage
	0  -  Run Bytes Sent By Job
	0  -  Run Bytes Received By Job
	0  -  Total Bytes Sent By Job
	0  -  Total Bytes Received By Job
	Partitionable Resources :    Usage  Request Allocated
	   Cpus                 :                 1         1
	   Disk (KB)            :        1        1  28493273
	   Memory (MB)          :      413        1      4020
...
000 (4044172.409.000) 03/13 19:21:22 Job submitted from host: <192.168.1.109:9618?addrs=192.168.1.109-9618+[--1]-9618&noUDP&sock=3153_969b_4>
...
001 (4044172.409.000) 03/13 19:22:01 Job executing on host: <192.168.1.42:9618?addrs=192.168.1.42-9618+[--1]-9618&noUDP&sock=3360_3385_3>
...
006 (4044172.409.000) 03/13 19:22:10 Image size of job updated: 72956
	70  -  MemoryUsage of job (MB)
	71108  -  ResidentSetSize of job (KB)
...
006 (4044172.409.000) 03/13 19:27:10 Image size of job updated: 336944
	327  -  MemoryUsage of job (MB)
	334648  -  ResidentSetSize of job (KB)
...
006 (4044172.409.000) 03/13 19:32:11 Image size of job updated: 424000
	412  -  MemoryUsage of job (MB)
	421704  -  ResidentSetSize of job (KB)
...
006 (4044172.409.000) 03/13 19:37:12 Image size of job updated: 425020
	413  -  MemoryUsage of job (MB)
	422724  -  ResidentSetSize of job (KB)
...
006 (4044172.409.000) 03/13 19:57:14 Image size of job updated: 425020
	413  -  MemoryUsage of job (MB)
	422728  -  ResidentSetSize of job (KB)
...
005 (4044172.409.000) 03/13 20:10:30 Job terminated.
	(1) Normal termination (return value 0)
		Usr 0 00:15:22, Sys 0 00:01:50  -  Run Remote Usage
		Usr 0 00:00:00, Sys 0 00:00:00  -  Run Local Usage
		Usr 0 00:15:22, Sys 0 00:01:50  -  Total Remote Usage
		Usr 0 00:00:00, Sys 0 00:00:00  -  Total Local Usage
	0  -  Run Bytes Sent By Job
	0  -  Run Bytes Received By Job
	0  -  Total Bytes Sent By Job
	0  -  Total Bytes Received By Job
	Partitionable Resources :    Usage  Request Allocated
	   Cpus                 :                 1         1
	   Disk (KB)            :        1        1  20458261
	   Memory (MB)          :      413        1      4022
...
000 (4046522.409.000) 03/15 14:02:20 Job submitted from host: <192.168.1.109:9618?addrs=192.168.1.109-9618+[--1]-9618&noUDP&sock=3153_969b_4>
...
001 (4046522.409.000) 03/15 15:27:17 Job executing on host: <192.168.1.45:9618?addrs=192.168.1.45-9618+[--1]-9618&noUDP&sock=3341_bd3f_3>
...
006 (4046522.409.000) 03/15 15:27:26 Image size of job updated: 415336
	329  -  MemoryUsage of job (MB)
	336336  -  ResidentSetSize of job (KB)
...
006 (4046522.409.000) 03/15 15:32:27 Image size of job updated: 419416
	410  -  MemoryUsage of job (MB)
	419360  -  ResidentSetSize of job (KB)
...
006 (4046522.409.000) 03/15 15:37:27 Image size of job updated: 419620
	410  -  MemoryUsage of job (MB)
	419376  -  ResidentSetSize of job (KB)
...
006 (4046522.409.000) 03/15 15:42:28 Image size of job updated: 419748
	410  -  MemoryUsage of job (MB)
	419504  -  ResidentSetSize of job (KB)
...
005 (4046522.409.000) 03/15 15:48:58 Job terminated.
	(1) Normal termination (return value 0)
		Usr 0 00:16:59, Sys 0 00:01:55  -  Run Remote Usage
		Usr 0 00:00:00, Sys 0 00:00:00  -  Run Local Usage
		Usr 0 00:16:59, Sys 0 00:01:55  -  Total Remote Usage
		Usr 0 00:00:00, Sys 0 00:00:00  -  Total Local Usage
	0  -  Run Bytes Sent By Job
	0  -  Run Bytes Received By Job
	0  -  Total Bytes Sent By Job
	0  -  Total Bytes Received By Job
	Partitionable Resources :    Usage  Request Allocated
	   Cpus                 :                 1         1
	   Disk (KB)            :        1        1  20460088
	   Memory (MB)          :      410        1      4022
...
