000 (4031466.489.000) 03/13 00:00:44 Job submitted from host: <192.168.1.109:9618?addrs=192.168.1.109-9618+[--1]-9618&noUDP&sock=3153_969b_4>
...
001 (4031466.489.000) 03/13 00:01:32 Job executing on host: <192.168.1.44:9618?addrs=192.168.1.44-9618+[--1]-9618&noUDP&sock=3035_ca7b_3>
...
006 (4031466.489.000) 03/13 00:01:40 Image size of job updated: 10736
	9  -  MemoryUsage of job (MB)
	8968  -  ResidentSetSize of job (KB)
...
006 (4031466.489.000) 03/13 00:06:40 Image size of job updated: 348528
	341  -  MemoryUsage of job (MB)
	348528  -  ResidentSetSize of job (KB)
...
006 (4031466.489.000) 03/13 00:11:41 Image size of job updated: 406504
	397  -  MemoryUsage of job (MB)
	406504  -  ResidentSetSize of job (KB)
...
006 (4031466.489.000) 03/13 00:16:41 Image size of job updated: 424576
	415  -  MemoryUsage of job (MB)
	424576  -  ResidentSetSize of job (KB)
...
006 (4031466.489.000) 03/13 00:21:41 Image size of job updated: 425192
	416  -  MemoryUsage of job (MB)
	425192  -  ResidentSetSize of job (KB)
...
006 (4031466.489.000) 03/13 00:31:43 Image size of job updated: 425200
	416  -  MemoryUsage of job (MB)
	425200  -  ResidentSetSize of job (KB)
...
006 (4031466.489.000) 03/13 00:36:43 Image size of job updated: 425236
	416  -  MemoryUsage of job (MB)
	425236  -  ResidentSetSize of job (KB)
...
006 (4031466.489.000) 03/13 00:41:43 Image size of job updated: 425240
	416  -  MemoryUsage of job (MB)
	425240  -  ResidentSetSize of job (KB)
...
006 (4031466.489.000) 03/13 00:51:44 Image size of job updated: 425248
	416  -  MemoryUsage of job (MB)
	425248  -  ResidentSetSize of job (KB)
...
005 (4031466.489.000) 03/13 00:53:04 Job terminated.
	(1) Normal termination (return value 0)
		Usr 0 00:14:14, Sys 0 00:01:26  -  Run Remote Usage
		Usr 0 00:00:00, Sys 0 00:00:00  -  Run Local Usage
		Usr 0 00:14:14, Sys 0 00:01:26  -  Total Remote Usage
		Usr 0 00:00:00, Sys 0 00:00:00  -  Total Local Usage
	0  -  Run Bytes Sent By Job
	0  -  Run Bytes Received By Job
	0  -  Total Bytes Sent By Job
	0  -  Total Bytes Received By Job
	Partitionable Resources :    Usage  Request Allocated
	   Cpus                 :                 1         1
	   Disk (KB)            :        1        1  20458817
	   Memory (MB)          :      416        1      4022
...
000 (4044172.489.000) 03/13 19:21:22 Job submitted from host: <192.168.1.109:9618?addrs=192.168.1.109-9618+[--1]-9618&noUDP&sock=3153_969b_4>
...
001 (4044172.489.000) 03/13 19:22:03 Job executing on host: <192.168.1.47:9618?addrs=192.168.1.47-9618+[--1]-9618&noUDP&sock=3245_a288_3>
...
006 (4044172.489.000) 03/13 19:22:12 Image size of job updated: 114028
	110  -  MemoryUsage of job (MB)
	112104  -  ResidentSetSize of job (KB)
...
006 (4044172.489.000) 03/13 19:27:13 Image size of job updated: 342396
	335  -  MemoryUsage of job (MB)
	342396  -  ResidentSetSize of job (KB)
...
006 (4044172.489.000) 03/13 19:32:14 Image size of job updated: 428008
	418  -  MemoryUsage of job (MB)
	428008  -  ResidentSetSize of job (KB)
...
005 (4044172.489.000) 03/13 20:02:34 Job terminated.
	(1) Normal termination (return value 0)
		Usr 0 00:18:35, Sys 0 00:01:48  -  Run Remote Usage
		Usr 0 00:00:00, Sys 0 00:00:00  -  Run Local Usage
		Usr 0 00:18:35, Sys 0 00:01:48  -  Total Remote Usage
		Usr 0 00:00:00, Sys 0 00:00:00  -  Total Local Usage
	0  -  Run Bytes Sent By Job
	0  -  Run Bytes Received By Job
	0  -  Total Bytes Sent By Job
	0  -  Total Bytes Received By Job
	Partitionable Resources :    Usage  Request Allocated
	   Cpus                 :                 1         1
	   Disk (KB)            :        1        1  28493856
	   Memory (MB)          :      418        1      4020
...
000 (4046522.489.000) 03/15 14:02:21 Job submitted from host: <192.168.1.109:9618?addrs=192.168.1.109-9618+[--1]-9618&noUDP&sock=3153_969b_4>
...
001 (4046522.489.000) 03/15 15:32:13 Job executing on host: <192.168.1.62:9618?addrs=192.168.1.62-9618+[--1]-9618&noUDP&sock=2992_c8ab_24>
...
006 (4046522.489.000) 03/15 15:32:21 Image size of job updated: 424844
	338  -  MemoryUsage of job (MB)
	345632  -  ResidentSetSize of job (KB)
...
006 (4046522.489.000) 03/15 15:37:21 Image size of job updated: 424844
	414  -  MemoryUsage of job (MB)
	423388  -  ResidentSetSize of job (KB)
...
006 (4046522.489.000) 03/15 15:42:21 Image size of job updated: 461836
	451  -  MemoryUsage of job (MB)
	461380  -  ResidentSetSize of job (KB)
...
006 (4046522.489.000) 03/15 15:52:22 Image size of job updated: 461848
	451  -  MemoryUsage of job (MB)
	461408  -  ResidentSetSize of job (KB)
...
005 (4046522.489.000) 03/15 16:05:37 Job terminated.
	(1) Normal termination (return value 0)
		Usr 0 00:29:42, Sys 0 00:03:03  -  Run Remote Usage
		Usr 0 00:00:00, Sys 0 00:00:00  -  Run Local Usage
		Usr 0 00:29:42, Sys 0 00:03:03  -  Total Remote Usage
		Usr 0 00:00:00, Sys 0 00:00:00  -  Total Local Usage
	0  -  Run Bytes Sent By Job
	0  -  Run Bytes Received By Job
	0  -  Total Bytes Sent By Job
	0  -  Total Bytes Received By Job
	Partitionable Resources :    Usage  Request Allocated
	   Cpus                 :                 1         1
	   Disk (KB)            :        1        1  22663505
	   Memory (MB)          :      451        1      4001
...
